C:\Users\admin\Desktop\OakTree_001\16FUSB_dio_hid_sample_application_win32-src-1.1_VS2012\16FUSB_HID_DioSampleAPP\Debug\My16FUSB_HID_DioSampleAPP.Form1.resources
䍞尺獕牥屳摡業屮敄歳潴屰慏呫敲彥〰就㘱商䉓摟潩桟摩獟浡汰彥灡汰捩瑡潩彮楷㍮ⴲ牳ⵣ⸱弱卖〲㈱ㅜ䘶单彂䥈彄楄卯浡汰䅥偐ㅜ䘶单彂䥈彄楄卯浡汰䅥偐瘮硣牰橯਍㩃啜敳獲慜浤湩䑜獥瑫灯作歡牔敥た㄰ㅜ䘶单彂楤彯楨彤慳灭敬慟灰楬慣楴湯睟湩㈳猭捲ㄭㄮ噟㉓㄰尲㘱商䉓䡟䑉䑟潩慓灭敬偁屐敄畢屧祍㘱商䉓䡟䑉䑟潩慓灭敬偁⹐潆浲⸱敲潳牵散൳帊㩃啜敳獲慜浤湩䑜獥瑫灯作歡牔敥た㄰ㅜ䘶单彂楤彯楨彤慳灭敬慟灰楬慣楴湯睟湩㈳猭捲ㄭㄮ噟㉓㄰尲㘱商䉓䡟䑉䑟潩慓灭敬偁屐㘱商䉓䡟䑉䑟潩慓灭敬偁⹐捶灸潲൪䌊尺獕牥屳摡業屮敄歳潴屰慏呫敲彥〰就㘱商䉓摟潩桟摩獟浡汰彥灡汰捩瑡潩彮楷㍮ⴲ牳ⵣ⸱弱卖〲㈱ㅜ䘶单彂䥈彄楄卯浡汰䅥偐䑜扥杵䵜ㅹ䘶单彂䥈彄楄卯浡汰䅥偐䘮牯ㅭ爮獥畯捲獥਍䍞尺獕牥屳摡業屮敄歳潴屰慏呫敲彥〰就㘱商䉓摟潩桟摩獟浡汰彥灡汰捩瑡潩彮楷㍮ⴲ牳ⵣ⸱弱卖〲㈱ㅜ䘶单彂䥈彄楄卯浡汰䅥偐ㅜ䘶单彂䥈彄楄卯浡汰䅥偐瘮硣牰橯਍㩃啜敳獲慜浤湩䑜獥瑫灯作歡牔敥た㄰ㅜ䘶单彂楤彯楨彤慳灭敬慟灰楬慣楴湯睟湩㈳猭捲ㄭㄮ噟㉓㄰尲㘱商䉓䡟䑉䑟潩慓灭敬偁屐敄畢屧祍㘱商䉓䡟䑉䑟潩慓灭敬偁⹐潆浲⸱敲潳牵散൳帊㩃啜敳獲慜浤湩䑜獥瑫灯作歡牔敥た㄰ㅜ䘶单彂楤彯楨彤慳灭敬慟灰楬慣楴湯睟湩㈳猭捲ㄭㄮ噟㉓㄰尲㘱商䉓䡟䑉䑟潩慓灭敬偁屐㘱商䉓䡟䑉䑟潩慓灭敬偁⹐捶灸潲൪䌊尺獕牥屳摡業屮敄歳潴屰慏呫敲彥〰就㘱商䉓摟潩桟摩獟浡汰彥灡汰捩瑡潩彮楷㍮ⴲ牳ⵣ⸱弱卖〲㈱ㅜ䘶单彂䥈彄楄卯浡汰䅥偐䑜扥杵䵜ㅹ䘶单彂䥈彄楄卯浡汰䅥偐䘮牯ㅭ爮獥畯捲獥਍
C:\USERS\ADMIN\DESKTOP\OAKTREE_001\16FUSB_DIO_HID_SAMPLE_APPLICATION_WIN32-SRC-1.1_VS2012\16FUSB_HID_DIOSAMPLEAPP\DEBUG\16FUSB_HID_DIOSAMPLEAPP.PCH
C:\USERS\ADMIN\DESKTOP\OAKTREE_001\16FUSB_DIO_HID_SAMPLE_APPLICATION_WIN32-SRC-1.1_VS2012\16FUSB_HID_DIOSAMPLEAPP\DEBUG\STDAFX.OBJ
C:\USERS\ADMIN\DESKTOP\OAKTREE_001\16FUSB_DIO_HID_SAMPLE_APPLICATION_WIN32-SRC-1.1_VS2012\16FUSB_HID_DIOSAMPLEAPP\DEBUG\VC110.PDB
C:\USERS\ADMIN\DESKTOP\OAKTREE_001\16FUSB_DIO_HID_SAMPLE_APPLICATION_WIN32-SRC-1.1_VS2012\16FUSB_HID_DIOSAMPLEAPP\DEBUG\USB.OBJ
C:\USERS\ADMIN\DESKTOP\OAKTREE_001\16FUSB_DIO_HID_SAMPLE_APPLICATION_WIN32-SRC-1.1_VS2012\16FUSB_HID_DIOSAMPLEAPP\DEBUG\ASSEMBLYINFO.OBJ
C:\USERS\ADMIN\DESKTOP\OAKTREE_001\16FUSB_DIO_HID_SAMPLE_APPLICATION_WIN32-SRC-1.1_VS2012\16FUSB_HID_DIOSAMPLEAPP\DEBUG\16FUSB_HID_DIOSAMPLEAPP.OBJ
C:\USERS\ADMIN\DESKTOP\OAKTREE_001\16FUSB_DIO_HID_SAMPLE_APPLICATION_WIN32-SRC-1.1_VS2012\DEBUG\16FUSB_HID_DIOSAMPLEAPP.ILK
C:\USERS\ADMIN\DESKTOP\OAKTREE_001\16FUSB_DIO_HID_SAMPLE_APPLICATION_WIN32-SRC-1.1_VS2012\DEBUG\16FUSB_HID_DIOSAMPLEAPP.EXE
C:\USERS\ADMIN\DESKTOP\OAKTREE_001\16FUSB_DIO_HID_SAMPLE_APPLICATION_WIN32-SRC-1.1_VS2012\DEBUG\16FUSB_HID_DIOSAMPLEAPP.PDB
C:\USERS\ADMIN\DESKTOP\OAKTREE_001\16FUSB_DIO_HID_SAMPLE_APPLICATION_WIN32-SRC-1.1_VS2012\16FUSB_HID_DIOSAMPLEAPP\DEBUG\APP.RES
C:\Users\admin\Desktop\OakTree_001\16FUSB_dio_hid_sample_application_win32-src-1.1_VS2012\16FUSB_HID_DioSampleAPP\Debug\16FUSB_HID_DioSampleAPP.vcxproj.GenerateResource.Cache
C:\Users\admin\Desktop\OakTree_001\16FUSB_dio_hid_sample_application_win32-src-1.1_VS2012\16FUSB_HID_DioSampleAPP\Debug\16FUSB_HID_DioSampleAPP.vcxprojResolveAssemblyReference.cache
C:\Users\admin\Desktop\OakTree_001\16FUSB_dio_hid_sample_application_win32-src-1.1_VS2012\16FUSB_HID_DioSampleAPP\Debug\.NETFramework,Version=v4.5.2.AssemblyAttributes.obj
C:\Users\admin\Desktop\OakTree_001\16FUSB_dio_hid_sample_application_win32-src-1.1_VS2012\16FUSB_HID_DioSampleAPP\Debug\16FUSB_HID_DioSampleAPP.write.1.tlog
C:\Users\admin\Desktop\OakTree_001\16FUSB_dio_hid_sample_application_win32-src-1.1_VS2012\16FUSB_HID_DioSampleAPP\Debug\cl.command.1.tlog
C:\Users\admin\Desktop\OakTree_001\16FUSB_dio_hid_sample_application_win32-src-1.1_VS2012\16FUSB_HID_DioSampleAPP\Debug\CL.read.1.tlog
C:\Users\admin\Desktop\OakTree_001\16FUSB_dio_hid_sample_application_win32-src-1.1_VS2012\16FUSB_HID_DioSampleAPP\Debug\CL.write.1.tlog
C:\Users\admin\Desktop\OakTree_001\16FUSB_dio_hid_sample_application_win32-src-1.1_VS2012\16FUSB_HID_DioSampleAPP\Debug\link.10680-cvtres.read.1.tlog
C:\Users\admin\Desktop\OakTree_001\16FUSB_dio_hid_sample_application_win32-src-1.1_VS2012\16FUSB_HID_DioSampleAPP\Debug\link.10680-cvtres.write.1.tlog
C:\Users\admin\Desktop\OakTree_001\16FUSB_dio_hid_sample_application_win32-src-1.1_VS2012\16FUSB_HID_DioSampleAPP\Debug\link.10680-rc.read.1.tlog
C:\Users\admin\Desktop\OakTree_001\16FUSB_dio_hid_sample_application_win32-src-1.1_VS2012\16FUSB_HID_DioSampleAPP\Debug\link.10680-rc.write.1.tlog
C:\Users\admin\Desktop\OakTree_001\16FUSB_dio_hid_sample_application_win32-src-1.1_VS2012\16FUSB_HID_DioSampleAPP\Debug\link.10680.read.1.tlog
C:\Users\admin\Desktop\OakTree_001\16FUSB_dio_hid_sample_application_win32-src-1.1_VS2012\16FUSB_HID_DioSampleAPP\Debug\link.10680.write.1.tlog
C:\Users\admin\Desktop\OakTree_001\16FUSB_dio_hid_sample_application_win32-src-1.1_VS2012\16FUSB_HID_DioSampleAPP\Debug\link.5668-cvtres.read.1.tlog
C:\Users\admin\Desktop\OakTree_001\16FUSB_dio_hid_sample_application_win32-src-1.1_VS2012\16FUSB_HID_DioSampleAPP\Debug\link.5668-cvtres.write.1.tlog
C:\Users\admin\Desktop\OakTree_001\16FUSB_dio_hid_sample_application_win32-src-1.1_VS2012\16FUSB_HID_DioSampleAPP\Debug\link.5668-rc.read.1.tlog
C:\Users\admin\Desktop\OakTree_001\16FUSB_dio_hid_sample_application_win32-src-1.1_VS2012\16FUSB_HID_DioSampleAPP\Debug\link.5668-rc.write.1.tlog
C:\Users\admin\Desktop\OakTree_001\16FUSB_dio_hid_sample_application_win32-src-1.1_VS2012\16FUSB_HID_DioSampleAPP\Debug\link.5668.read.1.tlog
C:\Users\admin\Desktop\OakTree_001\16FUSB_dio_hid_sample_application_win32-src-1.1_VS2012\16FUSB_HID_DioSampleAPP\Debug\link.5668.write.1.tlog
C:\Users\admin\Desktop\OakTree_001\16FUSB_dio_hid_sample_application_win32-src-1.1_VS2012\16FUSB_HID_DioSampleAPP\Debug\link.9824-cvtres.read.1.tlog
C:\Users\admin\Desktop\OakTree_001\16FUSB_dio_hid_sample_application_win32-src-1.1_VS2012\16FUSB_HID_DioSampleAPP\Debug\link.9824-cvtres.write.1.tlog
C:\Users\admin\Desktop\OakTree_001\16FUSB_dio_hid_sample_application_win32-src-1.1_VS2012\16FUSB_HID_DioSampleAPP\Debug\link.9824-rc.read.1.tlog
C:\Users\admin\Desktop\OakTree_001\16FUSB_dio_hid_sample_application_win32-src-1.1_VS2012\16FUSB_HID_DioSampleAPP\Debug\link.9824-rc.write.1.tlog
C:\Users\admin\Desktop\OakTree_001\16FUSB_dio_hid_sample_application_win32-src-1.1_VS2012\16FUSB_HID_DioSampleAPP\Debug\link.9824.read.1.tlog
C:\Users\admin\Desktop\OakTree_001\16FUSB_dio_hid_sample_application_win32-src-1.1_VS2012\16FUSB_HID_DioSampleAPP\Debug\link.9824.write.1.tlog
C:\Users\admin\Desktop\OakTree_001\16FUSB_dio_hid_sample_application_win32-src-1.1_VS2012\16FUSB_HID_DioSampleAPP\Debug\link.command.1.tlog
C:\Users\admin\Desktop\OakTree_001\16FUSB_dio_hid_sample_application_win32-src-1.1_VS2012\16FUSB_HID_DioSampleAPP\Debug\link.read.1.tlog
C:\Users\admin\Desktop\OakTree_001\16FUSB_dio_hid_sample_application_win32-src-1.1_VS2012\16FUSB_HID_DioSampleAPP\Debug\link.write.1.tlog
C:\Users\admin\Desktop\OakTree_001\16FUSB_dio_hid_sample_application_win32-src-1.1_VS2012\16FUSB_HID_DioSampleAPP\Debug\metagen.read.1.tlog
C:\Users\admin\Desktop\OakTree_001\16FUSB_dio_hid_sample_application_win32-src-1.1_VS2012\16FUSB_HID_DioSampleAPP\Debug\metagen.write.1.tlog
C:\Users\admin\Desktop\OakTree_001\16FUSB_dio_hid_sample_application_win32-src-1.1_VS2012\16FUSB_HID_DioSampleAPP\Debug\rc.command.1.tlog
C:\Users\admin\Desktop\OakTree_001\16FUSB_dio_hid_sample_application_win32-src-1.1_VS2012\16FUSB_HID_DioSampleAPP\Debug\rc.read.1.tlog
C:\Users\admin\Desktop\OakTree_001\16FUSB_dio_hid_sample_application_win32-src-1.1_VS2012\16FUSB_HID_DioSampleAPP\Debug\rc.write.1.tlog
C:\Users\admin\Desktop\OakTree_001\16FUSB_dio_hid_sample_application_win32-src-1.1_VS2012\16FUSB_HID_DioSampleAPP\Debug\RSAENH.DLL.bi
C:\Users\admin\Desktop\OakTree_001\16FUSB_dio_hid_sample_application_win32-src-1.1_VS2012\16FUSB_HID_DioSampleAPP\Debug\TZRES.DLL.bi
