GCASM List File (GCBASIC 0.98.<<>> 2018-07-19)

Symbols:
A 	EQU 	0
ABDEN 	EQU 	0
ABDOVF 	EQU 	7
ACCESS 	EQU 	0
ACKDT 	EQU 	5
ACKEN 	EQU 	4
ACKSTAT 	EQU 	6
ACKTIM 	EQU 	7
ADCON0 	EQU 	157
ADCON1 	EQU 	158
ADCS0 	EQU 	4
ADCS1 	EQU 	5
ADCS2 	EQU 	6
ADDEN 	EQU 	3
ADFM 	EQU 	7
ADFVR0 	EQU 	0
ADFVR1 	EQU 	1
ADGO 	EQU 	1
ADIE 	EQU 	6
ADIF 	EQU 	6
ADNREF 	EQU 	2
ADON 	EQU 	0
ADPREF0 	EQU 	0
ADPREF1 	EQU 	1
ADRES 	EQU 	155
ADRESH 	EQU 	156
ADRESL 	EQU 	155
AHEN 	EQU 	1
ANSA0 	EQU 	0
ANSA1 	EQU 	1
ANSA2 	EQU 	2
ANSA3 	EQU 	3
ANSA4 	EQU 	4
ANSA5 	EQU 	5
ANSB0 	EQU 	0
ANSB1 	EQU 	1
ANSB2 	EQU 	2
ANSB3 	EQU 	3
ANSB4 	EQU 	4
ANSB5 	EQU 	5
ANSELA 	EQU 	396
ANSELB 	EQU 	397
APFCON 	EQU 	285
B 	EQU 	1
BANKED 	EQU 	1
BASPROGRAMEND 	EQU 	145
BASPROGRAMSTART 	EQU 	5
BAUDCON 	EQU 	415
BCLIE 	EQU 	3
BCLIF 	EQU 	3
BF 	EQU 	0
BIASMD 	EQU 	6
BOEN 	EQU 	4
BORCON 	EQU 	278
BORRDY 	EQU 	0
BRG16 	EQU 	3
BRGH 	EQU 	2
BSR 	EQU 	8
BSR0 	EQU 	0
BSR1 	EQU 	1
BSR2 	EQU 	2
BSR3 	EQU 	3
BSR4 	EQU 	4
BSR_SHAD 	EQU 	4070
C 	EQU 	0
C1HYS 	EQU 	1
C1IE 	EQU 	5
C1IF 	EQU 	5
C1INTN 	EQU 	6
C1INTP 	EQU 	7
C1NCH0 	EQU 	0
C1NCH1 	EQU 	1
C1OE 	EQU 	5
C1ON 	EQU 	7
C1OUT 	EQU 	6
C1PCH0 	EQU 	4
C1PCH1 	EQU 	5
C1POL 	EQU 	4
C1SP 	EQU 	2
C1SYNC 	EQU 	0
C1TSEL0 	EQU 	0
C1TSEL1 	EQU 	1
C2HYS 	EQU 	1
C2IE 	EQU 	6
C2IF 	EQU 	6
C2INTN 	EQU 	6
C2INTP 	EQU 	7
C2NCH0 	EQU 	0
C2NCH1 	EQU 	1
C2OE 	EQU 	5
C2ON 	EQU 	7
C2OUT 	EQU 	6
C2OUTSEL 	EQU 	2
C2PCH0 	EQU 	4
C2PCH1 	EQU 	5
C2POL 	EQU 	4
C2SP 	EQU 	2
C2SYNC 	EQU 	0
C2TSEL0 	EQU 	2
C2TSEL1 	EQU 	3
C3TSEL0 	EQU 	4
C3TSEL1 	EQU 	5
C4TSEL0 	EQU 	6
C4TSEL1 	EQU 	7
C5TSEL0 	EQU 	0
C5TSEL1 	EQU 	1
CCP1AS 	EQU 	661
CCP1AS0 	EQU 	4
CCP1AS1 	EQU 	5
CCP1AS2 	EQU 	6
CCP1ASE 	EQU 	7
CCP1CON 	EQU 	659
CCP1IE 	EQU 	2
CCP1IF 	EQU 	2
CCP1M0 	EQU 	0
CCP1M1 	EQU 	1
CCP1M2 	EQU 	2
CCP1M3 	EQU 	3
CCP2AS 	EQU 	668
CCP2AS0 	EQU 	4
CCP2AS1 	EQU 	5
CCP2AS2 	EQU 	6
CCP2ASE 	EQU 	7
CCP2CON 	EQU 	666
CCP2IE 	EQU 	0
CCP2IF 	EQU 	0
CCP2M0 	EQU 	0
CCP2M1 	EQU 	1
CCP2M2 	EQU 	2
CCP2M3 	EQU 	3
CCP2SEL 	EQU 	0
CCP3AS 	EQU 	789
CCP3AS0 	EQU 	4
CCP3AS1 	EQU 	5
CCP3AS2 	EQU 	6
CCP3ASE 	EQU 	7
CCP3CON 	EQU 	787
CCP3IE 	EQU 	4
CCP3IF 	EQU 	4
CCP3M0 	EQU 	0
CCP3M1 	EQU 	1
CCP3M2 	EQU 	2
CCP3M3 	EQU 	3
CCP3SEL 	EQU 	6
CCP4CON 	EQU 	794
CCP4IE 	EQU 	5
CCP4IF 	EQU 	5
CCP4M0 	EQU 	0
CCP4M1 	EQU 	1
CCP4M2 	EQU 	2
CCP4M3 	EQU 	3
CCP5CON 	EQU 	798
CCP5IE 	EQU 	6
CCP5IF 	EQU 	6
CCP5M0 	EQU 	0
CCP5M1 	EQU 	1
CCP5M2 	EQU 	2
CCP5M3 	EQU 	3
CCPR1 	EQU 	657
CCPR1H 	EQU 	658
CCPR1L 	EQU 	657
CCPR2 	EQU 	664
CCPR2H 	EQU 	665
CCPR2L 	EQU 	664
CCPR3 	EQU 	785
CCPR3H 	EQU 	786
CCPR3L 	EQU 	785
CCPR4 	EQU 	792
CCPR4H 	EQU 	793
CCPR4L 	EQU 	792
CCPR5 	EQU 	796
CCPR5H 	EQU 	797
CCPR5L 	EQU 	796
CCPTMRS0 	EQU 	670
CCPTMRS1 	EQU 	671
CDAFVR0 	EQU 	2
CDAFVR1 	EQU 	3
CFGS 	EQU 	6
CHS0 	EQU 	2
CHS1 	EQU 	3
CHS2 	EQU 	4
CHS3 	EQU 	5
CHS4 	EQU 	6
CKE 	EQU 	6
CKP 	EQU 	4
CM1CON0 	EQU 	273
CM1CON1 	EQU 	274
CM2CON0 	EQU 	275
CM2CON1 	EQU 	276
CMOUT 	EQU 	277
CPSCH0 	EQU 	0
CPSCH1 	EQU 	1
CPSCH2 	EQU 	2
CPSCON0 	EQU 	30
CPSCON1 	EQU 	31
CPSON 	EQU 	7
CPSOUT 	EQU 	1
CPSRM 	EQU 	6
CPSRNG0 	EQU 	2
CPSRNG1 	EQU 	3
CREN 	EQU 	4
CS0 	EQU 	2
CS1 	EQU 	3
CSRC 	EQU 	7
C_SHAD 	EQU 	0
DACCON0 	EQU 	280
DACCON1 	EQU 	281
DACEN 	EQU 	7
DACLPS 	EQU 	6
DACNSS 	EQU 	0
DACOE 	EQU 	5
DACPSS0 	EQU 	2
DACPSS1 	EQU 	3
DACR0 	EQU 	0
DACR1 	EQU 	1
DACR2 	EQU 	2
DACR3 	EQU 	3
DACR4 	EQU 	4
DC 	EQU 	1
DC1B0 	EQU 	4
DC1B1 	EQU 	5
DC2B0 	EQU 	4
DC2B1 	EQU 	5
DC3B0 	EQU 	4
DC3B1 	EQU 	5
DC4B0 	EQU 	4
DC4B1 	EQU 	5
DC5B0 	EQU 	4
DC5B1 	EQU 	5
DC_SHAD 	EQU 	1
DHEN 	EQU 	0
D_NOT_A 	EQU 	5
ECCP1AS 	EQU 	661
ECCP1AS_CCP1AS0 	EQU 	4
ECCP1AS_CCP1AS1 	EQU 	5
ECCP1AS_CCP1AS2 	EQU 	6
ECCP1AS_CCP1ASE 	EQU 	7
ECCP1AS_PSS1AC0 	EQU 	2
ECCP1AS_PSS1AC1 	EQU 	3
ECCP1AS_PSS1BD0 	EQU 	0
ECCP1AS_PSS1BD1 	EQU 	1
ECCP2AS 	EQU 	668
ECCP2AS_CCP2AS0 	EQU 	4
ECCP2AS_CCP2AS1 	EQU 	5
ECCP2AS_CCP2AS2 	EQU 	6
ECCP2AS_CCP2ASE 	EQU 	7
ECCP2AS_PSS2AC0 	EQU 	2
ECCP2AS_PSS2AC1 	EQU 	3
ECCP2AS_PSS2BD0 	EQU 	0
ECCP2AS_PSS2BD1 	EQU 	1
ECCP3AS 	EQU 	789
ECCP3AS_CCP3AS0 	EQU 	4
ECCP3AS_CCP3AS1 	EQU 	5
ECCP3AS_CCP3AS2 	EQU 	6
ECCP3AS_CCP3ASE 	EQU 	7
ECCP3AS_PSS3AC0 	EQU 	2
ECCP3AS_PSS3AC1 	EQU 	3
ECCP3AS_PSS3BD0 	EQU 	0
ECCP3AS_PSS3BD1 	EQU 	1
EEADDRESS 	EQU 	401
EEADDRESS_H 	EQU 	402
EEADR 	EQU 	401
EEADRH 	EQU 	402
EEADRL 	EQU 	401
EECON1 	EQU 	405
EECON2 	EQU 	406
EEDAT 	EQU 	403
EEDATAVALUE 	EQU 	403
EEDATAWORD 	EQU 	403
EEDATAWORD_H 	EQU 	404
EEDATH 	EQU 	404
EEDATL 	EQU 	403
EEIE 	EQU 	4
EEIF 	EQU 	4
EEPGD 	EQU 	7
EPWRITE 	EQU 	147
F 	EQU 	1
FERR 	EQU 	2
FREE 	EQU 	4
FSR0 	EQU 	4
FSR0H 	EQU 	5
FSR0H_SHAD 	EQU 	4073
FSR0L 	EQU 	4
FSR0L_SHAD 	EQU 	4072
FSR1 	EQU 	6
FSR1H 	EQU 	7
FSR1H_SHAD 	EQU 	4075
FSR1L 	EQU 	6
FSR1L_SHAD 	EQU 	4074
FVRCON 	EQU 	279
FVREN 	EQU 	7
FVRRDY 	EQU 	6
GCEN 	EQU 	7
GIE 	EQU 	7
GO 	EQU 	1
GO_DONE 	EQU 	1
GO_NOT_DONE 	EQU 	1
HFIOFL 	EQU 	3
HFIOFR 	EQU 	4
HFIOFS 	EQU 	0
INDF0 	EQU 	0
INDF1 	EQU 	1
INITSYS 	EQU 	162
INTCON 	EQU 	11
INTE 	EQU 	4
INTEDG 	EQU 	6
INTF 	EQU 	1
IOCBF 	EQU 	918
IOCBF0 	EQU 	0
IOCBF1 	EQU 	1
IOCBF2 	EQU 	2
IOCBF3 	EQU 	3
IOCBF4 	EQU 	4
IOCBF5 	EQU 	5
IOCBF6 	EQU 	6
IOCBF7 	EQU 	7
IOCBN 	EQU 	917
IOCBN0 	EQU 	0
IOCBN1 	EQU 	1
IOCBN2 	EQU 	2
IOCBN3 	EQU 	3
IOCBN4 	EQU 	4
IOCBN5 	EQU 	5
IOCBN6 	EQU 	6
IOCBN7 	EQU 	7
IOCBP 	EQU 	916
IOCBP0 	EQU 	0
IOCBP1 	EQU 	1
IOCBP2 	EQU 	2
IOCBP3 	EQU 	3
IOCBP4 	EQU 	4
IOCBP5 	EQU 	5
IOCBP6 	EQU 	6
IOCBP7 	EQU 	7
IOCIE 	EQU 	3
IOCIF 	EQU 	0
IRCF0 	EQU 	3
IRCF1 	EQU 	4
IRCF2 	EQU 	5
IRCF3 	EQU 	6
LATA 	EQU 	268
LATA0 	EQU 	0
LATA1 	EQU 	1
LATA2 	EQU 	2
LATA3 	EQU 	3
LATA4 	EQU 	4
LATA5 	EQU 	5
LATA6 	EQU 	6
LATA7 	EQU 	7
LATB 	EQU 	269
LATB0 	EQU 	0
LATB1 	EQU 	1
LATB2 	EQU 	2
LATB3 	EQU 	3
LATB4 	EQU 	4
LATB5 	EQU 	5
LATB6 	EQU 	6
LATB7 	EQU 	7
LATC 	EQU 	270
LATC0 	EQU 	0
LATC1 	EQU 	1
LATC2 	EQU 	2
LATC3 	EQU 	3
LATC4 	EQU 	4
LATC5 	EQU 	5
LATC6 	EQU 	6
LATC7 	EQU 	7
LATE 	EQU 	272
LATE3 	EQU 	3
LCDA 	EQU 	5
LCDCON 	EQU 	1937
LCDCST 	EQU 	1940
LCDCST0 	EQU 	0
LCDCST1 	EQU 	1
LCDCST2 	EQU 	2
LCDDATA0 	EQU 	1952
LCDDATA1 	EQU 	1953
LCDDATA10 	EQU 	1962
LCDDATA3 	EQU 	1955
LCDDATA4 	EQU 	1956
LCDDATA6 	EQU 	1958
LCDDATA7 	EQU 	1959
LCDDATA9 	EQU 	1961
LCDEN 	EQU 	7
LCDIE 	EQU 	2
LCDIF 	EQU 	2
LCDIRE 	EQU 	7
LCDIRI 	EQU 	5
LCDIRS 	EQU 	6
LCDPS 	EQU 	1938
LCDREF 	EQU 	1939
LCDRL 	EQU 	1941
LCDSE0 	EQU 	1944
LCDSE1 	EQU 	1945
LFIOFR 	EQU 	1
LMUX0 	EQU 	0
LMUX1 	EQU 	1
LP0 	EQU 	0
LP1 	EQU 	1
LP2 	EQU 	2
LP3 	EQU 	3
LRLAP0 	EQU 	6
LRLAP1 	EQU 	7
LRLAT0 	EQU 	0
LRLAT1 	EQU 	1
LRLAT2 	EQU 	2
LRLBP0 	EQU 	4
LRLBP1 	EQU 	5
LWLO 	EQU 	5
MC1OUT 	EQU 	0
MC2OUT 	EQU 	1
MFIOFR 	EQU 	2
MYFLASHADDRESS 	EQU 	32
MYFLASHADDRESS_E 	EQU 	35
MYFLASHADDRESS_H 	EQU 	33
MYFLASHADDRESS_U 	EQU 	34
MYWORD 	EQU 	36
MYWORD_H 	EQU 	37
NOT_BOR 	EQU 	0
NOT_DONE 	EQU 	1
NOT_PD 	EQU 	3
NOT_POR 	EQU 	1
NOT_RI 	EQU 	2
NOT_RMCLR 	EQU 	3
NOT_T1SYNC 	EQU 	2
NOT_TO 	EQU 	4
NOT_WPUEN 	EQU 	7
OERR 	EQU 	1
OPTION_REG 	EQU 	149
OSCCON 	EQU 	153
OSCSTAT 	EQU 	154
OSCTUNE 	EQU 	152
OSFIE 	EQU 	7
OSFIF 	EQU 	7
OSTS 	EQU 	5
P 	EQU 	4
P1DC0 	EQU 	0
P1DC1 	EQU 	1
P1DC2 	EQU 	2
P1DC3 	EQU 	3
P1DC4 	EQU 	4
P1DC5 	EQU 	5
P1DC6 	EQU 	6
P1M0 	EQU 	6
P1M1 	EQU 	7
P1RSEN 	EQU 	7
P2BSEL 	EQU 	4
P2DC0 	EQU 	0
P2DC1 	EQU 	1
P2DC2 	EQU 	2
P2DC3 	EQU 	3
P2DC4 	EQU 	4
P2DC5 	EQU 	5
P2DC6 	EQU 	6
P2M0 	EQU 	6
P2M1 	EQU 	7
P2RSEN 	EQU 	7
P3DC0 	EQU 	0
P3DC1 	EQU 	1
P3DC2 	EQU 	2
P3DC3 	EQU 	3
P3DC4 	EQU 	4
P3DC5 	EQU 	5
P3DC6 	EQU 	6
P3M0 	EQU 	6
P3M1 	EQU 	7
P3RSEN 	EQU 	7
PCIE 	EQU 	6
PCL 	EQU 	2
PCLATH 	EQU 	10
PCLATH_SHAD 	EQU 	4071
PCON 	EQU 	150
PEIE 	EQU 	6
PEN 	EQU 	2
PIE1 	EQU 	145
PIE2 	EQU 	146
PIE3 	EQU 	147
PIR1 	EQU 	17
PIR2 	EQU 	18
PIR3 	EQU 	19
PLLR 	EQU 	6
PORTA 	EQU 	12
PORTB 	EQU 	13
PORTC 	EQU 	14
PORTE 	EQU 	16
PR2 	EQU 	27
PR4 	EQU 	1046
PR6 	EQU 	1053
PROGRAMREAD 	EQU 	182
PROGRAMWRITE 	EQU 	190
PS0 	EQU 	0
PS1 	EQU 	1
PS2 	EQU 	2
PSA 	EQU 	3
PSS1AC0 	EQU 	2
PSS1AC1 	EQU 	3
PSS1BD0 	EQU 	0
PSS1BD1 	EQU 	1
PSS2AC0 	EQU 	2
PSS2AC1 	EQU 	3
PSS2BD0 	EQU 	0
PSS2BD1 	EQU 	1
PSS3AC0 	EQU 	2
PSS3AC1 	EQU 	3
PSS3BD0 	EQU 	0
PSS3BD1 	EQU 	1
PSTR1CON 	EQU 	662
PSTR2CON 	EQU 	669
PSTR3CON 	EQU 	790
PWM1CON 	EQU 	660
PWM2CON 	EQU 	667
PWM3CON 	EQU 	788
RA0 	EQU 	0
RA1 	EQU 	1
RA2 	EQU 	2
RA3 	EQU 	3
RA4 	EQU 	4
RA5 	EQU 	5
RA6 	EQU 	6
RA7 	EQU 	7
RB0 	EQU 	0
RB1 	EQU 	1
RB2 	EQU 	2
RB3 	EQU 	3
RB4 	EQU 	4
RB5 	EQU 	5
RB6 	EQU 	6
RB7 	EQU 	7
RC0 	EQU 	0
RC1 	EQU 	1
RC2 	EQU 	2
RC3 	EQU 	3
RC4 	EQU 	4
RC5 	EQU 	5
RC6 	EQU 	6
RC7 	EQU 	7
RCEN 	EQU 	3
RCIDL 	EQU 	6
RCIE 	EQU 	5
RCIF 	EQU 	5
RCREG 	EQU 	409
RCSTA 	EQU 	413
RD 	EQU 	0
RE3 	EQU 	3
RSEN 	EQU 	1
RX9 	EQU 	6
RX9D 	EQU 	0
R_NOT_W 	EQU 	2
S 	EQU 	3
SBCDE 	EQU 	2
SBOREN 	EQU 	7
SCIE 	EQU 	5
SCKP 	EQU 	4
SCS0 	EQU 	0
SCS1 	EQU 	1
SDAHT 	EQU 	3
SE0 	EQU 	0
SE1 	EQU 	1
SE10 	EQU 	2
SE11 	EQU 	3
SE12 	EQU 	4
SE13 	EQU 	5
SE14 	EQU 	6
SE15 	EQU 	7
SE2 	EQU 	2
SE3 	EQU 	3
SE4 	EQU 	4
SE5 	EQU 	5
SE6 	EQU 	6
SE7 	EQU 	7
SE8 	EQU 	0
SE9 	EQU 	1
SEG0COM0 	EQU 	0
SEG0COM1 	EQU 	0
SEG0COM2 	EQU 	0
SEG0COM3 	EQU 	0
SEG10COM0 	EQU 	2
SEG10COM1 	EQU 	2
SEG10COM2 	EQU 	2
SEG10COM3 	EQU 	2
SEG11COM0 	EQU 	3
SEG11COM1 	EQU 	3
SEG11COM2 	EQU 	3
SEG11COM3 	EQU 	3
SEG12COM0 	EQU 	4
SEG12COM1 	EQU 	4
SEG12COM2 	EQU 	4
SEG12COM3 	EQU 	4
SEG13COM0 	EQU 	5
SEG13COM1 	EQU 	5
SEG13COM2 	EQU 	5
SEG13COM3 	EQU 	5
SEG14COM0 	EQU 	6
SEG14COM1 	EQU 	6
SEG14COM2 	EQU 	6
SEG14COM3 	EQU 	6
SEG15COM0 	EQU 	7
SEG15COM1 	EQU 	7
SEG15COM2 	EQU 	7
SEG15COM3 	EQU 	7
SEG1COM0 	EQU 	1
SEG1COM1 	EQU 	1
SEG1COM2 	EQU 	1
SEG1COM3 	EQU 	1
SEG2COM0 	EQU 	2
SEG2COM1 	EQU 	2
SEG2COM2 	EQU 	2
SEG2COM3 	EQU 	2
SEG3COM0 	EQU 	3
SEG3COM1 	EQU 	3
SEG3COM2 	EQU 	3
SEG3COM3 	EQU 	3
SEG4COM0 	EQU 	4
SEG4COM1 	EQU 	4
SEG4COM2 	EQU 	4
SEG4COM3 	EQU 	4
SEG5COM0 	EQU 	5
SEG5COM1 	EQU 	5
SEG5COM2 	EQU 	5
SEG5COM3 	EQU 	5
SEG6COM0 	EQU 	6
SEG6COM1 	EQU 	6
SEG6COM2 	EQU 	6
SEG6COM3 	EQU 	6
SEG7COM0 	EQU 	7
SEG7COM1 	EQU 	7
SEG7COM2 	EQU 	7
SEG7COM3 	EQU 	7
SEG8COM0 	EQU 	0
SEG8COM1 	EQU 	0
SEG8COM2 	EQU 	0
SEG8COM3 	EQU 	0
SEG9COM0 	EQU 	1
SEG9COM1 	EQU 	1
SEG9COM2 	EQU 	1
SEG9COM3 	EQU 	1
SEN 	EQU 	0
SENDB 	EQU 	3
SLPEN 	EQU 	6
SMP 	EQU 	7
SP1BRG 	EQU 	411
SP1BRGH 	EQU 	412
SP1BRGL 	EQU 	411
SPBRG 	EQU 	411
SPBRGH 	EQU 	412
SPBRGL 	EQU 	411
SPEN 	EQU 	7
SPLLEN 	EQU 	7
SRCLK0 	EQU 	4
SRCLK1 	EQU 	5
SRCLK2 	EQU 	6
SRCON0 	EQU 	282
SRCON1 	EQU 	283
SREN 	EQU 	5
SRLEN 	EQU 	7
SRNQEN 	EQU 	2
SRNQSEL 	EQU 	3
SRPR 	EQU 	0
SRPS 	EQU 	1
SRQEN 	EQU 	3
SRRC1E 	EQU 	0
SRRC2E 	EQU 	1
SRRCKE 	EQU 	2
SRRPE 	EQU 	3
SRSC1E 	EQU 	4
SRSC2E 	EQU 	5
SRSCKE 	EQU 	6
SRSPE 	EQU 	7
SSPADD 	EQU 	530
SSPBUF 	EQU 	529
SSPCON 	EQU 	533
SSPCON1 	EQU 	533
SSPCON2 	EQU 	534
SSPCON3 	EQU 	535
SSPCON_CKP 	EQU 	4
SSPCON_SSPEN 	EQU 	5
SSPCON_SSPM0 	EQU 	0
SSPCON_SSPM1 	EQU 	1
SSPCON_SSPM2 	EQU 	2
SSPCON_SSPM3 	EQU 	3
SSPCON_SSPOV 	EQU 	6
SSPCON_WCOL 	EQU 	7
SSPEN 	EQU 	5
SSPIE 	EQU 	3
SSPIF 	EQU 	3
SSPM0 	EQU 	0
SSPM1 	EQU 	1
SSPM2 	EQU 	2
SSPM3 	EQU 	3
SSPMSK 	EQU 	531
SSPOV 	EQU 	6
SSPSTAT 	EQU 	532
SSSEL 	EQU 	1
STATUS 	EQU 	3
STATUS_SHAD 	EQU 	4068
STKOVF 	EQU 	7
STKPTR 	EQU 	4077
STKUNF 	EQU 	6
STR1A 	EQU 	0
STR1B 	EQU 	1
STR1C 	EQU 	2
STR1D 	EQU 	3
STR1SYNC 	EQU 	4
STR2A 	EQU 	0
STR2B 	EQU 	1
STR2C 	EQU 	2
STR2D 	EQU 	3
STR2SYNC 	EQU 	4
STR3A 	EQU 	0
STR3B 	EQU 	1
STR3C 	EQU 	2
STR3D 	EQU 	3
STR3SYNC 	EQU 	4
SWDTEN 	EQU 	0
SYNC 	EQU 	4
SYSWAITLOOP1 	EQU 	157
T0CS 	EQU 	5
T0IE 	EQU 	5
T0IF 	EQU 	2
T0SE 	EQU 	4
T0XCS 	EQU 	0
T1CKPS0 	EQU 	4
T1CKPS1 	EQU 	5
T1CON 	EQU 	24
T1GCON 	EQU 	25
T1GGO 	EQU 	3
T1GGO_NOT_DONE 	EQU 	3
T1GPOL 	EQU 	6
T1GSEL 	EQU 	5
T1GSPM 	EQU 	4
T1GSS0 	EQU 	0
T1GSS1 	EQU 	1
T1GTM 	EQU 	5
T1GVAL 	EQU 	2
T1OSCEN 	EQU 	3
T1OSCR 	EQU 	7
T2CKPS0 	EQU 	0
T2CKPS1 	EQU 	1
T2CON 	EQU 	28
T2OUTPS0 	EQU 	3
T2OUTPS1 	EQU 	4
T2OUTPS2 	EQU 	5
T2OUTPS3 	EQU 	6
T4CKPS0 	EQU 	0
T4CKPS1 	EQU 	1
T4CON 	EQU 	1047
T4OUTPS0 	EQU 	3
T4OUTPS1 	EQU 	4
T4OUTPS2 	EQU 	5
T4OUTPS3 	EQU 	6
T6CKPS0 	EQU 	0
T6CKPS1 	EQU 	1
T6CON 	EQU 	1054
T6OUTPS0 	EQU 	3
T6OUTPS1 	EQU 	4
T6OUTPS2 	EQU 	5
T6OUTPS3 	EQU 	6
TMR0 	EQU 	21
TMR0CS 	EQU 	5
TMR0IE 	EQU 	5
TMR0IF 	EQU 	2
TMR0SE 	EQU 	4
TMR1 	EQU 	22
TMR1CS0 	EQU 	6
TMR1CS1 	EQU 	7
TMR1GE 	EQU 	7
TMR1GIE 	EQU 	7
TMR1GIF 	EQU 	7
TMR1H 	EQU 	23
TMR1IE 	EQU 	0
TMR1IF 	EQU 	0
TMR1L 	EQU 	22
TMR1ON 	EQU 	0
TMR2 	EQU 	26
TMR2IE 	EQU 	1
TMR2IF 	EQU 	1
TMR2ON 	EQU 	2
TMR4 	EQU 	1045
TMR4IE 	EQU 	1
TMR4IF 	EQU 	1
TMR4ON 	EQU 	2
TMR6 	EQU 	1052
TMR6IE 	EQU 	3
TMR6IF 	EQU 	3
TMR6ON 	EQU 	2
TOSH 	EQU 	4079
TOSL 	EQU 	4078
TRISA 	EQU 	140
TRISA0 	EQU 	0
TRISA1 	EQU 	1
TRISA2 	EQU 	2
TRISA3 	EQU 	3
TRISA4 	EQU 	4
TRISA5 	EQU 	5
TRISA6 	EQU 	6
TRISA7 	EQU 	7
TRISB 	EQU 	141
TRISB0 	EQU 	0
TRISB1 	EQU 	1
TRISB2 	EQU 	2
TRISB3 	EQU 	3
TRISB4 	EQU 	4
TRISB5 	EQU 	5
TRISB6 	EQU 	6
TRISB7 	EQU 	7
TRISC 	EQU 	142
TRISC0 	EQU 	0
TRISC1 	EQU 	1
TRISC2 	EQU 	2
TRISC3 	EQU 	3
TRISC4 	EQU 	4
TRISC5 	EQU 	5
TRISC6 	EQU 	6
TRISC7 	EQU 	7
TRISE 	EQU 	144
TRISE3 	EQU 	3
TRMT 	EQU 	1
TSEN 	EQU 	5
TSRNG 	EQU 	4
TUN0 	EQU 	0
TUN1 	EQU 	1
TUN2 	EQU 	2
TUN3 	EQU 	3
TUN4 	EQU 	4
TUN5 	EQU 	5
TX9 	EQU 	6
TX9D 	EQU 	0
TXEN 	EQU 	5
TXIE 	EQU 	4
TXIF 	EQU 	4
TXREG 	EQU 	410
TXSTA 	EQU 	414
UA 	EQU 	1
VLCD1PE 	EQU 	1
VLCD2PE 	EQU 	2
VLCD3PE 	EQU 	3
W 	EQU 	0
WA 	EQU 	4
WCOL 	EQU 	7
WDTCON 	EQU 	151
WDTPS0 	EQU 	1
WDTPS1 	EQU 	2
WDTPS2 	EQU 	3
WDTPS3 	EQU 	4
WDTPS4 	EQU 	5
WERR 	EQU 	5
WFT 	EQU 	7
WPUB 	EQU 	525
WPUB0 	EQU 	0
WPUB1 	EQU 	1
WPUB2 	EQU 	2
WPUB3 	EQU 	3
WPUB4 	EQU 	4
WPUB5 	EQU 	5
WPUB6 	EQU 	6
WPUB7 	EQU 	7
WPUE 	EQU 	528
WPUE3 	EQU 	3
WR 	EQU 	1
WREG 	EQU 	9
WREG_SHAD 	EQU 	4069
WREN 	EQU 	2
WRERR 	EQU 	3
WUE 	EQU 	1
Z 	EQU 	2
Z_SHAD 	EQU 	2
_BOREN_SBODEN 	EQU 	15359

Code:
Loc	Obj Code	Original Assembly












000000	3180	PAGESEL BASPROGRAMSTART
000001	2805	GOTO BASPROGRAMSTART

000004	0009	RETFIE



		BASPROGRAMSTART
000005	20A2	CALL INITSYS

000006	30BB	MOVLW 187
000007	00A4	MOVWF MYWORD
000008	30AA	MOVLW 170
000009	00A5	MOVWF MYWORD_H
00000A	30A0	MOVLW 160
00000B	00A0	MOVWF MYFLASHADDRESS
00000C	303F	MOVLW 63
00000D	00A1	MOVWF MYFLASHADDRESS_H
00000E	01A2	CLRF MYFLASHADDRESS_U
00000F	01A3	CLRF MYFLASHADDRESS_E
000010	0820	MOVF MYFLASHADDRESS,W
000000	0023	BANKSEL EEADDRESS
000012	0091	MOVWF EEADDRESS
000000	0020	BANKSEL MYFLASHADDRESS_H
000014	0821	MOVF MYFLASHADDRESS_H,W
000000	0023	BANKSEL EEADDRESS_H
000016	0092	MOVWF EEADDRESS_H
000000	0020	BANKSEL MYWORD
000018	0824	MOVF MYWORD,W
000000	0023	BANKSEL EEDATAWORD
00001A	0093	MOVWF EEDATAWORD
000000	0020	BANKSEL MYWORD_H
00001C	0825	MOVF MYWORD_H,W
000000	0023	BANKSEL EEDATAWORD_H
00001E	0094	MOVWF EEDATAWORD_H
000000	0020	BANKSEL STATUS
000020	20BE	CALL PROGRAMWRITE
000021	0AA4	INCF MYWORD,F
000022	1903	BTFSC STATUS,Z
000023	0AA5	INCF MYWORD_H,F
000024	30A1	MOVLW 161
000025	00A0	MOVWF MYFLASHADDRESS
000026	303F	MOVLW 63
000027	00A1	MOVWF MYFLASHADDRESS_H
000028	01A2	CLRF MYFLASHADDRESS_U
000029	01A3	CLRF MYFLASHADDRESS_E
00002A	0820	MOVF MYFLASHADDRESS,W
000000	0023	BANKSEL EEADDRESS
00002C	0091	MOVWF EEADDRESS
000000	0020	BANKSEL MYFLASHADDRESS_H
00002E	0821	MOVF MYFLASHADDRESS_H,W
000000	0023	BANKSEL EEADDRESS_H
000030	0092	MOVWF EEADDRESS_H
000000	0020	BANKSEL MYWORD
000032	0824	MOVF MYWORD,W
000000	0023	BANKSEL EEDATAWORD
000034	0093	MOVWF EEDATAWORD
000000	0020	BANKSEL MYWORD_H
000036	0825	MOVF MYWORD_H,W
000000	0023	BANKSEL EEDATAWORD_H
000038	0094	MOVWF EEDATAWORD_H
000000	0020	BANKSEL STATUS
00003A	20BE	CALL PROGRAMWRITE
00003B	30A0	MOVLW 160
00003C	00A0	MOVWF MYFLASHADDRESS
00003D	303F	MOVLW 63
00003E	00A1	MOVWF MYFLASHADDRESS_H
00003F	01A2	CLRF MYFLASHADDRESS_U
000040	01A3	CLRF MYFLASHADDRESS_E
000041	0820	MOVF MYFLASHADDRESS,W
000000	0023	BANKSEL EEADDRESS
000043	0091	MOVWF EEADDRESS
000000	0020	BANKSEL MYFLASHADDRESS_H
000045	0821	MOVF MYFLASHADDRESS_H,W
000000	0023	BANKSEL EEADDRESS_H
000047	0092	MOVWF EEADDRESS_H
000000	0020	BANKSEL STATUS
000049	20B6	CALL PROGRAMREAD
000000	0023	BANKSEL EEDATAWORD
00004B	0813	MOVF EEDATAWORD,W
000000	0020	BANKSEL MYWORD
00004D	00A4	MOVWF MYWORD
000000	0023	BANKSEL EEDATAWORD_H
00004F	0814	MOVF EEDATAWORD_H,W
000000	0020	BANKSEL MYWORD_H
000051	00A5	MOVWF MYWORD_H
000000	0023	BANKSEL EEADDRESS
000053	0191	CLRF EEADDRESS
000054	0192	CLRF EEADDRESS_H
000000	0020	BANKSEL MYWORD_H
000056	0825	MOVF MYWORD_H,W
000000	0023	BANKSEL EEDATAVALUE
000058	0093	MOVWF EEDATAVALUE
000000	0020	BANKSEL STATUS
00005A	2093	CALL EPWRITE
00005B	3001	MOVLW 1
000000	0023	BANKSEL EEADDRESS
00005D	0091	MOVWF EEADDRESS
00005E	0192	CLRF EEADDRESS_H
000000	0020	BANKSEL MYWORD
000060	0824	MOVF MYWORD,W
000000	0023	BANKSEL EEDATAVALUE
000062	0093	MOVWF EEDATAVALUE
000000	0020	BANKSEL STATUS
000064	2093	CALL EPWRITE
000065	30A1	MOVLW 161
000066	00A0	MOVWF MYFLASHADDRESS
000067	303F	MOVLW 63
000068	00A1	MOVWF MYFLASHADDRESS_H
000069	01A2	CLRF MYFLASHADDRESS_U
00006A	01A3	CLRF MYFLASHADDRESS_E
00006B	0820	MOVF MYFLASHADDRESS,W
000000	0023	BANKSEL EEADDRESS
00006D	0091	MOVWF EEADDRESS
000000	0020	BANKSEL MYFLASHADDRESS_H
00006F	0821	MOVF MYFLASHADDRESS_H,W
000000	0023	BANKSEL EEADDRESS_H
000071	0092	MOVWF EEADDRESS_H
000000	0020	BANKSEL STATUS
000073	20B6	CALL PROGRAMREAD
000000	0023	BANKSEL EEDATAWORD
000075	0813	MOVF EEDATAWORD,W
000000	0020	BANKSEL MYWORD
000077	00A4	MOVWF MYWORD
000000	0023	BANKSEL EEDATAWORD_H
000079	0814	MOVF EEDATAWORD_H,W
000000	0020	BANKSEL MYWORD_H
00007B	00A5	MOVWF MYWORD_H
00007C	3002	MOVLW 2
000000	0023	BANKSEL EEADDRESS
00007E	0091	MOVWF EEADDRESS
00007F	0192	CLRF EEADDRESS_H
000000	0020	BANKSEL MYWORD_H
000081	0825	MOVF MYWORD_H,W
000000	0023	BANKSEL EEDATAVALUE
000083	0093	MOVWF EEDATAVALUE
000000	0020	BANKSEL STATUS
000085	2093	CALL EPWRITE
000086	3003	MOVLW 3
000000	0023	BANKSEL EEADDRESS
000088	0091	MOVWF EEADDRESS
000089	0192	CLRF EEADDRESS_H
000000	0020	BANKSEL MYWORD
00008B	0824	MOVF MYWORD,W
000000	0023	BANKSEL EEDATAVALUE
00008D	0093	MOVWF EEDATAVALUE
000000	0020	BANKSEL STATUS
00008F	2093	CALL EPWRITE
000090	2891	GOTO BASPROGRAMEND
		BASPROGRAMEND
000091	0063	SLEEP
000092	2891	GOTO BASPROGRAMEND


		EPWRITE
000000	0023	BANKSEL EECON1
000094	1395	BCF EECON1,EEPGD
000095	1315	BCF EECON1,CFGS
000096	1515	BSF EECON1,WREN
000097	3055	MOVLW 85
000098	0096	MOVWF EECON2
000099	30AA	MOVLW 170
00009A	0096	MOVWF EECON2
00009B	1495	BSF EECON1,WR
00009C	1115	BCF EECON1,WREN
		SYSWAITLOOP1
00009D	1895	BTFSC EECON1,WR
00009E	289D	GOTO SYSWAITLOOP1
00009F	1115	BCF EECON1,WREN
000000	0020	BANKSEL STATUS
0000A1	0008	RETURN


		INITSYS
000000	0021	BANKSEL OSCCON
0000A3	1719	BSF OSCCON,IRCF3
0000A4	1699	BSF OSCCON,IRCF2
0000A5	1619	BSF OSCCON,IRCF1
0000A6	1199	BCF OSCCON,IRCF0
0000A7	1799	BSF OSCCON,SPLLEN
0000A8	139E	BCF ADCON1,ADFM
0000A9	101D	BCF ADCON0,ADON
000000	0023	BANKSEL ANSELA
0000AB	018C	CLRF ANSELA
0000AC	018D	CLRF ANSELB
000000	0022	BANKSEL CM2CON0
0000AE	1393	BCF CM2CON0,C2ON
0000AF	1391	BCF CM1CON0,C1ON
000000	0020	BANKSEL PORTA
0000B1	018C	CLRF PORTA
0000B2	018D	CLRF PORTB
0000B3	018E	CLRF PORTC
0000B4	0190	CLRF PORTE
0000B5	0008	RETURN


		PROGRAMREAD
000000	0023	BANKSEL EECON1
0000B7	1795	BSF EECON1,EEPGD
0000B8	1315	BCF EECON1,CFGS
0000B9	1415	BSF EECON1,RD
0000BA	0000	NOP
0000BB	0000	NOP
000000	0020	BANKSEL STATUS
0000BD	0008	RETURN


		PROGRAMWRITE
000000	0023	BANKSEL EECON1
0000BF	1795	BSF EECON1,EEPGD
0000C0	1315	BCF EECON1,CFGS
0000C1	1515	BSF EECON1,WREN
0000C2	1215	BCF EECON1,FREE
0000C3	3055	MOVLW 85
0000C4	0096	MOVWF EECON2
0000C5	30AA	MOVLW 170
0000C6	0096	MOVWF EECON2
0000C7	1495	BSF EECON1,WR
0000C8	0000	NOP
0000C9	0000	NOP
0000CA	1115	BCF EECON1,WREN
000000	0020	BANKSEL STATUS
0000CC	0008	RETURN









