GCASM List File (GCBASIC 0.98.<<>> 2019-02-14 (Windows 32 bit))

Symbols:
-X 	EQU 	30
-Y 	EQU 	26
-Z 	EQU 	18
ACBG 	EQU 	6
ACD 	EQU 	7
ACI 	EQU 	4
ACIC 	EQU 	2
ACIE 	EQU 	3
ACIS0 	EQU 	0
ACIS1 	EQU 	1
ACME 	EQU 	6
ACO 	EQU 	5
ACSR 	EQU 	48
ADATE 	EQU 	5
ADC0D 	EQU 	0
ADC1D 	EQU 	1
ADC2D 	EQU 	2
ADC3D 	EQU 	3
ADC4D 	EQU 	4
ADC5D 	EQU 	5
ADCH 	EQU 	121
ADCH0 	EQU 	0
ADCH1 	EQU 	1
ADCH2 	EQU 	2
ADCH3 	EQU 	3
ADCH4 	EQU 	4
ADCH5 	EQU 	5
ADCH6 	EQU 	6
ADCH7 	EQU 	7
ADCL 	EQU 	120
ADCL0 	EQU 	0
ADCL1 	EQU 	1
ADCL2 	EQU 	2
ADCL3 	EQU 	3
ADCL4 	EQU 	4
ADCL5 	EQU 	5
ADCL6 	EQU 	6
ADCL7 	EQU 	7
ADCSRA 	EQU 	122
ADCSRB 	EQU 	123
ADEN 	EQU 	7
ADIE 	EQU 	3
ADIF 	EQU 	4
ADLAR 	EQU 	5
ADMUX 	EQU 	124
ADPS0 	EQU 	0
ADPS1 	EQU 	1
ADPS2 	EQU 	2
ADSC 	EQU 	6
ADTS0 	EQU 	0
ADTS1 	EQU 	1
ADTS2 	EQU 	2
AIN0D 	EQU 	0
AIN1D 	EQU 	1
AMBIENT 	EQU 	306
AMBIENT_H 	EQU 	307
AS2 	EQU 	5
ASSR 	EQU 	182
AVRHI2CMODE 	EQU 	901
AVRHI2CRECEIVE 	EQU 	922
AVRHI2CSEND 	EQU 	951
AVRHI2CSTART 	EQU 	1036
AVRHI2CSTOP 	EQU 	1068
BASPROGRAMEND 	EQU 	899
BASPROGRAMSTART 	EQU 	52
BLBSET 	EQU 	3
BODS 	EQU 	6
BODSE 	EQU 	5
BORF 	EQU 	2
C 	EQU 	0
CAL0 	EQU 	0
CAL1 	EQU 	1
CAL2 	EQU 	2
CAL3 	EQU 	3
CAL4 	EQU 	4
CAL5 	EQU 	5
CAL6 	EQU 	6
CAL7 	EQU 	7
CLKPCE 	EQU 	7
CLKPR 	EQU 	97
CLKPS0 	EQU 	0
CLKPS1 	EQU 	1
CLKPS2 	EQU 	2
CLKPS3 	EQU 	3
COM0A0 	EQU 	6
COM0A1 	EQU 	7
COM0B0 	EQU 	4
COM0B1 	EQU 	5
COM1A0 	EQU 	6
COM1A1 	EQU 	7
COM1B0 	EQU 	4
COM1B1 	EQU 	5
COM2A0 	EQU 	6
COM2A1 	EQU 	7
COM2B0 	EQU 	4
COM2B1 	EQU 	5
COMPORT 	EQU 	308
CPHA 	EQU 	2
CPOL 	EQU 	3
CS00 	EQU 	0
CS01 	EQU 	1
CS02 	EQU 	2
CS10 	EQU 	0
CS11 	EQU 	1
CS12 	EQU 	2
CS20 	EQU 	0
CS21 	EQU 	1
CS22 	EQU 	2
CTR 	EQU 	309
DA 	EQU 	287
DDB0 	EQU 	0
DDB1 	EQU 	1
DDB2 	EQU 	2
DDB3 	EQU 	3
DDB4 	EQU 	4
DDB5 	EQU 	5
DDB6 	EQU 	6
DDB7 	EQU 	7
DDC0 	EQU 	0
DDC1 	EQU 	1
DDC2 	EQU 	2
DDC3 	EQU 	3
DDC4 	EQU 	4
DDC5 	EQU 	5
DDC6 	EQU 	6
DDD0 	EQU 	0
DDD1 	EQU 	1
DDD2 	EQU 	2
DDD3 	EQU 	3
DDD4 	EQU 	4
DDD5 	EQU 	5
DDD6 	EQU 	6
DDD7 	EQU 	7
DDRB 	EQU 	4
DDRC 	EQU 	7
DDRD 	EQU 	10
DELAYTEMP 	EQU 	r25
DELAYTEMP2 	EQU 	r26
DELAY_MS 	EQU 	1074
DELAY_S 	EQU 	1086
DEVERROR 	EQU 	310
DIDR0 	EQU 	126
DIDR1 	EQU 	127
DISTANCE 	EQU 	311
DISTANCE_H 	EQU 	312
DIV8CONT 	EQU 	1447
DIV8NOTNEG 	EQU 	1457
DMS_INNER 	EQU 	1077
DMS_OUTER 	EQU 	1076
DMS_START 	EQU 	1075
DOR0 	EQU 	3
DORD 	EQU 	5
DS_START 	EQU 	1086
EEAR0 	EQU 	0
EEAR1 	EQU 	1
EEAR2 	EQU 	2
EEAR3 	EQU 	3
EEAR4 	EQU 	4
EEAR5 	EQU 	5
EEAR6 	EQU 	6
EEAR7 	EQU 	7
EEAR8 	EQU 	0
EEAR9 	EQU 	1
EEARH 	EQU 	34
EEARL 	EQU 	33
EECR 	EQU 	31
EEDR 	EQU 	32
EEDR0 	EQU 	0
EEDR1 	EQU 	1
EEDR2 	EQU 	2
EEDR3 	EQU 	3
EEDR4 	EQU 	4
EEDR5 	EQU 	5
EEDR6 	EQU 	6
EEDR7 	EQU 	7
EEMPE 	EQU 	2
EEPE 	EQU 	1
EEPM0 	EQU 	4
EEPM1 	EQU 	5
EERE 	EQU 	0
EERIE 	EQU 	3
EICRA 	EQU 	105
EIFR 	EQU 	28
EIMSK 	EQU 	29
ELSE29_1 	EQU 	1066
ELSE30_1 	EQU 	933
ELSE33_1 	EQU 	1102
ENDIF10 	EQU 	497
ENDIF11 	EQU 	516
ENDIF12 	EQU 	535
ENDIF13 	EQU 	554
ENDIF14 	EQU 	573
ENDIF15 	EQU 	592
ENDIF16 	EQU 	611
ENDIF17 	EQU 	630
ENDIF18 	EQU 	1266
ENDIF19 	EQU 	1307
ENDIF20 	EQU 	1348
ENDIF21 	EQU 	1388
ENDIF22 	EQU 	1191
ENDIF23 	EQU 	1154
ENDIF26 	EQU 	911
ENDIF27 	EQU 	915
ENDIF28 	EQU 	1044
ENDIF29 	EQU 	1067
ENDIF3 	EQU 	364
ENDIF30 	EQU 	939
ENDIF31 	EQU 	1478
ENDIF32 	EQU 	1500
ENDIF33 	EQU 	1105
ENDIF4 	EQU 	383
ENDIF5 	EQU 	402
ENDIF6 	EQU 	421
ENDIF7 	EQU 	440
ENDIF8 	EQU 	459
ENDIF9 	EQU 	478
EXCLK 	EQU 	6
EXTREF 	EQU 	1
EXTRF 	EQU 	1
FE0 	EQU 	4
FN_HI2CSTARTOCCURRED 	EQU 	1092
FN_STR 	EQU 	1222
FOC0A 	EQU 	7
FOC0B 	EQU 	6
FOC1A 	EQU 	7
FOC1B 	EQU 	6
FOC2A 	EQU 	7
FOC2B 	EQU 	6
GPIOR0 	EQU 	30
GPIOR00 	EQU 	0
GPIOR01 	EQU 	1
GPIOR02 	EQU 	2
GPIOR03 	EQU 	3
GPIOR04 	EQU 	4
GPIOR05 	EQU 	5
GPIOR06 	EQU 	6
GPIOR07 	EQU 	7
GPIOR1 	EQU 	42
GPIOR10 	EQU 	0
GPIOR11 	EQU 	1
GPIOR12 	EQU 	2
GPIOR13 	EQU 	3
GPIOR14 	EQU 	4
GPIOR15 	EQU 	5
GPIOR16 	EQU 	6
GPIOR17 	EQU 	7
GPIOR2 	EQU 	43
GPIOR20 	EQU 	0
GPIOR21 	EQU 	1
GPIOR22 	EQU 	2
GPIOR23 	EQU 	3
GPIOR24 	EQU 	4
GPIOR25 	EQU 	5
GPIOR26 	EQU 	6
GPIOR27 	EQU 	7
GTCCR 	EQU 	35
H 	EQU 	5
HI2CACKPOLLSTATE 	EQU 	313
HI2CCURRENTMODE 	EQU 	314
HI2CGETACK 	EQU 	315
HI2CSTARTOCCURRED 	EQU 	316
HI2CWAITMSSPTIMEOUT 	EQU 	317
HIC2INIT 	EQU 	1106
HSERPRINT256 	EQU 	1110
HSERPRINTCRLF 	EQU 	1155
HSERPRINTCRLFCOUNT 	EQU 	318
HSERSEND 	EQU 	1179
I 	EQU 	7
I2CBYTE 	EQU 	319
ICES1 	EQU 	6
ICF1 	EQU 	5
ICIE1 	EQU 	5
ICNC1 	EQU 	7
ICR1H 	EQU 	135
ICR1L 	EQU 	134
INITSYS 	EQU 	1192
INITUSART 	EQU 	1199
INT0 	EQU 	0
INT1 	EQU 	1
INTF0 	EQU 	0
INTF1 	EQU 	1
ISC00 	EQU 	0
ISC01 	EQU 	1
ISC10 	EQU 	2
ISC11 	EQU 	3
IVCE 	EQU 	0
IVSEL 	EQU 	1
MCUCR 	EQU 	53
MCUSR 	EQU 	52
MPCM0 	EQU 	0
MSTR 	EQU 	4
MUX0 	EQU 	0
MUX1 	EQU 	1
MUX2 	EQU 	2
MUX3 	EQU 	3
N 	EQU 	2
OCF0A 	EQU 	1
OCF0B 	EQU 	2
OCF1A 	EQU 	1
OCF1B 	EQU 	2
OCF2A 	EQU 	1
OCF2B 	EQU 	2
OCIE0A 	EQU 	1
OCIE0B 	EQU 	2
OCIE1A 	EQU 	1
OCIE1B 	EQU 	2
OCIE2A 	EQU 	1
OCIE2B 	EQU 	2
OCR0A 	EQU 	39
OCR0A_0 	EQU 	0
OCR0A_1 	EQU 	1
OCR0A_2 	EQU 	2
OCR0A_3 	EQU 	3
OCR0A_4 	EQU 	4
OCR0A_5 	EQU 	5
OCR0A_6 	EQU 	6
OCR0A_7 	EQU 	7
OCR0B 	EQU 	40
OCR0B_0 	EQU 	0
OCR0B_1 	EQU 	1
OCR0B_2 	EQU 	2
OCR0B_3 	EQU 	3
OCR0B_4 	EQU 	4
OCR0B_5 	EQU 	5
OCR0B_6 	EQU 	6
OCR0B_7 	EQU 	7
OCR1AH 	EQU 	137
OCR1AL 	EQU 	136
OCR1BH 	EQU 	139
OCR1BL 	EQU 	138
OCR2A 	EQU 	179
OCR2AUB 	EQU 	3
OCR2A_0 	EQU 	0
OCR2A_1 	EQU 	1
OCR2A_2 	EQU 	2
OCR2A_3 	EQU 	3
OCR2A_4 	EQU 	4
OCR2A_5 	EQU 	5
OCR2A_6 	EQU 	6
OCR2A_7 	EQU 	7
OCR2B 	EQU 	180
OCR2BUB 	EQU 	2
OCR2B_0 	EQU 	0
OCR2B_1 	EQU 	1
OCR2B_2 	EQU 	2
OCR2B_3 	EQU 	3
OCR2B_4 	EQU 	4
OCR2B_5 	EQU 	5
OCR2B_6 	EQU 	6
OCR2B_7 	EQU 	7
OSCCAL 	EQU 	102
OSCCAL0 	EQU 	0
OSCCAL1 	EQU 	1
OSCCAL2 	EQU 	2
OSCCAL3 	EQU 	3
OSCCAL4 	EQU 	4
OSCCAL5 	EQU 	5
OSCCAL6 	EQU 	6
OSCCAL7 	EQU 	7
PB0 	EQU 	0
PB1 	EQU 	1
PB2 	EQU 	2
PB3 	EQU 	3
PB4 	EQU 	4
PB5 	EQU 	5
PB6 	EQU 	6
PB7 	EQU 	7
PC0 	EQU 	0
PC1 	EQU 	1
PC2 	EQU 	2
PC3 	EQU 	3
PC4 	EQU 	4
PC5 	EQU 	5
PC6 	EQU 	6
PCICR 	EQU 	104
PCIE0 	EQU 	0
PCIE1 	EQU 	1
PCIE2 	EQU 	2
PCIF0 	EQU 	0
PCIF1 	EQU 	1
PCIF2 	EQU 	2
PCIFR 	EQU 	27
PCINT0 	EQU 	0
PCINT1 	EQU 	1
PCINT10 	EQU 	2
PCINT11 	EQU 	3
PCINT12 	EQU 	4
PCINT13 	EQU 	5
PCINT14 	EQU 	6
PCINT16 	EQU 	0
PCINT17 	EQU 	1
PCINT18 	EQU 	2
PCINT19 	EQU 	3
PCINT2 	EQU 	2
PCINT20 	EQU 	4
PCINT21 	EQU 	5
PCINT22 	EQU 	6
PCINT23 	EQU 	7
PCINT3 	EQU 	3
PCINT4 	EQU 	4
PCINT5 	EQU 	5
PCINT6 	EQU 	6
PCINT7 	EQU 	7
PCINT8 	EQU 	0
PCINT9 	EQU 	1
PCMSK0 	EQU 	107
PCMSK1 	EQU 	108
PCMSK2 	EQU 	109
PD0 	EQU 	0
PD1 	EQU 	1
PD2 	EQU 	2
PD3 	EQU 	3
PD4 	EQU 	4
PD5 	EQU 	5
PD6 	EQU 	6
PD7 	EQU 	7
PGERS 	EQU 	1
PGWRT 	EQU 	2
PINB 	EQU 	3
PINB0 	EQU 	0
PINB1 	EQU 	1
PINB2 	EQU 	2
PINB3 	EQU 	3
PINB4 	EQU 	4
PINB5 	EQU 	5
PINB6 	EQU 	6
PINB7 	EQU 	7
PINC 	EQU 	6
PINC0 	EQU 	0
PINC1 	EQU 	1
PINC2 	EQU 	2
PINC3 	EQU 	3
PINC4 	EQU 	4
PINC5 	EQU 	5
PINC6 	EQU 	6
PIND 	EQU 	9
PIND0 	EQU 	0
PIND1 	EQU 	1
PIND2 	EQU 	2
PIND3 	EQU 	3
PIND4 	EQU 	4
PIND5 	EQU 	5
PIND6 	EQU 	6
PIND7 	EQU 	7
PORF 	EQU 	0
PORTB 	EQU 	5
PORTB0 	EQU 	0
PORTB1 	EQU 	1
PORTB2 	EQU 	2
PORTB3 	EQU 	3
PORTB4 	EQU 	4
PORTB5 	EQU 	5
PORTB6 	EQU 	6
PORTB7 	EQU 	7
PORTC 	EQU 	8
PORTC0 	EQU 	0
PORTC1 	EQU 	1
PORTC2 	EQU 	2
PORTC3 	EQU 	3
PORTC4 	EQU 	4
PORTC5 	EQU 	5
PORTC6 	EQU 	6
PORTD 	EQU 	11
PORTD0 	EQU 	0
PORTD1 	EQU 	1
PORTD2 	EQU 	2
PORTD3 	EQU 	3
PORTD4 	EQU 	4
PORTD5 	EQU 	5
PORTD6 	EQU 	6
PORTD7 	EQU 	7
PRADC 	EQU 	0
PRINTLEN 	EQU 	320
PRR 	EQU 	100
PRSPI 	EQU 	2
PRTIM0 	EQU 	5
PRTIM1 	EQU 	3
PRTIM2 	EQU 	6
PRTWI 	EQU 	7
PRUSART0 	EQU 	1
PSR2 	EQU 	1
PSRASY 	EQU 	1
PSRSYNC 	EQU 	0
PUD 	EQU 	4
RAMEND 	EQU 	2303
REFS0 	EQU 	6
REFS1 	EQU 	7
RWWSB 	EQU 	6
RWWSRE 	EQU 	4
RXB80 	EQU 	1
RXC0 	EQU 	7
RXCIE0 	EQU 	7
RXEN0 	EQU 	4
S 	EQU 	4
SCE16FALSE 	EQU 	1420
SCLT16FALSE 	EQU 	1430
SCLT16TRUE 	EQU 	1429
SE 	EQU 	0
SELFPRGEN 	EQU 	0
SERDATA 	EQU 	321
SIGNAL 	EQU 	322
SIGNAL_H 	EQU 	323
SM0 	EQU 	1
SM1 	EQU 	2
SM2 	EQU 	3
SMCR 	EQU 	51
SPAD 	EQU 	324
SPAD_H 	EQU 	325
SPCR 	EQU 	44
SPDR 	EQU 	46
SPDR0 	EQU 	0
SPDR1 	EQU 	1
SPDR2 	EQU 	2
SPDR3 	EQU 	3
SPDR4 	EQU 	4
SPDR5 	EQU 	5
SPDR6 	EQU 	6
SPDR7 	EQU 	7
SPE 	EQU 	6
SPH 	EQU 	62
SPI2X 	EQU 	0
SPIE 	EQU 	7
SPIF 	EQU 	7
SPL 	EQU 	61
SPMCSR 	EQU 	55
SPMIE 	EQU 	7
SPR0 	EQU 	0
SPR1 	EQU 	1
SPSR 	EQU 	45
SREG 	EQU 	63
SREG_C 	EQU 	0
SREG_H 	EQU 	5
SREG_I 	EQU 	7
SREG_N 	EQU 	2
SREG_S 	EQU 	4
SREG_T 	EQU 	6
SREG_V 	EQU 	3
SREG_Z 	EQU 	1
STR 	EQU 	300
STRINGPOINTER 	EQU 	326
STRINGTABLE1 	EQU 	1541
STRINGTABLE10 	EQU 	1618
STRINGTABLE11 	EQU 	1630
STRINGTABLE12 	EQU 	1633
STRINGTABLE13 	EQU 	1643
STRINGTABLE14 	EQU 	1648
STRINGTABLE15 	EQU 	1656
STRINGTABLE16 	EQU 	1664
STRINGTABLE17 	EQU 	1672
STRINGTABLE18 	EQU 	1684
STRINGTABLE19 	EQU 	1690
STRINGTABLE2 	EQU 	1543
STRINGTABLE20 	EQU 	1696
STRINGTABLE21 	EQU 	1698
STRINGTABLE22 	EQU 	1703
STRINGTABLE23 	EQU 	1706
STRINGTABLE24 	EQU 	1714
STRINGTABLE3 	EQU 	1548
STRINGTABLE4 	EQU 	1553
STRINGTABLE5 	EQU 	1569
STRINGTABLE6 	EQU 	1584
STRINGTABLE7 	EQU 	1594
STRINGTABLE8 	EQU 	1602
STRINGTABLE9 	EQU 	1608
SYSBITTEST 	EQU 	r5
SYSBYTETEMPA 	EQU 	r22
SYSBYTETEMPB 	EQU 	r28
SYSBYTETEMPX 	EQU 	r0
SYSCALCTEMPA 	EQU 	r22
SYSCALCTEMPB 	EQU 	r28
SYSCALCTEMPX 	EQU 	r0
SYSCALCTEMPX_H 	EQU 	r1
SYSCHARCOUNT 	EQU 	327
SYSCOMPEQUAL16 	EQU 	1414
SYSCOMPLESSTHAN16 	EQU 	1421
SYSCOPYSTRING 	EQU 	1431
SYSCOPYSTRINGCHECK 	EQU 	1436
SYSCOPYSTRINGPART 	EQU 	1434
SYSDA_1 	EQU 	288
SYSDA_10 	EQU 	297
SYSDA_11 	EQU 	298
SYSDA_12 	EQU 	299
SYSDA_3 	EQU 	290
SYSDA_4 	EQU 	291
SYSDA_7 	EQU 	294
SYSDA_8 	EQU 	295
SYSDA_9 	EQU 	296
SYSDIV16START 	EQU 	1480
SYSDIV8START 	EQU 	1450
SYSDIVLOOP 	EQU 	r5
SYSDIVMULTA 	EQU 	r24
SYSDIVMULTA_H 	EQU 	r25
SYSDIVMULTB 	EQU 	r30
SYSDIVMULTB_H 	EQU 	r31
SYSDIVMULTX 	EQU 	r2
SYSDIVMULTX_H 	EQU 	r3
SYSDIVSUB 	EQU 	1444
SYSDIVSUB16 	EQU 	1460
SYSDOLOOP_E1 	EQU 	899
SYSDOLOOP_E2 	EQU 	1054
SYSDOLOOP_E3 	EQU 	965
SYSDOLOOP_E4 	EQU 	946
SYSDOLOOP_S1 	EQU 	63
SYSDOLOOP_S2 	EQU 	1049
SYSDOLOOP_S3 	EQU 	960
SYSDOLOOP_S4 	EQU 	941
SYSFORLOOP1 	EQU 	238
SYSFORLOOP2 	EQU 	267
SYSFORLOOP3 	EQU 	1128
SYSFORLOOPEND1 	EQU 	263
SYSFORLOOPEND2 	EQU 	313
SYSFORLOOPEND3 	EQU 	1154
SYSMULTSUB16 	EQU 	1507
SYSPRINTDATAHANDLER 	EQU 	328
SYSPRINTDATAHANDLER_H 	EQU 	329
SYSPRINTTEMP 	EQU 	330
SYSREADA 	EQU 	r30
SYSREADA_H 	EQU 	r31
SYSREADSTRING 	EQU 	1517
SYSREADSTRINGPART 	EQU 	1524
SYSREPEATLOOP1 	EQU 	1164
SYSREPEATLOOPEND1 	EQU 	1178
SYSREPEATTEMP1 	EQU 	331
SYSSELECT1CASE1 	EQU 	974
SYSSELECT1CASE2 	EQU 	979
SYSSELECT1CASE3 	EQU 	987
SYSSELECT1CASE4 	EQU 	995
SYSSELECT1CASE5 	EQU 	1003
SYSSELECT1CASE6 	EQU 	1011
SYSSELECT1CASE7 	EQU 	1019
SYSSELECT1CASE8 	EQU 	1027
SYSSELECT1CASE9 	EQU 	1035
SYSSELECTEND1 	EQU 	1035
SYSSTRDATA 	EQU 	332
SYSSTRINGA 	EQU 	r26
SYSSTRINGA_H 	EQU 	r27
SYSSTRINGB 	EQU 	r28
SYSSTRINGB_H 	EQU 	r29
SYSSTRINGCOPY 	EQU 	1439
SYSSTRINGLENGTH 	EQU 	r25
SYSSTRINGPARAM1 	EQU 	256
SYSSTRINGREAD 	EQU 	1533
SYSSTRINGREADCHECK 	EQU 	1530
SYSSTRINGTABLES 	EQU 	1541
SYSSTR_0 	EQU 	300
SYSTEMP1 	EQU 	r6
SYSTEMP1_H 	EQU 	r7
SYSTEMP2 	EQU 	r16
SYSTEMP3 	EQU 	r17
SYSVALHUNDREDS 	EQU 	1317
SYSVALTEMP 	EQU 	333
SYSVALTEMP_H 	EQU 	334
SYSVALTENS 	EQU 	1358
SYSVALTHOUSANDS 	EQU 	1276
SYSVALUECOPY 	EQU 	r21
SYSWAITLOOP1 	EQU 	1183
SYSWAITTEMPMS 	EQU 	r29
SYSWAITTEMPMS_H 	EQU 	r30
SYSWAITTEMPS 	EQU 	r31
SYSWORDTEMPA 	EQU 	r22
SYSWORDTEMPA_H 	EQU 	r23
SYSWORDTEMPB 	EQU 	r28
SYSWORDTEMPB_H 	EQU 	r29
SYSWORDTEMPX 	EQU 	r0
SYSWORDTEMPX_H 	EQU 	r1
T 	EQU 	6
TCCR0A 	EQU 	36
TCCR0B 	EQU 	37
TCCR1A 	EQU 	128
TCCR1B 	EQU 	129
TCCR1C 	EQU 	130
TCCR2A 	EQU 	176
TCCR2B 	EQU 	177
TCN2UB 	EQU 	4
TCNT0 	EQU 	38
TCNT0_0 	EQU 	0
TCNT0_1 	EQU 	1
TCNT0_2 	EQU 	2
TCNT0_3 	EQU 	3
TCNT0_4 	EQU 	4
TCNT0_5 	EQU 	5
TCNT0_6 	EQU 	6
TCNT0_7 	EQU 	7
TCNT1H 	EQU 	133
TCNT1L 	EQU 	132
TCNT2 	EQU 	178
TCNT2_0 	EQU 	0
TCNT2_1 	EQU 	1
TCNT2_2 	EQU 	2
TCNT2_3 	EQU 	3
TCNT2_4 	EQU 	4
TCNT2_5 	EQU 	5
TCNT2_6 	EQU 	6
TCNT2_7 	EQU 	7
TCR2AUB 	EQU 	1
TCR2BUB 	EQU 	0
TIFR0 	EQU 	21
TIFR1 	EQU 	22
TIFR2 	EQU 	23
TIMSK0 	EQU 	110
TIMSK1 	EQU 	111
TIMSK2 	EQU 	112
TMP 	EQU 	335
TOIE0 	EQU 	0
TOIE1 	EQU 	0
TOIE2 	EQU 	0
TOIE2A 	EQU 	0
TOV0 	EQU 	0
TOV1 	EQU 	0
TOV2 	EQU 	0
TSM 	EQU 	7
TWA0 	EQU 	1
TWA1 	EQU 	2
TWA2 	EQU 	3
TWA3 	EQU 	4
TWA4 	EQU 	5
TWA5 	EQU 	6
TWA6 	EQU 	7
TWAM0 	EQU 	1
TWAM1 	EQU 	2
TWAM2 	EQU 	3
TWAM3 	EQU 	4
TWAM4 	EQU 	5
TWAM5 	EQU 	6
TWAM6 	EQU 	7
TWAMR 	EQU 	189
TWAMR0 	EQU 	1
TWAMR1 	EQU 	2
TWAMR2 	EQU 	3
TWAMR3 	EQU 	4
TWAMR4 	EQU 	5
TWAMR5 	EQU 	6
TWAMR6 	EQU 	7
TWAR 	EQU 	186
TWBR 	EQU 	184
TWBR0 	EQU 	0
TWBR1 	EQU 	1
TWBR2 	EQU 	2
TWBR3 	EQU 	3
TWBR4 	EQU 	4
TWBR5 	EQU 	5
TWBR6 	EQU 	6
TWBR7 	EQU 	7
TWCR 	EQU 	188
TWD0 	EQU 	0
TWD1 	EQU 	1
TWD2 	EQU 	2
TWD3 	EQU 	3
TWD4 	EQU 	4
TWD5 	EQU 	5
TWD6 	EQU 	6
TWD7 	EQU 	7
TWDR 	EQU 	187
TWEA 	EQU 	6
TWEN 	EQU 	2
TWGCE 	EQU 	0
TWIE 	EQU 	0
TWINT 	EQU 	7
TWPS0 	EQU 	0
TWPS1 	EQU 	1
TWS3 	EQU 	3
TWS4 	EQU 	4
TWS5 	EQU 	5
TWS6 	EQU 	6
TWS7 	EQU 	7
TWSR 	EQU 	185
TWSTA 	EQU 	5
TWSTO 	EQU 	4
TWWC 	EQU 	3
TXB80 	EQU 	0
TXC0 	EQU 	6
TXCIE0 	EQU 	6
TXEN0 	EQU 	3
U2X0 	EQU 	1
UBRR0H 	EQU 	197
UBRR0L 	EQU 	196
UBRR10 	EQU 	2
UBRR11 	EQU 	3
UBRR2 	EQU 	2
UBRR3 	EQU 	3
UBRR4 	EQU 	4
UBRR5 	EQU 	5
UBRR6 	EQU 	6
UBRR7 	EQU 	7
UBRR8 	EQU 	0
UBRR9 	EQU 	1
UCPHA0 	EQU 	1
UCPOL0 	EQU 	0
UCSR0A 	EQU 	192
UCSR0B 	EQU 	193
UCSR0C 	EQU 	194
UCSZ00 	EQU 	1
UCSZ01 	EQU 	2
UCSZ02 	EQU 	2
UDORD0 	EQU 	2
UDR0 	EQU 	198
UDR0_0 	EQU 	0
UDR0_1 	EQU 	1
UDR0_2 	EQU 	2
UDR0_3 	EQU 	3
UDR0_4 	EQU 	4
UDR0_5 	EQU 	5
UDR0_6 	EQU 	6
UDR0_7 	EQU 	7
UDRE0 	EQU 	5
UDRIE0 	EQU 	5
UMSEL0 	EQU 	6
UMSEL00 	EQU 	6
UMSEL01 	EQU 	7
UMSEL1 	EQU 	7
UPE0 	EQU 	2
UPM00 	EQU 	4
UPM01 	EQU 	5
USBS0 	EQU 	3
V 	EQU 	3
WCOL 	EQU 	6
WDCE 	EQU 	4
WDE 	EQU 	3
WDIE 	EQU 	6
WDIF 	EQU 	7
WDP0 	EQU 	0
WDP1 	EQU 	1
WDP2 	EQU 	2
WDP3 	EQU 	5
WDRF 	EQU 	3
WDTCSR 	EQU 	96
WGM00 	EQU 	0
WGM01 	EQU 	1
WGM02 	EQU 	3
WGM10 	EQU 	0
WGM11 	EQU 	1
WGM12 	EQU 	3
WGM13 	EQU 	4
WGM20 	EQU 	0
WGM21 	EQU 	1
WGM22 	EQU 	3
X 	EQU 	28
X+ 	EQU 	29
Y 	EQU 	8
Y+ 	EQU 	25
Z 	EQU 	1
Z+ 	EQU 	17
_UBRR0 	EQU 	0
_UBRR1 	EQU 	1
rZ 	EQU 	0

Code:
Loc	Obj Code	Original Assembly

000000	C033	RJMP BASPROGRAMSTART

000002	9518	RETI

000004	9518	RETI

000006	9518	RETI

000008	9518	RETI

00000A	9518	RETI

00000C	9518	RETI

00000E	9518	RETI

000010	9518	RETI

000012	9518	RETI

000014	9518	RETI

000016	9518	RETI

000018	9518	RETI

00001A	9518	RETI

00001C	9518	RETI

00001E	9518	RETI

000020	9518	RETI

000022	9518	RETI

000024	9518	RETI

000026	9518	RETI

000028	9518	RETI

00002A	9518	RETI

00002C	9518	RETI

00002E	9518	RETI

000030	9518	RETI

000032	9518	RETI



		BASPROGRAMSTART
000034	E058	LDI SYSVALUECOPY,HIGH(RAMEND)
000035	BF5E	OUT SPH, SYSVALUECOPY
000036	EF5F	LDI SYSVALUECOPY,LOW(RAMEND)
000037	BF5D	OUT SPL, SYSVALUECOPY
000038	D46F	RCALL INITSYS
000039	D475	RCALL INITUSART
00003A	D417	RCALL HIC2INIT

00003B	E05C	LDI SYSVALUECOPY,12
00003C	9350 013A	STS HI2CCURRENTMODE,SYSVALUECOPY
00003E	D346	RCALL AVRHI2CMODE
		SYSDOLOOP_S1
00003F	D3CC	RCALL AVRHI2CSTART
000040	EE5C	LDI SYSVALUECOPY,236
000041	9350 013F	STS I2CBYTE,SYSVALUECOPY
000043	D373	RCALL AVRHI2CSEND
000044	EE5D	LDI SYSVALUECOPY,237
000045	9350 013F	STS I2CBYTE,SYSVALUECOPY
000047	D36F	RCALL AVRHI2CSEND
000048	EC50	LDI SYSVALUECOPY,192
000049	9350 013F	STS I2CBYTE,SYSVALUECOPY
00004B	D36B	RCALL AVRHI2CSEND
00004C	E050	LDI SYSVALUECOPY,0
00004D	9350 013B	STS HI2CGETACK,SYSVALUECOPY
00004F	D34A	RCALL AVRHI2CRECEIVE
000050	9150 013F	LDS SYSVALUECOPY,I2CBYTE
000052	9350 014F	STS TMP,SYSVALUECOPY
000054	D3D7	RCALL AVRHI2CSTOP
000055	9150 014F	LDS SYSVALUECOPY,TMP
000057	9350 014D	STS SYSVALTEMP,SYSVALUECOPY
000059	E050	LDI SYSVALUECOPY,0
00005A	9350 014E	STS SYSVALTEMP_H,SYSVALUECOPY
00005C	D469	RCALL FN_STR
00005D	E25C	LDI SYSVALUECOPY,LOW(STR)
00005E	9350 0148	STS SYSPRINTDATAHANDLER,SYSVALUECOPY
000060	E051	LDI SYSVALUECOPY,HIGH(STR)
000061	9350 0149	STS SYSPRINTDATAHANDLER_H,SYSVALUECOPY
000063	E051	LDI SYSVALUECOPY,1
000064	9350 0134	STS COMPORT,SYSVALUECOPY
000066	D3EF	RCALL HSERPRINT256
000067	E0DA	LDI SYSWAITTEMPMS,10
000068	E0E0	LDI SYSWAITTEMPMS_H,0
000069	D3C8	RCALL DELAY_MS
00006A	D3A1	RCALL AVRHI2CSTART
00006B	EE5C	LDI SYSVALUECOPY,236
00006C	9350 013F	STS I2CBYTE,SYSVALUECOPY
00006E	D348	RCALL AVRHI2CSEND
00006F	EE5D	LDI SYSVALUECOPY,237
000070	9350 013F	STS I2CBYTE,SYSVALUECOPY
000072	D344	RCALL AVRHI2CSEND
000073	EC51	LDI SYSVALUECOPY,193
000074	9350 013F	STS I2CBYTE,SYSVALUECOPY
000076	D340	RCALL AVRHI2CSEND
000077	E050	LDI SYSVALUECOPY,0
000078	9350 013B	STS HI2CGETACK,SYSVALUECOPY
00007A	D31F	RCALL AVRHI2CRECEIVE
00007B	9150 013F	LDS SYSVALUECOPY,I2CBYTE
00007D	9350 014F	STS TMP,SYSVALUECOPY
00007F	D3AC	RCALL AVRHI2CSTOP
000080	9150 014F	LDS SYSVALUECOPY,TMP
000082	9350 014D	STS SYSVALTEMP,SYSVALUECOPY
000084	E050	LDI SYSVALUECOPY,0
000085	9350 014E	STS SYSVALTEMP_H,SYSVALUECOPY
000087	D43E	RCALL FN_STR
000088	E25C	LDI SYSVALUECOPY,LOW(STR)
000089	9350 0148	STS SYSPRINTDATAHANDLER,SYSVALUECOPY
00008B	E051	LDI SYSVALUECOPY,HIGH(STR)
00008C	9350 0149	STS SYSPRINTDATAHANDLER_H,SYSVALUECOPY
00008E	E051	LDI SYSVALUECOPY,1
00008F	9350 0134	STS COMPORT,SYSVALUECOPY
000091	D3C4	RCALL HSERPRINT256
000092	E0DA	LDI SYSWAITTEMPMS,10
000093	E0E0	LDI SYSWAITTEMPMS_H,0
000094	D39D	RCALL DELAY_MS
000095	D376	RCALL AVRHI2CSTART
000096	EE5C	LDI SYSVALUECOPY,236
000097	9350 013F	STS I2CBYTE,SYSVALUECOPY
000099	D31D	RCALL AVRHI2CSEND
00009A	EE5D	LDI SYSVALUECOPY,237
00009B	9350 013F	STS I2CBYTE,SYSVALUECOPY
00009D	D319	RCALL AVRHI2CSEND
00009E	EC52	LDI SYSVALUECOPY,194
00009F	9350 013F	STS I2CBYTE,SYSVALUECOPY
0000A1	D315	RCALL AVRHI2CSEND
0000A2	E050	LDI SYSVALUECOPY,0
0000A3	9350 013B	STS HI2CGETACK,SYSVALUECOPY
0000A5	D2F4	RCALL AVRHI2CRECEIVE
0000A6	9150 013F	LDS SYSVALUECOPY,I2CBYTE
0000A8	9350 014F	STS TMP,SYSVALUECOPY
0000AA	D381	RCALL AVRHI2CSTOP
0000AB	9150 014F	LDS SYSVALUECOPY,TMP
0000AD	9350 014D	STS SYSVALTEMP,SYSVALUECOPY
0000AF	E050	LDI SYSVALUECOPY,0
0000B0	9350 014E	STS SYSVALTEMP_H,SYSVALUECOPY
0000B2	D413	RCALL FN_STR
0000B3	E25C	LDI SYSVALUECOPY,LOW(STR)
0000B4	9350 0148	STS SYSPRINTDATAHANDLER,SYSVALUECOPY
0000B6	E051	LDI SYSVALUECOPY,HIGH(STR)
0000B7	9350 0149	STS SYSPRINTDATAHANDLER_H,SYSVALUECOPY
0000B9	E051	LDI SYSVALUECOPY,1
0000BA	9350 0134	STS COMPORT,SYSVALUECOPY
0000BC	D399	RCALL HSERPRINT256
0000BD	E0F1	LDI SYSWAITTEMPS,1
0000BE	D37F	RCALL DELAY_S
0000BF	D34C	RCALL AVRHI2CSTART
0000C0	EE5C	LDI SYSVALUECOPY,236
0000C1	9350 013F	STS I2CBYTE,SYSVALUECOPY
0000C3	D2F3	RCALL AVRHI2CSEND
0000C4	E859	LDI SYSVALUECOPY,137
0000C5	9350 013F	STS I2CBYTE,SYSVALUECOPY
0000C7	D2EF	RCALL AVRHI2CSEND
0000C8	E051	LDI SYSVALUECOPY,1
0000C9	9350 013F	STS I2CBYTE,SYSVALUECOPY
0000CB	D2EB	RCALL AVRHI2CSEND
0000CC	D35F	RCALL AVRHI2CSTOP
0000CD	ECD8	LDI SYSWAITTEMPMS,200
0000CE	E0E0	LDI SYSWAITTEMPMS_H,0
0000CF	D362	RCALL DELAY_MS
0000D0	D33B	RCALL AVRHI2CSTART
0000D1	EE5C	LDI SYSVALUECOPY,236
0000D2	9350 013F	STS I2CBYTE,SYSVALUECOPY
0000D4	D2E2	RCALL AVRHI2CSEND
0000D5	E050	LDI SYSVALUECOPY,0
0000D6	9350 013F	STS I2CBYTE,SYSVALUECOPY
0000D8	D2DE	RCALL AVRHI2CSEND
0000D9	E051	LDI SYSVALUECOPY,1
0000DA	9350 013F	STS I2CBYTE,SYSVALUECOPY
0000DC	D2DA	RCALL AVRHI2CSEND
0000DD	D34E	RCALL AVRHI2CSTOP
0000DE	D32D	RCALL AVRHI2CSTART
0000DF	EE5C	LDI SYSVALUECOPY,236
0000E0	9350 013F	STS I2CBYTE,SYSVALUECOPY
0000E2	D2D4	RCALL AVRHI2CSEND
0000E3	EE5D	LDI SYSVALUECOPY,237
0000E4	9350 013F	STS I2CBYTE,SYSVALUECOPY
0000E6	D2D0	RCALL AVRHI2CSEND
0000E7	E154	LDI SYSVALUECOPY,20
0000E8	9350 013F	STS I2CBYTE,SYSVALUECOPY
0000EA	D2CC	RCALL AVRHI2CSEND
0000EB	E050	LDI SYSVALUECOPY,0
0000EC	9350 014F	STS TMP,SYSVALUECOPY
		SYSFORLOOP1
0000EE	9060 014F	LDS SYSTEMP1,TMP
0000F0	9463	INC SYSTEMP1
0000F1	9260 014F	STS TMP,SYSTEMP1
0000F3	EF5F	LDI SYSVALUECOPY,255
0000F4	9350 013B	STS HI2CGETACK,SYSVALUECOPY
0000F6	D2A3	RCALL AVRHI2CRECEIVE
0000F7	9060 014F	LDS SYSTEMP1,TMP
0000F9	E10F	LDI SYSTEMP2,LOW(DA)
0000FA	0E60	ADD SYSTEMP1,SYSTEMP2
0000FB	2DA6	MOV SYSSTRINGA,SYSTEMP1
0000FC	E000	LDI SYSTEMP2,0
0000FD	E011	LDI SYSTEMP3,HIGH(DA)
0000FE	1F01	ADC SYSTEMP2,SYSTEMP3
0000FF	2FB0	MOV SYSSTRINGA_H,SYSTEMP2
000100	9150 013F	LDS SYSVALUECOPY,I2CBYTE
000102	935C	ST X,SYSVALUECOPY
000103	9160 014F	LDS SYSCALCTEMPA,TMP
000105	306C	CPI SYSCALCTEMPA,12
000106	F338	BRLO SYSFORLOOP1
		SYSFORLOOPEND1
000107	D324	RCALL AVRHI2CSTOP
000108	E050	LDI SYSVALUECOPY,0
000109	9350 0135	STS CTR,SYSVALUECOPY
		SYSFORLOOP2
00010B	9060 0135	LDS SYSTEMP1,CTR
00010D	9463	INC SYSTEMP1
00010E	9260 0135	STS CTR,SYSTEMP1
000110	E10F	LDI SYSTEMP2,LOW(DA)
000111	0E60	ADD SYSTEMP1,SYSTEMP2
000112	2DA6	MOV SYSSTRINGA,SYSTEMP1
000113	E000	LDI SYSTEMP2,0
000114	E011	LDI SYSTEMP3,HIGH(DA)
000115	1F01	ADC SYSTEMP2,SYSTEMP3
000116	2FB0	MOV SYSSTRINGA_H,SYSTEMP2
000117	915C	LD SYSVALUECOPY,X
000118	9350 014D	STS SYSVALTEMP,SYSVALUECOPY
00011A	E050	LDI SYSVALUECOPY,0
00011B	9350 014E	STS SYSVALTEMP_H,SYSVALUECOPY
00011D	D3A8	RCALL FN_STR
00011E	E0C0	LDI SYSSTRINGB,LOW(SYSSTRINGPARAM1)
00011F	E0D1	LDI SYSSTRINGB_H,HIGH(SYSSTRINGPARAM1)
000120	2799	CLR SYSSTRINGLENGTH
000121	9159	LD SYSVALUECOPY, Y+
000122	E2AC	LDI SYSSTRINGA,LOW(STR)
000123	E0B1	LDI SYSSTRINGA_H,HIGH(STR)
000124	D475	RCALL SYSCOPYSTRINGPART
000125	E0EA	LDI SYSREADA,LOW(STRINGTABLE1<<1)
000126	E0FC	LDI SYSREADA_H,HIGH(STRINGTABLE1<<1)
000127	D4CC	RCALL SYSREADSTRINGPART
000128	E0A0	LDI SYSSTRINGA,LOW(SYSSTRINGPARAM1)
000129	E0B1	LDI SYSSTRINGA_H,HIGH(SYSSTRINGPARAM1)
00012A	939C	ST X, SYSSTRINGLENGTH
00012B	E050	LDI SYSVALUECOPY,LOW(SYSSTRINGPARAM1)
00012C	9350 0148	STS SYSPRINTDATAHANDLER,SYSVALUECOPY
00012E	E051	LDI SYSVALUECOPY,HIGH(SYSSTRINGPARAM1)
00012F	9350 0149	STS SYSPRINTDATAHANDLER_H,SYSVALUECOPY
000131	E051	LDI SYSVALUECOPY,1
000132	9350 0134	STS COMPORT,SYSVALUECOPY
000134	D321	RCALL HSERPRINT256
000135	9160 0135	LDS SYSCALCTEMPA,CTR
000137	306C	CPI SYSCALCTEMPA,12
000138	F290	BRLO SYSFORLOOP2
		SYSFORLOOPEND2
000139	E051	LDI SYSVALUECOPY,1
00013A	9350 013E	STS HSERPRINTCRLFCOUNT,SYSVALUECOPY
00013C	E051	LDI SYSVALUECOPY,1
00013D	9350 0134	STS COMPORT,SYSVALUECOPY
00013F	D343	RCALL HSERPRINTCRLF
000140	E708	LDI SYSTEMP2,120
000141	9110 0120	LDS SYSTEMP3,SYSDA_1
000143	2310	AND SYSTEMP3,SYSTEMP2
000144	2E61	MOV SYSTEMP1,SYSTEMP3
000145	2D66	MOV SYSBYTETEMPA,SYSTEMP1
000146	E0C8	LDI SYSBYTETEMPB,8
000147	D45C	RCALL SYSDIVSUB
000148	9360 0136	STS DEVERROR,SYSBYTETEMPA
00014A	E0C0	LDI SYSSTRINGB,LOW(SYSSTRINGPARAM1)
00014B	E0D1	LDI SYSSTRINGB_H,HIGH(SYSSTRINGPARAM1)
00014C	E0EE	LDI SYSREADA,LOW(STRINGTABLE2<<1)
00014D	E0FC	LDI SYSREADA_H,HIGH(STRINGTABLE2<<1)
00014E	D49E	RCALL SYSREADSTRING
00014F	E050	LDI SYSVALUECOPY,LOW(SYSSTRINGPARAM1)
000150	9350 0148	STS SYSPRINTDATAHANDLER,SYSVALUECOPY
000152	E051	LDI SYSVALUECOPY,HIGH(SYSSTRINGPARAM1)
000153	9350 0149	STS SYSPRINTDATAHANDLER_H,SYSVALUECOPY
000155	E051	LDI SYSVALUECOPY,1
000156	9350 0134	STS COMPORT,SYSVALUECOPY
000158	D2FD	RCALL HSERPRINT256
000159	9160 0136	LDS SYSCALCTEMPA,DEVERROR
00015B	2366	TST SYSCALCTEMPA
00015C	F479	BRNE ENDIF3
00015D	E0C0	LDI SYSSTRINGB,LOW(SYSSTRINGPARAM1)
00015E	E0D1	LDI SYSSTRINGB_H,HIGH(SYSSTRINGPARAM1)
00015F	E1E8	LDI SYSREADA,LOW(STRINGTABLE3<<1)
000160	E0FC	LDI SYSREADA_H,HIGH(STRINGTABLE3<<1)
000161	D48B	RCALL SYSREADSTRING
000162	E050	LDI SYSVALUECOPY,LOW(SYSSTRINGPARAM1)
000163	9350 0148	STS SYSPRINTDATAHANDLER,SYSVALUECOPY
000165	E051	LDI SYSVALUECOPY,HIGH(SYSSTRINGPARAM1)
000166	9350 0149	STS SYSPRINTDATAHANDLER_H,SYSVALUECOPY
000168	E051	LDI SYSVALUECOPY,1
000169	9350 0134	STS COMPORT,SYSVALUECOPY
00016B	D2EA	RCALL HSERPRINT256
		ENDIF3
00016C	9160 0136	LDS SYSCALCTEMPA,DEVERROR
00016E	3061	CPI SYSCALCTEMPA,1
00016F	F479	BRNE ENDIF4
000170	E0C0	LDI SYSSTRINGB,LOW(SYSSTRINGPARAM1)
000171	E0D1	LDI SYSSTRINGB_H,HIGH(SYSSTRINGPARAM1)
000172	E2E2	LDI SYSREADA,LOW(STRINGTABLE4<<1)
000173	E0FC	LDI SYSREADA_H,HIGH(STRINGTABLE4<<1)
000174	D478	RCALL SYSREADSTRING
000175	E050	LDI SYSVALUECOPY,LOW(SYSSTRINGPARAM1)
000176	9350 0148	STS SYSPRINTDATAHANDLER,SYSVALUECOPY
000178	E051	LDI SYSVALUECOPY,HIGH(SYSSTRINGPARAM1)
000179	9350 0149	STS SYSPRINTDATAHANDLER_H,SYSVALUECOPY
00017B	E051	LDI SYSVALUECOPY,1
00017C	9350 0134	STS COMPORT,SYSVALUECOPY
00017E	D2D7	RCALL HSERPRINT256
		ENDIF4
00017F	9160 0136	LDS SYSCALCTEMPA,DEVERROR
000181	3062	CPI SYSCALCTEMPA,2
000182	F479	BRNE ENDIF5
000183	E0C0	LDI SYSSTRINGB,LOW(SYSSTRINGPARAM1)
000184	E0D1	LDI SYSSTRINGB_H,HIGH(SYSSTRINGPARAM1)
000185	E4E2	LDI SYSREADA,LOW(STRINGTABLE5<<1)
000186	E0FC	LDI SYSREADA_H,HIGH(STRINGTABLE5<<1)
000187	D465	RCALL SYSREADSTRING
000188	E050	LDI SYSVALUECOPY,LOW(SYSSTRINGPARAM1)
000189	9350 0148	STS SYSPRINTDATAHANDLER,SYSVALUECOPY
00018B	E051	LDI SYSVALUECOPY,HIGH(SYSSTRINGPARAM1)
00018C	9350 0149	STS SYSPRINTDATAHANDLER_H,SYSVALUECOPY
00018E	E051	LDI SYSVALUECOPY,1
00018F	9350 0134	STS COMPORT,SYSVALUECOPY
000191	D2C4	RCALL HSERPRINT256
		ENDIF5
000192	9160 0136	LDS SYSCALCTEMPA,DEVERROR
000194	3063	CPI SYSCALCTEMPA,3
000195	F479	BRNE ENDIF6
000196	E0C0	LDI SYSSTRINGB,LOW(SYSSTRINGPARAM1)
000197	E0D1	LDI SYSSTRINGB_H,HIGH(SYSSTRINGPARAM1)
000198	E6E0	LDI SYSREADA,LOW(STRINGTABLE6<<1)
000199	E0FC	LDI SYSREADA_H,HIGH(STRINGTABLE6<<1)
00019A	D452	RCALL SYSREADSTRING
00019B	E050	LDI SYSVALUECOPY,LOW(SYSSTRINGPARAM1)
00019C	9350 0148	STS SYSPRINTDATAHANDLER,SYSVALUECOPY
00019E	E051	LDI SYSVALUECOPY,HIGH(SYSSTRINGPARAM1)
00019F	9350 0149	STS SYSPRINTDATAHANDLER_H,SYSVALUECOPY
0001A1	E051	LDI SYSVALUECOPY,1
0001A2	9350 0134	STS COMPORT,SYSVALUECOPY
0001A4	D2B1	RCALL HSERPRINT256
		ENDIF6
0001A5	9160 0136	LDS SYSCALCTEMPA,DEVERROR
0001A7	3064	CPI SYSCALCTEMPA,4
0001A8	F479	BRNE ENDIF7
0001A9	E0C0	LDI SYSSTRINGB,LOW(SYSSTRINGPARAM1)
0001AA	E0D1	LDI SYSSTRINGB_H,HIGH(SYSSTRINGPARAM1)
0001AB	E7E4	LDI SYSREADA,LOW(STRINGTABLE7<<1)
0001AC	E0FC	LDI SYSREADA_H,HIGH(STRINGTABLE7<<1)
0001AD	D43F	RCALL SYSREADSTRING
0001AE	E050	LDI SYSVALUECOPY,LOW(SYSSTRINGPARAM1)
0001AF	9350 0148	STS SYSPRINTDATAHANDLER,SYSVALUECOPY
0001B1	E051	LDI SYSVALUECOPY,HIGH(SYSSTRINGPARAM1)
0001B2	9350 0149	STS SYSPRINTDATAHANDLER_H,SYSVALUECOPY
0001B4	E051	LDI SYSVALUECOPY,1
0001B5	9350 0134	STS COMPORT,SYSVALUECOPY
0001B7	D29E	RCALL HSERPRINT256
		ENDIF7
0001B8	9160 0136	LDS SYSCALCTEMPA,DEVERROR
0001BA	3065	CPI SYSCALCTEMPA,5
0001BB	F479	BRNE ENDIF8
0001BC	E0C0	LDI SYSSTRINGB,LOW(SYSSTRINGPARAM1)
0001BD	E0D1	LDI SYSSTRINGB_H,HIGH(SYSSTRINGPARAM1)
0001BE	E8E4	LDI SYSREADA,LOW(STRINGTABLE8<<1)
0001BF	E0FC	LDI SYSREADA_H,HIGH(STRINGTABLE8<<1)
0001C0	D42C	RCALL SYSREADSTRING
0001C1	E050	LDI SYSVALUECOPY,LOW(SYSSTRINGPARAM1)
0001C2	9350 0148	STS SYSPRINTDATAHANDLER,SYSVALUECOPY
0001C4	E051	LDI SYSVALUECOPY,HIGH(SYSSTRINGPARAM1)
0001C5	9350 0149	STS SYSPRINTDATAHANDLER_H,SYSVALUECOPY
0001C7	E051	LDI SYSVALUECOPY,1
0001C8	9350 0134	STS COMPORT,SYSVALUECOPY
0001CA	D28B	RCALL HSERPRINT256
		ENDIF8
0001CB	9160 0136	LDS SYSCALCTEMPA,DEVERROR
0001CD	3066	CPI SYSCALCTEMPA,6
0001CE	F479	BRNE ENDIF9
0001CF	E0C0	LDI SYSSTRINGB,LOW(SYSSTRINGPARAM1)
0001D0	E0D1	LDI SYSSTRINGB_H,HIGH(SYSSTRINGPARAM1)
0001D1	E9E0	LDI SYSREADA,LOW(STRINGTABLE9<<1)
0001D2	E0FC	LDI SYSREADA_H,HIGH(STRINGTABLE9<<1)
0001D3	D419	RCALL SYSREADSTRING
0001D4	E050	LDI SYSVALUECOPY,LOW(SYSSTRINGPARAM1)
0001D5	9350 0148	STS SYSPRINTDATAHANDLER,SYSVALUECOPY
0001D7	E051	LDI SYSVALUECOPY,HIGH(SYSSTRINGPARAM1)
0001D8	9350 0149	STS SYSPRINTDATAHANDLER_H,SYSVALUECOPY
0001DA	E051	LDI SYSVALUECOPY,1
0001DB	9350 0134	STS COMPORT,SYSVALUECOPY
0001DD	D278	RCALL HSERPRINT256
		ENDIF9
0001DE	9160 0136	LDS SYSCALCTEMPA,DEVERROR
0001E0	3067	CPI SYSCALCTEMPA,7
0001E1	F479	BRNE ENDIF10
0001E2	E0C0	LDI SYSSTRINGB,LOW(SYSSTRINGPARAM1)
0001E3	E0D1	LDI SYSSTRINGB_H,HIGH(SYSSTRINGPARAM1)
0001E4	EAE4	LDI SYSREADA,LOW(STRINGTABLE10<<1)
0001E5	E0FC	LDI SYSREADA_H,HIGH(STRINGTABLE10<<1)
0001E6	D406	RCALL SYSREADSTRING
0001E7	E050	LDI SYSVALUECOPY,LOW(SYSSTRINGPARAM1)
0001E8	9350 0148	STS SYSPRINTDATAHANDLER,SYSVALUECOPY
0001EA	E051	LDI SYSVALUECOPY,HIGH(SYSSTRINGPARAM1)
0001EB	9350 0149	STS SYSPRINTDATAHANDLER_H,SYSVALUECOPY
0001ED	E051	LDI SYSVALUECOPY,1
0001EE	9350 0134	STS COMPORT,SYSVALUECOPY
0001F0	D265	RCALL HSERPRINT256
		ENDIF10
0001F1	9160 0136	LDS SYSCALCTEMPA,DEVERROR
0001F3	3068	CPI SYSCALCTEMPA,8
0001F4	F479	BRNE ENDIF11
0001F5	E0C0	LDI SYSSTRINGB,LOW(SYSSTRINGPARAM1)
0001F6	E0D1	LDI SYSSTRINGB_H,HIGH(SYSSTRINGPARAM1)
0001F7	EBEC	LDI SYSREADA,LOW(STRINGTABLE11<<1)
0001F8	E0FC	LDI SYSREADA_H,HIGH(STRINGTABLE11<<1)
0001F9	D3F3	RCALL SYSREADSTRING
0001FA	E050	LDI SYSVALUECOPY,LOW(SYSSTRINGPARAM1)
0001FB	9350 0148	STS SYSPRINTDATAHANDLER,SYSVALUECOPY
0001FD	E051	LDI SYSVALUECOPY,HIGH(SYSSTRINGPARAM1)
0001FE	9350 0149	STS SYSPRINTDATAHANDLER_H,SYSVALUECOPY
000200	E051	LDI SYSVALUECOPY,1
000201	9350 0134	STS COMPORT,SYSVALUECOPY
000203	D252	RCALL HSERPRINT256
		ENDIF11
000204	9160 0136	LDS SYSCALCTEMPA,DEVERROR
000206	3069	CPI SYSCALCTEMPA,9
000207	F479	BRNE ENDIF12
000208	E0C0	LDI SYSSTRINGB,LOW(SYSSTRINGPARAM1)
000209	E0D1	LDI SYSSTRINGB_H,HIGH(SYSSTRINGPARAM1)
00020A	ECE2	LDI SYSREADA,LOW(STRINGTABLE12<<1)
00020B	E0FC	LDI SYSREADA_H,HIGH(STRINGTABLE12<<1)
00020C	D3E0	RCALL SYSREADSTRING
00020D	E050	LDI SYSVALUECOPY,LOW(SYSSTRINGPARAM1)
00020E	9350 0148	STS SYSPRINTDATAHANDLER,SYSVALUECOPY
000210	E051	LDI SYSVALUECOPY,HIGH(SYSSTRINGPARAM1)
000211	9350 0149	STS SYSPRINTDATAHANDLER_H,SYSVALUECOPY
000213	E051	LDI SYSVALUECOPY,1
000214	9350 0134	STS COMPORT,SYSVALUECOPY
000216	D23F	RCALL HSERPRINT256
		ENDIF12
000217	9160 0136	LDS SYSCALCTEMPA,DEVERROR
000219	306A	CPI SYSCALCTEMPA,10
00021A	F479	BRNE ENDIF13
00021B	E0C0	LDI SYSSTRINGB,LOW(SYSSTRINGPARAM1)
00021C	E0D1	LDI SYSSTRINGB_H,HIGH(SYSSTRINGPARAM1)
00021D	EDE6	LDI SYSREADA,LOW(STRINGTABLE13<<1)
00021E	E0FC	LDI SYSREADA_H,HIGH(STRINGTABLE13<<1)
00021F	D3CD	RCALL SYSREADSTRING
000220	E050	LDI SYSVALUECOPY,LOW(SYSSTRINGPARAM1)
000221	9350 0148	STS SYSPRINTDATAHANDLER,SYSVALUECOPY
000223	E051	LDI SYSVALUECOPY,HIGH(SYSSTRINGPARAM1)
000224	9350 0149	STS SYSPRINTDATAHANDLER_H,SYSVALUECOPY
000226	E051	LDI SYSVALUECOPY,1
000227	9350 0134	STS COMPORT,SYSVALUECOPY
000229	D22C	RCALL HSERPRINT256
		ENDIF13
00022A	9160 0136	LDS SYSCALCTEMPA,DEVERROR
00022C	306B	CPI SYSCALCTEMPA,11
00022D	F479	BRNE ENDIF14
00022E	E0C0	LDI SYSSTRINGB,LOW(SYSSTRINGPARAM1)
00022F	E0D1	LDI SYSSTRINGB_H,HIGH(SYSSTRINGPARAM1)
000230	EEE0	LDI SYSREADA,LOW(STRINGTABLE14<<1)
000231	E0FC	LDI SYSREADA_H,HIGH(STRINGTABLE14<<1)
000232	D3BA	RCALL SYSREADSTRING
000233	E050	LDI SYSVALUECOPY,LOW(SYSSTRINGPARAM1)
000234	9350 0148	STS SYSPRINTDATAHANDLER,SYSVALUECOPY
000236	E051	LDI SYSVALUECOPY,HIGH(SYSSTRINGPARAM1)
000237	9350 0149	STS SYSPRINTDATAHANDLER_H,SYSVALUECOPY
000239	E051	LDI SYSVALUECOPY,1
00023A	9350 0134	STS COMPORT,SYSVALUECOPY
00023C	D219	RCALL HSERPRINT256
		ENDIF14
00023D	9160 0136	LDS SYSCALCTEMPA,DEVERROR
00023F	306C	CPI SYSCALCTEMPA,12
000240	F479	BRNE ENDIF15
000241	E0C0	LDI SYSSTRINGB,LOW(SYSSTRINGPARAM1)
000242	E0D1	LDI SYSSTRINGB_H,HIGH(SYSSTRINGPARAM1)
000243	EFE0	LDI SYSREADA,LOW(STRINGTABLE15<<1)
000244	E0FC	LDI SYSREADA_H,HIGH(STRINGTABLE15<<1)
000245	D3A7	RCALL SYSREADSTRING
000246	E050	LDI SYSVALUECOPY,LOW(SYSSTRINGPARAM1)
000247	9350 0148	STS SYSPRINTDATAHANDLER,SYSVALUECOPY
000249	E051	LDI SYSVALUECOPY,HIGH(SYSSTRINGPARAM1)
00024A	9350 0149	STS SYSPRINTDATAHANDLER_H,SYSVALUECOPY
00024C	E051	LDI SYSVALUECOPY,1
00024D	9350 0134	STS COMPORT,SYSVALUECOPY
00024F	D206	RCALL HSERPRINT256
		ENDIF15
000250	9160 0136	LDS SYSCALCTEMPA,DEVERROR
000252	306D	CPI SYSCALCTEMPA,13
000253	F479	BRNE ENDIF16
000254	E0C0	LDI SYSSTRINGB,LOW(SYSSTRINGPARAM1)
000255	E0D1	LDI SYSSTRINGB_H,HIGH(SYSSTRINGPARAM1)
000256	E0E0	LDI SYSREADA,LOW(STRINGTABLE16<<1)
000257	E0FD	LDI SYSREADA_H,HIGH(STRINGTABLE16<<1)
000258	D394	RCALL SYSREADSTRING
000259	E050	LDI SYSVALUECOPY,LOW(SYSSTRINGPARAM1)
00025A	9350 0148	STS SYSPRINTDATAHANDLER,SYSVALUECOPY
00025C	E051	LDI SYSVALUECOPY,HIGH(SYSSTRINGPARAM1)
00025D	9350 0149	STS SYSPRINTDATAHANDLER_H,SYSVALUECOPY
00025F	E051	LDI SYSVALUECOPY,1
000260	9350 0134	STS COMPORT,SYSVALUECOPY
000262	D1F3	RCALL HSERPRINT256
		ENDIF16
000263	9160 0136	LDS SYSCALCTEMPA,DEVERROR
000265	306E	CPI SYSCALCTEMPA,14
000266	F479	BRNE ENDIF17
000267	E0C0	LDI SYSSTRINGB,LOW(SYSSTRINGPARAM1)
000268	E0D1	LDI SYSSTRINGB_H,HIGH(SYSSTRINGPARAM1)
000269	E1E0	LDI SYSREADA,LOW(STRINGTABLE17<<1)
00026A	E0FD	LDI SYSREADA_H,HIGH(STRINGTABLE17<<1)
00026B	D381	RCALL SYSREADSTRING
00026C	E050	LDI SYSVALUECOPY,LOW(SYSSTRINGPARAM1)
00026D	9350 0148	STS SYSPRINTDATAHANDLER,SYSVALUECOPY
00026F	E051	LDI SYSVALUECOPY,HIGH(SYSSTRINGPARAM1)
000270	9350 0149	STS SYSPRINTDATAHANDLER_H,SYSVALUECOPY
000272	E051	LDI SYSVALUECOPY,1
000273	9350 0134	STS COMPORT,SYSVALUECOPY
000275	D1E0	RCALL HSERPRINT256
		ENDIF17
000276	9150 0136	LDS SYSVALUECOPY,DEVERROR
000278	9350 014D	STS SYSVALTEMP,SYSVALUECOPY
00027A	E050	LDI SYSVALUECOPY,0
00027B	9350 014E	STS SYSVALTEMP_H,SYSVALUECOPY
00027D	D248	RCALL FN_STR
00027E	E0C0	LDI SYSSTRINGB,LOW(SYSSTRINGPARAM1)
00027F	E0D1	LDI SYSSTRINGB_H,HIGH(SYSSTRINGPARAM1)
000280	2799	CLR SYSSTRINGLENGTH
000281	9159	LD SYSVALUECOPY, Y+
000282	E2E8	LDI SYSREADA,LOW(STRINGTABLE18<<1)
000283	E0FD	LDI SYSREADA_H,HIGH(STRINGTABLE18<<1)
000284	D36F	RCALL SYSREADSTRINGPART
000285	E2AC	LDI SYSSTRINGA,LOW(STR)
000286	E0B1	LDI SYSSTRINGA_H,HIGH(STR)
000287	D312	RCALL SYSCOPYSTRINGPART
000288	E0A0	LDI SYSSTRINGA,LOW(SYSSTRINGPARAM1)
000289	E0B1	LDI SYSSTRINGA_H,HIGH(SYSSTRINGPARAM1)
00028A	939C	ST X, SYSSTRINGLENGTH
00028B	E050	LDI SYSVALUECOPY,LOW(SYSSTRINGPARAM1)
00028C	9350 0148	STS SYSPRINTDATAHANDLER,SYSVALUECOPY
00028E	E051	LDI SYSVALUECOPY,HIGH(SYSSTRINGPARAM1)
00028F	9350 0149	STS SYSPRINTDATAHANDLER_H,SYSVALUECOPY
000291	E051	LDI SYSVALUECOPY,1
000292	9350 0134	STS COMPORT,SYSVALUECOPY
000294	D1C1	RCALL HSERPRINT256
000295	E051	LDI SYSVALUECOPY,1
000296	9350 013E	STS HSERPRINTCRLFCOUNT,SYSVALUECOPY
000298	E051	LDI SYSVALUECOPY,1
000299	9350 0134	STS COMPORT,SYSVALUECOPY
00029B	D1E7	RCALL HSERPRINTCRLF
00029C	9160 012A	LDS SYSWORDTEMPA,SYSDA_11
00029E	E070	LDI SYSWORDTEMPA_H,0
00029F	E0C0	LDI SYSWORDTEMPB,0
0002A0	E0D1	LDI SYSWORDTEMPB_H,1
0002A1	D341	RCALL SYSMULTSUB16
0002A2	2C60	MOV SYSTEMP1,SYSWORDTEMPX
0002A3	9100 012B	LDS SYSTEMP2,SYSDA_12
0002A5	0E60	ADD SYSTEMP1,SYSTEMP2
0002A6	9260 0137	STS DISTANCE,SYSTEMP1
0002A8	2C61	MOV SYSTEMP1,SYSWORDTEMPX_H
0002A9	E000	LDI SYSTEMP2,0
0002AA	1E60	ADC SYSTEMP1,SYSTEMP2
0002AB	9260 0138	STS DISTANCE_H,SYSTEMP1
0002AD	9160 0123	LDS SYSBYTETEMPA,SYSDA_4
0002AF	EFCF	LDI SYSBYTETEMPB,255
0002B0	D2F3	RCALL SYSDIVSUB
0002B1	9060 0122	LDS SYSTEMP1,SYSDA_3
0002B3	0E66	ADD SYSTEMP1,SYSBYTETEMPA
0002B4	9260 0144	STS SPAD,SYSTEMP1
0002B6	2466	CLR SYSTEMP1
0002B7	F408	BRCC PC + 2
0002B8	9463	INC SYSTEMP1
0002B9	9260 0145	STS SPAD_H,SYSTEMP1
0002BB	9160 0126	LDS SYSWORDTEMPA,SYSDA_7
0002BD	E070	LDI SYSWORDTEMPA_H,0
0002BE	E0C0	LDI SYSWORDTEMPB,0
0002BF	E0D1	LDI SYSWORDTEMPB_H,1
0002C0	D322	RCALL SYSMULTSUB16
0002C1	2C60	MOV SYSTEMP1,SYSWORDTEMPX
0002C2	9100 0127	LDS SYSTEMP2,SYSDA_8
0002C4	0E60	ADD SYSTEMP1,SYSTEMP2
0002C5	9260 0142	STS SIGNAL,SYSTEMP1
0002C7	2C61	MOV SYSTEMP1,SYSWORDTEMPX_H
0002C8	E000	LDI SYSTEMP2,0
0002C9	1E60	ADC SYSTEMP1,SYSTEMP2
0002CA	9260 0143	STS SIGNAL_H,SYSTEMP1
0002CC	9160 0128	LDS SYSWORDTEMPA,SYSDA_9
0002CE	E070	LDI SYSWORDTEMPA_H,0
0002CF	E0C0	LDI SYSWORDTEMPB,0
0002D0	E0D1	LDI SYSWORDTEMPB_H,1
0002D1	D311	RCALL SYSMULTSUB16
0002D2	2C60	MOV SYSTEMP1,SYSWORDTEMPX
0002D3	9100 0129	LDS SYSTEMP2,SYSDA_10
0002D5	0E60	ADD SYSTEMP1,SYSTEMP2
0002D6	9260 0132	STS AMBIENT,SYSTEMP1
0002D8	2C61	MOV SYSTEMP1,SYSWORDTEMPX_H
0002D9	E000	LDI SYSTEMP2,0
0002DA	1E60	ADC SYSTEMP1,SYSTEMP2
0002DB	9260 0133	STS AMBIENT_H,SYSTEMP1
0002DD	9150 0137	LDS SYSVALUECOPY,DISTANCE
0002DF	9350 014D	STS SYSVALTEMP,SYSVALUECOPY
0002E1	9150 0138	LDS SYSVALUECOPY,DISTANCE_H
0002E3	9350 014E	STS SYSVALTEMP_H,SYSVALUECOPY
0002E5	D1E0	RCALL FN_STR
0002E6	E0C0	LDI SYSSTRINGB,LOW(SYSSTRINGPARAM1)
0002E7	E0D1	LDI SYSSTRINGB_H,HIGH(SYSSTRINGPARAM1)
0002E8	2799	CLR SYSSTRINGLENGTH
0002E9	9159	LD SYSVALUECOPY, Y+
0002EA	E3E4	LDI SYSREADA,LOW(STRINGTABLE19<<1)
0002EB	E0FD	LDI SYSREADA_H,HIGH(STRINGTABLE19<<1)
0002EC	D307	RCALL SYSREADSTRINGPART
0002ED	E2AC	LDI SYSSTRINGA,LOW(STR)
0002EE	E0B1	LDI SYSSTRINGA_H,HIGH(STR)
0002EF	D2AA	RCALL SYSCOPYSTRINGPART
0002F0	E4E0	LDI SYSREADA,LOW(STRINGTABLE20<<1)
0002F1	E0FD	LDI SYSREADA_H,HIGH(STRINGTABLE20<<1)
0002F2	D301	RCALL SYSREADSTRINGPART
0002F3	E0A0	LDI SYSSTRINGA,LOW(SYSSTRINGPARAM1)
0002F4	E0B1	LDI SYSSTRINGA_H,HIGH(SYSSTRINGPARAM1)
0002F5	939C	ST X, SYSSTRINGLENGTH
0002F6	E050	LDI SYSVALUECOPY,LOW(SYSSTRINGPARAM1)
0002F7	9350 0148	STS SYSPRINTDATAHANDLER,SYSVALUECOPY
0002F9	E051	LDI SYSVALUECOPY,HIGH(SYSSTRINGPARAM1)
0002FA	9350 0149	STS SYSPRINTDATAHANDLER_H,SYSVALUECOPY
0002FC	E051	LDI SYSVALUECOPY,1
0002FD	9350 0134	STS COMPORT,SYSVALUECOPY
0002FF	D156	RCALL HSERPRINT256
000300	E051	LDI SYSVALUECOPY,1
000301	9350 013E	STS HSERPRINTCRLFCOUNT,SYSVALUECOPY
000303	E051	LDI SYSVALUECOPY,1
000304	9350 0134	STS COMPORT,SYSVALUECOPY
000306	D17C	RCALL HSERPRINTCRLF
000307	9150 0132	LDS SYSVALUECOPY,AMBIENT
000309	9350 014D	STS SYSVALTEMP,SYSVALUECOPY
00030B	9150 0133	LDS SYSVALUECOPY,AMBIENT_H
00030D	9350 014E	STS SYSVALTEMP_H,SYSVALUECOPY
00030F	D1B6	RCALL FN_STR
000310	E0C0	LDI SYSSTRINGB,LOW(SYSSTRINGPARAM1)
000311	E0D1	LDI SYSSTRINGB_H,HIGH(SYSSTRINGPARAM1)
000312	2799	CLR SYSSTRINGLENGTH
000313	9159	LD SYSVALUECOPY, Y+
000314	E4E4	LDI SYSREADA,LOW(STRINGTABLE21<<1)
000315	E0FD	LDI SYSREADA_H,HIGH(STRINGTABLE21<<1)
000316	D2DD	RCALL SYSREADSTRINGPART
000317	E2AC	LDI SYSSTRINGA,LOW(STR)
000318	E0B1	LDI SYSSTRINGA_H,HIGH(STR)
000319	D280	RCALL SYSCOPYSTRINGPART
00031A	E4EE	LDI SYSREADA,LOW(STRINGTABLE22<<1)
00031B	E0FD	LDI SYSREADA_H,HIGH(STRINGTABLE22<<1)
00031C	D2D7	RCALL SYSREADSTRINGPART
00031D	E0A0	LDI SYSSTRINGA,LOW(SYSSTRINGPARAM1)
00031E	E0B1	LDI SYSSTRINGA_H,HIGH(SYSSTRINGPARAM1)
00031F	939C	ST X, SYSSTRINGLENGTH
000320	E050	LDI SYSVALUECOPY,LOW(SYSSTRINGPARAM1)
000321	9350 0148	STS SYSPRINTDATAHANDLER,SYSVALUECOPY
000323	E051	LDI SYSVALUECOPY,HIGH(SYSSTRINGPARAM1)
000324	9350 0149	STS SYSPRINTDATAHANDLER_H,SYSVALUECOPY
000326	E051	LDI SYSVALUECOPY,1
000327	9350 0134	STS COMPORT,SYSVALUECOPY
000329	D12C	RCALL HSERPRINT256
00032A	E051	LDI SYSVALUECOPY,1
00032B	9350 013E	STS HSERPRINTCRLFCOUNT,SYSVALUECOPY
00032D	E051	LDI SYSVALUECOPY,1
00032E	9350 0134	STS COMPORT,SYSVALUECOPY
000330	D152	RCALL HSERPRINTCRLF
000331	9150 0142	LDS SYSVALUECOPY,SIGNAL
000333	9350 014D	STS SYSVALTEMP,SYSVALUECOPY
000335	9150 0143	LDS SYSVALUECOPY,SIGNAL_H
000337	9350 014E	STS SYSVALTEMP_H,SYSVALUECOPY
000339	D18C	RCALL FN_STR
00033A	E0C0	LDI SYSSTRINGB,LOW(SYSSTRINGPARAM1)
00033B	E0D1	LDI SYSSTRINGB_H,HIGH(SYSSTRINGPARAM1)
00033C	2799	CLR SYSSTRINGLENGTH
00033D	9159	LD SYSVALUECOPY, Y+
00033E	E5E4	LDI SYSREADA,LOW(STRINGTABLE23<<1)
00033F	E0FD	LDI SYSREADA_H,HIGH(STRINGTABLE23<<1)
000340	D2B3	RCALL SYSREADSTRINGPART
000341	E2AC	LDI SYSSTRINGA,LOW(STR)
000342	E0B1	LDI SYSSTRINGA_H,HIGH(STR)
000343	D256	RCALL SYSCOPYSTRINGPART
000344	E4EE	LDI SYSREADA,LOW(STRINGTABLE22<<1)
000345	E0FD	LDI SYSREADA_H,HIGH(STRINGTABLE22<<1)
000346	D2AD	RCALL SYSREADSTRINGPART
000347	E0A0	LDI SYSSTRINGA,LOW(SYSSTRINGPARAM1)
000348	E0B1	LDI SYSSTRINGA_H,HIGH(SYSSTRINGPARAM1)
000349	939C	ST X, SYSSTRINGLENGTH
00034A	E050	LDI SYSVALUECOPY,LOW(SYSSTRINGPARAM1)
00034B	9350 0148	STS SYSPRINTDATAHANDLER,SYSVALUECOPY
00034D	E051	LDI SYSVALUECOPY,HIGH(SYSSTRINGPARAM1)
00034E	9350 0149	STS SYSPRINTDATAHANDLER_H,SYSVALUECOPY
000350	E051	LDI SYSVALUECOPY,1
000351	9350 0134	STS COMPORT,SYSVALUECOPY
000353	D102	RCALL HSERPRINT256
000354	E051	LDI SYSVALUECOPY,1
000355	9350 013E	STS HSERPRINTCRLFCOUNT,SYSVALUECOPY
000357	E051	LDI SYSVALUECOPY,1
000358	9350 0134	STS COMPORT,SYSVALUECOPY
00035A	D128	RCALL HSERPRINTCRLF
00035B	9150 0144	LDS SYSVALUECOPY,SPAD
00035D	9350 014D	STS SYSVALTEMP,SYSVALUECOPY
00035F	9150 0145	LDS SYSVALUECOPY,SPAD_H
000361	9350 014E	STS SYSVALTEMP_H,SYSVALUECOPY
000363	D162	RCALL FN_STR
000364	E0C0	LDI SYSSTRINGB,LOW(SYSSTRINGPARAM1)
000365	E0D1	LDI SYSSTRINGB_H,HIGH(SYSSTRINGPARAM1)
000366	2799	CLR SYSSTRINGLENGTH
000367	9159	LD SYSVALUECOPY, Y+
000368	E6E4	LDI SYSREADA,LOW(STRINGTABLE24<<1)
000369	E0FD	LDI SYSREADA_H,HIGH(STRINGTABLE24<<1)
00036A	D289	RCALL SYSREADSTRINGPART
00036B	E2AC	LDI SYSSTRINGA,LOW(STR)
00036C	E0B1	LDI SYSSTRINGA_H,HIGH(STR)
00036D	D22C	RCALL SYSCOPYSTRINGPART
00036E	E0A0	LDI SYSSTRINGA,LOW(SYSSTRINGPARAM1)
00036F	E0B1	LDI SYSSTRINGA_H,HIGH(SYSSTRINGPARAM1)
000370	939C	ST X, SYSSTRINGLENGTH
000371	E050	LDI SYSVALUECOPY,LOW(SYSSTRINGPARAM1)
000372	9350 0148	STS SYSPRINTDATAHANDLER,SYSVALUECOPY
000374	E051	LDI SYSVALUECOPY,HIGH(SYSSTRINGPARAM1)
000375	9350 0149	STS SYSPRINTDATAHANDLER_H,SYSVALUECOPY
000377	E051	LDI SYSVALUECOPY,1
000378	9350 0134	STS COMPORT,SYSVALUECOPY
00037A	D0DB	RCALL HSERPRINT256
00037B	E051	LDI SYSVALUECOPY,1
00037C	9350 013E	STS HSERPRINTCRLFCOUNT,SYSVALUECOPY
00037E	E051	LDI SYSVALUECOPY,1
00037F	9350 0134	STS COMPORT,SYSVALUECOPY
000381	D101	RCALL HSERPRINTCRLF
000382	CCBC	RJMP SYSDOLOOP_S1
		SYSDOLOOP_E1
		BASPROGRAMEND
000383	9588	SLEEP
000384	CFFE	RJMP BASPROGRAMEND


		AVRHI2CMODE
000385	9160 013A	LDS SYSCALCTEMPA,HI2CCURRENTMODE
000387	306C	CPI SYSCALCTEMPA,12
000388	F431	BRNE ENDIF26
000389	E050	LDI SYSVALUECOPY,0
00038A	9350 00B9	STS TWSR,SYSVALUECOPY
00038C	E05C	LDI SYSVALUECOPY,12
00038D	9350 00B8	STS TWBR,SYSVALUECOPY
		ENDIF26
00038F	9160 013A	LDS SYSCALCTEMPA,HI2CCURRENTMODE
000391	2366	TST SYSCALCTEMPA
000392	F401	BRNE ENDIF27
		ENDIF27
000393	E054	LDI SYSVALUECOPY, 0|(1<<TWEN)
000394	9350 00BC	STS TWCR,SYSVALUECOPY
000396	E050	LDI SYSVALUECOPY,0
000397	9350 013D	STS HI2CWAITMSSPTIMEOUT,SYSVALUECOPY
000399	9508	RET


		AVRHI2CRECEIVE
00039A	9050 013B	LDS SYSBITTEST,HI2CGETACK
00039C	FC50	SBRC SYSBITTEST,0
00039D	C007	RJMP ELSE30_1
00039E	9150 00BC	LDS SYSVALUECOPY,TWCR
0003A0	6850	SBR SYSVALUECOPY, (1<<TWINT)
0003A1	785F	CBR SYSVALUECOPY, (1<<TWSTA) | (1<<TWSTO) | (1<<TWEA)
0003A2	9350 00BC	STS TWCR,SYSVALUECOPY
0003A4	C006	RJMP ENDIF30
		ELSE30_1
0003A5	9150 00BC	LDS SYSVALUECOPY,TWCR
0003A7	7C5F	CBR SYSVALUECOPY, (1<<TWSTA) | (1<<TWSTO)
0003A8	6C50	SBR SYSVALUECOPY, (1<<TWINT) | (1<<TWEA)
0003A9	9350 00BC	STS TWCR,SYSVALUECOPY
		ENDIF30
0003AB	0000	NOP
0003AC	0000	NOP
		SYSDOLOOP_S4
0003AD	9050 00BC	LDS SYSBITTEST,TWCR
0003AF	FC57	SBRC SYSBITTEST,TWINT
0003B0	C001	RJMP SYSDOLOOP_E4
0003B1	CFFB	RJMP SYSDOLOOP_S4
		SYSDOLOOP_E4
0003B2	9150 00BB	LDS SYSVALUECOPY,TWDR
0003B4	9350 013F	STS I2CBYTE,SYSVALUECOPY
0003B6	9508	RET


		AVRHI2CSEND
0003B7	9150 013F	LDS SYSVALUECOPY,I2CBYTE
0003B9	9350 00BB	STS TWDR,SYSVALUECOPY
0003BB	E854	LDI SYSVALUECOPY, (1<<TWINT) | (1<<TWEN)
0003BC	9350 00BC	STS TWCR, SYSVALUECOPY
0003BE	0000	NOP
0003BF	0000	NOP
		SYSDOLOOP_S3
0003C0	9050 00BC	LDS SYSBITTEST,TWCR
0003C2	FC57	SBRC SYSBITTEST,TWINT
0003C3	C001	RJMP SYSDOLOOP_E3
0003C4	CFFB	RJMP SYSDOLOOP_S3
		SYSDOLOOP_E3
0003C5	EF08	LDI SYSTEMP2,248
0003C6	9060 00B9	LDS SYSTEMP1,TWSR
0003C8	2260	AND SYSTEMP1,SYSTEMP2
0003C9	9260 013F	STS I2CBYTE,SYSTEMP1
0003CB	EF5F	LDI SYSVALUECOPY,255
0003CC	9350 0139	STS HI2CACKPOLLSTATE,SYSVALUECOPY
		SYSSELECT1CASE1
0003CE	9160 013F	LDS SYSCALCTEMPA,I2CBYTE
0003D0	3068	CPI SYSCALCTEMPA,8
0003D1	F409	BRNE SYSSELECT1CASE2
0003D2	C038	RJMP SYSSELECTEND1
		SYSSELECT1CASE2
0003D3	9160 013F	LDS SYSCALCTEMPA,I2CBYTE
0003D5	3168	CPI SYSCALCTEMPA,24
0003D6	F421	BRNE SYSSELECT1CASE3
0003D7	E050	LDI SYSVALUECOPY,0
0003D8	9350 0139	STS HI2CACKPOLLSTATE,SYSVALUECOPY
0003DA	C030	RJMP SYSSELECTEND1
		SYSSELECT1CASE3
0003DB	9160 013F	LDS SYSCALCTEMPA,I2CBYTE
0003DD	3268	CPI SYSCALCTEMPA,40
0003DE	F421	BRNE SYSSELECT1CASE4
0003DF	E050	LDI SYSVALUECOPY,0
0003E0	9350 0139	STS HI2CACKPOLLSTATE,SYSVALUECOPY
0003E2	C028	RJMP SYSSELECTEND1
		SYSSELECT1CASE4
0003E3	9160 013F	LDS SYSCALCTEMPA,I2CBYTE
0003E5	3260	CPI SYSCALCTEMPA,32
0003E6	F421	BRNE SYSSELECT1CASE5
0003E7	EF5F	LDI SYSVALUECOPY,255
0003E8	9350 0139	STS HI2CACKPOLLSTATE,SYSVALUECOPY
0003EA	C020	RJMP SYSSELECTEND1
		SYSSELECT1CASE5
0003EB	9160 013F	LDS SYSCALCTEMPA,I2CBYTE
0003ED	3360	CPI SYSCALCTEMPA,48
0003EE	F421	BRNE SYSSELECT1CASE6
0003EF	EF5F	LDI SYSVALUECOPY,255
0003F0	9350 0139	STS HI2CACKPOLLSTATE,SYSVALUECOPY
0003F2	C018	RJMP SYSSELECTEND1
		SYSSELECT1CASE6
0003F3	9160 013F	LDS SYSCALCTEMPA,I2CBYTE
0003F5	3468	CPI SYSCALCTEMPA,72
0003F6	F421	BRNE SYSSELECT1CASE7
0003F7	EF5F	LDI SYSVALUECOPY,255
0003F8	9350 0139	STS HI2CACKPOLLSTATE,SYSVALUECOPY
0003FA	C010	RJMP SYSSELECTEND1
		SYSSELECT1CASE7
0003FB	9160 013F	LDS SYSCALCTEMPA,I2CBYTE
0003FD	3460	CPI SYSCALCTEMPA,64
0003FE	F421	BRNE SYSSELECT1CASE8
0003FF	E050	LDI SYSVALUECOPY,0
000400	9350 0139	STS HI2CACKPOLLSTATE,SYSVALUECOPY
000402	C008	RJMP SYSSELECTEND1
		SYSSELECT1CASE8
000403	9160 013F	LDS SYSCALCTEMPA,I2CBYTE
000405	3568	CPI SYSCALCTEMPA,88
000406	F421	BRNE SYSSELECT1CASE9
000407	EF5F	LDI SYSVALUECOPY,255
000408	9350 0139	STS HI2CACKPOLLSTATE,SYSVALUECOPY
00040A	C000	RJMP SYSSELECTEND1
		SYSSELECT1CASE9
		SYSSELECTEND1
00040B	C038	RJMP FN_HI2CSTARTOCCURRED


		AVRHI2CSTART
00040C	9160 013A	LDS SYSCALCTEMPA,HI2CCURRENTMODE
00040E	2366	TST SYSCALCTEMPA
00040F	F421	BRNE ENDIF28
000410	E05C	LDI SYSVALUECOPY,12
000411	9350 013A	STS HI2CCURRENTMODE,SYSVALUECOPY
000413	DF71	RCALL AVRHI2CMODE
		ENDIF28
000414	9150 00BC	LDS SYSVALUECOPY,TWCR
000416	6A54	SBR SYSVALUECOPY, (1<<TWINT)|(1<<TWSTA)| (1<<TWEN)
000417	9350 00BC	STS TWCR,SYSVALUECOPY
		SYSDOLOOP_S2
000419	9050 00BC	LDS SYSBITTEST,TWCR
00041B	FC57	SBRC SYSBITTEST,TWINT
00041C	C001	RJMP SYSDOLOOP_E2
00041D	CFFB	RJMP SYSDOLOOP_S2
		SYSDOLOOP_E2
00041E	EF08	LDI SYSTEMP2,248
00041F	9060 00B9	LDS SYSTEMP1,TWSR
000421	2260	AND SYSTEMP1,SYSTEMP2
000422	9260 013F	STS I2CBYTE,SYSTEMP1
000424	9160 013F	LDS SYSCALCTEMPA,I2CBYTE
000426	3068	CPI SYSCALCTEMPA,8
000427	F411	BRNE ELSE29_1
000428	D01B	RCALL FN_HI2CSTARTOCCURRED
000429	C001	RJMP ENDIF29
		ELSE29_1
00042A	D019	RCALL FN_HI2CSTARTOCCURRED
		ENDIF29
00042B	9508	RET


		AVRHI2CSTOP
00042C	9150 00BC	LDS SYSVALUECOPY,TWCR
00042E	6954	SBR SYSVALUECOPY, (1<<TWINT)|(1<<TWEN)|(1<<TWSTO)
00042F	9350 00BC	STS TWCR,SYSVALUECOPY
000431	9508	RET


		DELAY_MS
000432	95E3	INC SYSWAITTEMPMS_H
		DMS_START
000433	EFAE	LDI DELAYTEMP2,254
		DMS_OUTER
000434	E194	LDI DELAYTEMP,20
		DMS_INNER
000435	959A	DEC DELAYTEMP
000436	F7F1	BRNE DMS_INNER
000437	95AA	DEC DELAYTEMP2
000438	F7D9	BRNE DMS_OUTER
000439	95DA	DEC SYSWAITTEMPMS
00043A	F7C1	BRNE DMS_START
00043B	95EA	DEC SYSWAITTEMPMS_H
00043C	F7B1	BRNE DMS_START
00043D	9508	RET


		DELAY_S
		DS_START
00043E	EED8	LDI SYSWAITTEMPMS,232
00043F	E0E3	LDI SYSWAITTEMPMS_H,3
000440	DFF1	RCALL DELAY_MS
000441	95FA	DEC SYSWAITTEMPS
000442	F7D9	BRNE DS_START
000443	9508	RET


		FN_HI2CSTARTOCCURRED
000444	E06A	LDI SYSCALCTEMPA,10
000445	91C0 013A	LDS SYSCALCTEMPB,HI2CCURRENTMODE
000447	176C	CP SYSCALCTEMPA,SYSCALCTEMPB
000448	F428	BRSH ELSE33_1
000449	EF5F	LDI SYSVALUECOPY,255
00044A	9350 013C	STS HI2CSTARTOCCURRED,SYSVALUECOPY
00044C	9508	RET
00044D	C003	RJMP ENDIF33
		ELSE33_1
00044E	E050	LDI SYSVALUECOPY,0
00044F	9350 013C	STS HI2CSTARTOCCURRED,SYSVALUECOPY
		ENDIF33
000451	9508	RET


		HIC2INIT
000452	E050	LDI SYSVALUECOPY,0
000453	9350 013A	STS HI2CCURRENTMODE,SYSVALUECOPY
000455	9508	RET


		HSERPRINT256
000456	91A0 0148	LDS SYSSTRINGA,SYSPRINTDATAHANDLER
000458	91B0 0149	LDS SYSSTRINGA_H,SYSPRINTDATAHANDLER_H
00045A	915C	LD SYSVALUECOPY,X
00045B	9350 0140	STS PRINTLEN,SYSVALUECOPY
00045D	9160 0140	LDS SYSCALCTEMPA,PRINTLEN
00045F	2366	TST SYSCALCTEMPA
000460	F109	BREQ ENDIF23
000461	E050	LDI SYSVALUECOPY,0
000462	9350 014A	STS SYSPRINTTEMP,SYSVALUECOPY
000464	9160 0140	LDS SYSCALCTEMPA,PRINTLEN
000466	3061	CPI SYSCALCTEMPA,1
000467	F0D0	BRLO SYSFORLOOPEND3
		SYSFORLOOP3
000468	9060 014A	LDS SYSTEMP1,SYSPRINTTEMP
00046A	9463	INC SYSTEMP1
00046B	9260 014A	STS SYSPRINTTEMP,SYSTEMP1
00046D	9060 0148	LDS SYSTEMP1,SYSPRINTDATAHANDLER
00046F	9100 014A	LDS SYSTEMP2,SYSPRINTTEMP
000471	0E60	ADD SYSTEMP1,SYSTEMP2
000472	2DA6	MOV SYSSTRINGA,SYSTEMP1
000473	9060 0149	LDS SYSTEMP1,SYSPRINTDATAHANDLER_H
000475	E000	LDI SYSTEMP2,0
000476	1E60	ADC SYSTEMP1,SYSTEMP2
000477	2DB6	MOV SYSSTRINGA_H,SYSTEMP1
000478	915C	LD SYSVALUECOPY,X
000479	9350 0141	STS SERDATA,SYSVALUECOPY
00047B	D01F	RCALL HSERSEND
00047C	9160 014A	LDS SYSCALCTEMPA,SYSPRINTTEMP
00047E	91C0 0140	LDS SYSCALCTEMPB,PRINTLEN
000480	176C	CP SYSCALCTEMPA,SYSCALCTEMPB
000481	F330	BRLO SYSFORLOOP3
		SYSFORLOOPEND3
		ENDIF23
000482	9508	RET


		HSERPRINTCRLF
000483	9150 013E	LDS SYSVALUECOPY,HSERPRINTCRLFCOUNT
000485	9350 014B	STS SYSREPEATTEMP1,SYSVALUECOPY
000487	9160 014B	LDS SYSCALCTEMPA,SYSREPEATTEMP1
000489	2366	TST SYSCALCTEMPA
00048A	F409	BRNE PC + 2
00048B	C00E	RJMP SYSREPEATLOOPEND1
		SYSREPEATLOOP1
00048C	E05D	LDI SYSVALUECOPY,13
00048D	9350 0141	STS SERDATA,SYSVALUECOPY
00048F	D00B	RCALL HSERSEND
000490	E05A	LDI SYSVALUECOPY,10
000491	9350 0141	STS SERDATA,SYSVALUECOPY
000493	D007	RCALL HSERSEND
000494	9060 014B	LDS SYSTEMP1,SYSREPEATTEMP1
000496	946A	DEC SYSTEMP1
000497	9260 014B	STS SYSREPEATTEMP1,SYSTEMP1
000499	F791	BRNE SYSREPEATLOOP1
		SYSREPEATLOOPEND1
00049A	9508	RET


		HSERSEND
00049B	9160 0134	LDS SYSCALCTEMPA,COMPORT
00049D	3061	CPI SYSCALCTEMPA,1
00049E	F441	BRNE ENDIF22
		SYSWAITLOOP1
00049F	9050 00C0	LDS SYSBITTEST,UCSR0A
0004A1	FE55	SBRS SYSBITTEST,UDRE0
0004A2	CFFC	RJMP SYSWAITLOOP1
0004A3	9150 0141	LDS SYSVALUECOPY,SERDATA
0004A5	9350 00C6	STS UDR0,SYSVALUECOPY
		ENDIF22
0004A7	9508	RET


		INITSYS
0004A8	E050	LDI SYSVALUECOPY,0
0004A9	B955	OUT PORTB,SYSVALUECOPY
0004AA	E050	LDI SYSVALUECOPY,0
0004AB	B958	OUT PORTC,SYSVALUECOPY
0004AC	E050	LDI SYSVALUECOPY,0
0004AD	B95B	OUT PORTD,SYSVALUECOPY
0004AE	9508	RET


		INITUSART
0004AF	E051	LDI SYSVALUECOPY,1
0004B0	9350 0134	STS COMPORT,SYSVALUECOPY
0004B2	9150 00C0	LDS SYSVALUECOPY,UCSR0A
0004B4	6052	SBR SYSVALUECOPY,1<<U2X0
0004B5	9350 00C0	STS UCSR0A,SYSVALUECOPY
0004B7	EC5F	LDI SYSVALUECOPY,207
0004B8	9350 00C4	STS UBRR0L,SYSVALUECOPY
0004BA	E050	LDI SYSVALUECOPY,0
0004BB	9350 00C5	STS UBRR0H,SYSVALUECOPY
0004BD	9150 00C1	LDS SYSVALUECOPY,UCSR0B
0004BF	6150	SBR SYSVALUECOPY,1<<RXEN0
0004C0	9350 00C1	STS UCSR0B,SYSVALUECOPY
0004C2	6058	SBR SYSVALUECOPY,1<<TXEN0
0004C3	9350 00C1	STS UCSR0B,SYSVALUECOPY
0004C5	9508	RET


		FN_STR
0004C6	E050	LDI SYSVALUECOPY,0
0004C7	9350 0147	STS SYSCHARCOUNT,SYSVALUECOPY
0004C9	9160 014D	LDS SYSWORDTEMPA,SYSVALTEMP
0004CB	9170 014E	LDS SYSWORDTEMPA_H,SYSVALTEMP_H
0004CD	E1C0	LDI SYSWORDTEMPB,16
0004CE	E2D7	LDI SYSWORDTEMPB_H,39
0004CF	D0BD	RCALL SYSCOMPLESSTHAN16
0004D0	9400	COM SYSBYTETEMPX
0004D1	FE00	SBRS SYSBYTETEMPX,0
0004D2	C01F	RJMP ENDIF18
0004D3	9160 014D	LDS SYSWORDTEMPA,SYSVALTEMP
0004D5	9170 014E	LDS SYSWORDTEMPA_H,SYSVALTEMP_H
0004D7	E1C0	LDI SYSWORDTEMPB,16
0004D8	E2D7	LDI SYSWORDTEMPB_H,39
0004D9	D0DA	RCALL SYSDIVSUB16
0004DA	9360 014C	STS SYSSTRDATA,SYSWORDTEMPA
0004DC	9200 014D	STS SYSVALTEMP,SYSCALCTEMPX
0004DE	9210 014E	STS SYSVALTEMP_H,SYSCALCTEMPX_H
0004E0	9060 0147	LDS SYSTEMP1,SYSCHARCOUNT
0004E2	9463	INC SYSTEMP1
0004E3	9260 0147	STS SYSCHARCOUNT,SYSTEMP1
0004E5	E20C	LDI SYSTEMP2,LOW(STR)
0004E6	0E60	ADD SYSTEMP1,SYSTEMP2
0004E7	2DA6	MOV SYSSTRINGA,SYSTEMP1
0004E8	E000	LDI SYSTEMP2,0
0004E9	E011	LDI SYSTEMP3,HIGH(STR)
0004EA	1F01	ADC SYSTEMP2,SYSTEMP3
0004EB	2FB0	MOV SYSSTRINGA_H,SYSTEMP2
0004EC	9060 014C	LDS SYSTEMP1,SYSSTRDATA
0004EE	E300	LDI SYSTEMP2,48
0004EF	0E60	ADD SYSTEMP1,SYSTEMP2
0004F0	926C	ST X,SYSTEMP1
0004F1	C00A	RJMP SYSVALTHOUSANDS
		ENDIF18
0004F2	9160 014D	LDS SYSWORDTEMPA,SYSVALTEMP
0004F4	9170 014E	LDS SYSWORDTEMPA_H,SYSVALTEMP_H
0004F6	EEC8	LDI SYSWORDTEMPB,232
0004F7	E0D3	LDI SYSWORDTEMPB_H,3
0004F8	D094	RCALL SYSCOMPLESSTHAN16
0004F9	9400	COM SYSBYTETEMPX
0004FA	FE00	SBRS SYSBYTETEMPX,0
0004FB	C01F	RJMP ENDIF19
		SYSVALTHOUSANDS
0004FC	9160 014D	LDS SYSWORDTEMPA,SYSVALTEMP
0004FE	9170 014E	LDS SYSWORDTEMPA_H,SYSVALTEMP_H
000500	EEC8	LDI SYSWORDTEMPB,232
000501	E0D3	LDI SYSWORDTEMPB_H,3
000502	D0B1	RCALL SYSDIVSUB16
000503	9360 014C	STS SYSSTRDATA,SYSWORDTEMPA
000505	9200 014D	STS SYSVALTEMP,SYSCALCTEMPX
000507	9210 014E	STS SYSVALTEMP_H,SYSCALCTEMPX_H
000509	9060 0147	LDS SYSTEMP1,SYSCHARCOUNT
00050B	9463	INC SYSTEMP1
00050C	9260 0147	STS SYSCHARCOUNT,SYSTEMP1
00050E	E20C	LDI SYSTEMP2,LOW(STR)
00050F	0E60	ADD SYSTEMP1,SYSTEMP2
000510	2DA6	MOV SYSSTRINGA,SYSTEMP1
000511	E000	LDI SYSTEMP2,0
000512	E011	LDI SYSTEMP3,HIGH(STR)
000513	1F01	ADC SYSTEMP2,SYSTEMP3
000514	2FB0	MOV SYSSTRINGA_H,SYSTEMP2
000515	9060 014C	LDS SYSTEMP1,SYSSTRDATA
000517	E300	LDI SYSTEMP2,48
000518	0E60	ADD SYSTEMP1,SYSTEMP2
000519	926C	ST X,SYSTEMP1
00051A	C00A	RJMP SYSVALHUNDREDS
		ENDIF19
00051B	9160 014D	LDS SYSWORDTEMPA,SYSVALTEMP
00051D	9170 014E	LDS SYSWORDTEMPA_H,SYSVALTEMP_H
00051F	E6C4	LDI SYSWORDTEMPB,100
000520	E0D0	LDI SYSWORDTEMPB_H,0
000521	D06B	RCALL SYSCOMPLESSTHAN16
000522	9400	COM SYSBYTETEMPX
000523	FE00	SBRS SYSBYTETEMPX,0
000524	C01F	RJMP ENDIF20
		SYSVALHUNDREDS
000525	9160 014D	LDS SYSWORDTEMPA,SYSVALTEMP
000527	9170 014E	LDS SYSWORDTEMPA_H,SYSVALTEMP_H
000529	E6C4	LDI SYSWORDTEMPB,100
00052A	E0D0	LDI SYSWORDTEMPB_H,0
00052B	D088	RCALL SYSDIVSUB16
00052C	9360 014C	STS SYSSTRDATA,SYSWORDTEMPA
00052E	9200 014D	STS SYSVALTEMP,SYSCALCTEMPX
000530	9210 014E	STS SYSVALTEMP_H,SYSCALCTEMPX_H
000532	9060 0147	LDS SYSTEMP1,SYSCHARCOUNT
000534	9463	INC SYSTEMP1
000535	9260 0147	STS SYSCHARCOUNT,SYSTEMP1
000537	E20C	LDI SYSTEMP2,LOW(STR)
000538	0E60	ADD SYSTEMP1,SYSTEMP2
000539	2DA6	MOV SYSSTRINGA,SYSTEMP1
00053A	E000	LDI SYSTEMP2,0
00053B	E011	LDI SYSTEMP3,HIGH(STR)
00053C	1F01	ADC SYSTEMP2,SYSTEMP3
00053D	2FB0	MOV SYSSTRINGA_H,SYSTEMP2
00053E	9060 014C	LDS SYSTEMP1,SYSSTRDATA
000540	E300	LDI SYSTEMP2,48
000541	0E60	ADD SYSTEMP1,SYSTEMP2
000542	926C	ST X,SYSTEMP1
000543	C00A	RJMP SYSVALTENS
		ENDIF20
000544	9160 014D	LDS SYSWORDTEMPA,SYSVALTEMP
000546	9170 014E	LDS SYSWORDTEMPA_H,SYSVALTEMP_H
000548	E0CA	LDI SYSWORDTEMPB,10
000549	E0D0	LDI SYSWORDTEMPB_H,0
00054A	D042	RCALL SYSCOMPLESSTHAN16
00054B	9400	COM SYSBYTETEMPX
00054C	FE00	SBRS SYSBYTETEMPX,0
00054D	C01E	RJMP ENDIF21
		SYSVALTENS
00054E	9160 014D	LDS SYSWORDTEMPA,SYSVALTEMP
000550	9170 014E	LDS SYSWORDTEMPA_H,SYSVALTEMP_H
000552	E0CA	LDI SYSWORDTEMPB,10
000553	E0D0	LDI SYSWORDTEMPB_H,0
000554	D05F	RCALL SYSDIVSUB16
000555	9360 014C	STS SYSSTRDATA,SYSWORDTEMPA
000557	9200 014D	STS SYSVALTEMP,SYSCALCTEMPX
000559	9210 014E	STS SYSVALTEMP_H,SYSCALCTEMPX_H
00055B	9060 0147	LDS SYSTEMP1,SYSCHARCOUNT
00055D	9463	INC SYSTEMP1
00055E	9260 0147	STS SYSCHARCOUNT,SYSTEMP1
000560	E20C	LDI SYSTEMP2,LOW(STR)
000561	0E60	ADD SYSTEMP1,SYSTEMP2
000562	2DA6	MOV SYSSTRINGA,SYSTEMP1
000563	E000	LDI SYSTEMP2,0
000564	E011	LDI SYSTEMP3,HIGH(STR)
000565	1F01	ADC SYSTEMP2,SYSTEMP3
000566	2FB0	MOV SYSSTRINGA_H,SYSTEMP2
000567	9060 014C	LDS SYSTEMP1,SYSSTRDATA
000569	E300	LDI SYSTEMP2,48
00056A	0E60	ADD SYSTEMP1,SYSTEMP2
00056B	926C	ST X,SYSTEMP1
		ENDIF21
00056C	9060 0147	LDS SYSTEMP1,SYSCHARCOUNT
00056E	9463	INC SYSTEMP1
00056F	9260 0147	STS SYSCHARCOUNT,SYSTEMP1
000571	E20C	LDI SYSTEMP2,LOW(STR)
000572	0E60	ADD SYSTEMP1,SYSTEMP2
000573	2DA6	MOV SYSSTRINGA,SYSTEMP1
000574	E000	LDI SYSTEMP2,0
000575	E011	LDI SYSTEMP3,HIGH(STR)
000576	1F01	ADC SYSTEMP2,SYSTEMP3
000577	2FB0	MOV SYSSTRINGA_H,SYSTEMP2
000578	9060 014D	LDS SYSTEMP1,SYSVALTEMP
00057A	E300	LDI SYSTEMP2,48
00057B	0E60	ADD SYSTEMP1,SYSTEMP2
00057C	926C	ST X,SYSTEMP1
00057D	9200 014D	STS SYSVALTEMP,SYSCALCTEMPX
00057F	9210 014E	STS SYSVALTEMP_H,SYSCALCTEMPX_H
000581	9150 0147	LDS SYSVALUECOPY,SYSCHARCOUNT
000583	9350 012C	STS SYSSTR_0,SYSVALUECOPY
000585	9508	RET


		SYSCOMPEQUAL16
000586	2400	CLR SYSBYTETEMPX
000587	176C	CP SYSWORDTEMPA, SYSWORDTEMPB
000588	F419	BRNE SCE16FALSE
000589	177D	CP SYSWORDTEMPA_H, SYSWORDTEMPB_H
00058A	F409	BRNE SCE16FALSE
00058B	9400	COM SYSBYTETEMPX
		SCE16FALSE
00058C	9508	RET


		SYSCOMPLESSTHAN16
00058D	2400	CLR SYSBYTETEMPX
00058E	17D7	CP SYSWORDTEMPB_H,SYSWORDTEMPA_H
00058F	F030	BRLO SCLT16FALSE
000590	177D	CP SYSWORDTEMPA_H,SYSWORDTEMPB_H
000591	F018	BRLO SCLT16TRUE
000592	176C	CP SYSWORDTEMPA,SYSWORDTEMPB
000593	F008	BRLO SCLT16TRUE
000594	9508	RET
		SCLT16TRUE
000595	9400	COM SYSBYTETEMPX
		SCLT16FALSE
000596	9508	RET


		SYSCOPYSTRING
000597	916D	LD SYSCALCTEMPA, X+
000598	9369	ST Y+, SYSCALCTEMPA
000599	C002	RJMP SYSCOPYSTRINGCHECK
		SYSCOPYSTRINGPART
00059A	916D	LD SYSCALCTEMPA, X+
00059B	0F96	ADD SYSSTRINGLENGTH, SYSCALCTEMPA
		SYSCOPYSTRINGCHECK
00059C	3060	CPI SYSCALCTEMPA,0
00059D	F409	BRNE SYSSTRINGCOPY
00059E	9508	RET
		SYSSTRINGCOPY
00059F	91ED	LD SYSREADA, X+
0005A0	93E9	ST Y+, SYSREADA
0005A1	956A	DEC SYSCALCTEMPA
0005A2	F7E1	BRNE SYSSTRINGCOPY
0005A3	9508	RET


		SYSDIVSUB
0005A4	23CC	TST SYSBYTETEMPB
0005A5	F409	BRNE DIV8CONT
0005A6	9508	RET
		DIV8CONT
0005A7	2400	CLR SYSBYTETEMPX
0005A8	E058	LDI SYSVALUECOPY,8
0005A9	2E55	MOV SYSDIVLOOP,SYSVALUECOPY
		SYSDIV8START
0005AA	0F66	LSL SYSBYTETEMPA
0005AB	1C00	ROL SYSBYTETEMPX
0005AC	1A0C	SUB SYSBYTETEMPX,SYSBYTETEMPB
0005AD	6061	SBR SYSBYTETEMPA,1
0005AE	F410	BRSH DIV8NOTNEG
0005AF	7F6E	CBR SYSBYTETEMPA,1
0005B0	0E0C	ADD SYSBYTETEMPX,SYSBYTETEMPB
		DIV8NOTNEG
0005B1	945A	DEC SYSDIVLOOP
0005B2	F7B9	BRNE SYSDIV8START
0005B3	9508	RET


		SYSDIVSUB16
0005B4	2F86	MOV SYSDIVMULTA,SYSWORDTEMPA
0005B5	2F97	MOV SYSDIVMULTA_H,SYSWORDTEMPA_H
0005B6	2FEC	MOV SYSDIVMULTB,SYSWORDTEMPB
0005B7	2FFD	MOV SYSDIVMULTB_H,SYSWORDTEMPB_H
0005B8	E050	LDI SYSVALUECOPY,0
0005B9	2E25	MOV SYSDIVMULTX,SYSVALUECOPY
0005BA	E050	LDI SYSVALUECOPY,0
0005BB	2E35	MOV SYSDIVMULTX_H,SYSVALUECOPY
0005BC	2F6E	MOV SYSWORDTEMPA,SYSDIVMULTB
0005BD	2F7F	MOV SYSWORDTEMPA_H,SYSDIVMULTB_H
0005BE	E0C0	LDI SYSWORDTEMPB,0
0005BF	E0D0	LDI SYSWORDTEMPB_H,0
0005C0	DFC5	RCALL SYSCOMPEQUAL16
0005C1	FE00	SBRS SYSBYTETEMPX,0
0005C2	C003	RJMP ENDIF31
0005C3	E060	LDI SYSWORDTEMPA,0
0005C4	E070	LDI SYSWORDTEMPA_H,0
0005C5	9508	RET
		ENDIF31
0005C6	E150	LDI SYSVALUECOPY,16
0005C7	2E55	MOV SYSDIVLOOP,SYSVALUECOPY
		SYSDIV16START
0005C8	9488	CLC
0005C9	1F88	ROL SYSDIVMULTA
0005CA	1F99	ROL SYSDIVMULTA_H
0005CB	1C22	ROL SYSDIVMULTX
0005CC	1C33	ROL SYSDIVMULTX_H
0005CD	2C62	MOV SYSTEMP1,SYSDIVMULTX
0005CE	1A6E	SUB SYSTEMP1,SYSDIVMULTB
0005CF	2C26	MOV SYSDIVMULTX,SYSTEMP1
0005D0	2C63	MOV SYSTEMP1,SYSDIVMULTX_H
0005D1	0A6F	SBC SYSTEMP1,SYSDIVMULTB_H
0005D2	2C36	MOV SYSDIVMULTX_H,SYSTEMP1
0005D3	6081	SBR  SYSDIVMULTA,1<<0
0005D4	F438	BRBC C,ENDIF32
0005D5	7F8E	CBR  SYSDIVMULTA,1<<0
0005D6	2C62	MOV SYSTEMP1,SYSDIVMULTX
0005D7	0E6E	ADD SYSTEMP1,SYSDIVMULTB
0005D8	2C26	MOV SYSDIVMULTX,SYSTEMP1
0005D9	2C63	MOV SYSTEMP1,SYSDIVMULTX_H
0005DA	1E6F	ADC SYSTEMP1,SYSDIVMULTB_H
0005DB	2C36	MOV SYSDIVMULTX_H,SYSTEMP1
		ENDIF32
0005DC	945A	DEC SYSDIVLOOP
0005DD	F751	BRNE SYSDIV16START
0005DE	2F68	MOV SYSWORDTEMPA,SYSDIVMULTA
0005DF	2F79	MOV SYSWORDTEMPA_H,SYSDIVMULTA_H
0005E0	2C02	MOV SYSWORDTEMPX,SYSDIVMULTX
0005E1	2C13	MOV SYSWORDTEMPX_H,SYSDIVMULTX_H
0005E2	9508	RET


		SYSMULTSUB16
0005E3	9F6C	MUL SYSWORDTEMPA, SYSWORDTEMPB
0005E4	2C20	MOV SYSDIVMULTX,SYSWORDTEMPX
0005E5	2C31	MOV SYSDIVMULTX_H,SYSWORDTEMPX_H
0005E6	9F6D	MUL SYSWORDTEMPA, SYSWORDTEMPB_H
0005E7	0C30	ADD SYSDIVMULTX_H, SYSWORDTEMPX
0005E8	9F7C	MUL SYSWORDTEMPA_H, SYSWORDTEMPB
0005E9	0C30	ADD SYSDIVMULTX_H, SYSWORDTEMPX
0005EA	2C02	MOV SYSWORDTEMPX,SYSDIVMULTX
0005EB	2C13	MOV SYSWORDTEMPX_H,SYSDIVMULTX_H
0005EC	9508	RET


		SYSREADSTRING
0005ED	95C8	LPM
0005EE	2D60	MOV SYSCALCTEMPA, SYSCALCTEMPX
0005EF	95E3	INC SYSREADA
0005F0	F409	BRNE PC + 2
0005F1	95F3	INC SYSREADA_H
0005F2	9369	ST Y+, SYSCALCTEMPA
0005F3	C006	RJMP SYSSTRINGREADCHECK
		SYSREADSTRINGPART
0005F4	95C8	LPM
0005F5	2D60	MOV SYSCALCTEMPA, SYSCALCTEMPX
0005F6	95E3	INC SYSREADA
0005F7	F409	BRNE PC + 2
0005F8	95F3	INC SYSREADA_H
0005F9	0F96	ADD SYSSTRINGLENGTH, SYSCALCTEMPA
		SYSSTRINGREADCHECK
0005FA	3060	CPI SYSCALCTEMPA, 0
0005FB	F409	BRNE SYSSTRINGREAD
0005FC	9508	RET
		SYSSTRINGREAD
0005FD	95C8	LPM
0005FE	95E3	INC SYSREADA
0005FF	F409	BRNE PC + 2
000600	95F3	INC SYSREADA_H
000601	9209	ST Y+, SYSCALCTEMPX
000602	956A	DEC SYSCALCTEMPA
000603	F7C9	BRNE SYSSTRINGREAD
000604	9508	RET


		SYSSTRINGTABLES

		STRINGTABLE1
000605	2003 202C	RAW 2003,202C


		STRINGTABLE2
000607	5308 6174 7574 3A73 0020	RAW 5308,6174,7574,3A73,0020


		STRINGTABLE3
00060C	4408 7461 2061 4B4F 0021	RAW 4408,7461,2061,4B4F,0021


		STRINGTABLE4
000611	561E 5343 4C45 4320 4E4F 4954 554E 5449 2059 4554 5453 4620 4941 554C 4552 0021	RAW 561E,5343,4C45,4320,4E4F,4954,554E,5449,2059,4554,5453,4620,4941,554C,4552,0021


		STRINGTABLE5
000621	561C 5343 4C45 5720 5441 4843 4F44 2047 4554 5453 4620 4941 554C 4552 0021	RAW 561C,5343,4C45,5720,5441,4843,4F44,2047,4554,5453,4620,4941,554C,4552,0021


		STRINGTABLE6
000630	4E13 204F 4856 2056 4156 554C 2045 4F46 4E55 2144	RAW 4E13,204F,4856,2056,4156,554C,2045,4F46,4E55,2144


		STRINGTABLE7
00063A	4D0F 5253 2043 4F4E 5420 5241 4547 2154	RAW 4D0F,5253,2043,4F4E,5420,5241,4547,2154


		STRINGTABLE8
000642	530A 524E 4320 4548 4B43 0021	RAW 530A,524E,4320,4548,4B43,0021


		STRINGTABLE9
000648	5212 4E41 4547 5020 4148 4553 4320 4548 4B43 0021	RAW 5212,4E41,4547,5020,4148,4553,4320,4548,4B43,0021


		STRINGTABLE10
000652	5316 4749 414D 5420 5248 5345 4F48 444C 4320 4548 4B43 0021	RAW 5316,4749,414D,5420,5248,5345,4F48,444C,4320,4548,4B43,0021


		STRINGTABLE11
00065E	5404 4343 0021	RAW 5404,4343,0021


		STRINGTABLE12
000661	5012 4148 4553 4320 4E4F 4953 5453 4E45 5943 0021	RAW 5012,4148,4553,4320,4E4F,4953,5453,4E45,5943,0021


		STRINGTABLE13
00066B	4D09 4E49 4320 494C 2150	RAW 4D09,4E49,4320,494C,2150


		STRINGTABLE14
000670	520F 4E41 4547 4320 4D4F 4C50 5445 2145	RAW 520F,4E41,4547,4320,4D4F,4C50,5445,2145


		STRINGTABLE15
000678	410F 474C 204F 4E55 4544 4652 4F4C 2157	RAW 410F,474C,204F,4E55,4544,4652,4F4C,2157


		STRINGTABLE16
000680	410E 474C 204F 564F 5245 4C46 574F 0021	RAW 410E,474C,204F,564F,5245,4C46,574F,0021


		STRINGTABLE17
000688	5217 4E41 4547 4920 4E47 524F 2045 4854 4552 4853 4C4F 2144	RAW 5217,4E41,4547,4920,4E47,524F,2045,4854,4552,4853,4C4F,2144


		STRINGTABLE18
000694	640A 7665 7245 6F72 3D72 0020	RAW 640A,7665,7245,6F72,3D72,0020


		STRINGTABLE19
00069A	440A 7369 6174 636E 3A65 0020	RAW 440A,7369,6174,636E,3A65,0020


		STRINGTABLE20
0006A0	2003 6D6D	RAW 2003,6D6D


		STRINGTABLE21
0006A2	4108 626D 6569 746E 0020	RAW 4108,626D,6569,746E,0020


		STRINGTABLE22
0006A7	2005 636D 732F	RAW 2005,636D,732F


		STRINGTABLE23
0006AA	530E 6769 616E 206C 6152 6574 3D20 0020	RAW 530E,6769,616E,206C,6152,6574,3D20,0020


		STRINGTABLE24
0006B2	5307 4150 2044 203D	RAW 5307,4150,2044,203D



