GCASM List File (GCBASIC 0.98.<<>> 2019-11-14 (Windows 32 bit))

Symbols:
-X 	EQU 	30
-Y 	EQU 	26
-Z 	EQU 	18
ACBG 	EQU 	6
ACD 	EQU 	7
ACI 	EQU 	4
ACIC 	EQU 	2
ACIE 	EQU 	3
ACIS0 	EQU 	0
ACIS1 	EQU 	1
ACME 	EQU 	6
ACO 	EQU 	5
ACSR 	EQU 	48
ADATE 	EQU 	5
ADC0D 	EQU 	0
ADC1D 	EQU 	1
ADC2D 	EQU 	2
ADC3D 	EQU 	3
ADC4D 	EQU 	4
ADC5D 	EQU 	5
ADCH 	EQU 	121
ADCH0 	EQU 	0
ADCH1 	EQU 	1
ADCH2 	EQU 	2
ADCH3 	EQU 	3
ADCH4 	EQU 	4
ADCH5 	EQU 	5
ADCH6 	EQU 	6
ADCH7 	EQU 	7
ADCL 	EQU 	120
ADCL0 	EQU 	0
ADCL1 	EQU 	1
ADCL2 	EQU 	2
ADCL3 	EQU 	3
ADCL4 	EQU 	4
ADCL5 	EQU 	5
ADCL6 	EQU 	6
ADCL7 	EQU 	7
ADCSRA 	EQU 	122
ADCSRB 	EQU 	123
ADEN 	EQU 	7
ADIE 	EQU 	3
ADIF 	EQU 	4
ADLAR 	EQU 	5
ADMUX 	EQU 	124
ADPS0 	EQU 	0
ADPS1 	EQU 	1
ADPS2 	EQU 	2
ADSC 	EQU 	6
ADTS0 	EQU 	0
ADTS1 	EQU 	1
ADTS2 	EQU 	2
AIN0D 	EQU 	0
AIN1D 	EQU 	1
AS2 	EQU 	5
ASSR 	EQU 	182
BASPROGRAMEND 	EQU 	76
BASPROGRAMSTART 	EQU 	52
BLBSET 	EQU 	3
BODS 	EQU 	6
BODSE 	EQU 	5
BORF 	EQU 	2
C 	EQU 	0
CAL0 	EQU 	0
CAL1 	EQU 	1
CAL2 	EQU 	2
CAL3 	EQU 	3
CAL4 	EQU 	4
CAL5 	EQU 	5
CAL6 	EQU 	6
CAL7 	EQU 	7
CLKPCE 	EQU 	7
CLKPR 	EQU 	97
CLKPS0 	EQU 	0
CLKPS1 	EQU 	1
CLKPS2 	EQU 	2
CLKPS3 	EQU 	3
CLS_EPD2IN13D 	EQU 	78
CLS_EPD2IN13D_INIT 	EQU 	80
COM0A0 	EQU 	6
COM0A1 	EQU 	7
COM0B0 	EQU 	4
COM0B1 	EQU 	5
COM1A0 	EQU 	6
COM1A1 	EQU 	7
COM1B0 	EQU 	4
COM1B1 	EQU 	5
COM2A0 	EQU 	6
COM2A1 	EQU 	7
COM2B0 	EQU 	4
COM2B1 	EQU 	5
CPHA 	EQU 	2
CPOL 	EQU 	3
CS00 	EQU 	0
CS01 	EQU 	1
CS02 	EQU 	2
CS10 	EQU 	0
CS11 	EQU 	1
CS12 	EQU 	2
CS20 	EQU 	0
CS21 	EQU 	1
CS22 	EQU 	2
DATAVAR 	EQU 	363
DDB0 	EQU 	0
DDB1 	EQU 	1
DDB2 	EQU 	2
DDB3 	EQU 	3
DDB4 	EQU 	4
DDB5 	EQU 	5
DDB6 	EQU 	6
DDB7 	EQU 	7
DDC0 	EQU 	0
DDC1 	EQU 	1
DDC2 	EQU 	2
DDC3 	EQU 	3
DDC4 	EQU 	4
DDC5 	EQU 	5
DDC6 	EQU 	6
DDD0 	EQU 	0
DDD1 	EQU 	1
DDD2 	EQU 	2
DDD3 	EQU 	3
DDD4 	EQU 	4
DDD5 	EQU 	5
DDD6 	EQU 	6
DDD7 	EQU 	7
DDRB 	EQU 	4
DDRC 	EQU 	7
DDRD 	EQU 	10
DELAYTEMP 	EQU 	r25
DELAYTEMP2 	EQU 	r26
DELAY_MS 	EQU 	313
DIDR0 	EQU 	126
DIDR1 	EQU 	127
DMS_INNER 	EQU 	316
DMS_OUTER 	EQU 	315
DMS_START 	EQU 	314
DOR0 	EQU 	3
DORD 	EQU 	5
EEAR0 	EQU 	0
EEAR1 	EQU 	1
EEAR2 	EQU 	2
EEAR3 	EQU 	3
EEAR4 	EQU 	4
EEAR5 	EQU 	5
EEAR6 	EQU 	6
EEAR7 	EQU 	7
EEAR8 	EQU 	0
EEAR9 	EQU 	1
EEARH 	EQU 	34
EEARL 	EQU 	33
EECR 	EQU 	31
EEDR 	EQU 	32
EEDR0 	EQU 	0
EEDR1 	EQU 	1
EEDR2 	EQU 	2
EEDR3 	EQU 	3
EEDR4 	EQU 	4
EEDR5 	EQU 	5
EEDR6 	EQU 	6
EEDR7 	EQU 	7
EEMPE 	EQU 	2
EEPE 	EQU 	1
EEPM0 	EQU 	4
EEPM1 	EQU 	5
EERE 	EQU 	0
EERIE 	EQU 	3
EICRA 	EQU 	105
EIFR 	EQU 	28
EIMSK 	EQU 	29
ELSE12_1 	EQU 	277
ELSE1_1 	EQU 	863
ELSE2_1 	EQU 	892
ELSE9_1 	EQU 	187
ENDIF1 	EQU 	864
ENDIF12 	EQU 	278
ENDIF2 	EQU 	893
ENDIF9 	EQU 	188
EPD2IN13DADDRESSTYPE 	EQU 	364
EPD2IN13D_COMMAND 	EQU 	365
EPD2IN13D_DATA 	EQU 	366
EPD_BUFFER 	EQU 	256
EPD_COUNTER 	EQU 	367
EPD_IND_COL 	EQU 	368
EPD_IND_COL_H 	EQU 	369
EPD_IND_RAW 	EQU 	370
EPD_IND_RAW_H 	EQU 	371
EXCLK 	EQU 	6
EXTREF 	EQU 	1
EXTRF 	EQU 	1
FE0 	EQU 	4
FOC0A 	EQU 	7
FOC0B 	EQU 	6
FOC1A 	EQU 	7
FOC1B 	EQU 	6
FOC2A 	EQU 	7
FOC2B 	EQU 	6
GLCDBACKGROUND 	EQU 	372
GLCDBACKGROUND_H 	EQU 	373
GLCDDEVICEHEIGHT 	EQU 	374
GLCDDEVICEHEIGHT_H 	EQU 	375
GLCDDEVICEWIDTH 	EQU 	376
GLCDDEVICEWIDTH_H 	EQU 	377
GLCDFNTDEFAULT 	EQU 	378
GLCDFNTDEFAULTHEIGHT 	EQU 	379
GLCDFNTDEFAULTSIZE 	EQU 	380
GLCDFONTWIDTH 	EQU 	381
GLCDFOREGROUND 	EQU 	382
GLCDFOREGROUND_H 	EQU 	383
GLCD_YORDINATE 	EQU 	384
GLCD_YORDINATE_H 	EQU 	385
GPIOR0 	EQU 	30
GPIOR00 	EQU 	0
GPIOR01 	EQU 	1
GPIOR02 	EQU 	2
GPIOR03 	EQU 	3
GPIOR04 	EQU 	4
GPIOR05 	EQU 	5
GPIOR06 	EQU 	6
GPIOR07 	EQU 	7
GPIOR1 	EQU 	42
GPIOR10 	EQU 	0
GPIOR11 	EQU 	1
GPIOR12 	EQU 	2
GPIOR13 	EQU 	3
GPIOR14 	EQU 	4
GPIOR15 	EQU 	5
GPIOR16 	EQU 	6
GPIOR17 	EQU 	7
GPIOR2 	EQU 	43
GPIOR20 	EQU 	0
GPIOR21 	EQU 	1
GPIOR22 	EQU 	2
GPIOR23 	EQU 	3
GPIOR24 	EQU 	4
GPIOR25 	EQU 	5
GPIOR26 	EQU 	6
GPIOR27 	EQU 	7
GTCCR 	EQU 	35
H 	EQU 	5
I 	EQU 	7
ICES1 	EQU 	6
ICF1 	EQU 	5
ICIE1 	EQU 	5
ICNC1 	EQU 	7
ICR1H 	EQU 	135
ICR1L 	EQU 	134
INITSYS 	EQU 	325
INIT_EPD2IN13D 	EQU 	332
INT0 	EQU 	0
INT1 	EQU 	1
INTF0 	EQU 	0
INTF1 	EQU 	1
ISC00 	EQU 	0
ISC01 	EQU 	1
ISC10 	EQU 	2
ISC11 	EQU 	3
IVCE 	EQU 	0
IVSEL 	EQU 	1
LOADLUTS_EPD2IN13D 	EQU 	490
LUT_BB 	EQU 	637
LUT_BW 	EQU 	661
LUT_VCOM 	EQU 	685
LUT_WB 	EQU 	709
LUT_WW 	EQU 	733
MCUCR 	EQU 	53
MCUSR 	EQU 	52
MPCM0 	EQU 	0
MSTR 	EQU 	4
MUX0 	EQU 	0
MUX1 	EQU 	1
MUX2 	EQU 	2
MUX3 	EQU 	3
N 	EQU 	2
OCF0A 	EQU 	1
OCF0B 	EQU 	2
OCF1A 	EQU 	1
OCF1B 	EQU 	2
OCF2A 	EQU 	1
OCF2B 	EQU 	2
OCIE0A 	EQU 	1
OCIE0B 	EQU 	2
OCIE1A 	EQU 	1
OCIE1B 	EQU 	2
OCIE2A 	EQU 	1
OCIE2B 	EQU 	2
OCR0A 	EQU 	39
OCR0A_0 	EQU 	0
OCR0A_1 	EQU 	1
OCR0A_2 	EQU 	2
OCR0A_3 	EQU 	3
OCR0A_4 	EQU 	4
OCR0A_5 	EQU 	5
OCR0A_6 	EQU 	6
OCR0A_7 	EQU 	7
OCR0B 	EQU 	40
OCR0B_0 	EQU 	0
OCR0B_1 	EQU 	1
OCR0B_2 	EQU 	2
OCR0B_3 	EQU 	3
OCR0B_4 	EQU 	4
OCR0B_5 	EQU 	5
OCR0B_6 	EQU 	6
OCR0B_7 	EQU 	7
OCR1AH 	EQU 	137
OCR1AL 	EQU 	136
OCR1BH 	EQU 	139
OCR1BL 	EQU 	138
OCR2A 	EQU 	179
OCR2AUB 	EQU 	3
OCR2A_0 	EQU 	0
OCR2A_1 	EQU 	1
OCR2A_2 	EQU 	2
OCR2A_3 	EQU 	3
OCR2A_4 	EQU 	4
OCR2A_5 	EQU 	5
OCR2A_6 	EQU 	6
OCR2A_7 	EQU 	7
OCR2B 	EQU 	180
OCR2BUB 	EQU 	2
OCR2B_0 	EQU 	0
OCR2B_1 	EQU 	1
OCR2B_2 	EQU 	2
OCR2B_3 	EQU 	3
OCR2B_4 	EQU 	4
OCR2B_5 	EQU 	5
OCR2B_6 	EQU 	6
OCR2B_7 	EQU 	7
OSCCAL 	EQU 	102
OSCCAL0 	EQU 	0
OSCCAL1 	EQU 	1
OSCCAL2 	EQU 	2
OSCCAL3 	EQU 	3
OSCCAL4 	EQU 	4
OSCCAL5 	EQU 	5
OSCCAL6 	EQU 	6
OSCCAL7 	EQU 	7
PB0 	EQU 	0
PB1 	EQU 	1
PB2 	EQU 	2
PB3 	EQU 	3
PB4 	EQU 	4
PB5 	EQU 	5
PB6 	EQU 	6
PB7 	EQU 	7
PC0 	EQU 	0
PC1 	EQU 	1
PC2 	EQU 	2
PC3 	EQU 	3
PC4 	EQU 	4
PC5 	EQU 	5
PC6 	EQU 	6
PCICR 	EQU 	104
PCIE0 	EQU 	0
PCIE1 	EQU 	1
PCIE2 	EQU 	2
PCIF0 	EQU 	0
PCIF1 	EQU 	1
PCIF2 	EQU 	2
PCIFR 	EQU 	27
PCINT0 	EQU 	0
PCINT1 	EQU 	1
PCINT10 	EQU 	2
PCINT11 	EQU 	3
PCINT12 	EQU 	4
PCINT13 	EQU 	5
PCINT14 	EQU 	6
PCINT16 	EQU 	0
PCINT17 	EQU 	1
PCINT18 	EQU 	2
PCINT19 	EQU 	3
PCINT2 	EQU 	2
PCINT20 	EQU 	4
PCINT21 	EQU 	5
PCINT22 	EQU 	6
PCINT23 	EQU 	7
PCINT3 	EQU 	3
PCINT4 	EQU 	4
PCINT5 	EQU 	5
PCINT6 	EQU 	6
PCINT7 	EQU 	7
PCINT8 	EQU 	0
PCINT9 	EQU 	1
PCMSK0 	EQU 	107
PCMSK1 	EQU 	108
PCMSK2 	EQU 	109
PD0 	EQU 	0
PD1 	EQU 	1
PD2 	EQU 	2
PD3 	EQU 	3
PD4 	EQU 	4
PD5 	EQU 	5
PD6 	EQU 	6
PD7 	EQU 	7
PGERS 	EQU 	1
PGWRT 	EQU 	2
PINB 	EQU 	3
PINB0 	EQU 	0
PINB1 	EQU 	1
PINB2 	EQU 	2
PINB3 	EQU 	3
PINB4 	EQU 	4
PINB5 	EQU 	5
PINB6 	EQU 	6
PINB7 	EQU 	7
PINC 	EQU 	6
PINC0 	EQU 	0
PINC1 	EQU 	1
PINC2 	EQU 	2
PINC3 	EQU 	3
PINC4 	EQU 	4
PINC5 	EQU 	5
PINC6 	EQU 	6
PIND 	EQU 	9
PIND0 	EQU 	0
PIND1 	EQU 	1
PIND2 	EQU 	2
PIND3 	EQU 	3
PIND4 	EQU 	4
PIND5 	EQU 	5
PIND6 	EQU 	6
PIND7 	EQU 	7
PORF 	EQU 	0
PORTB 	EQU 	5
PORTB0 	EQU 	0
PORTB1 	EQU 	1
PORTB2 	EQU 	2
PORTB3 	EQU 	3
PORTB4 	EQU 	4
PORTB5 	EQU 	5
PORTB6 	EQU 	6
PORTB7 	EQU 	7
PORTC 	EQU 	8
PORTC0 	EQU 	0
PORTC1 	EQU 	1
PORTC2 	EQU 	2
PORTC3 	EQU 	3
PORTC4 	EQU 	4
PORTC5 	EQU 	5
PORTC6 	EQU 	6
PORTD 	EQU 	11
PORTD0 	EQU 	0
PORTD1 	EQU 	1
PORTD2 	EQU 	2
PORTD3 	EQU 	3
PORTD4 	EQU 	4
PORTD5 	EQU 	5
PORTD6 	EQU 	6
PORTD7 	EQU 	7
PRADC 	EQU 	0
PRINTLOCX 	EQU 	386
PRINTLOCX_H 	EQU 	387
PRINTLOCY 	EQU 	388
PRINTLOCY_H 	EQU 	389
PRR 	EQU 	100
PRSPI 	EQU 	2
PRTIM0 	EQU 	5
PRTIM1 	EQU 	3
PRTIM2 	EQU 	6
PRTWI 	EQU 	7
PRUSART0 	EQU 	1
PSR2 	EQU 	1
PSRASY 	EQU 	1
PSRSYNC 	EQU 	0
PUD 	EQU 	4
RAMEND 	EQU 	2303
REFRESH_EPD2IN13D 	EQU 	757
REFS0 	EQU 	6
REFS1 	EQU 	7
ROTATE_EPD2IN13D 	EQU 	761
RWWSB 	EQU 	6
RWWSRE 	EQU 	4
RXB80 	EQU 	1
RXC0 	EQU 	7
RXCIE0 	EQU 	7
RXEN0 	EQU 	4
S 	EQU 	4
SCLT16FALSE 	EQU 	937
SCLT16TRUE 	EQU 	936
SE 	EQU 	0
SELFPRGEN 	EQU 	0
SENDCOMMAND_EPD2IN13D 	EQU 	852
SENDDATA_EPD2IN13D 	EQU 	881
SLEEP_EPD2IN13D 	EQU 	908
SM0 	EQU 	1
SM1 	EQU 	2
SM2 	EQU 	3
SMCR 	EQU 	51
SPCR 	EQU 	44
SPDR 	EQU 	46
SPDR0 	EQU 	0
SPDR1 	EQU 	1
SPDR2 	EQU 	2
SPDR3 	EQU 	3
SPDR4 	EQU 	4
SPDR5 	EQU 	5
SPDR6 	EQU 	6
SPDR7 	EQU 	7
SPE 	EQU 	6
SPH 	EQU 	62
SPI2X 	EQU 	0
SPIE 	EQU 	7
SPIF 	EQU 	7
SPL 	EQU 	61
SPMCSR 	EQU 	55
SPMIE 	EQU 	7
SPR0 	EQU 	0
SPR1 	EQU 	1
SPSR 	EQU 	45
SREG 	EQU 	63
SREG_C 	EQU 	0
SREG_H 	EQU 	5
SREG_I 	EQU 	7
SREG_N 	EQU 	2
SREG_S 	EQU 	4
SREG_T 	EQU 	6
SREG_V 	EQU 	3
SREG_Z 	EQU 	1
SYSBITTEST 	EQU 	r5
SYSBYTETEMPX 	EQU 	r0
SYSCALCTEMPA 	EQU 	r22
SYSCOMPLESSTHAN16 	EQU 	928
SYSDOLOOP_E1 	EQU 	880
SYSDOLOOP_S1 	EQU 	878
SYSFORLOOP1 	EQU 	513
SYSFORLOOP10 	EQU 	251
SYSFORLOOP2 	EQU 	539
SYSFORLOOP3 	EQU 	565
SYSFORLOOP4 	EQU 	591
SYSFORLOOP5 	EQU 	617
SYSFORLOOP6 	EQU 	100
SYSFORLOOP7 	EQU 	145
SYSFORLOOP8 	EQU 	161
SYSFORLOOP9 	EQU 	235
SYSFORLOOPEND1 	EQU 	532
SYSFORLOOPEND10 	EQU 	301
SYSFORLOOPEND2 	EQU 	558
SYSFORLOOPEND3 	EQU 	584
SYSFORLOOPEND4 	EQU 	610
SYSFORLOOPEND5 	EQU 	636
SYSFORLOOPEND6 	EQU 	133
SYSFORLOOPEND7 	EQU 	220
SYSFORLOOPEND8 	EQU 	211
SYSFORLOOPEND9 	EQU 	310
SYSREADA 	EQU 	r30
SYSREADA_H 	EQU 	r31
SYSREPEATLOOP1 	EQU 	857
SYSREPEATLOOP2 	EQU 	886
SYSREPEATLOOP3 	EQU 	181
SYSREPEATLOOP4 	EQU 	271
SYSREPEATLOOPEND1 	EQU 	877
SYSREPEATLOOPEND2 	EQU 	906
SYSREPEATLOOPEND3 	EQU 	201
SYSREPEATLOOPEND4 	EQU 	291
SYSREPEATTEMP1 	EQU 	390
SYSREPEATTEMP2 	EQU 	391
SYSREPEATTEMP3 	EQU 	392
SYSSELECT1CASE1 	EQU 	771
SYSSELECT1CASE2 	EQU 	788
SYSSELECT1CASE3 	EQU 	805
SYSSELECT1CASE4 	EQU 	822
SYSSELECT1CASE5 	EQU 	839
SYSSELECTEND1 	EQU 	851
SYSSTRINGA 	EQU 	r26
SYSSTRINGA_H 	EQU 	r27
SYSTEMP1 	EQU 	r1
SYSTEMP1_H 	EQU 	r2
SYSTEMP2 	EQU 	r16
SYSVALUECOPY 	EQU 	r21
SYSWAITTEMPMS 	EQU 	r29
SYSWAITTEMPMS_H 	EQU 	r30
SYSWORDTEMPA 	EQU 	r22
SYSWORDTEMPA_H 	EQU 	r23
SYSWORDTEMPB 	EQU 	r28
SYSWORDTEMPB_H 	EQU 	r29
T 	EQU 	6
TABLELUT_BB 	EQU 	648
TABLELUT_BW 	EQU 	672
TABLELUT_VCOM 	EQU 	696
TABLELUT_WB 	EQU 	720
TABLELUT_WW 	EQU 	744
TCCR0A 	EQU 	36
TCCR0B 	EQU 	37
TCCR1A 	EQU 	128
TCCR1B 	EQU 	129
TCCR1C 	EQU 	130
TCCR2A 	EQU 	176
TCCR2B 	EQU 	177
TCN2UB 	EQU 	4
TCNT0 	EQU 	38
TCNT0_0 	EQU 	0
TCNT0_1 	EQU 	1
TCNT0_2 	EQU 	2
TCNT0_3 	EQU 	3
TCNT0_4 	EQU 	4
TCNT0_5 	EQU 	5
TCNT0_6 	EQU 	6
TCNT0_7 	EQU 	7
TCNT1H 	EQU 	133
TCNT1L 	EQU 	132
TCNT2 	EQU 	178
TCNT2_0 	EQU 	0
TCNT2_1 	EQU 	1
TCNT2_2 	EQU 	2
TCNT2_3 	EQU 	3
TCNT2_4 	EQU 	4
TCNT2_5 	EQU 	5
TCNT2_6 	EQU 	6
TCNT2_7 	EQU 	7
TCR2AUB 	EQU 	1
TCR2BUB 	EQU 	0
TIFR0 	EQU 	21
TIFR1 	EQU 	22
TIFR2 	EQU 	23
TIMSK0 	EQU 	110
TIMSK1 	EQU 	111
TIMSK2 	EQU 	112
TOIE0 	EQU 	0
TOIE1 	EQU 	0
TOIE2 	EQU 	0
TOIE2A 	EQU 	0
TOV0 	EQU 	0
TOV1 	EQU 	0
TOV2 	EQU 	0
TSM 	EQU 	7
TWA0 	EQU 	1
TWA1 	EQU 	2
TWA2 	EQU 	3
TWA3 	EQU 	4
TWA4 	EQU 	5
TWA5 	EQU 	6
TWA6 	EQU 	7
TWAM0 	EQU 	1
TWAM1 	EQU 	2
TWAM2 	EQU 	3
TWAM3 	EQU 	4
TWAM4 	EQU 	5
TWAM5 	EQU 	6
TWAM6 	EQU 	7
TWAMR 	EQU 	189
TWAMR0 	EQU 	1
TWAMR1 	EQU 	2
TWAMR2 	EQU 	3
TWAMR3 	EQU 	4
TWAMR4 	EQU 	5
TWAMR5 	EQU 	6
TWAMR6 	EQU 	7
TWAR 	EQU 	186
TWBR 	EQU 	184
TWBR0 	EQU 	0
TWBR1 	EQU 	1
TWBR2 	EQU 	2
TWBR3 	EQU 	3
TWBR4 	EQU 	4
TWBR5 	EQU 	5
TWBR6 	EQU 	6
TWBR7 	EQU 	7
TWCR 	EQU 	188
TWD0 	EQU 	0
TWD1 	EQU 	1
TWD2 	EQU 	2
TWD3 	EQU 	3
TWD4 	EQU 	4
TWD5 	EQU 	5
TWD6 	EQU 	6
TWD7 	EQU 	7
TWDR 	EQU 	187
TWEA 	EQU 	6
TWEN 	EQU 	2
TWGCE 	EQU 	0
TWIE 	EQU 	0
TWINT 	EQU 	7
TWPS0 	EQU 	0
TWPS1 	EQU 	1
TWS3 	EQU 	3
TWS4 	EQU 	4
TWS5 	EQU 	5
TWS6 	EQU 	6
TWS7 	EQU 	7
TWSR 	EQU 	185
TWSTA 	EQU 	5
TWSTO 	EQU 	4
TWWC 	EQU 	3
TXB80 	EQU 	0
TXC0 	EQU 	6
TXCIE0 	EQU 	6
TXEN0 	EQU 	3
U2X0 	EQU 	1
UBRR0H 	EQU 	197
UBRR0L 	EQU 	196
UBRR10 	EQU 	2
UBRR11 	EQU 	3
UBRR2 	EQU 	2
UBRR3 	EQU 	3
UBRR4 	EQU 	4
UBRR5 	EQU 	5
UBRR6 	EQU 	6
UBRR7 	EQU 	7
UBRR8 	EQU 	0
UBRR9 	EQU 	1
UCPHA0 	EQU 	1
UCPOL0 	EQU 	0
UCSR0A 	EQU 	192
UCSR0B 	EQU 	193
UCSR0C 	EQU 	194
UCSZ00 	EQU 	1
UCSZ01 	EQU 	2
UCSZ02 	EQU 	2
UDORD0 	EQU 	2
UDR0 	EQU 	198
UDR0_0 	EQU 	0
UDR0_1 	EQU 	1
UDR0_2 	EQU 	2
UDR0_3 	EQU 	3
UDR0_4 	EQU 	4
UDR0_5 	EQU 	5
UDR0_6 	EQU 	6
UDR0_7 	EQU 	7
UDRE0 	EQU 	5
UDRIE0 	EQU 	5
UMSEL0 	EQU 	6
UMSEL00 	EQU 	6
UMSEL01 	EQU 	7
UMSEL1 	EQU 	7
UPE0 	EQU 	2
UPM00 	EQU 	4
UPM01 	EQU 	5
USBS0 	EQU 	3
V 	EQU 	3
VER1 	EQU 	393
VER2 	EQU 	394
WCOL 	EQU 	6
WDCE 	EQU 	4
WDE 	EQU 	3
WDIE 	EQU 	6
WDIF 	EQU 	7
WDP0 	EQU 	0
WDP1 	EQU 	1
WDP2 	EQU 	2
WDP3 	EQU 	5
WDRF 	EQU 	3
WDTCSR 	EQU 	96
WGM00 	EQU 	0
WGM01 	EQU 	1
WGM02 	EQU 	3
WGM10 	EQU 	0
WGM11 	EQU 	1
WGM12 	EQU 	3
WGM13 	EQU 	4
WGM20 	EQU 	0
WGM21 	EQU 	1
WGM22 	EQU 	3
X 	EQU 	28
X+ 	EQU 	29
Y 	EQU 	8
Y+ 	EQU 	25
Z 	EQU 	1
Z+ 	EQU 	17
_GLCDPAGE 	EQU 	395
_GLCDPAGESH 	EQU 	396
_GLCDPAGESL 	EQU 	397
_UBRR0 	EQU 	0
_UBRR1 	EQU 	1
rZ 	EQU 	0

Code:
Loc	Obj Code	Original Assembly

000000	C033	RJMP BASPROGRAMSTART

000002	9518	RETI

000004	9518	RETI

000006	9518	RETI

000008	9518	RETI

00000A	9518	RETI

00000C	9518	RETI

00000E	9518	RETI

000010	9518	RETI

000012	9518	RETI

000014	9518	RETI

000016	9518	RETI

000018	9518	RETI

00001A	9518	RETI

00001C	9518	RETI

00001E	9518	RETI

000020	9518	RETI

000022	9518	RETI

000024	9518	RETI

000026	9518	RETI

000028	9518	RETI

00002A	9518	RETI

00002C	9518	RETI

00002E	9518	RETI

000030	9518	RETI

000032	9518	RETI



		BASPROGRAMSTART
000034	E058	LDI SYSVALUECOPY,HIGH(RAMEND)
000035	BF5E	OUT SPH, SYSVALUECOPY
000036	EF5F	LDI SYSVALUECOPY,LOW(RAMEND)
000037	BF5D	OUT SPL, SYSVALUECOPY
000038	D10C	RCALL INITSYS
000039	D112	RCALL INIT_EPD2IN13D

00003A	E058	LDI SYSVALUECOPY,8
00003B	9350 0189	STS VER1,SYSVALUECOPY
00003D	E054	LDI SYSVALUECOPY,4
00003E	9350 018A	STS VER2,SYSVALUECOPY
000040	E050	LDI SYSVALUECOPY,0
000041	9350 017E	STS GLCDFOREGROUND,SYSVALUECOPY
000043	9350 017F	STS GLCDFOREGROUND_H,SYSVALUECOPY
000045	EF5F	LDI SYSVALUECOPY,255
000046	9350 0174	STS GLCDBACKGROUND,SYSVALUECOPY
000048	9350 0175	STS GLCDBACKGROUND_H,SYSVALUECOPY
00004A	D003	RCALL CLS_EPD2IN13D
00004B	D340	RCALL SLEEP_EPD2IN13D
		BASPROGRAMEND
00004C	9588	SLEEP
00004D	CFFE	RJMP BASPROGRAMEND


		CLS_EPD2IN13D
00004E	D001	RCALL CLS_EPD2IN13D_INIT
00004F	C2A5	RJMP REFRESH_EPD2IN13D


		CLS_EPD2IN13D_INIT
000050	E050	LDI SYSVALUECOPY,0
000051	9350 0180	STS GLCD_YORDINATE,SYSVALUECOPY
000053	9350 0181	STS GLCD_YORDINATE_H,SYSVALUECOPY
000055	E050	LDI SYSVALUECOPY,0
000056	9350 0182	STS PRINTLOCX,SYSVALUECOPY
000058	9350 0183	STS PRINTLOCX_H,SYSVALUECOPY
00005A	E050	LDI SYSVALUECOPY,0
00005B	9350 0184	STS PRINTLOCY,SYSVALUECOPY
00005D	9350 0185	STS PRINTLOCY_H,SYSVALUECOPY
00005F	E050	LDI SYSVALUECOPY,0
000060	9350 0172	STS EPD_IND_RAW,SYSVALUECOPY
000062	9350 0173	STS EPD_IND_RAW_H,SYSVALUECOPY
		SYSFORLOOP6
000064	9010 0172	LDS SYSTEMP1,EPD_IND_RAW
000066	9413	INC SYSTEMP1
000067	9210 0172	STS EPD_IND_RAW,SYSTEMP1
000069	9010 0173	LDS SYSTEMP1,EPD_IND_RAW_H
00006B	F409	BRNE PC + 2
00006C	9413	INC SYSTEMP1
00006D	9210 0173	STS EPD_IND_RAW_H,SYSTEMP1
00006F	9010 0172	LDS SYSTEMP1,EPD_IND_RAW
000071	E000	LDI SYSTEMP2,LOW(EPD_BUFFER)
000072	0E10	ADD SYSTEMP1,SYSTEMP2
000073	2DA1	MOV SYSSTRINGA,SYSTEMP1
000074	9010 0173	LDS SYSTEMP1,EPD_IND_RAW_H
000076	E001	LDI SYSTEMP2,HIGH(EPD_BUFFER)
000077	1E10	ADC SYSTEMP1,SYSTEMP2
000078	2DB1	MOV SYSSTRINGA_H,SYSTEMP1
000079	9150 0174	LDS SYSVALUECOPY,GLCDBACKGROUND
00007B	935C	ST X,SYSVALUECOPY
00007C	9160 0172	LDS SYSWORDTEMPA,EPD_IND_RAW
00007E	9170 0173	LDS SYSWORDTEMPA_H,EPD_IND_RAW_H
000080	E6CA	LDI SYSWORDTEMPB,106
000081	E0D0	LDI SYSWORDTEMPB_H,0
000082	D31D	RCALL SYSCOMPLESSTHAN16
000083	FC00	SBRC SYSBYTETEMPX,0
000084	CFDF	RJMP SYSFORLOOP6
		SYSFORLOOPEND6
000085	E150	LDI SYSVALUECOPY,16
000086	9350 016D	STS EPD2IN13D_COMMAND,SYSVALUECOPY
000088	D2CB	RCALL SENDCOMMAND_EPD2IN13D
000089	E0D2	LDI SYSWAITTEMPMS,2
00008A	E0E0	LDI SYSWAITTEMPMS_H,0
00008B	D0AD	RCALL DELAY_MS
00008C	E050	LDI SYSVALUECOPY,0
00008D	9350 0172	STS EPD_IND_RAW,SYSVALUECOPY
00008F	9350 0173	STS EPD_IND_RAW_H,SYSVALUECOPY
		SYSFORLOOP7
000091	9010 0172	LDS SYSTEMP1,EPD_IND_RAW
000093	9413	INC SYSTEMP1
000094	9210 0172	STS EPD_IND_RAW,SYSTEMP1
000096	9010 0173	LDS SYSTEMP1,EPD_IND_RAW_H
000098	F409	BRNE PC + 2
000099	9413	INC SYSTEMP1
00009A	9210 0173	STS EPD_IND_RAW_H,SYSTEMP1
00009C	E050	LDI SYSVALUECOPY,0
00009D	9350 0170	STS EPD_IND_COL,SYSVALUECOPY
00009F	9350 0171	STS EPD_IND_COL_H,SYSVALUECOPY
		SYSFORLOOP8
0000A1	9010 0170	LDS SYSTEMP1,EPD_IND_COL
0000A3	9413	INC SYSTEMP1
0000A4	9210 0170	STS EPD_IND_COL,SYSTEMP1
0000A6	9010 0171	LDS SYSTEMP1,EPD_IND_COL_H
0000A8	F409	BRNE PC + 2
0000A9	9413	INC SYSTEMP1
0000AA	9210 0171	STS EPD_IND_COL_H,SYSTEMP1
0000AC	9150 0174	LDS SYSVALUECOPY,GLCDBACKGROUND
0000AE	9350 016E	STS EPD2IN13D_DATA,SYSVALUECOPY
0000B0	982A	CBI PORTB,2
0000B1	9A29	SBI PORTB,1
0000B2	E058	LDI SYSVALUECOPY,8
0000B3	9350 0188	STS SYSREPEATTEMP3,SYSVALUECOPY
		SYSREPEATLOOP3
0000B5	9050 016E	LDS SYSBITTEST,EPD2IN13D_DATA
0000B7	FE57	SBRS SYSBITTEST,7
0000B8	C002	RJMP ELSE9_1
0000B9	9A2B	SBI PORTB,3
0000BA	C001	RJMP ENDIF9
		ELSE9_1
0000BB	982B	CBI PORTB,3
		ENDIF9
0000BC	9A2D	SBI PORTB,5
0000BD	9150 016E	LDS SYSVALUECOPY,EPD2IN13D_DATA
0000BF	1F55	ROL SYSVALUECOPY
0000C0	9350 016E	STS EPD2IN13D_DATA,SYSVALUECOPY
0000C2	982D	CBI PORTB,5
0000C3	9010 0188	LDS SYSTEMP1,SYSREPEATTEMP3
0000C5	941A	DEC SYSTEMP1
0000C6	9210 0188	STS SYSREPEATTEMP3,SYSTEMP1
0000C8	F761	BRNE SYSREPEATLOOP3
		SYSREPEATLOOPEND3
0000C9	9A2A	SBI PORTB,2
0000CA	9160 0170	LDS SYSWORDTEMPA,EPD_IND_COL
0000CC	9170 0171	LDS SYSWORDTEMPA_H,EPD_IND_COL_H
0000CE	E6C8	LDI SYSWORDTEMPB,104
0000CF	E0D0	LDI SYSWORDTEMPB_H,0
0000D0	D2CF	RCALL SYSCOMPLESSTHAN16
0000D1	FC00	SBRC SYSBYTETEMPX,0
0000D2	CFCE	RJMP SYSFORLOOP8
		SYSFORLOOPEND8
0000D3	9160 0172	LDS SYSWORDTEMPA,EPD_IND_RAW
0000D5	9170 0173	LDS SYSWORDTEMPA_H,EPD_IND_RAW_H
0000D7	EDC4	LDI SYSWORDTEMPB,212
0000D8	E0D0	LDI SYSWORDTEMPB_H,0
0000D9	D2C6	RCALL SYSCOMPLESSTHAN16
0000DA	FC00	SBRC SYSBYTETEMPX,0
0000DB	CFB5	RJMP SYSFORLOOP7
		SYSFORLOOPEND7
0000DC	E0DA	LDI SYSWAITTEMPMS,10
0000DD	E0E0	LDI SYSWAITTEMPMS_H,0
0000DE	D05A	RCALL DELAY_MS
0000DF	E153	LDI SYSVALUECOPY,19
0000E0	9350 016D	STS EPD2IN13D_COMMAND,SYSVALUECOPY
0000E2	D271	RCALL SENDCOMMAND_EPD2IN13D
0000E3	E0D2	LDI SYSWAITTEMPMS,2
0000E4	E0E0	LDI SYSWAITTEMPMS_H,0
0000E5	D053	RCALL DELAY_MS
0000E6	E050	LDI SYSVALUECOPY,0
0000E7	9350 0172	STS EPD_IND_RAW,SYSVALUECOPY
0000E9	9350 0173	STS EPD_IND_RAW_H,SYSVALUECOPY
		SYSFORLOOP9
0000EB	9010 0172	LDS SYSTEMP1,EPD_IND_RAW
0000ED	9413	INC SYSTEMP1
0000EE	9210 0172	STS EPD_IND_RAW,SYSTEMP1
0000F0	9010 0173	LDS SYSTEMP1,EPD_IND_RAW_H
0000F2	F409	BRNE PC + 2
0000F3	9413	INC SYSTEMP1
0000F4	9210 0173	STS EPD_IND_RAW_H,SYSTEMP1
0000F6	E050	LDI SYSVALUECOPY,0
0000F7	9350 0170	STS EPD_IND_COL,SYSVALUECOPY
0000F9	9350 0171	STS EPD_IND_COL_H,SYSVALUECOPY
		SYSFORLOOP10
0000FB	9010 0170	LDS SYSTEMP1,EPD_IND_COL
0000FD	9413	INC SYSTEMP1
0000FE	9210 0170	STS EPD_IND_COL,SYSTEMP1
000100	9010 0171	LDS SYSTEMP1,EPD_IND_COL_H
000102	F409	BRNE PC + 2
000103	9413	INC SYSTEMP1
000104	9210 0171	STS EPD_IND_COL_H,SYSTEMP1
000106	9150 0174	LDS SYSVALUECOPY,GLCDBACKGROUND
000108	9350 016E	STS EPD2IN13D_DATA,SYSVALUECOPY
00010A	982A	CBI PORTB,2
00010B	9A29	SBI PORTB,1
00010C	E058	LDI SYSVALUECOPY,8
00010D	9350 0188	STS SYSREPEATTEMP3,SYSVALUECOPY
		SYSREPEATLOOP4
00010F	9050 016E	LDS SYSBITTEST,EPD2IN13D_DATA
000111	FE57	SBRS SYSBITTEST,7
000112	C002	RJMP ELSE12_1
000113	9A2B	SBI PORTB,3
000114	C001	RJMP ENDIF12
		ELSE12_1
000115	982B	CBI PORTB,3
		ENDIF12
000116	9A2D	SBI PORTB,5
000117	9150 016E	LDS SYSVALUECOPY,EPD2IN13D_DATA
000119	1F55	ROL SYSVALUECOPY
00011A	9350 016E	STS EPD2IN13D_DATA,SYSVALUECOPY
00011C	982D	CBI PORTB,5
00011D	9010 0188	LDS SYSTEMP1,SYSREPEATTEMP3
00011F	941A	DEC SYSTEMP1
000120	9210 0188	STS SYSREPEATTEMP3,SYSTEMP1
000122	F761	BRNE SYSREPEATLOOP4
		SYSREPEATLOOPEND4
000123	9A2A	SBI PORTB,2
000124	9160 0170	LDS SYSWORDTEMPA,EPD_IND_COL
000126	9170 0171	LDS SYSWORDTEMPA_H,EPD_IND_COL_H
000128	E6C8	LDI SYSWORDTEMPB,104
000129	E0D0	LDI SYSWORDTEMPB_H,0
00012A	D275	RCALL SYSCOMPLESSTHAN16
00012B	FC00	SBRC SYSBYTETEMPX,0
00012C	CFCE	RJMP SYSFORLOOP10
		SYSFORLOOPEND10
00012D	9160 0172	LDS SYSWORDTEMPA,EPD_IND_RAW
00012F	9170 0173	LDS SYSWORDTEMPA_H,EPD_IND_RAW_H
000131	EDC4	LDI SYSWORDTEMPB,212
000132	E0D0	LDI SYSWORDTEMPB_H,0
000133	D26C	RCALL SYSCOMPLESSTHAN16
000134	FC00	SBRC SYSBYTETEMPX,0
000135	CFB5	RJMP SYSFORLOOP9
		SYSFORLOOPEND9
000136	E0DA	LDI SYSWAITTEMPMS,10
000137	E0E0	LDI SYSWAITTEMPMS_H,0
000138	C000	RJMP DELAY_MS


		DELAY_MS
000139	95E3	INC SYSWAITTEMPMS_H
		DMS_START
00013A	EFAE	LDI DELAYTEMP2,254
		DMS_OUTER
00013B	E194	LDI DELAYTEMP,20
		DMS_INNER
00013C	959A	DEC DELAYTEMP
00013D	F7F1	BRNE DMS_INNER
00013E	95AA	DEC DELAYTEMP2
00013F	F7D9	BRNE DMS_OUTER
000140	95DA	DEC SYSWAITTEMPMS
000141	F7C1	BRNE DMS_START
000142	95EA	DEC SYSWAITTEMPMS_H
000143	F7B1	BRNE DMS_START
000144	9508	RET


		INITSYS
000145	E050	LDI SYSVALUECOPY,0
000146	B955	OUT PORTB,SYSVALUECOPY
000147	E050	LDI SYSVALUECOPY,0
000148	B958	OUT PORTC,SYSVALUECOPY
000149	E050	LDI SYSVALUECOPY,0
00014A	B95B	OUT PORTD,SYSVALUECOPY
00014B	9508	RET


		INIT_EPD2IN13D
00014C	9A21	SBI DDRB,1
00014D	9A22	SBI DDRB,2
00014E	9A20	SBI DDRB,0
00014F	9A23	SBI DDRB,3
000150	9A25	SBI DDRB,5
000151	9857	CBI DDRD,7
000152	9A28	SBI PORTB,0
000153	ECD8	LDI SYSWAITTEMPMS,200
000154	E0E0	LDI SYSWAITTEMPMS_H,0
000155	DFE3	RCALL DELAY_MS
000156	9828	CBI PORTB,0
000157	E1D4	LDI SYSWAITTEMPMS,20
000158	E0E0	LDI SYSWAITTEMPMS_H,0
000159	DFDF	RCALL DELAY_MS
00015A	9A28	SBI PORTB,0
00015B	ECD8	LDI SYSWAITTEMPMS,200
00015C	E0E0	LDI SYSWAITTEMPMS_H,0
00015D	DFDB	RCALL DELAY_MS
00015E	E056	LDI SYSVALUECOPY,6
00015F	9350 016D	STS EPD2IN13D_COMMAND,SYSVALUECOPY
000161	D1F2	RCALL SENDCOMMAND_EPD2IN13D
000162	E157	LDI SYSVALUECOPY,23
000163	9350 016E	STS EPD2IN13D_DATA,SYSVALUECOPY
000165	D20B	RCALL SENDDATA_EPD2IN13D
000166	E157	LDI SYSVALUECOPY,23
000167	9350 016E	STS EPD2IN13D_DATA,SYSVALUECOPY
000169	D207	RCALL SENDDATA_EPD2IN13D
00016A	E157	LDI SYSVALUECOPY,23
00016B	9350 016E	STS EPD2IN13D_DATA,SYSVALUECOPY
00016D	D203	RCALL SENDDATA_EPD2IN13D
00016E	ECD8	LDI SYSWAITTEMPMS,200
00016F	E0E0	LDI SYSWAITTEMPMS_H,0
000170	DFC8	RCALL DELAY_MS
000171	E051	LDI SYSVALUECOPY,1
000172	9350 016D	STS EPD2IN13D_COMMAND,SYSVALUECOPY
000174	D1DF	RCALL SENDCOMMAND_EPD2IN13D
000175	E053	LDI SYSVALUECOPY,3
000176	9350 016E	STS EPD2IN13D_DATA,SYSVALUECOPY
000178	D1F8	RCALL SENDDATA_EPD2IN13D
000179	E050	LDI SYSVALUECOPY,0
00017A	9350 016E	STS EPD2IN13D_DATA,SYSVALUECOPY
00017C	D1F4	RCALL SENDDATA_EPD2IN13D
00017D	E25B	LDI SYSVALUECOPY,43
00017E	9350 016E	STS EPD2IN13D_DATA,SYSVALUECOPY
000180	D1F0	RCALL SENDDATA_EPD2IN13D
000181	E25B	LDI SYSVALUECOPY,43
000182	9350 016E	STS EPD2IN13D_DATA,SYSVALUECOPY
000184	D1EC	RCALL SENDDATA_EPD2IN13D
000185	E053	LDI SYSVALUECOPY,3
000186	9350 016E	STS EPD2IN13D_DATA,SYSVALUECOPY
000188	D1E8	RCALL SENDDATA_EPD2IN13D
000189	ECD8	LDI SYSWAITTEMPMS,200
00018A	E0E0	LDI SYSWAITTEMPMS_H,0
00018B	DFAD	RCALL DELAY_MS
00018C	E054	LDI SYSVALUECOPY,4
00018D	9350 016D	STS EPD2IN13D_COMMAND,SYSVALUECOPY
00018F	D1C4	RCALL SENDCOMMAND_EPD2IN13D
000190	E050	LDI SYSVALUECOPY,0
000191	9350 016D	STS EPD2IN13D_COMMAND,SYSVALUECOPY
000193	D1C0	RCALL SENDCOMMAND_EPD2IN13D
000194	EB5F	LDI SYSVALUECOPY,191
000195	9350 016E	STS EPD2IN13D_DATA,SYSVALUECOPY
000197	D1D9	RCALL SENDDATA_EPD2IN13D
000198	E350	LDI SYSVALUECOPY,48
000199	9350 016D	STS EPD2IN13D_COMMAND,SYSVALUECOPY
00019B	D1B8	RCALL SENDCOMMAND_EPD2IN13D
00019C	E35C	LDI SYSVALUECOPY,60
00019D	9350 016E	STS EPD2IN13D_DATA,SYSVALUECOPY
00019F	D1D1	RCALL SENDDATA_EPD2IN13D
0001A0	E651	LDI SYSVALUECOPY,97
0001A1	9350 016D	STS EPD2IN13D_COMMAND,SYSVALUECOPY
0001A3	D1B0	RCALL SENDCOMMAND_EPD2IN13D
0001A4	E658	LDI SYSVALUECOPY,104
0001A5	9350 016E	STS EPD2IN13D_DATA,SYSVALUECOPY
0001A7	D1C9	RCALL SENDDATA_EPD2IN13D
0001A8	E050	LDI SYSVALUECOPY,0
0001A9	9350 016E	STS EPD2IN13D_DATA,SYSVALUECOPY
0001AB	D1C5	RCALL SENDDATA_EPD2IN13D
0001AC	ED54	LDI SYSVALUECOPY,212
0001AD	9350 016E	STS EPD2IN13D_DATA,SYSVALUECOPY
0001AF	D1C1	RCALL SENDDATA_EPD2IN13D
0001B0	E852	LDI SYSVALUECOPY,130
0001B1	9350 016D	STS EPD2IN13D_COMMAND,SYSVALUECOPY
0001B3	D1A0	RCALL SENDCOMMAND_EPD2IN13D
0001B4	E152	LDI SYSVALUECOPY,18
0001B5	9350 016E	STS EPD2IN13D_DATA,SYSVALUECOPY
0001B7	D1B9	RCALL SENDDATA_EPD2IN13D
0001B8	D031	RCALL LOADLUTS_EPD2IN13D
0001B9	EF5F	LDI SYSVALUECOPY,255
0001BA	9350 017E	STS GLCDFOREGROUND,SYSVALUECOPY
0001BC	9350 017F	STS GLCDFOREGROUND_H,SYSVALUECOPY
0001BE	E050	LDI SYSVALUECOPY,0
0001BF	9350 0174	STS GLCDBACKGROUND,SYSVALUECOPY
0001C1	9350 0175	STS GLCDBACKGROUND_H,SYSVALUECOPY
0001C3	E056	LDI SYSVALUECOPY,6
0001C4	9350 017D	STS GLCDFONTWIDTH,SYSVALUECOPY
0001C6	E657	LDI SYSVALUECOPY,103
0001C7	9350 0178	STS GLCDDEVICEWIDTH,SYSVALUECOPY
0001C9	E050	LDI SYSVALUECOPY,0
0001CA	9350 0179	STS GLCDDEVICEWIDTH_H,SYSVALUECOPY
0001CC	ED53	LDI SYSVALUECOPY,211
0001CD	9350 0176	STS GLCDDEVICEHEIGHT,SYSVALUECOPY
0001CF	E050	LDI SYSVALUECOPY,0
0001D0	9350 0177	STS GLCDDEVICEHEIGHT_H,SYSVALUECOPY
0001D2	E054	LDI SYSVALUECOPY,4
0001D3	9350 016C	STS EPD2IN13DADDRESSTYPE,SYSVALUECOPY
0001D5	D123	RCALL ROTATE_EPD2IN13D
0001D6	E050	LDI SYSVALUECOPY,0
0001D7	9350 017A	STS GLCDFNTDEFAULT,SYSVALUECOPY
0001D9	E051	LDI SYSVALUECOPY,1
0001DA	9350 017C	STS GLCDFNTDEFAULTSIZE,SYSVALUECOPY
0001DC	E058	LDI SYSVALUECOPY,8
0001DD	9350 017B	STS GLCDFNTDEFAULTHEIGHT,SYSVALUECOPY
0001DF	DE70	RCALL CLS_EPD2IN13D_INIT
0001E0	E159	LDI SYSVALUECOPY,25
0001E1	9350 018C	STS _GLCDPAGESH,SYSVALUECOPY
0001E3	E050	LDI SYSVALUECOPY,0
0001E4	9350 018D	STS _GLCDPAGESL,SYSVALUECOPY
0001E6	E050	LDI SYSVALUECOPY,0
0001E7	9350 018B	STS _GLCDPAGE,SYSVALUECOPY
0001E9	9508	RET


		LOADLUTS_EPD2IN13D
0001EA	E852	LDI SYSVALUECOPY,130
0001EB	9350 016D	STS EPD2IN13D_COMMAND,SYSVALUECOPY
0001ED	D166	RCALL SENDCOMMAND_EPD2IN13D
0001EE	E050	LDI SYSVALUECOPY,0
0001EF	9350 016E	STS EPD2IN13D_DATA,SYSVALUECOPY
0001F1	D17F	RCALL SENDDATA_EPD2IN13D
0001F2	E550	LDI SYSVALUECOPY,80
0001F3	9350 016D	STS EPD2IN13D_COMMAND,SYSVALUECOPY
0001F5	D15E	RCALL SENDCOMMAND_EPD2IN13D
0001F6	E957	LDI SYSVALUECOPY,151
0001F7	9350 016E	STS EPD2IN13D_DATA,SYSVALUECOPY
0001F9	D177	RCALL SENDDATA_EPD2IN13D
0001FA	E250	LDI SYSVALUECOPY,32
0001FB	9350 016D	STS EPD2IN13D_COMMAND,SYSVALUECOPY
0001FD	D156	RCALL SENDCOMMAND_EPD2IN13D
0001FE	E050	LDI SYSVALUECOPY,0
0001FF	9350 016F	STS EPD_COUNTER,SYSVALUECOPY
		SYSFORLOOP1
000201	9010 016F	LDS SYSTEMP1,EPD_COUNTER
000203	9413	INC SYSTEMP1
000204	9210 016F	STS EPD_COUNTER,SYSTEMP1
000206	91A0 016F	LDS SYSSTRINGA,EPD_COUNTER
000208	D0A4	RCALL LUT_VCOM
000209	9200 016B	STS DATAVAR,SYSBYTETEMPX
00020B	9150 016B	LDS SYSVALUECOPY,DATAVAR
00020D	9350 016E	STS EPD2IN13D_DATA,SYSVALUECOPY
00020F	D161	RCALL SENDDATA_EPD2IN13D
000210	9160 016F	LDS SYSCALCTEMPA,EPD_COUNTER
000212	326C	CPI SYSCALCTEMPA,44
000213	F368	BRLO SYSFORLOOP1
		SYSFORLOOPEND1
000214	E251	LDI SYSVALUECOPY,33
000215	9350 016D	STS EPD2IN13D_COMMAND,SYSVALUECOPY
000217	D13C	RCALL SENDCOMMAND_EPD2IN13D
000218	E050	LDI SYSVALUECOPY,0
000219	9350 016F	STS EPD_COUNTER,SYSVALUECOPY
		SYSFORLOOP2
00021B	9010 016F	LDS SYSTEMP1,EPD_COUNTER
00021D	9413	INC SYSTEMP1
00021E	9210 016F	STS EPD_COUNTER,SYSTEMP1
000220	91A0 016F	LDS SYSSTRINGA,EPD_COUNTER
000222	D0BA	RCALL LUT_WW
000223	9200 016B	STS DATAVAR,SYSBYTETEMPX
000225	9150 016B	LDS SYSVALUECOPY,DATAVAR
000227	9350 016E	STS EPD2IN13D_DATA,SYSVALUECOPY
000229	D147	RCALL SENDDATA_EPD2IN13D
00022A	9160 016F	LDS SYSCALCTEMPA,EPD_COUNTER
00022C	326A	CPI SYSCALCTEMPA,42
00022D	F368	BRLO SYSFORLOOP2
		SYSFORLOOPEND2
00022E	E252	LDI SYSVALUECOPY,34
00022F	9350 016D	STS EPD2IN13D_COMMAND,SYSVALUECOPY
000231	D122	RCALL SENDCOMMAND_EPD2IN13D
000232	E050	LDI SYSVALUECOPY,0
000233	9350 016F	STS EPD_COUNTER,SYSVALUECOPY
		SYSFORLOOP3
000235	9010 016F	LDS SYSTEMP1,EPD_COUNTER
000237	9413	INC SYSTEMP1
000238	9210 016F	STS EPD_COUNTER,SYSTEMP1
00023A	91A0 016F	LDS SYSSTRINGA,EPD_COUNTER
00023C	D058	RCALL LUT_BW
00023D	9200 016B	STS DATAVAR,SYSBYTETEMPX
00023F	9150 016B	LDS SYSVALUECOPY,DATAVAR
000241	9350 016E	STS EPD2IN13D_DATA,SYSVALUECOPY
000243	D12D	RCALL SENDDATA_EPD2IN13D
000244	9160 016F	LDS SYSCALCTEMPA,EPD_COUNTER
000246	326A	CPI SYSCALCTEMPA,42
000247	F368	BRLO SYSFORLOOP3
		SYSFORLOOPEND3
000248	E253	LDI SYSVALUECOPY,35
000249	9350 016D	STS EPD2IN13D_COMMAND,SYSVALUECOPY
00024B	D108	RCALL SENDCOMMAND_EPD2IN13D
00024C	E050	LDI SYSVALUECOPY,0
00024D	9350 016F	STS EPD_COUNTER,SYSVALUECOPY
		SYSFORLOOP4
00024F	9010 016F	LDS SYSTEMP1,EPD_COUNTER
000251	9413	INC SYSTEMP1
000252	9210 016F	STS EPD_COUNTER,SYSTEMP1
000254	91A0 016F	LDS SYSSTRINGA,EPD_COUNTER
000256	D06E	RCALL LUT_WB
000257	9200 016B	STS DATAVAR,SYSBYTETEMPX
000259	9150 016B	LDS SYSVALUECOPY,DATAVAR
00025B	9350 016E	STS EPD2IN13D_DATA,SYSVALUECOPY
00025D	D113	RCALL SENDDATA_EPD2IN13D
00025E	9160 016F	LDS SYSCALCTEMPA,EPD_COUNTER
000260	326A	CPI SYSCALCTEMPA,42
000261	F368	BRLO SYSFORLOOP4
		SYSFORLOOPEND4
000262	E254	LDI SYSVALUECOPY,36
000263	9350 016D	STS EPD2IN13D_COMMAND,SYSVALUECOPY
000265	D0EE	RCALL SENDCOMMAND_EPD2IN13D
000266	E050	LDI SYSVALUECOPY,0
000267	9350 016F	STS EPD_COUNTER,SYSVALUECOPY
		SYSFORLOOP5
000269	9010 016F	LDS SYSTEMP1,EPD_COUNTER
00026B	9413	INC SYSTEMP1
00026C	9210 016F	STS EPD_COUNTER,SYSTEMP1
00026E	91A0 016F	LDS SYSSTRINGA,EPD_COUNTER
000270	D00C	RCALL LUT_BB
000271	9200 016B	STS DATAVAR,SYSBYTETEMPX
000273	9150 016B	LDS SYSVALUECOPY,DATAVAR
000275	9350 016E	STS EPD2IN13D_DATA,SYSVALUECOPY
000277	D0F9	RCALL SENDDATA_EPD2IN13D
000278	9160 016F	LDS SYSCALCTEMPA,EPD_COUNTER
00027A	326A	CPI SYSCALCTEMPA,42
00027B	F368	BRLO SYSFORLOOP5
		SYSFORLOOPEND5
00027C	9508	RET


		LUT_BB
00027D	31A9	CPI SYSSTRINGA, 25
00027E	F010	BRLO PC + 3
00027F	2400	CLR SYSBYTETEMPX
000280	9508	RET
000281	E1E0	LDI SYSREADA, LOW(TABLELUT_BB<<1)
000282	E0F5	LDI SYSREADA_H, HIGH(TABLELUT_BB<<1)
000283	0FEA	ADD SYSREADA, SYSSTRINGA
000284	F408	BRCC PC + 2
000285	95F3	INC SYSREADA_H
000286	95C8	LPM
000287	9508	RET
		TABLELUT_BB
000288	802A 0008 0000 9002 2828 0000 8001 0014 0000 5001 1212 0000 0001	RAW 802A,0008,0000,9002,2828,0000,8001,0014,0000,5001,1212,0000,0001


		LUT_BW
000295	31A9	CPI SYSSTRINGA, 25
000296	F010	BRLO PC + 3
000297	2400	CLR SYSBYTETEMPX
000298	9508	RET
000299	E4E0	LDI SYSREADA, LOW(TABLELUT_BW<<1)
00029A	E0F5	LDI SYSREADA_H, HIGH(TABLELUT_BW<<1)
00029B	0FEA	ADD SYSREADA, SYSSTRINGA
00029C	F408	BRCC PC + 2
00029D	95F3	INC SYSREADA_H
00029E	95C8	LPM
00029F	9508	RET
		TABLELUT_BW
0002A0	402A 0017 0000 9002 0F0F 0000 4003 010A 0000 A001 0E0E 0000 0002	RAW 402A,0017,0000,9002,0F0F,0000,4003,010A,0000,A001,0E0E,0000,0002


		LUT_VCOM
0002AD	31A9	CPI SYSSTRINGA, 25
0002AE	F010	BRLO PC + 3
0002AF	2400	CLR SYSBYTETEMPX
0002B0	9508	RET
0002B1	E7E0	LDI SYSREADA, LOW(TABLELUT_VCOM<<1)
0002B2	E0F5	LDI SYSREADA_H, HIGH(TABLELUT_VCOM<<1)
0002B3	0FEA	ADD SYSREADA, SYSSTRINGA
0002B4	F408	BRCC PC + 2
0002B5	95F3	INC SYSREADA_H
0002B6	95C8	LPM
0002B7	9508	RET
		TABLELUT_VCOM
0002B8	002C 0008 0000 6002 2828 0000 0001 0014 0000 0001 1212 0000 0001	RAW 002C,0008,0000,6002,2828,0000,0001,0014,0000,0001,1212,0000,0001


		LUT_WB
0002C5	31A9	CPI SYSSTRINGA, 25
0002C6	F010	BRLO PC + 3
0002C7	2400	CLR SYSBYTETEMPX
0002C8	9508	RET
0002C9	EAE0	LDI SYSREADA, LOW(TABLELUT_WB<<1)
0002CA	E0F5	LDI SYSREADA_H, HIGH(TABLELUT_WB<<1)
0002CB	0FEA	ADD SYSREADA, SYSSTRINGA
0002CC	F408	BRCC PC + 2
0002CD	95F3	INC SYSREADA_H
0002CE	95C8	LPM
0002CF	9508	RET
		TABLELUT_WB
0002D0	802A 0008 0000 9002 2828 0000 8001 0014 0000 5001 1212 0000 0001	RAW 802A,0008,0000,9002,2828,0000,8001,0014,0000,5001,1212,0000,0001


		LUT_WW
0002DD	31A9	CPI SYSSTRINGA, 25
0002DE	F010	BRLO PC + 3
0002DF	2400	CLR SYSBYTETEMPX
0002E0	9508	RET
0002E1	EDE0	LDI SYSREADA, LOW(TABLELUT_WW<<1)
0002E2	E0F5	LDI SYSREADA_H, HIGH(TABLELUT_WW<<1)
0002E3	0FEA	ADD SYSREADA, SYSSTRINGA
0002E4	F408	BRCC PC + 2
0002E5	95F3	INC SYSREADA_H
0002E6	95C8	LPM
0002E7	9508	RET
		TABLELUT_WW
0002E8	402A 0008 0000 9002 2828 0000 4001 0014 0000 A001 1212 0000 0001	RAW 402A,0008,0000,9002,2828,0000,4001,0014,0000,A001,1212,0000,0001


		REFRESH_EPD2IN13D
0002F5	E152	LDI SYSVALUECOPY,18
0002F6	9350 016D	STS EPD2IN13D_COMMAND,SYSVALUECOPY
0002F8	C05B	RJMP SENDCOMMAND_EPD2IN13D


		ROTATE_EPD2IN13D
0002F9	E050	LDI SYSVALUECOPY,0
0002FA	9350 0184	STS PRINTLOCY,SYSVALUECOPY
0002FC	9350 0185	STS PRINTLOCY_H,SYSVALUECOPY
0002FE	E050	LDI SYSVALUECOPY,0
0002FF	9350 0182	STS PRINTLOCX,SYSVALUECOPY
000301	9350 0183	STS PRINTLOCX_H,SYSVALUECOPY
		SYSSELECT1CASE1
000303	9160 016C	LDS SYSCALCTEMPA,EPD2IN13DADDRESSTYPE
000305	3064	CPI SYSCALCTEMPA,4
000306	F469	BRNE SYSSELECT1CASE2
000307	ED53	LDI SYSVALUECOPY,211
000308	9350 0176	STS GLCDDEVICEHEIGHT,SYSVALUECOPY
00030A	E050	LDI SYSVALUECOPY,0
00030B	9350 0177	STS GLCDDEVICEHEIGHT_H,SYSVALUECOPY
00030D	E657	LDI SYSVALUECOPY,103
00030E	9350 0178	STS GLCDDEVICEWIDTH,SYSVALUECOPY
000310	E050	LDI SYSVALUECOPY,0
000311	9350 0179	STS GLCDDEVICEWIDTH_H,SYSVALUECOPY
000313	C03F	RJMP SYSSELECTEND1
		SYSSELECT1CASE2
000314	9160 016C	LDS SYSCALCTEMPA,EPD2IN13DADDRESSTYPE
000316	3061	CPI SYSCALCTEMPA,1
000317	F469	BRNE SYSSELECT1CASE3
000318	E657	LDI SYSVALUECOPY,103
000319	9350 0176	STS GLCDDEVICEHEIGHT,SYSVALUECOPY
00031B	E050	LDI SYSVALUECOPY,0
00031C	9350 0177	STS GLCDDEVICEHEIGHT_H,SYSVALUECOPY
00031E	ED53	LDI SYSVALUECOPY,211
00031F	9350 0178	STS GLCDDEVICEWIDTH,SYSVALUECOPY
000321	E050	LDI SYSVALUECOPY,0
000322	9350 0179	STS GLCDDEVICEWIDTH_H,SYSVALUECOPY
000324	C02E	RJMP SYSSELECTEND1
		SYSSELECT1CASE3
000325	9160 016C	LDS SYSCALCTEMPA,EPD2IN13DADDRESSTYPE
000327	3062	CPI SYSCALCTEMPA,2
000328	F469	BRNE SYSSELECT1CASE4
000329	ED53	LDI SYSVALUECOPY,211
00032A	9350 0176	STS GLCDDEVICEHEIGHT,SYSVALUECOPY
00032C	E050	LDI SYSVALUECOPY,0
00032D	9350 0177	STS GLCDDEVICEHEIGHT_H,SYSVALUECOPY
00032F	E657	LDI SYSVALUECOPY,103
000330	9350 0178	STS GLCDDEVICEWIDTH,SYSVALUECOPY
000332	E050	LDI SYSVALUECOPY,0
000333	9350 0179	STS GLCDDEVICEWIDTH_H,SYSVALUECOPY
000335	C01D	RJMP SYSSELECTEND1
		SYSSELECT1CASE4
000336	9160 016C	LDS SYSCALCTEMPA,EPD2IN13DADDRESSTYPE
000338	3063	CPI SYSCALCTEMPA,3
000339	F469	BRNE SYSSELECT1CASE5
00033A	E657	LDI SYSVALUECOPY,103
00033B	9350 0176	STS GLCDDEVICEHEIGHT,SYSVALUECOPY
00033D	E050	LDI SYSVALUECOPY,0
00033E	9350 0177	STS GLCDDEVICEHEIGHT_H,SYSVALUECOPY
000340	ED53	LDI SYSVALUECOPY,211
000341	9350 0178	STS GLCDDEVICEWIDTH,SYSVALUECOPY
000343	E050	LDI SYSVALUECOPY,0
000344	9350 0179	STS GLCDDEVICEWIDTH_H,SYSVALUECOPY
000346	C00C	RJMP SYSSELECTEND1
		SYSSELECT1CASE5
000347	ED53	LDI SYSVALUECOPY,211
000348	9350 0176	STS GLCDDEVICEHEIGHT,SYSVALUECOPY
00034A	E050	LDI SYSVALUECOPY,0
00034B	9350 0177	STS GLCDDEVICEHEIGHT_H,SYSVALUECOPY
00034D	E657	LDI SYSVALUECOPY,103
00034E	9350 0178	STS GLCDDEVICEWIDTH,SYSVALUECOPY
000350	E050	LDI SYSVALUECOPY,0
000351	9350 0179	STS GLCDDEVICEWIDTH_H,SYSVALUECOPY
		SYSSELECTEND1
000353	9508	RET


		SENDCOMMAND_EPD2IN13D
000354	982A	CBI PORTB,2
000355	9829	CBI PORTB,1
000356	E058	LDI SYSVALUECOPY,8
000357	9350 0186	STS SYSREPEATTEMP1,SYSVALUECOPY
		SYSREPEATLOOP1
000359	9050 016D	LDS SYSBITTEST,EPD2IN13D_COMMAND
00035B	FE57	SBRS SYSBITTEST,7
00035C	C002	RJMP ELSE1_1
00035D	9A2B	SBI PORTB,3
00035E	C001	RJMP ENDIF1
		ELSE1_1
00035F	982B	CBI PORTB,3
		ENDIF1
000360	9A2D	SBI PORTB,5
000361	9150 016D	LDS SYSVALUECOPY,EPD2IN13D_COMMAND
000363	1F55	ROL SYSVALUECOPY
000364	9350 016D	STS EPD2IN13D_COMMAND,SYSVALUECOPY
000366	982D	CBI PORTB,5
000367	9010 0186	LDS SYSTEMP1,SYSREPEATTEMP1
000369	941A	DEC SYSTEMP1
00036A	9210 0186	STS SYSREPEATTEMP1,SYSTEMP1
00036C	F761	BRNE SYSREPEATLOOP1
		SYSREPEATLOOPEND1
00036D	9A2A	SBI PORTB,2
		SYSDOLOOP_S1
00036E	9B4F	SBIS PIND,7
00036F	CFFE	RJMP SYSDOLOOP_S1
		SYSDOLOOP_E1
000370	9508	RET


		SENDDATA_EPD2IN13D
000371	982A	CBI PORTB,2
000372	9A29	SBI PORTB,1
000373	E058	LDI SYSVALUECOPY,8
000374	9350 0187	STS SYSREPEATTEMP2,SYSVALUECOPY
		SYSREPEATLOOP2
000376	9050 016E	LDS SYSBITTEST,EPD2IN13D_DATA
000378	FE57	SBRS SYSBITTEST,7
000379	C002	RJMP ELSE2_1
00037A	9A2B	SBI PORTB,3
00037B	C001	RJMP ENDIF2
		ELSE2_1
00037C	982B	CBI PORTB,3
		ENDIF2
00037D	9A2D	SBI PORTB,5
00037E	9150 016E	LDS SYSVALUECOPY,EPD2IN13D_DATA
000380	1F55	ROL SYSVALUECOPY
000381	9350 016E	STS EPD2IN13D_DATA,SYSVALUECOPY
000383	982D	CBI PORTB,5
000384	9010 0187	LDS SYSTEMP1,SYSREPEATTEMP2
000386	941A	DEC SYSTEMP1
000387	9210 0187	STS SYSREPEATTEMP2,SYSTEMP1
000389	F761	BRNE SYSREPEATLOOP2
		SYSREPEATLOOPEND2
00038A	9A2A	SBI PORTB,2
00038B	9508	RET


		SLEEP_EPD2IN13D
00038C	E550	LDI SYSVALUECOPY,80
00038D	9350 016D	STS EPD2IN13D_COMMAND,SYSVALUECOPY
00038F	DFC4	RCALL SENDCOMMAND_EPD2IN13D
000390	EF57	LDI SYSVALUECOPY,247
000391	9350 016E	STS EPD2IN13D_DATA,SYSVALUECOPY
000393	DFDD	RCALL SENDDATA_EPD2IN13D
000394	E052	LDI SYSVALUECOPY,2
000395	9350 016D	STS EPD2IN13D_COMMAND,SYSVALUECOPY
000397	DFBC	RCALL SENDCOMMAND_EPD2IN13D
000398	E057	LDI SYSVALUECOPY,7
000399	9350 016D	STS EPD2IN13D_COMMAND,SYSVALUECOPY
00039B	DFB8	RCALL SENDCOMMAND_EPD2IN13D
00039C	EA55	LDI SYSVALUECOPY,165
00039D	9350 016E	STS EPD2IN13D_DATA,SYSVALUECOPY
00039F	CFD1	RJMP SENDDATA_EPD2IN13D


		SYSCOMPLESSTHAN16
0003A0	2400	CLR SYSBYTETEMPX
0003A1	17D7	CP SYSWORDTEMPB_H,SYSWORDTEMPA_H
0003A2	F030	BRLO SCLT16FALSE
0003A3	177D	CP SYSWORDTEMPA_H,SYSWORDTEMPB_H
0003A4	F018	BRLO SCLT16TRUE
0003A5	176C	CP SYSWORDTEMPA,SYSWORDTEMPB
0003A6	F008	BRLO SCLT16TRUE
0003A7	9508	RET
		SCLT16TRUE
0003A8	9400	COM SYSBYTETEMPX
		SCLT16FALSE
0003A9	9508	RET


