GCASM List File (GCBASIC 0.98.<<>> 2018-06-06)

Symbols:
A 	EQU 	0
ABDEN 	EQU 	0
ABDOVF 	EQU 	7
ACCESS 	EQU 	0
ACKDT 	EQU 	5
ACKEN 	EQU 	4
ACKSTAT 	EQU 	6
ACKTIM 	EQU 	7
ACQT0 	EQU 	3
ACQT1 	EQU 	4
ACQT2 	EQU 	5
ACTCON 	EQU 	4021
ACTD 	EQU 	6
ACTEN 	EQU 	7
ACTIE 	EQU 	7
ACTIF 	EQU 	7
ACTIP 	EQU 	7
ACTLOCK 	EQU 	3
ACTMD 	EQU 	4
ACTOR 	EQU 	1
ACTORS 	EQU 	1
ACTSEL 	EQU 	7
ACTSRC 	EQU 	4
ACTUD 	EQU 	6
ACTVIE 	EQU 	2
ACTVIF 	EQU 	2
ADCMD 	EQU 	2
ADCON0 	EQU 	4034
ADCON1 	EQU 	4033
ADCON2 	EQU 	4032
ADCS0 	EQU 	0
ADCS1 	EQU 	1
ADCS2 	EQU 	2
ADDEN 	EQU 	3
ADDR0 	EQU 	0
ADDR1 	EQU 	1
ADDR2 	EQU 	2
ADDR3 	EQU 	3
ADDR4 	EQU 	4
ADDR5 	EQU 	5
ADDR6 	EQU 	6
ADEN 	EQU 	3
ADFM 	EQU 	7
ADIE 	EQU 	6
ADIF 	EQU 	6
ADIP 	EQU 	6
ADON 	EQU 	0
ADREADPORT 	EQU 	10
ADRESH 	EQU 	4036
ADRESL 	EQU 	4035
AFSR0 	EQU 	4073
AFSR0_H 	EQU 	4074
AHEN 	EQU 	1
AN0 	EQU 	0
AN1 	EQU 	1
AN2 	EQU 	2
AN3 	EQU 	3
AN4 	EQU 	5
ANSA0 	EQU 	0
ANSA1 	EQU 	1
ANSA2 	EQU 	2
ANSA3 	EQU 	3
ANSA5 	EQU 	5
ANSB0 	EQU 	0
ANSB1 	EQU 	1
ANSB2 	EQU 	2
ANSB3 	EQU 	3
ANSB4 	EQU 	4
ANSB5 	EQU 	5
ANSC2 	EQU 	2
ANSC6 	EQU 	6
ANSC7 	EQU 	7
ANSELA 	EQU 	3931
ANSELB 	EQU 	3932
ANSELC 	EQU 	3933
B 	EQU 	1
BANKED 	EQU 	1
BASPROGRAMEND 	EQU 	152
BASPROGRAMSTART 	EQU 	12
BAUDCON 	EQU 	4024
BAUDCON1 	EQU 	4024
BAUDCON1_ABDEN 	EQU 	0
BAUDCON1_ABDOVF 	EQU 	7
BAUDCON1_BRG16 	EQU 	3
BAUDCON1_CKTXP 	EQU 	4
BAUDCON1_DTRXP 	EQU 	5
BAUDCON1_RCIDL 	EQU 	6
BAUDCON1_RCMT 	EQU 	6
BAUDCON1_RXDTP 	EQU 	5
BAUDCON1_SCKP 	EQU 	4
BAUDCON1_TXCKP 	EQU 	4
BAUDCON1_WUE 	EQU 	1
BCL1IE 	EQU 	3
BCL1IF 	EQU 	3
BCL1IP 	EQU 	3
BCLIE 	EQU 	3
BCLIF 	EQU 	3
BCLIP 	EQU 	3
BF 	EQU 	0
BGVST 	EQU 	6
BOEN 	EQU 	4
BOR 	EQU 	0
BRG0 	EQU 	0
BRG1 	EQU 	1
BRG10 	EQU 	2
BRG11 	EQU 	3
BRG12 	EQU 	4
BRG13 	EQU 	5
BRG14 	EQU 	6
BRG15 	EQU 	7
BRG16 	EQU 	3
BRG2 	EQU 	2
BRG3 	EQU 	3
BRG4 	EQU 	4
BRG5 	EQU 	5
BRG6 	EQU 	6
BRG7 	EQU 	7
BRG8 	EQU 	0
BRG9 	EQU 	1
BRGH 	EQU 	2
BSR 	EQU 	4064
BTOEE 	EQU 	4
BTOEF 	EQU 	4
BTSEE 	EQU 	7
BTSEF 	EQU 	7
C 	EQU 	0
C1CH0 	EQU 	0
C1CH1 	EQU 	1
C1HYS 	EQU 	3
C1IE 	EQU 	6
C1IF 	EQU 	6
C1IP 	EQU 	6
C1OE 	EQU 	5
C1ON 	EQU 	7
C1OUT 	EQU 	6
C1POL 	EQU 	4
C1R 	EQU 	2
C1RSEL 	EQU 	5
C1SP 	EQU 	3
C1SYNC 	EQU 	1
C1TSEL 	EQU 	0
C2CH0 	EQU 	0
C2CH1 	EQU 	1
C2HYS 	EQU 	2
C2IE 	EQU 	5
C2IF 	EQU 	5
C2IP 	EQU 	5
C2OE 	EQU 	5
C2ON 	EQU 	7
C2OUT 	EQU 	6
C2POL 	EQU 	4
C2R 	EQU 	2
C2RSEL 	EQU 	4
C2SP 	EQU 	3
C2SYNC 	EQU 	0
C2TSEL 	EQU 	3
CCH0 	EQU 	0
CCH1 	EQU 	1
CCP1 	EQU 	2
CCP1ASE 	EQU 	7
CCP1CON 	EQU 	4029
CCP1IE 	EQU 	2
CCP1IF 	EQU 	2
CCP1IP 	EQU 	2
CCP1M0 	EQU 	0
CCP1M1 	EQU 	1
CCP1M2 	EQU 	2
CCP1M3 	EQU 	3
CCP1MD 	EQU 	0
CCP1X 	EQU 	5
CCP1Y 	EQU 	4
CCP2CON 	EQU 	3991
CCP2IE 	EQU 	0
CCP2IF 	EQU 	0
CCP2IP 	EQU 	0
CCP2M0 	EQU 	0
CCP2M1 	EQU 	1
CCP2M2 	EQU 	2
CCP2M3 	EQU 	3
CCP2MD 	EQU 	1
CCP2X 	EQU 	5
CCP2Y 	EQU 	4
CCPR1 	EQU 	4030
CCPR1H 	EQU 	4031
CCPR1L 	EQU 	4030
CCPR2 	EQU 	3984
CCPR2H 	EQU 	3985
CCPR2L 	EQU 	3984
CCPTMRS 	EQU 	3929
CFGS 	EQU 	6
CHS0 	EQU 	2
CHS1 	EQU 	3
CHS2 	EQU 	4
CHS3 	EQU 	5
CHS4 	EQU 	6
CK 	EQU 	6
CKE 	EQU 	6
CKP 	EQU 	4
CKTXP 	EQU 	4
CM1CON0 	EQU 	3992
CM1IE 	EQU 	6
CM1IF 	EQU 	6
CM1IP 	EQU 	6
CM2CON0 	EQU 	3993
CM2CON0_CCH0 	EQU 	0
CM2CON0_CCH1 	EQU 	1
CM2CON0_COE 	EQU 	5
CM2CON0_CON 	EQU 	7
CM2CON0_CPOL 	EQU 	4
CM2CON0_CREF 	EQU 	2
CM2CON1 	EQU 	3994
CM2IE 	EQU 	5
CM2IF 	EQU 	5
CM2IP 	EQU 	5
CMP1MD 	EQU 	3
CMP2MD 	EQU 	4
COE 	EQU 	5
COMPORT 	EQU 	11
CON 	EQU 	7
COUT1 	EQU 	6
COUT2 	EQU 	6
CPOL 	EQU 	4
CRC16EE 	EQU 	2
CRC16EF 	EQU 	2
CRC5EE 	EQU 	1
CRC5EF 	EQU 	1
CREF 	EQU 	2
CREN 	EQU 	4
CSRC 	EQU 	7
CTMUCON0 	EQU 	3983
CTMUCON1 	EQU 	3982
CTMUCONH 	EQU 	3983
CTMUCONH_CTMUEN 	EQU 	7
CTMUCONH_CTMUSIDL 	EQU 	5
CTMUCONH_CTTRIG 	EQU 	0
CTMUCONH_EDGEN 	EQU 	3
CTMUCONH_EDGSEQEN 	EQU 	2
CTMUCONH_IDISSEN 	EQU 	1
CTMUCONH_ON 	EQU 	7
CTMUCONH_SIDL 	EQU 	5
CTMUCONH_TGEN 	EQU 	4
CTMUCONH_TRIGEN 	EQU 	0
CTMUCONL 	EQU 	3982
CTMUCONL_EDG1POL 	EQU 	4
CTMUCONL_EDG1SEL0 	EQU 	2
CTMUCONL_EDG1SEL1 	EQU 	3
CTMUCONL_EDG1STAT 	EQU 	0
CTMUCONL_EDG2POL 	EQU 	7
CTMUCONL_EDG2SEL0 	EQU 	5
CTMUCONL_EDG2SEL1 	EQU 	6
CTMUCONL_EDG2STAT 	EQU 	1
CTMUEN 	EQU 	7
CTMUICON 	EQU 	3976
CTMUIE 	EQU 	3
CTMUIF 	EQU 	3
CTMUIP 	EQU 	3
CTMUMD 	EQU 	5
CTMUSIDL 	EQU 	5
CTTRIG 	EQU 	0
D10US_START 	EQU 	204
DACEN 	EQU 	7
DACLPS 	EQU 	6
DACNSS 	EQU 	0
DACOE 	EQU 	5
DACPSS0 	EQU 	2
DACPSS1 	EQU 	3
DACR0 	EQU 	0
DACR1 	EQU 	1
DACR2 	EQU 	2
DACR3 	EQU 	3
DACR4 	EQU 	4
DC 	EQU 	1
DC1B0 	EQU 	4
DC1B1 	EQU 	5
DC2B0 	EQU 	4
DC2B1 	EQU 	5
DDRA 	EQU 	3986
DDRA_RA0 	EQU 	0
DDRA_RA1 	EQU 	1
DDRA_RA2 	EQU 	2
DDRA_RA3 	EQU 	3
DDRA_RA4 	EQU 	4
DDRA_RA5 	EQU 	5
DDRA_RA6 	EQU 	6
DDRA_RA7 	EQU 	7
DDRB 	EQU 	3987
DDRB_RB0 	EQU 	0
DDRB_RB1 	EQU 	1
DDRB_RB2 	EQU 	2
DDRB_RB3 	EQU 	3
DDRB_RB4 	EQU 	4
DDRB_RB5 	EQU 	5
DDRB_RB6 	EQU 	6
DDRB_RB7 	EQU 	7
DDRC 	EQU 	3988
DDRC_RC0 	EQU 	0
DDRC_RC1 	EQU 	1
DDRC_RC2 	EQU 	2
DDRC_RC6 	EQU 	6
DDRC_RC7 	EQU 	7
DELAYTEMP 	EQU 	0
DELAYTEMP2 	EQU 	1
DELAYUS0 	EQU 	208
DELAY_10US 	EQU 	204
DELAY_MS 	EQU 	218
DESCRIPTORHANDLER_CALLBACK 	EQU 	156
DFN8EE 	EQU 	3
DFN8EF 	EQU 	3
DHEN 	EQU 	0
DIR 	EQU 	2
DIV8NOTNEG 	EQU 	1628
DMS_INNER 	EQU 	228
DMS_OUTER 	EQU 	224
DMS_START 	EQU 	220
DONE 	EQU 	1
DTRXP 	EQU 	5
D_NOT_A 	EQU 	5
ECCP1AS 	EQU 	4022
ECCP1AS0 	EQU 	4
ECCP1AS1 	EQU 	5
ECCP1AS2 	EQU 	6
ECCP1ASE 	EQU 	7
ECCP1CON 	EQU 	4029
ECCP1CON_CCP1M0 	EQU 	0
ECCP1CON_CCP1M1 	EQU 	1
ECCP1CON_CCP1M2 	EQU 	2
ECCP1CON_CCP1M3 	EQU 	3
ECCP1CON_CCP1X 	EQU 	5
ECCP1CON_CCP1Y 	EQU 	4
ECCP1CON_DC1B0 	EQU 	4
ECCP1CON_DC1B1 	EQU 	5
ECCP1CON_P1M0 	EQU 	6
ECCP1CON_P1M1 	EQU 	7
ECCP1DEL 	EQU 	4023
ECCP2CON 	EQU 	3991
ECCP2CON_CCP2M0 	EQU 	0
ECCP2CON_CCP2M1 	EQU 	1
ECCP2CON_CCP2M2 	EQU 	2
ECCP2CON_CCP2M3 	EQU 	3
ECCP2CON_CCP2X 	EQU 	5
ECCP2CON_CCP2Y 	EQU 	4
ECCP2CON_DC2B0 	EQU 	4
ECCP2CON_DC2B1 	EQU 	5
EDG1POL 	EQU 	4
EDG1SEL0 	EQU 	2
EDG1SEL1 	EQU 	3
EDG1STAT 	EQU 	0
EDG2POL 	EQU 	7
EDG2SEL0 	EQU 	5
EDG2SEL1 	EQU 	6
EDG2STAT 	EQU 	1
EDGEN 	EQU 	3
EDGSEQEN 	EQU 	2
EEADR 	EQU 	4009
EECON1 	EQU 	4006
EECON2 	EQU 	4007
EEDATA 	EQU 	4008
EEIE 	EQU 	4
EEIF 	EQU 	4
EEIP 	EQU 	4
EEPGD 	EQU 	7
ELSE11_1 	EQU 	2448
ELSE12_1 	EQU 	2434
ELSE13_1 	EQU 	2472
ELSE14_1 	EQU 	2482
ELSE16_1 	EQU 	2540
ELSE20_1 	EQU 	2642
ELSE24_1 	EQU 	2744
ELSE27_1 	EQU 	2916
ELSE28_1 	EQU 	3212
ELSE29_1 	EQU 	3016
ELSE9_1 	EQU 	2152
ENDIF10 	EQU 	2292
ENDIF11 	EQU 	2486
ENDIF12 	EQU 	2438
ENDIF13 	EQU 	2486
ENDIF14 	EQU 	2486
ENDIF15 	EQU 	2526
ENDIF16 	EQU 	2544
ENDIF17 	EQU 	2554
ENDIF18 	EQU 	2598
ENDIF19 	EQU 	2628
ENDIF2 	EQU 	2100
ENDIF20 	EQU 	2646
ENDIF21 	EQU 	2656
ENDIF22 	EQU 	2700
ENDIF23 	EQU 	2730
ENDIF24 	EQU 	2748
ENDIF25 	EQU 	2758
ENDIF26 	EQU 	2802
ENDIF27 	EQU 	3192
ENDIF28 	EQU 	3216
ENDIF29 	EQU 	3024
ENDIF3 	EQU 	2110
ENDIF30 	EQU 	3074
ENDIF31 	EQU 	3170
ENDIF32 	EQU 	3184
ENDIF33 	EQU 	674
ENDIF34 	EQU 	472
ENDIF35 	EQU 	436
ENDIF36 	EQU 	472
ENDIF37 	EQU 	1362
ENDIF38 	EQU 	1370
ENDIF39 	EQU 	1488
ENDIF4 	EQU 	2118
ENDIF40 	EQU 	1496
ENDIF41 	EQU 	1286
ENDIF42 	EQU 	1290
ENDIF43 	EQU 	1294
ENDIF44 	EQU 	1298
ENDIF45 	EQU 	1302
ENDIF46 	EQU 	356
ENDIF47 	EQU 	380
ENDIF48 	EQU 	396
ENDIF49 	EQU 	518
ENDIF5 	EQU 	2318
ENDIF50 	EQU 	586
ENDIF6 	EQU 	2322
ENDIF7 	EQU 	2326
ENDIF8 	EQU 	2330
ENDIF9 	EQU 	2160
ENDP0 	EQU 	3
ENDP1 	EQU 	4
ENDP2 	EQU 	5
ENDP3 	EQU 	6
EPCONDIS 	EQU 	3
EPHSHK 	EQU 	4
EPINEN 	EQU 	1
EPOUTEN 	EQU 	2
EPSTALL 	EQU 	0
ERRORHANDLER_CALLBACK 	EQU 	246
F 	EQU 	1
FERR 	EQU 	2
FLTS 	EQU 	2
FN_GCBBUILDSTR 	EQU 	304
FN_GCBBUILDTIMESTR 	EQU 	318
FN_HEX 	EQU 	332
FN_PEEK 	EQU 	1010
FN_READAD1022 	EQU 	1030
FREE 	EQU 	4
FRM0 	EQU 	0
FRM1 	EQU 	1
FRM10 	EQU 	2
FRM2 	EQU 	2
FRM3 	EQU 	3
FRM4 	EQU 	4
FRM5 	EQU 	5
FRM6 	EQU 	6
FRM7 	EQU 	7
FRM8 	EQU 	0
FRM9 	EQU 	1
FSEN 	EQU 	2
FSR0H 	EQU 	4074
FSR0L 	EQU 	4073
FSR1H 	EQU 	4066
FSR1L 	EQU 	4065
FSR2H 	EQU 	4058
FSR2L 	EQU 	4057
FVREN 	EQU 	7
FVRS0 	EQU 	4
FVRS1 	EQU 	5
FVRST 	EQU 	6
GCBBUILDSTR 	EQU 	1901
GCBBUILDTIMESTR 	EQU 	1944
GCEN 	EQU 	7
GIE 	EQU 	7
GIEH 	EQU 	7
GIEL 	EQU 	6
GIE_GIEH 	EQU 	7
GO 	EQU 	1
GO_DONE 	EQU 	1
GO_NOT_DONE 	EQU 	1
HEX 	EQU 	1897
HFIOFR 	EQU 	1
HFIOFS 	EQU 	2
HLVDCON 	EQU 	3996
HLVDEN 	EQU 	4
HLVDIE 	EQU 	2
HLVDIF 	EQU 	2
HLVDIN 	EQU 	5
HLVDIP 	EQU 	2
HLVDL0 	EQU 	0
HLVDL1 	EQU 	1
HLVDL2 	EQU 	2
HLVDL3 	EQU 	3
HSERPRINT270 	EQU 	408
HSERPRINT271 	EQU 	474
HSERPRINTCRLF 	EQU 	604
HSERPRINTCRLFCOUNT 	EQU 	12
HSERSEND 	EQU 	648
IDISSEN 	EQU 	1
IDLEIE 	EQU 	4
IDLEIF 	EQU 	4
IDLEN 	EQU 	7
INDF0 	EQU 	4079
INDF1 	EQU 	4071
INDF2 	EQU 	4063
INITSYS 	EQU 	676
INITUSART 	EQU 	722
INITUSB 	EQU 	746
INT0 	EQU 	0
INT0E 	EQU 	4
INT0F 	EQU 	1
INT0IE 	EQU 	4
INT0IF 	EQU 	1
INT1 	EQU 	1
INT1E 	EQU 	3
INT1F 	EQU 	0
INT1IE 	EQU 	3
INT1IF 	EQU 	0
INT1IP 	EQU 	6
INT1P 	EQU 	6
INT2 	EQU 	2
INT2E 	EQU 	4
INT2F 	EQU 	1
INT2IE 	EQU 	4
INT2IF 	EQU 	1
INT2IP 	EQU 	7
INT2P 	EQU 	7
INTCON 	EQU 	4082
INTCON2 	EQU 	4081
INTCON3 	EQU 	4080
INTEDG0 	EQU 	6
INTEDG1 	EQU 	5
INTEDG2 	EQU 	4
INTERRUPT 	EQU 	842
INTERRUPTDONE 	EQU 	932
INTSRC 	EQU 	5
IOCB 	EQU 	3974
IOCB4 	EQU 	4
IOCB5 	EQU 	5
IOCB6 	EQU 	6
IOCB7 	EQU 	7
IOCC 	EQU 	3975
IOCC0 	EQU 	0
IOCC1 	EQU 	1
IOCC2 	EQU 	2
IOCC4 	EQU 	4
IOCC5 	EQU 	5
IOCC6 	EQU 	6
IOCC7 	EQU 	7
IOCIE 	EQU 	3
IOCIF 	EQU 	0
IOCIP 	EQU 	0
IPEN 	EQU 	7
IPR1 	EQU 	3999
IPR2 	EQU 	4002
IPR3 	EQU 	4005
IRCF0 	EQU 	4
IRCF1 	EQU 	5
IRCF2 	EQU 	6
IRNG0 	EQU 	0
IRNG1 	EQU 	1
IRVST 	EQU 	5
ITRIM0 	EQU 	2
ITRIM1 	EQU 	3
ITRIM2 	EQU 	4
ITRIM3 	EQU 	5
ITRIM4 	EQU 	6
ITRIM5 	EQU 	7
LATA 	EQU 	3977
LATA0 	EQU 	0
LATA1 	EQU 	1
LATA2 	EQU 	2
LATA3 	EQU 	3
LATA4 	EQU 	4
LATA5 	EQU 	5
LATA6 	EQU 	6
LATA7 	EQU 	7
LATB 	EQU 	3978
LATB0 	EQU 	0
LATB1 	EQU 	1
LATB2 	EQU 	2
LATB3 	EQU 	3
LATB4 	EQU 	4
LATB5 	EQU 	5
LATB6 	EQU 	6
LATB7 	EQU 	7
LATC 	EQU 	3979
LATC0 	EQU 	0
LATC1 	EQU 	1
LATC2 	EQU 	2
LATC4 	EQU 	4
LATC5 	EQU 	5
LATC6 	EQU 	6
LATC7 	EQU 	7
LFIOFS 	EQU 	0
LVDIE 	EQU 	2
LVDIF 	EQU 	2
LVDIN 	EQU 	5
LVDIP 	EQU 	2
MC1OUT 	EQU 	7
MC2OUT 	EQU 	6
MEMADR 	EQU 	4073
MEMADR_H 	EQU 	4074
MEMDATA 	EQU 	13
MSSP1MD 	EQU 	6
MSSPMD 	EQU 	6
N 	EQU 	4
NOTUSBIF 	EQU 	932
NOT_BOR 	EQU 	0
NOT_DONE 	EQU 	1
NOT_PD 	EQU 	2
NOT_POR 	EQU 	1
NOT_RBPU 	EQU 	7
NOT_RI 	EQU 	4
NOT_T1DONE 	EQU 	3
NOT_T1SYNC 	EQU 	2
NOT_T3DONE 	EQU 	3
NOT_T3SYNC 	EQU 	2
NOT_TO 	EQU 	3
NVCFG0 	EQU 	0
NVCFG1 	EQU 	1
OERR 	EQU 	1
ON 	EQU 	7
OSC2 	EQU 	6
OSCCON 	EQU 	4051
OSCCON2 	EQU 	4050
OSCFIE 	EQU 	7
OSCFIF 	EQU 	7
OSCFIP 	EQU 	7
OSCTUNE 	EQU 	3995
OSTS 	EQU 	3
OUTVALUETEMP 	EQU 	16
OV 	EQU 	3
P 	EQU 	4
P1A 	EQU 	2
P1M0 	EQU 	6
P1M1 	EQU 	7
P1RSEN 	EQU 	7
PC 	EQU 	4089
PCIE 	EQU 	6
PCL 	EQU 	4089
PCLATH 	EQU 	4090
PCLATU 	EQU 	4091
PD 	EQU 	2
PDC0 	EQU 	0
PDC1 	EQU 	1
PDC2 	EQU 	2
PDC3 	EQU 	3
PDC4 	EQU 	4
PDC5 	EQU 	5
PDC6 	EQU 	6
PEEK 	EQU 	17
PEIE 	EQU 	6
PEIE_GIEL 	EQU 	6
PEN 	EQU 	2
PGC 	EQU 	6
PGD 	EQU 	7
PGM 	EQU 	5
PIDEE 	EQU 	0
PIDEF 	EQU 	0
PIE1 	EQU 	3997
PIE2 	EQU 	4000
PIE3 	EQU 	4003
PIR1 	EQU 	3998
PIR2 	EQU 	4001
PIR3 	EQU 	4004
PKTDIS 	EQU 	4
PLLEN 	EQU 	4
PLLRDY 	EQU 	7
PLUSW0 	EQU 	4075
PLUSW1 	EQU 	4067
PLUSW2 	EQU 	4059
PMD0 	EQU 	3966
PMD1 	EQU 	3967
POKE 	EQU 	1024
POR 	EQU 	1
PORTA 	EQU 	3968
PORTB 	EQU 	3969
PORTC 	EQU 	3970
PORTE 	EQU 	3972
POSTDEC0 	EQU 	4077
POSTDEC1 	EQU 	4069
POSTDEC2 	EQU 	4061
POSTINC0 	EQU 	4078
POSTINC1 	EQU 	4070
POSTINC2 	EQU 	4062
PPB0 	EQU 	0
PPB1 	EQU 	1
PPBI 	EQU 	1
PPBRST 	EQU 	6
PR1SEN 	EQU 	7
PR2 	EQU 	4027
PREINC0 	EQU 	4076
PREINC1 	EQU 	4068
PREINC2 	EQU 	4060
PRINTLEN 	EQU 	18
PRISD 	EQU 	2
PROD 	EQU 	4083
PRODH 	EQU 	4084
PRODL 	EQU 	4083
PSA 	EQU 	3
PSS1AC0 	EQU 	2
PSS1AC1 	EQU 	3
PSS1BD0 	EQU 	0
PSS1BD1 	EQU 	1
PSSAC0 	EQU 	2
PSSAC1 	EQU 	3
PSSBD0 	EQU 	0
PSSBD1 	EQU 	1
PSTR1CON 	EQU 	4025
PVCFG0 	EQU 	2
PVCFG1 	EQU 	3
PWM1CON 	EQU 	4023
PWM1CON_P1RSEN 	EQU 	7
PWM1CON_PDC0 	EQU 	0
PWM1CON_PDC1 	EQU 	1
PWM1CON_PDC2 	EQU 	2
PWM1CON_PDC3 	EQU 	3
PWM1CON_PDC4 	EQU 	4
PWM1CON_PDC5 	EQU 	5
PWM1CON_PDC6 	EQU 	6
PWM1CON_PR1SEN 	EQU 	7
RA0 	EQU 	0
RA1 	EQU 	1
RA2 	EQU 	2
RA3 	EQU 	3
RA4 	EQU 	4
RA5 	EQU 	5
RA6 	EQU 	6
RA7 	EQU 	7
RB0 	EQU 	0
RB1 	EQU 	1
RB2 	EQU 	2
RB3 	EQU 	3
RB4 	EQU 	4
RB5 	EQU 	5
RB6 	EQU 	6
RB7 	EQU 	7
RBPU 	EQU 	7
RC0 	EQU 	0
RC1 	EQU 	1
RC1IE 	EQU 	5
RC1IF 	EQU 	5
RC1IP 	EQU 	5
RC2 	EQU 	2
RC4 	EQU 	4
RC5 	EQU 	5
RC6 	EQU 	6
RC7 	EQU 	7
RCEN 	EQU 	3
RCIDL 	EQU 	6
RCIE 	EQU 	5
RCIF 	EQU 	5
RCIP 	EQU 	5
RCMT 	EQU 	6
RCON 	EQU 	4048
RCREG 	EQU 	4014
RCREG1 	EQU 	4014
RCSTA 	EQU 	4011
RCSTA1 	EQU 	4011
RCSTA1_ADDEN 	EQU 	3
RCSTA1_ADEN 	EQU 	3
RCSTA1_CREN 	EQU 	4
RCSTA1_FERR 	EQU 	2
RCSTA1_OERR 	EQU 	1
RCSTA1_RX9 	EQU 	6
RCSTA1_RX9D 	EQU 	0
RCSTA1_SPEN 	EQU 	7
RCSTA1_SREN 	EQU 	5
RD 	EQU 	0
RD16 	EQU 	1
RE3 	EQU 	3
READAD10 	EQU 	19
READAD10_H 	EQU 	21
RESUME 	EQU 	2
RI 	EQU 	4
RSEN 	EQU 	1
RX 	EQU 	7
RX9 	EQU 	6
RX9D 	EQU 	0
RXDTP 	EQU 	5
R_NOT_W 	EQU 	2
S 	EQU 	3
SAVEDELAYTEMP2 	EQU 	22
SAVEFSR0H 	EQU 	23
SAVEFSR0L 	EQU 	24
SAVEFSR1H 	EQU 	25
SAVEFSR1L 	EQU 	26
SAVESYSBYTETEMPA 	EQU 	27
SAVESYSBYTETEMPB 	EQU 	28
SAVESYSBYTETEMPX 	EQU 	29
SAVESYSDIVLOOP 	EQU 	30
SAVESYSSTRINGA 	EQU 	31
SAVESYSSTRINGLENGTH 	EQU 	32
SAVESYSTEMP1 	EQU 	33
SAVESYSTEMP1_H 	EQU 	34
SAVESYSTEMP2 	EQU 	35
SAVESYSWAITTEMPMS 	EQU 	36
SAVESYSWAITTEMPMS_H 	EQU 	37
SBCDE 	EQU 	2
SBOREN 	EQU 	6
SCIE 	EQU 	5
SCKP 	EQU 	4
SCS0 	EQU 	0
SCS1 	EQU 	1
SDAHT 	EQU 	3
SE0 	EQU 	5
SEN 	EQU 	0
SENDB 	EQU 	3
SERDATA 	EQU 	38
SERPRINTVAL 	EQU 	39
SETUPHANDLER_CALLBACK 	EQU 	1344
SIDL 	EQU 	5
SLRA 	EQU 	0
SLRB 	EQU 	1
SLRC 	EQU 	2
SLRCON 	EQU 	3962
SMP 	EQU 	7
SOFIE 	EQU 	6
SOFIF 	EQU 	6
SOSCEN 	EQU 	3
SOSCGO 	EQU 	3
SOSCRUN 	EQU 	6
SP0 	EQU 	0
SP1 	EQU 	1
SP2 	EQU 	2
SP3 	EQU 	3
SP4 	EQU 	4
SPBRG 	EQU 	4015
SPBRG1 	EQU 	4015
SPBRG1_BRG0 	EQU 	0
SPBRG1_BRG1 	EQU 	1
SPBRG1_BRG2 	EQU 	2
SPBRG1_BRG3 	EQU 	3
SPBRG1_BRG4 	EQU 	4
SPBRG1_BRG5 	EQU 	5
SPBRG1_BRG6 	EQU 	6
SPBRG1_BRG7 	EQU 	7
SPBRGH 	EQU 	4016
SPBRGH1 	EQU 	4016
SPBRGH1_BRG10 	EQU 	2
SPBRGH1_BRG11 	EQU 	3
SPBRGH1_BRG12 	EQU 	4
SPBRGH1_BRG13 	EQU 	5
SPBRGH1_BRG14 	EQU 	6
SPBRGH1_BRG15 	EQU 	7
SPBRGH1_BRG8 	EQU 	0
SPBRGH1_BRG9 	EQU 	1
SPEN 	EQU 	7
SPLLMULT 	EQU 	7
SRCLK0 	EQU 	4
SRCLK1 	EQU 	5
SRCLK2 	EQU 	6
SRCON0 	EQU 	3928
SRCON1 	EQU 	3927
SREN 	EQU 	5
SRLEN 	EQU 	7
SRNQEN 	EQU 	2
SRPR 	EQU 	0
SRPS 	EQU 	1
SRQEN 	EQU 	3
SRRC1E 	EQU 	0
SRRC2E 	EQU 	1
SRRCKE 	EQU 	2
SRRPE 	EQU 	3
SRSC1E 	EQU 	4
SRSC2E 	EQU 	5
SRSCKE 	EQU 	6
SRSPE 	EQU 	7
SSP1ADD 	EQU 	4040
SSP1ADD0 	EQU 	0
SSP1ADD1 	EQU 	1
SSP1ADD2 	EQU 	2
SSP1ADD3 	EQU 	3
SSP1ADD4 	EQU 	4
SSP1ADD5 	EQU 	5
SSP1ADD6 	EQU 	6
SSP1ADD7 	EQU 	7
SSP1BUF 	EQU 	4041
SSP1CON1 	EQU 	4038
SSP1CON2 	EQU 	4037
SSP1CON3 	EQU 	4043
SSP1IE 	EQU 	3
SSP1IF 	EQU 	3
SSP1IP 	EQU 	3
SSP1MD 	EQU 	6
SSP1MSK 	EQU 	4042
SSP1MSK0 	EQU 	0
SSP1MSK1 	EQU 	1
SSP1MSK2 	EQU 	2
SSP1MSK3 	EQU 	3
SSP1MSK4 	EQU 	4
SSP1MSK5 	EQU 	5
SSP1MSK6 	EQU 	6
SSP1MSK7 	EQU 	7
SSP1STAT 	EQU 	4039
SSPADD 	EQU 	4040
SSPADD_SSP1ADD0 	EQU 	0
SSPADD_SSP1ADD1 	EQU 	1
SSPADD_SSP1ADD2 	EQU 	2
SSPADD_SSP1ADD3 	EQU 	3
SSPADD_SSP1ADD4 	EQU 	4
SSPADD_SSP1ADD5 	EQU 	5
SSPADD_SSP1ADD6 	EQU 	6
SSPADD_SSP1ADD7 	EQU 	7
SSPBUF 	EQU 	4041
SSPCON 	EQU 	4038
SSPCON1 	EQU 	4038
SSPCON1_CKP 	EQU 	4
SSPCON1_SSPEN 	EQU 	5
SSPCON1_SSPM0 	EQU 	0
SSPCON1_SSPM1 	EQU 	1
SSPCON1_SSPM2 	EQU 	2
SSPCON1_SSPM3 	EQU 	3
SSPCON1_SSPOV 	EQU 	6
SSPCON1_WCOL 	EQU 	7
SSPCON2 	EQU 	4037
SSPCON2_ACKDT 	EQU 	5
SSPCON2_ACKEN 	EQU 	4
SSPCON2_ACKSTAT 	EQU 	6
SSPCON2_GCEN 	EQU 	7
SSPCON2_PEN 	EQU 	2
SSPCON2_RCEN 	EQU 	3
SSPCON2_RSEN 	EQU 	1
SSPCON2_SEN 	EQU 	0
SSPCON3 	EQU 	4043
SSPCON3_ACKTIM 	EQU 	7
SSPCON3_AHEN 	EQU 	1
SSPCON3_BOEN 	EQU 	4
SSPCON3_DHEN 	EQU 	0
SSPCON3_PCIE 	EQU 	6
SSPCON3_SBCDE 	EQU 	2
SSPCON3_SCIE 	EQU 	5
SSPCON3_SDAHT 	EQU 	3
SSPCON_CKP 	EQU 	4
SSPCON_SSPEN 	EQU 	5
SSPCON_SSPM0 	EQU 	0
SSPCON_SSPM1 	EQU 	1
SSPCON_SSPM2 	EQU 	2
SSPCON_SSPM3 	EQU 	3
SSPCON_SSPOV 	EQU 	6
SSPCON_WCOL 	EQU 	7
SSPEN 	EQU 	5
SSPIE 	EQU 	3
SSPIF 	EQU 	3
SSPIP 	EQU 	3
SSPM0 	EQU 	0
SSPM1 	EQU 	1
SSPM2 	EQU 	2
SSPM3 	EQU 	3
SSPMSK 	EQU 	4042
SSPMSK_SSP1MSK0 	EQU 	0
SSPMSK_SSP1MSK1 	EQU 	1
SSPMSK_SSP1MSK2 	EQU 	2
SSPMSK_SSP1MSK3 	EQU 	3
SSPMSK_SSP1MSK4 	EQU 	4
SSPMSK_SSP1MSK5 	EQU 	5
SSPMSK_SSP1MSK6 	EQU 	6
SSPMSK_SSP1MSK7 	EQU 	7
SSPOV 	EQU 	6
SSPSTAT 	EQU 	4039
SSPSTAT_BF 	EQU 	0
SSPSTAT_CKE 	EQU 	6
SSPSTAT_D_NOT_A 	EQU 	5
SSPSTAT_P 	EQU 	4
SSPSTAT_R_NOT_W 	EQU 	2
SSPSTAT_S 	EQU 	3
SSPSTAT_SMP 	EQU 	7
SSPSTAT_UA 	EQU 	1
STALLIE 	EQU 	5
STALLIF 	EQU 	5
STATUS 	EQU 	4056
STCON 	EQU 	4021
STCON_ACTD 	EQU 	6
STCON_ACTEN 	EQU 	7
STCON_ACTLOCK 	EQU 	3
STCON_ACTOR 	EQU 	1
STCON_ACTORS 	EQU 	1
STCON_ACTSEL 	EQU 	7
STCON_ACTSRC 	EQU 	4
STCON_ACTUD 	EQU 	6
STCON_STEN 	EQU 	7
STCON_STLOCK 	EQU 	3
STCON_STOR 	EQU 	1
STCON_STSRC 	EQU 	4
STCON_STUD 	EQU 	6
STEN 	EQU 	7
STIE 	EQU 	7
STIF 	EQU 	7
STIP 	EQU 	7
STKFUL 	EQU 	7
STKOVF 	EQU 	7
STKPTR 	EQU 	4092
STKUNF 	EQU 	6
STLOCK 	EQU 	3
STMD 	EQU 	4
STOR 	EQU 	1
STR1A 	EQU 	0
STR1B 	EQU 	1
STR1C 	EQU 	2
STR1D 	EQU 	3
STR1SYNC 	EQU 	4
STRA 	EQU 	0
STRB 	EQU 	1
STRC 	EQU 	2
STRD 	EQU 	3
STRINGPOINTER 	EQU 	40
STRINGTABLE1 	EQU 	1672
STRINGTABLE13 	EQU 	1756
STRINGTABLE20 	EQU 	1758
STRINGTABLE21 	EQU 	1762
STRINGTABLE3 	EQU 	1700
STRINGTABLE4 	EQU 	1706
STRINGTABLE5 	EQU 	1708
STRINGTABLE6 	EQU 	1718
STRINGTABLE7 	EQU 	1726
STRINGTABLE8 	EQU 	1732
STRINGTABLE9 	EQU 	1740
STRSYNC 	EQU 	4
STSRC 	EQU 	4
STUD 	EQU 	6
SUSPND 	EQU 	1
SWDTE 	EQU 	0
SWDTEN 	EQU 	0
SYNC 	EQU 	4
SYSBSR 	EQU 	41
SYSBYTETEMPA 	EQU 	5
SYSBYTETEMPB 	EQU 	9
SYSBYTETEMPX 	EQU 	0
SYSCALCTEMPA 	EQU 	5
SYSCALCTEMPX 	EQU 	0
SYSCOMPLESSTHAN 	EQU 	1552
SYSCOPYSTRING 	EQU 	1562
SYSCOPYSTRINGCHECK 	EQU 	1578
SYSCOPYSTRINGPART 	EQU 	1572
SYSDIV8START 	EQU 	1606
SYSDIVLOOP 	EQU 	4
SYSDIVSUB 	EQU 	1594
SYSDOLOOP_E1 	EQU 	150
SYSDOLOOP_E2 	EQU 	788
SYSDOLOOP_E3 	EQU 	2040
SYSDOLOOP_S1 	EQU 	148
SYSDOLOOP_S2 	EQU 	780
SYSDOLOOP_S3 	EQU 	2032
SYSFORLOOP1 	EQU 	2248
SYSFORLOOP2 	EQU 	2554
SYSFORLOOP3 	EQU 	2656
SYSFORLOOP4 	EQU 	2758
SYSFORLOOP5 	EQU 	3074
SYSFORLOOP6 	EQU 	436
SYSFORLOOP7 	EQU 	368
SYSFORLOOPEND1 	EQU 	2292
SYSFORLOOPEND2 	EQU 	2598
SYSFORLOOPEND3 	EQU 	2700
SYSFORLOOPEND4 	EQU 	2802
SYSFORLOOPEND5 	EQU 	3170
SYSFORLOOPEND6 	EQU 	472
SYSFORLOOPEND7 	EQU 	380
SYSHEX_0 	EQU 	1897
SYSHEX_1 	EQU 	1898
SYSHEX_2 	EQU 	1899
SYSPRINTDATAHANDLER 	EQU 	42
SYSPRINTDATAHANDLER_H 	EQU 	43
SYSPRINTTEMP 	EQU 	44
SYSREADAD10WORD 	EQU 	19
SYSREADAD10WORD_H 	EQU 	21
SYSREADSTRING 	EQU 	1634
SYSREADSTRINGPART 	EQU 	1646
SYSREPEATLOOP1 	EQU 	614
SYSREPEATLOOPEND1 	EQU 	646
SYSREPEATTEMP1 	EQU 	45
SYSSELECT1CASE1 	EQU 	2168
SYSSELECT1CASE2 	EQU 	2186
SYSSELECT1CASE3 	EQU 	2238
SYSSELECT1CASE4 	EQU 	2312
SYSSELECT2CASE1 	EQU 	2194
SYSSELECT2CASE2 	EQU 	2214
SYSSELECT2CASE3 	EQU 	2226
SYSSELECT3CASE1 	EQU 	2352
SYSSELECT3CASE2 	EQU 	2376
SYSSELECT3CASE3 	EQU 	2408
SYSSELECT3CASE4 	EQU 	2442
SYSSELECT4CASE1 	EQU 	2506
SYSSELECT4CASE2 	EQU 	2608
SYSSELECT4CASE3 	EQU 	2710
SYSSELECT4CASE4 	EQU 	2812
SYSSELECT4CASE5 	EQU 	3194
SYSSELECT5CASE1 	EQU 	2916
SYSSELECT5CASE2 	EQU 	2938
SYSSELECT5CASE3 	EQU 	2962
SYSSELECT6CASE1 	EQU 	1344
SYSSELECT6CASE2 	EQU 	1372
SYSSELECT6CASE3 	EQU 	1384
SYSSELECT6CASE4 	EQU 	1396
SYSSELECT6CASE5 	EQU 	1470
SYSSELECT6CASE6 	EQU 	1498
SYSSELECT7CASE1 	EQU 	1032
SYSSELECT7CASE10 	EQU 	1154
SYSSELECT7CASE11 	EQU 	1168
SYSSELECT7CASE12 	EQU 	1182
SYSSELECT7CASE13 	EQU 	1196
SYSSELECT7CASE14 	EQU 	1210
SYSSELECT7CASE15 	EQU 	1224
SYSSELECT7CASE16 	EQU 	1238
SYSSELECT7CASE17 	EQU 	1252
SYSSELECT7CASE2 	EQU 	1044
SYSSELECT7CASE3 	EQU 	1056
SYSSELECT7CASE4 	EQU 	1070
SYSSELECT7CASE5 	EQU 	1084
SYSSELECT7CASE6 	EQU 	1098
SYSSELECT7CASE7 	EQU 	1112
SYSSELECT7CASE8 	EQU 	1126
SYSSELECT7CASE9 	EQU 	1140
SYSSELECTEND1 	EQU 	2312
SYSSELECTEND2 	EQU 	2236
SYSSELECTEND3 	EQU 	2446
SYSSELECTEND4 	EQU 	3200
SYSSELECTEND5 	EQU 	2976
SYSSELECTEND6 	EQU 	1548
SYSSELECTEND7 	EQU 	1264
SYSSTATUS 	EQU 	15
SYSSTRINGA 	EQU 	7
SYSSTRINGA_H 	EQU 	8
SYSSTRINGCOPY 	EQU 	1584
SYSSTRINGLENGTH 	EQU 	6
SYSSTRINGPARAM1 	EQU 	1917
SYSSTRINGPARAM2 	EQU 	1907
SYSSTRINGREAD 	EQU 	1660
SYSSTRINGREADCHECK 	EQU 	1654
SYSSTRINGTABLES 	EQU 	1672
SYSSTRINGTEMP 	EQU 	46
SYSTEMP1 	EQU 	47
SYSTEMP1_H 	EQU 	48
SYSTEMP2 	EQU 	49
SYSUSBTEMPBUFFER_0 	EQU 	1927
SYSUSBTEMPBUFFER_1 	EQU 	1928
SYSUSBTEMPBUFFER_2 	EQU 	1929
SYSUSBTEMPBUFFER_3 	EQU 	1930
SYSUSBTEMPBUFFER_6 	EQU 	1933
SYSUSBTEMPSTRING_0 	EQU 	2005
SYSVALTEMP 	EQU 	50
SYSW 	EQU 	14
SYSWAITLOOP1 	EQU 	2086
SYSWAITLOOP2 	EQU 	686
SYSWAITLOOP3 	EQU 	654
SYSWAITLOOP4 	EQU 	658
SYSWAITLOOP5 	EQU 	1314
SYSWAITTEMP10US 	EQU 	5
SYSWAITTEMPMS 	EQU 	2
SYSWAITTEMPMS_H 	EQU 	3
T08BIT 	EQU 	6
T0CKI 	EQU 	4
T0CON 	EQU 	4053
T0CS 	EQU 	5
T0IE 	EQU 	5
T0IF 	EQU 	2
T0IP 	EQU 	2
T0PS0 	EQU 	0
T0PS1 	EQU 	1
T0PS2 	EQU 	2
T0SE 	EQU 	4
T13CKI 	EQU 	0
T1CKPS0 	EQU 	4
T1CKPS1 	EQU 	5
T1CON 	EQU 	4045
T1DONE 	EQU 	3
T1GCON 	EQU 	4044
T1GGO 	EQU 	3
T1GGO_NOT_DONE 	EQU 	3
T1GGO_NOT_T1DONE 	EQU 	3
T1GPOL 	EQU 	6
T1GSPM 	EQU 	4
T1GSS0 	EQU 	0
T1GSS1 	EQU 	1
T1GTM 	EQU 	5
T1GVAL 	EQU 	2
T1OSCEN 	EQU 	3
T1OSI 	EQU 	1
T1OSO 	EQU 	0
T1RD16 	EQU 	1
T1SOSCEN 	EQU 	3
T1SYNC 	EQU 	2
T2CKPS0 	EQU 	0
T2CKPS1 	EQU 	1
T2CON 	EQU 	4026
T2OUTPS0 	EQU 	3
T2OUTPS1 	EQU 	4
T2OUTPS2 	EQU 	5
T2OUTPS3 	EQU 	6
T3CKPS0 	EQU 	4
T3CKPS1 	EQU 	5
T3CON 	EQU 	4017
T3CON_RD16 	EQU 	1
T3CON_SOSCEN 	EQU 	3
T3DONE 	EQU 	3
T3GCON 	EQU 	4020
T3GGO 	EQU 	3
T3GGO_NOT_DONE 	EQU 	3
T3GGO_NOT_T3DONE 	EQU 	3
T3GPOL 	EQU 	6
T3GSPM 	EQU 	4
T3GSS0 	EQU 	0
T3GSS1 	EQU 	1
T3GTM 	EQU 	5
T3GVAL 	EQU 	2
T3OSCEN 	EQU 	3
T3RD16 	EQU 	1
T3SOSCEN 	EQU 	3
T3SYNC 	EQU 	2
TABLAT 	EQU 	4085
TABLEUSBCONFIGDESCRIPTOR 	EQU 	1918
TABLEUSBDEVICEDESCRIPTOR 	EQU 	1962
TABLEUSBDEVICEQUALDESCRIPTOR 	EQU 	2008
TBLPTR 	EQU 	4086
TBLPTRH 	EQU 	4087
TBLPTRL 	EQU 	4086
TBLPTRU 	EQU 	4088
TGEN 	EQU 	4
TMR0 	EQU 	4054
TMR0H 	EQU 	4055
TMR0IE 	EQU 	5
TMR0IF 	EQU 	2
TMR0IP 	EQU 	2
TMR0L 	EQU 	4054
TMR0ON 	EQU 	7
TMR1 	EQU 	4046
TMR1CS0 	EQU 	6
TMR1CS1 	EQU 	7
TMR1GE 	EQU 	7
TMR1GIE 	EQU 	0
TMR1GIF 	EQU 	0
TMR1GIP 	EQU 	0
TMR1H 	EQU 	4047
TMR1IE 	EQU 	0
TMR1IF 	EQU 	0
TMR1IP 	EQU 	0
TMR1L 	EQU 	4046
TMR1MD 	EQU 	0
TMR1ON 	EQU 	0
TMR2 	EQU 	4028
TMR2IE 	EQU 	1
TMR2IF 	EQU 	1
TMR2IP 	EQU 	1
TMR2MD 	EQU 	1
TMR2ON 	EQU 	2
TMR3 	EQU 	4018
TMR3CS0 	EQU 	6
TMR3CS1 	EQU 	7
TMR3GE 	EQU 	7
TMR3GIE 	EQU 	1
TMR3GIF 	EQU 	1
TMR3GIP 	EQU 	1
TMR3H 	EQU 	4019
TMR3IE 	EQU 	1
TMR3IF 	EQU 	1
TMR3IP 	EQU 	1
TMR3L 	EQU 	4018
TMR3MD 	EQU 	2
TMR3ON 	EQU 	0
TO 	EQU 	3
TOS 	EQU 	4093
TOSH 	EQU 	4094
TOSL 	EQU 	4093
TOSU 	EQU 	4095
TRIGEN 	EQU 	0
TRIGSEL 	EQU 	7
TRISA 	EQU 	3986
TRISA0 	EQU 	0
TRISA1 	EQU 	1
TRISA2 	EQU 	2
TRISA3 	EQU 	3
TRISA4 	EQU 	4
TRISA5 	EQU 	5
TRISA6 	EQU 	6
TRISA7 	EQU 	7
TRISA_RA0 	EQU 	0
TRISA_RA1 	EQU 	1
TRISA_RA2 	EQU 	2
TRISA_RA3 	EQU 	3
TRISA_RA4 	EQU 	4
TRISA_RA5 	EQU 	5
TRISA_RA6 	EQU 	6
TRISA_RA7 	EQU 	7
TRISA_TRISA0 	EQU 	0
TRISA_TRISA1 	EQU 	1
TRISA_TRISA2 	EQU 	2
TRISA_TRISA3 	EQU 	3
TRISA_TRISA4 	EQU 	4
TRISA_TRISA5 	EQU 	5
TRISA_TRISA6 	EQU 	6
TRISA_TRISA7 	EQU 	7
TRISB 	EQU 	3987
TRISB0 	EQU 	0
TRISB1 	EQU 	1
TRISB2 	EQU 	2
TRISB3 	EQU 	3
TRISB4 	EQU 	4
TRISB5 	EQU 	5
TRISB6 	EQU 	6
TRISB7 	EQU 	7
TRISB_RB0 	EQU 	0
TRISB_RB1 	EQU 	1
TRISB_RB2 	EQU 	2
TRISB_RB3 	EQU 	3
TRISB_RB4 	EQU 	4
TRISB_RB5 	EQU 	5
TRISB_RB6 	EQU 	6
TRISB_RB7 	EQU 	7
TRISB_TRISB0 	EQU 	0
TRISB_TRISB1 	EQU 	1
TRISB_TRISB2 	EQU 	2
TRISB_TRISB3 	EQU 	3
TRISB_TRISB4 	EQU 	4
TRISB_TRISB5 	EQU 	5
TRISB_TRISB6 	EQU 	6
TRISB_TRISB7 	EQU 	7
TRISC 	EQU 	3988
TRISC0 	EQU 	0
TRISC1 	EQU 	1
TRISC2 	EQU 	2
TRISC4 	EQU 	4
TRISC5 	EQU 	5
TRISC6 	EQU 	6
TRISC7 	EQU 	7
TRISC_RC0 	EQU 	0
TRISC_RC1 	EQU 	1
TRISC_RC2 	EQU 	2
TRISC_RC6 	EQU 	6
TRISC_RC7 	EQU 	7
TRISC_TRISC0 	EQU 	0
TRISC_TRISC1 	EQU 	1
TRISC_TRISC2 	EQU 	2
TRISC_TRISC4 	EQU 	4
TRISC_TRISC5 	EQU 	5
TRISC_TRISC6 	EQU 	6
TRISC_TRISC7 	EQU 	7
TRMT 	EQU 	1
TRNIE 	EQU 	3
TRNIF 	EQU 	3
TSEN 	EQU 	3
TSRNG 	EQU 	2
TUN0 	EQU 	0
TUN1 	EQU 	1
TUN2 	EQU 	2
TUN3 	EQU 	3
TUN4 	EQU 	4
TUN5 	EQU 	5
TUN6 	EQU 	6
TX 	EQU 	6
TX1IE 	EQU 	4
TX1IF 	EQU 	4
TX1IP 	EQU 	4
TX9 	EQU 	6
TX9D 	EQU 	0
TXCKP 	EQU 	4
TXEN 	EQU 	5
TXIE 	EQU 	4
TXIF 	EQU 	4
TXIP 	EQU 	4
TXREG 	EQU 	4013
TXREG1 	EQU 	4013
TXSTA 	EQU 	4012
TXSTA1 	EQU 	4012
TXSTA1_BRGH 	EQU 	2
TXSTA1_CSRC 	EQU 	7
TXSTA1_SENDB 	EQU 	3
TXSTA1_SYNC 	EQU 	4
TXSTA1_TRMT 	EQU 	1
TXSTA1_TX9 	EQU 	6
TXSTA1_TX9D 	EQU 	0
TXSTA1_TXEN 	EQU 	5
UA 	EQU 	1
UADDR 	EQU 	3939
UART1MD 	EQU 	6
UARTMD 	EQU 	6
UCFG 	EQU 	3938
UCON 	EQU 	3936
UEIE 	EQU 	3942
UEIR 	EQU 	3943
UEP0 	EQU 	3946
UEP0_EPCONDIS 	EQU 	3
UEP0_EPHSHK 	EQU 	4
UEP0_EPINEN 	EQU 	1
UEP0_EPOUTEN 	EQU 	2
UEP0_EPSTALL 	EQU 	0
UEP1 	EQU 	3947
UEP10 	EQU 	3956
UEP10_EPCONDIS 	EQU 	3
UEP10_EPHSHK 	EQU 	4
UEP10_EPINEN 	EQU 	1
UEP10_EPOUTEN 	EQU 	2
UEP10_EPSTALL 	EQU 	0
UEP11 	EQU 	3957
UEP11_EPCONDIS 	EQU 	3
UEP11_EPHSHK 	EQU 	4
UEP11_EPINEN 	EQU 	1
UEP11_EPOUTEN 	EQU 	2
UEP11_EPSTALL 	EQU 	0
UEP12 	EQU 	3958
UEP12_EPCONDIS 	EQU 	3
UEP12_EPHSHK 	EQU 	4
UEP12_EPINEN 	EQU 	1
UEP12_EPOUTEN 	EQU 	2
UEP12_EPSTALL 	EQU 	0
UEP13 	EQU 	3959
UEP13_EPCONDIS 	EQU 	3
UEP13_EPHSHK 	EQU 	4
UEP13_EPINEN 	EQU 	1
UEP13_EPOUTEN 	EQU 	2
UEP13_EPSTALL 	EQU 	0
UEP14 	EQU 	3960
UEP14_EPCONDIS 	EQU 	3
UEP14_EPHSHK 	EQU 	4
UEP14_EPINEN 	EQU 	1
UEP14_EPOUTEN 	EQU 	2
UEP14_EPSTALL 	EQU 	0
UEP15 	EQU 	3961
UEP15_EPCONDIS 	EQU 	3
UEP15_EPHSHK 	EQU 	4
UEP15_EPINEN 	EQU 	1
UEP15_EPOUTEN 	EQU 	2
UEP15_EPSTALL 	EQU 	0
UEP2 	EQU 	3948
UEP2_EPCONDIS 	EQU 	3
UEP2_EPHSHK 	EQU 	4
UEP2_EPINEN 	EQU 	1
UEP2_EPOUTEN 	EQU 	2
UEP2_EPSTALL 	EQU 	0
UEP3 	EQU 	3949
UEP3_EPCONDIS 	EQU 	3
UEP3_EPHSHK 	EQU 	4
UEP3_EPINEN 	EQU 	1
UEP3_EPOUTEN 	EQU 	2
UEP3_EPSTALL 	EQU 	0
UEP4 	EQU 	3950
UEP4_EPCONDIS 	EQU 	3
UEP4_EPHSHK 	EQU 	4
UEP4_EPINEN 	EQU 	1
UEP4_EPOUTEN 	EQU 	2
UEP4_EPSTALL 	EQU 	0
UEP5 	EQU 	3951
UEP5_EPCONDIS 	EQU 	3
UEP5_EPHSHK 	EQU 	4
UEP5_EPINEN 	EQU 	1
UEP5_EPOUTEN 	EQU 	2
UEP5_EPSTALL 	EQU 	0
UEP6 	EQU 	3952
UEP6_EPCONDIS 	EQU 	3
UEP6_EPHSHK 	EQU 	4
UEP6_EPINEN 	EQU 	1
UEP6_EPOUTEN 	EQU 	2
UEP6_EPSTALL 	EQU 	0
UEP7 	EQU 	3953
UEP7_EPCONDIS 	EQU 	3
UEP7_EPHSHK 	EQU 	4
UEP7_EPINEN 	EQU 	1
UEP7_EPOUTEN 	EQU 	2
UEP7_EPSTALL 	EQU 	0
UEP8 	EQU 	3954
UEP8_EPCONDIS 	EQU 	3
UEP8_EPHSHK 	EQU 	4
UEP8_EPINEN 	EQU 	1
UEP8_EPOUTEN 	EQU 	2
UEP8_EPSTALL 	EQU 	0
UEP9 	EQU 	3955
UEP9_EPCONDIS 	EQU 	3
UEP9_EPHSHK 	EQU 	4
UEP9_EPINEN 	EQU 	1
UEP9_EPOUTEN 	EQU 	2
UEP9_EPSTALL 	EQU 	0
UERRIE 	EQU 	1
UERRIF 	EQU 	1
UFRM 	EQU 	3944
UFRMH 	EQU 	3945
UFRML 	EQU 	3944
UIE 	EQU 	3940
UIR 	EQU 	3941
UOEMON 	EQU 	6
UPUEN 	EQU 	4
URSTIE 	EQU 	0
URSTIF 	EQU 	0
USBBMREQUESTTYPE 	EQU 	51
USBBUFFERSTAT 	EQU 	52
USBBUFFERWRITE14 	EQU 	1782
USBBUFFERWRITE15 	EQU 	1814
USBCONFIGDESCRIPTOR 	EQU 	1892
USBCURRBYTE 	EQU 	53
USBCURRCONFIGURATION 	EQU 	54
USBCURRENDPOINT 	EQU 	55
USBDESCINDEX 	EQU 	56
USBDESCSIZEIN 	EQU 	57
USBDESCSTART 	EQU 	58
USBDESCTYPE 	EQU 	59
USBDEVICEDESCRIPTOR 	EQU 	1936
USBDEVICEQUALDESCRIPTOR 	EQU 	1982
USBEN 	EQU 	3
USBHASDATA 	EQU 	60
USBIE 	EQU 	2
USBIF 	EQU 	2
USBINTERRUPTHANDLER 	EQU 	2018
USBIP 	EQU 	2
USBLASTCONTROL 	EQU 	61
USBMD 	EQU 	5
USBNEWADDRESS 	EQU 	62
USBPID 	EQU 	63
USBPROCESSSETUP 	EQU 	2332
USBRAM 	EQU 	1024
USBREQUEST 	EQU 	1928
USBSENDDATA1ACK 	EQU 	2490
USBSENDDESCRIPTOR 	EQU 	2502
USBSIZE 	EQU 	64
USBSTATE 	EQU 	65
USBTEMPBUFFER 	EQU 	1927
USBTEMPBYTE 	EQU 	66
USBTEMPSTRING 	EQU 	2005
USB_CNT_POINTER 	EQU 	67
USB_IN0_ADDR 	EQU 	1030
USB_IN0_ADDR_H 	EQU 	1031
USB_IN0_CNT 	EQU 	1029
USB_IN0_STAT 	EQU 	1028
USB_OUT0_ADDR 	EQU 	1026
USB_OUT0_ADDR_H 	EQU 	1027
USB_OUT0_CNT 	EQU 	1025
USB_OUT0_STAT 	EQU 	1024
USTAT 	EQU 	3937
UTEYE 	EQU 	7
UTRDIS 	EQU 	3
VDIRMAG 	EQU 	7
VERSIONSTRING 	EQU 	1964
VREFCON0 	EQU 	3965
VREFCON1 	EQU 	3964
VREFCON2 	EQU 	3963
VREFM 	EQU 	2
VREFP 	EQU 	3
W 	EQU 	0
WCOL 	EQU 	7
WDTCON 	EQU 	4049
WPUB 	EQU 	3973
WPUB0 	EQU 	0
WPUB1 	EQU 	1
WPUB2 	EQU 	2
WPUB3 	EQU 	3
WPUB4 	EQU 	4
WPUB5 	EQU 	5
WPUB6 	EQU 	6
WPUB7 	EQU 	7
WR 	EQU 	1
WREG 	EQU 	4072
WREN 	EQU 	2
WRERR 	EQU 	3
WUE 	EQU 	1
Z 	EQU 	2
_USBINVALUE 	EQU 	68
_USBINVALUE_H 	EQU 	69

Code:
Loc	Obj Code	Original Assembly











































































































000000	EF06 F000	GOTO BASPROGRAMSTART

000008	D1A0	BRA INTERRUPT



		BASPROGRAMSTART
00000C	D94B	RCALL INITSYS
00000E	D961	RCALL INITUSART
000010	D96C	RCALL INITUSB
000012	8EF2	BSF INTCON,GIE,ACCESS
000014	8CF2	BSF INTCON,PEIE,ACCESS

000016	9A93	BCF TRISB,5,ACCESS
000018	9893	BCF TRISB,4,ACCESS
00001A	D88A	RCALL FN_GCBBUILDSTR
00001C	EE17 F0AC	LFSR 1,VERSIONSTRING
000020	6A06	CLRF SYSSTRINGLENGTH,ACCESS
000022	0EA4	MOVLW LOW STRINGTABLE3
000024	6EF6	MOVWF TBLPTRL,ACCESS
000026	0E06	MOVLW HIGH STRINGTABLE3
000028	6EF7	MOVWF TBLPTRH,ACCESS
00002A	DB21	RCALL SYSREADSTRINGPART
00002C	EE07 F06D	LFSR 0,GCBBUILDSTR
000030	DAF9	RCALL SYSCOPYSTRINGPART
000032	EE07 F0AC	LFSR 0,VERSIONSTRING
000036	C006 FFEF	MOVFF SYSSTRINGLENGTH, INDF0
00003A	D881	RCALL FN_GCBBUILDTIMESTR
00003C	EE17 F0AC	LFSR 1,VERSIONSTRING
000040	6A06	CLRF SYSSTRINGLENGTH,ACCESS
000042	EE07 F0AC	LFSR 0,VERSIONSTRING
000046	DAEE	RCALL SYSCOPYSTRINGPART
000048	0EAA	MOVLW LOW STRINGTABLE4
00004A	6EF6	MOVWF TBLPTRL,ACCESS
00004C	0E06	MOVLW HIGH STRINGTABLE4
00004E	6EF7	MOVWF TBLPTRH,ACCESS
000050	DB0E	RCALL SYSREADSTRINGPART
000052	EE07 F098	LFSR 0,GCBBUILDTIMESTR
000056	DAE6	RCALL SYSCOPYSTRINGPART
000058	EE07 F0AC	LFSR 0,VERSIONSTRING
00005C	C006 FFEF	MOVFF SYSSTRINGLENGTH, INDF0
000060	EE17 F07D	LFSR 1,SYSSTRINGPARAM1
000064	0EAC	MOVLW LOW STRINGTABLE5
000066	6EF6	MOVWF TBLPTRL,ACCESS
000068	0E06	MOVLW HIGH STRINGTABLE5
00006A	6EF7	MOVWF TBLPTRH,ACCESS
00006C	DAFA	RCALL SYSREADSTRING
00006E	0E7D	MOVLW LOW SYSSTRINGPARAM1
000070	6F2A	MOVWF SYSPRINTDATAHANDLER,BANKED
000072	0E07	MOVLW HIGH SYSSTRINGPARAM1
000074	6F2B	MOVWF SYSPRINTDATAHANDLER_H,BANKED
000076	0E01	MOVLW 1
000078	6F0B	MOVWF COMPORT,BANKED
00007A	D88E	RCALL HSERPRINT270
00007C	0EAC	MOVLW LOW VERSIONSTRING
00007E	6F2A	MOVWF SYSPRINTDATAHANDLER,BANKED
000080	0E07	MOVLW HIGH VERSIONSTRING
000082	6F2B	MOVWF SYSPRINTDATAHANDLER_H,BANKED
000084	0E01	MOVLW 1
000086	6F0B	MOVWF COMPORT,BANKED
000088	D887	RCALL HSERPRINT270
00008A	0E01	MOVLW 1
00008C	6F0C	MOVWF HSERPRINTCRLFCOUNT,BANKED
00008E	0E01	MOVLW 1
000090	6F0B	MOVWF COMPORT,BANKED
000092	D8E4	RCALL HSERPRINTCRLF
		SYSDOLOOP_S1
000094	D7FF	BRA SYSDOLOOP_S1
		SYSDOLOOP_E1
000096	D000	BRA BASPROGRAMEND
		BASPROGRAMEND
000098	0003	SLEEP
00009A	D7FE	BRA BASPROGRAMEND


		DESCRIPTORHANDLER_CALLBACK
00009C	EE17 F073	LFSR 1,SYSSTRINGPARAM2
0000A0	0EC4	MOVLW LOW STRINGTABLE8
0000A2	6EF6	MOVWF TBLPTRL,ACCESS
0000A4	0E06	MOVLW HIGH STRINGTABLE8
0000A6	6EF7	MOVWF TBLPTRH,ACCESS
0000A8	DADC	RCALL SYSREADSTRING
0000AA	0E73	MOVLW LOW SYSSTRINGPARAM2
0000AC	6F2A	MOVWF SYSPRINTDATAHANDLER,BANKED
0000AE	0E07	MOVLW HIGH SYSSTRINGPARAM2
0000B0	6F2B	MOVWF SYSPRINTDATAHANDLER_H,BANKED
0000B2	0E01	MOVLW 1
0000B4	6F0B	MOVWF COMPORT,BANKED
0000B6	D870	RCALL HSERPRINT270
0000B8	C03B F027	MOVFF USBDESCTYPE,SERPRINTVAL
0000BC	0E01	MOVLW 1
0000BE	6F0B	MOVWF COMPORT,BANKED
0000C0	D88C	RCALL HSERPRINT271
0000C2	0E01	MOVLW 1
0000C4	6F0C	MOVWF HSERPRINTCRLFCOUNT,BANKED
0000C6	0E01	MOVLW 1
0000C8	6F0B	MOVWF COMPORT,BANKED
0000CA	D0C8	BRA HSERPRINTCRLF


		DELAY_10US
		D10US_START
0000CC	0E27	MOVLW 39
0000CE	6E00	MOVWF DELAYTEMP,ACCESS
		DELAYUS0
0000D0	2E00	DECFSZ DELAYTEMP,F,ACCESS
0000D2	D7FE	BRA DELAYUS0
0000D4	2E05	DECFSZ SYSWAITTEMP10US, F,ACCESS
0000D6	D7FA	BRA D10US_START
0000D8	0012	RETURN


		DELAY_MS
0000DA	2A03	INCF SYSWAITTEMPMS_H, F,ACCESS
		DMS_START
0000DC	0EB3	MOVLW 179
0000DE	6E01	MOVWF DELAYTEMP2,ACCESS
		DMS_OUTER
0000E0	0E15	MOVLW 21
0000E2	6E00	MOVWF DELAYTEMP,ACCESS
		DMS_INNER
0000E4	2E00	DECFSZ DELAYTEMP, F,ACCESS
0000E6	D7FE	BRA DMS_INNER
0000E8	2E01	DECFSZ DELAYTEMP2, F,ACCESS
0000EA	D7FA	BRA DMS_OUTER
0000EC	2E02	DECFSZ SYSWAITTEMPMS, F,ACCESS
0000EE	D7F6	BRA DMS_START
0000F0	2E03	DECFSZ SYSWAITTEMPMS_H, F,ACCESS
0000F2	D7F4	BRA DMS_START
0000F4	0012	RETURN


		ERRORHANDLER_CALLBACK
0000F6	EE17 F073	LFSR 1,SYSSTRINGPARAM2
0000FA	0EB6	MOVLW LOW STRINGTABLE6
0000FC	6EF6	MOVWF TBLPTRL,ACCESS
0000FE	0E06	MOVLW HIGH STRINGTABLE6
000100	6EF7	MOVWF TBLPTRH,ACCESS
000102	DAAF	RCALL SYSREADSTRING
000104	0E73	MOVLW LOW SYSSTRINGPARAM2
000106	6F2A	MOVWF SYSPRINTDATAHANDLER,BANKED
000108	0E07	MOVLW HIGH SYSSTRINGPARAM2
00010A	6F2B	MOVWF SYSPRINTDATAHANDLER_H,BANKED
00010C	0E01	MOVLW 1
00010E	6F0B	MOVWF COMPORT,BANKED
000110	D843	RCALL HSERPRINT270
000112	CF67 F032	MOVFF UEIR,SYSVALTEMP
000116	D81A	RCALL FN_HEX
000118	0E69	MOVLW LOW HEX
00011A	6F2A	MOVWF SYSPRINTDATAHANDLER,BANKED
00011C	0E07	MOVLW HIGH HEX
00011E	6F2B	MOVWF SYSPRINTDATAHANDLER_H,BANKED
000120	0E01	MOVLW 1
000122	6F0B	MOVWF COMPORT,BANKED
000124	D839	RCALL HSERPRINT270
000126	0E01	MOVLW 1
000128	6F0C	MOVWF HSERPRINTCRLFCOUNT,BANKED
00012A	0E01	MOVLW 1
00012C	6F0B	MOVWF COMPORT,BANKED
00012E	D096	BRA HSERPRINTCRLF


		FN_GCBBUILDSTR
000130	EE17 F06D	LFSR 1,GCBBUILDSTR
000134	0EDE	MOVLW LOW STRINGTABLE20
000136	6EF6	MOVWF TBLPTRL,ACCESS
000138	0E06	MOVLW HIGH STRINGTABLE20
00013A	6EF7	MOVWF TBLPTRH,ACCESS
00013C	D292	BRA SYSREADSTRING


		FN_GCBBUILDTIMESTR
00013E	EE17 F098	LFSR 1,GCBBUILDTIMESTR
000142	0EE2	MOVLW LOW STRINGTABLE21
000144	6EF6	MOVWF TBLPTRL,ACCESS
000146	0E06	MOVLW HIGH STRINGTABLE21
000148	6EF7	MOVWF TBLPTRH,ACCESS
00014A	D28B	BRA SYSREADSTRING


		FN_HEX
00014C	0E02	MOVLW 2
000000	0107	BANKSEL SYSHEX_0
000150	6F69	MOVWF SYSHEX_0,BANKED
000152	0E0F	MOVLW 15
000000	0100	BANKSEL SYSVALTEMP
000156	1532	ANDWF SYSVALTEMP,W,BANKED
000158	6F2E	MOVWF SYSSTRINGTEMP,BANKED
00015A	0809	SUBLW 9
00015C	B0D8	BTFSC STATUS, C,ACCESS
00015E	D002	BRA ENDIF46
000160	0E07	MOVLW 7
000162	272E	ADDWF SYSSTRINGTEMP,F,BANKED
		ENDIF46
000164	0E30	MOVLW 48
000166	252E	ADDWF SYSSTRINGTEMP,W,BANKED
000000	0107	BANKSEL SYSHEX_2
00016A	6F6B	MOVWF SYSHEX_2,BANKED
000000	0100	BANKSEL SYSSTRINGTEMP
00016E	6B2E	CLRF SYSSTRINGTEMP,BANKED
		SYSFORLOOP7
000170	2B2E	INCF SYSSTRINGTEMP,F,BANKED
000172	3332	RRCF SYSVALTEMP,F,BANKED
000174	0E04	MOVLW 4
000176	5D2E	SUBWF SYSSTRINGTEMP,W,BANKED
000178	A0D8	BTFSS STATUS, C,ACCESS
00017A	D7FA	BRA SYSFORLOOP7
		ENDIF47
		SYSFORLOOPEND7
00017C	0E0F	MOVLW 15
00017E	1532	ANDWF SYSVALTEMP,W,BANKED
000180	6F2E	MOVWF SYSSTRINGTEMP,BANKED
000182	0809	SUBLW 9
000184	B0D8	BTFSC STATUS, C,ACCESS
000186	D002	BRA ENDIF48
000188	0E07	MOVLW 7
00018A	272E	ADDWF SYSSTRINGTEMP,F,BANKED
		ENDIF48
00018C	0E30	MOVLW 48
00018E	252E	ADDWF SYSSTRINGTEMP,W,BANKED
000000	0107	BANKSEL SYSHEX_1
000192	6F6A	MOVWF SYSHEX_1,BANKED
000000	0100	BANKSEL 0
000196	0012	RETURN


		HSERPRINT270
000198	C02A FFE9	MOVFF SYSPRINTDATAHANDLER,AFSR0
00019C	C02B FFEA	MOVFF SYSPRINTDATAHANDLER_H,AFSR0_H
0001A0	CFEF F012	MOVFF INDF0,PRINTLEN
0001A4	5312	MOVF PRINTLEN,F,BANKED
0001A6	B4D8	BTFSC STATUS, Z,ACCESS
0001A8	D017	BRA ENDIF34
0001AA	6B2C	CLRF SYSPRINTTEMP,BANKED
0001AC	0E01	MOVLW 1
0001AE	5D12	SUBWF PRINTLEN,W,BANKED
0001B0	A0D8	BTFSS STATUS, C,ACCESS
0001B2	D012	BRA SYSFORLOOPEND6
		ENDIF35
		SYSFORLOOP6
0001B4	2B2C	INCF SYSPRINTTEMP,F,BANKED
0001B6	512C	MOVF SYSPRINTTEMP,W,BANKED
0001B8	252A	ADDWF SYSPRINTDATAHANDLER,W,BANKED
0001BA	6EE9	MOVWF AFSR0,ACCESS
0001BC	0E00	MOVLW 0
0001BE	212B	ADDWFC SYSPRINTDATAHANDLER_H,W,BANKED
0001C0	6EEA	MOVWF AFSR0_H,ACCESS
0001C2	CFEF F026	MOVFF INDF0,SERDATA
0001C6	D860	RCALL HSERSEND
0001C8	0E01	MOVLW 1
0001CA	6E02	MOVWF SYSWAITTEMPMS,ACCESS
0001CC	6A03	CLRF SYSWAITTEMPMS_H,ACCESS
0001CE	DF85	RCALL DELAY_MS
0001D0	5112	MOVF PRINTLEN,W,BANKED
0001D2	5D2C	SUBWF SYSPRINTTEMP,W,BANKED
0001D4	A0D8	BTFSS STATUS, C,ACCESS
0001D6	D7EE	BRA SYSFORLOOP6
		ENDIF36
		SYSFORLOOPEND6
		ENDIF34
0001D8	0012	RETURN


		HSERPRINT271
0001DA	6B10	CLRF OUTVALUETEMP,BANKED
0001DC	0E64	MOVLW 100
0001DE	5D27	SUBWF SERPRINTVAL,W,BANKED
0001E0	A0D8	BTFSS STATUS, C,ACCESS
0001E2	D011	BRA ENDIF49
0001E4	C027 F005	MOVFF SERPRINTVAL,SYSBYTETEMPA
0001E8	0E64	MOVLW 100
0001EA	6E09	MOVWF SYSBYTETEMPB,ACCESS
0001EC	DA26	RCALL SYSDIVSUB
0001EE	C005 F010	MOVFF SYSBYTETEMPA,OUTVALUETEMP
0001F2	C000 F027	MOVFF SYSCALCTEMPX,SERPRINTVAL
0001F6	0E30	MOVLW 48
0001F8	2510	ADDWF OUTVALUETEMP,W,BANKED
0001FA	6F26	MOVWF SERDATA,BANKED
0001FC	D845	RCALL HSERSEND
0001FE	0E01	MOVLW 1
000200	6E02	MOVWF SYSWAITTEMPMS,ACCESS
000202	6A03	CLRF SYSWAITTEMPMS_H,ACCESS
000204	DF6A	RCALL DELAY_MS
		ENDIF49
000206	C010 F009	MOVFF OUTVALUETEMP,SYSBYTETEMPB
00020A	6A05	CLRF SYSBYTETEMPA,ACCESS
00020C	DA01	RCALL SYSCOMPLESSTHAN
00020E	C000 F031	MOVFF SYSBYTETEMPX,SYSTEMP2
000212	C027 F005	MOVFF SERPRINTVAL,SYSBYTETEMPA
000216	0E0A	MOVLW 10
000218	6E09	MOVWF SYSBYTETEMPB,ACCESS
00021A	D9FA	RCALL SYSCOMPLESSTHAN
00021C	1E00	COMF SYSBYTETEMPX,F,ACCESS
00021E	5131	MOVF SYSTEMP2,W,BANKED
000220	1000	IORWF SYSBYTETEMPX,W,ACCESS
000222	6F2F	MOVWF SYSTEMP1,BANKED
000224	A12F	BTFSS SYSTEMP1,0,BANKED
000226	D011	BRA ENDIF50
000228	C027 F005	MOVFF SERPRINTVAL,SYSBYTETEMPA
00022C	0E0A	MOVLW 10
00022E	6E09	MOVWF SYSBYTETEMPB,ACCESS
000230	DA04	RCALL SYSDIVSUB
000232	C005 F010	MOVFF SYSBYTETEMPA,OUTVALUETEMP
000236	C000 F027	MOVFF SYSCALCTEMPX,SERPRINTVAL
00023A	0E30	MOVLW 48
00023C	2510	ADDWF OUTVALUETEMP,W,BANKED
00023E	6F26	MOVWF SERDATA,BANKED
000240	D823	RCALL HSERSEND
000242	0E01	MOVLW 1
000244	6E02	MOVWF SYSWAITTEMPMS,ACCESS
000246	6A03	CLRF SYSWAITTEMPMS_H,ACCESS
000248	DF48	RCALL DELAY_MS
		ENDIF50
00024A	0E30	MOVLW 48
00024C	2527	ADDWF SERPRINTVAL,W,BANKED
00024E	6F26	MOVWF SERDATA,BANKED
000250	D81B	RCALL HSERSEND
000252	0E01	MOVLW 1
000254	6E02	MOVWF SYSWAITTEMPMS,ACCESS
000256	6A03	CLRF SYSWAITTEMPMS_H,ACCESS
000258	DF40	RCALL DELAY_MS
00025A	0012	RETURN


		HSERPRINTCRLF
00025C	C00C F02D	MOVFF HSERPRINTCRLFCOUNT,SYSREPEATTEMP1
000260	532D	MOVF SYSREPEATTEMP1,F,BANKED
000262	B4D8	BTFSC STATUS, Z,ACCESS
000264	D010	BRA SYSREPEATLOOPEND1
		SYSREPEATLOOP1
000266	0E0D	MOVLW 13
000268	6F26	MOVWF SERDATA,BANKED
00026A	D80E	RCALL HSERSEND
00026C	0E01	MOVLW 1
00026E	6E02	MOVWF SYSWAITTEMPMS,ACCESS
000270	6A03	CLRF SYSWAITTEMPMS_H,ACCESS
000272	DF33	RCALL DELAY_MS
000274	0E0A	MOVLW 10
000276	6F26	MOVWF SERDATA,BANKED
000278	D807	RCALL HSERSEND
00027A	0E01	MOVLW 1
00027C	6E02	MOVWF SYSWAITTEMPMS,ACCESS
00027E	6A03	CLRF SYSWAITTEMPMS_H,ACCESS
000280	DF2C	RCALL DELAY_MS
000282	2F2D	DECFSZ SYSREPEATTEMP1,F,BANKED
000284	D7F0	BRA SYSREPEATLOOP1
		SYSREPEATLOOPEND1
000286	0012	RETURN


		HSERSEND
000288	050B	DECF COMPORT,W,BANKED
00028A	A4D8	BTFSS STATUS, Z,ACCESS
00028C	D00A	BRA ENDIF33
		SYSWAITLOOP3
00028E	A89E	BTFSS PIR1,TXIF,ACCESS
000290	D7FE	BRA SYSWAITLOOP3
		SYSWAITLOOP4
000292	A89E	BTFSS PIR1,TX1IF,ACCESS
000294	D7FE	BRA SYSWAITLOOP4
000296	C026 FFAD	MOVFF SERDATA,TXREG
00029A	0012	RETURN
00029C	C026 FFAD	MOVFF SERDATA,TXREG1
0002A0	0012	RETURN
		ENDIF33
0002A2	0012	RETURN


		INITSYS
0002A4	8CD3	BSF OSCCON,IRCF2,ACCESS
0002A6	8AD3	BSF OSCCON,IRCF1,ACCESS
0002A8	88D3	BSF OSCCON,IRCF0,ACCESS
0002AA	8E9B	BSF OSCTUNE,SPLLMULT,ACCESS
0002AC	88D2	BSF OSCCON2,PLLEN,ACCESS
		SYSWAITLOOP2
0002AE	AED2	BTFSS OSCCON2,PLLRDY,ACCESS
0002B0	D7FE	BRA SYSWAITLOOP2
0002B2	6AE0	CLRF BSR,ACCESS
0002B4	6AF8	CLRF TBLPTRU,ACCESS
0002B6	9EC0	BCF ADCON2,ADFM,ACCESS
0002B8	90C2	BCF ADCON0,ADON,ACCESS
000000	010F	BANKSEL ANSELA
0002BC	6B5B	CLRF ANSELA,BANKED
0002BE	6B5C	CLRF ANSELB,BANKED
0002C0	6B5D	CLRF ANSELC,BANKED
0002C2	9E99	BCF CM2CON0,C2ON,ACCESS
0002C4	9E98	BCF CM1CON0,C1ON,ACCESS
0002C6	6A80	CLRF PORTA,ACCESS
0002C8	6A81	CLRF PORTB,ACCESS
0002CA	6A82	CLRF PORTC,ACCESS
0002CC	6A84	CLRF PORTE,ACCESS
000000	0100	BANKSEL 0
0002D0	0012	RETURN


		INITUSART
0002D2	0E01	MOVLW 1
0002D4	6F0B	MOVWF COMPORT,BANKED
0002D6	0E67	MOVLW 103
0002D8	6EAF	MOVWF SPBRG,ACCESS
0002DA	6AB0	CLRF SPBRGH,ACCESS
0002DC	86B8	BSF BAUDCON,BRG16,ACCESS
0002DE	84AC	BSF TXSTA,BRGH,ACCESS
0002E0	98AC	BCF TXSTA,SYNC,ACCESS
0002E2	8EAB	BSF RCSTA,SPEN,ACCESS
0002E4	88AB	BSF RCSTA,CREN,ACCESS
0002E6	8AAC	BSF TXSTA,TXEN,ACCESS
0002E8	0012	RETURN


		INITUSB
0002EA	0E02	MOVLW 2
0002EC	6E02	MOVWF SYSWAITTEMPMS,ACCESS
0002EE	6A03	CLRF SYSWAITTEMPMS_H,ACCESS
0002F0	DEF4	RCALL DELAY_MS
0002F2	0E7F	MOVLW 127
0002F4	6E64	MOVWF UIE,ACCESS
0002F6	0E9F	MOVLW 159
0002F8	6E66	MOVWF UEIE,ACCESS
0002FA	84A3	BSF PIE3,USBIE,ACCESS
0002FC	8462	BSF UCFG,FSEN,ACCESS
0002FE	9662	BCF UCFG,UTRDIS,ACCESS
000300	8862	BSF UCFG,UPUEN,ACCESS
000302	0E08	MOVLW 8
000000	0104	BANKSEL USB_OUT0_STAT
000306	6F00	MOVWF USB_OUT0_STAT,BANKED
000308	0E08	MOVLW 8
00030A	6F04	MOVWF USB_IN0_STAT,BANKED
		SYSDOLOOP_S2
00030C	A665	BTFSS UIR,TRNIF,ACCESS
00030E	D002	BRA SYSDOLOOP_E2
000310	9665	BCF UIR,TRNIF,ACCESS
000312	D7FC	BRA SYSDOLOOP_S2
		SYSDOLOOP_E2
000314	6A6A	CLRF UEP0,ACCESS
000316	0E40	MOVLW 64
000318	6F06	MOVWF USB_IN0_ADDR,BANKED
00031A	0E04	MOVLW 4
00031C	6F07	MOVWF USB_IN0_ADDR_H,BANKED
00031E	0EC0	MOVLW 192
000320	6F02	MOVWF USB_OUT0_ADDR,BANKED
000322	0E04	MOVLW 4
000324	6F03	MOVWF USB_OUT0_ADDR_H,BANKED
000326	6B05	CLRF USB_IN0_CNT,BANKED
000328	0E80	MOVLW 128
00032A	6F01	MOVWF USB_OUT0_CNT,BANKED
00032C	0E08	MOVLW 8
00032E	6F04	MOVWF USB_IN0_STAT,BANKED
000330	0E88	MOVLW 136
000332	6F00	MOVWF USB_OUT0_STAT,BANKED
000334	9860	BCF UCON,PKTDIS,ACCESS
000336	0E16	MOVLW 22
000338	6E6A	MOVWF UEP0,ACCESS
00033A	6A65	CLRF UIR,ACCESS
00033C	6A67	CLRF UEIR,ACCESS
00033E	6A63	CLRF UADDR,ACCESS
000000	0100	BANKSEL USBSTATE
000342	6B41	CLRF USBSTATE,BANKED
000344	6B36	CLRF USBCURRCONFIGURATION,BANKED
000346	8660	BSF UCON,USBEN,ACCESS
000348	0012	RETURN


		INTERRUPT
00034A	CFE8 F00E	MOVFF WREG,SYSW
00034E	CFD8 F00F	MOVFF STATUS,SYSSTATUS
000352	CFE0 F029	MOVFF BSR,SYSBSR
000356	C02F F021	MOVFF SYSTEMP1,SAVESYSTEMP1
00035A	C005 F01B	MOVFF SYSBYTETEMPA,SAVESYSBYTETEMPA
00035E	C009 F01C	MOVFF SYSBYTETEMPB,SAVESYSBYTETEMPB
000362	CFE9 F018	MOVFF FSR0L,SAVEFSR0L
000366	CFEA F017	MOVFF FSR0H,SAVEFSR0H
00036A	C000 F01D	MOVFF SYSBYTETEMPX,SAVESYSBYTETEMPX
00036E	C004 F01E	MOVFF SYSDIVLOOP,SAVESYSDIVLOOP
000372	C031 F023	MOVFF SYSTEMP2,SAVESYSTEMP2
000376	CFE1 F01A	MOVFF FSR1L,SAVEFSR1L
00037A	CFE2 F019	MOVFF FSR1H,SAVEFSR1H
00037E	C006 F020	MOVFF SYSSTRINGLENGTH,SAVESYSSTRINGLENGTH
000382	C002 F024	MOVFF SYSWAITTEMPMS,SAVESYSWAITTEMPMS
000386	C003 F025	MOVFF SYSWAITTEMPMS_H,SAVESYSWAITTEMPMS_H
00038A	C001 F016	MOVFF DELAYTEMP2,SAVEDELAYTEMP2
00038E	C030 F022	MOVFF SYSTEMP1_H,SAVESYSTEMP1_H
000392	C007 F01F	MOVFF SYSSTRINGA,SAVESYSSTRINGA
000396	A4A3	BTFSS PIE3,USBIE,ACCESS
000398	D005	BRA NOTUSBIF
00039A	A4A4	BTFSS PIR3,USBIF,ACCESS
00039C	D003	BRA NOTUSBIF
00039E	DA21	RCALL USBINTERRUPTHANDLER
0003A0	94A4	BCF PIR3,USBIF,ACCESS
0003A2	D000	BRA INTERRUPTDONE
		NOTUSBIF
		INTERRUPTDONE
0003A4	C021 F02F	MOVFF SAVESYSTEMP1,SYSTEMP1
0003A8	C01B F005	MOVFF SAVESYSBYTETEMPA,SYSBYTETEMPA
0003AC	C01C F009	MOVFF SAVESYSBYTETEMPB,SYSBYTETEMPB
0003B0	C018 FFE9	MOVFF SAVEFSR0L,FSR0L
0003B4	C017 FFEA	MOVFF SAVEFSR0H,FSR0H
0003B8	C01D F000	MOVFF SAVESYSBYTETEMPX,SYSBYTETEMPX
0003BC	C01E F004	MOVFF SAVESYSDIVLOOP,SYSDIVLOOP
0003C0	C023 F031	MOVFF SAVESYSTEMP2,SYSTEMP2
0003C4	C01A FFE1	MOVFF SAVEFSR1L,FSR1L
0003C8	C019 FFE2	MOVFF SAVEFSR1H,FSR1H
0003CC	C020 F006	MOVFF SAVESYSSTRINGLENGTH,SYSSTRINGLENGTH
0003D0	C024 F002	MOVFF SAVESYSWAITTEMPMS,SYSWAITTEMPMS
0003D4	C025 F003	MOVFF SAVESYSWAITTEMPMS_H,SYSWAITTEMPMS_H
0003D8	C016 F001	MOVFF SAVEDELAYTEMP2,DELAYTEMP2
0003DC	C022 F030	MOVFF SAVESYSTEMP1_H,SYSTEMP1_H
0003E0	C01F F007	MOVFF SAVESYSSTRINGA,SYSSTRINGA
0003E4	C00E FFE8	MOVFF SYSW,WREG
0003E8	C00F FFD8	MOVFF SYSSTATUS,STATUS
0003EC	C029 FFE0	MOVFF SYSBSR,BSR
0003F0	0010	RETFIE 0


		FN_PEEK
0003F2	CFEA FFEA	MOVFF MEMADR_H,FSR0H
0003F6	CFE9 FFE9	MOVFF MEMADR,FSR0L
0003FA	CFEF F011	MOVFF INDF0,PEEK
0003FE	0012	RETURN


		POKE
000400	C00D FFEF	MOVFF MEMDATA,INDF0
000404	0012	RETURN


		FN_READAD1022
000406	8EC0	BSF ADCON2,ADFM,ACCESS
		SYSSELECT7CASE1
000408	530A	MOVF ADREADPORT,F,BANKED
00040A	A4D8	BTFSS STATUS, Z,ACCESS
00040C	D003	BRA SYSSELECT7CASE2
000000	010F	BANKSEL ANSELA
000410	815B	BSF ANSELA,0,BANKED
000412	D06E	BRA SYSSELECTEND7
		SYSSELECT7CASE2
000414	050A	DECF ADREADPORT,W,BANKED
000416	A4D8	BTFSS STATUS, Z,ACCESS
000418	D003	BRA SYSSELECT7CASE3
000000	010F	BANKSEL ANSELA
00041C	835B	BSF ANSELA,1,BANKED
00041E	D068	BRA SYSSELECTEND7
		SYSSELECT7CASE3
000420	0E02	MOVLW 2
000422	5D0A	SUBWF ADREADPORT,W,BANKED
000424	A4D8	BTFSS STATUS, Z,ACCESS
000426	D003	BRA SYSSELECT7CASE4
000000	010F	BANKSEL ANSELA
00042A	855B	BSF ANSELA,2,BANKED
00042C	D061	BRA SYSSELECTEND7
		SYSSELECT7CASE4
00042E	0E03	MOVLW 3
000430	5D0A	SUBWF ADREADPORT,W,BANKED
000432	A4D8	BTFSS STATUS, Z,ACCESS
000434	D003	BRA SYSSELECT7CASE5
000000	010F	BANKSEL ANSELA
000438	875B	BSF ANSELA,3,BANKED
00043A	D05A	BRA SYSSELECTEND7
		SYSSELECT7CASE5
00043C	0E04	MOVLW 4
00043E	5D0A	SUBWF ADREADPORT,W,BANKED
000440	A4D8	BTFSS STATUS, Z,ACCESS
000442	D003	BRA SYSSELECT7CASE6
000000	010F	BANKSEL ANSELA
000446	8B5B	BSF ANSELA,5,BANKED
000448	D053	BRA SYSSELECTEND7
		SYSSELECT7CASE6
00044A	0E0C	MOVLW 12
00044C	5D0A	SUBWF ADREADPORT,W,BANKED
00044E	A4D8	BTFSS STATUS, Z,ACCESS
000450	D003	BRA SYSSELECT7CASE7
000000	010F	BANKSEL ANSELB
000454	815C	BSF ANSELB,0,BANKED
000456	D04C	BRA SYSSELECTEND7
		SYSSELECT7CASE7
000458	0E0A	MOVLW 10
00045A	5D0A	SUBWF ADREADPORT,W,BANKED
00045C	A4D8	BTFSS STATUS, Z,ACCESS
00045E	D003	BRA SYSSELECT7CASE8
000000	010F	BANKSEL ANSELB
000462	835C	BSF ANSELB,1,BANKED
000464	D045	BRA SYSSELECTEND7
		SYSSELECT7CASE8
000466	0E08	MOVLW 8
000468	5D0A	SUBWF ADREADPORT,W,BANKED
00046A	A4D8	BTFSS STATUS, Z,ACCESS
00046C	D003	BRA SYSSELECT7CASE9
000000	010F	BANKSEL ANSELB
000470	855C	BSF ANSELB,2,BANKED
000472	D03E	BRA SYSSELECTEND7
		SYSSELECT7CASE9
000474	0E09	MOVLW 9
000476	5D0A	SUBWF ADREADPORT,W,BANKED
000478	A4D8	BTFSS STATUS, Z,ACCESS
00047A	D003	BRA SYSSELECT7CASE10
000000	010F	BANKSEL ANSELB
00047E	875C	BSF ANSELB,3,BANKED
000480	D037	BRA SYSSELECTEND7
		SYSSELECT7CASE10
000482	0E0B	MOVLW 11
000484	5D0A	SUBWF ADREADPORT,W,BANKED
000486	A4D8	BTFSS STATUS, Z,ACCESS
000488	D003	BRA SYSSELECT7CASE11
000000	010F	BANKSEL ANSELB
00048C	895C	BSF ANSELB,4,BANKED
00048E	D030	BRA SYSSELECTEND7
		SYSSELECT7CASE11
000490	0E0D	MOVLW 13
000492	5D0A	SUBWF ADREADPORT,W,BANKED
000494	A4D8	BTFSS STATUS, Z,ACCESS
000496	D003	BRA SYSSELECT7CASE12
000000	010F	BANKSEL ANSELB
00049A	8B5C	BSF ANSELB,5,BANKED
00049C	D029	BRA SYSSELECTEND7
		SYSSELECT7CASE12
00049E	0E0E	MOVLW 14
0004A0	5D0A	SUBWF ADREADPORT,W,BANKED
0004A2	A4D8	BTFSS STATUS, Z,ACCESS
0004A4	D003	BRA SYSSELECT7CASE13
000000	010F	BANKSEL ANSELC
0004A8	855D	BSF ANSELC,2,BANKED
0004AA	D022	BRA SYSSELECTEND7
		SYSSELECT7CASE13
0004AC	0E0F	MOVLW 15
0004AE	5D0A	SUBWF ADREADPORT,W,BANKED
0004B0	A4D8	BTFSS STATUS, Z,ACCESS
0004B2	D003	BRA SYSSELECT7CASE14
000000	010F	BANKSEL ANSELC
0004B6	875D	BSF ANSELC,3,BANKED
0004B8	D01B	BRA SYSSELECTEND7
		SYSSELECT7CASE14
0004BA	0E10	MOVLW 16
0004BC	5D0A	SUBWF ADREADPORT,W,BANKED
0004BE	A4D8	BTFSS STATUS, Z,ACCESS
0004C0	D003	BRA SYSSELECT7CASE15
000000	010F	BANKSEL ANSELC
0004C4	895D	BSF ANSELC,4,BANKED
0004C6	D014	BRA SYSSELECTEND7
		SYSSELECT7CASE15
0004C8	0E11	MOVLW 17
0004CA	5D0A	SUBWF ADREADPORT,W,BANKED
0004CC	A4D8	BTFSS STATUS, Z,ACCESS
0004CE	D003	BRA SYSSELECT7CASE16
000000	010F	BANKSEL ANSELC
0004D2	8B5D	BSF ANSELC,5,BANKED
0004D4	D00D	BRA SYSSELECTEND7
		SYSSELECT7CASE16
0004D6	0E12	MOVLW 18
0004D8	5D0A	SUBWF ADREADPORT,W,BANKED
0004DA	A4D8	BTFSS STATUS, Z,ACCESS
0004DC	D003	BRA SYSSELECT7CASE17
000000	010F	BANKSEL ANSELC
0004E0	8D5D	BSF ANSELC,6,BANKED
0004E2	D006	BRA SYSSELECTEND7
		SYSSELECT7CASE17
0004E4	0E13	MOVLW 19
0004E6	5D0A	SUBWF ADREADPORT,W,BANKED
0004E8	A4D8	BTFSS STATUS, Z,ACCESS
0004EA	D002	BRA SYSSELECTEND7
000000	010F	BANKSEL ANSELC
0004EE	8F5D	BSF ANSELC,7,BANKED
		SYSSELECTEND7
0004F0	94C0	BCF ADCON2,ADCS2,ACCESS
0004F2	82C0	BSF ADCON2,ADCS1,ACCESS
0004F4	90C0	BCF ADCON2,ADCS0,ACCESS
0004F6	94C2	BCF ADCON0,CHS0,ACCESS
0004F8	96C2	BCF ADCON0,CHS1,ACCESS
0004FA	98C2	BCF ADCON0,CHS2,ACCESS
0004FC	9AC2	BCF ADCON0,CHS3,ACCESS
0004FE	9CC2	BCF ADCON0,CHS4,ACCESS
000000	0100	BANKSEL ADREADPORT
000502	B10A	BTFSC ADREADPORT,0,BANKED
000504	84C2	BSF ADCON0,CHS0,ACCESS
		ENDIF41
000506	B30A	BTFSC ADREADPORT,1,BANKED
000508	86C2	BSF ADCON0,CHS1,ACCESS
		ENDIF42
00050A	B50A	BTFSC ADREADPORT,2,BANKED
00050C	88C2	BSF ADCON0,CHS2,ACCESS
		ENDIF43
00050E	B70A	BTFSC ADREADPORT,3,BANKED
000510	8AC2	BSF ADCON0,CHS3,ACCESS
		ENDIF44
000512	B90A	BTFSC ADREADPORT,4,BANKED
000514	8CC2	BSF ADCON0,CHS4,ACCESS
		ENDIF45
000516	80C2	BSF ADCON0,ADON,ACCESS
000518	0E02	MOVLW 2
00051A	6E05	MOVWF SYSWAITTEMP10US,ACCESS
00051C	DDD7	RCALL DELAY_10US
00051E	82C2	BSF ADCON0,GO_NOT_DONE,ACCESS
000520	0000	NOP
		SYSWAITLOOP5
000522	B2C2	BTFSC ADCON0,GO_NOT_DONE,ACCESS
000524	D7FE	BRA SYSWAITLOOP5
000526	90C2	BCF ADCON0,ADON,ACCESS
000000	010F	BANKSEL ANSELA
00052A	6B5B	CLRF ANSELA,BANKED
00052C	6B5C	CLRF ANSELB,BANKED
00052E	6B5D	CLRF ANSELC,BANKED
000530	CFC3 F013	MOVFF ADRESL,READAD10
000000	0100	BANKSEL READAD10_H
000536	6B15	CLRF READAD10_H,BANKED
000538	CFC4 F015	MOVFF ADRESH,READAD10_H
00053C	9EC0	BCF ADCON2,ADFM,ACCESS
00053E	0012	RETURN


		SETUPHANDLER_CALLBACK
		SYSSELECT6CASE1
000540	0E82	MOVLW 130
000000	0107	BANKSEL USBREQUEST
000544	5D88	SUBWF USBREQUEST,W,BANKED
000546	A4D8	BTFSS STATUS, Z,ACCESS
000548	D009	BRA SYSSELECT6CASE2
000000	0100	BANKSEL _USBINVALUE
00054C	6B44	CLRF _USBINVALUE,BANKED
00054E	BA81	BTFSC PORTB,5,ACCESS
000550	2B44	INCF _USBINVALUE,F,BANKED
		ENDIF37
000552	D8D1	RCALL USBBUFFERWRITE14
000554	9A8A	BCF LATB,5,ACCESS
000556	B144	BTFSC _USBINVALUE,0,BANKED
000558	8A8A	BSF LATB,5,ACCESS
		ENDIF38
00055A	D058	BRA SYSSELECTEND6
		SYSSELECT6CASE2
00055C	0E83	MOVLW 131
00055E	5D88	SUBWF USBREQUEST,W,BANKED
000560	A4D8	BTFSS STATUS, Z,ACCESS
000562	D002	BRA SYSSELECT6CASE3
000564	8A8A	BSF LATB,5,ACCESS
000566	D052	BRA SYSSELECTEND6
		SYSSELECT6CASE3
000568	0E84	MOVLW 132
00056A	5D88	SUBWF USBREQUEST,W,BANKED
00056C	A4D8	BTFSS STATUS, Z,ACCESS
00056E	D002	BRA SYSSELECT6CASE4
000570	9A8A	BCF LATB,5,ACCESS
000572	D04C	BRA SYSSELECTEND6
		SYSSELECT6CASE4
000574	0E85	MOVLW 133
000576	5D88	SUBWF USBREQUEST,W,BANKED
000578	A4D8	BTFSS STATUS, Z,ACCESS
00057A	D021	BRA SYSSELECT6CASE5
000000	0100	BANKSEL ADREADPORT
00057E	6B0A	CLRF ADREADPORT,BANKED
000580	DF42	RCALL FN_READAD1022
000582	C013 F044	MOVFF SYSREADAD10WORD,_USBINVALUE
000586	C015 F045	MOVFF SYSREADAD10WORD_H,_USBINVALUE_H
00058A	D8C5	RCALL USBBUFFERWRITE15
00058C	0E01	MOVLW 1
00058E	6F0A	MOVWF ADREADPORT,BANKED
000590	DF3A	RCALL FN_READAD1022
000592	C013 F044	MOVFF SYSREADAD10WORD,_USBINVALUE
000596	C015 F045	MOVFF SYSREADAD10WORD_H,_USBINVALUE_H
00059A	D8BD	RCALL USBBUFFERWRITE15
00059C	0E02	MOVLW 2
00059E	6F0A	MOVWF ADREADPORT,BANKED
0005A0	DF32	RCALL FN_READAD1022
0005A2	C013 F044	MOVFF SYSREADAD10WORD,_USBINVALUE
0005A6	C015 F045	MOVFF SYSREADAD10WORD_H,_USBINVALUE_H
0005AA	D8B5	RCALL USBBUFFERWRITE15
0005AC	0E03	MOVLW 3
0005AE	6F0A	MOVWF ADREADPORT,BANKED
0005B0	DF2A	RCALL FN_READAD1022
0005B2	C013 F044	MOVFF SYSREADAD10WORD,_USBINVALUE
0005B6	C015 F045	MOVFF SYSREADAD10WORD_H,_USBINVALUE_H
0005BA	D8AD	RCALL USBBUFFERWRITE15
0005BC	D027	BRA SYSSELECTEND6
		SYSSELECT6CASE5
0005BE	2988	INCF USBREQUEST,W,BANKED
0005C0	A4D8	BTFSS STATUS, Z,ACCESS
0005C2	D00B	BRA SYSSELECT6CASE6
000000	0100	BANKSEL _USBINVALUE
0005C6	6944	SETF _USBINVALUE,BANKED
0005C8	D896	RCALL USBBUFFERWRITE14
0005CA	6B31	CLRF SYSTEMP2,BANKED
0005CC	B881	BTFSC PORTB,4,ACCESS
0005CE	2B31	INCF SYSTEMP2,F,BANKED
		ENDIF39
0005D0	1F31	COMF SYSTEMP2,F,BANKED
0005D2	988A	BCF LATB,4,ACCESS
0005D4	B131	BTFSC SYSTEMP2,0,BANKED
0005D6	888A	BSF LATB,4,ACCESS
		ENDIF40
0005D8	D019	BRA SYSSELECTEND6
		SYSSELECT6CASE6
0005DA	EE17 F073	LFSR 1,SYSSTRINGPARAM2
0005DE	0EBE	MOVLW LOW STRINGTABLE7
0005E0	6EF6	MOVWF TBLPTRL,ACCESS
0005E2	0E06	MOVLW HIGH STRINGTABLE7
0005E4	6EF7	MOVWF TBLPTRH,ACCESS
000000	0100	BANKSEL 0
0005E8	D83C	RCALL SYSREADSTRING
0005EA	0E73	MOVLW LOW SYSSTRINGPARAM2
0005EC	6F2A	MOVWF SYSPRINTDATAHANDLER,BANKED
0005EE	0E07	MOVLW HIGH SYSSTRINGPARAM2
0005F0	6F2B	MOVWF SYSPRINTDATAHANDLER_H,BANKED
0005F2	0E01	MOVLW 1
0005F4	6F0B	MOVWF COMPORT,BANKED
0005F6	DDD0	RCALL HSERPRINT270
0005F8	C788 F027	MOVFF SYSUSBTEMPBUFFER_1,SERPRINTVAL
0005FC	0E01	MOVLW 1
0005FE	6F0B	MOVWF COMPORT,BANKED
000600	DDEC	RCALL HSERPRINT271
000602	0E01	MOVLW 1
000604	6F0C	MOVWF HSERPRINTCRLFCOUNT,BANKED
000606	0E01	MOVLW 1
000608	6F0B	MOVWF COMPORT,BANKED
00060A	DE28	RCALL HSERPRINTCRLF
		SYSSELECTEND6
000000	0100	BANKSEL 0
00060E	0012	RETURN


		SYSCOMPLESSTHAN
000610	6800	SETF SYSBYTETEMPX,ACCESS
000612	5009	MOVF SYSBYTETEMPB, W,ACCESS
000614	6005	CPFSLT SYSBYTETEMPA,ACCESS
000616	6A00	CLRF SYSBYTETEMPX,ACCESS
000618	0012	RETURN


		SYSCOPYSTRING
00061A	CFEF F005	MOVFF INDF0, SYSCALCTEMPA
00061E	C005 FFE7	MOVFF SYSCALCTEMPA, INDF1
000622	D003	BRA SYSCOPYSTRINGCHECK
		SYSCOPYSTRINGPART
000624	50EF	MOVF INDF0, W,ACCESS
000626	6E05	MOVWF SYSCALCTEMPA,ACCESS
000628	2606	ADDWF SYSSTRINGLENGTH, F,ACCESS
		SYSCOPYSTRINGCHECK
00062A	5205	MOVF SYSCALCTEMPA,F,ACCESS
00062C	B4D8	BTFSC STATUS,Z,ACCESS
00062E	0012	RETURN
		SYSSTRINGCOPY
000630	CFEC FFE4	MOVFF PREINC0, PREINC1
000634	2E05	DECFSZ SYSCALCTEMPA, F,ACCESS
000636	D7FC	BRA SYSSTRINGCOPY
000638	0012	RETURN


		SYSDIVSUB
00063A	5209	MOVF SYSBYTETEMPB, F,ACCESS
00063C	B4D8	BTFSC STATUS, Z,ACCESS
00063E	0012	RETURN
000640	6A00	CLRF SYSBYTETEMPX,ACCESS
000642	0E08	MOVLW 8
000644	6E04	MOVWF SYSDIVLOOP,ACCESS
		SYSDIV8START
000646	90D8	BCF STATUS, C,ACCESS
000648	3605	RLCF SYSBYTETEMPA, F,ACCESS
00064A	3600	RLCF SYSBYTETEMPX, F,ACCESS
00064C	5009	MOVF SYSBYTETEMPB, W,ACCESS
00064E	5E00	SUBWF SYSBYTETEMPX, F,ACCESS
000650	8005	BSF SYSBYTETEMPA, 0,ACCESS
000652	B0D8	BTFSC STATUS, C,ACCESS
000654	D003	BRA DIV8NOTNEG
000656	9005	BCF SYSBYTETEMPA, 0,ACCESS
000658	5009	MOVF SYSBYTETEMPB, W,ACCESS
00065A	2600	ADDWF SYSBYTETEMPX, F,ACCESS
		DIV8NOTNEG
00065C	2E04	DECFSZ SYSDIVLOOP, F,ACCESS
00065E	D7F3	BRA SYSDIV8START
000660	0012	RETURN


		SYSREADSTRING
000662	0009	TBLRD*+
000664	CFF5 F005	MOVFF TABLAT,SYSCALCTEMPA
000668	CFF5 FFE7	MOVFF TABLAT,INDF1
00066C	D004	BRA SYSSTRINGREADCHECK
		SYSREADSTRINGPART
00066E	0009	TBLRD*+
000670	50F5	MOVF TABLAT, W,ACCESS
000672	6E05	MOVWF SYSCALCTEMPA,ACCESS
000674	2606	ADDWF SYSSTRINGLENGTH,F,ACCESS
		SYSSTRINGREADCHECK
000676	5205	MOVF SYSCALCTEMPA,F,ACCESS
000678	B4D8	BTFSC STATUS,Z,ACCESS
00067A	0012	RETURN
		SYSSTRINGREAD
00067C	0009	TBLRD*+
00067E	CFF5 FFE4	MOVFF TABLAT,PREINC1
000682	2E05	DECFSZ SYSCALCTEMPA, F,ACCESS
000684	D7FB	BRA SYSSTRINGREAD
000686	0012	RETURN


		SYSSTRINGTABLES

		STRINGTABLE1
000688	471B 6572 7461 4320 776F 4220 5341 4349 4C20 6269 2F4B 6957	RAW 471B,6572,7461,4320,776F,4220,5341,4349,4C20,6269,2F4B,6957
0006A0	556E 4253	RAW 556E,4253


		STRINGTABLE3
0006A4	4205 6975 646C	RAW 4205,6975,646C


		STRINGTABLE4
0006AA	4001	RAW 4001


		STRINGTABLE5
0006AC	5509 4253 4320 4247 2020	RAW 5509,4253,4320,4247,2020


		STRINGTABLE6
0006B6	4507 7272 726F 203A	RAW 4507,7272,726F,203A


		STRINGTABLE7
0006BE	5204 7165 0020	RAW 5204,7165,0020


		STRINGTABLE8
0006C4	4406 7365 3A63 0020	RAW 4406,7365,3A63,0020


		STRINGTABLE9
0006CC	470F 6572 7461 4320 776F 4220 5341 4349	RAW 470F,6572,7461,4320,776F,4220,5341,4349


		STRINGTABLE13
0006DC	0000	RAW 0000


		STRINGTABLE20
0006DE	3103 3836	RAW 3103,3836


		STRINGTABLE21
0006E2	3013 2D36 3331 322D 3130 2038 3930 323A 3A30 3633	RAW 3013,2D36,3331,322D,3130,2038,3930,323A,3A30,3633



		USBBUFFERWRITE14
000000	0104	BANKSEL USB_IN0_CNT
0006F8	2B05	INCF USB_IN0_CNT,F,BANKED
000000	0100	BANKSEL USB_CNT_POINTER
0006FC	5143	MOVF USB_CNT_POINTER,W,BANKED
000000	0104	BANKSEL USB_IN0_ADDR
000700	2506	ADDWF USB_IN0_ADDR,W,BANKED
000702	6EE9	MOVWF MEMADR,ACCESS
000704	0E00	MOVLW 0
000706	2107	ADDWFC USB_IN0_ADDR_H,W,BANKED
000708	6EEA	MOVWF MEMADR_H,ACCESS
00070A	C044 F00D	MOVFF _USBINVALUE,MEMDATA
000000	0100	BANKSEL 0
000710	DE77	RCALL POKE
000712	2B43	INCF USB_CNT_POINTER,F,BANKED
000714	0012	RETURN


		USBBUFFERWRITE15
000000	0104	BANKSEL USB_IN0_CNT
000718	2B05	INCF USB_IN0_CNT,F,BANKED
000000	0100	BANKSEL USB_CNT_POINTER
00071C	5143	MOVF USB_CNT_POINTER,W,BANKED
000000	0104	BANKSEL USB_IN0_ADDR
000720	2506	ADDWF USB_IN0_ADDR,W,BANKED
000722	6EE9	MOVWF MEMADR,ACCESS
000724	0E00	MOVLW 0
000726	2107	ADDWFC USB_IN0_ADDR_H,W,BANKED
000728	6EEA	MOVWF MEMADR_H,ACCESS
00072A	C044 F00D	MOVFF _USBINVALUE,MEMDATA
000000	0100	BANKSEL 0
000730	DE67	RCALL POKE
000000	0104	BANKSEL USB_IN0_CNT
000734	2B05	INCF USB_IN0_CNT,F,BANKED
000000	0100	BANKSEL USB_CNT_POINTER
000738	5143	MOVF USB_CNT_POINTER,W,BANKED
000000	0104	BANKSEL USB_IN0_ADDR
00073C	2506	ADDWF USB_IN0_ADDR,W,BANKED
000000	0100	BANKSEL SYSTEMP1
000740	6F2F	MOVWF SYSTEMP1,BANKED
000742	0E00	MOVLW 0
000000	0104	BANKSEL USB_IN0_ADDR_H
000746	2107	ADDWFC USB_IN0_ADDR_H,W,BANKED
000000	0100	BANKSEL SYSTEMP1_H
00074A	6F30	MOVWF SYSTEMP1_H,BANKED
00074C	0E01	MOVLW 1
00074E	252F	ADDWF SYSTEMP1,W,BANKED
000750	6EE9	MOVWF MEMADR,ACCESS
000752	0E00	MOVLW 0
000754	2130	ADDWFC SYSTEMP1_H,W,BANKED
000756	6EEA	MOVWF MEMADR_H,ACCESS
000758	C045 F00D	MOVFF _USBINVALUE_H,MEMDATA
00075C	DE51	RCALL POKE
00075E	0E02	MOVLW 2
000760	2743	ADDWF USB_CNT_POINTER,F,BANKED
000762	0012	RETURN


		USBCONFIGDESCRIPTOR
000764	0E12	MOVLW 18
000766	6007	CPFSLT SYSSTRINGA,ACCESS
000768	0C00	RETLW 0
00076A	5007	MOVF SYSSTRINGA, W,ACCESS
00076C	0F7E	ADDLW LOW TABLEUSBCONFIGDESCRIPTOR
00076E	6EF6	MOVWF TBLPTRL,ACCESS
000770	0E07	MOVLW HIGH TABLEUSBCONFIGDESCRIPTOR
000772	B0D8	BTFSC STATUS, C,ACCESS
000774	0F01	ADDLW 1
000776	6EF7	MOVWF TBLPTRH,ACCESS
000778	0008	TBLRD*
00077A	50F5	MOVF TABLAT, W,ACCESS
00077C	0012	RETURN
		TABLEUSBCONFIGDESCRIPTOR
00077E	0912 1202 0100 0001 1980 0409 0000 FF00 FF00	RAW 0912,1202,0100,0001,1980,0409,0000,FF00,FF00


		USBDEVICEDESCRIPTOR
000790	0E13	MOVLW 19
000792	6007	CPFSLT SYSSTRINGA,ACCESS
000794	0C00	RETLW 0
000796	5007	MOVF SYSSTRINGA, W,ACCESS
000798	0FAA	ADDLW LOW TABLEUSBDEVICEDESCRIPTOR
00079A	6EF6	MOVWF TBLPTRL,ACCESS
00079C	0E07	MOVLW HIGH TABLEUSBDEVICEDESCRIPTOR
00079E	B0D8	BTFSC STATUS, C,ACCESS
0007A0	0F01	ADDLW 1
0007A2	6EF7	MOVWF TBLPTRH,ACCESS
0007A4	0008	TBLRD*
0007A6	50F5	MOVF TABLAT, W,ACCESS
0007A8	0012	RETURN
		TABLEUSBDEVICEDESCRIPTOR
0007AA	1212 0001 0002 0000 0940 0612 0020 0100 0002 0001	RAW 1212,0001,0002,0000,0940,0612,0020,0100,0002,0001


		USBDEVICEQUALDESCRIPTOR
0007BE	0E0A	MOVLW 10
0007C0	6007	CPFSLT SYSSTRINGA,ACCESS
0007C2	0C00	RETLW 0
0007C4	5007	MOVF SYSSTRINGA, W,ACCESS
0007C6	0FD8	ADDLW LOW TABLEUSBDEVICEQUALDESCRIPTOR
0007C8	6EF6	MOVWF TBLPTRL,ACCESS
0007CA	0E07	MOVLW HIGH TABLEUSBDEVICEQUALDESCRIPTOR
0007CC	B0D8	BTFSC STATUS, C,ACCESS
0007CE	0F01	ADDLW 1
0007D0	6EF7	MOVWF TBLPTRH,ACCESS
0007D2	0008	TBLRD*
0007D4	50F5	MOVF TABLAT, W,ACCESS
0007D6	0012	RETURN
		TABLEUSBDEVICEQUALDESCRIPTOR
0007D8	0A0A 0006 0002 0000 0140	RAW 0A0A,0006,0002,0000,0140


		USBINTERRUPTHANDLER
0007E2	A065	BTFSS UIR,URSTIF,ACCESS
0007E4	D027	BRA ENDIF2
0007E6	0E08	MOVLW 8
000000	0104	BANKSEL USB_OUT0_STAT
0007EA	6F00	MOVWF USB_OUT0_STAT,BANKED
0007EC	0E08	MOVLW 8
0007EE	6F04	MOVWF USB_IN0_STAT,BANKED
		SYSDOLOOP_S3
0007F0	A665	BTFSS UIR,TRNIF,ACCESS
0007F2	D002	BRA SYSDOLOOP_E3
0007F4	9665	BCF UIR,TRNIF,ACCESS
0007F6	D7FC	BRA SYSDOLOOP_S3
		SYSDOLOOP_E3
0007F8	6A6A	CLRF UEP0,ACCESS
0007FA	0E40	MOVLW 64
0007FC	6F06	MOVWF USB_IN0_ADDR,BANKED
0007FE	0E04	MOVLW 4
000800	6F07	MOVWF USB_IN0_ADDR_H,BANKED
000802	0EC0	MOVLW 192
000804	6F02	MOVWF USB_OUT0_ADDR,BANKED
000806	0E04	MOVLW 4
000808	6F03	MOVWF USB_OUT0_ADDR_H,BANKED
00080A	6B05	CLRF USB_IN0_CNT,BANKED
00080C	0E80	MOVLW 128
00080E	6F01	MOVWF USB_OUT0_CNT,BANKED
000810	0E08	MOVLW 8
000812	6F04	MOVWF USB_IN0_STAT,BANKED
000814	0E88	MOVLW 136
000816	6F00	MOVWF USB_OUT0_STAT,BANKED
000818	9860	BCF UCON,PKTDIS,ACCESS
00081A	0E16	MOVLW 22
00081C	6E6A	MOVWF UEP0,ACCESS
00081E	6A63	CLRF UADDR,ACCESS
000820	6A67	CLRF UEIR,ACCESS
000822	6A65	CLRF UIR,ACCESS
000824	9260	BCF UCON,SUSPND,ACCESS
		SYSWAITLOOP1
000826	BA60	BTFSC UCON,SE0,ACCESS
000828	D7FE	BRA SYSWAITLOOP1
000000	0100	BANKSEL USBLASTCONTROL
00082C	693D	SETF USBLASTCONTROL,BANKED
00082E	0E01	MOVLW 1
000830	6F41	MOVWF USBSTATE,BANKED
000832	6B36	CLRF USBCURRCONFIGURATION,BANKED
		ENDIF2
000834	A265	BTFSS UIR,UERRIF,ACCESS
000836	D003	BRA ENDIF3
000838	DC5E	RCALL ERRORHANDLER_CALLBACK
00083A	6A67	CLRF UEIR,ACCESS
00083C	9265	BCF UIR,UERRIF,ACCESS
		ENDIF3
00083E	A465	BTFSS UIR,ACTVIF,ACCESS
000840	D002	BRA ENDIF4
000842	9260	BCF UCON,SUSPND,ACCESS
000844	9465	BCF UIR,ACTVIF,ACCESS
		ENDIF4
000846	A665	BTFSS UIR,TRNIF,ACCESS
000848	D062	BRA ENDIF5
00084A	0E78	MOVLW 120
00084C	1461	ANDWF USTAT,W,ACCESS
00084E	6F2F	MOVWF SYSTEMP1,BANKED
000850	C02F F005	MOVFF SYSTEMP1,SYSBYTETEMPA
000854	0E08	MOVLW 8
000856	6E09	MOVWF SYSBYTETEMPB,ACCESS
000858	DEF0	RCALL SYSDIVSUB
00085A	C005 F037	MOVFF SYSBYTETEMPA,USBCURRENDPOINT
00085E	A461	BTFSS USTAT,DIR,ACCESS
000860	D003	BRA ELSE9_1
000862	C404 F034	MOVFF USB_IN0_STAT,USBBUFFERSTAT
000866	D004	BRA ENDIF9
		ELSE9_1
000868	C400 F034	MOVFF USB_OUT0_STAT,USBBUFFERSTAT
000000	0104	BANKSEL USB_OUT0_STAT
00086E	9F00	BCF USB_OUT0_STAT,7,BANKED
		ENDIF9
000870	0E3C	MOVLW 60
000000	0100	BANKSEL USBBUFFERSTAT
000874	1534	ANDWF USBBUFFERSTAT,W,BANKED
000876	6F3F	MOVWF USBPID,BANKED
		SYSSELECT1CASE1
000878	0E04	MOVLW 4
00087A	5D3F	SUBWF USBPID,W,BANKED
00087C	A4D8	BTFSS STATUS, Z,ACCESS
00087E	D005	BRA SYSSELECT1CASE2
000880	0E80	MOVLW 128
000000	0104	BANKSEL USB_OUT0_CNT
000884	6F01	MOVWF USB_OUT0_CNT,BANKED
000886	8F00	BSF USB_OUT0_STAT,7,BANKED
000888	D03F	BRA SYSSELECTEND1
		SYSSELECT1CASE2
00088A	0E24	MOVLW 36
00088C	5D3F	SUBWF USBPID,W,BANKED
00088E	A4D8	BTFSS STATUS, Z,ACCESS
000890	D016	BRA SYSSELECT1CASE3
		SYSSELECT2CASE1
000892	0E05	MOVLW 5
000894	5D3D	SUBWF USBLASTCONTROL,W,BANKED
000896	A4D8	BTFSS STATUS, Z,ACCESS
000898	D006	BRA SYSSELECT2CASE2
00089A	C03E FF63	MOVFF USBNEWADDRESS,UADDR
00089E	0E02	MOVLW 2
0008A0	6F41	MOVWF USBSTATE,BANKED
0008A2	693D	SETF USBLASTCONTROL,BANKED
0008A4	D00B	BRA SYSSELECTEND2
		SYSSELECT2CASE2
0008A6	0E06	MOVLW 6
0008A8	5D3D	SUBWF USBLASTCONTROL,W,BANKED
0008AA	A4D8	BTFSS STATUS, Z,ACCESS
0008AC	D002	BRA SYSSELECT2CASE3
0008AE	D88B	RCALL USBSENDDESCRIPTOR
0008B0	D005	BRA SYSSELECTEND2
		SYSSELECT2CASE3
0008B2	0E80	MOVLW 128
000000	0104	BANKSEL USB_OUT0_CNT
0008B6	6F01	MOVWF USB_OUT0_CNT,BANKED
0008B8	0E88	MOVLW 136
0008BA	6F00	MOVWF USB_OUT0_STAT,BANKED
		SYSSELECTEND2
0008BC	D025	BRA SYSSELECTEND1
		SYSSELECT1CASE3
0008BE	0E34	MOVLW 52
0008C0	5D3F	SUBWF USBPID,W,BANKED
0008C2	A4D8	BTFSS STATUS, Z,ACCESS
0008C4	D021	BRA SYSSELECT1CASE4
0008C6	6935	SETF USBCURRBYTE,BANKED
		SYSFORLOOP1
0008C8	2B35	INCF USBCURRBYTE,F,BANKED
0008CA	5135	MOVF USBCURRBYTE,W,BANKED
000000	0104	BANKSEL USB_OUT0_ADDR
0008CE	2502	ADDWF USB_OUT0_ADDR,W,BANKED
0008D0	6EE9	MOVWF MEMADR,ACCESS
0008D2	0E00	MOVLW 0
0008D4	2103	ADDWFC USB_OUT0_ADDR_H,W,BANKED
0008D6	6EEA	MOVWF MEMADR_H,ACCESS
000000	0100	BANKSEL 0
0008DA	DD8B	RCALL FN_PEEK
0008DC	EE07 F087	LFSR 0,USBTEMPBUFFER
0008E0	5135	MOVF USBCURRBYTE,W,BANKED
0008E2	26E9	ADDWF AFSR0,F,ACCESS
0008E4	0E00	MOVLW 0
0008E6	22EA	ADDWFC AFSR0_H,F,ACCESS
0008E8	C011 FFEF	MOVFF PEEK,INDF0
0008EC	0E07	MOVLW 7
0008EE	5D35	SUBWF USBCURRBYTE,W,BANKED
0008F0	A0D8	BTFSS STATUS, C,ACCESS
0008F2	D7EA	BRA SYSFORLOOP1
		ENDIF10
		SYSFORLOOPEND1
0008F4	0E08	MOVLW 8
000000	0104	BANKSEL USB_IN0_STAT
0008F8	6F04	MOVWF USB_IN0_STAT,BANKED
0008FA	0E80	MOVLW 128
0008FC	6F01	MOVWF USB_OUT0_CNT,BANKED
0008FE	0E88	MOVLW 136
000900	6F00	MOVWF USB_OUT0_STAT,BANKED
000000	0100	BANKSEL 0
000904	D80B	RCALL USBPROCESSSETUP
000906	D000	BRA SYSSELECTEND1
		SYSSELECT1CASE4
		SYSSELECTEND1
000000	0100	BANKSEL USBHASDATA
00090A	693C	SETF USBHASDATA,BANKED
00090C	9665	BCF UIR,TRNIF,ACCESS
		ENDIF5
00090E	B865	BTFSC UIR,IDLEIF,ACCESS
000910	9865	BCF UIR,IDLEIF,ACCESS
		ENDIF6
000912	BA65	BTFSC UIR,STALLIF,ACCESS
000914	9A65	BCF UIR,STALLIF,ACCESS
		ENDIF7
000916	BC65	BTFSC UIR,SOFIF,ACCESS
000918	9C65	BCF UIR,SOFIF,ACCESS
		ENDIF8
00091A	0012	RETURN


		USBPROCESSSETUP
00091C	0E7F	MOVLW 127
000000	0107	BANKSEL SYSUSBTEMPBUFFER_0
000920	1587	ANDWF SYSUSBTEMPBUFFER_0,W,BANKED
000000	0100	BANKSEL USBBMREQUESTTYPE
000924	6F33	MOVWF USBBMREQUESTTYPE,BANKED
000926	9860	BCF UCON,PKTDIS,ACCESS
000928	5333	MOVF USBBMREQUESTTYPE,F,BANKED
00092A	A4D8	BTFSS STATUS, Z,ACCESS
00092C	D031	BRA ELSE11_1
00092E	693D	SETF USBLASTCONTROL,BANKED
		SYSSELECT3CASE1
000930	0E05	MOVLW 5
000000	0107	BANKSEL SYSUSBTEMPBUFFER_1
000934	5D88	SUBWF SYSUSBTEMPBUFFER_1,W,BANKED
000936	A4D8	BTFSS STATUS, Z,ACCESS
000938	D007	BRA SYSSELECT3CASE2
00093A	0E05	MOVLW 5
000000	0100	BANKSEL USBLASTCONTROL
00093E	6F3D	MOVWF USBLASTCONTROL,BANKED
000940	C789 F03E	MOVFF SYSUSBTEMPBUFFER_2,USBNEWADDRESS
000944	D83A	RCALL USBSENDDATA1ACK
000946	D023	BRA SYSSELECTEND3
		SYSSELECT3CASE2
000948	0E06	MOVLW 6
00094A	5D88	SUBWF SYSUSBTEMPBUFFER_1,W,BANKED
00094C	A4D8	BTFSS STATUS, Z,ACCESS
00094E	D00C	BRA SYSSELECT3CASE3
000950	0E06	MOVLW 6
000000	0100	BANKSEL USBLASTCONTROL
000954	6F3D	MOVWF USBLASTCONTROL,BANKED
000956	C78A F03B	MOVFF SYSUSBTEMPBUFFER_3,USBDESCTYPE
00095A	C789 F038	MOVFF SYSUSBTEMPBUFFER_2,USBDESCINDEX
00095E	C78D F039	MOVFF SYSUSBTEMPBUFFER_6,USBDESCSIZEIN
000962	6B3A	CLRF USBDESCSTART,BANKED
000964	D830	RCALL USBSENDDESCRIPTOR
000966	D013	BRA SYSSELECTEND3
		SYSSELECT3CASE3
000968	0E09	MOVLW 9
00096A	5D88	SUBWF SYSUSBTEMPBUFFER_1,W,BANKED
00096C	A4D8	BTFSS STATUS, Z,ACCESS
00096E	D00D	BRA SYSSELECT3CASE4
000970	C789 F036	MOVFF SYSUSBTEMPBUFFER_2,USBCURRCONFIGURATION
000000	0100	BANKSEL USBCURRCONFIGURATION
000976	5336	MOVF USBCURRCONFIGURATION,F,BANKED
000978	A4D8	BTFSS STATUS, Z,ACCESS
00097A	D003	BRA ELSE12_1
00097C	0E02	MOVLW 2
00097E	6F41	MOVWF USBSTATE,BANKED
000980	D002	BRA ENDIF12
		ELSE12_1
000982	0E03	MOVLW 3
000984	6F41	MOVWF USBSTATE,BANKED
		ENDIF12
000986	D819	RCALL USBSENDDATA1ACK
000988	D002	BRA SYSSELECTEND3
		SYSSELECT3CASE4
000000	0100	BANKSEL 0
00098C	DDD9	RCALL SETUPHANDLER_CALLBACK
		SYSSELECTEND3
00098E	D013	BRA ENDIF11
		ELSE11_1
000000	0104	BANKSEL USB_IN0_CNT
000992	6B05	CLRF USB_IN0_CNT,BANKED
000000	0100	BANKSEL USB_CNT_POINTER
000996	6B43	CLRF USB_CNT_POINTER,BANKED
000998	DDD3	RCALL SETUPHANDLER_CALLBACK
000000	0104	BANKSEL USB_IN0_CNT
00099C	5305	MOVF USB_IN0_CNT,F,BANKED
00099E	A4D8	BTFSS STATUS, Z,ACCESS
0009A0	D003	BRA ELSE13_1
000000	0100	BANKSEL 0
0009A4	D80A	RCALL USBSENDDATA1ACK
0009A6	D007	BRA ENDIF13
		ELSE13_1
0009A8	AD04	BTFSS USB_IN0_STAT,6,BANKED
0009AA	D003	BRA ELSE14_1
0009AC	0E88	MOVLW 136
0009AE	6F04	MOVWF USB_IN0_STAT,BANKED
0009B0	D002	BRA ENDIF14
		ELSE14_1
0009B2	0EC8	MOVLW 200
0009B4	6F04	MOVWF USB_IN0_STAT,BANKED
		ENDIF14
		ENDIF13
		ENDIF11
000000	0100	BANKSEL 0
0009B8	0012	RETURN


		USBSENDDATA1ACK
000000	0104	BANKSEL USB_IN0_CNT
0009BC	6B05	CLRF USB_IN0_CNT,BANKED
0009BE	0EC8	MOVLW 200
0009C0	6F04	MOVWF USB_IN0_STAT,BANKED
000000	0100	BANKSEL 0
0009C4	0012	RETURN


		USBSENDDESCRIPTOR
000000	0104	BANKSEL USB_IN0_STAT
0009C8	9F04	BCF USB_IN0_STAT,7,BANKED
		SYSSELECT4CASE1
000000	0100	BANKSEL USBDESCTYPE
0009CC	053B	DECF USBDESCTYPE,W,BANKED
0009CE	A4D8	BTFSS STATUS, Z,ACCESS
0009D0	D02F	BRA SYSSELECT4CASE2
0009D2	0E12	MOVLW 18
0009D4	6F40	MOVWF USBSIZE,BANKED
0009D6	5D39	SUBWF USBDESCSIZEIN,W,BANKED
0009D8	A0D8	BTFSS STATUS, C,ACCESS
0009DA	C039 F040	MOVFF USBDESCSIZEIN,USBSIZE
		ENDIF15
0009DE	5140	MOVF USBSIZE,W,BANKED
0009E0	5D3A	SUBWF USBDESCSTART,W,BANKED
0009E2	A0D8	BTFSS STATUS, C,ACCESS
0009E4	D003	BRA ELSE16_1
0009E6	6B40	CLRF USBSIZE,BANKED
0009E8	693D	SETF USBLASTCONTROL,BANKED
0009EA	D002	BRA ENDIF16
		ELSE16_1
0009EC	513A	MOVF USBDESCSTART,W,BANKED
0009EE	5F40	SUBWF USBSIZE,F,BANKED
		ENDIF16
0009F0	6B35	CLRF USBCURRBYTE,BANKED
0009F2	0E01	MOVLW 1
0009F4	5D40	SUBWF USBSIZE,W,BANKED
0009F6	A0D8	BTFSS STATUS, C,ACCESS
0009F8	D016	BRA SYSFORLOOPEND2
		ENDIF17
		SYSFORLOOP2
0009FA	2B35	INCF USBCURRBYTE,F,BANKED
0009FC	513A	MOVF USBDESCSTART,W,BANKED
0009FE	2535	ADDWF USBCURRBYTE,W,BANKED
000A00	6E07	MOVWF SYSSTRINGA,ACCESS
000A02	DEC6	RCALL USBDEVICEDESCRIPTOR
000A04	6F42	MOVWF USBTEMPBYTE,BANKED
000A06	0535	DECF USBCURRBYTE,W,BANKED
000A08	6F2F	MOVWF SYSTEMP1,BANKED
000000	0104	BANKSEL USB_IN0_ADDR
000A0C	2506	ADDWF USB_IN0_ADDR,W,BANKED
000A0E	6EE9	MOVWF MEMADR,ACCESS
000A10	0E00	MOVLW 0
000A12	2107	ADDWFC USB_IN0_ADDR_H,W,BANKED
000A14	6EEA	MOVWF MEMADR_H,ACCESS
000A16	C042 F00D	MOVFF USBTEMPBYTE,MEMDATA
000000	0100	BANKSEL 0
000A1C	DCF1	RCALL POKE
000A1E	5140	MOVF USBSIZE,W,BANKED
000A20	5D35	SUBWF USBCURRBYTE,W,BANKED
000A22	A0D8	BTFSS STATUS, C,ACCESS
000A24	D7EA	BRA SYSFORLOOP2
		ENDIF18
		SYSFORLOOPEND2
000A26	C040 F405	MOVFF USBSIZE,USB_IN0_CNT
000A2A	5140	MOVF USBSIZE,W,BANKED
000A2C	273A	ADDWF USBDESCSTART,F,BANKED
000A2E	D128	BRA SYSSELECTEND4
		SYSSELECT4CASE2
000A30	0E02	MOVLW 2
000A32	5D3B	SUBWF USBDESCTYPE,W,BANKED
000A34	A4D8	BTFSS STATUS, Z,ACCESS
000A36	D02F	BRA SYSSELECT4CASE3
000A38	0E12	MOVLW 18
000A3A	6F40	MOVWF USBSIZE,BANKED
000A3C	5D39	SUBWF USBDESCSIZEIN,W,BANKED
000A3E	A0D8	BTFSS STATUS, C,ACCESS
000A40	C039 F040	MOVFF USBDESCSIZEIN,USBSIZE
		ENDIF19
000A44	5140	MOVF USBSIZE,W,BANKED
000A46	5D3A	SUBWF USBDESCSTART,W,BANKED
000A48	A0D8	BTFSS STATUS, C,ACCESS
000A4A	D003	BRA ELSE20_1
000A4C	6B40	CLRF USBSIZE,BANKED
000A4E	693D	SETF USBLASTCONTROL,BANKED
000A50	D002	BRA ENDIF20
		ELSE20_1
000A52	513A	MOVF USBDESCSTART,W,BANKED
000A54	5F40	SUBWF USBSIZE,F,BANKED
		ENDIF20
000A56	6B35	CLRF USBCURRBYTE,BANKED
000A58	0E01	MOVLW 1
000A5A	5D40	SUBWF USBSIZE,W,BANKED
000A5C	A0D8	BTFSS STATUS, C,ACCESS
000A5E	D016	BRA SYSFORLOOPEND3
		ENDIF21
		SYSFORLOOP3
000A60	2B35	INCF USBCURRBYTE,F,BANKED
000A62	513A	MOVF USBDESCSTART,W,BANKED
000A64	2535	ADDWF USBCURRBYTE,W,BANKED
000A66	6E07	MOVWF SYSSTRINGA,ACCESS
000A68	DE7D	RCALL USBCONFIGDESCRIPTOR
000A6A	6F42	MOVWF USBTEMPBYTE,BANKED
000A6C	0535	DECF USBCURRBYTE,W,BANKED
000A6E	6F2F	MOVWF SYSTEMP1,BANKED
000000	0104	BANKSEL USB_IN0_ADDR
000A72	2506	ADDWF USB_IN0_ADDR,W,BANKED
000A74	6EE9	MOVWF MEMADR,ACCESS
000A76	0E00	MOVLW 0
000A78	2107	ADDWFC USB_IN0_ADDR_H,W,BANKED
000A7A	6EEA	MOVWF MEMADR_H,ACCESS
000A7C	C042 F00D	MOVFF USBTEMPBYTE,MEMDATA
000000	0100	BANKSEL 0
000A82	DCBE	RCALL POKE
000A84	5140	MOVF USBSIZE,W,BANKED
000A86	5D35	SUBWF USBCURRBYTE,W,BANKED
000A88	A0D8	BTFSS STATUS, C,ACCESS
000A8A	D7EA	BRA SYSFORLOOP3
		ENDIF22
		SYSFORLOOPEND3
000A8C	C040 F405	MOVFF USBSIZE,USB_IN0_CNT
000A90	5140	MOVF USBSIZE,W,BANKED
000A92	273A	ADDWF USBDESCSTART,F,BANKED
000A94	D0F5	BRA SYSSELECTEND4
		SYSSELECT4CASE3
000A96	0E06	MOVLW 6
000A98	5D3B	SUBWF USBDESCTYPE,W,BANKED
000A9A	A4D8	BTFSS STATUS, Z,ACCESS
000A9C	D02F	BRA SYSSELECT4CASE4
000A9E	0E0A	MOVLW 10
000AA0	6F40	MOVWF USBSIZE,BANKED
000AA2	5D39	SUBWF USBDESCSIZEIN,W,BANKED
000AA4	A0D8	BTFSS STATUS, C,ACCESS
000AA6	C039 F040	MOVFF USBDESCSIZEIN,USBSIZE
		ENDIF23
000AAA	5140	MOVF USBSIZE,W,BANKED
000AAC	5D3A	SUBWF USBDESCSTART,W,BANKED
000AAE	A0D8	BTFSS STATUS, C,ACCESS
000AB0	D003	BRA ELSE24_1
000AB2	6B40	CLRF USBSIZE,BANKED
000AB4	693D	SETF USBLASTCONTROL,BANKED
000AB6	D002	BRA ENDIF24
		ELSE24_1
000AB8	513A	MOVF USBDESCSTART,W,BANKED
000ABA	5F40	SUBWF USBSIZE,F,BANKED
		ENDIF24
000ABC	6B35	CLRF USBCURRBYTE,BANKED
000ABE	0E01	MOVLW 1
000AC0	5D40	SUBWF USBSIZE,W,BANKED
000AC2	A0D8	BTFSS STATUS, C,ACCESS
000AC4	D016	BRA SYSFORLOOPEND4
		ENDIF25
		SYSFORLOOP4
000AC6	2B35	INCF USBCURRBYTE,F,BANKED
000AC8	513A	MOVF USBDESCSTART,W,BANKED
000ACA	2535	ADDWF USBCURRBYTE,W,BANKED
000ACC	6E07	MOVWF SYSSTRINGA,ACCESS
000ACE	DE77	RCALL USBDEVICEQUALDESCRIPTOR
000AD0	6F42	MOVWF USBTEMPBYTE,BANKED
000AD2	0535	DECF USBCURRBYTE,W,BANKED
000AD4	6F2F	MOVWF SYSTEMP1,BANKED
000000	0104	BANKSEL USB_IN0_ADDR
000AD8	2506	ADDWF USB_IN0_ADDR,W,BANKED
000ADA	6EE9	MOVWF MEMADR,ACCESS
000ADC	0E00	MOVLW 0
000ADE	2107	ADDWFC USB_IN0_ADDR_H,W,BANKED
000AE0	6EEA	MOVWF MEMADR_H,ACCESS
000AE2	C042 F00D	MOVFF USBTEMPBYTE,MEMDATA
000000	0100	BANKSEL 0
000AE8	DC8B	RCALL POKE
000AEA	5140	MOVF USBSIZE,W,BANKED
000AEC	5D35	SUBWF USBCURRBYTE,W,BANKED
000AEE	A0D8	BTFSS STATUS, C,ACCESS
000AF0	D7EA	BRA SYSFORLOOP4
		ENDIF26
		SYSFORLOOPEND4
000AF2	C040 F405	MOVFF USBSIZE,USB_IN0_CNT
000AF6	5140	MOVF USBSIZE,W,BANKED
000AF8	273A	ADDWF USBDESCSTART,F,BANKED
000AFA	D0C2	BRA SYSSELECTEND4
		SYSSELECT4CASE4
000AFC	0E03	MOVLW 3
000AFE	5D3B	SUBWF USBDESCTYPE,W,BANKED
000B00	A4D8	BTFSS STATUS, Z,ACCESS
000B02	D0BB	BRA SYSSELECT4CASE5
000B04	5338	MOVF USBDESCINDEX,F,BANKED
000B06	A4D8	BTFSS STATUS, Z,ACCESS
000B08	D02D	BRA ELSE27_1
000B0A	693D	SETF USBLASTCONTROL,BANKED
000B0C	C406 FFE9	MOVFF USB_IN0_ADDR,MEMADR
000B10	C407 FFEA	MOVFF USB_IN0_ADDR_H,MEMADR_H
000B14	0E04	MOVLW 4
000B16	6F0D	MOVWF MEMDATA,BANKED
000B18	DC73	RCALL POKE
000B1A	0E01	MOVLW 1
000000	0104	BANKSEL USB_IN0_ADDR
000B1E	2506	ADDWF USB_IN0_ADDR,W,BANKED
000B20	6EE9	MOVWF MEMADR,ACCESS
000B22	0E00	MOVLW 0
000B24	2107	ADDWFC USB_IN0_ADDR_H,W,BANKED
000B26	6EEA	MOVWF MEMADR_H,ACCESS
000B28	0E03	MOVLW 3
000000	0100	BANKSEL MEMDATA
000B2C	6F0D	MOVWF MEMDATA,BANKED
000B2E	DC68	RCALL POKE
000B30	0E02	MOVLW 2
000000	0104	BANKSEL USB_IN0_ADDR
000B34	2506	ADDWF USB_IN0_ADDR,W,BANKED
000B36	6EE9	MOVWF MEMADR,ACCESS
000B38	0E00	MOVLW 0
000B3A	2107	ADDWFC USB_IN0_ADDR_H,W,BANKED
000B3C	6EEA	MOVWF MEMADR_H,ACCESS
000B3E	0E09	MOVLW 9
000000	0100	BANKSEL MEMDATA
000B42	6F0D	MOVWF MEMDATA,BANKED
000B44	DC5D	RCALL POKE
000B46	0E03	MOVLW 3
000000	0104	BANKSEL USB_IN0_ADDR
000B4A	2506	ADDWF USB_IN0_ADDR,W,BANKED
000B4C	6EE9	MOVWF MEMADR,ACCESS
000B4E	0E00	MOVLW 0
000B50	2107	ADDWFC USB_IN0_ADDR_H,W,BANKED
000B52	6EEA	MOVWF MEMADR_H,ACCESS
000B54	0E04	MOVLW 4
000000	0100	BANKSEL MEMDATA
000B58	6F0D	MOVWF MEMDATA,BANKED
000B5A	DC52	RCALL POKE
000B5C	0E04	MOVLW 4
000000	0104	BANKSEL USB_IN0_CNT
000B60	6F05	MOVWF USB_IN0_CNT,BANKED
000B62	D08A	BRA ENDIF27
		ELSE27_1
		SYSSELECT5CASE1
000B64	0538	DECF USBDESCINDEX,W,BANKED
000B66	A4D8	BTFSS STATUS, Z,ACCESS
000B68	D008	BRA SYSSELECT5CASE2
000B6A	EE17 F0D5	LFSR 1,USBTEMPSTRING
000B6E	0ECC	MOVLW LOW STRINGTABLE9
000B70	6EF6	MOVWF TBLPTRL,ACCESS
000B72	0E06	MOVLW HIGH STRINGTABLE9
000B74	6EF7	MOVWF TBLPTRH,ACCESS
000B76	DD75	RCALL SYSREADSTRING
000B78	D013	BRA SYSSELECTEND5
		SYSSELECT5CASE2
000B7A	0E02	MOVLW 2
000B7C	5D38	SUBWF USBDESCINDEX,W,BANKED
000B7E	A4D8	BTFSS STATUS, Z,ACCESS
000B80	D008	BRA SYSSELECT5CASE3
000B82	EE17 F0D5	LFSR 1,USBTEMPSTRING
000B86	0E88	MOVLW LOW STRINGTABLE1
000B88	6EF6	MOVWF TBLPTRL,ACCESS
000B8A	0E06	MOVLW HIGH STRINGTABLE1
000B8C	6EF7	MOVWF TBLPTRH,ACCESS
000B8E	DD69	RCALL SYSREADSTRING
000B90	D007	BRA SYSSELECTEND5
		SYSSELECT5CASE3
000B92	EE17 F0D5	LFSR 1,USBTEMPSTRING
000B96	0EDC	MOVLW LOW STRINGTABLE13
000B98	6EF6	MOVWF TBLPTRL,ACCESS
000B9A	0E06	MOVLW HIGH STRINGTABLE13
000B9C	6EF7	MOVWF TBLPTRH,ACCESS
000B9E	DD61	RCALL SYSREADSTRING
		SYSSELECTEND5
000000	0107	BANKSEL SYSUSBTEMPSTRING_0
000BA2	51D5	MOVF SYSUSBTEMPSTRING_0,W,BANKED
000BA4	0D02	MULLW 2
000BA6	CFF3 F02F	MOVFF PRODL,SYSTEMP1
000BAA	0E02	MOVLW 2
000000	0100	BANKSEL SYSTEMP1
000BAE	252F	ADDWF SYSTEMP1,W,BANKED
000000	0104	BANKSEL USB_IN0_CNT
000BB2	6F05	MOVWF USB_IN0_CNT,BANKED
000000	0100	BANKSEL USBDESCSTART
000BB6	513A	MOVF USBDESCSTART,W,BANKED
000000	0104	BANKSEL USB_IN0_CNT
000BBA	5D05	SUBWF USB_IN0_CNT,W,BANKED
000BBC	B0D8	BTFSC STATUS, C,ACCESS
000BBE	D004	BRA ELSE29_1
000BC0	6B05	CLRF USB_IN0_CNT,BANKED
000000	0100	BANKSEL USBLASTCONTROL
000BC4	693D	SETF USBLASTCONTROL,BANKED
000BC6	D004	BRA ENDIF29
		ELSE29_1
000000	0100	BANKSEL USBDESCSTART
000BCA	513A	MOVF USBDESCSTART,W,BANKED
000000	0104	BANKSEL USB_IN0_CNT
000BCE	5F05	SUBWF USB_IN0_CNT,F,BANKED
		ENDIF29
000BD0	C406 FFE9	MOVFF USB_IN0_ADDR,MEMADR
000BD4	C407 FFEA	MOVFF USB_IN0_ADDR_H,MEMADR_H
000BD8	C405 F00D	MOVFF USB_IN0_CNT,MEMDATA
000000	0100	BANKSEL 0
000BDE	DC10	RCALL POKE
000BE0	0E01	MOVLW 1
000000	0104	BANKSEL USB_IN0_ADDR
000BE4	2506	ADDWF USB_IN0_ADDR,W,BANKED
000BE6	6EE9	MOVWF MEMADR,ACCESS
000BE8	0E00	MOVLW 0
000BEA	2107	ADDWFC USB_IN0_ADDR_H,W,BANKED
000BEC	6EEA	MOVWF MEMADR_H,ACCESS
000BEE	0E03	MOVLW 3
000000	0100	BANKSEL MEMDATA
000BF2	6F0D	MOVWF MEMDATA,BANKED
000BF4	DC05	RCALL POKE
000BF6	6B35	CLRF USBCURRBYTE,BANKED
000BF8	0E01	MOVLW 1
000000	0107	BANKSEL SYSUSBTEMPSTRING_0
000BFC	5DD5	SUBWF SYSUSBTEMPSTRING_0,W,BANKED
000BFE	A0D8	BTFSS STATUS, C,ACCESS
000C00	D030	BRA SYSFORLOOPEND5
		ENDIF30
		SYSFORLOOP5
000000	0100	BANKSEL USBCURRBYTE
000C04	2B35	INCF USBCURRBYTE,F,BANKED
000C06	EE07 F0D5	LFSR 0,USBTEMPSTRING
000C0A	5135	MOVF USBCURRBYTE,W,BANKED
000C0C	26E9	ADDWF AFSR0,F,ACCESS
000C0E	0E00	MOVLW 0
000C10	22EA	ADDWFC AFSR0_H,F,ACCESS
000C12	CFEF F042	MOVFF INDF0,USBTEMPBYTE
000C16	5135	MOVF USBCURRBYTE,W,BANKED
000C18	0D02	MULLW 2
000C1A	CFF3 F02F	MOVFF PRODL,SYSTEMP1
000C1E	512F	MOVF SYSTEMP1,W,BANKED
000000	0104	BANKSEL USB_IN0_ADDR
000C22	2506	ADDWF USB_IN0_ADDR,W,BANKED
000C24	6EE9	MOVWF MEMADR,ACCESS
000C26	0E00	MOVLW 0
000C28	2107	ADDWFC USB_IN0_ADDR_H,W,BANKED
000C2A	6EEA	MOVWF MEMADR_H,ACCESS
000C2C	C042 F00D	MOVFF USBTEMPBYTE,MEMDATA
000000	0100	BANKSEL 0
000C32	EC00 F002	CALL POKE
000C36	5135	MOVF USBCURRBYTE,W,BANKED
000C38	0D02	MULLW 2
000C3A	CFF3 F02F	MOVFF PRODL,SYSTEMP1
000C3E	292F	INCF SYSTEMP1,W,BANKED
000C40	6F31	MOVWF SYSTEMP2,BANKED
000000	0104	BANKSEL USB_IN0_ADDR
000C44	2506	ADDWF USB_IN0_ADDR,W,BANKED
000C46	6EE9	MOVWF MEMADR,ACCESS
000C48	0E00	MOVLW 0
000C4A	2107	ADDWFC USB_IN0_ADDR_H,W,BANKED
000C4C	6EEA	MOVWF MEMADR_H,ACCESS
000000	0100	BANKSEL MEMDATA
000C50	6B0D	CLRF MEMDATA,BANKED
000C52	EC00 F002	CALL POKE
000000	0107	BANKSEL SYSUSBTEMPSTRING_0
000C58	51D5	MOVF SYSUSBTEMPSTRING_0,W,BANKED
000000	0100	BANKSEL USBCURRBYTE
000C5C	5D35	SUBWF USBCURRBYTE,W,BANKED
000C5E	A0D8	BTFSS STATUS, C,ACCESS
000C60	D7D0	BRA SYSFORLOOP5
		ENDIF31
		SYSFORLOOPEND5
000000	0104	BANKSEL USB_IN0_CNT
000C64	5105	MOVF USB_IN0_CNT,W,BANKED
000000	0100	BANKSEL USBDESCSIZEIN
000C68	5D39	SUBWF USBDESCSIZEIN,W,BANKED
000C6A	A0D8	BTFSS STATUS, C,ACCESS
000C6C	C039 F405	MOVFF USBDESCSIZEIN,USB_IN0_CNT
		ENDIF32
000000	0104	BANKSEL USB_IN0_CNT
000C72	5105	MOVF USB_IN0_CNT,W,BANKED
000000	0100	BANKSEL USBDESCSTART
000C76	273A	ADDWF USBDESCSTART,F,BANKED
		ENDIF27
000C78	D003	BRA SYSSELECTEND4
		SYSSELECT4CASE5
000C7A	EC4E F000	CALL DESCRIPTORHANDLER_CALLBACK
000C7E	0012	RETURN
		SYSSELECTEND4
000000	0104	BANKSEL USB_IN0_STAT
000C82	AD04	BTFSS USB_IN0_STAT,6,BANKED
000C84	D003	BRA ELSE28_1
000C86	0E88	MOVLW 136
000C88	6F04	MOVWF USB_IN0_STAT,BANKED
000C8A	D002	BRA ENDIF28
		ELSE28_1
000C8C	0EC8	MOVLW 200
000C8E	6F04	MOVWF USB_IN0_STAT,BANKED
		ENDIF28
000000	0100	BANKSEL 0
000C92	0012	RETURN


