GCASM List File (GCBASIC 0.98.<<>> 2018-10-03 (Windows 32 bit))

Symbols:
A 	EQU 	0
ABDEN 	EQU 	0
ABDOVF 	EQU 	7
ACCESS 	EQU 	0
ACKDT 	EQU 	5
ACKEN 	EQU 	4
ACKSTAT 	EQU 	6
ACKTIM 	EQU 	7
ADC2LEDS 	EQU 	211
ADCON0 	EQU 	157
ADCON1 	EQU 	158
ADCS0 	EQU 	4
ADCS1 	EQU 	5
ADCS2 	EQU 	6
ADDEN 	EQU 	3
ADFM 	EQU 	7
ADFVR0 	EQU 	0
ADFVR1 	EQU 	1
ADGO 	EQU 	1
ADIE 	EQU 	6
ADIF 	EQU 	6
ADNREF 	EQU 	2
ADON 	EQU 	0
ADPREF0 	EQU 	0
ADPREF1 	EQU 	1
ADREADPORT 	EQU 	32
ADRES 	EQU 	155
ADRESH 	EQU 	156
ADRESL 	EQU 	155
AFSR0 	EQU 	4
AFSR0_H 	EQU 	5
AHEN 	EQU 	1
ANSA0 	EQU 	0
ANSA1 	EQU 	1
ANSA2 	EQU 	2
ANSA4 	EQU 	4
ANSB4 	EQU 	4
ANSB5 	EQU 	5
ANSC0 	EQU 	0
ANSC1 	EQU 	1
ANSC2 	EQU 	2
ANSC3 	EQU 	3
ANSC6 	EQU 	6
ANSC7 	EQU 	7
ANSELA 	EQU 	396
ANSELB 	EQU 	397
ANSELC 	EQU 	398
APFCON0 	EQU 	285
APFCON1 	EQU 	286
B 	EQU 	1
BANKED 	EQU 	1
BASPROGRAMEND 	EQU 	209
BASPROGRAMSTART 	EQU 	30
BAUDCON 	EQU 	415
BCL1IE 	EQU 	3
BCL1IF 	EQU 	3
BCL2IE 	EQU 	1
BCL2IF 	EQU 	1
BF 	EQU 	0
BLINKLED 	EQU 	2048
BOEN 	EQU 	4
BORCON 	EQU 	278
BORRDY 	EQU 	0
BRG16 	EQU 	3
BRGH 	EQU 	2
BSR 	EQU 	8
BSR0 	EQU 	0
BSR1 	EQU 	1
BSR2 	EQU 	2
BSR3 	EQU 	3
BSR4 	EQU 	4
BSR_SHAD 	EQU 	4070
C 	EQU 	0
C1HYS 	EQU 	1
C1IE 	EQU 	5
C1IF 	EQU 	5
C1INTN 	EQU 	6
C1INTP 	EQU 	7
C1NCH0 	EQU 	0
C1NCH1 	EQU 	1
C1OE 	EQU 	5
C1ON 	EQU 	7
C1OUT 	EQU 	6
C1PCH0 	EQU 	4
C1PCH1 	EQU 	5
C1POL 	EQU 	4
C1SP 	EQU 	2
C1SYNC 	EQU 	0
C1TSEL0 	EQU 	0
C1TSEL1 	EQU 	1
C2HYS 	EQU 	1
C2IE 	EQU 	6
C2IF 	EQU 	6
C2INTN 	EQU 	6
C2INTP 	EQU 	7
C2NCH0 	EQU 	0
C2NCH1 	EQU 	1
C2OE 	EQU 	5
C2ON 	EQU 	7
C2OUT 	EQU 	6
C2PCH0 	EQU 	4
C2PCH1 	EQU 	5
C2POL 	EQU 	4
C2SP 	EQU 	2
C2SYNC 	EQU 	0
C2TSEL0 	EQU 	2
C2TSEL1 	EQU 	3
C3TSEL0 	EQU 	4
C3TSEL1 	EQU 	5
C4TSEL0 	EQU 	6
C4TSEL1 	EQU 	7
CCP1AS 	EQU 	661
CCP1AS0 	EQU 	4
CCP1AS1 	EQU 	5
CCP1AS2 	EQU 	6
CCP1ASE 	EQU 	7
CCP1CON 	EQU 	659
CCP1IE 	EQU 	2
CCP1IF 	EQU 	2
CCP1M0 	EQU 	0
CCP1M1 	EQU 	1
CCP1M2 	EQU 	2
CCP1M3 	EQU 	3
CCP2AS 	EQU 	668
CCP2AS0 	EQU 	4
CCP2AS1 	EQU 	5
CCP2AS2 	EQU 	6
CCP2ASE 	EQU 	7
CCP2CON 	EQU 	666
CCP2IE 	EQU 	0
CCP2IF 	EQU 	0
CCP2M0 	EQU 	0
CCP2M1 	EQU 	1
CCP2M2 	EQU 	2
CCP2M3 	EQU 	3
CCP2SEL 	EQU 	0
CCP3CON 	EQU 	787
CCP3IE 	EQU 	4
CCP3IF 	EQU 	4
CCP3M0 	EQU 	0
CCP3M1 	EQU 	1
CCP3M2 	EQU 	2
CCP3M3 	EQU 	3
CCP4CON 	EQU 	794
CCP4IE 	EQU 	5
CCP4IF 	EQU 	5
CCP4M0 	EQU 	0
CCP4M1 	EQU 	1
CCP4M2 	EQU 	2
CCP4M3 	EQU 	3
CCPCONCACHE 	EQU 	33
CCPPWMSETUPCLOCKSOURCE 	EQU 	515
CCPR1 	EQU 	657
CCPR1H 	EQU 	658
CCPR1L 	EQU 	657
CCPR2 	EQU 	664
CCPR2H 	EQU 	665
CCPR2L 	EQU 	664
CCPR3 	EQU 	785
CCPR3H 	EQU 	786
CCPR3L 	EQU 	785
CCPR4 	EQU 	792
CCPR4H 	EQU 	793
CCPR4L 	EQU 	792
CCPTMRS 	EQU 	670
CDAFVR0 	EQU 	2
CDAFVR1 	EQU 	3
CFGS 	EQU 	6
CHECKBUTTONS1 	EQU 	2085
CHS0 	EQU 	2
CHS1 	EQU 	3
CHS2 	EQU 	4
CHS3 	EQU 	5
CHS4 	EQU 	6
CKE 	EQU 	6
CKP 	EQU 	4
CLKRCON 	EQU 	922
CLKRDC0 	EQU 	3
CLKRDC1 	EQU 	4
CLKRDIV0 	EQU 	0
CLKRDIV1 	EQU 	1
CLKRDIV2 	EQU 	2
CLKREN 	EQU 	7
CLKROE 	EQU 	6
CLKRSLR 	EQU 	5
CM1CON0 	EQU 	273
CM1CON1 	EQU 	274
CM2CON0 	EQU 	275
CM2CON1 	EQU 	276
CMOUT 	EQU 	277
COMPORT 	EQU 	34
CPSCH0 	EQU 	0
CPSCH1 	EQU 	1
CPSCH2 	EQU 	2
CPSCH3 	EQU 	3
CPSCON0 	EQU 	30
CPSCON1 	EQU 	31
CPSON 	EQU 	7
CPSOUT 	EQU 	1
CPSRM 	EQU 	6
CPSRNG0 	EQU 	2
CPSRNG1 	EQU 	3
CREN 	EQU 	4
CSRC 	EQU 	7
C_SHAD 	EQU 	0
D10US_START 	EQU 	2113
DACCON0 	EQU 	280
DACCON1 	EQU 	281
DACEN 	EQU 	7
DACLPS 	EQU 	6
DACNSS 	EQU 	0
DACOE 	EQU 	5
DACPSS0 	EQU 	2
DACPSS1 	EQU 	3
DACR0 	EQU 	0
DACR1 	EQU 	1
DACR2 	EQU 	2
DACR3 	EQU 	3
DACR4 	EQU 	4
DC 	EQU 	1
DC1B0 	EQU 	4
DC1B1 	EQU 	5
DC2B0 	EQU 	4
DC2B1 	EQU 	5
DC3B0 	EQU 	4
DC3B1 	EQU 	5
DC4B0 	EQU 	4
DC4B1 	EQU 	5
DC_SHAD 	EQU 	1
DELAYTEMP 	EQU 	112
DELAYTEMP2 	EQU 	113
DELAY_10US 	EQU 	2113
DELAY_MS 	EQU 	270
DELAY_S 	EQU 	2116
DHEN 	EQU 	0
DIV8NOTNEG 	EQU 	2473
DMS_INNER 	EQU 	275
DMS_OUTER 	EQU 	273
DMS_START 	EQU 	271
DS_START 	EQU 	2116
D_NOT_A 	EQU 	5
ECCP1AS 	EQU 	661
ECCP1AS_CCP1AS0 	EQU 	4
ECCP1AS_CCP1AS1 	EQU 	5
ECCP1AS_CCP1AS2 	EQU 	6
ECCP1AS_CCP1ASE 	EQU 	7
ECCP1AS_PSS1AC0 	EQU 	2
ECCP1AS_PSS1AC1 	EQU 	3
ECCP1AS_PSS1BD0 	EQU 	0
ECCP1AS_PSS1BD1 	EQU 	1
EEADDRESS 	EQU 	401
EEADDRESS_H 	EQU 	402
EEADR 	EQU 	401
EEADRH 	EQU 	402
EEADRL 	EQU 	401
EECON1 	EQU 	405
EECON2 	EQU 	406
EEDAT 	EQU 	403
EEDATAVALUE 	EQU 	403
EEDATH 	EQU 	404
EEDATL 	EQU 	403
EEIE 	EQU 	4
EEIF 	EQU 	4
EEPGD 	EQU 	7
EEPROM2LEDS 	EQU 	284
ELSE132_1 	EQU 	2281
ELSE3_1 	EQU 	2106
ENDIF1 	EQU 	136
ENDIF10 	EQU 	385
ENDIF100 	EQU 	695
ENDIF101 	EQU 	770
ENDIF102 	EQU 	846
ENDIF103 	EQU 	922
ENDIF104 	EQU 	677
ENDIF105 	EQU 	752
ENDIF106 	EQU 	827
ENDIF107 	EQU 	903
ENDIF108 	EQU 	614
ENDIF109 	EQU 	621
ENDIF11 	EQU 	393
ENDIF110 	EQU 	688
ENDIF111 	EQU 	695
ENDIF112 	EQU 	763
ENDIF113 	EQU 	770
ENDIF114 	EQU 	839
ENDIF115 	EQU 	846
ENDIF116 	EQU 	915
ENDIF117 	EQU 	922
ENDIF118 	EQU 	2328
ENDIF119 	EQU 	2332
ENDIF12 	EQU 	397
ENDIF120 	EQU 	2338
ENDIF121 	EQU 	2345
ENDIF122 	EQU 	1307
ENDIF123 	EQU 	1314
ENDIF124 	EQU 	1320
ENDIF125 	EQU 	1327
ENDIF126 	EQU 	1335
ENDIF127 	EQU 	2350
ENDIF128 	EQU 	2354
ENDIF129 	EQU 	2360
ENDIF13 	EQU 	405
ENDIF130 	EQU 	2367
ENDIF131 	EQU 	2269
ENDIF132 	EQU 	2282
ENDIF133 	EQU 	978
ENDIF134 	EQU 	980
ENDIF135 	EQU 	985
ENDIF136 	EQU 	991
ENDIF137 	EQU 	997
ENDIF138 	EQU 	978
ENDIF139 	EQU 	978
ENDIF14 	EQU 	409
ENDIF140 	EQU 	978
ENDIF141 	EQU 	1770
ENDIF142 	EQU 	1797
ENDIF143 	EQU 	1690
ENDIF144 	EQU 	1721
ENDIF145 	EQU 	1456
ENDIF146 	EQU 	1497
ENDIF147 	EQU 	1536
ENDIF148 	EQU 	1574
ENDIF149 	EQU 	2264
ENDIF15 	EQU 	417
ENDIF150 	EQU 	2240
ENDIF151 	EQU 	2226
ENDIF152 	EQU 	2240
ENDIF153 	EQU 	2198
ENDIF154 	EQU 	2184
ENDIF155 	EQU 	2198
ENDIF156 	EQU 	1618
ENDIF157 	EQU 	1637
ENDIF158 	EQU 	2129
ENDIF159 	EQU 	2146
ENDIF16 	EQU 	421
ENDIF160 	EQU 	2148
ENDIF17 	EQU 	429
ENDIF18 	EQU 	2059
ENDIF19 	EQU 	2080
ENDIF2 	EQU 	208
ENDIF20 	EQU 	2084
ENDIF21 	EQU 	2072
ENDIF22 	EQU 	2080
ENDIF23 	EQU 	1252
ENDIF24 	EQU 	1296
ENDIF25 	EQU 	1300
ENDIF26 	EQU 	1268
ENDIF27 	EQU 	1275
ENDIF28 	EQU 	1282
ENDIF29 	EQU 	1289
ENDIF3 	EQU 	2111
ENDIF30 	EQU 	1296
ENDIF31 	EQU 	222
ENDIF32 	EQU 	265
ENDIF33 	EQU 	269
ENDIF34 	EQU 	244
ENDIF35 	EQU 	251
ENDIF36 	EQU 	258
ENDIF37 	EQU 	265
ENDIF38 	EQU 	1975
ENDIF39 	EQU 	2040
ENDIF4 	EQU 	2105
ENDIF40 	EQU 	2043
ENDIF41 	EQU 	2040
ENDIF42 	EQU 	2010
ENDIF43 	EQU 	2017
ENDIF44 	EQU 	2024
ENDIF45 	EQU 	2031
ENDIF46 	EQU 	1065
ENDIF47 	EQU 	1087
ENDIF48 	EQU 	1094
ENDIF49 	EQU 	1902
ENDIF5 	EQU 	2111
ENDIF50 	EQU 	1952
ENDIF51 	EQU 	1961
ENDIF52 	EQU 	1922
ENDIF53 	EQU 	1929
ENDIF54 	EQU 	1936
ENDIF55 	EQU 	1943
ENDIF56 	EQU 	1950
ENDIF57 	EQU 	2306
ENDIF58 	EQU 	2311
ENDIF59 	EQU 	1020
ENDIF6 	EQU 	2320
ENDIF60 	EQU 	1029
ENDIF61 	EQU 	1036
ENDIF62 	EQU 	1043
ENDIF63 	EQU 	1050
ENDIF64 	EQU 	1353
ENDIF65 	EQU 	1404
ENDIF66 	EQU 	1413
ENDIF67 	EQU 	1411
ENDIF68 	EQU 	1359
ENDIF69 	EQU 	1367
ENDIF7 	EQU 	2160
ENDIF70 	EQU 	1371
ENDIF71 	EQU 	1379
ENDIF72 	EQU 	1383
ENDIF73 	EQU 	1391
ENDIF74 	EQU 	1395
ENDIF75 	EQU 	1403
ENDIF76 	EQU 	295
ENDIF77 	EQU 	364
ENDIF78 	EQU 	368
ENDIF79 	EQU 	343
ENDIF8 	EQU 	2165
ENDIF80 	EQU 	350
ENDIF81 	EQU 	357
ENDIF82 	EQU 	364
ENDIF83 	EQU 	1193
ENDIF84 	EQU 	1198
ENDIF85 	EQU 	1203
ENDIF86 	EQU 	1208
ENDIF87 	EQU 	1213
ENDIF88 	EQU 	483
ENDIF89 	EQU 	499
ENDIF9 	EQU 	2169
ENDIF90 	EQU 	515
ENDIF91 	EQU 	527
ENDIF92 	EQU 	531
ENDIF93 	EQU 	537
ENDIF94 	EQU 	554
ENDIF95 	EQU 	561
ENDIF96 	EQU 	569
ENDIF97 	EQU 	586
ENDIF98 	EQU 	593
ENDIF99 	EQU 	601
END_OF_CCPPWMSETUPCLOCKSOURCE 	EQU 	601
EPWRITE 	EQU 	2126
F 	EQU 	1
FERR 	EQU 	2
FLASHLEDS 	EQU 	369
FN_READAD26 	EQU 	1095
FN_STR 	EQU 	1414
FREE 	EQU 	4
FSR0 	EQU 	4
FSR0H 	EQU 	5
FSR0H_SHAD 	EQU 	4073
FSR0L 	EQU 	4
FSR0L_SHAD 	EQU 	4072
FSR1 	EQU 	6
FSR1H 	EQU 	7
FSR1H_SHAD 	EQU 	4075
FSR1L 	EQU 	6
FSR1L_SHAD 	EQU 	4074
FVRCON 	EQU 	279
FVREN 	EQU 	7
FVRRDY 	EQU 	6
GCEN 	EQU 	7
GIE 	EQU 	7
GO 	EQU 	1
GO_DONE 	EQU 	1
GO_NOT_DONE 	EQU 	1
G_BTNSTATE 	EQU 	35
G_LABNUMBER 	EQU 	36
G_LABSTATE 	EQU 	37
G_LASTCASECHOICE 	EQU 	38
G_ROTATEREG 	EQU 	39
G_SWITCHEVENT 	EQU 	40
HELLOWORLD 	EQU 	2149
HFIOFL 	EQU 	3
HFIOFR 	EQU 	4
HFIOFS 	EQU 	0
HPWM46 	EQU 	443
HSERPRINT277 	EQU 	2170
HSERPRINTCRLF 	EQU 	2199
HSERPRINTCRLFCOUNT 	EQU 	41
HSERPRINTSTRINGCRLF 	EQU 	2212
HSERSEND 	EQU 	2246
INDF0 	EQU 	0
INDF1 	EQU 	1
INITPWM 	EQU 	924
INITSYS 	EQU 	943
INITTIMER0174 	EQU 	2265
INITTIMER1 	EQU 	963
INITUSART 	EQU 	1000
INLVLA 	EQU 	908
INLVLA0 	EQU 	0
INLVLA1 	EQU 	1
INLVLA2 	EQU 	2
INLVLA3 	EQU 	3
INLVLA4 	EQU 	4
INLVLA5 	EQU 	5
INLVLB 	EQU 	909
INLVLB4 	EQU 	4
INLVLB5 	EQU 	5
INLVLB6 	EQU 	6
INLVLB7 	EQU 	7
INLVLC 	EQU 	910
INLVLC0 	EQU 	0
INLVLC1 	EQU 	1
INLVLC2 	EQU 	2
INLVLC3 	EQU 	3
INLVLC4 	EQU 	4
INLVLC5 	EQU 	5
INLVLC6 	EQU 	6
INLVLC7 	EQU 	7
INTCON 	EQU 	11
INTE 	EQU 	4
INTEDG 	EQU 	6
INTERRUPT 	EQU 	4
INTERRUPT2LEDS 	EQU 	2287
INTERRUPTDONE 	EQU 	20
INTF 	EQU 	1
IOCAF 	EQU 	915
IOCAF0 	EQU 	0
IOCAF1 	EQU 	1
IOCAF2 	EQU 	2
IOCAF3 	EQU 	3
IOCAF4 	EQU 	4
IOCAF5 	EQU 	5
IOCAN 	EQU 	914
IOCAN0 	EQU 	0
IOCAN1 	EQU 	1
IOCAN2 	EQU 	2
IOCAN3 	EQU 	3
IOCAN4 	EQU 	4
IOCAN5 	EQU 	5
IOCAP 	EQU 	913
IOCAP0 	EQU 	0
IOCAP1 	EQU 	1
IOCAP2 	EQU 	2
IOCAP3 	EQU 	3
IOCAP4 	EQU 	4
IOCAP5 	EQU 	5
IOCBF 	EQU 	918
IOCBF4 	EQU 	4
IOCBF5 	EQU 	5
IOCBF6 	EQU 	6
IOCBF7 	EQU 	7
IOCBN 	EQU 	917
IOCBN4 	EQU 	4
IOCBN5 	EQU 	5
IOCBN6 	EQU 	6
IOCBN7 	EQU 	7
IOCBP 	EQU 	916
IOCBP4 	EQU 	4
IOCBP5 	EQU 	5
IOCBP6 	EQU 	6
IOCBP7 	EQU 	7
IOCIE 	EQU 	3
IOCIF 	EQU 	0
IRCF0 	EQU 	3
IRCF1 	EQU 	4
IRCF2 	EQU 	5
IRCF3 	EQU 	6
LAB_ISR 	EQU 	1014
LATA 	EQU 	268
LATA0 	EQU 	0
LATA1 	EQU 	1
LATA2 	EQU 	2
LATA4 	EQU 	4
LATA5 	EQU 	5
LATB 	EQU 	269
LATB4 	EQU 	4
LATB5 	EQU 	5
LATB6 	EQU 	6
LATB7 	EQU 	7
LATC 	EQU 	270
LATC0 	EQU 	0
LATC1 	EQU 	1
LATC2 	EQU 	2
LATC3 	EQU 	3
LATC4 	EQU 	4
LATC5 	EQU 	5
LATC6 	EQU 	6
LATC7 	EQU 	7
LEGACY_STARTOFFIXEDCCPPWMMODECODE 	EQU 	926
LFIOFR 	EQU 	1
LWLO 	EQU 	5
L_ADCRESULT 	EQU 	42
L_DELAY 	EQU 	43
L_EEADDR 	EQU 	44
MC1OUT 	EQU 	0
MC2OUT 	EQU 	1
MDBIT 	EQU 	0
MDCARH 	EQU 	927
MDCARL 	EQU 	926
MDCH0 	EQU 	0
MDCH1 	EQU 	1
MDCH2 	EQU 	2
MDCH3 	EQU 	3
MDCHODIS 	EQU 	7
MDCHPOL 	EQU 	6
MDCHSYNC 	EQU 	5
MDCL0 	EQU 	0
MDCL1 	EQU 	1
MDCL2 	EQU 	2
MDCL3 	EQU 	3
MDCLODIS 	EQU 	7
MDCLPOL 	EQU 	6
MDCLSYNC 	EQU 	5
MDCON 	EQU 	924
MDEN 	EQU 	7
MDMS0 	EQU 	0
MDMS1 	EQU 	1
MDMS2 	EQU 	2
MDMS3 	EQU 	3
MDMSODIS 	EQU 	7
MDOE 	EQU 	6
MDOPOL 	EQU 	4
MDOUT 	EQU 	3
MDSLR 	EQU 	5
MDSRC 	EQU 	925
MFIOFR 	EQU 	2
MUL32LOOP 	EQU 	1760
NEXTLAB 	EQU 	2312
NOTTMR0IF 	EQU 	20
NOT_BOR 	EQU 	0
NOT_PD 	EQU 	3
NOT_POR 	EQU 	1
NOT_RI 	EQU 	2
NOT_RMCLR 	EQU 	3
NOT_T1SYNC 	EQU 	2
NOT_TO 	EQU 	4
NOT_WPUEN 	EQU 	7
OERR 	EQU 	1
OPTION_REG 	EQU 	149
OSCCON 	EQU 	153
OSCSTAT 	EQU 	154
OSCTUNE 	EQU 	152
OSFIE 	EQU 	7
OSFIF 	EQU 	7
OSTS 	EQU 	5
P 	EQU 	4
P1CSEL 	EQU 	2
P1DC0 	EQU 	0
P1DC1 	EQU 	1
P1DC2 	EQU 	2
P1DC3 	EQU 	3
P1DC4 	EQU 	4
P1DC5 	EQU 	5
P1DC6 	EQU 	6
P1DSEL 	EQU 	3
P1M0 	EQU 	6
P1M1 	EQU 	7
P1RSEN 	EQU 	7
P2BSEL 	EQU 	1
P2DC0 	EQU 	0
P2DC1 	EQU 	1
P2DC2 	EQU 	2
P2DC3 	EQU 	3
P2DC4 	EQU 	4
P2DC5 	EQU 	5
P2DC6 	EQU 	6
P2M0 	EQU 	6
P2M1 	EQU 	7
P2RSEN 	EQU 	7
PCIE 	EQU 	6
PCL 	EQU 	2
PCLATH 	EQU 	10
PCLATH_SHAD 	EQU 	4071
PCON 	EQU 	150
PEIE 	EQU 	6
PEN 	EQU 	2
PIE1 	EQU 	145
PIE2 	EQU 	146
PIE3 	EQU 	147
PIE4 	EQU 	148
PIR1 	EQU 	17
PIR2 	EQU 	18
PIR3 	EQU 	19
PIR4 	EQU 	20
PLLR 	EQU 	6
PORTA 	EQU 	12
PORTB 	EQU 	13
PORTC 	EQU 	14
PR2 	EQU 	27
PR4 	EQU 	1046
PR6 	EQU 	1053
PRINTLEN 	EQU 	45
PRX_TEMP 	EQU 	46
PRX_TEMP_E 	EQU 	49
PRX_TEMP_H 	EQU 	47
PRX_TEMP_U 	EQU 	48
PS0 	EQU 	0
PS1 	EQU 	1
PS2 	EQU 	2
PSA 	EQU 	3
PSS1AC0 	EQU 	2
PSS1AC1 	EQU 	3
PSS1BD0 	EQU 	0
PSS1BD1 	EQU 	1
PSS2AC0 	EQU 	2
PSS2AC1 	EQU 	3
PSS2BD0 	EQU 	0
PSS2BD1 	EQU 	1
PSTR1CON 	EQU 	662
PSTR2CON 	EQU 	669
PWM1CON 	EQU 	660
PWM2CON 	EQU 	667
PWM2LEDS 	EQU 	1052
PWMCHANNEL 	EQU 	50
PWMDUTY 	EQU 	51
PWMDUTY_H 	EQU 	52
PWMFREQ 	EQU 	53
PWMOFF42 	EQU 	2321
PWMRESOLUTION 	EQU 	54
PWMRESOLUTION_H 	EQU 	55
RA0 	EQU 	0
RA1 	EQU 	1
RA2 	EQU 	2
RA3 	EQU 	3
RA4 	EQU 	4
RA5 	EQU 	5
RB4 	EQU 	4
RB5 	EQU 	5
RB6 	EQU 	6
RB7 	EQU 	7
RC0 	EQU 	0
RC1 	EQU 	1
RC2 	EQU 	2
RC3 	EQU 	3
RC4 	EQU 	4
RC5 	EQU 	5
RC6 	EQU 	6
RC7 	EQU 	7
RCEN 	EQU 	3
RCIDL 	EQU 	6
RCIE 	EQU 	5
RCIF 	EQU 	5
RCREG 	EQU 	409
RCSTA 	EQU 	413
RD 	EQU 	0
READAD 	EQU 	56
REV2018_ENDOFFIXEDPWMMODECODE 	EQU 	942
ROTATELEDS 	EQU 	1239
RSEN 	EQU 	1
RX9 	EQU 	6
RX9D 	EQU 	0
RXDTSEL 	EQU 	7
R_NOT_W 	EQU 	2
S 	EQU 	3
SAVEPCLATH 	EQU 	57
SBCDE 	EQU 	2
SBOREN 	EQU 	7
SCIE 	EQU 	5
SCKP 	EQU 	4
SCLT16TRUE 	EQU 	2412
SCLT32TRUE 	EQU 	2437
SCS0 	EQU 	0
SCS1 	EQU 	1
SDAHT 	EQU 	3
SDO2SEL 	EQU 	5
SEN 	EQU 	0
SENDB 	EQU 	3
SERDATA 	EQU 	58
SETPWMDUTYCODE 	EQU 	942
SETTIMER 	EQU 	1301
SETUPCCPPWMREGISTERS 	EQU 	607
SETUPTHECORRECTTIMERBITS 	EQU 	601
SLEEPWAKEUP2LEDS 	EQU 	1337
SMP 	EQU 	7
SPBRG 	EQU 	411
SPBRGH 	EQU 	412
SPBRGL 	EQU 	411
SPEN 	EQU 	7
SPLLEN 	EQU 	7
SRCLK0 	EQU 	4
SRCLK1 	EQU 	5
SRCLK2 	EQU 	6
SRCON0 	EQU 	282
SRCON1 	EQU 	283
SREN 	EQU 	5
SRLEN 	EQU 	7
SRNQEN 	EQU 	2
SRPR 	EQU 	0
SRPS 	EQU 	1
SRQEN 	EQU 	3
SRRC1E 	EQU 	0
SRRC2E 	EQU 	1
SRRCKE 	EQU 	2
SRRPE 	EQU 	3
SRSC1E 	EQU 	4
SRSC2E 	EQU 	5
SRSCKE 	EQU 	6
SRSPE 	EQU 	7
SS2SEL 	EQU 	4
SSP1ADD 	EQU 	530
SSP1BUF 	EQU 	529
SSP1CON1 	EQU 	533
SSP1CON2 	EQU 	534
SSP1CON3 	EQU 	535
SSP1IE 	EQU 	3
SSP1IF 	EQU 	3
SSP1MSK 	EQU 	531
SSP1STAT 	EQU 	532
SSP2ADD 	EQU 	538
SSP2BUF 	EQU 	537
SSP2CON1 	EQU 	541
SSP2CON1_CKP 	EQU 	4
SSP2CON1_SSPEN 	EQU 	5
SSP2CON1_SSPM0 	EQU 	0
SSP2CON1_SSPM1 	EQU 	1
SSP2CON1_SSPM2 	EQU 	2
SSP2CON1_SSPM3 	EQU 	3
SSP2CON1_SSPOV 	EQU 	6
SSP2CON1_WCOL 	EQU 	7
SSP2CON2 	EQU 	542
SSP2CON2_ACKDT 	EQU 	5
SSP2CON2_ACKEN 	EQU 	4
SSP2CON2_ACKSTAT 	EQU 	6
SSP2CON2_GCEN 	EQU 	7
SSP2CON2_PEN 	EQU 	2
SSP2CON2_RCEN 	EQU 	3
SSP2CON2_RSEN 	EQU 	1
SSP2CON2_SEN 	EQU 	0
SSP2CON3 	EQU 	543
SSP2CON3_ACKTIM 	EQU 	7
SSP2CON3_AHEN 	EQU 	1
SSP2CON3_BOEN 	EQU 	4
SSP2CON3_DHEN 	EQU 	0
SSP2CON3_PCIE 	EQU 	6
SSP2CON3_SBCDE 	EQU 	2
SSP2CON3_SCIE 	EQU 	5
SSP2CON3_SDAHT 	EQU 	3
SSP2IE 	EQU 	0
SSP2IF 	EQU 	0
SSP2MSK 	EQU 	539
SSP2STAT 	EQU 	540
SSP2STAT_BF 	EQU 	0
SSP2STAT_CKE 	EQU 	6
SSP2STAT_D_NOT_A 	EQU 	5
SSP2STAT_P 	EQU 	4
SSP2STAT_R_NOT_W 	EQU 	2
SSP2STAT_S 	EQU 	3
SSP2STAT_SMP 	EQU 	7
SSP2STAT_UA 	EQU 	1
SSPADD 	EQU 	530
SSPBUF 	EQU 	529
SSPCON 	EQU 	533
SSPCON1 	EQU 	533
SSPCON1_CKP 	EQU 	4
SSPCON1_SSPEN 	EQU 	5
SSPCON1_SSPM0 	EQU 	0
SSPCON1_SSPM1 	EQU 	1
SSPCON1_SSPM2 	EQU 	2
SSPCON1_SSPM3 	EQU 	3
SSPCON1_SSPOV 	EQU 	6
SSPCON1_WCOL 	EQU 	7
SSPCON2 	EQU 	534
SSPCON2_ACKDT 	EQU 	5
SSPCON2_ACKEN 	EQU 	4
SSPCON2_ACKSTAT 	EQU 	6
SSPCON2_GCEN 	EQU 	7
SSPCON2_PEN 	EQU 	2
SSPCON2_RCEN 	EQU 	3
SSPCON2_RSEN 	EQU 	1
SSPCON2_SEN 	EQU 	0
SSPCON3 	EQU 	535
SSPCON3_ACKTIM 	EQU 	7
SSPCON3_AHEN 	EQU 	1
SSPCON3_BOEN 	EQU 	4
SSPCON3_DHEN 	EQU 	0
SSPCON3_PCIE 	EQU 	6
SSPCON3_SBCDE 	EQU 	2
SSPCON3_SCIE 	EQU 	5
SSPCON3_SDAHT 	EQU 	3
SSPCON_CKP 	EQU 	4
SSPCON_SSPEN 	EQU 	5
SSPCON_SSPM0 	EQU 	0
SSPCON_SSPM1 	EQU 	1
SSPCON_SSPM2 	EQU 	2
SSPCON_SSPM3 	EQU 	3
SSPCON_SSPOV 	EQU 	6
SSPCON_WCOL 	EQU 	7
SSPEN 	EQU 	5
SSPM0 	EQU 	0
SSPM1 	EQU 	1
SSPM2 	EQU 	2
SSPM3 	EQU 	3
SSPMSK 	EQU 	531
SSPOV 	EQU 	6
SSPSTAT 	EQU 	532
SSPSTAT_BF 	EQU 	0
SSPSTAT_CKE 	EQU 	6
SSPSTAT_D_NOT_A 	EQU 	5
SSPSTAT_P 	EQU 	4
SSPSTAT_R_NOT_W 	EQU 	2
SSPSTAT_S 	EQU 	3
SSPSTAT_SMP 	EQU 	7
SSPSTAT_UA 	EQU 	1
STARTOFFIXEDPWMMODECODE 	EQU 	942
STARTTIMER 	EQU 	2325
STATUS 	EQU 	3
STATUS_SHAD 	EQU 	4068
STKOVF 	EQU 	7
STKPTR 	EQU 	4077
STKUNF 	EQU 	6
STOPTIMER 	EQU 	2347
STR 	EQU 	9180
STR1A 	EQU 	0
STR1B 	EQU 	1
STR1C 	EQU 	2
STR1D 	EQU 	3
STR1SYNC 	EQU 	4
STR2A 	EQU 	0
STR2B 	EQU 	1
STR2C 	EQU 	2
STR2D 	EQU 	3
STR2SYNC 	EQU 	4
STRINGPOINTER 	EQU 	59
STRINGTABLE1 	EQU 	1813
STRINGTABLE2 	EQU 	1836
STRINGTABLE3 	EQU 	1845
STRINGTABLE53 	EQU 	1858
SWDTEN 	EQU 	0
SYNC 	EQU 	4
SYSBSR 	EQU 	60
SYSBYTETEMPA 	EQU 	117
SYSBYTETEMPB 	EQU 	121
SYSBYTETEMPX 	EQU 	112
SYSCALCTEMPA 	EQU 	117
SYSCALCTEMPX 	EQU 	112
SYSCALCTEMPX_H 	EQU 	113
SYSCHARCOUNT 	EQU 	61
SYSCOMPEQUAL16 	EQU 	2369
SYSCOMPEQUAL32 	EQU 	2380
SYSCOMPLESSTHAN16 	EQU 	2399
SYSCOMPLESSTHAN32 	EQU 	2414
SYSCOPYSTRING 	EQU 	2439
SYSCOPYSTRINGCHECK 	EQU 	2446
SYSCOPYSTRINGPART 	EQU 	2443
SYSDIV16START 	EQU 	1620
SYSDIV32START 	EQU 	1692
SYSDIV8START 	EQU 	2462
SYSDIVLOOP 	EQU 	116
SYSDIVMULTA 	EQU 	119
SYSDIVMULTA_H 	EQU 	120
SYSDIVMULTB 	EQU 	123
SYSDIVMULTB_H 	EQU 	124
SYSDIVMULTX 	EQU 	114
SYSDIVMULTX_H 	EQU 	115
SYSDIVSUB 	EQU 	2456
SYSDIVSUB16 	EQU 	1594
SYSDIVSUB32 	EQU 	1648
SYSDOLOOP_E1 	EQU 	209
SYSDOLOOP_E2 	EQU 	2003
SYSDOLOOP_S1 	EQU 	89
SYSDOLOOP_S2 	EQU 	1994
SYSFORLOOP1 	EQU 	2226
SYSFORLOOP2 	EQU 	2184
SYSFORLOOPEND1 	EQU 	2240
SYSFORLOOPEND2 	EQU 	2198
SYSINTSTATESAVE0 	EQU 	62
SYSLONGDIVMULTA 	EQU 	63
SYSLONGDIVMULTA_E 	EQU 	66
SYSLONGDIVMULTA_H 	EQU 	64
SYSLONGDIVMULTA_U 	EQU 	65
SYSLONGDIVMULTB 	EQU 	67
SYSLONGDIVMULTB_E 	EQU 	70
SYSLONGDIVMULTB_H 	EQU 	68
SYSLONGDIVMULTB_U 	EQU 	69
SYSLONGDIVMULTX 	EQU 	71
SYSLONGDIVMULTX_E 	EQU 	74
SYSLONGDIVMULTX_H 	EQU 	72
SYSLONGDIVMULTX_U 	EQU 	73
SYSLONGTEMPA 	EQU 	117
SYSLONGTEMPA_E 	EQU 	120
SYSLONGTEMPA_H 	EQU 	118
SYSLONGTEMPA_U 	EQU 	119
SYSLONGTEMPB 	EQU 	121
SYSLONGTEMPB_E 	EQU 	124
SYSLONGTEMPB_H 	EQU 	122
SYSLONGTEMPB_U 	EQU 	123
SYSLONGTEMPX 	EQU 	112
SYSLONGTEMPX_E 	EQU 	115
SYSLONGTEMPX_H 	EQU 	113
SYSLONGTEMPX_U 	EQU 	114
SYSMULTSUB32 	EQU 	1740
SYSPRINTDATAHANDLER 	EQU 	75
SYSPRINTDATAHANDLER_H 	EQU 	76
SYSPRINTTEMP 	EQU 	77
SYSREADADBYTE 	EQU 	56
SYSREADSTRING 	EQU 	2476
SYSREADSTRINGPART 	EQU 	2482
SYSREPEATLOOP1 	EQU 	382
SYSREPEATLOOP2 	EQU 	2203
SYSREPEATLOOPEND1 	EQU 	436
SYSREPEATLOOPEND2 	EQU 	2211
SYSREPEATTEMP1 	EQU 	78
SYSREPEATTEMP2 	EQU 	79
SYSSELECT1CASE1 	EQU 	136
SYSSELECT1CASE10 	EQU 	195
SYSSELECT1CASE2 	EQU 	143
SYSSELECT1CASE3 	EQU 	151
SYSSELECT1CASE4 	EQU 	157
SYSSELECT1CASE5 	EQU 	163
SYSSELECT1CASE6 	EQU 	169
SYSSELECT1CASE7 	EQU 	175
SYSSELECT1CASE8 	EQU 	181
SYSSELECT1CASE9 	EQU 	189
SYSSELECT2CASE1 	EQU 	1097
SYSSELECT2CASE10 	EQU 	1159
SYSSELECT2CASE11 	EQU 	1166
SYSSELECT2CASE12 	EQU 	1173
SYSSELECT2CASE2 	EQU 	1104
SYSSELECT2CASE3 	EQU 	1110
SYSSELECT2CASE4 	EQU 	1117
SYSSELECT2CASE5 	EQU 	1124
SYSSELECT2CASE6 	EQU 	1131
SYSSELECT2CASE7 	EQU 	1138
SYSSELECT2CASE8 	EQU 	1145
SYSSELECT2CASE9 	EQU 	1152
SYSSELECT3CASE1 	EQU 	515
SYSSELECT3CASE2 	EQU 	538
SYSSELECT3CASE3 	EQU 	570
SYSSELECTEND1 	EQU 	202
SYSSELECTEND2 	EQU 	1179
SYSSELECTEND3 	EQU 	601
SYSSTATUS 	EQU 	127
SYSSTRDATA 	EQU 	80
SYSSTRINGA 	EQU 	119
SYSSTRINGA_H 	EQU 	120
SYSSTRINGCOPY 	EQU 	2449
SYSSTRINGLENGTH 	EQU 	118
SYSSTRINGPARAM1 	EQU 	9186
SYSSTRINGREAD 	EQU 	2490
SYSSTRINGREADCHECK 	EQU 	2487
SYSSTRINGTABLES 	EQU 	1806
SYSSTR_0 	EQU 	1596
SYSTEMP1 	EQU 	81
SYSTEMP1_E 	EQU 	84
SYSTEMP1_H 	EQU 	82
SYSTEMP1_U 	EQU 	83
SYSVALHUNDREDS 	EQU 	1510
SYSVALTEMP 	EQU 	85
SYSVALTEMP_H 	EQU 	86
SYSVALTENS 	EQU 	1549
SYSVALTHOUSANDS 	EQU 	1470
SYSW 	EQU 	126
SYSWAITLOOP1 	EQU 	2097
SYSWAITLOOP2 	EQU 	1905
SYSWAITLOOP3 	EQU 	1224
SYSWAITLOOP4 	EQU 	2140
SYSWAITLOOP5 	EQU 	2249
SYSWAITLOOP6 	EQU 	2254
SYSWAITTEMP10US 	EQU 	117
SYSWAITTEMPMS 	EQU 	114
SYSWAITTEMPMS_H 	EQU 	115
SYSWAITTEMPS 	EQU 	116
SYSWORDTEMPA 	EQU 	117
SYSWORDTEMPA_H 	EQU 	118
SYSWORDTEMPB 	EQU 	121
SYSWORDTEMPB_H 	EQU 	122
SYSWORDTEMPX 	EQU 	112
SYSWORDTEMPX_H 	EQU 	113
T0CS 	EQU 	5
T0IE 	EQU 	5
T0IF 	EQU 	2
T0SE 	EQU 	4
T0XCS 	EQU 	0
T1CKPS0 	EQU 	4
T1CKPS1 	EQU 	5
T1CON 	EQU 	24
T1GCON 	EQU 	25
T1GGO 	EQU 	3
T1GPOL 	EQU 	6
T1GSEL 	EQU 	3
T1GSPM 	EQU 	4
T1GSS0 	EQU 	0
T1GSS1 	EQU 	1
T1GTM 	EQU 	5
T1GVAL 	EQU 	2
T1OSCEN 	EQU 	3
T1OSCR 	EQU 	7
T2CKPS0 	EQU 	0
T2CKPS1 	EQU 	1
T2CON 	EQU 	28
T2OUTPS0 	EQU 	3
T2OUTPS1 	EQU 	4
T2OUTPS2 	EQU 	5
T2OUTPS3 	EQU 	6
T4CKPS0 	EQU 	0
T4CKPS1 	EQU 	1
T4CON 	EQU 	1047
T4OUTPS0 	EQU 	3
T4OUTPS1 	EQU 	4
T4OUTPS2 	EQU 	5
T4OUTPS3 	EQU 	6
T6CKPS0 	EQU 	0
T6CKPS1 	EQU 	1
T6CON 	EQU 	1054
T6OUTPS0 	EQU 	3
T6OUTPS1 	EQU 	4
T6OUTPS2 	EQU 	5
T6OUTPS3 	EQU 	6
TIMERLEDS 	EQU 	1866
TIMERSELECTIONBITS 	EQU 	87
TMR0 	EQU 	21
TMR0CS 	EQU 	5
TMR0IE 	EQU 	5
TMR0IF 	EQU 	2
TMR0SE 	EQU 	4
TMR1 	EQU 	22
TMR1CS0 	EQU 	6
TMR1CS1 	EQU 	7
TMR1GE 	EQU 	7
TMR1GIE 	EQU 	7
TMR1GIF 	EQU 	7
TMR1H 	EQU 	23
TMR1IE 	EQU 	0
TMR1IF 	EQU 	0
TMR1L 	EQU 	22
TMR1ON 	EQU 	0
TMR2 	EQU 	26
TMR2IE 	EQU 	1
TMR2IF 	EQU 	1
TMR2ON 	EQU 	2
TMR4 	EQU 	1045
TMR4IE 	EQU 	1
TMR4IF 	EQU 	1
TMR4ON 	EQU 	2
TMR6 	EQU 	1052
TMR6IE 	EQU 	3
TMR6IF 	EQU 	3
TMR6ON 	EQU 	2
TMRNUMBER 	EQU 	88
TMRPRES 	EQU 	89
TMRSOURCE 	EQU 	90
TMRVALUE 	EQU 	91
TMRVALUE_H 	EQU 	92
TOSH 	EQU 	4079
TOSL 	EQU 	4078
TRISA 	EQU 	140
TRISA0 	EQU 	0
TRISA1 	EQU 	1
TRISA2 	EQU 	2
TRISA3 	EQU 	3
TRISA4 	EQU 	4
TRISA5 	EQU 	5
TRISB 	EQU 	141
TRISB4 	EQU 	4
TRISB5 	EQU 	5
TRISB6 	EQU 	6
TRISB7 	EQU 	7
TRISC 	EQU 	142
TRISC0 	EQU 	0
TRISC1 	EQU 	1
TRISC2 	EQU 	2
TRISC3 	EQU 	3
TRISC4 	EQU 	4
TRISC5 	EQU 	5
TRISC6 	EQU 	6
TRISC7 	EQU 	7
TRMT 	EQU 	1
TSEN 	EQU 	5
TSRNG 	EQU 	4
TUN0 	EQU 	0
TUN1 	EQU 	1
TUN2 	EQU 	2
TUN3 	EQU 	3
TUN4 	EQU 	4
TUN5 	EQU 	5
TX9 	EQU 	6
TX9D 	EQU 	0
TXCKSEL 	EQU 	2
TXEN 	EQU 	5
TXIE 	EQU 	4
TXIF 	EQU 	4
TXREG 	EQU 	410
TXSTA 	EQU 	414
TX_PR 	EQU 	93
UA 	EQU 	1
VSRLEDS 	EQU 	1962
W 	EQU 	0
WCOL 	EQU 	7
WDTCON 	EQU 	151
WDTPS0 	EQU 	1
WDTPS1 	EQU 	2
WDTPS2 	EQU 	3
WDTPS3 	EQU 	4
WDTPS4 	EQU 	5
WPUA 	EQU 	524
WPUA0 	EQU 	0
WPUA1 	EQU 	1
WPUA2 	EQU 	2
WPUA3 	EQU 	3
WPUA4 	EQU 	4
WPUA5 	EQU 	5
WPUB 	EQU 	525
WPUB4 	EQU 	4
WPUB5 	EQU 	5
WPUB6 	EQU 	6
WPUB7 	EQU 	7
WPUC 	EQU 	526
WPUC0 	EQU 	0
WPUC1 	EQU 	1
WPUC2 	EQU 	2
WPUC3 	EQU 	3
WPUC4 	EQU 	4
WPUC5 	EQU 	5
WPUC6 	EQU 	6
WPUC7 	EQU 	7
WR 	EQU 	1
WREG 	EQU 	9
WREG_SHAD 	EQU 	4069
WREN 	EQU 	2
WRERR 	EQU 	3
WRITEDATA 	EQU 	94
WUE 	EQU 	1
Z 	EQU 	2
Z_SHAD 	EQU 	2
_BOREN_SBODEN 	EQU 	15359
_PWMTIMERSELECTED 	EQU 	95

Code:
Loc	Obj Code	Original Assembly




















































































































000000	3180	PAGESEL BASPROGRAMSTART
000001	281E	GOTO BASPROGRAMSTART

		INTERRUPT


000004	00FE	MOVWF SYSW
000005	0E03	SWAPF STATUS,W
000006	00FF	MOVWF SYSSTATUS
000007	0808	MOVF BSR,W
000000	0020	BANKSEL STATUS
000009	00BC	MOVWF SYSBSR
00000A	080A	MOVF PCLATH,W
00000B	00B9	MOVWF SAVEPCLATH
00000C	018A	CLRF PCLATH
00000D	1E8B	BTFSS INTCON,TMR0IE
00000E	2814	GOTO NOTTMR0IF
00000F	1D0B	BTFSS INTCON,TMR0IF
000010	2814	GOTO NOTTMR0IF
000011	23F6	CALL LAB_ISR
000012	110B	BCF INTCON,TMR0IF
000013	2814	GOTO INTERRUPTDONE
		NOTTMR0IF
		INTERRUPTDONE
000014	0839	MOVF SAVEPCLATH,W
000015	008A	MOVWF PCLATH
000016	083C	MOVF SYSBSR,W
000017	0088	MOVWF BSR
000018	0E7F	SWAPF SYSSTATUS,W
000019	0083	MOVWF STATUS
00001A	0EFE	SWAPF SYSW,F
00001B	0E7E	SWAPF SYSW,W
00001C	0009	RETFIE



		BASPROGRAMSTART
00001E	23AF	CALL INITSYS
00001F	23E8	CALL INITUSART
000020	239C	CALL INITPWM
000021	178B	BSF INTCON,GIE
000022	170B	BSF INTCON,PEIE

000000	0021	BANKSEL TRISC
000024	140E	BSF TRISC,0
000025	120D	BCF TRISB,4
000026	128D	BCF TRISB,5
000027	130D	BCF TRISB,6
000028	138D	BCF TRISB,7
000000	0020	BANKSEL G_LABNUMBER
00002A	01A4	CLRF G_LABNUMBER
00002B	01A8	CLRF G_SWITCHEVENT
00002C	01A6	CLRF G_LASTCASECHOICE
00002D	01A5	CLRF G_LABSTATE
00002E	01A3	CLRF G_BTNSTATE
00002F	3002	MOVLW 2
000030	00A9	MOVWF HSERPRINTCRLFCOUNT
000031	3001	MOVLW 1
000032	00A2	MOVWF COMPORT
000000	3188	PAGESEL HSERPRINTCRLF
000034	2097	CALL HSERPRINTCRLF
000000	3180	PAGESEL $
000036	3015	MOVLW LOW STRINGTABLE1
000037	00CB	MOVWF SYSPRINTDATAHANDLER
000038	3087	MOVLW (HIGH STRINGTABLE1) | 128
000039	00CC	MOVWF SYSPRINTDATAHANDLER_H
00003A	3001	MOVLW 1
00003B	00A2	MOVWF COMPORT
000000	3188	PAGESEL HSERPRINT277
00003D	207A	CALL HSERPRINT277
000000	3180	PAGESEL $
00003F	3042	MOVLW LOW STRINGTABLE53
000040	00CB	MOVWF SYSPRINTDATAHANDLER
000041	3087	MOVLW (HIGH STRINGTABLE53) | 128
000042	00CC	MOVWF SYSPRINTDATAHANDLER_H
000043	3001	MOVLW 1
000044	00A2	MOVWF COMPORT
000000	3188	PAGESEL HSERPRINT277
000046	207A	CALL HSERPRINT277
000000	3180	PAGESEL $
000048	3002	MOVLW 2
000049	00A9	MOVWF HSERPRINTCRLFCOUNT
00004A	3001	MOVLW 1
00004B	00A2	MOVWF COMPORT
000000	3188	PAGESEL HSERPRINTCRLF
00004D	2097	CALL HSERPRINTCRLF
000000	3180	PAGESEL $
00004F	2171	CALL FLASHLEDS
000050	302C	MOVLW LOW STRINGTABLE2
000051	00CB	MOVWF SYSPRINTDATAHANDLER
000052	3087	MOVLW (HIGH STRINGTABLE2) | 128
000053	00CC	MOVWF SYSPRINTDATAHANDLER_H
000054	3001	MOVLW 1
000055	00A2	MOVWF COMPORT
000000	3188	PAGESEL HSERPRINTSTRINGCRLF
000057	20A4	CALL HSERPRINTSTRINGCRLF
000000	3180	PAGESEL $
		SYSDOLOOP_S1
000000	3188	PAGESEL CHECKBUTTONS1
00005A	2025	CALL CHECKBUTTONS1
000000	3180	PAGESEL $
00005C	0824	MOVF G_LABNUMBER,W
00005D	0226	SUBWF G_LASTCASECHOICE,W
00005E	1903	BTFSC STATUS, Z
00005F	2888	GOTO ENDIF1
000060	0824	MOVF G_LABNUMBER,W
000061	00D5	MOVWF SYSVALTEMP
000062	01D6	CLRF SYSVALTEMP_H
000063	2586	CALL FN_STR
000064	30E2	MOVLW LOW SYSSTRINGPARAM1
000065	0086	MOVWF FSR1L
000066	3023	MOVLW HIGH SYSSTRINGPARAM1
000067	0087	MOVWF FSR1H
000068	01F6	CLRF SYSSTRINGLENGTH
000069	3035	MOVLW LOW STRINGTABLE3
00006A	00F7	MOVWF SYSSTRINGA
00006B	3007	MOVLW (HIGH STRINGTABLE3) & 127
00006C	00F8	MOVWF SYSSTRINGA_H
000000	3189	PAGESEL SYSREADSTRINGPART
00006E	21B2	CALL SYSREADSTRINGPART
000000	3180	PAGESEL $
000070	30DC	MOVLW LOW STR
000071	0084	MOVWF FSR0L
000072	3023	MOVLW HIGH STR
000073	0085	MOVWF FSR0H
000000	3189	PAGESEL SYSCOPYSTRINGPART
000075	218B	CALL SYSCOPYSTRINGPART
000000	3180	PAGESEL $
000077	30E2	MOVLW LOW SYSSTRINGPARAM1
000078	0084	MOVWF FSR0L
000079	3023	MOVLW HIGH SYSSTRINGPARAM1
00007A	0085	MOVWF FSR0H
00007B	0876	MOVF SYSSTRINGLENGTH,W
00007C	0080	MOVWF INDF0
00007D	30E2	MOVLW LOW SYSSTRINGPARAM1
00007E	00CB	MOVWF SYSPRINTDATAHANDLER
00007F	3023	MOVLW HIGH SYSSTRINGPARAM1
000080	00CC	MOVWF SYSPRINTDATAHANDLER_H
000081	3001	MOVLW 1
000082	00A2	MOVWF COMPORT
000000	3188	PAGESEL HSERPRINTSTRINGCRLF
000084	20A4	CALL HSERPRINTSTRINGCRLF
000000	3180	PAGESEL $
000086	0824	MOVF G_LABNUMBER,W
000087	00A6	MOVWF G_LASTCASECHOICE
		ENDIF1
		SYSSELECT1CASE1
000088	0324	DECF G_LABNUMBER,W
000089	1D03	BTFSS STATUS, Z
00008A	288F	GOTO SYSSELECT1CASE2
000000	3188	PAGESEL HELLOWORLD
00008C	2065	CALL HELLOWORLD
000000	3180	PAGESEL $
00008E	28CA	GOTO SYSSELECTEND1
		SYSSELECT1CASE2
00008F	3002	MOVLW 2
000090	0224	SUBWF G_LABNUMBER,W
000091	1D03	BTFSS STATUS, Z
000092	2897	GOTO SYSSELECT1CASE3
000000	3188	PAGESEL BLINKLED
000094	2000	CALL BLINKLED
000000	3180	PAGESEL $
000096	28CA	GOTO SYSSELECTEND1
		SYSSELECT1CASE3
000097	3003	MOVLW 3
000098	0224	SUBWF G_LABNUMBER,W
000099	1D03	BTFSS STATUS, Z
00009A	289D	GOTO SYSSELECT1CASE4
00009B	24D7	CALL ROTATELEDS
00009C	28CA	GOTO SYSSELECTEND1
		SYSSELECT1CASE4
00009D	3004	MOVLW 4
00009E	0224	SUBWF G_LABNUMBER,W
00009F	1D03	BTFSS STATUS, Z
0000A0	28A3	GOTO SYSSELECT1CASE5
0000A1	20D3	CALL ADC2LEDS
0000A2	28CA	GOTO SYSSELECTEND1
		SYSSELECT1CASE5
0000A3	3005	MOVLW 5
0000A4	0224	SUBWF G_LABNUMBER,W
0000A5	1D03	BTFSS STATUS, Z
0000A6	28A9	GOTO SYSSELECT1CASE6
0000A7	27AA	CALL VSRLEDS
0000A8	28CA	GOTO SYSSELECTEND1
		SYSSELECT1CASE6
0000A9	3006	MOVLW 6
0000AA	0224	SUBWF G_LABNUMBER,W
0000AB	1D03	BTFSS STATUS, Z
0000AC	28AF	GOTO SYSSELECT1CASE7
0000AD	241C	CALL PWM2LEDS
0000AE	28CA	GOTO SYSSELECTEND1
		SYSSELECT1CASE7
0000AF	3007	MOVLW 7
0000B0	0224	SUBWF G_LABNUMBER,W
0000B1	1D03	BTFSS STATUS, Z
0000B2	28B5	GOTO SYSSELECT1CASE8
0000B3	274A	CALL TIMERLEDS
0000B4	28CA	GOTO SYSSELECTEND1
		SYSSELECT1CASE8
0000B5	3008	MOVLW 8
0000B6	0224	SUBWF G_LABNUMBER,W
0000B7	1D03	BTFSS STATUS, Z
0000B8	28BD	GOTO SYSSELECT1CASE9
000000	3188	PAGESEL INTERRUPT2LEDS
0000BA	20EF	CALL INTERRUPT2LEDS
000000	3180	PAGESEL $
0000BC	28CA	GOTO SYSSELECTEND1
		SYSSELECT1CASE9
0000BD	3009	MOVLW 9
0000BE	0224	SUBWF G_LABNUMBER,W
0000BF	1D03	BTFSS STATUS, Z
0000C0	28C3	GOTO SYSSELECT1CASE10
0000C1	2539	CALL SLEEPWAKEUP2LEDS
0000C2	28CA	GOTO SYSSELECTEND1
		SYSSELECT1CASE10
0000C3	300A	MOVLW 10
0000C4	0224	SUBWF G_LABNUMBER,W
0000C5	1D03	BTFSS STATUS, Z
0000C6	28CA	GOTO SYSSELECTEND1
0000C7	0AA4	INCF G_LABNUMBER,F
0000C8	211C	CALL EEPROM2LEDS
0000C9	03A4	DECF G_LABNUMBER,F
		SYSSELECTEND1
0000CA	08A8	MOVF G_SWITCHEVENT,F
0000CB	1903	BTFSC STATUS,Z
0000CC	28D0	GOTO ENDIF2
000000	3189	PAGESEL NEXTLAB
0000CE	2108	CALL NEXTLAB
000000	3180	PAGESEL $
		ENDIF2
0000D0	2859	GOTO SYSDOLOOP_S1
		SYSDOLOOP_E1
		BASPROGRAMEND
0000D1	0063	SLEEP
0000D2	28D1	GOTO BASPROGRAMEND


		ADC2LEDS
0000D3	0325	DECF G_LABSTATE,W
0000D4	1903	BTFSC STATUS, Z
0000D5	28DE	GOTO ENDIF31
000000	0022	BANKSEL LATB
0000D7	120D	BCF LATB,4
0000D8	128D	BCF LATB,5
0000D9	130D	BCF LATB,6
0000DA	138D	BCF LATB,7
0000DB	3001	MOVLW 1
000000	0020	BANKSEL G_LABSTATE
0000DD	00A5	MOVWF G_LABSTATE
		ENDIF31
0000DE	0325	DECF G_LABSTATE,W
0000DF	1D03	BTFSS STATUS, Z
0000E0	2909	GOTO ENDIF32
0000E1	3002	MOVLW 2
0000E2	00A0	MOVWF ADREADPORT
0000E3	2447	CALL FN_READAD26
0000E4	0838	MOVF SYSREADADBYTE,W
0000E5	00F5	MOVWF SYSBYTETEMPA
0000E6	3010	MOVLW 16
0000E7	00F9	MOVWF SYSBYTETEMPB
000000	3189	PAGESEL SYSDIVSUB
0000E9	2198	CALL SYSDIVSUB
000000	3180	PAGESEL $
0000EB	0875	MOVF SYSBYTETEMPA,W
0000EC	00AA	MOVWF L_ADCRESULT
000000	0022	BANKSEL LATB
0000EE	120D	BCF LATB,4
000000	0020	BANKSEL L_ADCRESULT
0000F0	1C2A	BTFSS L_ADCRESULT,0
0000F1	28F4	GOTO ENDIF34
000000	0022	BANKSEL LATB
0000F3	160D	BSF LATB,4
		ENDIF34
000000	0022	BANKSEL LATB
0000F5	128D	BCF LATB,5
000000	0020	BANKSEL L_ADCRESULT
0000F7	1CAA	BTFSS L_ADCRESULT,1
0000F8	28FB	GOTO ENDIF35
000000	0022	BANKSEL LATB
0000FA	168D	BSF LATB,5
		ENDIF35
000000	0022	BANKSEL LATB
0000FC	130D	BCF LATB,6
000000	0020	BANKSEL L_ADCRESULT
0000FE	1D2A	BTFSS L_ADCRESULT,2
0000FF	2902	GOTO ENDIF36
000000	0022	BANKSEL LATB
000101	170D	BSF LATB,6
		ENDIF36
000000	0022	BANKSEL LATB
000103	138D	BCF LATB,7
000000	0020	BANKSEL L_ADCRESULT
000105	1DAA	BTFSS L_ADCRESULT,3
000106	2909	GOTO ENDIF37
000000	0022	BANKSEL LATB
000108	178D	BSF LATB,7
		ENDIF37
		ENDIF32
000000	0020	BANKSEL G_SWITCHEVENT
00010A	0328	DECF G_SWITCHEVENT,W
00010B	1903	BTFSC STATUS, Z
00010C	01A5	CLRF G_LABSTATE
		ENDIF33
00010D	0008	RETURN


		DELAY_MS
00010E	0AF3	INCF SYSWAITTEMPMS_H, F
		DMS_START
00010F	3011	MOVLW 17
000110	00F1	MOVWF DELAYTEMP2
		DMS_OUTER
000111	3001	MOVLW 1
000112	00F0	MOVWF DELAYTEMP
		DMS_INNER
000113	0BF0	DECFSZ DELAYTEMP, F
000114	2913	GOTO DMS_INNER
000115	0BF1	DECFSZ DELAYTEMP2, F
000116	2911	GOTO DMS_OUTER
000117	0BF2	DECFSZ SYSWAITTEMPMS, F
000118	290F	GOTO DMS_START
000119	0BF3	DECFSZ SYSWAITTEMPMS_H, F
00011A	290F	GOTO DMS_START
00011B	0008	RETURN


		EEPROM2LEDS
00011C	0325	DECF G_LABSTATE,W
00011D	1903	BTFSC STATUS, Z
00011E	2927	GOTO ENDIF76
000000	0022	BANKSEL LATB
000120	120D	BCF LATB,4
000121	128D	BCF LATB,5
000122	130D	BCF LATB,6
000123	138D	BCF LATB,7
000124	3001	MOVLW 1
000000	0020	BANKSEL G_LABSTATE
000126	00A5	MOVWF G_LABSTATE
		ENDIF76
000127	0325	DECF G_LABSTATE,W
000128	1D03	BTFSS STATUS, Z
000129	296C	GOTO ENDIF77
00012A	01AC	CLRF L_EEADDR
00012B	3002	MOVLW 2
00012C	00A0	MOVWF ADREADPORT
00012D	2447	CALL FN_READAD26
00012E	0838	MOVF SYSREADADBYTE,W
00012F	00F5	MOVWF SYSBYTETEMPA
000130	3010	MOVLW 16
000131	00F9	MOVWF SYSBYTETEMPB
000000	3189	PAGESEL SYSDIVSUB
000133	2198	CALL SYSDIVSUB
000000	3181	PAGESEL $
000135	0875	MOVF SYSBYTETEMPA,W
000136	00AA	MOVWF L_ADCRESULT
000137	082C	MOVF L_EEADDR,W
000000	0023	BANKSEL EEADDRESS
000139	0091	MOVWF EEADDRESS
00013A	0192	CLRF EEADDRESS_H
000000	0020	BANKSEL L_ADCRESULT
00013C	082A	MOVF L_ADCRESULT,W
000000	0023	BANKSEL EEDATAVALUE
00013E	0093	MOVWF EEDATAVALUE
000000	0020	BANKSEL STATUS
000000	3188	PAGESEL EPWRITE
000141	204E	CALL EPWRITE
000000	3181	PAGESEL $
000143	01DE	CLRF WRITEDATA
000144	082C	MOVF L_EEADDR,W
000000	0023	BANKSEL EEADDRESS
000146	0091	MOVWF EEADDRESS
000147	0192	CLRF EEADDRESS_H
000000	0020	BANKSEL WRITEDATA
000149	085E	MOVF WRITEDATA,W
000000	0023	BANKSEL EEDATAVALUE
00014B	0093	MOVWF EEDATAVALUE
000000	0020	BANKSEL STATUS
000000	3188	PAGESEL EPWRITE
00014E	204E	CALL EPWRITE
000000	3181	PAGESEL $
000000	0022	BANKSEL LATB
000151	120D	BCF LATB,4
000000	0020	BANKSEL WRITEDATA
000153	1C5E	BTFSS WRITEDATA,0
000154	2957	GOTO ENDIF79
000000	0022	BANKSEL LATB
000156	160D	BSF LATB,4
		ENDIF79
000000	0022	BANKSEL LATB
000158	128D	BCF LATB,5
000000	0020	BANKSEL WRITEDATA
00015A	1CDE	BTFSS WRITEDATA,1
00015B	295E	GOTO ENDIF80
000000	0022	BANKSEL LATB
00015D	168D	BSF LATB,5
		ENDIF80
000000	0022	BANKSEL LATB
00015F	130D	BCF LATB,6
000000	0020	BANKSEL WRITEDATA
000161	1D5E	BTFSS WRITEDATA,2
000162	2965	GOTO ENDIF81
000000	0022	BANKSEL LATB
000164	170D	BSF LATB,6
		ENDIF81
000000	0022	BANKSEL LATB
000166	138D	BCF LATB,7
000000	0020	BANKSEL WRITEDATA
000168	1DDE	BTFSS WRITEDATA,3
000169	296C	GOTO ENDIF82
000000	0022	BANKSEL LATB
00016B	178D	BSF LATB,7
		ENDIF82
		ENDIF77
000000	0020	BANKSEL G_SWITCHEVENT
00016D	0328	DECF G_SWITCHEVENT,W
00016E	1903	BTFSC STATUS, Z
00016F	01A5	CLRF G_LABSTATE
		ENDIF78
000170	0008	RETURN


		FLASHLEDS
000000	0022	BANKSEL LATB
000172	120D	BCF LATB,4
000173	128D	BCF LATB,5
000174	130D	BCF LATB,6
000175	138D	BCF LATB,7
000176	3002	MOVLW 2
000177	00F4	MOVWF SYSWAITTEMPS
000000	0020	BANKSEL STATUS
000000	3188	PAGESEL DELAY_S
00017A	2044	CALL DELAY_S
000000	3181	PAGESEL $
00017C	3014	MOVLW 20
00017D	00CE	MOVWF SYSREPEATTEMP1
		SYSREPEATLOOP1
00017E	01D1	CLRF SYSTEMP1
00017F	1A0D	BTFSC PORTB,4
000180	0AD1	INCF SYSTEMP1,F
		ENDIF10
000181	09D1	COMF SYSTEMP1,F
000000	0022	BANKSEL LATB
000183	120D	BCF LATB,4
000000	0020	BANKSEL SYSTEMP1
000185	1C51	BTFSS SYSTEMP1,0
000186	2989	GOTO ENDIF11
000000	0022	BANKSEL LATB
000188	160D	BSF LATB,4
		ENDIF11
000000	0020	BANKSEL SYSTEMP1
00018A	01D1	CLRF SYSTEMP1
00018B	1B0D	BTFSC PORTB,6
00018C	0AD1	INCF SYSTEMP1,F
		ENDIF12
00018D	09D1	COMF SYSTEMP1,F
000000	0022	BANKSEL LATB
00018F	130D	BCF LATB,6
000000	0020	BANKSEL SYSTEMP1
000191	1C51	BTFSS SYSTEMP1,0
000192	2995	GOTO ENDIF13
000000	0022	BANKSEL LATB
000194	170D	BSF LATB,6
		ENDIF13
000000	0020	BANKSEL SYSTEMP1
000196	01D1	CLRF SYSTEMP1
000197	1A8D	BTFSC PORTB,5
000198	0AD1	INCF SYSTEMP1,F
		ENDIF14
000199	09D1	COMF SYSTEMP1,F
000000	0022	BANKSEL LATB
00019B	128D	BCF LATB,5
000000	0020	BANKSEL SYSTEMP1
00019D	1C51	BTFSS SYSTEMP1,0
00019E	29A1	GOTO ENDIF15
000000	0022	BANKSEL LATB
0001A0	168D	BSF LATB,5
		ENDIF15
000000	0020	BANKSEL SYSTEMP1
0001A2	01D1	CLRF SYSTEMP1
0001A3	1B8D	BTFSC PORTB,7
0001A4	0AD1	INCF SYSTEMP1,F
		ENDIF16
0001A5	09D1	COMF SYSTEMP1,F
000000	0022	BANKSEL LATB
0001A7	138D	BCF LATB,7
000000	0020	BANKSEL SYSTEMP1
0001A9	1C51	BTFSS SYSTEMP1,0
0001AA	29AD	GOTO ENDIF17
000000	0022	BANKSEL LATB
0001AC	178D	BSF LATB,7
		ENDIF17
0001AD	3064	MOVLW 100
0001AE	00F2	MOVWF SYSWAITTEMPMS
0001AF	01F3	CLRF SYSWAITTEMPMS_H
000000	0020	BANKSEL STATUS
0001B1	210E	CALL DELAY_MS
0001B2	0BCE	DECFSZ SYSREPEATTEMP1,F
0001B3	297E	GOTO SYSREPEATLOOP1
		SYSREPEATLOOPEND1
000000	0022	BANKSEL LATB
0001B5	120D	BCF LATB,4
0001B6	128D	BCF LATB,5
0001B7	130D	BCF LATB,6
0001B8	138D	BCF LATB,7
000000	0020	BANKSEL STATUS
0001BA	0008	RETURN


		HPWM46
0001BB	30FF	MOVLW 255
0001BC	00B6	MOVWF PWMRESOLUTION
0001BD	01B7	CLRF PWMRESOLUTION_H
0001BE	3001	MOVLW 1
0001BF	00DD	MOVWF TX_PR
0001C0	307D	MOVLW 125
0001C1	00F5	MOVWF SYSLONGTEMPA
0001C2	01F6	CLRF SYSLONGTEMPA_H
0001C3	01F7	CLRF SYSLONGTEMPA_U
0001C4	01F8	CLRF SYSLONGTEMPA_E
0001C5	0835	MOVF PWMFREQ,W
0001C6	00F9	MOVWF SYSLONGTEMPB
0001C7	01FA	CLRF SYSLONGTEMPB_H
0001C8	01FB	CLRF SYSLONGTEMPB_U
0001C9	01FC	CLRF SYSLONGTEMPB_E
0001CA	2670	CALL SYSDIVSUB32
0001CB	0875	MOVF SYSLONGTEMPA,W
0001CC	00AE	MOVWF PRX_TEMP
0001CD	0876	MOVF SYSLONGTEMPA_H,W
0001CE	00AF	MOVWF PRX_TEMP_H
0001CF	0877	MOVF SYSLONGTEMPA_U,W
0001D0	00B0	MOVWF PRX_TEMP_U
0001D1	0878	MOVF SYSLONGTEMPA_E,W
0001D2	00B1	MOVWF PRX_TEMP_E
0001D3	082F	MOVF PRX_TEMP_H,W
0001D4	3C00	SUBLW 0
0001D5	1803	BTFSC STATUS, C
0001D6	29E3	GOTO ENDIF88
0001D7	3004	MOVLW 4
0001D8	00DD	MOVWF TX_PR
0001D9	1003	BCF STATUS,C
0001DA	0CB1	RRF PRX_TEMP_E,F
0001DB	0CB0	RRF PRX_TEMP_U,F
0001DC	0CAF	RRF PRX_TEMP_H,F
0001DD	0CAE	RRF PRX_TEMP,F
0001DE	1003	BCF STATUS,C
0001DF	0CB1	RRF PRX_TEMP_E,F
0001E0	0CB0	RRF PRX_TEMP_U,F
0001E1	0CAF	RRF PRX_TEMP_H,F
0001E2	0CAE	RRF PRX_TEMP,F
		ENDIF88
0001E3	082F	MOVF PRX_TEMP_H,W
0001E4	3C00	SUBLW 0
0001E5	1803	BTFSC STATUS, C
0001E6	29F3	GOTO ENDIF89
0001E7	3010	MOVLW 16
0001E8	00DD	MOVWF TX_PR
0001E9	1003	BCF STATUS,C
0001EA	0CB1	RRF PRX_TEMP_E,F
0001EB	0CB0	RRF PRX_TEMP_U,F
0001EC	0CAF	RRF PRX_TEMP_H,F
0001ED	0CAE	RRF PRX_TEMP,F
0001EE	1003	BCF STATUS,C
0001EF	0CB1	RRF PRX_TEMP_E,F
0001F0	0CB0	RRF PRX_TEMP_U,F
0001F1	0CAF	RRF PRX_TEMP_H,F
0001F2	0CAE	RRF PRX_TEMP,F
		ENDIF89
0001F3	082F	MOVF PRX_TEMP_H,W
0001F4	3C00	SUBLW 0
0001F5	1803	BTFSC STATUS, C
0001F6	2A03	GOTO ENDIF90
0001F7	3040	MOVLW 64
0001F8	00DD	MOVWF TX_PR
0001F9	1003	BCF STATUS,C
0001FA	0CB1	RRF PRX_TEMP_E,F
0001FB	0CB0	RRF PRX_TEMP_U,F
0001FC	0CAF	RRF PRX_TEMP_H,F
0001FD	0CAE	RRF PRX_TEMP,F
0001FE	1003	BCF STATUS,C
0001FF	0CB1	RRF PRX_TEMP_E,F
000200	0CB0	RRF PRX_TEMP_U,F
000201	0CAF	RRF PRX_TEMP_H,F
000202	0CAE	RRF PRX_TEMP,F
		ENDIF90
		CCPPWMSETUPCLOCKSOURCE
		SYSSELECT3CASE1
000203	3002	MOVLW 2
000204	025F	SUBWF _PWMTIMERSELECTED,W
000205	1D03	BTFSS STATUS, Z
000206	2A1A	GOTO SYSSELECT3CASE2
000207	082E	MOVF PRX_TEMP,W
000208	009B	MOVWF PR2
000209	101C	BCF T2CON,T2CKPS0
00020A	109C	BCF T2CON,T2CKPS1
00020B	3004	MOVLW 4
00020C	025D	SUBWF TX_PR,W
00020D	1903	BTFSC STATUS, Z
00020E	141C	BSF T2CON,T2CKPS0
		ENDIF91
00020F	3010	MOVLW 16
000210	025D	SUBWF TX_PR,W
000211	1903	BTFSC STATUS, Z
000212	149C	BSF T2CON,T2CKPS1
		ENDIF92
000213	3040	MOVLW 64
000214	025D	SUBWF TX_PR,W
000215	1D03	BTFSS STATUS, Z
000216	2A19	GOTO ENDIF93
000217	141C	BSF T2CON,T2CKPS0
000218	149C	BSF T2CON,T2CKPS1
		ENDIF93
000219	2A59	GOTO SYSSELECTEND3
		SYSSELECT3CASE2
00021A	3004	MOVLW 4
00021B	025F	SUBWF _PWMTIMERSELECTED,W
00021C	1D03	BTFSS STATUS, Z
00021D	2A3A	GOTO SYSSELECT3CASE3
00021E	082E	MOVF PRX_TEMP,W
000000	0028	BANKSEL PR4
000220	0096	MOVWF PR4
000221	1017	BCF T4CON,T4CKPS0
000222	1097	BCF T4CON,T4CKPS1
000223	3004	MOVLW 4
000000	0020	BANKSEL TX_PR
000225	025D	SUBWF TX_PR,W
000226	1D03	BTFSS STATUS, Z
000227	2A2A	GOTO ENDIF94
000000	0028	BANKSEL T4CON
000229	1417	BSF T4CON,T4CKPS0
		ENDIF94
00022A	3010	MOVLW 16
000000	0020	BANKSEL TX_PR
00022C	025D	SUBWF TX_PR,W
00022D	1D03	BTFSS STATUS, Z
00022E	2A31	GOTO ENDIF95
000000	0028	BANKSEL T4CON
000230	1497	BSF T4CON,T4CKPS1
		ENDIF95
000231	3040	MOVLW 64
000000	0020	BANKSEL TX_PR
000233	025D	SUBWF TX_PR,W
000234	1D03	BTFSS STATUS, Z
000235	2A39	GOTO ENDIF96
000000	0028	BANKSEL T4CON
000237	1417	BSF T4CON,T4CKPS0
000238	1497	BSF T4CON,T4CKPS1
		ENDIF96
000239	2A59	GOTO SYSSELECTEND3
		SYSSELECT3CASE3
00023A	3006	MOVLW 6
00023B	025F	SUBWF _PWMTIMERSELECTED,W
00023C	1D03	BTFSS STATUS, Z
00023D	2A59	GOTO SYSSELECTEND3
00023E	082E	MOVF PRX_TEMP,W
000000	0028	BANKSEL PR6
000240	009D	MOVWF PR6
000241	101E	BCF T6CON,T6CKPS0
000242	109E	BCF T6CON,T6CKPS1
000243	3004	MOVLW 4
000000	0020	BANKSEL TX_PR
000245	025D	SUBWF TX_PR,W
000246	1D03	BTFSS STATUS, Z
000247	2A4A	GOTO ENDIF97
000000	0028	BANKSEL T6CON
000249	141E	BSF T6CON,T6CKPS0
		ENDIF97
00024A	3010	MOVLW 16
000000	0020	BANKSEL TX_PR
00024C	025D	SUBWF TX_PR,W
00024D	1D03	BTFSS STATUS, Z
00024E	2A51	GOTO ENDIF98
000000	0028	BANKSEL T6CON
000250	149E	BSF T6CON,T6CKPS1
		ENDIF98
000251	3040	MOVLW 64
000000	0020	BANKSEL TX_PR
000253	025D	SUBWF TX_PR,W
000254	1D03	BTFSS STATUS, Z
000255	2A59	GOTO ENDIF99
000000	0028	BANKSEL T6CON
000257	141E	BSF T6CON,T6CKPS0
000258	149E	BSF T6CON,T6CKPS1
		ENDIF99
		SYSSELECTEND3
		END_OF_CCPPWMSETUPCLOCKSOURCE
		SETUPTHECORRECTTIMERBITS
000259	1003	BCF STATUS,C
000000	0020	BANKSEL _PWMTIMERSELECTED
00025B	0C5F	RRF _PWMTIMERSELECTED,W
00025C	00D1	MOVWF SYSTEMP1
00025D	0351	DECF SYSTEMP1,W
00025E	00D7	MOVWF TIMERSELECTIONBITS
		SETUPCCPPWMREGISTERS
000000	0025	BANKSEL CCPTMRS
000260	101E	BCF CCPTMRS,C1TSEL0
000000	0020	BANKSEL TIMERSELECTIONBITS
000262	1C57	BTFSS TIMERSELECTIONBITS,0
000263	2A66	GOTO ENDIF108
000000	0025	BANKSEL CCPTMRS
000265	141E	BSF CCPTMRS,C1TSEL0
		ENDIF108
000000	0025	BANKSEL CCPTMRS
000267	109E	BCF CCPTMRS,C1TSEL1
000000	0020	BANKSEL TIMERSELECTIONBITS
000269	1CD7	BTFSS TIMERSELECTIONBITS,1
00026A	2A6D	GOTO ENDIF109
000000	0025	BANKSEL CCPTMRS
00026C	149E	BSF CCPTMRS,C1TSEL1
		ENDIF109
000000	0020	BANKSEL PWMCHANNEL
00026E	0332	DECF PWMCHANNEL,W
00026F	1D03	BTFSS STATUS, Z
000270	2AB7	GOTO ENDIF100
000271	3002	MOVLW 2
000272	072E	ADDWF PRX_TEMP,W
000273	00D1	MOVWF SYSTEMP1
000274	3000	MOVLW 0
000275	3D2F	ADDWFC PRX_TEMP_H,W
000276	00D2	MOVWF SYSTEMP1_H
000277	3000	MOVLW 0
000278	3D30	ADDWFC PRX_TEMP_U,W
000279	00D3	MOVWF SYSTEMP1_U
00027A	3000	MOVLW 0
00027B	3D31	ADDWFC PRX_TEMP_E,W
00027C	00D4	MOVWF SYSTEMP1_E
00027D	0833	MOVF PWMDUTY,W
00027E	00F5	MOVWF SYSLONGTEMPA
00027F	0834	MOVF PWMDUTY_H,W
000280	00F6	MOVWF SYSLONGTEMPA_H
000281	01F7	CLRF SYSLONGTEMPA_U
000282	01F8	CLRF SYSLONGTEMPA_E
000283	0851	MOVF SYSTEMP1,W
000284	00F9	MOVWF SYSLONGTEMPB
000285	0852	MOVF SYSTEMP1_H,W
000286	00FA	MOVWF SYSLONGTEMPB_H
000287	0853	MOVF SYSTEMP1_U,W
000288	00FB	MOVWF SYSLONGTEMPB_U
000289	0854	MOVF SYSTEMP1_E,W
00028A	00FC	MOVWF SYSLONGTEMPB_E
00028B	26CC	CALL SYSMULTSUB32
00028C	0870	MOVF SYSLONGTEMPX,W
00028D	00AE	MOVWF PRX_TEMP
00028E	0871	MOVF SYSLONGTEMPX_H,W
00028F	00AF	MOVWF PRX_TEMP_H
000290	0872	MOVF SYSLONGTEMPX_U,W
000291	00B0	MOVWF PRX_TEMP_U
000292	0873	MOVF SYSLONGTEMPX_E,W
000293	00B1	MOVWF PRX_TEMP_E
000294	082F	MOVF PRX_TEMP_H,W
000000	0025	BANKSEL CCPR1L
000296	0091	MOVWF CCPR1L
000000	0020	BANKSEL PWMDUTY
000298	0833	MOVF PWMDUTY,W
000299	00F5	MOVWF SYSWORDTEMPA
00029A	0834	MOVF PWMDUTY_H,W
00029B	00F6	MOVWF SYSWORDTEMPA_H
00029C	01F9	CLRF SYSWORDTEMPB
00029D	01FA	CLRF SYSWORDTEMPB_H
000000	3189	PAGESEL SYSCOMPEQUAL16
00029F	2141	CALL SYSCOMPEQUAL16
000000	3182	PAGESEL $
0002A1	1C70	BTFSS SYSBYTETEMPX,0
0002A2	2AA5	GOTO ENDIF104
000000	0025	BANKSEL CCPR1L
0002A4	0191	CLRF CCPR1L
		ENDIF104
000000	0025	BANKSEL CCP1CON
0002A6	1593	BSF CCP1CON,CCP1M3
0002A7	1513	BSF CCP1CON,CCP1M2
0002A8	1093	BCF CCP1CON,CCP1M1
0002A9	1013	BCF CCP1CON,CCP1M0
0002AA	101E	BCF CCPTMRS,C1TSEL0
000000	0020	BANKSEL TIMERSELECTIONBITS
0002AC	1C57	BTFSS TIMERSELECTIONBITS,0
0002AD	2AB0	GOTO ENDIF110
000000	0025	BANKSEL CCPTMRS
0002AF	141E	BSF CCPTMRS,C1TSEL0
		ENDIF110
000000	0025	BANKSEL CCPTMRS
0002B1	109E	BCF CCPTMRS,C1TSEL1
000000	0020	BANKSEL TIMERSELECTIONBITS
0002B3	1CD7	BTFSS TIMERSELECTIONBITS,1
0002B4	2AB7	GOTO ENDIF111
000000	0025	BANKSEL CCPTMRS
0002B6	149E	BSF CCPTMRS,C1TSEL1
		ENDIF111
		ENDIF100
0002B7	3002	MOVLW 2
000000	0020	BANKSEL PWMCHANNEL
0002B9	0232	SUBWF PWMCHANNEL,W
0002BA	1D03	BTFSS STATUS, Z
0002BB	2B02	GOTO ENDIF101
0002BC	3002	MOVLW 2
0002BD	072E	ADDWF PRX_TEMP,W
0002BE	00D1	MOVWF SYSTEMP1
0002BF	3000	MOVLW 0
0002C0	3D2F	ADDWFC PRX_TEMP_H,W
0002C1	00D2	MOVWF SYSTEMP1_H
0002C2	3000	MOVLW 0
0002C3	3D30	ADDWFC PRX_TEMP_U,W
0002C4	00D3	MOVWF SYSTEMP1_U
0002C5	3000	MOVLW 0
0002C6	3D31	ADDWFC PRX_TEMP_E,W
0002C7	00D4	MOVWF SYSTEMP1_E
0002C8	0833	MOVF PWMDUTY,W
0002C9	00F5	MOVWF SYSLONGTEMPA
0002CA	0834	MOVF PWMDUTY_H,W
0002CB	00F6	MOVWF SYSLONGTEMPA_H
0002CC	01F7	CLRF SYSLONGTEMPA_U
0002CD	01F8	CLRF SYSLONGTEMPA_E
0002CE	0851	MOVF SYSTEMP1,W
0002CF	00F9	MOVWF SYSLONGTEMPB
0002D0	0852	MOVF SYSTEMP1_H,W
0002D1	00FA	MOVWF SYSLONGTEMPB_H
0002D2	0853	MOVF SYSTEMP1_U,W
0002D3	00FB	MOVWF SYSLONGTEMPB_U
0002D4	0854	MOVF SYSTEMP1_E,W
0002D5	00FC	MOVWF SYSLONGTEMPB_E
0002D6	26CC	CALL SYSMULTSUB32
0002D7	0870	MOVF SYSLONGTEMPX,W
0002D8	00AE	MOVWF PRX_TEMP
0002D9	0871	MOVF SYSLONGTEMPX_H,W
0002DA	00AF	MOVWF PRX_TEMP_H
0002DB	0872	MOVF SYSLONGTEMPX_U,W
0002DC	00B0	MOVWF PRX_TEMP_U
0002DD	0873	MOVF SYSLONGTEMPX_E,W
0002DE	00B1	MOVWF PRX_TEMP_E
0002DF	082F	MOVF PRX_TEMP_H,W
000000	0025	BANKSEL CCPR2L
0002E1	0098	MOVWF CCPR2L
000000	0020	BANKSEL PWMDUTY
0002E3	0833	MOVF PWMDUTY,W
0002E4	00F5	MOVWF SYSWORDTEMPA
0002E5	0834	MOVF PWMDUTY_H,W
0002E6	00F6	MOVWF SYSWORDTEMPA_H
0002E7	01F9	CLRF SYSWORDTEMPB
0002E8	01FA	CLRF SYSWORDTEMPB_H
000000	3189	PAGESEL SYSCOMPEQUAL16
0002EA	2141	CALL SYSCOMPEQUAL16
000000	3182	PAGESEL $
0002EC	1C70	BTFSS SYSBYTETEMPX,0
0002ED	2AF0	GOTO ENDIF105
000000	0025	BANKSEL CCPR2L
0002EF	0198	CLRF CCPR2L
		ENDIF105
000000	0025	BANKSEL CCP2CON
0002F1	159A	BSF CCP2CON,CCP2M3
0002F2	151A	BSF CCP2CON,CCP2M2
0002F3	109A	BCF CCP2CON,CCP2M1
0002F4	101A	BCF CCP2CON,CCP2M0
0002F5	111E	BCF CCPTMRS,C2TSEL0
000000	0020	BANKSEL TIMERSELECTIONBITS
0002F7	1C57	BTFSS TIMERSELECTIONBITS,0
0002F8	2AFB	GOTO ENDIF112
000000	0025	BANKSEL CCPTMRS
0002FA	151E	BSF CCPTMRS,C2TSEL0
		ENDIF112
000000	0025	BANKSEL CCPTMRS
0002FC	119E	BCF CCPTMRS,C2TSEL1
000000	0020	BANKSEL TIMERSELECTIONBITS
0002FE	1CD7	BTFSS TIMERSELECTIONBITS,1
0002FF	2B02	GOTO ENDIF113
000000	0025	BANKSEL CCPTMRS
000301	159E	BSF CCPTMRS,C2TSEL1
		ENDIF113
		ENDIF101
000302	3003	MOVLW 3
000000	0020	BANKSEL PWMCHANNEL
000304	0232	SUBWF PWMCHANNEL,W
000305	1D03	BTFSS STATUS, Z
000306	2B4E	GOTO ENDIF102
000307	3002	MOVLW 2
000308	072E	ADDWF PRX_TEMP,W
000309	00D1	MOVWF SYSTEMP1
00030A	3000	MOVLW 0
00030B	3D2F	ADDWFC PRX_TEMP_H,W
00030C	00D2	MOVWF SYSTEMP1_H
00030D	3000	MOVLW 0
00030E	3D30	ADDWFC PRX_TEMP_U,W
00030F	00D3	MOVWF SYSTEMP1_U
000310	3000	MOVLW 0
000311	3D31	ADDWFC PRX_TEMP_E,W
000312	00D4	MOVWF SYSTEMP1_E
000313	0833	MOVF PWMDUTY,W
000314	00F5	MOVWF SYSLONGTEMPA
000315	0834	MOVF PWMDUTY_H,W
000316	00F6	MOVWF SYSLONGTEMPA_H
000317	01F7	CLRF SYSLONGTEMPA_U
000318	01F8	CLRF SYSLONGTEMPA_E
000319	0851	MOVF SYSTEMP1,W
00031A	00F9	MOVWF SYSLONGTEMPB
00031B	0852	MOVF SYSTEMP1_H,W
00031C	00FA	MOVWF SYSLONGTEMPB_H
00031D	0853	MOVF SYSTEMP1_U,W
00031E	00FB	MOVWF SYSLONGTEMPB_U
00031F	0854	MOVF SYSTEMP1_E,W
000320	00FC	MOVWF SYSLONGTEMPB_E
000321	26CC	CALL SYSMULTSUB32
000322	0870	MOVF SYSLONGTEMPX,W
000323	00AE	MOVWF PRX_TEMP
000324	0871	MOVF SYSLONGTEMPX_H,W
000325	00AF	MOVWF PRX_TEMP_H
000326	0872	MOVF SYSLONGTEMPX_U,W
000327	00B0	MOVWF PRX_TEMP_U
000328	0873	MOVF SYSLONGTEMPX_E,W
000329	00B1	MOVWF PRX_TEMP_E
00032A	082F	MOVF PRX_TEMP_H,W
000000	0026	BANKSEL CCPR3L
00032C	0091	MOVWF CCPR3L
000000	0020	BANKSEL PWMDUTY
00032E	0833	MOVF PWMDUTY,W
00032F	00F5	MOVWF SYSWORDTEMPA
000330	0834	MOVF PWMDUTY_H,W
000331	00F6	MOVWF SYSWORDTEMPA_H
000332	01F9	CLRF SYSWORDTEMPB
000333	01FA	CLRF SYSWORDTEMPB_H
000000	3189	PAGESEL SYSCOMPEQUAL16
000335	2141	CALL SYSCOMPEQUAL16
000000	3183	PAGESEL $
000337	1C70	BTFSS SYSBYTETEMPX,0
000338	2B3B	GOTO ENDIF106
000000	0026	BANKSEL CCPR3L
00033A	0191	CLRF CCPR3L
		ENDIF106
000000	0026	BANKSEL CCP3CON
00033C	1593	BSF CCP3CON,CCP3M3
00033D	1513	BSF CCP3CON,CCP3M2
00033E	1093	BCF CCP3CON,CCP3M1
00033F	1013	BCF CCP3CON,CCP3M0
000000	0025	BANKSEL CCPTMRS
000341	121E	BCF CCPTMRS,C3TSEL0
000000	0020	BANKSEL TIMERSELECTIONBITS
000343	1C57	BTFSS TIMERSELECTIONBITS,0
000344	2B47	GOTO ENDIF114
000000	0025	BANKSEL CCPTMRS
000346	161E	BSF CCPTMRS,C3TSEL0
		ENDIF114
000000	0025	BANKSEL CCPTMRS
000348	129E	BCF CCPTMRS,C3TSEL1
000000	0020	BANKSEL TIMERSELECTIONBITS
00034A	1CD7	BTFSS TIMERSELECTIONBITS,1
00034B	2B4E	GOTO ENDIF115
000000	0025	BANKSEL CCPTMRS
00034D	169E	BSF CCPTMRS,C3TSEL1
		ENDIF115
		ENDIF102
00034E	3004	MOVLW 4
000000	0020	BANKSEL PWMCHANNEL
000350	0232	SUBWF PWMCHANNEL,W
000351	1D03	BTFSS STATUS, Z
000352	2B9A	GOTO ENDIF103
000353	3002	MOVLW 2
000354	072E	ADDWF PRX_TEMP,W
000355	00D1	MOVWF SYSTEMP1
000356	3000	MOVLW 0
000357	3D2F	ADDWFC PRX_TEMP_H,W
000358	00D2	MOVWF SYSTEMP1_H
000359	3000	MOVLW 0
00035A	3D30	ADDWFC PRX_TEMP_U,W
00035B	00D3	MOVWF SYSTEMP1_U
00035C	3000	MOVLW 0
00035D	3D31	ADDWFC PRX_TEMP_E,W
00035E	00D4	MOVWF SYSTEMP1_E
00035F	0833	MOVF PWMDUTY,W
000360	00F5	MOVWF SYSLONGTEMPA
000361	0834	MOVF PWMDUTY_H,W
000362	00F6	MOVWF SYSLONGTEMPA_H
000363	01F7	CLRF SYSLONGTEMPA_U
000364	01F8	CLRF SYSLONGTEMPA_E
000365	0851	MOVF SYSTEMP1,W
000366	00F9	MOVWF SYSLONGTEMPB
000367	0852	MOVF SYSTEMP1_H,W
000368	00FA	MOVWF SYSLONGTEMPB_H
000369	0853	MOVF SYSTEMP1_U,W
00036A	00FB	MOVWF SYSLONGTEMPB_U
00036B	0854	MOVF SYSTEMP1_E,W
00036C	00FC	MOVWF SYSLONGTEMPB_E
00036D	26CC	CALL SYSMULTSUB32
00036E	0870	MOVF SYSLONGTEMPX,W
00036F	00AE	MOVWF PRX_TEMP
000370	0871	MOVF SYSLONGTEMPX_H,W
000371	00AF	MOVWF PRX_TEMP_H
000372	0872	MOVF SYSLONGTEMPX_U,W
000373	00B0	MOVWF PRX_TEMP_U
000374	0873	MOVF SYSLONGTEMPX_E,W
000375	00B1	MOVWF PRX_TEMP_E
000376	082F	MOVF PRX_TEMP_H,W
000000	0026	BANKSEL CCPR4L
000378	0098	MOVWF CCPR4L
000000	0020	BANKSEL PWMDUTY
00037A	0833	MOVF PWMDUTY,W
00037B	00F5	MOVWF SYSWORDTEMPA
00037C	0834	MOVF PWMDUTY_H,W
00037D	00F6	MOVWF SYSWORDTEMPA_H
00037E	01F9	CLRF SYSWORDTEMPB
00037F	01FA	CLRF SYSWORDTEMPB_H
000000	3189	PAGESEL SYSCOMPEQUAL16
000381	2141	CALL SYSCOMPEQUAL16
000000	3183	PAGESEL $
000383	1C70	BTFSS SYSBYTETEMPX,0
000384	2B87	GOTO ENDIF107
000000	0026	BANKSEL CCPR4L
000386	0198	CLRF CCPR4L
		ENDIF107
000000	0026	BANKSEL CCP4CON
000388	159A	BSF CCP4CON,CCP4M3
000389	151A	BSF CCP4CON,CCP4M2
00038A	109A	BCF CCP4CON,CCP4M1
00038B	101A	BCF CCP4CON,CCP4M0
000000	0025	BANKSEL CCPTMRS
00038D	131E	BCF CCPTMRS,C4TSEL0
000000	0020	BANKSEL TIMERSELECTIONBITS
00038F	1C57	BTFSS TIMERSELECTIONBITS,0
000390	2B93	GOTO ENDIF116
000000	0025	BANKSEL CCPTMRS
000392	171E	BSF CCPTMRS,C4TSEL0
		ENDIF116
000000	0025	BANKSEL CCPTMRS
000394	139E	BCF CCPTMRS,C4TSEL1
000000	0020	BANKSEL TIMERSELECTIONBITS
000396	1CD7	BTFSS TIMERSELECTIONBITS,1
000397	2B9A	GOTO ENDIF117
000000	0025	BANKSEL CCPTMRS
000399	179E	BSF CCPTMRS,C4TSEL1
		ENDIF117
		ENDIF103
000000	0020	BANKSEL STATUS
00039B	0008	RETURN


		INITPWM
00039C	3002	MOVLW 2
00039D	00DF	MOVWF _PWMTIMERSELECTED
		LEGACY_STARTOFFIXEDCCPPWMMODECODE
00039E	01A1	CLRF CCPCONCACHE
00039F	3003	MOVLW 3
0003A0	009B	MOVWF PR2
0003A1	101C	BCF T2CON,T2CKPS0
0003A2	109C	BCF T2CON,T2CKPS1
0003A3	3002	MOVLW 2
000000	0025	BANKSEL CCPR1L
0003A5	0091	MOVWF CCPR1L
000000	0020	BANKSEL CCPCONCACHE
0003A7	12A1	BCF CCPCONCACHE,DC1B1
0003A8	1221	BCF CCPCONCACHE,DC1B0
0003A9	15A1	BSF CCPCONCACHE,CCP1M3
0003AA	1521	BSF CCPCONCACHE,CCP1M2
0003AB	10A1	BCF CCPCONCACHE,CCP1M1
0003AC	1021	BCF CCPCONCACHE,CCP1M0
0003AD	151C	BSF T2CON,TMR2ON
		STARTOFFIXEDPWMMODECODE
		SETPWMDUTYCODE
		REV2018_ENDOFFIXEDPWMMODECODE
0003AE	0008	RETURN


		INITSYS
000000	0021	BANKSEL OSCCON
0003B0	1319	BCF OSCCON,IRCF3
0003B1	1699	BSF OSCCON,IRCF2
0003B2	1619	BSF OSCCON,IRCF1
0003B3	1599	BSF OSCCON,IRCF0
0003B4	1399	BCF OSCCON,SPLLEN
0003B5	139E	BCF ADCON1,ADFM
0003B6	101D	BCF ADCON0,ADON
000000	0023	BANKSEL ANSELA
0003B8	018C	CLRF ANSELA
0003B9	018D	CLRF ANSELB
0003BA	018E	CLRF ANSELC
000000	0022	BANKSEL CM2CON0
0003BC	1393	BCF CM2CON0,C2ON
0003BD	1391	BCF CM1CON0,C1ON
000000	0020	BANKSEL PORTA
0003BF	018C	CLRF PORTA
0003C0	018D	CLRF PORTB
0003C1	018E	CLRF PORTC
0003C2	0008	RETURN


		INITTIMER1
0003C3	08D9	MOVF TMRPRES,F
0003C4	1903	BTFSC STATUS, Z
0003C5	2BD2	GOTO ENDIF133
0003C6	3010	MOVLW 16
0003C7	0259	SUBWF TMRPRES,W
0003C8	1903	BTFSC STATUS, Z
0003C9	2BD2	GOTO ENDIF138
0003CA	3020	MOVLW 32
0003CB	0259	SUBWF TMRPRES,W
0003CC	1903	BTFSC STATUS, Z
0003CD	2BD2	GOTO ENDIF139
0003CE	3030	MOVLW 48
0003CF	0259	SUBWF TMRPRES,W
0003D0	1D03	BTFSS STATUS, Z
0003D1	01D9	CLRF TMRPRES
		ENDIF140
		ENDIF139
		ENDIF138
		ENDIF133
0003D2	1818	BTFSC T1CON,TMR1ON
0003D3	1459	BSF TMRPRES,0
		ENDIF134
0003D4	035A	DECF TMRSOURCE,W
0003D5	1D03	BTFSS STATUS, Z
0003D6	2BD9	GOTO ENDIF135
0003D7	13D9	BCF TMRPRES,7
0003D8	11D9	BCF TMRPRES,3
		ENDIF135
0003D9	3002	MOVLW 2
0003DA	025A	SUBWF TMRSOURCE,W
0003DB	1D03	BTFSS STATUS, Z
0003DC	2BDF	GOTO ENDIF136
0003DD	17D9	BSF TMRPRES,7
0003DE	11D9	BCF TMRPRES,3
		ENDIF136
0003DF	3003	MOVLW 3
0003E0	025A	SUBWF TMRSOURCE,W
0003E1	1D03	BTFSS STATUS, Z
0003E2	2BE5	GOTO ENDIF137
0003E3	17D9	BSF TMRPRES,7
0003E4	15D9	BSF TMRPRES,3
		ENDIF137
0003E5	0859	MOVF TMRPRES,W
0003E6	0098	MOVWF T1CON
0003E7	0008	RETURN


		INITUSART
0003E8	3001	MOVLW 1
0003E9	00A2	MOVWF COMPORT
0003EA	300C	MOVLW 12
000000	0023	BANKSEL SPBRG
0003EC	009B	MOVWF SPBRG
0003ED	019C	CLRF SPBRGH
0003EE	159F	BSF BAUDCON,BRG16
0003EF	151E	BSF TXSTA,BRGH
0003F0	121E	BCF TXSTA,SYNC
0003F1	179D	BSF RCSTA,SPEN
0003F2	161D	BSF RCSTA,CREN
0003F3	169E	BSF TXSTA,TXEN
000000	0020	BANKSEL STATUS
0003F5	0008	RETURN


		LAB_ISR
0003F6	110B	BCF INTCON,TMR0IF
0003F7	0327	DECF G_ROTATEREG,W
0003F8	1D03	BTFSS STATUS, Z
0003F9	2BFC	GOTO ENDIF59
0003FA	3010	MOVLW 16
0003FB	00A7	MOVWF G_ROTATEREG
		ENDIF59
0003FC	0C27	RRF G_ROTATEREG,W
0003FD	0CA7	RRF G_ROTATEREG,F
000000	0022	BANKSEL LATB
0003FF	120D	BCF LATB,4
000000	0020	BANKSEL G_ROTATEREG
000401	1C27	BTFSS G_ROTATEREG,0
000402	2C05	GOTO ENDIF60
000000	0022	BANKSEL LATB
000404	160D	BSF LATB,4
		ENDIF60
000000	0022	BANKSEL LATB
000406	128D	BCF LATB,5
000000	0020	BANKSEL G_ROTATEREG
000408	1CA7	BTFSS G_ROTATEREG,1
000409	2C0C	GOTO ENDIF61
000000	0022	BANKSEL LATB
00040B	168D	BSF LATB,5
		ENDIF61
000000	0022	BANKSEL LATB
00040D	130D	BCF LATB,6
000000	0020	BANKSEL G_ROTATEREG
00040F	1D27	BTFSS G_ROTATEREG,2
000410	2C13	GOTO ENDIF62
000000	0022	BANKSEL LATB
000412	170D	BSF LATB,6
		ENDIF62
000000	0022	BANKSEL LATB
000414	138D	BCF LATB,7
000000	0020	BANKSEL G_ROTATEREG
000416	1DA7	BTFSS G_ROTATEREG,3
000417	2C1A	GOTO ENDIF63
000000	0022	BANKSEL LATB
000419	178D	BSF LATB,7
		ENDIF63
000000	0020	BANKSEL STATUS
00041B	0008	RETURN


		PWM2LEDS
00041C	0325	DECF G_LABSTATE,W
00041D	1903	BTFSC STATUS, Z
00041E	2C29	GOTO ENDIF46
000000	0022	BANKSEL LATB
000420	120D	BCF LATB,4
000421	128D	BCF LATB,5
000422	130D	BCF LATB,6
000423	138D	BCF LATB,7
000000	0021	BANKSEL TRISC
000425	128E	BCF TRISC,5
000426	3001	MOVLW 1
000000	0020	BANKSEL G_LABSTATE
000428	00A5	MOVWF G_LABSTATE
		ENDIF46
000429	0325	DECF G_LABSTATE,W
00042A	1D03	BTFSS STATUS, Z
00042B	2C3F	GOTO ENDIF47
00042C	3002	MOVLW 2
00042D	00A0	MOVWF ADREADPORT
00042E	2447	CALL FN_READAD26
00042F	0838	MOVF SYSREADADBYTE,W
000430	00AA	MOVWF L_ADCRESULT
000431	3001	MOVLW 1
000432	00B2	MOVWF PWMCHANNEL
000433	300A	MOVLW 10
000434	00B5	MOVWF PWMFREQ
000435	082A	MOVF L_ADCRESULT,W
000436	00B3	MOVWF PWMDUTY
000437	01B4	CLRF PWMDUTY_H
000438	21BB	CALL HPWM46
000439	0833	MOVF PWMDUTY,W
00043A	00AA	MOVWF L_ADCRESULT
00043B	3001	MOVLW 1
00043C	00F2	MOVWF SYSWAITTEMPMS
00043D	01F3	CLRF SYSWAITTEMPMS_H
00043E	210E	CALL DELAY_MS
		ENDIF47
00043F	0328	DECF G_SWITCHEVENT,W
000440	1D03	BTFSS STATUS, Z
000441	2C46	GOTO ENDIF48
000000	3189	PAGESEL PWMOFF42
000443	2111	CALL PWMOFF42
000000	3184	PAGESEL $
000445	01A5	CLRF G_LABSTATE
		ENDIF48
000446	0008	RETURN


		FN_READAD26
000000	0021	BANKSEL ADCON1
000448	139E	BCF ADCON1,ADFM
		SYSSELECT2CASE1
000000	0020	BANKSEL ADREADPORT
00044A	08A0	MOVF ADREADPORT,F
00044B	1D03	BTFSS STATUS, Z
00044C	2C50	GOTO SYSSELECT2CASE2
000000	0023	BANKSEL ANSELA
00044E	140C	BSF ANSELA,0
00044F	2C9B	GOTO SYSSELECTEND2
		SYSSELECT2CASE2
000450	0320	DECF ADREADPORT,W
000451	1D03	BTFSS STATUS, Z
000452	2C56	GOTO SYSSELECT2CASE3
000000	0023	BANKSEL ANSELA
000454	148C	BSF ANSELA,1
000455	2C9B	GOTO SYSSELECTEND2
		SYSSELECT2CASE3
000456	3002	MOVLW 2
000457	0220	SUBWF ADREADPORT,W
000458	1D03	BTFSS STATUS, Z
000459	2C5D	GOTO SYSSELECT2CASE4
000000	0023	BANKSEL ANSELA
00045B	150C	BSF ANSELA,2
00045C	2C9B	GOTO SYSSELECTEND2
		SYSSELECT2CASE4
00045D	3003	MOVLW 3
00045E	0220	SUBWF ADREADPORT,W
00045F	1D03	BTFSS STATUS, Z
000460	2C64	GOTO SYSSELECT2CASE5
000000	0023	BANKSEL ANSELA
000462	160C	BSF ANSELA,4
000463	2C9B	GOTO SYSSELECTEND2
		SYSSELECT2CASE5
000464	3004	MOVLW 4
000465	0220	SUBWF ADREADPORT,W
000466	1D03	BTFSS STATUS, Z
000467	2C6B	GOTO SYSSELECT2CASE6
000000	0023	BANKSEL ANSELC
000469	140E	BSF ANSELC,0
00046A	2C9B	GOTO SYSSELECTEND2
		SYSSELECT2CASE6
00046B	3005	MOVLW 5
00046C	0220	SUBWF ADREADPORT,W
00046D	1D03	BTFSS STATUS, Z
00046E	2C72	GOTO SYSSELECT2CASE7
000000	0023	BANKSEL ANSELC
000470	148E	BSF ANSELC,1
000471	2C9B	GOTO SYSSELECTEND2
		SYSSELECT2CASE7
000472	3006	MOVLW 6
000473	0220	SUBWF ADREADPORT,W
000474	1D03	BTFSS STATUS, Z
000475	2C79	GOTO SYSSELECT2CASE8
000000	0023	BANKSEL ANSELC
000477	150E	BSF ANSELC,2
000478	2C9B	GOTO SYSSELECTEND2
		SYSSELECT2CASE8
000479	3007	MOVLW 7
00047A	0220	SUBWF ADREADPORT,W
00047B	1D03	BTFSS STATUS, Z
00047C	2C80	GOTO SYSSELECT2CASE9
000000	0023	BANKSEL ANSELC
00047E	158E	BSF ANSELC,3
00047F	2C9B	GOTO SYSSELECTEND2
		SYSSELECT2CASE9
000480	3008	MOVLW 8
000481	0220	SUBWF ADREADPORT,W
000482	1D03	BTFSS STATUS, Z
000483	2C87	GOTO SYSSELECT2CASE10
000000	0023	BANKSEL ANSELC
000485	170E	BSF ANSELC,6
000486	2C9B	GOTO SYSSELECTEND2
		SYSSELECT2CASE10
000487	3009	MOVLW 9
000488	0220	SUBWF ADREADPORT,W
000489	1D03	BTFSS STATUS, Z
00048A	2C8E	GOTO SYSSELECT2CASE11
000000	0023	BANKSEL ANSELC
00048C	178E	BSF ANSELC,7
00048D	2C9B	GOTO SYSSELECTEND2
		SYSSELECT2CASE11
00048E	300A	MOVLW 10
00048F	0220	SUBWF ADREADPORT,W
000490	1D03	BTFSS STATUS, Z
000491	2C95	GOTO SYSSELECT2CASE12
000000	0023	BANKSEL ANSELB
000493	160D	BSF ANSELB,4
000494	2C9B	GOTO SYSSELECTEND2
		SYSSELECT2CASE12
000495	300B	MOVLW 11
000496	0220	SUBWF ADREADPORT,W
000497	1D03	BTFSS STATUS, Z
000498	2C9B	GOTO SYSSELECTEND2
000000	0023	BANKSEL ANSELB
00049A	168D	BSF ANSELB,5
		SYSSELECTEND2
000000	0021	BANKSEL ADCON1
00049C	131E	BCF ADCON1,ADCS2
00049D	169E	BSF ADCON1,ADCS1
00049E	121E	BCF ADCON1,ADCS0
00049F	111D	BCF ADCON0,CHS0
0004A0	119D	BCF ADCON0,CHS1
0004A1	121D	BCF ADCON0,CHS2
0004A2	129D	BCF ADCON0,CHS3
0004A3	131D	BCF ADCON0,CHS4
000000	0020	BANKSEL ADREADPORT
0004A5	1C20	BTFSS ADREADPORT,0
0004A6	2CA9	GOTO ENDIF83
000000	0021	BANKSEL ADCON0
0004A8	151D	BSF ADCON0,CHS0
		ENDIF83
000000	0020	BANKSEL ADREADPORT
0004AA	1CA0	BTFSS ADREADPORT,1
0004AB	2CAE	GOTO ENDIF84
000000	0021	BANKSEL ADCON0
0004AD	159D	BSF ADCON0,CHS1
		ENDIF84
000000	0020	BANKSEL ADREADPORT
0004AF	1D20	BTFSS ADREADPORT,2
0004B0	2CB3	GOTO ENDIF85
000000	0021	BANKSEL ADCON0
0004B2	161D	BSF ADCON0,CHS2
		ENDIF85
000000	0020	BANKSEL ADREADPORT
0004B4	1DA0	BTFSS ADREADPORT,3
0004B5	2CB8	GOTO ENDIF86
000000	0021	BANKSEL ADCON0
0004B7	169D	BSF ADCON0,CHS3
		ENDIF86
000000	0020	BANKSEL ADREADPORT
0004B9	1E20	BTFSS ADREADPORT,4
0004BA	2CBD	GOTO ENDIF87
000000	0021	BANKSEL ADCON0
0004BC	171D	BSF ADCON0,CHS4
		ENDIF87
000000	0021	BANKSEL ADCON0
0004BE	141D	BSF ADCON0,ADON
0004BF	3002	MOVLW 2
0004C0	00F5	MOVWF SYSWAITTEMP10US
000000	0020	BANKSEL STATUS
000000	3188	PAGESEL DELAY_10US
0004C3	2041	CALL DELAY_10US
000000	3184	PAGESEL $
000000	0021	BANKSEL ADCON0
0004C6	149D	BSF ADCON0,GO_NOT_DONE
0004C7	0000	NOP
		SYSWAITLOOP3
0004C8	189D	BTFSC ADCON0,GO_NOT_DONE
0004C9	2CC8	GOTO SYSWAITLOOP3
0004CA	101D	BCF ADCON0,ADON
000000	0023	BANKSEL ANSELA
0004CC	018C	CLRF ANSELA
0004CD	018D	CLRF ANSELB
0004CE	018E	CLRF ANSELC
000000	0021	BANKSEL ADRESH
0004D0	081C	MOVF ADRESH,W
000000	0020	BANKSEL READAD
0004D2	00B8	MOVWF READAD
000000	0021	BANKSEL ADCON1
0004D4	139E	BCF ADCON1,ADFM
000000	0020	BANKSEL STATUS
0004D6	0008	RETURN


		ROTATELEDS
0004D7	0325	DECF G_LABSTATE,W
0004D8	1903	BTFSC STATUS, Z
0004D9	2CE4	GOTO ENDIF23
000000	0022	BANKSEL LATB
0004DB	160D	BSF LATB,4
0004DC	128D	BCF LATB,5
0004DD	130D	BCF LATB,6
0004DE	138D	BCF LATB,7
0004DF	3001	MOVLW 1
000000	0020	BANKSEL G_ROTATEREG
0004E1	00A7	MOVWF G_ROTATEREG
0004E2	3001	MOVLW 1
0004E3	00A5	MOVWF G_LABSTATE
		ENDIF23
0004E4	0325	DECF G_LABSTATE,W
0004E5	1D03	BTFSS STATUS, Z
0004E6	2D10	GOTO ENDIF24
0004E7	30F4	MOVLW 244
0004E8	00F2	MOVWF SYSWAITTEMPMS
0004E9	3001	MOVLW 1
0004EA	00F3	MOVWF SYSWAITTEMPMS_H
0004EB	210E	CALL DELAY_MS
0004EC	0D27	RLF G_ROTATEREG,W
0004ED	0DA7	RLF G_ROTATEREG,F
0004EE	3010	MOVLW 16
0004EF	0227	SUBWF G_ROTATEREG,W
0004F0	1D03	BTFSS STATUS, Z
0004F1	2CF4	GOTO ENDIF26
0004F2	3001	MOVLW 1
0004F3	00A7	MOVWF G_ROTATEREG
		ENDIF26
000000	0022	BANKSEL LATB
0004F5	120D	BCF LATB,4
000000	0020	BANKSEL G_ROTATEREG
0004F7	1C27	BTFSS G_ROTATEREG,0
0004F8	2CFB	GOTO ENDIF27
000000	0022	BANKSEL LATB
0004FA	160D	BSF LATB,4
		ENDIF27
000000	0022	BANKSEL LATB
0004FC	128D	BCF LATB,5
000000	0020	BANKSEL G_ROTATEREG
0004FE	1CA7	BTFSS G_ROTATEREG,1
0004FF	2D02	GOTO ENDIF28
000000	0022	BANKSEL LATB
000501	168D	BSF LATB,5
		ENDIF28
000000	0022	BANKSEL LATB
000503	130D	BCF LATB,6
000000	0020	BANKSEL G_ROTATEREG
000505	1D27	BTFSS G_ROTATEREG,2
000506	2D09	GOTO ENDIF29
000000	0022	BANKSEL LATB
000508	170D	BSF LATB,6
		ENDIF29
000000	0022	BANKSEL LATB
00050A	138D	BCF LATB,7
000000	0020	BANKSEL G_ROTATEREG
00050C	1DA7	BTFSS G_ROTATEREG,3
00050D	2D10	GOTO ENDIF30
000000	0022	BANKSEL LATB
00050F	178D	BSF LATB,7
		ENDIF30
		ENDIF24
000000	0020	BANKSEL G_SWITCHEVENT
000511	0328	DECF G_SWITCHEVENT,W
000512	1903	BTFSC STATUS, Z
000513	01A5	CLRF G_LABSTATE
		ENDIF25
000514	0008	RETURN


		SETTIMER
000515	08D8	MOVF TMRNUMBER,F
000516	1D03	BTFSS STATUS, Z
000517	2D1B	GOTO ENDIF122
000518	085B	MOVF TMRVALUE,W
000519	0095	MOVWF TMR0
00051A	0008	RETURN
		ENDIF122
00051B	0358	DECF TMRNUMBER,W
00051C	1D03	BTFSS STATUS, Z
00051D	2D22	GOTO ENDIF123
00051E	085C	MOVF TMRVALUE_H,W
00051F	0097	MOVWF TMR1H
000520	085B	MOVF TMRVALUE,W
000521	0096	MOVWF TMR1L
		ENDIF123
000522	3002	MOVLW 2
000523	0258	SUBWF TMRNUMBER,W
000524	1D03	BTFSS STATUS, Z
000525	2D28	GOTO ENDIF124
000526	085B	MOVF TMRVALUE,W
000527	009A	MOVWF TMR2
		ENDIF124
000528	3004	MOVLW 4
000529	0258	SUBWF TMRNUMBER,W
00052A	1D03	BTFSS STATUS, Z
00052B	2D2F	GOTO ENDIF125
00052C	085B	MOVF TMRVALUE,W
000000	0028	BANKSEL TMR4
00052E	0095	MOVWF TMR4
		ENDIF125
00052F	3006	MOVLW 6
000000	0020	BANKSEL TMRNUMBER
000531	0258	SUBWF TMRNUMBER,W
000532	1D03	BTFSS STATUS, Z
000533	2D37	GOTO ENDIF126
000534	085B	MOVF TMRVALUE,W
000000	0028	BANKSEL TMR6
000536	009C	MOVWF TMR6
		ENDIF126
000000	0020	BANKSEL STATUS
000538	0008	RETURN


		SLEEPWAKEUP2LEDS
000539	0325	DECF G_LABSTATE,W
00053A	1903	BTFSC STATUS, Z
00053B	2D49	GOTO ENDIF64
000000	0022	BANKSEL LATB
00053D	160D	BSF LATB,4
00053E	170D	BSF LATB,6
00053F	128D	BCF LATB,5
000540	138D	BCF LATB,7
000541	3018	MOVLW 24
000000	0021	BANKSEL WDTCON
000543	0097	MOVWF WDTCON
000544	1417	BSF WDTCON,SWDTEN
000545	0063	SLEEP
000546	3001	MOVLW 1
000000	0020	BANKSEL G_LABSTATE
000548	00A5	MOVWF G_LABSTATE
		ENDIF64
000549	0325	DECF G_LABSTATE,W
00054A	1D03	BTFSS STATUS, Z
00054B	2D7C	GOTO ENDIF65
00054C	01D1	CLRF SYSTEMP1
00054D	1A0D	BTFSC PORTB,4
00054E	0AD1	INCF SYSTEMP1,F
		ENDIF68
00054F	09D1	COMF SYSTEMP1,F
000000	0022	BANKSEL LATB
000551	120D	BCF LATB,4
000000	0020	BANKSEL SYSTEMP1
000553	1C51	BTFSS SYSTEMP1,0
000554	2D57	GOTO ENDIF69
000000	0022	BANKSEL LATB
000556	160D	BSF LATB,4
		ENDIF69
000000	0020	BANKSEL SYSTEMP1
000558	01D1	CLRF SYSTEMP1
000559	1B0D	BTFSC PORTB,6
00055A	0AD1	INCF SYSTEMP1,F
		ENDIF70
00055B	09D1	COMF SYSTEMP1,F
000000	0022	BANKSEL LATB
00055D	130D	BCF LATB,6
000000	0020	BANKSEL SYSTEMP1
00055F	1C51	BTFSS SYSTEMP1,0
000560	2D63	GOTO ENDIF71
000000	0022	BANKSEL LATB
000562	170D	BSF LATB,6
		ENDIF71
000000	0020	BANKSEL SYSTEMP1
000564	01D1	CLRF SYSTEMP1
000565	1A8D	BTFSC PORTB,5
000566	0AD1	INCF SYSTEMP1,F
		ENDIF72
000567	09D1	COMF SYSTEMP1,F
000000	0022	BANKSEL LATB
000569	128D	BCF LATB,5
000000	0020	BANKSEL SYSTEMP1
00056B	1C51	BTFSS SYSTEMP1,0
00056C	2D6F	GOTO ENDIF73
000000	0022	BANKSEL LATB
00056E	168D	BSF LATB,5
		ENDIF73
000000	0020	BANKSEL SYSTEMP1
000570	01D1	CLRF SYSTEMP1
000571	1B8D	BTFSC PORTB,7
000572	0AD1	INCF SYSTEMP1,F
		ENDIF74
000573	09D1	COMF SYSTEMP1,F
000000	0022	BANKSEL LATB
000575	138D	BCF LATB,7
000000	0020	BANKSEL SYSTEMP1
000577	1C51	BTFSS SYSTEMP1,0
000578	2D7B	GOTO ENDIF75
000000	0022	BANKSEL LATB
00057A	178D	BSF LATB,7
		ENDIF75
00057B	0063	SLEEP
		ENDIF65
000000	0020	BANKSEL G_SWITCHEVENT
00057D	0328	DECF G_SWITCHEVENT,W
00057E	1D03	BTFSS STATUS, Z
00057F	2D85	GOTO ENDIF66
000000	0021	BANKSEL WDTCON
000581	1817	BTFSC WDTCON,SWDTEN
000582	1017	BCF WDTCON,SWDTEN
		ENDIF67
000000	0020	BANKSEL G_LABSTATE
000584	01A5	CLRF G_LABSTATE
		ENDIF66
000585	0008	RETURN


		FN_STR
000586	01BD	CLRF SYSCHARCOUNT
000587	0855	MOVF SYSVALTEMP,W
000588	00F5	MOVWF SYSWORDTEMPA
000589	0856	MOVF SYSVALTEMP_H,W
00058A	00F6	MOVWF SYSWORDTEMPA_H
00058B	3010	MOVLW 16
00058C	00F9	MOVWF SYSWORDTEMPB
00058D	3027	MOVLW 39
00058E	00FA	MOVWF SYSWORDTEMPB_H
000000	3189	PAGESEL SYSCOMPLESSTHAN16
000590	215F	CALL SYSCOMPLESSTHAN16
000000	3185	PAGESEL $
000592	09F0	COMF SYSBYTETEMPX,F
000593	1C70	BTFSS SYSBYTETEMPX,0
000594	2DB0	GOTO ENDIF145
000595	0855	MOVF SYSVALTEMP,W
000596	00F5	MOVWF SYSWORDTEMPA
000597	0856	MOVF SYSVALTEMP_H,W
000598	00F6	MOVWF SYSWORDTEMPA_H
000599	3010	MOVLW 16
00059A	00F9	MOVWF SYSWORDTEMPB
00059B	3027	MOVLW 39
00059C	00FA	MOVWF SYSWORDTEMPB_H
00059D	263A	CALL SYSDIVSUB16
00059E	0875	MOVF SYSWORDTEMPA,W
00059F	00D0	MOVWF SYSSTRDATA
0005A0	0870	MOVF SYSCALCTEMPX,W
0005A1	00D5	MOVWF SYSVALTEMP
0005A2	0871	MOVF SYSCALCTEMPX_H,W
0005A3	00D6	MOVWF SYSVALTEMP_H
0005A4	0ABD	INCF SYSCHARCOUNT,F
0005A5	30DC	MOVLW LOW(STR)
0005A6	073D	ADDWF SYSCHARCOUNT,W
0005A7	0084	MOVWF AFSR0
0005A8	01D1	CLRF SYSTEMP1
0005A9	3023	MOVLW HIGH(STR)
0005AA	3D51	ADDWFC SYSTEMP1,W
0005AB	0085	MOVWF AFSR0_H
0005AC	3030	MOVLW 48
0005AD	0750	ADDWF SYSSTRDATA,W
0005AE	0080	MOVWF INDF0
0005AF	2DBE	GOTO SYSVALTHOUSANDS
		ENDIF145
0005B0	0855	MOVF SYSVALTEMP,W
0005B1	00F5	MOVWF SYSWORDTEMPA
0005B2	0856	MOVF SYSVALTEMP_H,W
0005B3	00F6	MOVWF SYSWORDTEMPA_H
0005B4	30E8	MOVLW 232
0005B5	00F9	MOVWF SYSWORDTEMPB
0005B6	3003	MOVLW 3
0005B7	00FA	MOVWF SYSWORDTEMPB_H
000000	3189	PAGESEL SYSCOMPLESSTHAN16
0005B9	215F	CALL SYSCOMPLESSTHAN16
000000	3185	PAGESEL $
0005BB	09F0	COMF SYSBYTETEMPX,F
0005BC	1C70	BTFSS SYSBYTETEMPX,0
0005BD	2DD9	GOTO ENDIF146
		SYSVALTHOUSANDS
0005BE	0855	MOVF SYSVALTEMP,W
0005BF	00F5	MOVWF SYSWORDTEMPA
0005C0	0856	MOVF SYSVALTEMP_H,W
0005C1	00F6	MOVWF SYSWORDTEMPA_H
0005C2	30E8	MOVLW 232
0005C3	00F9	MOVWF SYSWORDTEMPB
0005C4	3003	MOVLW 3
0005C5	00FA	MOVWF SYSWORDTEMPB_H
0005C6	263A	CALL SYSDIVSUB16
0005C7	0875	MOVF SYSWORDTEMPA,W
0005C8	00D0	MOVWF SYSSTRDATA
0005C9	0870	MOVF SYSCALCTEMPX,W
0005CA	00D5	MOVWF SYSVALTEMP
0005CB	0871	MOVF SYSCALCTEMPX_H,W
0005CC	00D6	MOVWF SYSVALTEMP_H
0005CD	0ABD	INCF SYSCHARCOUNT,F
0005CE	30DC	MOVLW LOW(STR)
0005CF	073D	ADDWF SYSCHARCOUNT,W
0005D0	0084	MOVWF AFSR0
0005D1	01D1	CLRF SYSTEMP1
0005D2	3023	MOVLW HIGH(STR)
0005D3	3D51	ADDWFC SYSTEMP1,W
0005D4	0085	MOVWF AFSR0_H
0005D5	3030	MOVLW 48
0005D6	0750	ADDWF SYSSTRDATA,W
0005D7	0080	MOVWF INDF0
0005D8	2DE6	GOTO SYSVALHUNDREDS
		ENDIF146
0005D9	0855	MOVF SYSVALTEMP,W
0005DA	00F5	MOVWF SYSWORDTEMPA
0005DB	0856	MOVF SYSVALTEMP_H,W
0005DC	00F6	MOVWF SYSWORDTEMPA_H
0005DD	3064	MOVLW 100
0005DE	00F9	MOVWF SYSWORDTEMPB
0005DF	01FA	CLRF SYSWORDTEMPB_H
000000	3189	PAGESEL SYSCOMPLESSTHAN16
0005E1	215F	CALL SYSCOMPLESSTHAN16
000000	3185	PAGESEL $
0005E3	09F0	COMF SYSBYTETEMPX,F
0005E4	1C70	BTFSS SYSBYTETEMPX,0
0005E5	2E00	GOTO ENDIF147
		SYSVALHUNDREDS
0005E6	0855	MOVF SYSVALTEMP,W
0005E7	00F5	MOVWF SYSWORDTEMPA
0005E8	0856	MOVF SYSVALTEMP_H,W
0005E9	00F6	MOVWF SYSWORDTEMPA_H
0005EA	3064	MOVLW 100
0005EB	00F9	MOVWF SYSWORDTEMPB
0005EC	01FA	CLRF SYSWORDTEMPB_H
0005ED	263A	CALL SYSDIVSUB16
0005EE	0875	MOVF SYSWORDTEMPA,W
0005EF	00D0	MOVWF SYSSTRDATA
0005F0	0870	MOVF SYSCALCTEMPX,W
0005F1	00D5	MOVWF SYSVALTEMP
0005F2	0871	MOVF SYSCALCTEMPX_H,W
0005F3	00D6	MOVWF SYSVALTEMP_H
0005F4	0ABD	INCF SYSCHARCOUNT,F
0005F5	30DC	MOVLW LOW(STR)
0005F6	073D	ADDWF SYSCHARCOUNT,W
0005F7	0084	MOVWF AFSR0
0005F8	01D1	CLRF SYSTEMP1
0005F9	3023	MOVLW HIGH(STR)
0005FA	3D51	ADDWFC SYSTEMP1,W
0005FB	0085	MOVWF AFSR0_H
0005FC	3030	MOVLW 48
0005FD	0750	ADDWF SYSSTRDATA,W
0005FE	0080	MOVWF INDF0
0005FF	2E0D	GOTO SYSVALTENS
		ENDIF147
000600	0855	MOVF SYSVALTEMP,W
000601	00F5	MOVWF SYSWORDTEMPA
000602	0856	MOVF SYSVALTEMP_H,W
000603	00F6	MOVWF SYSWORDTEMPA_H
000604	300A	MOVLW 10
000605	00F9	MOVWF SYSWORDTEMPB
000606	01FA	CLRF SYSWORDTEMPB_H
000000	3189	PAGESEL SYSCOMPLESSTHAN16
000608	215F	CALL SYSCOMPLESSTHAN16
000000	3186	PAGESEL $
00060A	09F0	COMF SYSBYTETEMPX,F
00060B	1C70	BTFSS SYSBYTETEMPX,0
00060C	2E26	GOTO ENDIF148
		SYSVALTENS
00060D	0855	MOVF SYSVALTEMP,W
00060E	00F5	MOVWF SYSWORDTEMPA
00060F	0856	MOVF SYSVALTEMP_H,W
000610	00F6	MOVWF SYSWORDTEMPA_H
000611	300A	MOVLW 10
000612	00F9	MOVWF SYSWORDTEMPB
000613	01FA	CLRF SYSWORDTEMPB_H
000614	263A	CALL SYSDIVSUB16
000615	0875	MOVF SYSWORDTEMPA,W
000616	00D0	MOVWF SYSSTRDATA
000617	0870	MOVF SYSCALCTEMPX,W
000618	00D5	MOVWF SYSVALTEMP
000619	0871	MOVF SYSCALCTEMPX_H,W
00061A	00D6	MOVWF SYSVALTEMP_H
00061B	0ABD	INCF SYSCHARCOUNT,F
00061C	30DC	MOVLW LOW(STR)
00061D	073D	ADDWF SYSCHARCOUNT,W
00061E	0084	MOVWF AFSR0
00061F	01D1	CLRF SYSTEMP1
000620	3023	MOVLW HIGH(STR)
000621	3D51	ADDWFC SYSTEMP1,W
000622	0085	MOVWF AFSR0_H
000623	3030	MOVLW 48
000624	0750	ADDWF SYSSTRDATA,W
000625	0080	MOVWF INDF0
		ENDIF148
000626	0ABD	INCF SYSCHARCOUNT,F
000627	30DC	MOVLW LOW(STR)
000628	073D	ADDWF SYSCHARCOUNT,W
000629	0084	MOVWF AFSR0
00062A	01D1	CLRF SYSTEMP1
00062B	3023	MOVLW HIGH(STR)
00062C	3D51	ADDWFC SYSTEMP1,W
00062D	0085	MOVWF AFSR0_H
00062E	3030	MOVLW 48
00062F	0755	ADDWF SYSVALTEMP,W
000630	0080	MOVWF INDF0
000631	0870	MOVF SYSCALCTEMPX,W
000632	00D5	MOVWF SYSVALTEMP
000633	0871	MOVF SYSCALCTEMPX_H,W
000634	00D6	MOVWF SYSVALTEMP_H
000635	083D	MOVF SYSCHARCOUNT,W
000000	002C	BANKSEL SYSSTR_0
000637	00BC	MOVWF SYSSTR_0
000000	0020	BANKSEL STATUS
000639	0008	RETURN


		SYSDIVSUB16
00063A	0875	MOVF SYSWORDTEMPA,W
00063B	00F7	MOVWF SYSDIVMULTA
00063C	0876	MOVF SYSWORDTEMPA_H,W
00063D	00F8	MOVWF SYSDIVMULTA_H
00063E	0879	MOVF SYSWORDTEMPB,W
00063F	00FB	MOVWF SYSDIVMULTB
000640	087A	MOVF SYSWORDTEMPB_H,W
000641	00FC	MOVWF SYSDIVMULTB_H
000642	01F2	CLRF SYSDIVMULTX
000643	01F3	CLRF SYSDIVMULTX_H
000644	087B	MOVF SYSDIVMULTB,W
000645	00F5	MOVWF SYSWORDTEMPA
000646	087C	MOVF SYSDIVMULTB_H,W
000647	00F6	MOVWF SYSWORDTEMPA_H
000648	01F9	CLRF SYSWORDTEMPB
000649	01FA	CLRF SYSWORDTEMPB_H
000000	3189	PAGESEL SYSCOMPEQUAL16
00064B	2141	CALL SYSCOMPEQUAL16
000000	3186	PAGESEL $
00064D	1C70	BTFSS SYSBYTETEMPX,0
00064E	2E52	GOTO ENDIF156
00064F	01F5	CLRF SYSWORDTEMPA
000650	01F6	CLRF SYSWORDTEMPA_H
000651	0008	RETURN
		ENDIF156
000652	3010	MOVLW 16
000653	00F4	MOVWF SYSDIVLOOP
		SYSDIV16START
000654	1003	BCF STATUS,C
000655	0DF7	RLF SYSDIVMULTA,F
000656	0DF8	RLF SYSDIVMULTA_H,F
000657	0DF2	RLF SYSDIVMULTX,F
000658	0DF3	RLF SYSDIVMULTX_H,F
000659	087B	MOVF SYSDIVMULTB,W
00065A	02F2	SUBWF SYSDIVMULTX,F
00065B	087C	MOVF SYSDIVMULTB_H,W
00065C	3BF3	SUBWFB SYSDIVMULTX_H,F
00065D	1477	BSF SYSDIVMULTA,0
00065E	1803	BTFSC STATUS,C
00065F	2E65	GOTO ENDIF157
000660	1077	BCF SYSDIVMULTA,0
000661	087B	MOVF SYSDIVMULTB,W
000662	07F2	ADDWF SYSDIVMULTX,F
000663	087C	MOVF SYSDIVMULTB_H,W
000664	3DF3	ADDWFC SYSDIVMULTX_H,F
		ENDIF157
000665	0BF4	DECFSZ SYSDIVLOOP, F
000666	2E54	GOTO SYSDIV16START
000667	0877	MOVF SYSDIVMULTA,W
000668	00F5	MOVWF SYSWORDTEMPA
000669	0878	MOVF SYSDIVMULTA_H,W
00066A	00F6	MOVWF SYSWORDTEMPA_H
00066B	0872	MOVF SYSDIVMULTX,W
00066C	00F0	MOVWF SYSWORDTEMPX
00066D	0873	MOVF SYSDIVMULTX_H,W
00066E	00F1	MOVWF SYSWORDTEMPX_H
00066F	0008	RETURN


		SYSDIVSUB32
000670	0875	MOVF SYSLONGTEMPA,W
000671	00BF	MOVWF SYSLONGDIVMULTA
000672	0876	MOVF SYSLONGTEMPA_H,W
000673	00C0	MOVWF SYSLONGDIVMULTA_H
000674	0877	MOVF SYSLONGTEMPA_U,W
000675	00C1	MOVWF SYSLONGDIVMULTA_U
000676	0878	MOVF SYSLONGTEMPA_E,W
000677	00C2	MOVWF SYSLONGDIVMULTA_E
000678	0879	MOVF SYSLONGTEMPB,W
000679	00C3	MOVWF SYSLONGDIVMULTB
00067A	087A	MOVF SYSLONGTEMPB_H,W
00067B	00C4	MOVWF SYSLONGDIVMULTB_H
00067C	087B	MOVF SYSLONGTEMPB_U,W
00067D	00C5	MOVWF SYSLONGDIVMULTB_U
00067E	087C	MOVF SYSLONGTEMPB_E,W
00067F	00C6	MOVWF SYSLONGDIVMULTB_E
000680	01C7	CLRF SYSLONGDIVMULTX
000681	01C8	CLRF SYSLONGDIVMULTX_H
000682	01C9	CLRF SYSLONGDIVMULTX_U
000683	01CA	CLRF SYSLONGDIVMULTX_E
000684	0843	MOVF SYSLONGDIVMULTB,W
000685	00F5	MOVWF SYSLONGTEMPA
000686	0844	MOVF SYSLONGDIVMULTB_H,W
000687	00F6	MOVWF SYSLONGTEMPA_H
000688	0845	MOVF SYSLONGDIVMULTB_U,W
000689	00F7	MOVWF SYSLONGTEMPA_U
00068A	0846	MOVF SYSLONGDIVMULTB_E,W
00068B	00F8	MOVWF SYSLONGTEMPA_E
00068C	01F9	CLRF SYSLONGTEMPB
00068D	01FA	CLRF SYSLONGTEMPB_H
00068E	01FB	CLRF SYSLONGTEMPB_U
00068F	01FC	CLRF SYSLONGTEMPB_E
000000	3189	PAGESEL SYSCOMPEQUAL32
000691	214C	CALL SYSCOMPEQUAL32
000000	3186	PAGESEL $
000693	1C70	BTFSS SYSBYTETEMPX,0
000694	2E9A	GOTO ENDIF143
000695	01F5	CLRF SYSLONGTEMPA
000696	01F6	CLRF SYSLONGTEMPA_H
000697	01F7	CLRF SYSLONGTEMPA_U
000698	01F8	CLRF SYSLONGTEMPA_E
000699	0008	RETURN
		ENDIF143
00069A	3020	MOVLW 32
00069B	00F4	MOVWF SYSDIVLOOP
		SYSDIV32START
00069C	1003	BCF STATUS,C
00069D	0DBF	RLF SYSLONGDIVMULTA,F
00069E	0DC0	RLF SYSLONGDIVMULTA_H,F
00069F	0DC1	RLF SYSLONGDIVMULTA_U,F
0006A0	0DC2	RLF SYSLONGDIVMULTA_E,F
0006A1	0DC7	RLF SYSLONGDIVMULTX,F
0006A2	0DC8	RLF SYSLONGDIVMULTX_H,F
0006A3	0DC9	RLF SYSLONGDIVMULTX_U,F
0006A4	0DCA	RLF SYSLONGDIVMULTX_E,F
0006A5	0843	MOVF SYSLONGDIVMULTB,W
0006A6	02C7	SUBWF SYSLONGDIVMULTX,F
0006A7	0844	MOVF SYSLONGDIVMULTB_H,W
0006A8	3BC8	SUBWFB SYSLONGDIVMULTX_H,F
0006A9	0845	MOVF SYSLONGDIVMULTB_U,W
0006AA	3BC9	SUBWFB SYSLONGDIVMULTX_U,F
0006AB	0846	MOVF SYSLONGDIVMULTB_E,W
0006AC	3BCA	SUBWFB SYSLONGDIVMULTX_E,F
0006AD	143F	BSF SYSLONGDIVMULTA,0
0006AE	1803	BTFSC STATUS,C
0006AF	2EB9	GOTO ENDIF144
0006B0	103F	BCF SYSLONGDIVMULTA,0
0006B1	0843	MOVF SYSLONGDIVMULTB,W
0006B2	07C7	ADDWF SYSLONGDIVMULTX,F
0006B3	0844	MOVF SYSLONGDIVMULTB_H,W
0006B4	3DC8	ADDWFC SYSLONGDIVMULTX_H,F
0006B5	0845	MOVF SYSLONGDIVMULTB_U,W
0006B6	3DC9	ADDWFC SYSLONGDIVMULTX_U,F
0006B7	0846	MOVF SYSLONGDIVMULTB_E,W
0006B8	3DCA	ADDWFC SYSLONGDIVMULTX_E,F
		ENDIF144
0006B9	0BF4	DECFSZ SYSDIVLOOP, F
0006BA	2E9C	GOTO SYSDIV32START
0006BB	083F	MOVF SYSLONGDIVMULTA,W
0006BC	00F5	MOVWF SYSLONGTEMPA
0006BD	0840	MOVF SYSLONGDIVMULTA_H,W
0006BE	00F6	MOVWF SYSLONGTEMPA_H
0006BF	0841	MOVF SYSLONGDIVMULTA_U,W
0006C0	00F7	MOVWF SYSLONGTEMPA_U
0006C1	0842	MOVF SYSLONGDIVMULTA_E,W
0006C2	00F8	MOVWF SYSLONGTEMPA_E
0006C3	0847	MOVF SYSLONGDIVMULTX,W
0006C4	00F0	MOVWF SYSLONGTEMPX
0006C5	0848	MOVF SYSLONGDIVMULTX_H,W
0006C6	00F1	MOVWF SYSLONGTEMPX_H
0006C7	0849	MOVF SYSLONGDIVMULTX_U,W
0006C8	00F2	MOVWF SYSLONGTEMPX_U
0006C9	084A	MOVF SYSLONGDIVMULTX_E,W
0006CA	00F3	MOVWF SYSLONGTEMPX_E
0006CB	0008	RETURN


		SYSMULTSUB32
0006CC	0875	MOVF SYSLONGTEMPA,W
0006CD	00BF	MOVWF SYSLONGDIVMULTA
0006CE	0876	MOVF SYSLONGTEMPA_H,W
0006CF	00C0	MOVWF SYSLONGDIVMULTA_H
0006D0	0877	MOVF SYSLONGTEMPA_U,W
0006D1	00C1	MOVWF SYSLONGDIVMULTA_U
0006D2	0878	MOVF SYSLONGTEMPA_E,W
0006D3	00C2	MOVWF SYSLONGDIVMULTA_E
0006D4	0879	MOVF SYSLONGTEMPB,W
0006D5	00C3	MOVWF SYSLONGDIVMULTB
0006D6	087A	MOVF SYSLONGTEMPB_H,W
0006D7	00C4	MOVWF SYSLONGDIVMULTB_H
0006D8	087B	MOVF SYSLONGTEMPB_U,W
0006D9	00C5	MOVWF SYSLONGDIVMULTB_U
0006DA	087C	MOVF SYSLONGTEMPB_E,W
0006DB	00C6	MOVWF SYSLONGDIVMULTB_E
0006DC	01C7	CLRF SYSLONGDIVMULTX
0006DD	01C8	CLRF SYSLONGDIVMULTX_H
0006DE	01C9	CLRF SYSLONGDIVMULTX_U
0006DF	01CA	CLRF SYSLONGDIVMULTX_E
		MUL32LOOP
0006E0	1C43	BTFSS SYSLONGDIVMULTB,0
0006E1	2EEA	GOTO ENDIF141
0006E2	083F	MOVF SYSLONGDIVMULTA,W
0006E3	07C7	ADDWF SYSLONGDIVMULTX,F
0006E4	0840	MOVF SYSLONGDIVMULTA_H,W
0006E5	3DC8	ADDWFC SYSLONGDIVMULTX_H,F
0006E6	0841	MOVF SYSLONGDIVMULTA_U,W
0006E7	3DC9	ADDWFC SYSLONGDIVMULTX_U,F
0006E8	0842	MOVF SYSLONGDIVMULTA_E,W
0006E9	3DCA	ADDWFC SYSLONGDIVMULTX_E,F
		ENDIF141
0006EA	1003	BCF STATUS,C
0006EB	0CC6	RRF SYSLONGDIVMULTB_E,F
0006EC	0CC5	RRF SYSLONGDIVMULTB_U,F
0006ED	0CC4	RRF SYSLONGDIVMULTB_H,F
0006EE	0CC3	RRF SYSLONGDIVMULTB,F
0006EF	1003	BCF STATUS,C
0006F0	0DBF	RLF SYSLONGDIVMULTA,F
0006F1	0DC0	RLF SYSLONGDIVMULTA_H,F
0006F2	0DC1	RLF SYSLONGDIVMULTA_U,F
0006F3	0DC2	RLF SYSLONGDIVMULTA_E,F
0006F4	0843	MOVF SYSLONGDIVMULTB,W
0006F5	00F9	MOVWF SYSLONGTEMPB
0006F6	0844	MOVF SYSLONGDIVMULTB_H,W
0006F7	00FA	MOVWF SYSLONGTEMPB_H
0006F8	0845	MOVF SYSLONGDIVMULTB_U,W
0006F9	00FB	MOVWF SYSLONGTEMPB_U
0006FA	0846	MOVF SYSLONGDIVMULTB_E,W
0006FB	00FC	MOVWF SYSLONGTEMPB_E
0006FC	01F5	CLRF SYSLONGTEMPA
0006FD	01F6	CLRF SYSLONGTEMPA_H
0006FE	01F7	CLRF SYSLONGTEMPA_U
0006FF	01F8	CLRF SYSLONGTEMPA_E
000000	3189	PAGESEL SYSCOMPLESSTHAN32
000701	216E	CALL SYSCOMPLESSTHAN32
000000	3187	PAGESEL $
000703	1870	BTFSC SYSBYTETEMPX,0
000704	2EE0	GOTO MUL32LOOP
		ENDIF142
000705	0847	MOVF SYSLONGDIVMULTX,W
000706	00F0	MOVWF SYSLONGTEMPX
000707	0848	MOVF SYSLONGDIVMULTX_H,W
000708	00F1	MOVWF SYSLONGTEMPX_H
000709	0849	MOVF SYSLONGDIVMULTX_U,W
00070A	00F2	MOVWF SYSLONGTEMPX_U
00070B	084A	MOVF SYSLONGDIVMULTX_E,W
00070C	00F3	MOVWF SYSLONGTEMPX_E
00070D	0008	RETURN


		SYSSTRINGTABLES
00070E	0878	MOVF SYSSTRINGA_H,W
00070F	008A	MOVWF PCLATH
000710	0877	MOVF SYSSTRINGA,W
000711	0AF7	INCF SYSSTRINGA,F
000712	1903	BTFSC STATUS,Z
000713	0AF8	INCF SYSSTRINGA_H,F
000714	0082	MOVWF PCL

		STRINGTABLE1
000715	3416	RETLW 22
000716	3443	RETLW 67
000717	3475	RETLW 117
000718	3472	RETLW 114
000719	3469	RETLW 105
00071A	346F	RETLW 111
00071B	3473	RETLW 115
00071C	3469	RETLW 105
00071D	3474	RETLW 116
00071E	3479	RETLW 121
00071F	3420	RETLW 32
000720	3442	RETLW 66
000721	346F	RETLW 111
000722	3461	RETLW 97
000723	3472	RETLW 114
000724	3464	RETLW 100
000725	3420	RETLW 32
000726	344C	RETLW 76
000727	3461	RETLW 97
000728	3462	RETLW 98
000729	3473	RETLW 115
00072A	343A	RETLW 58
00072B	3420	RETLW 32


		STRINGTABLE2
00072C	3408	RETLW 8
00072D	3452	RETLW 82
00072E	3465	RETLW 101
00072F	3461	RETLW 97
000730	3464	RETLW 100
000731	3479	RETLW 121
000732	3420	RETLW 32
000733	342E	RETLW 46
000734	342E	RETLW 46


		STRINGTABLE3
000735	340C	RETLW 12
000736	344C	RETLW 76
000737	3461	RETLW 97
000738	3462	RETLW 98
000739	3420	RETLW 32
00073A	344E	RETLW 78
00073B	3475	RETLW 117
00073C	346D	RETLW 109
00073D	3462	RETLW 98
00073E	3465	RETLW 101
00073F	3472	RETLW 114
000740	343A	RETLW 58
000741	3420	RETLW 32


		STRINGTABLE53
000742	3407	RETLW 7
000743	3431	RETLW 49
000744	3436	RETLW 54
000745	3446	RETLW 70
000746	3431	RETLW 49
000747	3438	RETLW 56
000748	3432	RETLW 50
000749	3439	RETLW 57



		TIMERLEDS
00074A	0325	DECF G_LABSTATE,W
00074B	1903	BTFSC STATUS, Z
00074C	2F6E	GOTO ENDIF49
000000	0022	BANKSEL LATB
00074E	160D	BSF LATB,4
00074F	168D	BSF LATB,5
000750	170D	BSF LATB,6
000751	178D	BSF LATB,7
000752	3001	MOVLW 1
000000	0020	BANKSEL TMRSOURCE
000754	00DA	MOVWF TMRSOURCE
000755	3001	MOVLW 1
000756	00D9	MOVWF TMRPRES
000757	23C3	CALL INITTIMER1
000758	3001	MOVLW 1
000759	00D8	MOVWF TMRNUMBER
00075A	30DC	MOVLW 220
00075B	00DB	MOVWF TMRVALUE
00075C	300B	MOVLW 11
00075D	00DC	MOVWF TMRVALUE_H
00075E	2515	CALL SETTIMER
00075F	3001	MOVLW 1
000760	00D8	MOVWF TMRNUMBER
000000	3189	PAGESEL STARTTIMER
000762	2115	CALL STARTTIMER
000000	3187	PAGESEL $
000000	0022	BANKSEL LATB
000765	160D	BSF LATB,4
000766	128D	BCF LATB,5
000767	130D	BCF LATB,6
000768	138D	BCF LATB,7
000769	3001	MOVLW 1
000000	0020	BANKSEL G_ROTATEREG
00076B	00A7	MOVWF G_ROTATEREG
00076C	3001	MOVLW 1
00076D	00A5	MOVWF G_LABSTATE
		ENDIF49
00076E	0325	DECF G_LABSTATE,W
00076F	1D03	BTFSS STATUS, Z
000770	2FA0	GOTO ENDIF50
		SYSWAITLOOP2
000771	1C11	BTFSS PIR1,TMR1IF
000772	2F71	GOTO SYSWAITLOOP2
000773	3001	MOVLW 1
000774	00D8	MOVWF TMRNUMBER
000775	30DC	MOVLW 220
000776	00DB	MOVWF TMRVALUE
000777	300B	MOVLW 11
000778	00DC	MOVWF TMRVALUE_H
000779	2515	CALL SETTIMER
00077A	0D27	RLF G_ROTATEREG,W
00077B	0DA7	RLF G_ROTATEREG,F
00077C	3010	MOVLW 16
00077D	0227	SUBWF G_ROTATEREG,W
00077E	1D03	BTFSS STATUS, Z
00077F	2F82	GOTO ENDIF52
000780	3001	MOVLW 1
000781	00A7	MOVWF G_ROTATEREG
		ENDIF52
000000	0022	BANKSEL LATB
000783	120D	BCF LATB,4
000000	0020	BANKSEL G_ROTATEREG
000785	1C27	BTFSS G_ROTATEREG,0
000786	2F89	GOTO ENDIF53
000000	0022	BANKSEL LATB
000788	160D	BSF LATB,4
		ENDIF53
000000	0022	BANKSEL LATB
00078A	128D	BCF LATB,5
000000	0020	BANKSEL G_ROTATEREG
00078C	1CA7	BTFSS G_ROTATEREG,1
00078D	2F90	GOTO ENDIF54
000000	0022	BANKSEL LATB
00078F	168D	BSF LATB,5
		ENDIF54
000000	0022	BANKSEL LATB
000791	130D	BCF LATB,6
000000	0020	BANKSEL G_ROTATEREG
000793	1D27	BTFSS G_ROTATEREG,2
000794	2F97	GOTO ENDIF55
000000	0022	BANKSEL LATB
000796	170D	BSF LATB,6
		ENDIF55
000000	0022	BANKSEL LATB
000798	138D	BCF LATB,7
000000	0020	BANKSEL G_ROTATEREG
00079A	1DA7	BTFSS G_ROTATEREG,3
00079B	2F9E	GOTO ENDIF56
000000	0022	BANKSEL LATB
00079D	178D	BSF LATB,7
		ENDIF56
000000	0020	BANKSEL PIR1
00079F	1011	BCF PIR1,TMR1IF
		ENDIF50
0007A0	0328	DECF G_SWITCHEVENT,W
0007A1	1D03	BTFSS STATUS, Z
0007A2	2FA9	GOTO ENDIF51
0007A3	3001	MOVLW 1
0007A4	00D8	MOVWF TMRNUMBER
000000	3189	PAGESEL STOPTIMER
0007A6	212B	CALL STOPTIMER
000000	3187	PAGESEL $
0007A8	01A5	CLRF G_LABSTATE
		ENDIF51
0007A9	0008	RETURN


		VSRLEDS
0007AA	0325	DECF G_LABSTATE,W
0007AB	1903	BTFSC STATUS, Z
0007AC	2FB7	GOTO ENDIF38
000000	0022	BANKSEL LATB
0007AE	120D	BCF LATB,4
0007AF	128D	BCF LATB,5
0007B0	130D	BCF LATB,6
0007B1	138D	BCF LATB,7
0007B2	3001	MOVLW 1
000000	0020	BANKSEL G_ROTATEREG
0007B4	00A7	MOVWF G_ROTATEREG
0007B5	3001	MOVLW 1
0007B6	00A5	MOVWF G_LABSTATE
		ENDIF38
0007B7	0325	DECF G_LABSTATE,W
0007B8	1D03	BTFSS STATUS, Z
0007B9	2FF8	GOTO ENDIF39
0007BA	3002	MOVLW 2
0007BB	00A0	MOVWF ADREADPORT
0007BC	2447	CALL FN_READAD26
0007BD	0838	MOVF SYSREADADBYTE,W
0007BE	00F5	MOVWF SYSBYTETEMPA
0007BF	3004	MOVLW 4
0007C0	00F9	MOVWF SYSBYTETEMPB
000000	3189	PAGESEL SYSDIVSUB
0007C2	2198	CALL SYSDIVSUB
000000	3187	PAGESEL $
0007C4	0875	MOVF SYSBYTETEMPA,W
0007C5	00AB	MOVWF L_DELAY
0007C6	3005	MOVLW 5
0007C7	00F2	MOVWF SYSWAITTEMPMS
0007C8	01F3	CLRF SYSWAITTEMPMS_H
0007C9	210E	CALL DELAY_MS
		SYSDOLOOP_S2
0007CA	08AB	MOVF L_DELAY,F
0007CB	1903	BTFSC STATUS, Z
0007CC	2FD3	GOTO SYSDOLOOP_E2
0007CD	3002	MOVLW 2
0007CE	00F2	MOVWF SYSWAITTEMPMS
0007CF	01F3	CLRF SYSWAITTEMPMS_H
0007D0	210E	CALL DELAY_MS
0007D1	03AB	DECF L_DELAY,F
0007D2	2FCA	GOTO SYSDOLOOP_S2
		SYSDOLOOP_E2
000000	0022	BANKSEL LATB
0007D4	120D	BCF LATB,4
000000	0020	BANKSEL G_ROTATEREG
0007D6	1C27	BTFSS G_ROTATEREG,0
0007D7	2FDA	GOTO ENDIF42
000000	0022	BANKSEL LATB
0007D9	160D	BSF LATB,4
		ENDIF42
000000	0022	BANKSEL LATB
0007DB	128D	BCF LATB,5
000000	0020	BANKSEL G_ROTATEREG
0007DD	1CA7	BTFSS G_ROTATEREG,1
0007DE	2FE1	GOTO ENDIF43
000000	0022	BANKSEL LATB
0007E0	168D	BSF LATB,5
		ENDIF43
000000	0022	BANKSEL LATB
0007E2	130D	BCF LATB,6
000000	0020	BANKSEL G_ROTATEREG
0007E4	1D27	BTFSS G_ROTATEREG,2
0007E5	2FE8	GOTO ENDIF44
000000	0022	BANKSEL LATB
0007E7	170D	BSF LATB,6
		ENDIF44
000000	0022	BANKSEL LATB
0007E9	138D	BCF LATB,7
000000	0020	BANKSEL G_ROTATEREG
0007EB	1DA7	BTFSS G_ROTATEREG,3
0007EC	2FEF	GOTO ENDIF45
000000	0022	BANKSEL LATB
0007EE	178D	BSF LATB,7
		ENDIF45
000000	0020	BANKSEL G_ROTATEREG
0007F0	0D27	RLF G_ROTATEREG,W
0007F1	0DA7	RLF G_ROTATEREG,F
0007F2	3010	MOVLW 16
0007F3	0227	SUBWF G_ROTATEREG,W
0007F4	1D03	BTFSS STATUS, Z
0007F5	2FF8	GOTO ENDIF41
0007F6	3001	MOVLW 1
0007F7	00A7	MOVWF G_ROTATEREG
		ENDIF41
		ENDIF39
0007F8	0328	DECF G_SWITCHEVENT,W
0007F9	1903	BTFSC STATUS, Z
0007FA	01A5	CLRF G_LABSTATE
		ENDIF40
0007FB	0008	RETURN



		BLINKLED
000800	0325	DECF G_LABSTATE,W
000801	1903	BTFSC STATUS, Z
000802	280B	GOTO ENDIF18
000000	0022	BANKSEL LATB
000804	120D	BCF LATB,4
000805	128D	BCF LATB,5
000806	130D	BCF LATB,6
000807	138D	BCF LATB,7
000808	3001	MOVLW 1
000000	0020	BANKSEL G_LABSTATE
00080A	00A5	MOVWF G_LABSTATE
		ENDIF18
00080B	0325	DECF G_LABSTATE,W
00080C	1D03	BTFSS STATUS, Z
00080D	2820	GOTO ENDIF19
00080E	30DC	MOVLW 220
00080F	00F2	MOVWF SYSWAITTEMPMS
000810	3005	MOVLW 5
000811	00F3	MOVWF SYSWAITTEMPMS_H
000000	3181	PAGESEL DELAY_MS
000813	210E	CALL DELAY_MS
000000	3188	PAGESEL $
000815	01D1	CLRF SYSTEMP1
000816	1A0D	BTFSC PORTB,4
000817	0AD1	INCF SYSTEMP1,F
		ENDIF21
000818	09D1	COMF SYSTEMP1,F
000000	0022	BANKSEL LATB
00081A	120D	BCF LATB,4
000000	0020	BANKSEL SYSTEMP1
00081C	1C51	BTFSS SYSTEMP1,0
00081D	2820	GOTO ENDIF22
000000	0022	BANKSEL LATB
00081F	160D	BSF LATB,4
		ENDIF22
		ENDIF19
000000	0020	BANKSEL G_SWITCHEVENT
000821	0328	DECF G_SWITCHEVENT,W
000822	1903	BTFSC STATUS, Z
000823	01A5	CLRF G_LABSTATE
		ENDIF20
000824	0008	RETURN


		CHECKBUTTONS1
000825	08A3	MOVF G_BTNSTATE,F
000826	1D03	BTFSS STATUS, Z
000827	283A	GOTO ELSE3_1
000828	180E	BTFSC PORTC,0
000829	2839	GOTO ENDIF4
00082A	3001	MOVLW 1
00082B	00A3	MOVWF G_BTNSTATE
000000	0022	BANKSEL LATB
00082D	160D	BSF LATB,4
00082E	168D	BSF LATB,5
00082F	170D	BSF LATB,6
000830	178D	BSF LATB,7
		SYSWAITLOOP1
000000	0020	BANKSEL PORTC
000832	1C0E	BTFSS PORTC,0
000833	2831	GOTO SYSWAITLOOP1
000000	0022	BANKSEL LATB
000835	120D	BCF LATB,4
000836	128D	BCF LATB,5
000837	130D	BCF LATB,6
000838	138D	BCF LATB,7
		ENDIF4
000839	283F	GOTO ENDIF3
		ELSE3_1
00083A	1C0E	BTFSS PORTC,0
00083B	283F	GOTO ENDIF5
00083C	01A3	CLRF G_BTNSTATE
00083D	3001	MOVLW 1
00083E	00A8	MOVWF G_SWITCHEVENT
		ENDIF5
		ENDIF3
000000	0020	BANKSEL STATUS
000840	0008	RETURN


		DELAY_10US
		D10US_START
000841	0BF5	DECFSZ SYSWAITTEMP10US, F
000842	2841	GOTO D10US_START
000843	0008	RETURN


		DELAY_S
		DS_START
000844	30E8	MOVLW 232
000845	00F2	MOVWF SYSWAITTEMPMS
000846	3003	MOVLW 3
000847	00F3	MOVWF SYSWAITTEMPMS_H
000000	3181	PAGESEL DELAY_MS
000849	210E	CALL DELAY_MS
000000	3188	PAGESEL $
00084B	0BF4	DECFSZ SYSWAITTEMPS, F
00084C	2844	GOTO DS_START
00084D	0008	RETURN


		EPWRITE
00084E	103E	BCF SYSINTSTATESAVE0,0
00084F	1B8B	BTFSC INTCON,GIE
000850	143E	BSF SYSINTSTATESAVE0,0
		ENDIF158
000851	138B	BCF INTCON,GIE
000000	0023	BANKSEL EECON1
000853	1395	BCF EECON1,EEPGD
000854	1315	BCF EECON1,CFGS
000855	1515	BSF EECON1,WREN
000856	3055	MOVLW 85
000857	0096	MOVWF EECON2
000858	30AA	MOVLW 170
000859	0096	MOVWF EECON2
00085A	1495	BSF EECON1,WR
00085B	1115	BCF EECON1,WREN
		SYSWAITLOOP4
00085C	1895	BTFSC EECON1,WR
00085D	285C	GOTO SYSWAITLOOP4
00085E	1115	BCF EECON1,WREN
000000	0020	BANKSEL SYSINTSTATESAVE0
000860	1C3E	BTFSS SYSINTSTATESAVE0,0
000861	138B	BCF INTCON,GIE
		ENDIF159
000862	183E	BTFSC SYSINTSTATESAVE0,0
000863	178B	BSF INTCON,GIE
		ENDIF160
000864	0008	RETURN


		HELLOWORLD
000865	0325	DECF G_LABSTATE,W
000866	1903	BTFSC STATUS, Z
000867	2870	GOTO ENDIF7
000000	0022	BANKSEL LATB
000869	120D	BCF LATB,4
00086A	128D	BCF LATB,5
00086B	130D	BCF LATB,6
00086C	138D	BCF LATB,7
00086D	3001	MOVLW 1
000000	0020	BANKSEL G_LABSTATE
00086F	00A5	MOVWF G_LABSTATE
		ENDIF7
000870	0325	DECF G_LABSTATE,W
000871	1D03	BTFSS STATUS, Z
000872	2875	GOTO ENDIF8
000000	0022	BANKSEL LATB
000874	160D	BSF LATB,4
		ENDIF8
000000	0020	BANKSEL G_SWITCHEVENT
000876	0328	DECF G_SWITCHEVENT,W
000877	1903	BTFSC STATUS, Z
000878	01A5	CLRF G_LABSTATE
		ENDIF9
000879	0008	RETURN


		HSERPRINT277
00087A	084B	MOVF SYSPRINTDATAHANDLER,W
00087B	0084	MOVWF AFSR0
00087C	084C	MOVF SYSPRINTDATAHANDLER_H,W
00087D	0085	MOVWF AFSR0_H
00087E	0800	MOVF INDF0,W
00087F	00AD	MOVWF PRINTLEN
000880	08AD	MOVF PRINTLEN,F
000881	1903	BTFSC STATUS, Z
000882	2896	GOTO ENDIF153
000883	01CD	CLRF SYSPRINTTEMP
000884	3001	MOVLW 1
000885	022D	SUBWF PRINTLEN,W
000886	1C03	BTFSS STATUS, C
000887	2896	GOTO SYSFORLOOPEND2
		ENDIF154
		SYSFORLOOP2
000888	0ACD	INCF SYSPRINTTEMP,F
000889	084D	MOVF SYSPRINTTEMP,W
00088A	074B	ADDWF SYSPRINTDATAHANDLER,W
00088B	0084	MOVWF AFSR0
00088C	3000	MOVLW 0
00088D	3D4C	ADDWFC SYSPRINTDATAHANDLER_H,W
00088E	0085	MOVWF AFSR0_H
00088F	0800	MOVF INDF0,W
000890	00BA	MOVWF SERDATA
000891	20C6	CALL HSERSEND
000892	082D	MOVF PRINTLEN,W
000893	024D	SUBWF SYSPRINTTEMP,W
000894	1C03	BTFSS STATUS, C
000895	2888	GOTO SYSFORLOOP2
		ENDIF155
		SYSFORLOOPEND2
		ENDIF153
000896	0008	RETURN


		HSERPRINTCRLF
000897	0829	MOVF HSERPRINTCRLFCOUNT,W
000898	00CF	MOVWF SYSREPEATTEMP2
000899	1903	BTFSC STATUS,Z
00089A	28A3	GOTO SYSREPEATLOOPEND2
		SYSREPEATLOOP2
00089B	300D	MOVLW 13
00089C	00BA	MOVWF SERDATA
00089D	20C6	CALL HSERSEND
00089E	300A	MOVLW 10
00089F	00BA	MOVWF SERDATA
0008A0	20C6	CALL HSERSEND
0008A1	0BCF	DECFSZ SYSREPEATTEMP2,F
0008A2	289B	GOTO SYSREPEATLOOP2
		SYSREPEATLOOPEND2
0008A3	0008	RETURN


		HSERPRINTSTRINGCRLF
0008A4	084B	MOVF SYSPRINTDATAHANDLER,W
0008A5	0084	MOVWF AFSR0
0008A6	084C	MOVF SYSPRINTDATAHANDLER_H,W
0008A7	0085	MOVWF AFSR0_H
0008A8	0800	MOVF INDF0,W
0008A9	00AD	MOVWF PRINTLEN
0008AA	08AD	MOVF PRINTLEN,F
0008AB	1903	BTFSC STATUS, Z
0008AC	28C0	GOTO ENDIF150
0008AD	01CD	CLRF SYSPRINTTEMP
0008AE	3001	MOVLW 1
0008AF	022D	SUBWF PRINTLEN,W
0008B0	1C03	BTFSS STATUS, C
0008B1	28C0	GOTO SYSFORLOOPEND1
		ENDIF151
		SYSFORLOOP1
0008B2	0ACD	INCF SYSPRINTTEMP,F
0008B3	084D	MOVF SYSPRINTTEMP,W
0008B4	074B	ADDWF SYSPRINTDATAHANDLER,W
0008B5	0084	MOVWF AFSR0
0008B6	3000	MOVLW 0
0008B7	3D4C	ADDWFC SYSPRINTDATAHANDLER_H,W
0008B8	0085	MOVWF AFSR0_H
0008B9	0800	MOVF INDF0,W
0008BA	00BA	MOVWF SERDATA
0008BB	20C6	CALL HSERSEND
0008BC	082D	MOVF PRINTLEN,W
0008BD	024D	SUBWF SYSPRINTTEMP,W
0008BE	1C03	BTFSS STATUS, C
0008BF	28B2	GOTO SYSFORLOOP1
		ENDIF152
		SYSFORLOOPEND1
		ENDIF150
0008C0	300D	MOVLW 13
0008C1	00BA	MOVWF SERDATA
0008C2	20C6	CALL HSERSEND
0008C3	300A	MOVLW 10
0008C4	00BA	MOVWF SERDATA
0008C5	28C6	GOTO HSERSEND


		HSERSEND
0008C6	0322	DECF COMPORT,W
0008C7	1D03	BTFSS STATUS, Z
0008C8	28D8	GOTO ENDIF149
		SYSWAITLOOP5
0008C9	1E11	BTFSS PIR1,TXIF
0008CA	28C9	GOTO SYSWAITLOOP5
0008CB	083A	MOVF SERDATA,W
000000	0023	BANKSEL TXREG
0008CD	009A	MOVWF TXREG
		SYSWAITLOOP6
0008CE	1C9E	BTFSS TXSTA,TRMT
0008CF	28CE	GOTO SYSWAITLOOP6
0008D0	3001	MOVLW 1
0008D1	00F2	MOVWF SYSWAITTEMPMS
0008D2	01F3	CLRF SYSWAITTEMPMS_H
000000	0020	BANKSEL STATUS
000000	3181	PAGESEL DELAY_MS
0008D5	210E	CALL DELAY_MS
000000	3188	PAGESEL $
0008D7	0008	RETURN
		ENDIF149
0008D8	0008	RETURN


		INITTIMER0174
0008D9	0859	MOVF TMRPRES,W
0008DA	3C07	SUBLW 7
0008DB	1C03	BTFSS STATUS, C
0008DC	01D9	CLRF TMRPRES
		ENDIF131
0008DD	30C0	MOVLW 192
000000	0021	BANKSEL OPTION_REG
0008DF	0515	ANDWF OPTION_REG,W
000000	0020	BANKSEL SYSTEMP1
0008E1	00D1	MOVWF SYSTEMP1
0008E2	04D9	IORWF TMRPRES,F
0008E3	3002	MOVLW 2
0008E4	025A	SUBWF TMRSOURCE,W
0008E5	1D03	BTFSS STATUS, Z
0008E6	28E9	GOTO ELSE132_1
0008E7	16D9	BSF TMRPRES,5
0008E8	28EA	GOTO ENDIF132
		ELSE132_1
0008E9	12D9	BCF TMRPRES,5
		ENDIF132
0008EA	0859	MOVF TMRPRES,W
000000	0021	BANKSEL OPTION_REG
0008EC	0095	MOVWF OPTION_REG
000000	0020	BANKSEL STATUS
0008EE	0008	RETURN


		INTERRUPT2LEDS
0008EF	0325	DECF G_LABSTATE,W
0008F0	1903	BTFSC STATUS, Z
0008F1	2902	GOTO ENDIF57
000000	0022	BANKSEL LATB
0008F3	160D	BSF LATB,4
0008F4	128D	BCF LATB,5
0008F5	130D	BCF LATB,6
0008F6	138D	BCF LATB,7
0008F7	3001	MOVLW 1
000000	0020	BANKSEL G_ROTATEREG
0008F9	00A7	MOVWF G_ROTATEREG
0008FA	3001	MOVLW 1
0008FB	00DA	MOVWF TMRSOURCE
0008FC	3007	MOVLW 7
0008FD	00D9	MOVWF TMRPRES
0008FE	20D9	CALL INITTIMER0174
0008FF	168B	BSF INTCON,TMR0IE
000900	3001	MOVLW 1
000901	00A5	MOVWF G_LABSTATE
		ENDIF57
000902	0328	DECF G_SWITCHEVENT,W
000903	1D03	BTFSS STATUS, Z
000904	2907	GOTO ENDIF58
000905	128B	BCF INTCON,TMR0IE
000906	01A5	CLRF G_LABSTATE
		ENDIF58
000907	0008	RETURN


		NEXTLAB
000908	01A8	CLRF G_SWITCHEVENT
000909	0AA4	INCF G_LABNUMBER,F
00090A	300B	MOVLW 11
00090B	0224	SUBWF G_LABNUMBER,W
00090C	1D03	BTFSS STATUS, Z
00090D	2910	GOTO ENDIF6
00090E	3001	MOVLW 1
00090F	00A4	MOVWF G_LABNUMBER
		ENDIF6
000910	0008	RETURN


		PWMOFF42
000000	0025	BANKSEL CCP1CON
000912	0193	CLRF CCP1CON
000000	0020	BANKSEL STATUS
000914	0008	RETURN


		STARTTIMER
000915	0358	DECF TMRNUMBER,W
000916	1903	BTFSC STATUS, Z
000917	1418	BSF T1CON,TMR1ON
		ENDIF118
000918	3002	MOVLW 2
000919	0258	SUBWF TMRNUMBER,W
00091A	1903	BTFSC STATUS, Z
00091B	151C	BSF T2CON,TMR2ON
		ENDIF119
00091C	3004	MOVLW 4
00091D	0258	SUBWF TMRNUMBER,W
00091E	1D03	BTFSS STATUS, Z
00091F	2922	GOTO ENDIF120
000000	0028	BANKSEL T4CON
000921	1517	BSF T4CON,TMR4ON
		ENDIF120
000922	3006	MOVLW 6
000000	0020	BANKSEL TMRNUMBER
000924	0258	SUBWF TMRNUMBER,W
000925	1D03	BTFSS STATUS, Z
000926	2929	GOTO ENDIF121
000000	0028	BANKSEL T6CON
000928	151E	BSF T6CON,TMR6ON
		ENDIF121
000000	0020	BANKSEL STATUS
00092A	0008	RETURN


		STOPTIMER
00092B	0358	DECF TMRNUMBER,W
00092C	1903	BTFSC STATUS, Z
00092D	1018	BCF T1CON,TMR1ON
		ENDIF127
00092E	3002	MOVLW 2
00092F	0258	SUBWF TMRNUMBER,W
000930	1903	BTFSC STATUS, Z
000931	111C	BCF T2CON,TMR2ON
		ENDIF128
000932	3004	MOVLW 4
000933	0258	SUBWF TMRNUMBER,W
000934	1D03	BTFSS STATUS, Z
000935	2938	GOTO ENDIF129
000000	0028	BANKSEL T4CON
000937	1117	BCF T4CON,TMR4ON
		ENDIF129
000938	3006	MOVLW 6
000000	0020	BANKSEL TMRNUMBER
00093A	0258	SUBWF TMRNUMBER,W
00093B	1D03	BTFSS STATUS, Z
00093C	293F	GOTO ENDIF130
000000	0028	BANKSEL T6CON
00093E	111E	BCF T6CON,TMR6ON
		ENDIF130
000000	0020	BANKSEL STATUS
000940	0008	RETURN


		SYSCOMPEQUAL16
000941	01F0	CLRF SYSBYTETEMPX
000942	0875	MOVF SYSWORDTEMPA, W
000943	0279	SUBWF SYSWORDTEMPB, W
000944	1D03	BTFSS STATUS, Z
000945	0008	RETURN
000946	0876	MOVF SYSWORDTEMPA_H, W
000947	027A	SUBWF SYSWORDTEMPB_H, W
000948	1D03	BTFSS STATUS, Z
000949	0008	RETURN
00094A	09F0	COMF SYSBYTETEMPX,F
00094B	0008	RETURN


		SYSCOMPEQUAL32
00094C	01F0	CLRF SYSBYTETEMPX
00094D	0875	MOVF SYSLONGTEMPA, W
00094E	0279	SUBWF SYSLONGTEMPB, W
00094F	1D03	BTFSS STATUS, Z
000950	0008	RETURN
000951	0876	MOVF SYSLONGTEMPA_H, W
000952	027A	SUBWF SYSLONGTEMPB_H, W
000953	1D03	BTFSS STATUS, Z
000954	0008	RETURN
000955	0877	MOVF SYSLONGTEMPA_U, W
000956	027B	SUBWF SYSLONGTEMPB_U, W
000957	1D03	BTFSS STATUS, Z
000958	0008	RETURN
000959	0878	MOVF SYSLONGTEMPA_E, W
00095A	027C	SUBWF SYSLONGTEMPB_E, W
00095B	1D03	BTFSS STATUS, Z
00095C	0008	RETURN
00095D	09F0	COMF SYSBYTETEMPX,F
00095E	0008	RETURN


		SYSCOMPLESSTHAN16
00095F	01F0	CLRF SYSBYTETEMPX
000960	0876	MOVF SYSWORDTEMPA_H,W
000961	027A	SUBWF SYSWORDTEMPB_H,W
000962	1C03	BTFSS STATUS,C
000963	0008	RETURN
000964	087A	MOVF SYSWORDTEMPB_H,W
000965	0276	SUBWF SYSWORDTEMPA_H,W
000966	1C03	BTFSS STATUS,C
000967	296C	GOTO SCLT16TRUE
000968	0879	MOVF SYSWORDTEMPB,W
000969	0275	SUBWF SYSWORDTEMPA,W
00096A	1803	BTFSC STATUS,C
00096B	0008	RETURN
		SCLT16TRUE
00096C	09F0	COMF SYSBYTETEMPX,F
00096D	0008	RETURN


		SYSCOMPLESSTHAN32
00096E	01F0	CLRF SYSBYTETEMPX
00096F	0878	MOVF SYSLONGTEMPA_E,W
000970	027C	SUBWF SYSLONGTEMPB_E,W
000971	1C03	BTFSS STATUS,C
000972	0008	RETURN
000973	1D03	BTFSS STATUS,Z
000974	2985	GOTO SCLT32TRUE
000975	0877	MOVF SYSLONGTEMPA_U,W
000976	027B	SUBWF SYSLONGTEMPB_U,W
000977	1C03	BTFSS STATUS,C
000978	0008	RETURN
000979	1D03	BTFSS STATUS,Z
00097A	2985	GOTO SCLT32TRUE
00097B	0876	MOVF SYSLONGTEMPA_H,W
00097C	027A	SUBWF SYSLONGTEMPB_H,W
00097D	1C03	BTFSS STATUS,C
00097E	0008	RETURN
00097F	1D03	BTFSS STATUS,Z
000980	2985	GOTO SCLT32TRUE
000981	0879	MOVF SYSLONGTEMPB,W
000982	0275	SUBWF SYSLONGTEMPA,W
000983	1803	BTFSC STATUS,C
000984	0008	RETURN
		SCLT32TRUE
000985	09F0	COMF SYSBYTETEMPX,F
000986	0008	RETURN


		SYSCOPYSTRING
000987	0800	MOVF INDF0, W
000988	00F5	MOVWF SYSCALCTEMPA
000989	0081	MOVWF INDF1
00098A	298E	GOTO SYSCOPYSTRINGCHECK
		SYSCOPYSTRINGPART
00098B	0800	MOVF INDF0, W
00098C	00F5	MOVWF SYSCALCTEMPA
00098D	07F6	ADDWF SYSSTRINGLENGTH, F
		SYSCOPYSTRINGCHECK
00098E	08F5	MOVF SYSCALCTEMPA,F
00098F	1903	BTFSC STATUS,Z
000990	0008	RETURN
		SYSSTRINGCOPY
000991	3101	ADDFSR 0, 1
000992	3141	ADDFSR 1, 1
000993	0800	MOVF INDF0, W
000994	0081	MOVWF INDF1
000995	0BF5	DECFSZ SYSCALCTEMPA, F
000996	2991	GOTO SYSSTRINGCOPY
000997	0008	RETURN


		SYSDIVSUB
000998	08F9	MOVF SYSBYTETEMPB, F
000999	1903	BTFSC STATUS, Z
00099A	0008	RETURN
00099B	01F0	CLRF SYSBYTETEMPX
00099C	3008	MOVLW 8
00099D	00F4	MOVWF SYSDIVLOOP
		SYSDIV8START
00099E	1003	BCF STATUS, C
00099F	0DF5	RLF SYSBYTETEMPA, F
0009A0	0DF0	RLF SYSBYTETEMPX, F
0009A1	0879	MOVF SYSBYTETEMPB, W
0009A2	02F0	SUBWF SYSBYTETEMPX, F
0009A3	1475	BSF SYSBYTETEMPA, 0
0009A4	1803	BTFSC STATUS, C
0009A5	29A9	GOTO DIV8NOTNEG
0009A6	1075	BCF SYSBYTETEMPA, 0
0009A7	0879	MOVF SYSBYTETEMPB, W
0009A8	07F0	ADDWF SYSBYTETEMPX, F
		DIV8NOTNEG
0009A9	0BF4	DECFSZ SYSDIVLOOP, F
0009AA	299E	GOTO SYSDIV8START
0009AB	0008	RETURN


		SYSREADSTRING
000000	3187	PAGESEL SYSSTRINGTABLES
0009AD	270E	CALL SYSSTRINGTABLES
000000	3189	PAGESEL $
0009AF	00F5	MOVWF SYSCALCTEMPA
0009B0	0081	MOVWF INDF1
0009B1	29B7	GOTO SYSSTRINGREADCHECK
		SYSREADSTRINGPART
000000	3187	PAGESEL SYSSTRINGTABLES
0009B3	270E	CALL SYSSTRINGTABLES
000000	3189	PAGESEL $
0009B5	00F5	MOVWF SYSCALCTEMPA
0009B6	07F6	ADDWF SYSSTRINGLENGTH,F
		SYSSTRINGREADCHECK
0009B7	08F5	MOVF SYSCALCTEMPA,F
0009B8	1903	BTFSC STATUS,Z
0009B9	0008	RETURN
		SYSSTRINGREAD
000000	3187	PAGESEL SYSSTRINGTABLES
0009BB	270E	CALL SYSSTRINGTABLES
000000	3189	PAGESEL $
0009BD	3141	ADDFSR 1,1
0009BE	0081	MOVWF INDF1
0009BF	0BF5	DECFSZ SYSCALCTEMPA, F
0009C0	29BA	GOTO SYSSTRINGREAD
0009C1	0008	RETURN




