GCASM List File (GCBASIC 0.98.<<>> 2019-02-14 (Windows 32 bit))

Symbols:
-X 	EQU 	30
-Y 	EQU 	26
-Z 	EQU 	18
ACBG 	EQU 	6
ACD 	EQU 	7
ACI 	EQU 	4
ACIC 	EQU 	2
ACIE 	EQU 	3
ACIS0 	EQU 	0
ACIS1 	EQU 	1
ACME 	EQU 	6
ACO 	EQU 	5
ACSR 	EQU 	48
ADATE 	EQU 	5
ADC0D 	EQU 	0
ADC1D 	EQU 	1
ADC2D 	EQU 	2
ADC3D 	EQU 	3
ADC4D 	EQU 	4
ADC5D 	EQU 	5
ADCH 	EQU 	121
ADCH0 	EQU 	0
ADCH1 	EQU 	1
ADCH2 	EQU 	2
ADCH3 	EQU 	3
ADCH4 	EQU 	4
ADCH5 	EQU 	5
ADCH6 	EQU 	6
ADCH7 	EQU 	7
ADCL 	EQU 	120
ADCL0 	EQU 	0
ADCL1 	EQU 	1
ADCL2 	EQU 	2
ADCL3 	EQU 	3
ADCL4 	EQU 	4
ADCL5 	EQU 	5
ADCL6 	EQU 	6
ADCL7 	EQU 	7
ADCSRA 	EQU 	122
ADCSRB 	EQU 	123
ADEN 	EQU 	7
ADIE 	EQU 	3
ADIF 	EQU 	4
ADLAR 	EQU 	5
ADMUX 	EQU 	124
ADPS0 	EQU 	0
ADPS1 	EQU 	1
ADPS2 	EQU 	2
ADSC 	EQU 	6
ADTS0 	EQU 	0
ADTS1 	EQU 	1
ADTS2 	EQU 	2
AIN0D 	EQU 	0
AIN1D 	EQU 	1
AS2 	EQU 	5
ASSR 	EQU 	182
AVRHI2CMODE 	EQU 	117
AVRHI2CRECEIVE 	EQU 	138
AVRHI2CRESTART 	EQU 	167
AVRHI2CSEND 	EQU 	200
AVRHI2CSTART 	EQU 	285
AVRHI2CSTOP 	EQU 	317
BASPROGRAMEND 	EQU 	115
BASPROGRAMSTART 	EQU 	52
BLBSET 	EQU 	3
BODS 	EQU 	6
BODSE 	EQU 	5
BORF 	EQU 	2
C 	EQU 	0
CAL0 	EQU 	0
CAL1 	EQU 	1
CAL2 	EQU 	2
CAL3 	EQU 	3
CAL4 	EQU 	4
CAL5 	EQU 	5
CAL6 	EQU 	6
CAL7 	EQU 	7
CLKPCE 	EQU 	7
CLKPR 	EQU 	97
CLKPS0 	EQU 	0
CLKPS1 	EQU 	1
CLKPS2 	EQU 	2
CLKPS3 	EQU 	3
COM0A0 	EQU 	6
COM0A1 	EQU 	7
COM0B0 	EQU 	4
COM0B1 	EQU 	5
COM1A0 	EQU 	6
COM1A1 	EQU 	7
COM1B0 	EQU 	4
COM1B1 	EQU 	5
COM2A0 	EQU 	6
COM2A1 	EQU 	7
COM2B0 	EQU 	4
COM2B1 	EQU 	5
COMPORT 	EQU 	272
CPHA 	EQU 	2
CPOL 	EQU 	3
CS00 	EQU 	0
CS01 	EQU 	1
CS02 	EQU 	2
CS10 	EQU 	0
CS11 	EQU 	1
CS12 	EQU 	2
CS20 	EQU 	0
CS21 	EQU 	1
CS22 	EQU 	2
CURMS 	EQU 	273
CURMS_H 	EQU 	274
DDB0 	EQU 	0
DDB1 	EQU 	1
DDB2 	EQU 	2
DDB3 	EQU 	3
DDB4 	EQU 	4
DDB5 	EQU 	5
DDB6 	EQU 	6
DDB7 	EQU 	7
DDC0 	EQU 	0
DDC1 	EQU 	1
DDC2 	EQU 	2
DDC3 	EQU 	3
DDC4 	EQU 	4
DDC5 	EQU 	5
DDC6 	EQU 	6
DDD0 	EQU 	0
DDD1 	EQU 	1
DDD2 	EQU 	2
DDD3 	EQU 	3
DDD4 	EQU 	4
DDD5 	EQU 	5
DDD6 	EQU 	6
DDD7 	EQU 	7
DDRB 	EQU 	4
DDRC 	EQU 	7
DDRD 	EQU 	10
DELAYTEMP 	EQU 	r25
DELAYTEMP2 	EQU 	r26
DELAY_MS 	EQU 	323
DIDR0 	EQU 	126
DIDR1 	EQU 	127
DMS_INNER 	EQU 	326
DMS_OUTER 	EQU 	325
DMS_START 	EQU 	324
DOR0 	EQU 	3
DORD 	EQU 	5
EEAR0 	EQU 	0
EEAR1 	EQU 	1
EEAR2 	EQU 	2
EEAR3 	EQU 	3
EEAR4 	EQU 	4
EEAR5 	EQU 	5
EEAR6 	EQU 	6
EEAR7 	EQU 	7
EEAR8 	EQU 	0
EEAR9 	EQU 	1
EEARH 	EQU 	34
EEARL 	EQU 	33
EECR 	EQU 	31
EEDR 	EQU 	32
EEDR0 	EQU 	0
EEDR1 	EQU 	1
EEDR2 	EQU 	2
EEDR3 	EQU 	3
EEDR4 	EQU 	4
EEDR5 	EQU 	5
EEDR6 	EQU 	6
EEDR7 	EQU 	7
EEMPE 	EQU 	2
EEPE 	EQU 	1
EEPM0 	EQU 	4
EEPM1 	EQU 	5
EERE 	EQU 	0
EERIE 	EQU 	3
EICRA 	EQU 	105
EIFR 	EQU 	28
EIMSK 	EQU 	29
ELSE20_1 	EQU 	315
ELSE21_1 	EQU 	190
ELSE22_1 	EQU 	198
ELSE23_1 	EQU 	149
ELSE25_1 	EQU 	345
ENDIF1 	EQU 	114
ENDIF10 	EQU 	1033
ENDIF11 	EQU 	1074
ENDIF12 	EQU 	1114
ENDIF13 	EQU 	434
ENDIF14 	EQU 	397
ENDIF17 	EQU 	127
ENDIF18 	EQU 	131
ENDIF19 	EQU 	293
ENDIF2 	EQU 	670
ENDIF20 	EQU 	316
ENDIF21 	EQU 	191
ENDIF22 	EQU 	199
ENDIF23 	EQU 	155
ENDIF24 	EQU 	449
ENDIF25 	EQU 	348
ENDIF3 	EQU 	1475
ENDIF4 	EQU 	1532
ENDIF5 	EQU 	1214
ENDIF6 	EQU 	1236
ENDIF7 	EQU 	1288
ENDIF8 	EQU 	1398
ENDIF9 	EQU 	992
EXCLK 	EQU 	6
EXITAVRHI2CRESTART 	EQU 	199
EXTREF 	EQU 	1
EXTRF 	EQU 	1
FE0 	EQU 	4
FN_HI2CSTARTOCCURRED 	EQU 	335
FN_MILLIS 	EQU 	515
FN_STR 	EQU 	948
FOC0A 	EQU 	7
FOC0B 	EQU 	6
FOC1A 	EQU 	7
FOC1B 	EQU 	6
FOC2A 	EQU 	7
FOC2B 	EQU 	6
GPIOR0 	EQU 	30
GPIOR00 	EQU 	0
GPIOR01 	EQU 	1
GPIOR02 	EQU 	2
GPIOR03 	EQU 	3
GPIOR04 	EQU 	4
GPIOR05 	EQU 	5
GPIOR06 	EQU 	6
GPIOR07 	EQU 	7
GPIOR1 	EQU 	42
GPIOR10 	EQU 	0
GPIOR11 	EQU 	1
GPIOR12 	EQU 	2
GPIOR13 	EQU 	3
GPIOR14 	EQU 	4
GPIOR15 	EQU 	5
GPIOR16 	EQU 	6
GPIOR17 	EQU 	7
GPIOR2 	EQU 	43
GPIOR20 	EQU 	0
GPIOR21 	EQU 	1
GPIOR22 	EQU 	2
GPIOR23 	EQU 	3
GPIOR24 	EQU 	4
GPIOR25 	EQU 	5
GPIOR26 	EQU 	6
GPIOR27 	EQU 	7
GTCCR 	EQU 	35
H 	EQU 	5
HI2CACKPOLLSTATE 	EQU 	275
HI2CCURRENTMODE 	EQU 	276
HI2CGETACK 	EQU 	277
HI2CSTARTOCCURRED 	EQU 	278
HI2CWAITMSSPTIMEOUT 	EQU 	279
HIC2INIT 	EQU 	349
HSERPRINT264 	EQU 	353
HSERPRINTCRLF 	EQU 	398
HSERPRINTCRLFCOUNT 	EQU 	280
HSERSEND 	EQU 	422
HUMIDITY 	EQU 	281
HUMIDITY_H 	EQU 	282
HUNDREDTHS 	EQU 	283
I 	EQU 	7
I2CBYTE 	EQU 	284
ICES1 	EQU 	6
ICF1 	EQU 	5
ICIE1 	EQU 	5
ICNC1 	EQU 	7
ICR1H 	EQU 	135
ICR1L 	EQU 	134
INITSYS 	EQU 	435
INITTIMER0161 	EQU 	442
INITUSART 	EQU 	454
INIT_MSCTR_INT 	EQU 	477
INT0 	EQU 	0
INT1 	EQU 	1
INTF0 	EQU 	0
INTF1 	EQU 	1
INTTIMER0_OVF 	EQU 	511
ISC00 	EQU 	0
ISC01 	EQU 	1
ISC10 	EQU 	2
ISC11 	EQU 	3
IVCE 	EQU 	0
IVSEL 	EQU 	1
LSTMS 	EQU 	285
LSTMS_H 	EQU 	286
MCUCR 	EQU 	53
MCUSR 	EQU 	52
MILLIS 	EQU 	287
MILLIS_E 	EQU 	290
MILLIS_H 	EQU 	288
MILLIS_U 	EQU 	289
MPCM0 	EQU 	0
MSCTR_ 	EQU 	291
MSCTR_INT_HDLR 	EQU 	544
MSCTR__E 	EQU 	294
MSCTR__H 	EQU 	292
MSCTR__U 	EQU 	293
MSTR 	EQU 	4
MUL32LOOP 	EQU 	1443
MUX0 	EQU 	0
MUX1 	EQU 	1
MUX2 	EQU 	2
MUX3 	EQU 	3
N 	EQU 	2
OCF0A 	EQU 	1
OCF0B 	EQU 	2
OCF1A 	EQU 	1
OCF1B 	EQU 	2
OCF2A 	EQU 	1
OCF2B 	EQU 	2
OCIE0A 	EQU 	1
OCIE0B 	EQU 	2
OCIE1A 	EQU 	1
OCIE1B 	EQU 	2
OCIE2A 	EQU 	1
OCIE2B 	EQU 	2
OCR0A 	EQU 	39
OCR0A_0 	EQU 	0
OCR0A_1 	EQU 	1
OCR0A_2 	EQU 	2
OCR0A_3 	EQU 	3
OCR0A_4 	EQU 	4
OCR0A_5 	EQU 	5
OCR0A_6 	EQU 	6
OCR0A_7 	EQU 	7
OCR0B 	EQU 	40
OCR0B_0 	EQU 	0
OCR0B_1 	EQU 	1
OCR0B_2 	EQU 	2
OCR0B_3 	EQU 	3
OCR0B_4 	EQU 	4
OCR0B_5 	EQU 	5
OCR0B_6 	EQU 	6
OCR0B_7 	EQU 	7
OCR1AH 	EQU 	137
OCR1AL 	EQU 	136
OCR1BH 	EQU 	139
OCR1BL 	EQU 	138
OCR2A 	EQU 	179
OCR2AUB 	EQU 	3
OCR2A_0 	EQU 	0
OCR2A_1 	EQU 	1
OCR2A_2 	EQU 	2
OCR2A_3 	EQU 	3
OCR2A_4 	EQU 	4
OCR2A_5 	EQU 	5
OCR2A_6 	EQU 	6
OCR2A_7 	EQU 	7
OCR2B 	EQU 	180
OCR2BUB 	EQU 	2
OCR2B_0 	EQU 	0
OCR2B_1 	EQU 	1
OCR2B_2 	EQU 	2
OCR2B_3 	EQU 	3
OCR2B_4 	EQU 	4
OCR2B_5 	EQU 	5
OCR2B_6 	EQU 	6
OCR2B_7 	EQU 	7
OSCCAL 	EQU 	102
OSCCAL0 	EQU 	0
OSCCAL1 	EQU 	1
OSCCAL2 	EQU 	2
OSCCAL3 	EQU 	3
OSCCAL4 	EQU 	4
OSCCAL5 	EQU 	5
OSCCAL6 	EQU 	6
OSCCAL7 	EQU 	7
PB0 	EQU 	0
PB1 	EQU 	1
PB2 	EQU 	2
PB3 	EQU 	3
PB4 	EQU 	4
PB5 	EQU 	5
PB6 	EQU 	6
PB7 	EQU 	7
PC0 	EQU 	0
PC1 	EQU 	1
PC2 	EQU 	2
PC3 	EQU 	3
PC4 	EQU 	4
PC5 	EQU 	5
PC6 	EQU 	6
PCICR 	EQU 	104
PCIE0 	EQU 	0
PCIE1 	EQU 	1
PCIE2 	EQU 	2
PCIF0 	EQU 	0
PCIF1 	EQU 	1
PCIF2 	EQU 	2
PCIFR 	EQU 	27
PCINT0 	EQU 	0
PCINT1 	EQU 	1
PCINT10 	EQU 	2
PCINT11 	EQU 	3
PCINT12 	EQU 	4
PCINT13 	EQU 	5
PCINT14 	EQU 	6
PCINT16 	EQU 	0
PCINT17 	EQU 	1
PCINT18 	EQU 	2
PCINT19 	EQU 	3
PCINT2 	EQU 	2
PCINT20 	EQU 	4
PCINT21 	EQU 	5
PCINT22 	EQU 	6
PCINT23 	EQU 	7
PCINT3 	EQU 	3
PCINT4 	EQU 	4
PCINT5 	EQU 	5
PCINT6 	EQU 	6
PCINT7 	EQU 	7
PCINT8 	EQU 	0
PCINT9 	EQU 	1
PCMSK0 	EQU 	107
PCMSK1 	EQU 	108
PCMSK2 	EQU 	109
PD0 	EQU 	0
PD1 	EQU 	1
PD2 	EQU 	2
PD3 	EQU 	3
PD4 	EQU 	4
PD5 	EQU 	5
PD6 	EQU 	6
PD7 	EQU 	7
PGERS 	EQU 	1
PGWRT 	EQU 	2
PINB 	EQU 	3
PINB0 	EQU 	0
PINB1 	EQU 	1
PINB2 	EQU 	2
PINB3 	EQU 	3
PINB4 	EQU 	4
PINB5 	EQU 	5
PINB6 	EQU 	6
PINB7 	EQU 	7
PINC 	EQU 	6
PINC0 	EQU 	0
PINC1 	EQU 	1
PINC2 	EQU 	2
PINC3 	EQU 	3
PINC4 	EQU 	4
PINC5 	EQU 	5
PINC6 	EQU 	6
PIND 	EQU 	9
PIND0 	EQU 	0
PIND1 	EQU 	1
PIND2 	EQU 	2
PIND3 	EQU 	3
PIND4 	EQU 	4
PIND5 	EQU 	5
PIND6 	EQU 	6
PIND7 	EQU 	7
PORF 	EQU 	0
PORTB 	EQU 	5
PORTB0 	EQU 	0
PORTB1 	EQU 	1
PORTB2 	EQU 	2
PORTB3 	EQU 	3
PORTB4 	EQU 	4
PORTB5 	EQU 	5
PORTB6 	EQU 	6
PORTB7 	EQU 	7
PORTC 	EQU 	8
PORTC0 	EQU 	0
PORTC1 	EQU 	1
PORTC2 	EQU 	2
PORTC3 	EQU 	3
PORTC4 	EQU 	4
PORTC5 	EQU 	5
PORTC6 	EQU 	6
PORTD 	EQU 	11
PORTD0 	EQU 	0
PORTD1 	EQU 	1
PORTD2 	EQU 	2
PORTD3 	EQU 	3
PORTD4 	EQU 	4
PORTD5 	EQU 	5
PORTD6 	EQU 	6
PORTD7 	EQU 	7
PRADC 	EQU 	0
PRINTLEN 	EQU 	295
PRR 	EQU 	100
PRSPI 	EQU 	2
PRTIM0 	EQU 	5
PRTIM1 	EQU 	3
PRTIM2 	EQU 	6
PRTWI 	EQU 	7
PRUSART0 	EQU 	1
PSR2 	EQU 	1
PSRASY 	EQU 	1
PSRSYNC 	EQU 	0
PUD 	EQU 	4
RAMEND 	EQU 	2303
READ_HUMIDITY 	EQU 	571
READ_TEMPERATURE 	EQU 	724
REFS0 	EQU 	6
REFS1 	EQU 	7
RWWSB 	EQU 	6
RWWSRE 	EQU 	4
RXB80 	EQU 	1
RXC0 	EQU 	7
RXCIE0 	EQU 	7
RXEN0 	EQU 	4
S 	EQU 	4
SAVESREG 	EQU 	296
SAVESYSTEMP3 	EQU 	297
SAVESYSVALUECOPY 	EQU 	298
SCE16FALSE 	EQU 	1146
SCE32FALSE 	EQU 	1157
SCLT16FALSE 	EQU 	1167
SCLT16TRUE 	EQU 	1166
SCLT32FALSE 	EQU 	1182
SCLT32TRUE 	EQU 	1181
SE 	EQU 	0
SELFPRGEN 	EQU 	0
SERDATA 	EQU 	299
SI7021_HIGHBYTE 	EQU 	300
SI7021_LOWBYTE 	EQU 	301
SIRAW 	EQU 	301
SIRAW_H 	EQU 	300
SM0 	EQU 	1
SM1 	EQU 	2
SM2 	EQU 	3
SMCR 	EQU 	51
SPCR 	EQU 	44
SPDR 	EQU 	46
SPDR0 	EQU 	0
SPDR1 	EQU 	1
SPDR2 	EQU 	2
SPDR3 	EQU 	3
SPDR4 	EQU 	4
SPDR5 	EQU 	5
SPDR6 	EQU 	6
SPDR7 	EQU 	7
SPE 	EQU 	6
SPH 	EQU 	62
SPI2X 	EQU 	0
SPIE 	EQU 	7
SPIF 	EQU 	7
SPL 	EQU 	61
SPMCSR 	EQU 	55
SPMIE 	EQU 	7
SPR0 	EQU 	0
SPR1 	EQU 	1
SPSR 	EQU 	45
SREG 	EQU 	63
SREG_C 	EQU 	0
SREG_H 	EQU 	5
SREG_I 	EQU 	7
SREG_N 	EQU 	2
SREG_S 	EQU 	4
SREG_T 	EQU 	6
SREG_V 	EQU 	3
SREG_Z 	EQU 	1
STR 	EQU 	266
STRINGPOINTER 	EQU 	302
STRINGTABLE1 	EQU 	1581
STRINGTABLE2 	EQU 	1582
STRINGTABLE3 	EQU 	1587
STRINGTABLE4 	EQU 	1588
STRINGTABLE5 	EQU 	1592
STRINGTABLE6 	EQU 	1593
SYSBITTEST 	EQU 	r5
SYSBYTETEMPX 	EQU 	r0
SYSCALCTEMPA 	EQU 	r22
SYSCALCTEMPB 	EQU 	r28
SYSCALCTEMPX 	EQU 	r0
SYSCALCTEMPX_H 	EQU 	r1
SYSCHARCOUNT 	EQU 	303
SYSCOMPEQUAL16 	EQU 	1140
SYSCOMPEQUAL32 	EQU 	1147
SYSCOMPLESSTHAN16 	EQU 	1158
SYSCOMPLESSTHAN32 	EQU 	1168
SYSCOPYSTRING 	EQU 	1183
SYSCOPYSTRINGCHECK 	EQU 	1188
SYSCOPYSTRINGPART 	EQU 	1186
SYSDIV16START 	EQU 	1216
SYSDIV32END 	EQU 	1401
SYSDIV32START 	EQU 	1290
SYSDIVLOOP 	EQU 	r5
SYSDIVMULTA 	EQU 	r24
SYSDIVMULTA_H 	EQU 	r25
SYSDIVMULTB 	EQU 	r30
SYSDIVMULTB_H 	EQU 	r31
SYSDIVMULTX 	EQU 	r2
SYSDIVMULTX_H 	EQU 	r3
SYSDIVSUB16 	EQU 	1196
SYSDIVSUB32 	EQU 	1243
SYSDOLOOP_E1 	EQU 	115
SYSDOLOOP_E2 	EQU 	303
SYSDOLOOP_E3 	EQU 	177
SYSDOLOOP_E4 	EQU 	214
SYSDOLOOP_E5 	EQU 	162
SYSDOLOOP_S1 	EQU 	75
SYSDOLOOP_S2 	EQU 	298
SYSDOLOOP_S3 	EQU 	172
SYSDOLOOP_S4 	EQU 	209
SYSDOLOOP_S5 	EQU 	157
SYSFORLOOP1 	EQU 	371
SYSFORLOOPEND1 	EQU 	397
SYSINTCONTEXTRESTORE 	EQU 	1565
SYSINTCONTEXTSAVE 	EQU 	1573
SYSINTSTATESAVE0 	EQU 	304
SYSLONGDIVMULTA 	EQU 	305
SYSLONGDIVMULTA_E 	EQU 	308
SYSLONGDIVMULTA_H 	EQU 	306
SYSLONGDIVMULTA_U 	EQU 	307
SYSLONGDIVMULTB 	EQU 	309
SYSLONGDIVMULTB_E 	EQU 	312
SYSLONGDIVMULTB_H 	EQU 	310
SYSLONGDIVMULTB_U 	EQU 	311
SYSLONGDIVMULTX 	EQU 	313
SYSLONGDIVMULTX_E 	EQU 	316
SYSLONGDIVMULTX_H 	EQU 	314
SYSLONGDIVMULTX_U 	EQU 	315
SYSLONGTEMPA 	EQU 	r22
SYSLONGTEMPA_E 	EQU 	r25
SYSLONGTEMPA_H 	EQU 	r23
SYSLONGTEMPA_U 	EQU 	r24
SYSLONGTEMPB 	EQU 	r28
SYSLONGTEMPB_E 	EQU 	r31
SYSLONGTEMPB_H 	EQU 	r29
SYSLONGTEMPB_U 	EQU 	r30
SYSLONGTEMPX 	EQU 	r0
SYSLONGTEMPX_E 	EQU 	r3
SYSLONGTEMPX_H 	EQU 	r1
SYSLONGTEMPX_U 	EQU 	r2
SYSMULTSUB32 	EQU 	1418
SYSPRINTDATAHANDLER 	EQU 	317
SYSPRINTDATAHANDLER_H 	EQU 	318
SYSPRINTTEMP 	EQU 	319
SYSREADA 	EQU 	r30
SYSREADA_H 	EQU 	r31
SYSREADSTRING 	EQU 	1541
SYSREADSTRINGPART 	EQU 	1548
SYSREPEATLOOP1 	EQU 	407
SYSREPEATLOOPEND1 	EQU 	421
SYSREPEATTEMP1 	EQU 	320
SYSSELECT1CASE1 	EQU 	223
SYSSELECT1CASE2 	EQU 	228
SYSSELECT1CASE3 	EQU 	236
SYSSELECT1CASE4 	EQU 	244
SYSSELECT1CASE5 	EQU 	252
SYSSELECT1CASE6 	EQU 	260
SYSSELECT1CASE7 	EQU 	268
SYSSELECT1CASE8 	EQU 	276
SYSSELECT1CASE9 	EQU 	284
SYSSELECTEND1 	EQU 	284
SYSSTRDATA 	EQU 	321
SYSSTRINGA 	EQU 	r26
SYSSTRINGA_H 	EQU 	r27
SYSSTRINGB 	EQU 	r28
SYSSTRINGB_H 	EQU 	r29
SYSSTRINGCOPY 	EQU 	1191
SYSSTRINGLENGTH 	EQU 	r25
SYSSTRINGPARAM1 	EQU 	256
SYSSTRINGREAD 	EQU 	1557
SYSSTRINGREADCHECK 	EQU 	1554
SYSSTRINGTABLES 	EQU 	1581
SYSSTR_0 	EQU 	266
SYSTEMP1 	EQU 	r6
SYSTEMP1_E 	EQU 	r9
SYSTEMP1_H 	EQU 	r7
SYSTEMP1_U 	EQU 	r8
SYSTEMP2 	EQU 	r10
SYSTEMP2_E 	EQU 	r13
SYSTEMP2_H 	EQU 	r11
SYSTEMP2_U 	EQU 	r12
SYSTEMP3 	EQU 	r4
SYSTEMP4 	EQU 	r16
SYSTEMP5 	EQU 	r17
SYSVALHUNDREDS 	EQU 	1043
SYSVALTEMP 	EQU 	322
SYSVALTEMP_H 	EQU 	323
SYSVALTENS 	EQU 	1084
SYSVALTHOUSANDS 	EQU 	1002
SYSVALUECOPY 	EQU 	r21
SYSWAITLOOP1 	EQU 	426
SYSWAITTEMPMS 	EQU 	r29
SYSWAITTEMPMS_H 	EQU 	r30
SYSWORDTEMPA 	EQU 	r22
SYSWORDTEMPA_H 	EQU 	r23
SYSWORDTEMPB 	EQU 	r28
SYSWORDTEMPB_H 	EQU 	r29
SYSWORDTEMPX 	EQU 	r0
SYSWORDTEMPX_H 	EQU 	r1
T 	EQU 	6
TCCR0A 	EQU 	36
TCCR0B 	EQU 	37
TCCR1A 	EQU 	128
TCCR1B 	EQU 	129
TCCR1C 	EQU 	130
TCCR2A 	EQU 	176
TCCR2B 	EQU 	177
TCN2UB 	EQU 	4
TCNT0 	EQU 	38
TCNT0_0 	EQU 	0
TCNT0_1 	EQU 	1
TCNT0_2 	EQU 	2
TCNT0_3 	EQU 	3
TCNT0_4 	EQU 	4
TCNT0_5 	EQU 	5
TCNT0_6 	EQU 	6
TCNT0_7 	EQU 	7
TCNT1H 	EQU 	133
TCNT1L 	EQU 	132
TCNT2 	EQU 	178
TCNT2_0 	EQU 	0
TCNT2_1 	EQU 	1
TCNT2_2 	EQU 	2
TCNT2_3 	EQU 	3
TCNT2_4 	EQU 	4
TCNT2_5 	EQU 	5
TCNT2_6 	EQU 	6
TCNT2_7 	EQU 	7
TCR2AUB 	EQU 	1
TCR2BUB 	EQU 	0
TEMPERATUREC 	EQU 	324
TEMPERATUREC_H 	EQU 	325
TEMPERATUREF 	EQU 	326
TEMPERATUREF_H 	EQU 	327
TIFR0 	EQU 	21
TIFR1 	EQU 	22
TIFR2 	EQU 	23
TIMSK0 	EQU 	110
TIMSK1 	EQU 	111
TIMSK2 	EQU 	112
TMR0 	EQU 	328
TMR0_TMP 	EQU 	329
TMRPRES 	EQU 	330
TMRSOURCE 	EQU 	331
TOIE0 	EQU 	0
TOIE1 	EQU 	0
TOIE2 	EQU 	0
TOIE2A 	EQU 	0
TOV0 	EQU 	0
TOV1 	EQU 	0
TOV2 	EQU 	0
TSM 	EQU 	7
TWA0 	EQU 	1
TWA1 	EQU 	2
TWA2 	EQU 	3
TWA3 	EQU 	4
TWA4 	EQU 	5
TWA5 	EQU 	6
TWA6 	EQU 	7
TWAM0 	EQU 	1
TWAM1 	EQU 	2
TWAM2 	EQU 	3
TWAM3 	EQU 	4
TWAM4 	EQU 	5
TWAM5 	EQU 	6
TWAM6 	EQU 	7
TWAMR 	EQU 	189
TWAMR0 	EQU 	1
TWAMR1 	EQU 	2
TWAMR2 	EQU 	3
TWAMR3 	EQU 	4
TWAMR4 	EQU 	5
TWAMR5 	EQU 	6
TWAMR6 	EQU 	7
TWAR 	EQU 	186
TWBR 	EQU 	184
TWBR0 	EQU 	0
TWBR1 	EQU 	1
TWBR2 	EQU 	2
TWBR3 	EQU 	3
TWBR4 	EQU 	4
TWBR5 	EQU 	5
TWBR6 	EQU 	6
TWBR7 	EQU 	7
TWCR 	EQU 	188
TWD0 	EQU 	0
TWD1 	EQU 	1
TWD2 	EQU 	2
TWD3 	EQU 	3
TWD4 	EQU 	4
TWD5 	EQU 	5
TWD6 	EQU 	6
TWD7 	EQU 	7
TWDR 	EQU 	187
TWEA 	EQU 	6
TWEN 	EQU 	2
TWGCE 	EQU 	0
TWIE 	EQU 	0
TWINT 	EQU 	7
TWPS0 	EQU 	0
TWPS1 	EQU 	1
TWS3 	EQU 	3
TWS4 	EQU 	4
TWS5 	EQU 	5
TWS6 	EQU 	6
TWS7 	EQU 	7
TWSR 	EQU 	185
TWSTA 	EQU 	5
TWSTO 	EQU 	4
TWWC 	EQU 	3
TXB80 	EQU 	0
TXC0 	EQU 	6
TXCIE0 	EQU 	6
TXEN0 	EQU 	3
U2X0 	EQU 	1
UBRR0H 	EQU 	197
UBRR0L 	EQU 	196
UBRR10 	EQU 	2
UBRR11 	EQU 	3
UBRR2 	EQU 	2
UBRR3 	EQU 	3
UBRR4 	EQU 	4
UBRR5 	EQU 	5
UBRR6 	EQU 	6
UBRR7 	EQU 	7
UBRR8 	EQU 	0
UBRR9 	EQU 	1
UCPHA0 	EQU 	1
UCPOL0 	EQU 	0
UCSR0A 	EQU 	192
UCSR0B 	EQU 	193
UCSR0C 	EQU 	194
UCSZ00 	EQU 	1
UCSZ01 	EQU 	2
UCSZ02 	EQU 	2
UDORD0 	EQU 	2
UDR0 	EQU 	198
UDR0_0 	EQU 	0
UDR0_1 	EQU 	1
UDR0_2 	EQU 	2
UDR0_3 	EQU 	3
UDR0_4 	EQU 	4
UDR0_5 	EQU 	5
UDR0_6 	EQU 	6
UDR0_7 	EQU 	7
UDRE0 	EQU 	5
UDRIE0 	EQU 	5
UMSEL0 	EQU 	6
UMSEL00 	EQU 	6
UMSEL01 	EQU 	7
UMSEL1 	EQU 	7
UPE0 	EQU 	2
UPM00 	EQU 	4
UPM01 	EQU 	5
USBS0 	EQU 	3
V 	EQU 	3
WCOL 	EQU 	6
WDCE 	EQU 	4
WDE 	EQU 	3
WDIE 	EQU 	6
WDIF 	EQU 	7
WDP0 	EQU 	0
WDP1 	EQU 	1
WDP2 	EQU 	2
WDP3 	EQU 	5
WDRF 	EQU 	3
WDTCSR 	EQU 	96
WGM00 	EQU 	0
WGM01 	EQU 	1
WGM02 	EQU 	3
WGM10 	EQU 	0
WGM11 	EQU 	1
WGM12 	EQU 	3
WGM13 	EQU 	4
WGM20 	EQU 	0
WGM21 	EQU 	1
WGM22 	EQU 	3
X 	EQU 	28
X+ 	EQU 	29
Y 	EQU 	8
Y+ 	EQU 	25
Z 	EQU 	1
Z+ 	EQU 	17
_UBRR0 	EQU 	0
_UBRR1 	EQU 	1
rZ 	EQU 	0

Code:
Loc	Obj Code	Original Assembly

000000	C033	RJMP BASPROGRAMSTART

000002	9518	RETI

000004	9518	RETI

000006	9518	RETI

000008	9518	RETI

00000A	9518	RETI

00000C	9518	RETI

00000E	9518	RETI

000010	9518	RETI

000012	9518	RETI

000014	9518	RETI

000016	9518	RETI

000018	9518	RETI

00001A	9518	RETI

00001C	9518	RETI

00001E	9518	RETI

000020	C1DE	RJMP INTTIMER0_OVF

000022	9518	RETI

000024	9518	RETI

000026	9518	RETI

000028	9518	RETI

00002A	9518	RETI

00002C	9518	RETI

00002E	9518	RETI

000030	9518	RETI

000032	9518	RETI



		BASPROGRAMSTART
000034	E058	LDI SYSVALUECOPY,HIGH(RAMEND)
000035	BF5E	OUT SPH, SYSVALUECOPY
000036	EF5F	LDI SYSVALUECOPY,LOW(RAMEND)
000037	BF5D	OUT SPL, SYSVALUECOPY
000038	D17A	RCALL INITSYS
000039	D18C	RCALL INITUSART
00003A	D122	RCALL HIC2INIT
00003B	D1A1	RCALL INIT_MSCTR_INT
00003C	9478	SEI

00003D	E05C	LDI SYSVALUECOPY,12
00003E	9350 0114	STS HI2CCURRENTMODE,SYSVALUECOPY
000040	D034	RCALL AVRHI2CMODE
000041	E050	LDI SYSVALUECOPY,0
000042	9350 011D	STS LSTMS,SYSVALUECOPY
000044	9350 011E	STS LSTMS_H,SYSVALUECOPY
000046	E050	LDI SYSVALUECOPY,0
000047	9350 0111	STS CURMS,SYSVALUECOPY
000049	9350 0112	STS CURMS_H,SYSVALUECOPY
		SYSDOLOOP_S1
00004B	D1B7	RCALL FN_MILLIS
00004C	9150 011F	LDS SYSVALUECOPY,MILLIS
00004E	9350 0111	STS CURMS,SYSVALUECOPY
000050	9150 0120	LDS SYSVALUECOPY,MILLIS_H
000052	9350 0112	STS CURMS_H,SYSVALUECOPY
000054	90A0 0111	LDS SYSTEMP2,CURMS
000056	9040 011D	LDS SYSTEMP3,LSTMS
000058	18A4	SUB SYSTEMP2,SYSTEMP3
000059	2C6A	MOV SYSTEMP1,SYSTEMP2
00005A	90A0 0112	LDS SYSTEMP2,CURMS_H
00005C	9040 011E	LDS SYSTEMP3,LSTMS_H
00005E	08A4	SBC SYSTEMP2,SYSTEMP3
00005F	2C7A	MOV SYSTEMP1_H,SYSTEMP2
000060	2D66	MOV SYSWORDTEMPA,SYSTEMP1
000061	2D77	MOV SYSWORDTEMPA_H,SYSTEMP1_H
000062	EAC0	LDI SYSWORDTEMPB,160
000063	E0DF	LDI SYSWORDTEMPB_H,15
000064	D421	RCALL SYSCOMPLESSTHAN16
000065	9400	COM SYSBYTETEMPX
000066	FE00	SBRS SYSBYTETEMPX,0
000067	C00A	RJMP ENDIF1
000068	D1D2	RCALL READ_HUMIDITY
000069	D26A	RCALL READ_TEMPERATURE
00006A	9150 0111	LDS SYSVALUECOPY,CURMS
00006C	9350 011D	STS LSTMS,SYSVALUECOPY
00006E	9150 0112	LDS SYSVALUECOPY,CURMS_H
000070	9350 011E	STS LSTMS_H,SYSVALUECOPY
		ENDIF1
000072	CFD8	RJMP SYSDOLOOP_S1
		SYSDOLOOP_E1
		BASPROGRAMEND
000073	9588	SLEEP
000074	CFFE	RJMP BASPROGRAMEND


		AVRHI2CMODE
000075	9160 0114	LDS SYSCALCTEMPA,HI2CCURRENTMODE
000077	306C	CPI SYSCALCTEMPA,12
000078	F431	BRNE ENDIF17
000079	E050	LDI SYSVALUECOPY,0
00007A	9350 00B9	STS TWSR,SYSVALUECOPY
00007C	E458	LDI SYSVALUECOPY,72
00007D	9350 00B8	STS TWBR,SYSVALUECOPY
		ENDIF17
00007F	9160 0114	LDS SYSCALCTEMPA,HI2CCURRENTMODE
000081	2366	TST SYSCALCTEMPA
000082	F401	BRNE ENDIF18
		ENDIF18
000083	E054	LDI SYSVALUECOPY, 0|(1<<TWEN)
000084	9350 00BC	STS TWCR,SYSVALUECOPY
000086	E050	LDI SYSVALUECOPY,0
000087	9350 0117	STS HI2CWAITMSSPTIMEOUT,SYSVALUECOPY
000089	9508	RET


		AVRHI2CRECEIVE
00008A	9050 0115	LDS SYSBITTEST,HI2CGETACK
00008C	FC50	SBRC SYSBITTEST,0
00008D	C007	RJMP ELSE23_1
00008E	9150 00BC	LDS SYSVALUECOPY,TWCR
000090	6850	SBR SYSVALUECOPY, (1<<TWINT)
000091	785F	CBR SYSVALUECOPY, (1<<TWSTA) | (1<<TWSTO) | (1<<TWEA)
000092	9350 00BC	STS TWCR,SYSVALUECOPY
000094	C006	RJMP ENDIF23
		ELSE23_1
000095	9150 00BC	LDS SYSVALUECOPY,TWCR
000097	7C5F	CBR SYSVALUECOPY, (1<<TWSTA) | (1<<TWSTO)
000098	6C50	SBR SYSVALUECOPY, (1<<TWINT) | (1<<TWEA)
000099	9350 00BC	STS TWCR,SYSVALUECOPY
		ENDIF23
00009B	0000	NOP
00009C	0000	NOP
		SYSDOLOOP_S5
00009D	9050 00BC	LDS SYSBITTEST,TWCR
00009F	FC57	SBRC SYSBITTEST,TWINT
0000A0	C001	RJMP SYSDOLOOP_E5
0000A1	CFFB	RJMP SYSDOLOOP_S5
		SYSDOLOOP_E5
0000A2	9150 00BB	LDS SYSVALUECOPY,TWDR
0000A4	9350 011C	STS I2CBYTE,SYSVALUECOPY
0000A6	9508	RET


		AVRHI2CRESTART
0000A7	9150 00BC	LDS SYSVALUECOPY,TWCR
0000A9	6A54	SBR SYSVALUECOPY, (1<<TWINT)|(1<<TWSTA)| (1<<TWEN)
0000AA	9350 00BC	STS TWCR,SYSVALUECOPY
		SYSDOLOOP_S3
0000AC	9050 00BC	LDS SYSBITTEST,TWCR
0000AE	FC57	SBRC SYSBITTEST,TWINT
0000AF	C001	RJMP SYSDOLOOP_E3
0000B0	CFFB	RJMP SYSDOLOOP_S3
		SYSDOLOOP_E3
0000B1	EF08	LDI SYSTEMP4,248
0000B2	9040 00B9	LDS SYSTEMP3,TWSR
0000B4	2240	AND SYSTEMP3,SYSTEMP4
0000B5	9240 011C	STS I2CBYTE,SYSTEMP3
0000B7	9160 011C	LDS SYSCALCTEMPA,I2CBYTE
0000B9	3068	CPI SYSCALCTEMPA,8
0000BA	F419	BRNE ELSE21_1
0000BB	D093	RCALL FN_HI2CSTARTOCCURRED
0000BC	C00A	RJMP EXITAVRHI2CRESTART
0000BD	C001	RJMP ENDIF21
		ELSE21_1
0000BE	D090	RCALL FN_HI2CSTARTOCCURRED
		ENDIF21
0000BF	9160 011C	LDS SYSCALCTEMPA,I2CBYTE
0000C1	3160	CPI SYSCALCTEMPA,16
0000C2	F419	BRNE ELSE22_1
0000C3	D08B	RCALL FN_HI2CSTARTOCCURRED
0000C4	C002	RJMP EXITAVRHI2CRESTART
0000C5	C001	RJMP ENDIF22
		ELSE22_1
0000C6	D088	RCALL FN_HI2CSTARTOCCURRED
		ENDIF22
		EXITAVRHI2CRESTART
0000C7	9508	RET


		AVRHI2CSEND
0000C8	9150 011C	LDS SYSVALUECOPY,I2CBYTE
0000CA	9350 00BB	STS TWDR,SYSVALUECOPY
0000CC	E854	LDI SYSVALUECOPY, (1<<TWINT) | (1<<TWEN)
0000CD	9350 00BC	STS TWCR, SYSVALUECOPY
0000CF	0000	NOP
0000D0	0000	NOP
		SYSDOLOOP_S4
0000D1	9050 00BC	LDS SYSBITTEST,TWCR
0000D3	FC57	SBRC SYSBITTEST,TWINT
0000D4	C001	RJMP SYSDOLOOP_E4
0000D5	CFFB	RJMP SYSDOLOOP_S4
		SYSDOLOOP_E4
0000D6	EF08	LDI SYSTEMP4,248
0000D7	9040 00B9	LDS SYSTEMP3,TWSR
0000D9	2240	AND SYSTEMP3,SYSTEMP4
0000DA	9240 011C	STS I2CBYTE,SYSTEMP3
0000DC	EF5F	LDI SYSVALUECOPY,255
0000DD	9350 0113	STS HI2CACKPOLLSTATE,SYSVALUECOPY
		SYSSELECT1CASE1
0000DF	9160 011C	LDS SYSCALCTEMPA,I2CBYTE
0000E1	3068	CPI SYSCALCTEMPA,8
0000E2	F409	BRNE SYSSELECT1CASE2
0000E3	C038	RJMP SYSSELECTEND1
		SYSSELECT1CASE2
0000E4	9160 011C	LDS SYSCALCTEMPA,I2CBYTE
0000E6	3168	CPI SYSCALCTEMPA,24
0000E7	F421	BRNE SYSSELECT1CASE3
0000E8	E050	LDI SYSVALUECOPY,0
0000E9	9350 0113	STS HI2CACKPOLLSTATE,SYSVALUECOPY
0000EB	C030	RJMP SYSSELECTEND1
		SYSSELECT1CASE3
0000EC	9160 011C	LDS SYSCALCTEMPA,I2CBYTE
0000EE	3268	CPI SYSCALCTEMPA,40
0000EF	F421	BRNE SYSSELECT1CASE4
0000F0	E050	LDI SYSVALUECOPY,0
0000F1	9350 0113	STS HI2CACKPOLLSTATE,SYSVALUECOPY
0000F3	C028	RJMP SYSSELECTEND1
		SYSSELECT1CASE4
0000F4	9160 011C	LDS SYSCALCTEMPA,I2CBYTE
0000F6	3260	CPI SYSCALCTEMPA,32
0000F7	F421	BRNE SYSSELECT1CASE5
0000F8	EF5F	LDI SYSVALUECOPY,255
0000F9	9350 0113	STS HI2CACKPOLLSTATE,SYSVALUECOPY
0000FB	C020	RJMP SYSSELECTEND1
		SYSSELECT1CASE5
0000FC	9160 011C	LDS SYSCALCTEMPA,I2CBYTE
0000FE	3360	CPI SYSCALCTEMPA,48
0000FF	F421	BRNE SYSSELECT1CASE6
000100	EF5F	LDI SYSVALUECOPY,255
000101	9350 0113	STS HI2CACKPOLLSTATE,SYSVALUECOPY
000103	C018	RJMP SYSSELECTEND1
		SYSSELECT1CASE6
000104	9160 011C	LDS SYSCALCTEMPA,I2CBYTE
000106	3468	CPI SYSCALCTEMPA,72
000107	F421	BRNE SYSSELECT1CASE7
000108	EF5F	LDI SYSVALUECOPY,255
000109	9350 0113	STS HI2CACKPOLLSTATE,SYSVALUECOPY
00010B	C010	RJMP SYSSELECTEND1
		SYSSELECT1CASE7
00010C	9160 011C	LDS SYSCALCTEMPA,I2CBYTE
00010E	3460	CPI SYSCALCTEMPA,64
00010F	F421	BRNE SYSSELECT1CASE8
000110	E050	LDI SYSVALUECOPY,0
000111	9350 0113	STS HI2CACKPOLLSTATE,SYSVALUECOPY
000113	C008	RJMP SYSSELECTEND1
		SYSSELECT1CASE8
000114	9160 011C	LDS SYSCALCTEMPA,I2CBYTE
000116	3568	CPI SYSCALCTEMPA,88
000117	F421	BRNE SYSSELECT1CASE9
000118	EF5F	LDI SYSVALUECOPY,255
000119	9350 0113	STS HI2CACKPOLLSTATE,SYSVALUECOPY
00011B	C000	RJMP SYSSELECTEND1
		SYSSELECT1CASE9
		SYSSELECTEND1
00011C	C032	RJMP FN_HI2CSTARTOCCURRED


		AVRHI2CSTART
00011D	9160 0114	LDS SYSCALCTEMPA,HI2CCURRENTMODE
00011F	2366	TST SYSCALCTEMPA
000120	F421	BRNE ENDIF19
000121	E05C	LDI SYSVALUECOPY,12
000122	9350 0114	STS HI2CCURRENTMODE,SYSVALUECOPY
000124	DF50	RCALL AVRHI2CMODE
		ENDIF19
000125	9150 00BC	LDS SYSVALUECOPY,TWCR
000127	6A54	SBR SYSVALUECOPY, (1<<TWINT)|(1<<TWSTA)| (1<<TWEN)
000128	9350 00BC	STS TWCR,SYSVALUECOPY
		SYSDOLOOP_S2
00012A	9050 00BC	LDS SYSBITTEST,TWCR
00012C	FC57	SBRC SYSBITTEST,TWINT
00012D	C001	RJMP SYSDOLOOP_E2
00012E	CFFB	RJMP SYSDOLOOP_S2
		SYSDOLOOP_E2
00012F	EF08	LDI SYSTEMP4,248
000130	9040 00B9	LDS SYSTEMP3,TWSR
000132	2240	AND SYSTEMP3,SYSTEMP4
000133	9240 011C	STS I2CBYTE,SYSTEMP3
000135	9160 011C	LDS SYSCALCTEMPA,I2CBYTE
000137	3068	CPI SYSCALCTEMPA,8
000138	F411	BRNE ELSE20_1
000139	D015	RCALL FN_HI2CSTARTOCCURRED
00013A	C001	RJMP ENDIF20
		ELSE20_1
00013B	D013	RCALL FN_HI2CSTARTOCCURRED
		ENDIF20
00013C	9508	RET


		AVRHI2CSTOP
00013D	9150 00BC	LDS SYSVALUECOPY,TWCR
00013F	6954	SBR SYSVALUECOPY, (1<<TWINT)|(1<<TWEN)|(1<<TWSTO)
000140	9350 00BC	STS TWCR,SYSVALUECOPY
000142	9508	RET


		DELAY_MS
000143	95E3	INC SYSWAITTEMPMS_H
		DMS_START
000144	EFAE	LDI DELAYTEMP2,254
		DMS_OUTER
000145	E194	LDI DELAYTEMP,20
		DMS_INNER
000146	959A	DEC DELAYTEMP
000147	F7F1	BRNE DMS_INNER
000148	95AA	DEC DELAYTEMP2
000149	F7D9	BRNE DMS_OUTER
00014A	95DA	DEC SYSWAITTEMPMS
00014B	F7C1	BRNE DMS_START
00014C	95EA	DEC SYSWAITTEMPMS_H
00014D	F7B1	BRNE DMS_START
00014E	9508	RET


		FN_HI2CSTARTOCCURRED
00014F	E06A	LDI SYSCALCTEMPA,10
000150	91C0 0114	LDS SYSCALCTEMPB,HI2CCURRENTMODE
000152	176C	CP SYSCALCTEMPA,SYSCALCTEMPB
000153	F428	BRSH ELSE25_1
000154	EF5F	LDI SYSVALUECOPY,255
000155	9350 0116	STS HI2CSTARTOCCURRED,SYSVALUECOPY
000157	9508	RET
000158	C003	RJMP ENDIF25
		ELSE25_1
000159	E050	LDI SYSVALUECOPY,0
00015A	9350 0116	STS HI2CSTARTOCCURRED,SYSVALUECOPY
		ENDIF25
00015C	9508	RET


		HIC2INIT
00015D	E050	LDI SYSVALUECOPY,0
00015E	9350 0114	STS HI2CCURRENTMODE,SYSVALUECOPY
000160	9508	RET


		HSERPRINT264
000161	91A0 013D	LDS SYSSTRINGA,SYSPRINTDATAHANDLER
000163	91B0 013E	LDS SYSSTRINGA_H,SYSPRINTDATAHANDLER_H
000165	915C	LD SYSVALUECOPY,X
000166	9350 0127	STS PRINTLEN,SYSVALUECOPY
000168	9160 0127	LDS SYSCALCTEMPA,PRINTLEN
00016A	2366	TST SYSCALCTEMPA
00016B	F109	BREQ ENDIF14
00016C	E050	LDI SYSVALUECOPY,0
00016D	9350 013F	STS SYSPRINTTEMP,SYSVALUECOPY
00016F	9160 0127	LDS SYSCALCTEMPA,PRINTLEN
000171	3061	CPI SYSCALCTEMPA,1
000172	F0D0	BRLO SYSFORLOOPEND1
		SYSFORLOOP1
000173	9040 013F	LDS SYSTEMP3,SYSPRINTTEMP
000175	9443	INC SYSTEMP3
000176	9240 013F	STS SYSPRINTTEMP,SYSTEMP3
000178	9040 013D	LDS SYSTEMP3,SYSPRINTDATAHANDLER
00017A	9060 013F	LDS SYSTEMP1,SYSPRINTTEMP
00017C	0C46	ADD SYSTEMP3,SYSTEMP1
00017D	2DA4	MOV SYSSTRINGA,SYSTEMP3
00017E	9040 013E	LDS SYSTEMP3,SYSPRINTDATAHANDLER_H
000180	E000	LDI SYSTEMP4,0
000181	1E40	ADC SYSTEMP3,SYSTEMP4
000182	2DB4	MOV SYSSTRINGA_H,SYSTEMP3
000183	915C	LD SYSVALUECOPY,X
000184	9350 012B	STS SERDATA,SYSVALUECOPY
000186	D01F	RCALL HSERSEND
000187	9160 013F	LDS SYSCALCTEMPA,SYSPRINTTEMP
000189	91C0 0127	LDS SYSCALCTEMPB,PRINTLEN
00018B	176C	CP SYSCALCTEMPA,SYSCALCTEMPB
00018C	F330	BRLO SYSFORLOOP1
		SYSFORLOOPEND1
		ENDIF14
00018D	9508	RET


		HSERPRINTCRLF
00018E	9150 0118	LDS SYSVALUECOPY,HSERPRINTCRLFCOUNT
000190	9350 0140	STS SYSREPEATTEMP1,SYSVALUECOPY
000192	9160 0140	LDS SYSCALCTEMPA,SYSREPEATTEMP1
000194	2366	TST SYSCALCTEMPA
000195	F409	BRNE PC + 2
000196	C00E	RJMP SYSREPEATLOOPEND1
		SYSREPEATLOOP1
000197	E05D	LDI SYSVALUECOPY,13
000198	9350 012B	STS SERDATA,SYSVALUECOPY
00019A	D00B	RCALL HSERSEND
00019B	E05A	LDI SYSVALUECOPY,10
00019C	9350 012B	STS SERDATA,SYSVALUECOPY
00019E	D007	RCALL HSERSEND
00019F	9040 0140	LDS SYSTEMP3,SYSREPEATTEMP1
0001A1	944A	DEC SYSTEMP3
0001A2	9240 0140	STS SYSREPEATTEMP1,SYSTEMP3
0001A4	F791	BRNE SYSREPEATLOOP1
		SYSREPEATLOOPEND1
0001A5	9508	RET


		HSERSEND
0001A6	9160 0110	LDS SYSCALCTEMPA,COMPORT
0001A8	3061	CPI SYSCALCTEMPA,1
0001A9	F441	BRNE ENDIF13
		SYSWAITLOOP1
0001AA	9050 00C0	LDS SYSBITTEST,UCSR0A
0001AC	FE55	SBRS SYSBITTEST,UDRE0
0001AD	CFFC	RJMP SYSWAITLOOP1
0001AE	9150 012B	LDS SYSVALUECOPY,SERDATA
0001B0	9350 00C6	STS UDR0,SYSVALUECOPY
		ENDIF13
0001B2	9508	RET


		INITSYS
0001B3	E050	LDI SYSVALUECOPY,0
0001B4	B955	OUT PORTB,SYSVALUECOPY
0001B5	E050	LDI SYSVALUECOPY,0
0001B6	B958	OUT PORTC,SYSVALUECOPY
0001B7	E050	LDI SYSVALUECOPY,0
0001B8	B95B	OUT PORTD,SYSVALUECOPY
0001B9	9508	RET


		INITTIMER0161
0001BA	9160 014B	LDS SYSCALCTEMPA,TMRSOURCE
0001BC	3062	CPI SYSCALCTEMPA,2
0001BD	F419	BRNE ENDIF24
0001BE	E057	LDI SYSVALUECOPY,7
0001BF	9350 014A	STS TMRPRES,SYSVALUECOPY
		ENDIF24
0001C1	9150 014A	LDS SYSVALUECOPY,TMRPRES
0001C3	9350 0149	STS TMR0_TMP,SYSVALUECOPY
0001C5	9508	RET


		INITUSART
0001C6	E051	LDI SYSVALUECOPY,1
0001C7	9350 0110	STS COMPORT,SYSVALUECOPY
0001C9	9150 00C0	LDS SYSVALUECOPY,UCSR0A
0001CB	6052	SBR SYSVALUECOPY,1<<U2X0
0001CC	9350 00C0	STS UCSR0A,SYSVALUECOPY
0001CE	EC5F	LDI SYSVALUECOPY,207
0001CF	9350 00C4	STS UBRR0L,SYSVALUECOPY
0001D1	E050	LDI SYSVALUECOPY,0
0001D2	9350 00C5	STS UBRR0H,SYSVALUECOPY
0001D4	9150 00C1	LDS SYSVALUECOPY,UCSR0B
0001D6	6150	SBR SYSVALUECOPY,1<<RXEN0
0001D7	9350 00C1	STS UCSR0B,SYSVALUECOPY
0001D9	6058	SBR SYSVALUECOPY,1<<TXEN0
0001DA	9350 00C1	STS UCSR0B,SYSVALUECOPY
0001DC	9508	RET


		INIT_MSCTR_INT
0001DD	9150 006E	LDS SYSVALUECOPY,TIMSK0
0001DF	6051	SBR SYSVALUECOPY,1<<TOIE0
0001E0	9350 006E	STS TIMSK0,SYSVALUECOPY
0001E2	E050	LDI SYSVALUECOPY,0
0001E3	9350 0123	STS MSCTR_,SYSVALUECOPY
0001E5	9350 0124	STS MSCTR__H,SYSVALUECOPY
0001E7	9350 0125	STS MSCTR__U,SYSVALUECOPY
0001E9	9350 0126	STS MSCTR__E,SYSVALUECOPY
0001EB	D017	RCALL FN_MILLIS
0001EC	E051	LDI SYSVALUECOPY,1
0001ED	9350 014B	STS TMRSOURCE,SYSVALUECOPY
0001EF	E053	LDI SYSVALUECOPY,3
0001F0	9350 014A	STS TMRPRES,SYSVALUECOPY
0001F2	DFC7	RCALL INITTIMER0161
0001F3	E056	LDI SYSVALUECOPY,6
0001F4	9350 0148	STS TMR0,SYSVALUECOPY
0001F6	EF08	LDI SYSTEMP4,248
0001F7	B465	IN SYSTEMP1,TCCR0B
0001F8	2260	AND SYSTEMP1,SYSTEMP4
0001F9	2C46	MOV SYSTEMP3,SYSTEMP1
0001FA	9060 0149	LDS SYSTEMP1,TMR0_TMP
0001FC	2864	OR SYSTEMP1,SYSTEMP3
0001FD	BC65	OUT TCCR0B,SYSTEMP1
0001FE	9508	RET


		INTTIMER0_OVF
0001FF	D425	RCALL SYSINTCONTEXTSAVE
000200	D01F	RCALL MSCTR_INT_HDLR
000201	98A8	CBI TIFR0,TOV0
000202	C41A	RJMP SYSINTCONTEXTRESTORE


		FN_MILLIS
000203	9150 0130	LDS SYSVALUECOPY,SYSINTSTATESAVE0
000205	7F5E	CBR SYSVALUECOPY,1<<0
000206	F40F	BRBC I,PC + 2
000207	6051	SBR SYSVALUECOPY,1<<0
000208	9350 0130	STS SYSINTSTATESAVE0,SYSVALUECOPY
00020A	94F8	CLI
00020B	9150 0123	LDS SYSVALUECOPY,MSCTR_
00020D	9350 011F	STS MILLIS,SYSVALUECOPY
00020F	9150 0124	LDS SYSVALUECOPY,MSCTR__H
000211	9350 0120	STS MILLIS_H,SYSVALUECOPY
000213	9150 0125	LDS SYSVALUECOPY,MSCTR__U
000215	9350 0121	STS MILLIS_U,SYSVALUECOPY
000217	9150 0126	LDS SYSVALUECOPY,MSCTR__E
000219	9350 0122	STS MILLIS_E,SYSVALUECOPY
00021B	9050 0130	LDS SYSBITTEST,SYSINTSTATESAVE0
00021D	FC50	SBRC SYSBITTEST,0
00021E	9478	SEI
00021F	9508	RET


		MSCTR_INT_HDLR
000220	E056	LDI SYSVALUECOPY,6
000221	9350 0148	STS TMR0,SYSVALUECOPY
000223	9040 0123	LDS SYSTEMP3,MSCTR_
000225	9443	INC SYSTEMP3
000226	9240 0123	STS MSCTR_,SYSTEMP3
000228	9040 0124	LDS SYSTEMP3,MSCTR__H
00022A	F409	BRNE PC + 2
00022B	9443	INC SYSTEMP3
00022C	9240 0124	STS MSCTR__H,SYSTEMP3
00022E	9040 0125	LDS SYSTEMP3,MSCTR__U
000230	F409	BRNE PC + 2
000231	9443	INC SYSTEMP3
000232	9240 0125	STS MSCTR__U,SYSTEMP3
000234	9040 0126	LDS SYSTEMP3,MSCTR__E
000236	F409	BRNE PC + 2
000237	9443	INC SYSTEMP3
000238	9240 0126	STS MSCTR__E,SYSTEMP3
00023A	9508	RET


		READ_HUMIDITY
00023B	DEE1	RCALL AVRHI2CSTART
00023C	E850	LDI SYSVALUECOPY,128
00023D	9350 011C	STS I2CBYTE,SYSVALUECOPY
00023F	DE88	RCALL AVRHI2CSEND
000240	EF55	LDI SYSVALUECOPY,245
000241	9350 011C	STS I2CBYTE,SYSVALUECOPY
000243	DE84	RCALL AVRHI2CSEND
000244	DE62	RCALL AVRHI2CRESTART
000245	E851	LDI SYSVALUECOPY,129
000246	9350 011C	STS I2CBYTE,SYSVALUECOPY
000248	DE7F	RCALL AVRHI2CSEND
000249	E3D2	LDI SYSWAITTEMPMS,50
00024A	E0E0	LDI SYSWAITTEMPMS_H,0
00024B	DEF7	RCALL DELAY_MS
00024C	DE5A	RCALL AVRHI2CRESTART
00024D	E851	LDI SYSVALUECOPY,129
00024E	9350 011C	STS I2CBYTE,SYSVALUECOPY
000250	DE77	RCALL AVRHI2CSEND
000251	EF5F	LDI SYSVALUECOPY,255
000252	9350 0115	STS HI2CGETACK,SYSVALUECOPY
000254	DE35	RCALL AVRHI2CRECEIVE
000255	9150 011C	LDS SYSVALUECOPY,I2CBYTE
000257	9350 012C	STS SI7021_HIGHBYTE,SYSVALUECOPY
000259	E050	LDI SYSVALUECOPY,0
00025A	9350 0115	STS HI2CGETACK,SYSVALUECOPY
00025C	DE2D	RCALL AVRHI2CRECEIVE
00025D	9150 011C	LDS SYSVALUECOPY,I2CBYTE
00025F	9350 012D	STS SI7021_LOWBYTE,SYSVALUECOPY
000261	DEDB	RCALL AVRHI2CSTOP
000262	9160 012D	LDS SYSLONGTEMPA,SIRAW
000264	9170 012C	LDS SYSLONGTEMPA_H,SIRAW_H
000266	E080	LDI SYSLONGTEMPA_U,0
000267	E090	LDI SYSLONGTEMPA_E,0
000268	E7CD	LDI SYSLONGTEMPB,125
000269	E0D0	LDI SYSLONGTEMPB_H,0
00026A	E0E0	LDI SYSLONGTEMPB_U,0
00026B	E0F0	LDI SYSLONGTEMPB_E,0
00026C	D31D	RCALL SYSMULTSUB32
00026D	2C60	MOV SYSTEMP1,SYSLONGTEMPX
00026E	2C71	MOV SYSTEMP1_H,SYSLONGTEMPX_H
00026F	2C82	MOV SYSTEMP1_U,SYSLONGTEMPX_U
000270	2C93	MOV SYSTEMP1_E,SYSLONGTEMPX_E
000271	2D66	MOV SYSLONGTEMPA,SYSTEMP1
000272	2D77	MOV SYSLONGTEMPA_H,SYSTEMP1_H
000273	2D88	MOV SYSLONGTEMPA_U,SYSTEMP1_U
000274	2D99	MOV SYSLONGTEMPA_E,SYSTEMP1_E
000275	E0C0	LDI SYSLONGTEMPB,0
000276	E0D0	LDI SYSLONGTEMPB_H,0
000277	E0E1	LDI SYSLONGTEMPB_U,1
000278	E0F0	LDI SYSLONGTEMPB_E,0
000279	D261	RCALL SYSDIVSUB32
00027A	2EA6	MOV SYSTEMP2,SYSLONGTEMPA
00027B	2EB7	MOV SYSTEMP2_H,SYSLONGTEMPA_H
00027C	2EC8	MOV SYSTEMP2_U,SYSLONGTEMPA_U
00027D	2ED9	MOV SYSTEMP2_E,SYSLONGTEMPA_E
00027E	E006	LDI SYSTEMP4,6
00027F	1AA0	SUB SYSTEMP2,SYSTEMP4
000280	92A0 0119	STS HUMIDITY,SYSTEMP2
000282	E000	LDI SYSTEMP4,0
000283	0AB0	SBC SYSTEMP2_H,SYSTEMP4
000284	92B0 011A	STS HUMIDITY_H,SYSTEMP2_H
000286	9160 0119	LDS SYSWORDTEMPA,HUMIDITY
000288	9170 011A	LDS SYSWORDTEMPA_H,HUMIDITY_H
00028A	E0CA	LDI SYSWORDTEMPB,10
00028B	E0D0	LDI SYSWORDTEMPB_H,0
00028C	D1F9	RCALL SYSCOMPLESSTHAN16
00028D	FE00	SBRS SYSBYTETEMPX,0
00028E	C00F	RJMP ENDIF2
00028F	E0C0	LDI SYSSTRINGB,LOW(SYSSTRINGPARAM1)
000290	E0D1	LDI SYSSTRINGB_H,HIGH(SYSSTRINGPARAM1)
000291	E5EA	LDI SYSREADA,LOW(STRINGTABLE1<<1)
000292	E0FC	LDI SYSREADA_H,HIGH(STRINGTABLE1<<1)
000293	D371	RCALL SYSREADSTRING
000294	E050	LDI SYSVALUECOPY,LOW(SYSSTRINGPARAM1)
000295	9350 013D	STS SYSPRINTDATAHANDLER,SYSVALUECOPY
000297	E051	LDI SYSVALUECOPY,HIGH(SYSSTRINGPARAM1)
000298	9350 013E	STS SYSPRINTDATAHANDLER_H,SYSVALUECOPY
00029A	E051	LDI SYSVALUECOPY,1
00029B	9350 0110	STS COMPORT,SYSVALUECOPY
00029D	DEC3	RCALL HSERPRINT264
		ENDIF2
00029E	9150 0119	LDS SYSVALUECOPY,HUMIDITY
0002A0	9350 0142	STS SYSVALTEMP,SYSVALUECOPY
0002A2	9150 011A	LDS SYSVALUECOPY,HUMIDITY_H
0002A4	9350 0143	STS SYSVALTEMP_H,SYSVALUECOPY
0002A6	D10D	RCALL FN_STR
0002A7	E0C0	LDI SYSSTRINGB,LOW(SYSSTRINGPARAM1)
0002A8	E0D1	LDI SYSSTRINGB_H,HIGH(SYSSTRINGPARAM1)
0002A9	2799	CLR SYSSTRINGLENGTH
0002AA	9159	LD SYSVALUECOPY, Y+
0002AB	E5EC	LDI SYSREADA,LOW(STRINGTABLE2<<1)
0002AC	E0FC	LDI SYSREADA_H,HIGH(STRINGTABLE2<<1)
0002AD	D35E	RCALL SYSREADSTRINGPART
0002AE	E0AA	LDI SYSSTRINGA,LOW(STR)
0002AF	E0B1	LDI SYSSTRINGA_H,HIGH(STR)
0002B0	D1F1	RCALL SYSCOPYSTRINGPART
0002B1	E0A0	LDI SYSSTRINGA,LOW(SYSSTRINGPARAM1)
0002B2	E0B1	LDI SYSSTRINGA_H,HIGH(SYSSTRINGPARAM1)
0002B3	939C	ST X, SYSSTRINGLENGTH
0002B4	E050	LDI SYSVALUECOPY,LOW(SYSSTRINGPARAM1)
0002B5	9350 013D	STS SYSPRINTDATAHANDLER,SYSVALUECOPY
0002B7	E051	LDI SYSVALUECOPY,HIGH(SYSSTRINGPARAM1)
0002B8	9350 013E	STS SYSPRINTDATAHANDLER_H,SYSVALUECOPY
0002BA	E051	LDI SYSVALUECOPY,1
0002BB	9350 0110	STS COMPORT,SYSVALUECOPY
0002BD	DEA3	RCALL HSERPRINT264
0002BE	E0C0	LDI SYSSTRINGB,LOW(SYSSTRINGPARAM1)
0002BF	E0D1	LDI SYSSTRINGB_H,HIGH(SYSSTRINGPARAM1)
0002C0	E6E6	LDI SYSREADA,LOW(STRINGTABLE3<<1)
0002C1	E0FC	LDI SYSREADA_H,HIGH(STRINGTABLE3<<1)
0002C2	D342	RCALL SYSREADSTRING
0002C3	E050	LDI SYSVALUECOPY,LOW(SYSSTRINGPARAM1)
0002C4	9350 013D	STS SYSPRINTDATAHANDLER,SYSVALUECOPY
0002C6	E051	LDI SYSVALUECOPY,HIGH(SYSSTRINGPARAM1)
0002C7	9350 013E	STS SYSPRINTDATAHANDLER_H,SYSVALUECOPY
0002C9	E051	LDI SYSVALUECOPY,1
0002CA	9350 0110	STS COMPORT,SYSVALUECOPY
0002CC	DE94	RCALL HSERPRINT264
0002CD	E051	LDI SYSVALUECOPY,1
0002CE	9350 0118	STS HSERPRINTCRLFCOUNT,SYSVALUECOPY
0002D0	E051	LDI SYSVALUECOPY,1
0002D1	9350 0110	STS COMPORT,SYSVALUECOPY
0002D3	CEBA	RJMP HSERPRINTCRLF


		READ_TEMPERATURE
0002D4	DE48	RCALL AVRHI2CSTART
0002D5	E850	LDI SYSVALUECOPY,128
0002D6	9350 011C	STS I2CBYTE,SYSVALUECOPY
0002D8	DDEF	RCALL AVRHI2CSEND
0002D9	EE50	LDI SYSVALUECOPY,224
0002DA	9350 011C	STS I2CBYTE,SYSVALUECOPY
0002DC	DDEB	RCALL AVRHI2CSEND
0002DD	DDC9	RCALL AVRHI2CRESTART
0002DE	E851	LDI SYSVALUECOPY,129
0002DF	9350 011C	STS I2CBYTE,SYSVALUECOPY
0002E1	DDE6	RCALL AVRHI2CSEND
0002E2	EF5F	LDI SYSVALUECOPY,255
0002E3	9350 0115	STS HI2CGETACK,SYSVALUECOPY
0002E5	DDA4	RCALL AVRHI2CRECEIVE
0002E6	9150 011C	LDS SYSVALUECOPY,I2CBYTE
0002E8	9350 012C	STS SI7021_HIGHBYTE,SYSVALUECOPY
0002EA	E050	LDI SYSVALUECOPY,0
0002EB	9350 0115	STS HI2CGETACK,SYSVALUECOPY
0002ED	DD9C	RCALL AVRHI2CRECEIVE
0002EE	9150 011C	LDS SYSVALUECOPY,I2CBYTE
0002F0	9350 012D	STS SI7021_LOWBYTE,SYSVALUECOPY
0002F2	DE4A	RCALL AVRHI2CSTOP
0002F3	E1D4	LDI SYSWAITTEMPMS,20
0002F4	E0E0	LDI SYSWAITTEMPMS_H,0
0002F5	DE4D	RCALL DELAY_MS
0002F6	9160 012D	LDS SYSLONGTEMPA,SIRAW
0002F8	9170 012C	LDS SYSLONGTEMPA_H,SIRAW_H
0002FA	E080	LDI SYSLONGTEMPA_U,0
0002FB	E090	LDI SYSLONGTEMPA_E,0
0002FC	EAC4	LDI SYSLONGTEMPB,164
0002FD	E4D4	LDI SYSLONGTEMPB_H,68
0002FE	E0E0	LDI SYSLONGTEMPB_U,0
0002FF	E0F0	LDI SYSLONGTEMPB_E,0
000300	D289	RCALL SYSMULTSUB32
000301	2C60	MOV SYSTEMP1,SYSLONGTEMPX
000302	2C71	MOV SYSTEMP1_H,SYSLONGTEMPX_H
000303	2C82	MOV SYSTEMP1_U,SYSLONGTEMPX_U
000304	2C93	MOV SYSTEMP1_E,SYSLONGTEMPX_E
000305	2D66	MOV SYSLONGTEMPA,SYSTEMP1
000306	2D77	MOV SYSLONGTEMPA_H,SYSTEMP1_H
000307	2D88	MOV SYSLONGTEMPA_U,SYSTEMP1_U
000308	2D99	MOV SYSLONGTEMPA_E,SYSTEMP1_E
000309	E0C0	LDI SYSLONGTEMPB,0
00030A	E0D0	LDI SYSLONGTEMPB_H,0
00030B	E0E1	LDI SYSLONGTEMPB_U,1
00030C	E0F0	LDI SYSLONGTEMPB_E,0
00030D	D1CD	RCALL SYSDIVSUB32
00030E	2EA6	MOV SYSTEMP2,SYSLONGTEMPA
00030F	2EB7	MOV SYSTEMP2_H,SYSLONGTEMPA_H
000310	2EC8	MOV SYSTEMP2_U,SYSLONGTEMPA_U
000311	2ED9	MOV SYSTEMP2_E,SYSLONGTEMPA_E
000312	E40D	LDI SYSTEMP4,77
000313	1AA0	SUB SYSTEMP2,SYSTEMP4
000314	92A0 0144	STS TEMPERATUREC,SYSTEMP2
000316	E102	LDI SYSTEMP4,18
000317	0AB0	SBC SYSTEMP2_H,SYSTEMP4
000318	92B0 0145	STS TEMPERATUREC_H,SYSTEMP2_H
00031A	9160 0144	LDS SYSLONGTEMPA,TEMPERATUREC
00031C	9170 0145	LDS SYSLONGTEMPA_H,TEMPERATUREC_H
00031E	E080	LDI SYSLONGTEMPA_U,0
00031F	E090	LDI SYSLONGTEMPA_E,0
000320	E0C9	LDI SYSLONGTEMPB,9
000321	E0D0	LDI SYSLONGTEMPB_H,0
000322	E0E0	LDI SYSLONGTEMPB_U,0
000323	E0F0	LDI SYSLONGTEMPB_E,0
000324	D265	RCALL SYSMULTSUB32
000325	2C60	MOV SYSTEMP1,SYSLONGTEMPX
000326	2C71	MOV SYSTEMP1_H,SYSLONGTEMPX_H
000327	2C82	MOV SYSTEMP1_U,SYSLONGTEMPX_U
000328	2C93	MOV SYSTEMP1_E,SYSLONGTEMPX_E
000329	2D66	MOV SYSLONGTEMPA,SYSTEMP1
00032A	2D77	MOV SYSLONGTEMPA_H,SYSTEMP1_H
00032B	2D88	MOV SYSLONGTEMPA_U,SYSTEMP1_U
00032C	2D99	MOV SYSLONGTEMPA_E,SYSTEMP1_E
00032D	E0C5	LDI SYSLONGTEMPB,5
00032E	E0D0	LDI SYSLONGTEMPB_H,0
00032F	E0E0	LDI SYSLONGTEMPB_U,0
000330	E0F0	LDI SYSLONGTEMPB_E,0
000331	D1A9	RCALL SYSDIVSUB32
000332	2EA6	MOV SYSTEMP2,SYSLONGTEMPA
000333	2EB7	MOV SYSTEMP2_H,SYSLONGTEMPA_H
000334	2EC8	MOV SYSTEMP2_U,SYSLONGTEMPA_U
000335	2ED9	MOV SYSTEMP2_E,SYSLONGTEMPA_E
000336	E800	LDI SYSTEMP4,128
000337	0EA0	ADD SYSTEMP2,SYSTEMP4
000338	92A0 0146	STS TEMPERATUREF,SYSTEMP2
00033A	E00C	LDI SYSTEMP4,12
00033B	1EB0	ADC SYSTEMP2_H,SYSTEMP4
00033C	92B0 0147	STS TEMPERATUREF_H,SYSTEMP2_H
00033E	9160 0146	LDS SYSWORDTEMPA,TEMPERATUREF
000340	9170 0147	LDS SYSWORDTEMPA_H,TEMPERATUREF_H
000342	E6C4	LDI SYSWORDTEMPB,100
000343	E0D0	LDI SYSWORDTEMPB_H,0
000344	D167	RCALL SYSDIVSUB16
000345	9200 011B	STS HUNDREDTHS,SYSWORDTEMPX
000347	9160 0146	LDS SYSWORDTEMPA,TEMPERATUREF
000349	9170 0147	LDS SYSWORDTEMPA_H,TEMPERATUREF_H
00034B	E6C4	LDI SYSWORDTEMPB,100
00034C	E0D0	LDI SYSWORDTEMPB_H,0
00034D	D15E	RCALL SYSDIVSUB16
00034E	9360 0146	STS TEMPERATUREF,SYSWORDTEMPA
000350	9370 0147	STS TEMPERATUREF_H,SYSWORDTEMPA_H
000352	9160 0144	LDS SYSWORDTEMPA,TEMPERATUREC
000354	9170 0145	LDS SYSWORDTEMPA_H,TEMPERATUREC_H
000356	E6C4	LDI SYSWORDTEMPB,100
000357	E0D0	LDI SYSWORDTEMPB_H,0
000358	D153	RCALL SYSDIVSUB16
000359	9200 011B	STS HUNDREDTHS,SYSWORDTEMPX
00035B	9160 0144	LDS SYSWORDTEMPA,TEMPERATUREC
00035D	9170 0145	LDS SYSWORDTEMPA_H,TEMPERATUREC_H
00035F	E6C4	LDI SYSWORDTEMPB,100
000360	E0D0	LDI SYSWORDTEMPB_H,0
000361	D14A	RCALL SYSDIVSUB16
000362	9360 0144	STS TEMPERATUREC,SYSWORDTEMPA
000364	9370 0145	STS TEMPERATUREC_H,SYSWORDTEMPA_H
000366	9150 0144	LDS SYSVALUECOPY,TEMPERATUREC
000368	9350 0142	STS SYSVALTEMP,SYSVALUECOPY
00036A	9150 0145	LDS SYSVALUECOPY,TEMPERATUREC_H
00036C	9350 0143	STS SYSVALTEMP_H,SYSVALUECOPY
00036E	D045	RCALL FN_STR
00036F	E0C0	LDI SYSSTRINGB,LOW(SYSSTRINGPARAM1)
000370	E0D1	LDI SYSSTRINGB_H,HIGH(SYSSTRINGPARAM1)
000371	2799	CLR SYSSTRINGLENGTH
000372	9159	LD SYSVALUECOPY, Y+
000373	E6E8	LDI SYSREADA,LOW(STRINGTABLE4<<1)
000374	E0FC	LDI SYSREADA_H,HIGH(STRINGTABLE4<<1)
000375	D296	RCALL SYSREADSTRINGPART
000376	E0AA	LDI SYSSTRINGA,LOW(STR)
000377	E0B1	LDI SYSSTRINGA_H,HIGH(STR)
000378	D129	RCALL SYSCOPYSTRINGPART
000379	E0A0	LDI SYSSTRINGA,LOW(SYSSTRINGPARAM1)
00037A	E0B1	LDI SYSSTRINGA_H,HIGH(SYSSTRINGPARAM1)
00037B	939C	ST X, SYSSTRINGLENGTH
00037C	E050	LDI SYSVALUECOPY,LOW(SYSSTRINGPARAM1)
00037D	9350 013D	STS SYSPRINTDATAHANDLER,SYSVALUECOPY
00037F	E051	LDI SYSVALUECOPY,HIGH(SYSSTRINGPARAM1)
000380	9350 013E	STS SYSPRINTDATAHANDLER_H,SYSVALUECOPY
000382	E051	LDI SYSVALUECOPY,1
000383	9350 0110	STS COMPORT,SYSVALUECOPY
000385	DDDB	RCALL HSERPRINT264
000386	E0C0	LDI SYSSTRINGB,LOW(SYSSTRINGPARAM1)
000387	E0D1	LDI SYSSTRINGB_H,HIGH(SYSSTRINGPARAM1)
000388	E7E0	LDI SYSREADA,LOW(STRINGTABLE5<<1)
000389	E0FC	LDI SYSREADA_H,HIGH(STRINGTABLE5<<1)
00038A	D27A	RCALL SYSREADSTRING
00038B	E050	LDI SYSVALUECOPY,LOW(SYSSTRINGPARAM1)
00038C	9350 013D	STS SYSPRINTDATAHANDLER,SYSVALUECOPY
00038E	E051	LDI SYSVALUECOPY,HIGH(SYSSTRINGPARAM1)
00038F	9350 013E	STS SYSPRINTDATAHANDLER_H,SYSVALUECOPY
000391	E051	LDI SYSVALUECOPY,1
000392	9350 0110	STS COMPORT,SYSVALUECOPY
000394	DDCC	RCALL HSERPRINT264
000395	9150 011B	LDS SYSVALUECOPY,HUNDREDTHS
000397	9350 0142	STS SYSVALTEMP,SYSVALUECOPY
000399	E050	LDI SYSVALUECOPY,0
00039A	9350 0143	STS SYSVALTEMP_H,SYSVALUECOPY
00039C	D017	RCALL FN_STR
00039D	E0C0	LDI SYSSTRINGB,LOW(SYSSTRINGPARAM1)
00039E	E0D1	LDI SYSSTRINGB_H,HIGH(SYSSTRINGPARAM1)
00039F	2799	CLR SYSSTRINGLENGTH
0003A0	9159	LD SYSVALUECOPY, Y+
0003A1	E0AA	LDI SYSSTRINGA,LOW(STR)
0003A2	E0B1	LDI SYSSTRINGA_H,HIGH(STR)
0003A3	D0FE	RCALL SYSCOPYSTRINGPART
0003A4	E7E2	LDI SYSREADA,LOW(STRINGTABLE6<<1)
0003A5	E0FC	LDI SYSREADA_H,HIGH(STRINGTABLE6<<1)
0003A6	D265	RCALL SYSREADSTRINGPART
0003A7	E0A0	LDI SYSSTRINGA,LOW(SYSSTRINGPARAM1)
0003A8	E0B1	LDI SYSSTRINGA_H,HIGH(SYSSTRINGPARAM1)
0003A9	939C	ST X, SYSSTRINGLENGTH
0003AA	E050	LDI SYSVALUECOPY,LOW(SYSSTRINGPARAM1)
0003AB	9350 013D	STS SYSPRINTDATAHANDLER,SYSVALUECOPY
0003AD	E051	LDI SYSVALUECOPY,HIGH(SYSSTRINGPARAM1)
0003AE	9350 013E	STS SYSPRINTDATAHANDLER_H,SYSVALUECOPY
0003B0	E051	LDI SYSVALUECOPY,1
0003B1	9350 0110	STS COMPORT,SYSVALUECOPY
0003B3	CDAD	RJMP HSERPRINT264


		FN_STR
0003B4	E050	LDI SYSVALUECOPY,0
0003B5	9350 012F	STS SYSCHARCOUNT,SYSVALUECOPY
0003B7	9160 0142	LDS SYSWORDTEMPA,SYSVALTEMP
0003B9	9170 0143	LDS SYSWORDTEMPA_H,SYSVALTEMP_H
0003BB	E1C0	LDI SYSWORDTEMPB,16
0003BC	E2D7	LDI SYSWORDTEMPB_H,39
0003BD	D0C8	RCALL SYSCOMPLESSTHAN16
0003BE	9400	COM SYSBYTETEMPX
0003BF	FE00	SBRS SYSBYTETEMPX,0
0003C0	C01F	RJMP ENDIF9
0003C1	9160 0142	LDS SYSWORDTEMPA,SYSVALTEMP
0003C3	9170 0143	LDS SYSWORDTEMPA_H,SYSVALTEMP_H
0003C5	E1C0	LDI SYSWORDTEMPB,16
0003C6	E2D7	LDI SYSWORDTEMPB_H,39
0003C7	D0E4	RCALL SYSDIVSUB16
0003C8	9360 0141	STS SYSSTRDATA,SYSWORDTEMPA
0003CA	9200 0142	STS SYSVALTEMP,SYSCALCTEMPX
0003CC	9210 0143	STS SYSVALTEMP_H,SYSCALCTEMPX_H
0003CE	9040 012F	LDS SYSTEMP3,SYSCHARCOUNT
0003D0	9443	INC SYSTEMP3
0003D1	9240 012F	STS SYSCHARCOUNT,SYSTEMP3
0003D3	E00A	LDI SYSTEMP4,LOW(STR)
0003D4	0E40	ADD SYSTEMP3,SYSTEMP4
0003D5	2DA4	MOV SYSSTRINGA,SYSTEMP3
0003D6	E000	LDI SYSTEMP4,0
0003D7	E011	LDI SYSTEMP5,HIGH(STR)
0003D8	1F01	ADC SYSTEMP4,SYSTEMP5
0003D9	2FB0	MOV SYSSTRINGA_H,SYSTEMP4
0003DA	9040 0141	LDS SYSTEMP3,SYSSTRDATA
0003DC	E300	LDI SYSTEMP4,48
0003DD	0E40	ADD SYSTEMP3,SYSTEMP4
0003DE	924C	ST X,SYSTEMP3
0003DF	C00A	RJMP SYSVALTHOUSANDS
		ENDIF9
0003E0	9160 0142	LDS SYSWORDTEMPA,SYSVALTEMP
0003E2	9170 0143	LDS SYSWORDTEMPA_H,SYSVALTEMP_H
0003E4	EEC8	LDI SYSWORDTEMPB,232
0003E5	E0D3	LDI SYSWORDTEMPB_H,3
0003E6	D09F	RCALL SYSCOMPLESSTHAN16
0003E7	9400	COM SYSBYTETEMPX
0003E8	FE00	SBRS SYSBYTETEMPX,0
0003E9	C01F	RJMP ENDIF10
		SYSVALTHOUSANDS
0003EA	9160 0142	LDS SYSWORDTEMPA,SYSVALTEMP
0003EC	9170 0143	LDS SYSWORDTEMPA_H,SYSVALTEMP_H
0003EE	EEC8	LDI SYSWORDTEMPB,232
0003EF	E0D3	LDI SYSWORDTEMPB_H,3
0003F0	D0BB	RCALL SYSDIVSUB16
0003F1	9360 0141	STS SYSSTRDATA,SYSWORDTEMPA
0003F3	9200 0142	STS SYSVALTEMP,SYSCALCTEMPX
0003F5	9210 0143	STS SYSVALTEMP_H,SYSCALCTEMPX_H
0003F7	9040 012F	LDS SYSTEMP3,SYSCHARCOUNT
0003F9	9443	INC SYSTEMP3
0003FA	9240 012F	STS SYSCHARCOUNT,SYSTEMP3
0003FC	E00A	LDI SYSTEMP4,LOW(STR)
0003FD	0E40	ADD SYSTEMP3,SYSTEMP4
0003FE	2DA4	MOV SYSSTRINGA,SYSTEMP3
0003FF	E000	LDI SYSTEMP4,0
000400	E011	LDI SYSTEMP5,HIGH(STR)
000401	1F01	ADC SYSTEMP4,SYSTEMP5
000402	2FB0	MOV SYSSTRINGA_H,SYSTEMP4
000403	9040 0141	LDS SYSTEMP3,SYSSTRDATA
000405	E300	LDI SYSTEMP4,48
000406	0E40	ADD SYSTEMP3,SYSTEMP4
000407	924C	ST X,SYSTEMP3
000408	C00A	RJMP SYSVALHUNDREDS
		ENDIF10
000409	9160 0142	LDS SYSWORDTEMPA,SYSVALTEMP
00040B	9170 0143	LDS SYSWORDTEMPA_H,SYSVALTEMP_H
00040D	E6C4	LDI SYSWORDTEMPB,100
00040E	E0D0	LDI SYSWORDTEMPB_H,0
00040F	D076	RCALL SYSCOMPLESSTHAN16
000410	9400	COM SYSBYTETEMPX
000411	FE00	SBRS SYSBYTETEMPX,0
000412	C01F	RJMP ENDIF11
		SYSVALHUNDREDS
000413	9160 0142	LDS SYSWORDTEMPA,SYSVALTEMP
000415	9170 0143	LDS SYSWORDTEMPA_H,SYSVALTEMP_H
000417	E6C4	LDI SYSWORDTEMPB,100
000418	E0D0	LDI SYSWORDTEMPB_H,0
000419	D092	RCALL SYSDIVSUB16
00041A	9360 0141	STS SYSSTRDATA,SYSWORDTEMPA
00041C	9200 0142	STS SYSVALTEMP,SYSCALCTEMPX
00041E	9210 0143	STS SYSVALTEMP_H,SYSCALCTEMPX_H
000420	9040 012F	LDS SYSTEMP3,SYSCHARCOUNT
000422	9443	INC SYSTEMP3
000423	9240 012F	STS SYSCHARCOUNT,SYSTEMP3
000425	E00A	LDI SYSTEMP4,LOW(STR)
000426	0E40	ADD SYSTEMP3,SYSTEMP4
000427	2DA4	MOV SYSSTRINGA,SYSTEMP3
000428	E000	LDI SYSTEMP4,0
000429	E011	LDI SYSTEMP5,HIGH(STR)
00042A	1F01	ADC SYSTEMP4,SYSTEMP5
00042B	2FB0	MOV SYSSTRINGA_H,SYSTEMP4
00042C	9040 0141	LDS SYSTEMP3,SYSSTRDATA
00042E	E300	LDI SYSTEMP4,48
00042F	0E40	ADD SYSTEMP3,SYSTEMP4
000430	924C	ST X,SYSTEMP3
000431	C00A	RJMP SYSVALTENS
		ENDIF11
000432	9160 0142	LDS SYSWORDTEMPA,SYSVALTEMP
000434	9170 0143	LDS SYSWORDTEMPA_H,SYSVALTEMP_H
000436	E0CA	LDI SYSWORDTEMPB,10
000437	E0D0	LDI SYSWORDTEMPB_H,0
000438	D04D	RCALL SYSCOMPLESSTHAN16
000439	9400	COM SYSBYTETEMPX
00043A	FE00	SBRS SYSBYTETEMPX,0
00043B	C01E	RJMP ENDIF12
		SYSVALTENS
00043C	9160 0142	LDS SYSWORDTEMPA,SYSVALTEMP
00043E	9170 0143	LDS SYSWORDTEMPA_H,SYSVALTEMP_H
000440	E0CA	LDI SYSWORDTEMPB,10
000441	E0D0	LDI SYSWORDTEMPB_H,0
000442	D069	RCALL SYSDIVSUB16
000443	9360 0141	STS SYSSTRDATA,SYSWORDTEMPA
000445	9200 0142	STS SYSVALTEMP,SYSCALCTEMPX
000447	9210 0143	STS SYSVALTEMP_H,SYSCALCTEMPX_H
000449	9040 012F	LDS SYSTEMP3,SYSCHARCOUNT
00044B	9443	INC SYSTEMP3
00044C	9240 012F	STS SYSCHARCOUNT,SYSTEMP3
00044E	E00A	LDI SYSTEMP4,LOW(STR)
00044F	0E40	ADD SYSTEMP3,SYSTEMP4
000450	2DA4	MOV SYSSTRINGA,SYSTEMP3
000451	E000	LDI SYSTEMP4,0
000452	E011	LDI SYSTEMP5,HIGH(STR)
000453	1F01	ADC SYSTEMP4,SYSTEMP5
000454	2FB0	MOV SYSSTRINGA_H,SYSTEMP4
000455	9040 0141	LDS SYSTEMP3,SYSSTRDATA
000457	E300	LDI SYSTEMP4,48
000458	0E40	ADD SYSTEMP3,SYSTEMP4
000459	924C	ST X,SYSTEMP3
		ENDIF12
00045A	9040 012F	LDS SYSTEMP3,SYSCHARCOUNT
00045C	9443	INC SYSTEMP3
00045D	9240 012F	STS SYSCHARCOUNT,SYSTEMP3
00045F	E00A	LDI SYSTEMP4,LOW(STR)
000460	0E40	ADD SYSTEMP3,SYSTEMP4
000461	2DA4	MOV SYSSTRINGA,SYSTEMP3
000462	E000	LDI SYSTEMP4,0
000463	E011	LDI SYSTEMP5,HIGH(STR)
000464	1F01	ADC SYSTEMP4,SYSTEMP5
000465	2FB0	MOV SYSSTRINGA_H,SYSTEMP4
000466	9040 0142	LDS SYSTEMP3,SYSVALTEMP
000468	E300	LDI SYSTEMP4,48
000469	0E40	ADD SYSTEMP3,SYSTEMP4
00046A	924C	ST X,SYSTEMP3
00046B	9200 0142	STS SYSVALTEMP,SYSCALCTEMPX
00046D	9210 0143	STS SYSVALTEMP_H,SYSCALCTEMPX_H
00046F	9150 012F	LDS SYSVALUECOPY,SYSCHARCOUNT
000471	9350 010A	STS SYSSTR_0,SYSVALUECOPY
000473	9508	RET


		SYSCOMPEQUAL16
000474	2400	CLR SYSBYTETEMPX
000475	176C	CP SYSWORDTEMPA, SYSWORDTEMPB
000476	F419	BRNE SCE16FALSE
000477	177D	CP SYSWORDTEMPA_H, SYSWORDTEMPB_H
000478	F409	BRNE SCE16FALSE
000479	9400	COM SYSBYTETEMPX
		SCE16FALSE
00047A	9508	RET


		SYSCOMPEQUAL32
00047B	2400	CLR SYSBYTETEMPX
00047C	176C	CP SYSLONGTEMPA, SYSLONGTEMPB
00047D	F439	BRNE SCE32FALSE
00047E	177D	CP SYSLONGTEMPA_H, SYSLONGTEMPB_H
00047F	F429	BRNE SCE32FALSE
000480	178E	CP SYSLONGTEMPA_U, SYSLONGTEMPB_U
000481	F419	BRNE SCE32FALSE
000482	179F	CP SYSLONGTEMPA_E, SYSLONGTEMPB_E
000483	F409	BRNE SCE32FALSE
000484	9400	COM SYSBYTETEMPX
		SCE32FALSE
000485	9508	RET


		SYSCOMPLESSTHAN16
000486	2400	CLR SYSBYTETEMPX
000487	17D7	CP SYSWORDTEMPB_H,SYSWORDTEMPA_H
000488	F030	BRLO SCLT16FALSE
000489	177D	CP SYSWORDTEMPA_H,SYSWORDTEMPB_H
00048A	F018	BRLO SCLT16TRUE
00048B	176C	CP SYSWORDTEMPA,SYSWORDTEMPB
00048C	F008	BRLO SCLT16TRUE
00048D	9508	RET
		SCLT16TRUE
00048E	9400	COM SYSBYTETEMPX
		SCLT16FALSE
00048F	9508	RET


		SYSCOMPLESSTHAN32
000490	2400	CLR SYSBYTETEMPX
000491	17F9	CP SYSLONGTEMPB_E,SYSLONGTEMPA_E
000492	F058	BRLO SCLT32FALSE
000493	F449	BRNE SCLT32TRUE
000494	17E8	CP SYSLONGTEMPB_U,SYSLONGTEMPA_U
000495	F040	BRLO SCLT32FALSE
000496	F431	BRNE SCLT32TRUE
000497	17D7	CP SYSLONGTEMPB_H,SYSLONGTEMPA_H
000498	F028	BRLO SCLT32FALSE
000499	F419	BRNE SCLT32TRUE
00049A	176C	CP SYSLONGTEMPA,SYSLONGTEMPB
00049B	F008	BRLO SCLT32TRUE
00049C	9508	RET
		SCLT32TRUE
00049D	9400	COM SYSBYTETEMPX
		SCLT32FALSE
00049E	9508	RET


		SYSCOPYSTRING
00049F	916D	LD SYSCALCTEMPA, X+
0004A0	9369	ST Y+, SYSCALCTEMPA
0004A1	C002	RJMP SYSCOPYSTRINGCHECK
		SYSCOPYSTRINGPART
0004A2	916D	LD SYSCALCTEMPA, X+
0004A3	0F96	ADD SYSSTRINGLENGTH, SYSCALCTEMPA
		SYSCOPYSTRINGCHECK
0004A4	3060	CPI SYSCALCTEMPA,0
0004A5	F409	BRNE SYSSTRINGCOPY
0004A6	9508	RET
		SYSSTRINGCOPY
0004A7	91ED	LD SYSREADA, X+
0004A8	93E9	ST Y+, SYSREADA
0004A9	956A	DEC SYSCALCTEMPA
0004AA	F7E1	BRNE SYSSTRINGCOPY
0004AB	9508	RET


		SYSDIVSUB16
0004AC	2F86	MOV SYSDIVMULTA,SYSWORDTEMPA
0004AD	2F97	MOV SYSDIVMULTA_H,SYSWORDTEMPA_H
0004AE	2FEC	MOV SYSDIVMULTB,SYSWORDTEMPB
0004AF	2FFD	MOV SYSDIVMULTB_H,SYSWORDTEMPB_H
0004B0	E050	LDI SYSVALUECOPY,0
0004B1	2E25	MOV SYSDIVMULTX,SYSVALUECOPY
0004B2	E050	LDI SYSVALUECOPY,0
0004B3	2E35	MOV SYSDIVMULTX_H,SYSVALUECOPY
0004B4	2F6E	MOV SYSWORDTEMPA,SYSDIVMULTB
0004B5	2F7F	MOV SYSWORDTEMPA_H,SYSDIVMULTB_H
0004B6	E0C0	LDI SYSWORDTEMPB,0
0004B7	E0D0	LDI SYSWORDTEMPB_H,0
0004B8	DFBB	RCALL SYSCOMPEQUAL16
0004B9	FE00	SBRS SYSBYTETEMPX,0
0004BA	C003	RJMP ENDIF5
0004BB	E060	LDI SYSWORDTEMPA,0
0004BC	E070	LDI SYSWORDTEMPA_H,0
0004BD	9508	RET
		ENDIF5
0004BE	E150	LDI SYSVALUECOPY,16
0004BF	2E55	MOV SYSDIVLOOP,SYSVALUECOPY
		SYSDIV16START
0004C0	9488	CLC
0004C1	1F88	ROL SYSDIVMULTA
0004C2	1F99	ROL SYSDIVMULTA_H
0004C3	1C22	ROL SYSDIVMULTX
0004C4	1C33	ROL SYSDIVMULTX_H
0004C5	2C42	MOV SYSTEMP3,SYSDIVMULTX
0004C6	1A4E	SUB SYSTEMP3,SYSDIVMULTB
0004C7	2C24	MOV SYSDIVMULTX,SYSTEMP3
0004C8	2C43	MOV SYSTEMP3,SYSDIVMULTX_H
0004C9	0A4F	SBC SYSTEMP3,SYSDIVMULTB_H
0004CA	2C34	MOV SYSDIVMULTX_H,SYSTEMP3
0004CB	6081	SBR  SYSDIVMULTA,1<<0
0004CC	F438	BRBC C,ENDIF6
0004CD	7F8E	CBR  SYSDIVMULTA,1<<0
0004CE	2C42	MOV SYSTEMP3,SYSDIVMULTX
0004CF	0E4E	ADD SYSTEMP3,SYSDIVMULTB
0004D0	2C24	MOV SYSDIVMULTX,SYSTEMP3
0004D1	2C43	MOV SYSTEMP3,SYSDIVMULTX_H
0004D2	1E4F	ADC SYSTEMP3,SYSDIVMULTB_H
0004D3	2C34	MOV SYSDIVMULTX_H,SYSTEMP3
		ENDIF6
0004D4	945A	DEC SYSDIVLOOP
0004D5	F751	BRNE SYSDIV16START
0004D6	2F68	MOV SYSWORDTEMPA,SYSDIVMULTA
0004D7	2F79	MOV SYSWORDTEMPA_H,SYSDIVMULTA_H
0004D8	2C02	MOV SYSWORDTEMPX,SYSDIVMULTX
0004D9	2C13	MOV SYSWORDTEMPX_H,SYSDIVMULTX_H
0004DA	9508	RET


		SYSDIVSUB32
0004DB	9360 0131	STS SYSLONGDIVMULTA,SYSLONGTEMPA
0004DD	9370 0132	STS SYSLONGDIVMULTA_H,SYSLONGTEMPA_H
0004DF	9380 0133	STS SYSLONGDIVMULTA_U,SYSLONGTEMPA_U
0004E1	9390 0134	STS SYSLONGDIVMULTA_E,SYSLONGTEMPA_E
0004E3	93C0 0135	STS SYSLONGDIVMULTB,SYSLONGTEMPB
0004E5	93D0 0136	STS SYSLONGDIVMULTB_H,SYSLONGTEMPB_H
0004E7	93E0 0137	STS SYSLONGDIVMULTB_U,SYSLONGTEMPB_U
0004E9	93F0 0138	STS SYSLONGDIVMULTB_E,SYSLONGTEMPB_E
0004EB	E050	LDI SYSVALUECOPY,0
0004EC	9350 0139	STS SYSLONGDIVMULTX,SYSVALUECOPY
0004EE	9350 013A	STS SYSLONGDIVMULTX_H,SYSVALUECOPY
0004F0	9350 013B	STS SYSLONGDIVMULTX_U,SYSVALUECOPY
0004F2	9350 013C	STS SYSLONGDIVMULTX_E,SYSVALUECOPY
0004F4	9160 0135	LDS SYSLONGTEMPA,SYSLONGDIVMULTB
0004F6	9170 0136	LDS SYSLONGTEMPA_H,SYSLONGDIVMULTB_H
0004F8	9180 0137	LDS SYSLONGTEMPA_U,SYSLONGDIVMULTB_U
0004FA	9190 0138	LDS SYSLONGTEMPA_E,SYSLONGDIVMULTB_E
0004FC	E0C0	LDI SYSLONGTEMPB,0
0004FD	E0D0	LDI SYSLONGTEMPB_H,0
0004FE	E0E0	LDI SYSLONGTEMPB_U,0
0004FF	E0F0	LDI SYSLONGTEMPB_E,0
000500	DF7A	RCALL SYSCOMPEQUAL32
000501	FE00	SBRS SYSBYTETEMPX,0
000502	C005	RJMP ENDIF7
000503	E060	LDI SYSLONGTEMPA,0
000504	E070	LDI SYSLONGTEMPA_H,0
000505	E080	LDI SYSLONGTEMPA_U,0
000506	E090	LDI SYSLONGTEMPA_E,0
000507	9508	RET
		ENDIF7
000508	E250	LDI SYSVALUECOPY,32
000509	2E55	MOV SYSDIVLOOP,SYSVALUECOPY
		SYSDIV32START
00050A	9488	CLC
00050B	9150 0131	LDS SYSVALUECOPY,SYSLONGDIVMULTA
00050D	1F55	ROL SYSVALUECOPY
00050E	9350 0131	STS SYSLONGDIVMULTA,SYSVALUECOPY
000510	9150 0132	LDS SYSVALUECOPY,SYSLONGDIVMULTA_H
000512	1F55	ROL SYSVALUECOPY
000513	9350 0132	STS SYSLONGDIVMULTA_H,SYSVALUECOPY
000515	9150 0133	LDS SYSVALUECOPY,SYSLONGDIVMULTA_U
000517	1F55	ROL SYSVALUECOPY
000518	9350 0133	STS SYSLONGDIVMULTA_U,SYSVALUECOPY
00051A	9150 0134	LDS SYSVALUECOPY,SYSLONGDIVMULTA_E
00051C	1F55	ROL SYSVALUECOPY
00051D	9350 0134	STS SYSLONGDIVMULTA_E,SYSVALUECOPY
00051F	9150 0139	LDS SYSVALUECOPY,SYSLONGDIVMULTX
000521	1F55	ROL SYSVALUECOPY
000522	9350 0139	STS SYSLONGDIVMULTX,SYSVALUECOPY
000524	9150 013A	LDS SYSVALUECOPY,SYSLONGDIVMULTX_H
000526	1F55	ROL SYSVALUECOPY
000527	9350 013A	STS SYSLONGDIVMULTX_H,SYSVALUECOPY
000529	9150 013B	LDS SYSVALUECOPY,SYSLONGDIVMULTX_U
00052B	1F55	ROL SYSVALUECOPY
00052C	9350 013B	STS SYSLONGDIVMULTX_U,SYSVALUECOPY
00052E	9150 013C	LDS SYSVALUECOPY,SYSLONGDIVMULTX_E
000530	1F55	ROL SYSVALUECOPY
000531	9350 013C	STS SYSLONGDIVMULTX_E,SYSVALUECOPY
000533	9040 0139	LDS SYSTEMP3,SYSLONGDIVMULTX
000535	9060 0135	LDS SYSTEMP1,SYSLONGDIVMULTB
000537	1846	SUB SYSTEMP3,SYSTEMP1
000538	9240 0139	STS SYSLONGDIVMULTX,SYSTEMP3
00053A	9040 013A	LDS SYSTEMP3,SYSLONGDIVMULTX_H
00053C	9060 0136	LDS SYSTEMP1,SYSLONGDIVMULTB_H
00053E	0846	SBC SYSTEMP3,SYSTEMP1
00053F	9240 013A	STS SYSLONGDIVMULTX_H,SYSTEMP3
000541	9040 013B	LDS SYSTEMP3,SYSLONGDIVMULTX_U
000543	9060 0137	LDS SYSTEMP1,SYSLONGDIVMULTB_U
000545	0846	SBC SYSTEMP3,SYSTEMP1
000546	9240 013B	STS SYSLONGDIVMULTX_U,SYSTEMP3
000548	9040 013C	LDS SYSTEMP3,SYSLONGDIVMULTX_E
00054A	9060 0138	LDS SYSTEMP1,SYSLONGDIVMULTB_E
00054C	0846	SBC SYSTEMP3,SYSTEMP1
00054D	9240 013C	STS SYSLONGDIVMULTX_E,SYSTEMP3
00054F	9150 0131	LDS SYSVALUECOPY,SYSLONGDIVMULTA
000551	6051	SBR SYSVALUECOPY,1<<0
000552	9350 0131	STS SYSLONGDIVMULTA,SYSVALUECOPY
000554	F508	BRBC C,ENDIF8
000555	9150 0131	LDS SYSVALUECOPY,SYSLONGDIVMULTA
000557	7F5E	CBR SYSVALUECOPY,1<<0
000558	9350 0131	STS SYSLONGDIVMULTA,SYSVALUECOPY
00055A	9040 0139	LDS SYSTEMP3,SYSLONGDIVMULTX
00055C	9060 0135	LDS SYSTEMP1,SYSLONGDIVMULTB
00055E	0C46	ADD SYSTEMP3,SYSTEMP1
00055F	9240 0139	STS SYSLONGDIVMULTX,SYSTEMP3
000561	9040 013A	LDS SYSTEMP3,SYSLONGDIVMULTX_H
000563	9060 0136	LDS SYSTEMP1,SYSLONGDIVMULTB_H
000565	1C46	ADC SYSTEMP3,SYSTEMP1
000566	9240 013A	STS SYSLONGDIVMULTX_H,SYSTEMP3
000568	9040 013B	LDS SYSTEMP3,SYSLONGDIVMULTX_U
00056A	9060 0137	LDS SYSTEMP1,SYSLONGDIVMULTB_U
00056C	1C46	ADC SYSTEMP3,SYSTEMP1
00056D	9240 013B	STS SYSLONGDIVMULTX_U,SYSTEMP3
00056F	9040 013C	LDS SYSTEMP3,SYSLONGDIVMULTX_E
000571	9060 0138	LDS SYSTEMP1,SYSLONGDIVMULTB_E
000573	1C46	ADC SYSTEMP3,SYSTEMP1
000574	9240 013C	STS SYSLONGDIVMULTX_E,SYSTEMP3
		ENDIF8
000576	945A	DEC SYSDIVLOOP
000577	F009	BREQ SYSDIV32END
000578	CF91	RJMP SYSDIV32START
		SYSDIV32END
000579	9160 0131	LDS SYSLONGTEMPA,SYSLONGDIVMULTA
00057B	9170 0132	LDS SYSLONGTEMPA_H,SYSLONGDIVMULTA_H
00057D	9180 0133	LDS SYSLONGTEMPA_U,SYSLONGDIVMULTA_U
00057F	9190 0134	LDS SYSLONGTEMPA_E,SYSLONGDIVMULTA_E
000581	9000 0139	LDS SYSLONGTEMPX,SYSLONGDIVMULTX
000583	9010 013A	LDS SYSLONGTEMPX_H,SYSLONGDIVMULTX_H
000585	9020 013B	LDS SYSLONGTEMPX_U,SYSLONGDIVMULTX_U
000587	9030 013C	LDS SYSLONGTEMPX_E,SYSLONGDIVMULTX_E
000589	9508	RET


		SYSMULTSUB32
00058A	9360 0131	STS SYSLONGDIVMULTA,SYSLONGTEMPA
00058C	9370 0132	STS SYSLONGDIVMULTA_H,SYSLONGTEMPA_H
00058E	9380 0133	STS SYSLONGDIVMULTA_U,SYSLONGTEMPA_U
000590	9390 0134	STS SYSLONGDIVMULTA_E,SYSLONGTEMPA_E
000592	93C0 0135	STS SYSLONGDIVMULTB,SYSLONGTEMPB
000594	93D0 0136	STS SYSLONGDIVMULTB_H,SYSLONGTEMPB_H
000596	93E0 0137	STS SYSLONGDIVMULTB_U,SYSLONGTEMPB_U
000598	93F0 0138	STS SYSLONGDIVMULTB_E,SYSLONGTEMPB_E
00059A	E050	LDI SYSVALUECOPY,0
00059B	9350 0139	STS SYSLONGDIVMULTX,SYSVALUECOPY
00059D	9350 013A	STS SYSLONGDIVMULTX_H,SYSVALUECOPY
00059F	9350 013B	STS SYSLONGDIVMULTX_U,SYSVALUECOPY
0005A1	9350 013C	STS SYSLONGDIVMULTX_E,SYSVALUECOPY
		MUL32LOOP
0005A3	9050 0135	LDS SYSBITTEST,SYSLONGDIVMULTB
0005A5	FE50	SBRS SYSBITTEST,0
0005A6	C01C	RJMP ENDIF3
0005A7	9040 0139	LDS SYSTEMP3,SYSLONGDIVMULTX
0005A9	9060 0131	LDS SYSTEMP1,SYSLONGDIVMULTA
0005AB	0C46	ADD SYSTEMP3,SYSTEMP1
0005AC	9240 0139	STS SYSLONGDIVMULTX,SYSTEMP3
0005AE	9040 013A	LDS SYSTEMP3,SYSLONGDIVMULTX_H
0005B0	9060 0132	LDS SYSTEMP1,SYSLONGDIVMULTA_H
0005B2	1C46	ADC SYSTEMP3,SYSTEMP1
0005B3	9240 013A	STS SYSLONGDIVMULTX_H,SYSTEMP3
0005B5	9040 013B	LDS SYSTEMP3,SYSLONGDIVMULTX_U
0005B7	9060 0133	LDS SYSTEMP1,SYSLONGDIVMULTA_U
0005B9	1C46	ADC SYSTEMP3,SYSTEMP1
0005BA	9240 013B	STS SYSLONGDIVMULTX_U,SYSTEMP3
0005BC	9040 013C	LDS SYSTEMP3,SYSLONGDIVMULTX_E
0005BE	9060 0134	LDS SYSTEMP1,SYSLONGDIVMULTA_E
0005C0	1C46	ADC SYSTEMP3,SYSTEMP1
0005C1	9240 013C	STS SYSLONGDIVMULTX_E,SYSTEMP3
		ENDIF3
0005C3	9488	CLC
0005C4	9150 0138	LDS SYSVALUECOPY,SYSLONGDIVMULTB_E
0005C6	9557	ROR SYSVALUECOPY
0005C7	9350 0138	STS SYSLONGDIVMULTB_E,SYSVALUECOPY
0005C9	9150 0137	LDS SYSVALUECOPY,SYSLONGDIVMULTB_U
0005CB	9557	ROR SYSVALUECOPY
0005CC	9350 0137	STS SYSLONGDIVMULTB_U,SYSVALUECOPY
0005CE	9150 0136	LDS SYSVALUECOPY,SYSLONGDIVMULTB_H
0005D0	9557	ROR SYSVALUECOPY
0005D1	9350 0136	STS SYSLONGDIVMULTB_H,SYSVALUECOPY
0005D3	9150 0135	LDS SYSVALUECOPY,SYSLONGDIVMULTB
0005D5	9557	ROR SYSVALUECOPY
0005D6	9350 0135	STS SYSLONGDIVMULTB,SYSVALUECOPY
0005D8	9488	CLC
0005D9	9150 0131	LDS SYSVALUECOPY,SYSLONGDIVMULTA
0005DB	1F55	ROL SYSVALUECOPY
0005DC	9350 0131	STS SYSLONGDIVMULTA,SYSVALUECOPY
0005DE	9150 0132	LDS SYSVALUECOPY,SYSLONGDIVMULTA_H
0005E0	1F55	ROL SYSVALUECOPY
0005E1	9350 0132	STS SYSLONGDIVMULTA_H,SYSVALUECOPY
0005E3	9150 0133	LDS SYSVALUECOPY,SYSLONGDIVMULTA_U
0005E5	1F55	ROL SYSVALUECOPY
0005E6	9350 0133	STS SYSLONGDIVMULTA_U,SYSVALUECOPY
0005E8	9150 0134	LDS SYSVALUECOPY,SYSLONGDIVMULTA_E
0005EA	1F55	ROL SYSVALUECOPY
0005EB	9350 0134	STS SYSLONGDIVMULTA_E,SYSVALUECOPY
0005ED	91C0 0135	LDS SYSLONGTEMPB,SYSLONGDIVMULTB
0005EF	91D0 0136	LDS SYSLONGTEMPB_H,SYSLONGDIVMULTB_H
0005F1	91E0 0137	LDS SYSLONGTEMPB_U,SYSLONGDIVMULTB_U
0005F3	91F0 0138	LDS SYSLONGTEMPB_E,SYSLONGDIVMULTB_E
0005F5	E060	LDI SYSLONGTEMPA,0
0005F6	E070	LDI SYSLONGTEMPA_H,0
0005F7	E080	LDI SYSLONGTEMPA_U,0
0005F8	E090	LDI SYSLONGTEMPA_E,0
0005F9	DE96	RCALL SYSCOMPLESSTHAN32
0005FA	FC00	SBRC SYSBYTETEMPX,0
0005FB	CFA7	RJMP MUL32LOOP
		ENDIF4
0005FC	9000 0139	LDS SYSLONGTEMPX,SYSLONGDIVMULTX
0005FE	9010 013A	LDS SYSLONGTEMPX_H,SYSLONGDIVMULTX_H
000600	9020 013B	LDS SYSLONGTEMPX_U,SYSLONGDIVMULTX_U
000602	9030 013C	LDS SYSLONGTEMPX_E,SYSLONGDIVMULTX_E
000604	9508	RET


		SYSREADSTRING
000605	95C8	LPM
000606	2D60	MOV SYSCALCTEMPA, SYSCALCTEMPX
000607	95E3	INC SYSREADA
000608	F409	BRNE PC + 2
000609	95F3	INC SYSREADA_H
00060A	9369	ST Y+, SYSCALCTEMPA
00060B	C006	RJMP SYSSTRINGREADCHECK
		SYSREADSTRINGPART
00060C	95C8	LPM
00060D	2D60	MOV SYSCALCTEMPA, SYSCALCTEMPX
00060E	95E3	INC SYSREADA
00060F	F409	BRNE PC + 2
000610	95F3	INC SYSREADA_H
000611	0F96	ADD SYSSTRINGLENGTH, SYSCALCTEMPA
		SYSSTRINGREADCHECK
000612	3060	CPI SYSCALCTEMPA, 0
000613	F409	BRNE SYSSTRINGREAD
000614	9508	RET
		SYSSTRINGREAD
000615	95C8	LPM
000616	95E3	INC SYSREADA
000617	F409	BRNE PC + 2
000618	95F3	INC SYSREADA_H
000619	9209	ST Y+, SYSCALCTEMPX
00061A	956A	DEC SYSCALCTEMPA
00061B	F7C9	BRNE SYSSTRINGREAD
00061C	9508	RET


		SYSINTCONTEXTRESTORE
00061D	9040 0129	LDS SYSTEMP3,SAVESYSTEMP3
00061F	9150 0128	LDS SYSVALUECOPY,SAVESREG
000621	BF5F	OUT SREG,SYSVALUECOPY
000622	9150 012A	LDS SYSVALUECOPY,SAVESYSVALUECOPY
000624	9518	RETI


		SYSINTCONTEXTSAVE
000625	9350 012A	STS SAVESYSVALUECOPY,SYSVALUECOPY
000627	B75F	IN SYSVALUECOPY,SREG
000628	9350 0128	STS SAVESREG,SYSVALUECOPY
00062A	9240 0129	STS SAVESYSTEMP3,SYSTEMP3
00062C	9508	RET


		SYSSTRINGTABLES

		STRINGTABLE1
00062D	3001	RAW 3001


		STRINGTABLE2
00062E	4809 6D75 6469 7469 3D79	RAW 4809,6D75,6469,7469,3D79


		STRINGTABLE3
000633	2501	RAW 2501


		STRINGTABLE4
000634	5406 6D65 2070 003D	RAW 5406,6D65,2070,003D


		STRINGTABLE5
000638	2E01	RAW 2E01


		STRINGTABLE6
000639	2001	RAW 2001



