GCASM List File (GCBASIC 0.98.02 2018-05-10)

Symbols:
A 	EQU 	0
ABDEN 	EQU 	0
ABDOVF 	EQU 	7
ACCESS 	EQU 	0
ACKDT 	EQU 	5
ACKEN 	EQU 	4
ACKSTAT 	EQU 	6
ACKTIM 	EQU 	7
ACTCON 	EQU 	923
ACTEN 	EQU 	7
ACTIE 	EQU 	1
ACTIF 	EQU 	1
ACTLOCK 	EQU 	3
ACTORS 	EQU 	1
ACTSRC 	EQU 	4
ACTUD 	EQU 	6
ACTVIE 	EQU 	2
ACTVIF 	EQU 	2
ADCON0 	EQU 	157
ADCON1 	EQU 	158
ADCON2 	EQU 	159
ADCS0 	EQU 	4
ADCS1 	EQU 	5
ADCS2 	EQU 	6
ADDEN 	EQU 	3
ADDR0 	EQU 	0
ADDR1 	EQU 	1
ADDR2 	EQU 	2
ADDR3 	EQU 	3
ADDR4 	EQU 	4
ADDR5 	EQU 	5
ADDR6 	EQU 	6
ADFM 	EQU 	7
ADFVR0 	EQU 	0
ADFVR1 	EQU 	1
ADGO 	EQU 	1
ADIE 	EQU 	6
ADIF 	EQU 	6
ADON 	EQU 	0
ADPREF0 	EQU 	0
ADPREF1 	EQU 	1
ADRES 	EQU 	155
ADRESH 	EQU 	156
ADRESL 	EQU 	155
AHEN 	EQU 	1
ANSA4 	EQU 	4
ANSB4 	EQU 	4
ANSB5 	EQU 	5
ANSC0 	EQU 	0
ANSC1 	EQU 	1
ANSC2 	EQU 	2
ANSC3 	EQU 	3
ANSC6 	EQU 	6
ANSC7 	EQU 	7
ANSELA 	EQU 	396
ANSELB 	EQU 	397
ANSELC 	EQU 	398
APFCON 	EQU 	285
B 	EQU 	1
BANKED 	EQU 	1
BASPROGRAMEND 	EQU 	6
BASPROGRAMSTART 	EQU 	5
BAUDCON 	EQU 	415
BCL1IE 	EQU 	3
BCL1IF 	EQU 	3
BF 	EQU 	0
BOEN 	EQU 	4
BORCON 	EQU 	278
BORFS 	EQU 	6
BORRDY 	EQU 	0
BRG16 	EQU 	3
BRGH 	EQU 	2
BSR 	EQU 	8
BSR0 	EQU 	0
BSR1 	EQU 	1
BSR2 	EQU 	2
BSR3 	EQU 	3
BSR4 	EQU 	4
BSR_SHAD 	EQU 	4070
BTOEE 	EQU 	4
BTOEF 	EQU 	4
BTSEE 	EQU 	7
BTSEF 	EQU 	7
C 	EQU 	0
C1HYS 	EQU 	1
C1IE 	EQU 	5
C1IF 	EQU 	5
C1INTN 	EQU 	6
C1INTP 	EQU 	7
C1NCH0 	EQU 	0
C1NCH1 	EQU 	1
C1NCH2 	EQU 	2
C1OE 	EQU 	5
C1ON 	EQU 	7
C1OUT 	EQU 	6
C1PCH0 	EQU 	4
C1PCH1 	EQU 	5
C1POL 	EQU 	4
C1SP 	EQU 	2
C1SYNC 	EQU 	0
C2HYS 	EQU 	1
C2IE 	EQU 	6
C2IF 	EQU 	6
C2INTN 	EQU 	6
C2INTP 	EQU 	7
C2NCH0 	EQU 	0
C2NCH1 	EQU 	1
C2NCH2 	EQU 	2
C2OE 	EQU 	5
C2ON 	EQU 	7
C2OUT 	EQU 	6
C2PCH0 	EQU 	4
C2PCH1 	EQU 	5
C2POL 	EQU 	4
C2SP 	EQU 	2
C2SYNC 	EQU 	0
CDAFVR0 	EQU 	2
CDAFVR1 	EQU 	3
CFGS 	EQU 	6
CHS0 	EQU 	2
CHS1 	EQU 	3
CHS2 	EQU 	4
CHS3 	EQU 	5
CHS4 	EQU 	6
CKE 	EQU 	6
CKP 	EQU 	4
CLKRCD0 	EQU 	3
CLKRCD1 	EQU 	4
CLKRCON 	EQU 	922
CLKRDIV0 	EQU 	0
CLKRDIV1 	EQU 	1
CLKRDIV2 	EQU 	2
CLKREN 	EQU 	7
CLKROE 	EQU 	6
CLKRSEL 	EQU 	7
CLKRSLR 	EQU 	5
CM1CON0 	EQU 	273
CM1CON1 	EQU 	274
CM2CON0 	EQU 	275
CM2CON1 	EQU 	276
CMOUT 	EQU 	277
CRC16EE 	EQU 	2
CRC16EF 	EQU 	2
CRC5EE 	EQU 	1
CRC5EF 	EQU 	1
CREN 	EQU 	4
CSRC 	EQU 	7
CWG1CON0 	EQU 	1683
CWG1CON1 	EQU 	1684
CWG1CON2 	EQU 	1685
CWG1DBF 	EQU 	1682
CWG1DBF0 	EQU 	0
CWG1DBF1 	EQU 	1
CWG1DBF2 	EQU 	2
CWG1DBF3 	EQU 	3
CWG1DBF4 	EQU 	4
CWG1DBF5 	EQU 	5
CWG1DBR 	EQU 	1681
CWG1DBR0 	EQU 	0
CWG1DBR1 	EQU 	1
CWG1DBR2 	EQU 	2
CWG1DBR3 	EQU 	3
CWG1DBR4 	EQU 	4
CWG1DBR5 	EQU 	5
D1PSS0 	EQU 	2
D1PSS1 	EQU 	3
DACCON0 	EQU 	280
DACCON1 	EQU 	281
DACEN 	EQU 	7
DACOE1 	EQU 	5
DACOE2 	EQU 	4
DACR0 	EQU 	0
DACR1 	EQU 	1
DACR2 	EQU 	2
DACR3 	EQU 	3
DACR4 	EQU 	4
DC 	EQU 	1
DFN8EE 	EQU 	3
DFN8EF 	EQU 	3
DHEN 	EQU 	0
DIR 	EQU 	2
D_NOT_A 	EQU 	5
ENDP0 	EQU 	3
ENDP1 	EQU 	4
ENDP2 	EQU 	5
ENDP3 	EQU 	6
EPCONDIS 	EQU 	3
EPHSHK 	EQU 	4
EPINEN 	EQU 	1
EPOUTEN 	EQU 	2
EPSTALL 	EQU 	0
F 	EQU 	1
FERR 	EQU 	2
FREE 	EQU 	4
FRM0 	EQU 	0
FRM1 	EQU 	1
FRM10 	EQU 	2
FRM2 	EQU 	2
FRM3 	EQU 	3
FRM4 	EQU 	4
FRM5 	EQU 	5
FRM6 	EQU 	6
FRM7 	EQU 	7
FRM8 	EQU 	0
FRM9 	EQU 	1
FSEN 	EQU 	2
FSR0 	EQU 	4
FSR0H 	EQU 	5
FSR0H_SHAD 	EQU 	4073
FSR0L 	EQU 	4
FSR0L_SHAD 	EQU 	4072
FSR1 	EQU 	6
FSR1H 	EQU 	7
FSR1H_SHAD 	EQU 	4075
FSR1L 	EQU 	6
FSR1L_SHAD 	EQU 	4074
FVRCON 	EQU 	279
FVREN 	EQU 	7
FVRRDY 	EQU 	6
G1ARSEN 	EQU 	6
G1ASDLA0 	EQU 	4
G1ASDLA1 	EQU 	5
G1ASDLB0 	EQU 	6
G1ASDLB1 	EQU 	7
G1ASDSC1 	EQU 	2
G1ASDSC2 	EQU 	3
G1ASDSFLT 	EQU 	1
G1ASE 	EQU 	7
G1CS0 	EQU 	0
G1EN 	EQU 	7
G1IS0 	EQU 	0
G1IS1 	EQU 	1
G1OEA 	EQU 	5
G1OEB 	EQU 	6
G1POLA 	EQU 	3
G1POLB 	EQU 	4
GCEN 	EQU 	7
GIE 	EQU 	7
GO 	EQU 	1
GO_DONE 	EQU 	1
GO_NOT_DONE 	EQU 	1
HFIOFR 	EQU 	4
HFIOFS 	EQU 	0
IDLEIE 	EQU 	4
IDLEIF 	EQU 	4
INDF0 	EQU 	0
INDF1 	EQU 	1
INITSYS 	EQU 	8
INTCON 	EQU 	11
INTE 	EQU 	4
INTEDG 	EQU 	6
INTF 	EQU 	1
IOCAF 	EQU 	915
IOCAF0 	EQU 	0
IOCAF1 	EQU 	1
IOCAF3 	EQU 	3
IOCAF4 	EQU 	4
IOCAF5 	EQU 	5
IOCAN 	EQU 	914
IOCAN0 	EQU 	0
IOCAN1 	EQU 	1
IOCAN3 	EQU 	3
IOCAN4 	EQU 	4
IOCAN5 	EQU 	5
IOCAP 	EQU 	913
IOCAP0 	EQU 	0
IOCAP1 	EQU 	1
IOCAP3 	EQU 	3
IOCAP4 	EQU 	4
IOCAP5 	EQU 	5
IOCBF 	EQU 	918
IOCBF4 	EQU 	4
IOCBF5 	EQU 	5
IOCBF6 	EQU 	6
IOCBF7 	EQU 	7
IOCBN 	EQU 	917
IOCBN4 	EQU 	4
IOCBN5 	EQU 	5
IOCBN6 	EQU 	6
IOCBN7 	EQU 	7
IOCBP 	EQU 	916
IOCBP4 	EQU 	4
IOCBP5 	EQU 	5
IOCBP6 	EQU 	6
IOCBP7 	EQU 	7
IOCIE 	EQU 	3
IOCIF 	EQU 	0
IRCF0 	EQU 	2
IRCF1 	EQU 	3
IRCF2 	EQU 	4
IRCF3 	EQU 	5
LATA 	EQU 	268
LATA4 	EQU 	4
LATA5 	EQU 	5
LATB 	EQU 	269
LATB4 	EQU 	4
LATB5 	EQU 	5
LATB6 	EQU 	6
LATB7 	EQU 	7
LATC 	EQU 	270
LATC0 	EQU 	0
LATC1 	EQU 	1
LATC2 	EQU 	2
LATC3 	EQU 	3
LATC4 	EQU 	4
LATC5 	EQU 	5
LATC6 	EQU 	6
LATC7 	EQU 	7
LFIOFR 	EQU 	1
LWLO 	EQU 	5
MC1OUT 	EQU 	0
MC2OUT 	EQU 	1
NOT_BOR 	EQU 	0
NOT_PD 	EQU 	3
NOT_POR 	EQU 	1
NOT_RI 	EQU 	2
NOT_RMCLR 	EQU 	3
NOT_RWDT 	EQU 	4
NOT_T1SYNC 	EQU 	2
NOT_TO 	EQU 	4
NOT_WPUEN 	EQU 	7
OERR 	EQU 	1
OPTION_REG 	EQU 	149
OSCCON 	EQU 	153
OSCSTAT 	EQU 	154
OSCTUNE 	EQU 	152
OSFIE 	EQU 	7
OSFIF 	EQU 	7
OSTS 	EQU 	5
P 	EQU 	4
PCIE 	EQU 	6
PCL 	EQU 	2
PCLATH 	EQU 	10
PCLATH_SHAD 	EQU 	4071
PCON 	EQU 	150
PEIE 	EQU 	6
PEN 	EQU 	2
PIDEE 	EQU 	0
PIDEF 	EQU 	0
PIE1 	EQU 	145
PIE2 	EQU 	146
PIR1 	EQU 	17
PIR2 	EQU 	18
PKTDIS 	EQU 	4
PLLRDY 	EQU 	6
PMADR 	EQU 	401
PMADRH 	EQU 	402
PMADRL 	EQU 	401
PMCON1 	EQU 	405
PMCON2 	EQU 	406
PMDAT 	EQU 	403
PMDATH 	EQU 	404
PMDATL 	EQU 	403
PORTA 	EQU 	12
PORTB 	EQU 	13
PORTC 	EQU 	14
PPB0 	EQU 	0
PPB1 	EQU 	1
PPBI 	EQU 	1
PPBRST 	EQU 	6
PR2 	EQU 	27
PS0 	EQU 	0
PS1 	EQU 	1
PS2 	EQU 	2
PSA 	EQU 	3
PWM1CON 	EQU 	1555
PWM1CON0 	EQU 	1555
PWM1CON0_PWM1EN 	EQU 	7
PWM1CON0_PWM1OE 	EQU 	6
PWM1CON0_PWM1OUT 	EQU 	5
PWM1CON0_PWM1POL 	EQU 	4
PWM1DCH 	EQU 	1554
PWM1DCH0 	EQU 	0
PWM1DCH1 	EQU 	1
PWM1DCH2 	EQU 	2
PWM1DCH3 	EQU 	3
PWM1DCH4 	EQU 	4
PWM1DCH5 	EQU 	5
PWM1DCH6 	EQU 	6
PWM1DCH7 	EQU 	7
PWM1DCL 	EQU 	1553
PWM1DCL0 	EQU 	6
PWM1DCL1 	EQU 	7
PWM1EN 	EQU 	7
PWM1OE 	EQU 	6
PWM1OUT 	EQU 	5
PWM1POL 	EQU 	4
PWM2CON 	EQU 	1558
PWM2CON0 	EQU 	1558
PWM2CON0_PWM2EN 	EQU 	7
PWM2CON0_PWM2OE 	EQU 	6
PWM2CON0_PWM2OUT 	EQU 	5
PWM2CON0_PWM2POL 	EQU 	4
PWM2DCH 	EQU 	1557
PWM2DCH0 	EQU 	0
PWM2DCH1 	EQU 	1
PWM2DCH2 	EQU 	2
PWM2DCH3 	EQU 	3
PWM2DCH4 	EQU 	4
PWM2DCH5 	EQU 	5
PWM2DCH6 	EQU 	6
PWM2DCH7 	EQU 	7
PWM2DCL 	EQU 	1556
PWM2DCL0 	EQU 	6
PWM2DCL1 	EQU 	7
PWM2EN 	EQU 	7
PWM2OE 	EQU 	6
PWM2OUT 	EQU 	5
PWM2POL 	EQU 	4
RA0 	EQU 	0
RA1 	EQU 	1
RA3 	EQU 	3
RA4 	EQU 	4
RA5 	EQU 	5
RB4 	EQU 	4
RB5 	EQU 	5
RB6 	EQU 	6
RB7 	EQU 	7
RC0 	EQU 	0
RC1 	EQU 	1
RC2 	EQU 	2
RC3 	EQU 	3
RC4 	EQU 	4
RC5 	EQU 	5
RC6 	EQU 	6
RC7 	EQU 	7
RCEN 	EQU 	3
RCIDL 	EQU 	6
RCIE 	EQU 	5
RCIF 	EQU 	5
RCREG 	EQU 	409
RCSTA 	EQU 	413
RD 	EQU 	0
RESUME 	EQU 	2
RSEN 	EQU 	1
RX9 	EQU 	6
RX9D 	EQU 	0
R_NOT_W 	EQU 	2
S 	EQU 	3
SBCDE 	EQU 	2
SBOREN 	EQU 	7
SCIE 	EQU 	5
SCKP 	EQU 	4
SCS0 	EQU 	0
SCS1 	EQU 	1
SDAHT 	EQU 	3
SE0 	EQU 	5
SEN 	EQU 	0
SENDB 	EQU 	3
SMP 	EQU 	7
SOFIE 	EQU 	6
SOFIF 	EQU 	6
SOSCR 	EQU 	7
SPBRG 	EQU 	411
SPBRGH 	EQU 	412
SPBRGL 	EQU 	411
SPEN 	EQU 	7
SPLLEN 	EQU 	7
SPLLMULT 	EQU 	6
SREN 	EQU 	5
SSP1ADD 	EQU 	530
SSP1BUF 	EQU 	529
SSP1CON1 	EQU 	533
SSP1CON2 	EQU 	534
SSP1CON3 	EQU 	535
SSP1EN 	EQU 	5
SSP1IE 	EQU 	3
SSP1IF 	EQU 	3
SSP1M0 	EQU 	0
SSP1M1 	EQU 	1
SSP1M2 	EQU 	2
SSP1M3 	EQU 	3
SSP1MSK 	EQU 	531
SSP1OV 	EQU 	6
SSP1STAT 	EQU 	532
SSPADD 	EQU 	530
SSPBUF 	EQU 	529
SSPCON 	EQU 	533
SSPCON1 	EQU 	533
SSPCON1_CKP 	EQU 	4
SSPCON1_SSP1EN 	EQU 	5
SSPCON1_SSP1M0 	EQU 	0
SSPCON1_SSP1M1 	EQU 	1
SSPCON1_SSP1M2 	EQU 	2
SSPCON1_SSP1M3 	EQU 	3
SSPCON1_SSP1OV 	EQU 	6
SSPCON1_SSPEN 	EQU 	5
SSPCON1_SSPOV 	EQU 	6
SSPCON1_WCOL 	EQU 	7
SSPCON2 	EQU 	534
SSPCON2_ACKDT 	EQU 	5
SSPCON2_ACKEN 	EQU 	4
SSPCON2_ACKSTAT 	EQU 	6
SSPCON2_GCEN 	EQU 	7
SSPCON2_PEN 	EQU 	2
SSPCON2_RCEN 	EQU 	3
SSPCON2_RSEN 	EQU 	1
SSPCON2_SEN 	EQU 	0
SSPCON3 	EQU 	535
SSPCON3_ACKTIM 	EQU 	7
SSPCON3_AHEN 	EQU 	1
SSPCON3_BOEN 	EQU 	4
SSPCON3_DHEN 	EQU 	0
SSPCON3_PCIE 	EQU 	6
SSPCON3_SBCDE 	EQU 	2
SSPCON3_SCIE 	EQU 	5
SSPCON3_SDAHT 	EQU 	3
SSPCON_CKP 	EQU 	4
SSPCON_SSP1EN 	EQU 	5
SSPCON_SSP1M0 	EQU 	0
SSPCON_SSP1M1 	EQU 	1
SSPCON_SSP1M2 	EQU 	2
SSPCON_SSP1M3 	EQU 	3
SSPCON_SSP1OV 	EQU 	6
SSPCON_SSPEN 	EQU 	5
SSPCON_SSPOV 	EQU 	6
SSPCON_WCOL 	EQU 	7
SSPEN 	EQU 	5
SSPMSK 	EQU 	531
SSPOV 	EQU 	6
SSPSTAT 	EQU 	532
SSPSTAT_BF 	EQU 	0
SSPSTAT_CKE 	EQU 	6
SSPSTAT_D_NOT_A 	EQU 	5
SSPSTAT_P 	EQU 	4
SSPSTAT_R_NOT_W 	EQU 	2
SSPSTAT_S 	EQU 	3
SSPSTAT_SMP 	EQU 	7
SSPSTAT_UA 	EQU 	1
SSSEL 	EQU 	5
STALLIE 	EQU 	5
STALLIF 	EQU 	5
STATUS 	EQU 	3
STATUS_SHAD 	EQU 	4068
STATUS_SHAD_C 	EQU 	0
STATUS_SHAD_DC 	EQU 	1
STATUS_SHAD_Z 	EQU 	2
STKOVF 	EQU 	7
STKPTR 	EQU 	4077
STKUNF 	EQU 	6
SUSPND 	EQU 	1
SWDTEN 	EQU 	0
SYNC 	EQU 	4
T0CS 	EQU 	5
T0IE 	EQU 	5
T0IF 	EQU 	2
T0SE 	EQU 	4
T1CKPS0 	EQU 	4
T1CKPS1 	EQU 	5
T1CON 	EQU 	24
T1GCON 	EQU 	25
T1GGO_NOT_DONE 	EQU 	3
T1GPOL 	EQU 	6
T1GSEL 	EQU 	3
T1GSPM 	EQU 	4
T1GSS0 	EQU 	0
T1GSS1 	EQU 	1
T1GTM 	EQU 	5
T1GVAL 	EQU 	2
T1OSCEN 	EQU 	3
T2CKPS0 	EQU 	0
T2CKPS1 	EQU 	1
T2CON 	EQU 	28
T2OUTPS0 	EQU 	3
T2OUTPS1 	EQU 	4
T2OUTPS2 	EQU 	5
T2OUTPS3 	EQU 	6
TMR0 	EQU 	21
TMR0CS 	EQU 	5
TMR0IE 	EQU 	5
TMR0IF 	EQU 	2
TMR0SE 	EQU 	4
TMR1 	EQU 	22
TMR1CS0 	EQU 	6
TMR1CS1 	EQU 	7
TMR1GE 	EQU 	7
TMR1GIE 	EQU 	7
TMR1GIF 	EQU 	7
TMR1H 	EQU 	23
TMR1IE 	EQU 	0
TMR1IF 	EQU 	0
TMR1L 	EQU 	22
TMR1ON 	EQU 	0
TMR2 	EQU 	26
TMR2IE 	EQU 	1
TMR2IF 	EQU 	1
TMR2ON 	EQU 	2
TOSH 	EQU 	4079
TOSL 	EQU 	4078
TRIGSEL0 	EQU 	4
TRIGSEL1 	EQU 	5
TRIGSEL2 	EQU 	6
TRISA 	EQU 	140
TRISA4 	EQU 	4
TRISA5 	EQU 	5
TRISB 	EQU 	141
TRISB4 	EQU 	4
TRISB5 	EQU 	5
TRISB6 	EQU 	6
TRISB7 	EQU 	7
TRISC 	EQU 	142
TRISC0 	EQU 	0
TRISC1 	EQU 	1
TRISC2 	EQU 	2
TRISC3 	EQU 	3
TRISC4 	EQU 	4
TRISC5 	EQU 	5
TRISC6 	EQU 	6
TRISC7 	EQU 	7
TRMT 	EQU 	1
TRNIE 	EQU 	3
TRNIF 	EQU 	3
TUN0 	EQU 	0
TUN1 	EQU 	1
TUN2 	EQU 	2
TUN3 	EQU 	3
TUN4 	EQU 	4
TUN5 	EQU 	5
TUN6 	EQU 	6
TX9 	EQU 	6
TX9D 	EQU 	0
TXEN 	EQU 	5
TXIE 	EQU 	4
TXIF 	EQU 	4
TXREG 	EQU 	410
TXSTA 	EQU 	414
UA 	EQU 	1
UADDR 	EQU 	3734
UCFG 	EQU 	3729
UCON 	EQU 	3726
UEIE 	EQU 	3735
UEIR 	EQU 	3731
UEP0 	EQU 	3736
UEP0_EPCONDIS 	EQU 	3
UEP0_EPHSHK 	EQU 	4
UEP0_EPINEN 	EQU 	1
UEP0_EPOUTEN 	EQU 	2
UEP0_EPSTALL 	EQU 	0
UEP1 	EQU 	3737
UEP2 	EQU 	3738
UEP2_EPCONDIS 	EQU 	3
UEP2_EPHSHK 	EQU 	4
UEP2_EPINEN 	EQU 	1
UEP2_EPOUTEN 	EQU 	2
UEP2_EPSTALL 	EQU 	0
UEP3 	EQU 	3739
UEP3_EPCONDIS 	EQU 	3
UEP3_EPHSHK 	EQU 	4
UEP3_EPINEN 	EQU 	1
UEP3_EPOUTEN 	EQU 	2
UEP3_EPSTALL 	EQU 	0
UEP4 	EQU 	3740
UEP4_EPCONDIS 	EQU 	3
UEP4_EPHSHK 	EQU 	4
UEP4_EPINEN 	EQU 	1
UEP4_EPOUTEN 	EQU 	2
UEP4_EPSTALL 	EQU 	0
UEP5 	EQU 	3741
UEP5_EPCONDIS 	EQU 	3
UEP5_EPHSHK 	EQU 	4
UEP5_EPINEN 	EQU 	1
UEP5_EPOUTEN 	EQU 	2
UEP5_EPSTALL 	EQU 	0
UEP6 	EQU 	3742
UEP6_EPCONDIS 	EQU 	3
UEP6_EPHSHK 	EQU 	4
UEP6_EPINEN 	EQU 	1
UEP6_EPOUTEN 	EQU 	2
UEP6_EPSTALL 	EQU 	0
UEP7 	EQU 	3743
UEP7_EPCONDIS 	EQU 	3
UEP7_EPHSHK 	EQU 	4
UEP7_EPINEN 	EQU 	1
UEP7_EPOUTEN 	EQU 	2
UEP7_EPSTALL 	EQU 	0
UERRIE 	EQU 	1
UERRIF 	EQU 	1
UFRM 	EQU 	3732
UFRMH 	EQU 	3732
UFRML 	EQU 	3733
UIE 	EQU 	3730
UIR 	EQU 	3728
UPUEN 	EQU 	4
URSTIE 	EQU 	0
URSTIF 	EQU 	0
USBEN 	EQU 	3
USBIE 	EQU 	2
USBIF 	EQU 	2
USTAT 	EQU 	3727
UTEYE 	EQU 	7
VREGCON 	EQU 	407
VREGPM0 	EQU 	0
VREGPM1 	EQU 	1
W 	EQU 	0
WCOL 	EQU 	7
WDTCON 	EQU 	151
WDTPS0 	EQU 	1
WDTPS1 	EQU 	2
WDTPS2 	EQU 	3
WDTPS3 	EQU 	4
WDTPS4 	EQU 	5
WPUA 	EQU 	524
WPUA3 	EQU 	3
WPUA4 	EQU 	4
WPUA5 	EQU 	5
WPUB 	EQU 	525
WPUB4 	EQU 	4
WPUB5 	EQU 	5
WPUB6 	EQU 	6
WPUB7 	EQU 	7
WR 	EQU 	1
WREG 	EQU 	9
WREG_SHAD 	EQU 	4069
WREN 	EQU 	2
WRERR 	EQU 	3
WUE 	EQU 	1
Z 	EQU 	2
_BOREN_SBODEN 	EQU 	15359

Code:
Loc	Obj Code	Original Assembly

000000	3180	PAGESEL BASPROGRAMSTART
000001	2805	GOTO BASPROGRAMSTART

000004	0009	RETFIE



		BASPROGRAMSTART
000005	2008	CALL INITSYS

		BASPROGRAMEND
000006	0063	SLEEP
000007	2806	GOTO BASPROGRAMEND


		INITSYS
000000	0021	BANKSEL OSCCON
000009	1699	BSF OSCCON,IRCF3
00000A	1619	BSF OSCCON,IRCF2
00000B	1599	BSF OSCCON,IRCF1
00000C	1519	BSF OSCCON,IRCF0
00000D	1719	BSF OSCCON,SPLLMULT
00000E	1799	BSF OSCCON,SPLLEN
00000F	139E	BCF ADCON1,ADFM
000010	101D	BCF ADCON0,ADON
000000	0023	BANKSEL ANSELA
000012	018C	CLRF ANSELA
000013	018D	CLRF ANSELB
000014	018E	CLRF ANSELC
000000	0022	BANKSEL CM2CON0
000016	1393	BCF CM2CON0,C2ON
000017	1391	BCF CM1CON0,C1ON
000000	0020	BANKSEL PORTA
000019	018C	CLRF PORTA
00001A	018D	CLRF PORTB
00001B	018E	CLRF PORTC
00001C	0008	RETURN





