GCASM List File (GCBASIC 0.98.03 RC02 2018-10-20 (Windows 32 bit))

Symbols:
A 	EQU 	0
ABDEN 	EQU 	0
ABDOVF 	EQU 	7
ACCESS 	EQU 	0
ACKDT 	EQU 	5
ACKEN 	EQU 	4
ACKSTAT 	EQU 	6
ACKTIM 	EQU 	7
ACQT0 	EQU 	3
ACQT1 	EQU 	4
ACQT2 	EQU 	5
ACTCON 	EQU 	4021
ACTD 	EQU 	6
ACTEN 	EQU 	7
ACTIE 	EQU 	7
ACTIF 	EQU 	7
ACTIP 	EQU 	7
ACTLOCK 	EQU 	3
ACTMD 	EQU 	4
ACTOR 	EQU 	1
ACTORS 	EQU 	1
ACTSEL 	EQU 	7
ACTSRC 	EQU 	4
ACTUD 	EQU 	6
ACTVIE 	EQU 	2
ACTVIF 	EQU 	2
ADCMD 	EQU 	2
ADCON0 	EQU 	4034
ADCON1 	EQU 	4033
ADCON2 	EQU 	4032
ADCS0 	EQU 	0
ADCS1 	EQU 	1
ADCS2 	EQU 	2
ADDEN 	EQU 	3
ADDR0 	EQU 	0
ADDR1 	EQU 	1
ADDR2 	EQU 	2
ADDR3 	EQU 	3
ADDR4 	EQU 	4
ADDR5 	EQU 	5
ADDR6 	EQU 	6
ADEN 	EQU 	3
ADFM 	EQU 	7
ADIE 	EQU 	6
ADIF 	EQU 	6
ADIP 	EQU 	6
ADON 	EQU 	0
ADREADPORT 	EQU 	10
ADRESH 	EQU 	4036
ADRESL 	EQU 	4035
AFSR0 	EQU 	4073
AFSR0_H 	EQU 	4074
AHEN 	EQU 	1
AN0 	EQU 	0
AN1 	EQU 	1
AN2 	EQU 	2
AN3 	EQU 	3
AN4 	EQU 	5
ANSA0 	EQU 	0
ANSA1 	EQU 	1
ANSA2 	EQU 	2
ANSA3 	EQU 	3
ANSA5 	EQU 	5
ANSB0 	EQU 	0
ANSB1 	EQU 	1
ANSB2 	EQU 	2
ANSB3 	EQU 	3
ANSB4 	EQU 	4
ANSB5 	EQU 	5
ANSC2 	EQU 	2
ANSC6 	EQU 	6
ANSC7 	EQU 	7
ANSELA 	EQU 	3931
ANSELB 	EQU 	3932
ANSELC 	EQU 	3933
B 	EQU 	1
BANKED 	EQU 	1
BASPROGRAMEND 	EQU 	108
BASPROGRAMSTART 	EQU 	12
BAUDCON 	EQU 	4024
BAUDCON1 	EQU 	4024
BAUDCON1_ABDEN 	EQU 	0
BAUDCON1_ABDOVF 	EQU 	7
BAUDCON1_BRG16 	EQU 	3
BAUDCON1_CKTXP 	EQU 	4
BAUDCON1_DTRXP 	EQU 	5
BAUDCON1_RCIDL 	EQU 	6
BAUDCON1_RCMT 	EQU 	6
BAUDCON1_RXDTP 	EQU 	5
BAUDCON1_SCKP 	EQU 	4
BAUDCON1_TXCKP 	EQU 	4
BAUDCON1_WUE 	EQU 	1
BCL1IE 	EQU 	3
BCL1IF 	EQU 	3
BCL1IP 	EQU 	3
BCLIE 	EQU 	3
BCLIF 	EQU 	3
BCLIP 	EQU 	3
BF 	EQU 	0
BGVST 	EQU 	6
BOEN 	EQU 	4
BOR 	EQU 	0
BRG0 	EQU 	0
BRG1 	EQU 	1
BRG10 	EQU 	2
BRG11 	EQU 	3
BRG12 	EQU 	4
BRG13 	EQU 	5
BRG14 	EQU 	6
BRG15 	EQU 	7
BRG16 	EQU 	3
BRG2 	EQU 	2
BRG3 	EQU 	3
BRG4 	EQU 	4
BRG5 	EQU 	5
BRG6 	EQU 	6
BRG7 	EQU 	7
BRG8 	EQU 	0
BRG9 	EQU 	1
BRGH 	EQU 	2
BSR 	EQU 	4064
BTOEE 	EQU 	4
BTOEF 	EQU 	4
BTSEE 	EQU 	7
BTSEF 	EQU 	7
C 	EQU 	0
C1CH0 	EQU 	0
C1CH1 	EQU 	1
C1HYS 	EQU 	3
C1IE 	EQU 	6
C1IF 	EQU 	6
C1IP 	EQU 	6
C1OE 	EQU 	5
C1ON 	EQU 	7
C1OUT 	EQU 	6
C1POL 	EQU 	4
C1R 	EQU 	2
C1RSEL 	EQU 	5
C1SP 	EQU 	3
C1SYNC 	EQU 	1
C1TSEL 	EQU 	0
C2CH0 	EQU 	0
C2CH1 	EQU 	1
C2HYS 	EQU 	2
C2IE 	EQU 	5
C2IF 	EQU 	5
C2IP 	EQU 	5
C2OE 	EQU 	5
C2ON 	EQU 	7
C2OUT 	EQU 	6
C2POL 	EQU 	4
C2R 	EQU 	2
C2RSEL 	EQU 	4
C2SP 	EQU 	3
C2SYNC 	EQU 	0
C2TSEL 	EQU 	3
CCH0 	EQU 	0
CCH1 	EQU 	1
CCP1 	EQU 	2
CCP1ASE 	EQU 	7
CCP1CON 	EQU 	4029
CCP1IE 	EQU 	2
CCP1IF 	EQU 	2
CCP1IP 	EQU 	2
CCP1M0 	EQU 	0
CCP1M1 	EQU 	1
CCP1M2 	EQU 	2
CCP1M3 	EQU 	3
CCP1MD 	EQU 	0
CCP1X 	EQU 	5
CCP1Y 	EQU 	4
CCP2CON 	EQU 	3991
CCP2IE 	EQU 	0
CCP2IF 	EQU 	0
CCP2IP 	EQU 	0
CCP2M0 	EQU 	0
CCP2M1 	EQU 	1
CCP2M2 	EQU 	2
CCP2M3 	EQU 	3
CCP2MD 	EQU 	1
CCP2X 	EQU 	5
CCP2Y 	EQU 	4
CCPR1 	EQU 	4030
CCPR1H 	EQU 	4031
CCPR1L 	EQU 	4030
CCPR2 	EQU 	3984
CCPR2H 	EQU 	3985
CCPR2L 	EQU 	3984
CCPTMRS 	EQU 	3929
CFGS 	EQU 	6
CHS0 	EQU 	2
CHS1 	EQU 	3
CHS2 	EQU 	4
CHS3 	EQU 	5
CHS4 	EQU 	6
CK 	EQU 	6
CKE 	EQU 	6
CKP 	EQU 	4
CKTXP 	EQU 	4
CM1CON0 	EQU 	3992
CM1IE 	EQU 	6
CM1IF 	EQU 	6
CM1IP 	EQU 	6
CM2CON0 	EQU 	3993
CM2CON0_CCH0 	EQU 	0
CM2CON0_CCH1 	EQU 	1
CM2CON0_COE 	EQU 	5
CM2CON0_CON 	EQU 	7
CM2CON0_CPOL 	EQU 	4
CM2CON0_CREF 	EQU 	2
CM2CON1 	EQU 	3994
CM2IE 	EQU 	5
CM2IF 	EQU 	5
CM2IP 	EQU 	5
CMP1MD 	EQU 	3
CMP2MD 	EQU 	4
COE 	EQU 	5
COMPORT 	EQU 	11
CON 	EQU 	7
COUT1 	EQU 	6
COUT2 	EQU 	6
CPOL 	EQU 	4
CRC16EE 	EQU 	2
CRC16EF 	EQU 	2
CRC5EE 	EQU 	1
CRC5EF 	EQU 	1
CREF 	EQU 	2
CREN 	EQU 	4
CSRC 	EQU 	7
CTMUCON0 	EQU 	3983
CTMUCON1 	EQU 	3982
CTMUCONH 	EQU 	3983
CTMUCONH_CTMUEN 	EQU 	7
CTMUCONH_CTMUSIDL 	EQU 	5
CTMUCONH_CTTRIG 	EQU 	0
CTMUCONH_EDGEN 	EQU 	3
CTMUCONH_EDGSEQEN 	EQU 	2
CTMUCONH_IDISSEN 	EQU 	1
CTMUCONH_ON 	EQU 	7
CTMUCONH_SIDL 	EQU 	5
CTMUCONH_TGEN 	EQU 	4
CTMUCONH_TRIGEN 	EQU 	0
CTMUCONL 	EQU 	3982
CTMUCONL_EDG1POL 	EQU 	4
CTMUCONL_EDG1SEL0 	EQU 	2
CTMUCONL_EDG1SEL1 	EQU 	3
CTMUCONL_EDG1STAT 	EQU 	0
CTMUCONL_EDG2POL 	EQU 	7
CTMUCONL_EDG2SEL0 	EQU 	5
CTMUCONL_EDG2SEL1 	EQU 	6
CTMUCONL_EDG2STAT 	EQU 	1
CTMUEN 	EQU 	7
CTMUICON 	EQU 	3976
CTMUIE 	EQU 	3
CTMUIF 	EQU 	3
CTMUIP 	EQU 	3
CTMUMD 	EQU 	5
CTMUSIDL 	EQU 	5
CTTRIG 	EQU 	0
D10US_START 	EQU 	160
DACEN 	EQU 	7
DACLPS 	EQU 	6
DACNSS 	EQU 	0
DACOE 	EQU 	5
DACPSS0 	EQU 	2
DACPSS1 	EQU 	3
DACR0 	EQU 	0
DACR1 	EQU 	1
DACR2 	EQU 	2
DACR3 	EQU 	3
DACR4 	EQU 	4
DC 	EQU 	1
DC1B0 	EQU 	4
DC1B1 	EQU 	5
DC2B0 	EQU 	4
DC2B1 	EQU 	5
DDRA 	EQU 	3986
DDRA_RA0 	EQU 	0
DDRA_RA1 	EQU 	1
DDRA_RA2 	EQU 	2
DDRA_RA3 	EQU 	3
DDRA_RA4 	EQU 	4
DDRA_RA5 	EQU 	5
DDRA_RA6 	EQU 	6
DDRA_RA7 	EQU 	7
DDRB 	EQU 	3987
DDRB_RB0 	EQU 	0
DDRB_RB1 	EQU 	1
DDRB_RB2 	EQU 	2
DDRB_RB3 	EQU 	3
DDRB_RB4 	EQU 	4
DDRB_RB5 	EQU 	5
DDRB_RB6 	EQU 	6
DDRB_RB7 	EQU 	7
DDRC 	EQU 	3988
DDRC_RC0 	EQU 	0
DDRC_RC1 	EQU 	1
DDRC_RC2 	EQU 	2
DDRC_RC6 	EQU 	6
DDRC_RC7 	EQU 	7
DELAYTEMP 	EQU 	0
DELAYTEMP2 	EQU 	1
DELAYUS0 	EQU 	164
DELAY_10US 	EQU 	160
DELAY_MS 	EQU 	174
DELAY_S 	EQU 	202
DESCRIPTORHANDLER_CALLBACK 	EQU 	112
DFN8EE 	EQU 	3
DFN8EF 	EQU 	3
DHEN 	EQU 	0
DIR 	EQU 	2
DIV8NOTNEG 	EQU 	1604
DMS_INNER 	EQU 	184
DMS_OUTER 	EQU 	180
DMS_START 	EQU 	176
DONE 	EQU 	1
DS_START 	EQU 	202
DTRXP 	EQU 	5
D_NOT_A 	EQU 	5
ECCP1AS 	EQU 	4022
ECCP1AS0 	EQU 	4
ECCP1AS1 	EQU 	5
ECCP1AS2 	EQU 	6
ECCP1ASE 	EQU 	7
ECCP1CON 	EQU 	4029
ECCP1CON_CCP1M0 	EQU 	0
ECCP1CON_CCP1M1 	EQU 	1
ECCP1CON_CCP1M2 	EQU 	2
ECCP1CON_CCP1M3 	EQU 	3
ECCP1CON_CCP1X 	EQU 	5
ECCP1CON_CCP1Y 	EQU 	4
ECCP1CON_DC1B0 	EQU 	4
ECCP1CON_DC1B1 	EQU 	5
ECCP1CON_P1M0 	EQU 	6
ECCP1CON_P1M1 	EQU 	7
ECCP1DEL 	EQU 	4023
ECCP2CON 	EQU 	3991
ECCP2CON_CCP2M0 	EQU 	0
ECCP2CON_CCP2M1 	EQU 	1
ECCP2CON_CCP2M2 	EQU 	2
ECCP2CON_CCP2M3 	EQU 	3
ECCP2CON_CCP2X 	EQU 	5
ECCP2CON_CCP2Y 	EQU 	4
ECCP2CON_DC2B0 	EQU 	4
ECCP2CON_DC2B1 	EQU 	5
EDG1POL 	EQU 	4
EDG1SEL0 	EQU 	2
EDG1SEL1 	EQU 	3
EDG1STAT 	EQU 	0
EDG2POL 	EQU 	7
EDG2SEL0 	EQU 	5
EDG2SEL1 	EQU 	6
EDG2STAT 	EQU 	1
EDGEN 	EQU 	3
EDGSEQEN 	EQU 	2
EEADR 	EQU 	4009
EECON1 	EQU 	4006
EECON2 	EQU 	4007
EEDATA 	EQU 	4008
EEIE 	EQU 	4
EEIF 	EQU 	4
EEIP 	EQU 	4
EEPGD 	EQU 	7
ELSE11_1 	EQU 	2518
ELSE12_1 	EQU 	2504
ELSE13_1 	EQU 	2542
ELSE14_1 	EQU 	2552
ELSE16_1 	EQU 	2610
ELSE20_1 	EQU 	2712
ELSE24_1 	EQU 	2814
ELSE27_1 	EQU 	2986
ELSE28_1 	EQU 	3286
ELSE29_1 	EQU 	3086
ELSE9_1 	EQU 	2164
ENDIF10 	EQU 	2304
ENDIF11 	EQU 	2556
ENDIF12 	EQU 	2508
ENDIF13 	EQU 	2556
ENDIF14 	EQU 	2556
ENDIF15 	EQU 	2596
ENDIF16 	EQU 	2614
ENDIF17 	EQU 	2624
ENDIF18 	EQU 	2668
ENDIF19 	EQU 	2698
ENDIF2 	EQU 	2112
ENDIF20 	EQU 	2716
ENDIF21 	EQU 	2726
ENDIF22 	EQU 	2770
ENDIF23 	EQU 	2800
ENDIF24 	EQU 	2818
ENDIF25 	EQU 	2828
ENDIF26 	EQU 	2872
ENDIF27 	EQU 	3266
ENDIF28 	EQU 	3290
ENDIF29 	EQU 	3094
ENDIF3 	EQU 	2122
ENDIF30 	EQU 	3148
ENDIF31 	EQU 	3244
ENDIF32 	EQU 	3258
ENDIF33 	EQU 	600
ENDIF34 	EQU 	436
ENDIF35 	EQU 	408
ENDIF36 	EQU 	436
ENDIF37 	EQU 	474
ENDIF38 	EQU 	534
ENDIF39 	EQU 	1288
ENDIF4 	EQU 	2130
ENDIF40 	EQU 	1296
ENDIF41 	EQU 	1338
ENDIF42 	EQU 	1346
ENDIF43 	EQU 	1464
ENDIF44 	EQU 	1472
ENDIF45 	EQU 	1212
ENDIF46 	EQU 	1216
ENDIF47 	EQU 	1220
ENDIF48 	EQU 	1224
ENDIF49 	EQU 	1228
ENDIF5 	EQU 	2378
ENDIF50 	EQU 	328
ENDIF51 	EQU 	352
ENDIF52 	EQU 	368
ENDIF6 	EQU 	2382
ENDIF7 	EQU 	2386
ENDIF8 	EQU 	2390
ENDIF9 	EQU 	2172
ENDP0 	EQU 	3
ENDP1 	EQU 	4
ENDP2 	EQU 	5
ENDP3 	EQU 	6
EPCONDIS 	EQU 	3
EPHSHK 	EQU 	4
EPINEN 	EQU 	1
EPOUTEN 	EQU 	2
EPSTALL 	EQU 	0
ERRORHANDLER_CALLBACK 	EQU 	218
F 	EQU 	1
FERR 	EQU 	2
FLTS 	EQU 	2
FN_GCBBUILDSTR 	EQU 	276
FN_GCBBUILDTIMESTR 	EQU 	290
FN_HEX 	EQU 	304
FN_PEEK 	EQU 	936
FN_READAD1022 	EQU 	956
FREE 	EQU 	4
FRM0 	EQU 	0
FRM1 	EQU 	1
FRM10 	EQU 	2
FRM2 	EQU 	2
FRM3 	EQU 	3
FRM4 	EQU 	4
FRM5 	EQU 	5
FRM6 	EQU 	6
FRM7 	EQU 	7
FRM8 	EQU 	0
FRM9 	EQU 	1
FSEN 	EQU 	2
FSR0H 	EQU 	4074
FSR0L 	EQU 	4073
FSR1H 	EQU 	4066
FSR1L 	EQU 	4065
FSR2H 	EQU 	4058
FSR2L 	EQU 	4057
FVREN 	EQU 	7
FVRS0 	EQU 	4
FVRS1 	EQU 	5
FVRST 	EQU 	6
GCBBUILDSTR 	EQU 	1903
GCBBUILDTIMESTR 	EQU 	1944
GCEN 	EQU 	7
GIE 	EQU 	7
GIEH 	EQU 	7
GIEL 	EQU 	6
GIE_GIEH 	EQU 	7
GO 	EQU 	1
GO_DONE 	EQU 	1
GO_NOT_DONE 	EQU 	1
HEX 	EQU 	1899
HFIOFR 	EQU 	1
HFIOFS 	EQU 	2
HLVDCON 	EQU 	3996
HLVDEN 	EQU 	4
HLVDIE 	EQU 	2
HLVDIF 	EQU 	2
HLVDIN 	EQU 	5
HLVDIP 	EQU 	2
HLVDL0 	EQU 	0
HLVDL1 	EQU 	1
HLVDL2 	EQU 	2
HLVDL3 	EQU 	3
HSERPRINT273 	EQU 	380
HSERPRINT274 	EQU 	438
HSERPRINTCRLF 	EQU 	544
HSERPRINTCRLFCOUNT 	EQU 	12
HSERSEND 	EQU 	572
IDISSEN 	EQU 	1
IDLEIE 	EQU 	4
IDLEIF 	EQU 	4
IDLEN 	EQU 	7
INDF0 	EQU 	4079
INDF1 	EQU 	4071
INDF2 	EQU 	4063
INITSYS 	EQU 	602
INITUSART 	EQU 	648
INITUSB 	EQU 	672
INT0 	EQU 	0
INT0E 	EQU 	4
INT0F 	EQU 	1
INT0IE 	EQU 	4
INT0IF 	EQU 	1
INT1 	EQU 	1
INT1E 	EQU 	3
INT1F 	EQU 	0
INT1IE 	EQU 	3
INT1IF 	EQU 	0
INT1IP 	EQU 	6
INT1P 	EQU 	6
INT2 	EQU 	2
INT2E 	EQU 	4
INT2F 	EQU 	1
INT2IE 	EQU 	4
INT2IF 	EQU 	1
INT2IP 	EQU 	7
INT2P 	EQU 	7
INTCON 	EQU 	4082
INTCON2 	EQU 	4081
INTCON3 	EQU 	4080
INTEDG0 	EQU 	6
INTEDG1 	EQU 	5
INTEDG2 	EQU 	4
INTERRUPT 	EQU 	768
INTERRUPTDONE 	EQU 	858
INTSRC 	EQU 	5
IOCB 	EQU 	3974
IOCB4 	EQU 	4
IOCB5 	EQU 	5
IOCB6 	EQU 	6
IOCB7 	EQU 	7
IOCC 	EQU 	3975
IOCC0 	EQU 	0
IOCC1 	EQU 	1
IOCC2 	EQU 	2
IOCC4 	EQU 	4
IOCC5 	EQU 	5
IOCC6 	EQU 	6
IOCC7 	EQU 	7
IOCIE 	EQU 	3
IOCIF 	EQU 	0
IOCIP 	EQU 	0
IPEN 	EQU 	7
IPR1 	EQU 	3999
IPR2 	EQU 	4002
IPR3 	EQU 	4005
IRCF0 	EQU 	4
IRCF1 	EQU 	5
IRCF2 	EQU 	6
IRNG0 	EQU 	0
IRNG1 	EQU 	1
IRVST 	EQU 	5
ITRIM0 	EQU 	2
ITRIM1 	EQU 	3
ITRIM2 	EQU 	4
ITRIM3 	EQU 	5
ITRIM4 	EQU 	6
ITRIM5 	EQU 	7
LATA 	EQU 	3977
LATA0 	EQU 	0
LATA1 	EQU 	1
LATA2 	EQU 	2
LATA3 	EQU 	3
LATA4 	EQU 	4
LATA5 	EQU 	5
LATA6 	EQU 	6
LATA7 	EQU 	7
LATB 	EQU 	3978
LATB0 	EQU 	0
LATB1 	EQU 	1
LATB2 	EQU 	2
LATB3 	EQU 	3
LATB4 	EQU 	4
LATB5 	EQU 	5
LATB6 	EQU 	6
LATB7 	EQU 	7
LATC 	EQU 	3979
LATC0 	EQU 	0
LATC1 	EQU 	1
LATC2 	EQU 	2
LATC4 	EQU 	4
LATC5 	EQU 	5
LATC6 	EQU 	6
LATC7 	EQU 	7
LFIOFS 	EQU 	0
LVDIE 	EQU 	2
LVDIF 	EQU 	2
LVDIN 	EQU 	5
LVDIP 	EQU 	2
MC1OUT 	EQU 	7
MC2OUT 	EQU 	6
MEMADR 	EQU 	4073
MEMADR_H 	EQU 	4074
MEMDATA 	EQU 	13
MSSP1MD 	EQU 	6
MSSPMD 	EQU 	6
N 	EQU 	4
NOTUSBIF 	EQU 	858
NOT_BOR 	EQU 	0
NOT_DONE 	EQU 	1
NOT_PD 	EQU 	2
NOT_POR 	EQU 	1
NOT_RBPU 	EQU 	7
NOT_RI 	EQU 	4
NOT_T1DONE 	EQU 	3
NOT_T1SYNC 	EQU 	2
NOT_T3DONE 	EQU 	3
NOT_T3SYNC 	EQU 	2
NOT_TO 	EQU 	3
NVCFG0 	EQU 	0
NVCFG1 	EQU 	1
OERR 	EQU 	1
ON 	EQU 	7
OSC2 	EQU 	6
OSCCON 	EQU 	4051
OSCCON2 	EQU 	4050
OSCFIE 	EQU 	7
OSCFIF 	EQU 	7
OSCFIP 	EQU 	7
OSCTUNE 	EQU 	3995
OSTS 	EQU 	3
OUTVALUETEMP 	EQU 	16
OV 	EQU 	3
P 	EQU 	4
P1A 	EQU 	2
P1M0 	EQU 	6
P1M1 	EQU 	7
P1RSEN 	EQU 	7
PC 	EQU 	4089
PCIE 	EQU 	6
PCL 	EQU 	4089
PCLATH 	EQU 	4090
PCLATU 	EQU 	4091
PD 	EQU 	2
PDC0 	EQU 	0
PDC1 	EQU 	1
PDC2 	EQU 	2
PDC3 	EQU 	3
PDC4 	EQU 	4
PDC5 	EQU 	5
PDC6 	EQU 	6
PEEK 	EQU 	17
PEIE 	EQU 	6
PEIE_GIEL 	EQU 	6
PEN 	EQU 	2
PGC 	EQU 	6
PGD 	EQU 	7
PGM 	EQU 	5
PIDEE 	EQU 	0
PIDEF 	EQU 	0
PIE1 	EQU 	3997
PIE2 	EQU 	4000
PIE3 	EQU 	4003
PIR1 	EQU 	3998
PIR2 	EQU 	4001
PIR3 	EQU 	4004
PKTDIS 	EQU 	4
PLLEN 	EQU 	4
PLLRDY 	EQU 	7
PLUSW0 	EQU 	4075
PLUSW1 	EQU 	4067
PLUSW2 	EQU 	4059
PMD0 	EQU 	3966
PMD1 	EQU 	3967
POKE 	EQU 	950
POR 	EQU 	1
PORTA 	EQU 	3968
PORTB 	EQU 	3969
PORTC 	EQU 	3970
PORTE 	EQU 	3972
POSTDEC0 	EQU 	4077
POSTDEC1 	EQU 	4069
POSTDEC2 	EQU 	4061
POSTINC0 	EQU 	4078
POSTINC1 	EQU 	4070
POSTINC2 	EQU 	4062
PPB0 	EQU 	0
PPB1 	EQU 	1
PPBI 	EQU 	1
PPBRST 	EQU 	6
PR1SEN 	EQU 	7
PR2 	EQU 	4027
PREINC0 	EQU 	4076
PREINC1 	EQU 	4068
PREINC2 	EQU 	4060
PRINTLEN 	EQU 	18
PRISD 	EQU 	2
PROD 	EQU 	4083
PRODH 	EQU 	4084
PRODL 	EQU 	4083
PSA 	EQU 	3
PSS1AC0 	EQU 	2
PSS1AC1 	EQU 	3
PSS1BD0 	EQU 	0
PSS1BD1 	EQU 	1
PSSAC0 	EQU 	2
PSSAC1 	EQU 	3
PSSBD0 	EQU 	0
PSSBD1 	EQU 	1
PSTR1CON 	EQU 	4025
PVCFG0 	EQU 	2
PVCFG1 	EQU 	3
PWM1CON 	EQU 	4023
PWM1CON_P1RSEN 	EQU 	7
PWM1CON_PDC0 	EQU 	0
PWM1CON_PDC1 	EQU 	1
PWM1CON_PDC2 	EQU 	2
PWM1CON_PDC3 	EQU 	3
PWM1CON_PDC4 	EQU 	4
PWM1CON_PDC5 	EQU 	5
PWM1CON_PDC6 	EQU 	6
PWM1CON_PR1SEN 	EQU 	7
RA0 	EQU 	0
RA1 	EQU 	1
RA2 	EQU 	2
RA3 	EQU 	3
RA4 	EQU 	4
RA5 	EQU 	5
RA6 	EQU 	6
RA7 	EQU 	7
RB0 	EQU 	0
RB1 	EQU 	1
RB2 	EQU 	2
RB3 	EQU 	3
RB4 	EQU 	4
RB5 	EQU 	5
RB6 	EQU 	6
RB7 	EQU 	7
RBPU 	EQU 	7
RC0 	EQU 	0
RC1 	EQU 	1
RC1IE 	EQU 	5
RC1IF 	EQU 	5
RC1IP 	EQU 	5
RC2 	EQU 	2
RC4 	EQU 	4
RC5 	EQU 	5
RC6 	EQU 	6
RC7 	EQU 	7
RCEN 	EQU 	3
RCIDL 	EQU 	6
RCIE 	EQU 	5
RCIF 	EQU 	5
RCIP 	EQU 	5
RCMT 	EQU 	6
RCON 	EQU 	4048
RCREG 	EQU 	4014
RCREG1 	EQU 	4014
RCSTA 	EQU 	4011
RCSTA1 	EQU 	4011
RCSTA1_ADDEN 	EQU 	3
RCSTA1_ADEN 	EQU 	3
RCSTA1_CREN 	EQU 	4
RCSTA1_FERR 	EQU 	2
RCSTA1_OERR 	EQU 	1
RCSTA1_RX9 	EQU 	6
RCSTA1_RX9D 	EQU 	0
RCSTA1_SPEN 	EQU 	7
RCSTA1_SREN 	EQU 	5
RD 	EQU 	0
RD16 	EQU 	1
RE3 	EQU 	3
READAD10 	EQU 	19
READAD10_H 	EQU 	21
RESUME 	EQU 	2
RI 	EQU 	4
RSEN 	EQU 	1
RX 	EQU 	7
RX9 	EQU 	6
RX9D 	EQU 	0
RXDTP 	EQU 	5
R_NOT_W 	EQU 	2
S 	EQU 	3
SAVEDELAYTEMP2 	EQU 	22
SAVEFSR0H 	EQU 	23
SAVEFSR0L 	EQU 	24
SAVEFSR1H 	EQU 	25
SAVEFSR1L 	EQU 	26
SAVESYSBYTETEMPA 	EQU 	27
SAVESYSBYTETEMPB 	EQU 	28
SAVESYSBYTETEMPX 	EQU 	29
SAVESYSDIVLOOP 	EQU 	30
SAVESYSSTRINGA 	EQU 	31
SAVESYSSTRINGLENGTH 	EQU 	32
SAVESYSTEMP1 	EQU 	33
SAVESYSTEMP1_H 	EQU 	34
SAVESYSTEMP2 	EQU 	35
SAVESYSWAITTEMPMS 	EQU 	36
SAVESYSWAITTEMPMS_H 	EQU 	37
SBCDE 	EQU 	2
SBOREN 	EQU 	6
SCIE 	EQU 	5
SCKP 	EQU 	4
SCS0 	EQU 	0
SCS1 	EQU 	1
SDAHT 	EQU 	3
SE0 	EQU 	5
SEN 	EQU 	0
SENDB 	EQU 	3
SERDATA 	EQU 	38
SERPRINTVAL 	EQU 	39
SETUPHANDLER_CALLBACK 	EQU 	1270
SIDL 	EQU 	5
SLRA 	EQU 	0
SLRB 	EQU 	1
SLRC 	EQU 	2
SLRCON 	EQU 	3962
SMP 	EQU 	7
SOFIE 	EQU 	6
SOFIF 	EQU 	6
SOSCEN 	EQU 	3
SOSCGO 	EQU 	3
SOSCRUN 	EQU 	6
SP0 	EQU 	0
SP1 	EQU 	1
SP2 	EQU 	2
SP3 	EQU 	3
SP4 	EQU 	4
SPBRG 	EQU 	4015
SPBRG1 	EQU 	4015
SPBRG1_BRG0 	EQU 	0
SPBRG1_BRG1 	EQU 	1
SPBRG1_BRG2 	EQU 	2
SPBRG1_BRG3 	EQU 	3
SPBRG1_BRG4 	EQU 	4
SPBRG1_BRG5 	EQU 	5
SPBRG1_BRG6 	EQU 	6
SPBRG1_BRG7 	EQU 	7
SPBRGH 	EQU 	4016
SPBRGH1 	EQU 	4016
SPBRGH1_BRG10 	EQU 	2
SPBRGH1_BRG11 	EQU 	3
SPBRGH1_BRG12 	EQU 	4
SPBRGH1_BRG13 	EQU 	5
SPBRGH1_BRG14 	EQU 	6
SPBRGH1_BRG15 	EQU 	7
SPBRGH1_BRG8 	EQU 	0
SPBRGH1_BRG9 	EQU 	1
SPEN 	EQU 	7
SPLLMULT 	EQU 	7
SRCLK0 	EQU 	4
SRCLK1 	EQU 	5
SRCLK2 	EQU 	6
SRCON0 	EQU 	3928
SRCON1 	EQU 	3927
SREN 	EQU 	5
SRLEN 	EQU 	7
SRNQEN 	EQU 	2
SRPR 	EQU 	0
SRPS 	EQU 	1
SRQEN 	EQU 	3
SRRC1E 	EQU 	0
SRRC2E 	EQU 	1
SRRCKE 	EQU 	2
SRRPE 	EQU 	3
SRSC1E 	EQU 	4
SRSC2E 	EQU 	5
SRSCKE 	EQU 	6
SRSPE 	EQU 	7
SSP1ADD 	EQU 	4040
SSP1ADD0 	EQU 	0
SSP1ADD1 	EQU 	1
SSP1ADD2 	EQU 	2
SSP1ADD3 	EQU 	3
SSP1ADD4 	EQU 	4
SSP1ADD5 	EQU 	5
SSP1ADD6 	EQU 	6
SSP1ADD7 	EQU 	7
SSP1BUF 	EQU 	4041
SSP1CON1 	EQU 	4038
SSP1CON2 	EQU 	4037
SSP1CON3 	EQU 	4043
SSP1IE 	EQU 	3
SSP1IF 	EQU 	3
SSP1IP 	EQU 	3
SSP1MD 	EQU 	6
SSP1MSK 	EQU 	4042
SSP1MSK0 	EQU 	0
SSP1MSK1 	EQU 	1
SSP1MSK2 	EQU 	2
SSP1MSK3 	EQU 	3
SSP1MSK4 	EQU 	4
SSP1MSK5 	EQU 	5
SSP1MSK6 	EQU 	6
SSP1MSK7 	EQU 	7
SSP1STAT 	EQU 	4039
SSPADD 	EQU 	4040
SSPADD_SSP1ADD0 	EQU 	0
SSPADD_SSP1ADD1 	EQU 	1
SSPADD_SSP1ADD2 	EQU 	2
SSPADD_SSP1ADD3 	EQU 	3
SSPADD_SSP1ADD4 	EQU 	4
SSPADD_SSP1ADD5 	EQU 	5
SSPADD_SSP1ADD6 	EQU 	6
SSPADD_SSP1ADD7 	EQU 	7
SSPBUF 	EQU 	4041
SSPCON 	EQU 	4038
SSPCON1 	EQU 	4038
SSPCON1_CKP 	EQU 	4
SSPCON1_SSPEN 	EQU 	5
SSPCON1_SSPM0 	EQU 	0
SSPCON1_SSPM1 	EQU 	1
SSPCON1_SSPM2 	EQU 	2
SSPCON1_SSPM3 	EQU 	3
SSPCON1_SSPOV 	EQU 	6
SSPCON1_WCOL 	EQU 	7
SSPCON2 	EQU 	4037
SSPCON2_ACKDT 	EQU 	5
SSPCON2_ACKEN 	EQU 	4
SSPCON2_ACKSTAT 	EQU 	6
SSPCON2_GCEN 	EQU 	7
SSPCON2_PEN 	EQU 	2
SSPCON2_RCEN 	EQU 	3
SSPCON2_RSEN 	EQU 	1
SSPCON2_SEN 	EQU 	0
SSPCON3 	EQU 	4043
SSPCON3_ACKTIM 	EQU 	7
SSPCON3_AHEN 	EQU 	1
SSPCON3_BOEN 	EQU 	4
SSPCON3_DHEN 	EQU 	0
SSPCON3_PCIE 	EQU 	6
SSPCON3_SBCDE 	EQU 	2
SSPCON3_SCIE 	EQU 	5
SSPCON3_SDAHT 	EQU 	3
SSPCON_CKP 	EQU 	4
SSPCON_SSPEN 	EQU 	5
SSPCON_SSPM0 	EQU 	0
SSPCON_SSPM1 	EQU 	1
SSPCON_SSPM2 	EQU 	2
SSPCON_SSPM3 	EQU 	3
SSPCON_SSPOV 	EQU 	6
SSPCON_WCOL 	EQU 	7
SSPEN 	EQU 	5
SSPIE 	EQU 	3
SSPIF 	EQU 	3
SSPIP 	EQU 	3
SSPM0 	EQU 	0
SSPM1 	EQU 	1
SSPM2 	EQU 	2
SSPM3 	EQU 	3
SSPMSK 	EQU 	4042
SSPMSK_SSP1MSK0 	EQU 	0
SSPMSK_SSP1MSK1 	EQU 	1
SSPMSK_SSP1MSK2 	EQU 	2
SSPMSK_SSP1MSK3 	EQU 	3
SSPMSK_SSP1MSK4 	EQU 	4
SSPMSK_SSP1MSK5 	EQU 	5
SSPMSK_SSP1MSK6 	EQU 	6
SSPMSK_SSP1MSK7 	EQU 	7
SSPOV 	EQU 	6
SSPSTAT 	EQU 	4039
SSPSTAT_BF 	EQU 	0
SSPSTAT_CKE 	EQU 	6
SSPSTAT_D_NOT_A 	EQU 	5
SSPSTAT_P 	EQU 	4
SSPSTAT_R_NOT_W 	EQU 	2
SSPSTAT_S 	EQU 	3
SSPSTAT_SMP 	EQU 	7
SSPSTAT_UA 	EQU 	1
STALLIE 	EQU 	5
STALLIF 	EQU 	5
STATUS 	EQU 	4056
STCON 	EQU 	4021
STCON_ACTD 	EQU 	6
STCON_ACTEN 	EQU 	7
STCON_ACTLOCK 	EQU 	3
STCON_ACTOR 	EQU 	1
STCON_ACTORS 	EQU 	1
STCON_ACTSEL 	EQU 	7
STCON_ACTSRC 	EQU 	4
STCON_ACTUD 	EQU 	6
STCON_STEN 	EQU 	7
STCON_STLOCK 	EQU 	3
STCON_STOR 	EQU 	1
STCON_STSRC 	EQU 	4
STCON_STUD 	EQU 	6
STEN 	EQU 	7
STIE 	EQU 	7
STIF 	EQU 	7
STIP 	EQU 	7
STKFUL 	EQU 	7
STKOVF 	EQU 	7
STKPTR 	EQU 	4092
STKUNF 	EQU 	6
STLOCK 	EQU 	3
STMD 	EQU 	4
STOR 	EQU 	1
STR1A 	EQU 	0
STR1B 	EQU 	1
STR1C 	EQU 	2
STR1D 	EQU 	3
STR1SYNC 	EQU 	4
STRA 	EQU 	0
STRB 	EQU 	1
STRC 	EQU 	2
STRD 	EQU 	3
STRINGPOINTER 	EQU 	40
STRINGTABLE1 	EQU 	1648
STRINGTABLE12 	EQU 	1710
STRINGTABLE13 	EQU 	1720
STRINGTABLE20 	EQU 	1722
STRINGTABLE21 	EQU 	1726
STRINGTABLE3 	EQU 	1664
STRINGTABLE4 	EQU 	1670
STRINGTABLE5 	EQU 	1672
STRINGTABLE6 	EQU 	1680
STRINGTABLE7 	EQU 	1686
STRINGTABLE8 	EQU 	1694
STRSYNC 	EQU 	4
STSRC 	EQU 	4
STUD 	EQU 	6
SUSPND 	EQU 	1
SWDTE 	EQU 	0
SWDTEN 	EQU 	0
SYNC 	EQU 	4
SYSBSR 	EQU 	41
SYSBYTETEMPA 	EQU 	5
SYSBYTETEMPB 	EQU 	9
SYSBYTETEMPX 	EQU 	0
SYSCALCTEMPA 	EQU 	5
SYSCALCTEMPX 	EQU 	0
SYSCOMPLESSTHAN 	EQU 	1528
SYSCOPYSTRING 	EQU 	1538
SYSCOPYSTRINGCHECK 	EQU 	1554
SYSCOPYSTRINGPART 	EQU 	1548
SYSDIV8START 	EQU 	1582
SYSDIVLOOP 	EQU 	4
SYSDIVSUB 	EQU 	1570
SYSDOLOOP_E1 	EQU 	106
SYSDOLOOP_E2 	EQU 	714
SYSDOLOOP_E3 	EQU 	2052
SYSDOLOOP_S1 	EQU 	104
SYSDOLOOP_S2 	EQU 	706
SYSDOLOOP_S3 	EQU 	2044
SYSFORLOOP1 	EQU 	2260
SYSFORLOOP2 	EQU 	2624
SYSFORLOOP3 	EQU 	2726
SYSFORLOOP4 	EQU 	2828
SYSFORLOOP5 	EQU 	3148
SYSFORLOOP6 	EQU 	408
SYSFORLOOP7 	EQU 	340
SYSFORLOOPEND1 	EQU 	2304
SYSFORLOOPEND2 	EQU 	2668
SYSFORLOOPEND3 	EQU 	2770
SYSFORLOOPEND4 	EQU 	2872
SYSFORLOOPEND5 	EQU 	3244
SYSFORLOOPEND6 	EQU 	436
SYSFORLOOPEND7 	EQU 	352
SYSHEX_0 	EQU 	1899
SYSHEX_1 	EQU 	1900
SYSHEX_2 	EQU 	1901
SYSPRINTDATAHANDLER 	EQU 	42
SYSPRINTDATAHANDLER_H 	EQU 	43
SYSPRINTTEMP 	EQU 	44
SYSREADAD10WORD 	EQU 	19
SYSREADAD10WORD_H 	EQU 	21
SYSREADSTRING 	EQU 	1610
SYSREADSTRINGPART 	EQU 	1622
SYSREPEATLOOP1 	EQU 	554
SYSREPEATLOOPEND1 	EQU 	570
SYSREPEATTEMP1 	EQU 	45
SYSSELECT1CASE1 	EQU 	2180
SYSSELECT1CASE2 	EQU 	2198
SYSSELECT1CASE3 	EQU 	2250
SYSSELECT1CASE4 	EQU 	2324
SYSSELECT2CASE1 	EQU 	2206
SYSSELECT2CASE2 	EQU 	2226
SYSSELECT2CASE3 	EQU 	2238
SYSSELECT3CASE1 	EQU 	2422
SYSSELECT3CASE2 	EQU 	2446
SYSSELECT3CASE3 	EQU 	2478
SYSSELECT3CASE4 	EQU 	2512
SYSSELECT4CASE1 	EQU 	2576
SYSSELECT4CASE2 	EQU 	2678
SYSSELECT4CASE3 	EQU 	2780
SYSSELECT4CASE4 	EQU 	2882
SYSSELECT4CASE5 	EQU 	3268
SYSSELECT5CASE1 	EQU 	2986
SYSSELECT5CASE2 	EQU 	3008
SYSSELECT5CASE3 	EQU 	3032
SYSSELECT6CASE1 	EQU 	1270
SYSSELECT6CASE2 	EQU 	1298
SYSSELECT6CASE3 	EQU 	1310
SYSSELECT6CASE4 	EQU 	1322
SYSSELECT6CASE5 	EQU 	1348
SYSSELECT6CASE6 	EQU 	1360
SYSSELECT6CASE7 	EQU 	1372
SYSSELECT6CASE8 	EQU 	1446
SYSSELECT6CASE9 	EQU 	1474
SYSSELECT7CASE1 	EQU 	958
SYSSELECT7CASE10 	EQU 	1080
SYSSELECT7CASE11 	EQU 	1094
SYSSELECT7CASE12 	EQU 	1108
SYSSELECT7CASE13 	EQU 	1122
SYSSELECT7CASE14 	EQU 	1136
SYSSELECT7CASE15 	EQU 	1150
SYSSELECT7CASE16 	EQU 	1164
SYSSELECT7CASE17 	EQU 	1178
SYSSELECT7CASE2 	EQU 	970
SYSSELECT7CASE3 	EQU 	982
SYSSELECT7CASE4 	EQU 	996
SYSSELECT7CASE5 	EQU 	1010
SYSSELECT7CASE6 	EQU 	1024
SYSSELECT7CASE7 	EQU 	1038
SYSSELECT7CASE8 	EQU 	1052
SYSSELECT7CASE9 	EQU 	1066
SYSSELECTEND1 	EQU 	2372
SYSSELECTEND2 	EQU 	2248
SYSSELECTEND3 	EQU 	2516
SYSSELECTEND4 	EQU 	3274
SYSSELECTEND5 	EQU 	3046
SYSSELECTEND6 	EQU 	1524
SYSSELECTEND7 	EQU 	1190
SYSSTATUS 	EQU 	15
SYSSTRINGA 	EQU 	7
SYSSTRINGA_H 	EQU 	8
SYSSTRINGCOPY 	EQU 	1560
SYSSTRINGLENGTH 	EQU 	6
SYSSTRINGPARAM1 	EQU 	1918
SYSSTRINGPARAM2 	EQU 	1909
SYSSTRINGREAD 	EQU 	1636
SYSSTRINGREADCHECK 	EQU 	1630
SYSSTRINGTABLES 	EQU 	1648
SYSSTRINGTEMP 	EQU 	46
SYSTEMP1 	EQU 	47
SYSTEMP1_H 	EQU 	48
SYSTEMP2 	EQU 	49
SYSUSBTEMPBUFFER_0 	EQU 	1927
SYSUSBTEMPBUFFER_1 	EQU 	1928
SYSUSBTEMPBUFFER_2 	EQU 	1929
SYSUSBTEMPBUFFER_3 	EQU 	1930
SYSUSBTEMPBUFFER_6 	EQU 	1933
SYSUSBTEMPSTRING_0 	EQU 	2005
SYSVALTEMP 	EQU 	50
SYSW 	EQU 	14
SYSWAITLOOP1 	EQU 	2098
SYSWAITLOOP2 	EQU 	612
SYSWAITLOOP3 	EQU 	578
SYSWAITLOOP4 	EQU 	586
SYSWAITLOOP5 	EQU 	1240
SYSWAITTEMP10US 	EQU 	5
SYSWAITTEMPMS 	EQU 	2
SYSWAITTEMPMS_H 	EQU 	3
SYSWAITTEMPS 	EQU 	4
T08BIT 	EQU 	6
T0CKI 	EQU 	4
T0CON 	EQU 	4053
T0CS 	EQU 	5
T0IE 	EQU 	5
T0IF 	EQU 	2
T0IP 	EQU 	2
T0PS0 	EQU 	0
T0PS1 	EQU 	1
T0PS2 	EQU 	2
T0SE 	EQU 	4
T13CKI 	EQU 	0
T1CKPS0 	EQU 	4
T1CKPS1 	EQU 	5
T1CON 	EQU 	4045
T1DONE 	EQU 	3
T1GCON 	EQU 	4044
T1GGO 	EQU 	3
T1GGO_NOT_DONE 	EQU 	3
T1GGO_NOT_T1DONE 	EQU 	3
T1GPOL 	EQU 	6
T1GSPM 	EQU 	4
T1GSS0 	EQU 	0
T1GSS1 	EQU 	1
T1GTM 	EQU 	5
T1GVAL 	EQU 	2
T1OSCEN 	EQU 	3
T1OSI 	EQU 	1
T1OSO 	EQU 	0
T1RD16 	EQU 	1
T1SOSCEN 	EQU 	3
T1SYNC 	EQU 	2
T2CKPS0 	EQU 	0
T2CKPS1 	EQU 	1
T2CON 	EQU 	4026
T2OUTPS0 	EQU 	3
T2OUTPS1 	EQU 	4
T2OUTPS2 	EQU 	5
T2OUTPS3 	EQU 	6
T3CKPS0 	EQU 	4
T3CKPS1 	EQU 	5
T3CON 	EQU 	4017
T3CON_RD16 	EQU 	1
T3CON_SOSCEN 	EQU 	3
T3DONE 	EQU 	3
T3GCON 	EQU 	4020
T3GGO 	EQU 	3
T3GGO_NOT_DONE 	EQU 	3
T3GGO_NOT_T3DONE 	EQU 	3
T3GPOL 	EQU 	6
T3GSPM 	EQU 	4
T3GSS0 	EQU 	0
T3GSS1 	EQU 	1
T3GTM 	EQU 	5
T3GVAL 	EQU 	2
T3OSCEN 	EQU 	3
T3RD16 	EQU 	1
T3SOSCEN 	EQU 	3
T3SYNC 	EQU 	2
TABLAT 	EQU 	4085
TABLEUSBCONFIGDESCRIPTOR 	EQU 	1882
TABLEUSBDEVICEDESCRIPTOR 	EQU 	1974
TABLEUSBDEVICEQUALDESCRIPTOR 	EQU 	2020
TBLPTR 	EQU 	4086
TBLPTRH 	EQU 	4087
TBLPTRL 	EQU 	4086
TBLPTRU 	EQU 	4088
TGEN 	EQU 	4
TMR0 	EQU 	4054
TMR0H 	EQU 	4055
TMR0IE 	EQU 	5
TMR0IF 	EQU 	2
TMR0IP 	EQU 	2
TMR0L 	EQU 	4054
TMR0ON 	EQU 	7
TMR1 	EQU 	4046
TMR1CS0 	EQU 	6
TMR1CS1 	EQU 	7
TMR1GE 	EQU 	7
TMR1GIE 	EQU 	0
TMR1GIF 	EQU 	0
TMR1GIP 	EQU 	0
TMR1H 	EQU 	4047
TMR1IE 	EQU 	0
TMR1IF 	EQU 	0
TMR1IP 	EQU 	0
TMR1L 	EQU 	4046
TMR1MD 	EQU 	0
TMR1ON 	EQU 	0
TMR2 	EQU 	4028
TMR2IE 	EQU 	1
TMR2IF 	EQU 	1
TMR2IP 	EQU 	1
TMR2MD 	EQU 	1
TMR2ON 	EQU 	2
TMR3 	EQU 	4018
TMR3CS0 	EQU 	6
TMR3CS1 	EQU 	7
TMR3GE 	EQU 	7
TMR3GIE 	EQU 	1
TMR3GIF 	EQU 	1
TMR3GIP 	EQU 	1
TMR3H 	EQU 	4019
TMR3IE 	EQU 	1
TMR3IF 	EQU 	1
TMR3IP 	EQU 	1
TMR3L 	EQU 	4018
TMR3MD 	EQU 	2
TMR3ON 	EQU 	0
TO 	EQU 	3
TOS 	EQU 	4093
TOSH 	EQU 	4094
TOSL 	EQU 	4093
TOSU 	EQU 	4095
TRIGEN 	EQU 	0
TRIGSEL 	EQU 	7
TRISA 	EQU 	3986
TRISA0 	EQU 	0
TRISA1 	EQU 	1
TRISA2 	EQU 	2
TRISA3 	EQU 	3
TRISA4 	EQU 	4
TRISA5 	EQU 	5
TRISA6 	EQU 	6
TRISA7 	EQU 	7
TRISA_RA0 	EQU 	0
TRISA_RA1 	EQU 	1
TRISA_RA2 	EQU 	2
TRISA_RA3 	EQU 	3
TRISA_RA4 	EQU 	4
TRISA_RA5 	EQU 	5
TRISA_RA6 	EQU 	6
TRISA_RA7 	EQU 	7
TRISA_TRISA0 	EQU 	0
TRISA_TRISA1 	EQU 	1
TRISA_TRISA2 	EQU 	2
TRISA_TRISA3 	EQU 	3
TRISA_TRISA4 	EQU 	4
TRISA_TRISA5 	EQU 	5
TRISA_TRISA6 	EQU 	6
TRISA_TRISA7 	EQU 	7
TRISB 	EQU 	3987
TRISB0 	EQU 	0
TRISB1 	EQU 	1
TRISB2 	EQU 	2
TRISB3 	EQU 	3
TRISB4 	EQU 	4
TRISB5 	EQU 	5
TRISB6 	EQU 	6
TRISB7 	EQU 	7
TRISB_RB0 	EQU 	0
TRISB_RB1 	EQU 	1
TRISB_RB2 	EQU 	2
TRISB_RB3 	EQU 	3
TRISB_RB4 	EQU 	4
TRISB_RB5 	EQU 	5
TRISB_RB6 	EQU 	6
TRISB_RB7 	EQU 	7
TRISB_TRISB0 	EQU 	0
TRISB_TRISB1 	EQU 	1
TRISB_TRISB2 	EQU 	2
TRISB_TRISB3 	EQU 	3
TRISB_TRISB4 	EQU 	4
TRISB_TRISB5 	EQU 	5
TRISB_TRISB6 	EQU 	6
TRISB_TRISB7 	EQU 	7
TRISC 	EQU 	3988
TRISC0 	EQU 	0
TRISC1 	EQU 	1
TRISC2 	EQU 	2
TRISC4 	EQU 	4
TRISC5 	EQU 	5
TRISC6 	EQU 	6
TRISC7 	EQU 	7
TRISC_RC0 	EQU 	0
TRISC_RC1 	EQU 	1
TRISC_RC2 	EQU 	2
TRISC_RC6 	EQU 	6
TRISC_RC7 	EQU 	7
TRISC_TRISC0 	EQU 	0
TRISC_TRISC1 	EQU 	1
TRISC_TRISC2 	EQU 	2
TRISC_TRISC4 	EQU 	4
TRISC_TRISC5 	EQU 	5
TRISC_TRISC6 	EQU 	6
TRISC_TRISC7 	EQU 	7
TRMT 	EQU 	1
TRNIE 	EQU 	3
TRNIF 	EQU 	3
TSEN 	EQU 	3
TSRNG 	EQU 	2
TUN0 	EQU 	0
TUN1 	EQU 	1
TUN2 	EQU 	2
TUN3 	EQU 	3
TUN4 	EQU 	4
TUN5 	EQU 	5
TUN6 	EQU 	6
TX 	EQU 	6
TX1IE 	EQU 	4
TX1IF 	EQU 	4
TX1IP 	EQU 	4
TX9 	EQU 	6
TX9D 	EQU 	0
TXCKP 	EQU 	4
TXEN 	EQU 	5
TXIE 	EQU 	4
TXIF 	EQU 	4
TXIP 	EQU 	4
TXREG 	EQU 	4013
TXREG1 	EQU 	4013
TXSTA 	EQU 	4012
TXSTA1 	EQU 	4012
TXSTA1_BRGH 	EQU 	2
TXSTA1_CSRC 	EQU 	7
TXSTA1_SENDB 	EQU 	3
TXSTA1_SYNC 	EQU 	4
TXSTA1_TRMT 	EQU 	1
TXSTA1_TX9 	EQU 	6
TXSTA1_TX9D 	EQU 	0
TXSTA1_TXEN 	EQU 	5
UA 	EQU 	1
UADDR 	EQU 	3939
UART1MD 	EQU 	6
UARTMD 	EQU 	6
UCFG 	EQU 	3938
UCON 	EQU 	3936
UEIE 	EQU 	3942
UEIR 	EQU 	3943
UEP0 	EQU 	3946
UEP0_EPCONDIS 	EQU 	3
UEP0_EPHSHK 	EQU 	4
UEP0_EPINEN 	EQU 	1
UEP0_EPOUTEN 	EQU 	2
UEP0_EPSTALL 	EQU 	0
UEP1 	EQU 	3947
UEP10 	EQU 	3956
UEP10_EPCONDIS 	EQU 	3
UEP10_EPHSHK 	EQU 	4
UEP10_EPINEN 	EQU 	1
UEP10_EPOUTEN 	EQU 	2
UEP10_EPSTALL 	EQU 	0
UEP11 	EQU 	3957
UEP11_EPCONDIS 	EQU 	3
UEP11_EPHSHK 	EQU 	4
UEP11_EPINEN 	EQU 	1
UEP11_EPOUTEN 	EQU 	2
UEP11_EPSTALL 	EQU 	0
UEP12 	EQU 	3958
UEP12_EPCONDIS 	EQU 	3
UEP12_EPHSHK 	EQU 	4
UEP12_EPINEN 	EQU 	1
UEP12_EPOUTEN 	EQU 	2
UEP12_EPSTALL 	EQU 	0
UEP13 	EQU 	3959
UEP13_EPCONDIS 	EQU 	3
UEP13_EPHSHK 	EQU 	4
UEP13_EPINEN 	EQU 	1
UEP13_EPOUTEN 	EQU 	2
UEP13_EPSTALL 	EQU 	0
UEP14 	EQU 	3960
UEP14_EPCONDIS 	EQU 	3
UEP14_EPHSHK 	EQU 	4
UEP14_EPINEN 	EQU 	1
UEP14_EPOUTEN 	EQU 	2
UEP14_EPSTALL 	EQU 	0
UEP15 	EQU 	3961
UEP15_EPCONDIS 	EQU 	3
UEP15_EPHSHK 	EQU 	4
UEP15_EPINEN 	EQU 	1
UEP15_EPOUTEN 	EQU 	2
UEP15_EPSTALL 	EQU 	0
UEP2 	EQU 	3948
UEP2_EPCONDIS 	EQU 	3
UEP2_EPHSHK 	EQU 	4
UEP2_EPINEN 	EQU 	1
UEP2_EPOUTEN 	EQU 	2
UEP2_EPSTALL 	EQU 	0
UEP3 	EQU 	3949
UEP3_EPCONDIS 	EQU 	3
UEP3_EPHSHK 	EQU 	4
UEP3_EPINEN 	EQU 	1
UEP3_EPOUTEN 	EQU 	2
UEP3_EPSTALL 	EQU 	0
UEP4 	EQU 	3950
UEP4_EPCONDIS 	EQU 	3
UEP4_EPHSHK 	EQU 	4
UEP4_EPINEN 	EQU 	1
UEP4_EPOUTEN 	EQU 	2
UEP4_EPSTALL 	EQU 	0
UEP5 	EQU 	3951
UEP5_EPCONDIS 	EQU 	3
UEP5_EPHSHK 	EQU 	4
UEP5_EPINEN 	EQU 	1
UEP5_EPOUTEN 	EQU 	2
UEP5_EPSTALL 	EQU 	0
UEP6 	EQU 	3952
UEP6_EPCONDIS 	EQU 	3
UEP6_EPHSHK 	EQU 	4
UEP6_EPINEN 	EQU 	1
UEP6_EPOUTEN 	EQU 	2
UEP6_EPSTALL 	EQU 	0
UEP7 	EQU 	3953
UEP7_EPCONDIS 	EQU 	3
UEP7_EPHSHK 	EQU 	4
UEP7_EPINEN 	EQU 	1
UEP7_EPOUTEN 	EQU 	2
UEP7_EPSTALL 	EQU 	0
UEP8 	EQU 	3954
UEP8_EPCONDIS 	EQU 	3
UEP8_EPHSHK 	EQU 	4
UEP8_EPINEN 	EQU 	1
UEP8_EPOUTEN 	EQU 	2
UEP8_EPSTALL 	EQU 	0
UEP9 	EQU 	3955
UEP9_EPCONDIS 	EQU 	3
UEP9_EPHSHK 	EQU 	4
UEP9_EPINEN 	EQU 	1
UEP9_EPOUTEN 	EQU 	2
UEP9_EPSTALL 	EQU 	0
UERRIE 	EQU 	1
UERRIF 	EQU 	1
UFRM 	EQU 	3944
UFRMH 	EQU 	3945
UFRML 	EQU 	3944
UIE 	EQU 	3940
UIR 	EQU 	3941
UOEMON 	EQU 	6
UPUEN 	EQU 	4
URSTIE 	EQU 	0
URSTIF 	EQU 	0
USBBMREQUESTTYPE 	EQU 	51
USBBUFFERSTAT 	EQU 	52
USBBUFFERWRITE14 	EQU 	1746
USBBUFFERWRITE15 	EQU 	1778
USBCONFIGDESCRIPTOR 	EQU 	1856
USBCURRBYTE 	EQU 	53
USBCURRCONFIGURATION 	EQU 	54
USBCURRENDPOINT 	EQU 	55
USBDESCINDEX 	EQU 	56
USBDESCSIZEIN 	EQU 	57
USBDESCSTART 	EQU 	58
USBDESCTYPE 	EQU 	59
USBDEVICEDESCRIPTOR 	EQU 	1948
USBDEVICEDESCRIPTORTABLES 	EQU 	108
USBDEVICEQUALDESCRIPTOR 	EQU 	1994
USBEN 	EQU 	3
USBHASDATA 	EQU 	60
USBIE 	EQU 	2
USBIF 	EQU 	2
USBINTERRUPTHANDLER 	EQU 	2030
USBIP 	EQU 	2
USBLASTCONTROL 	EQU 	61
USBMD 	EQU 	5
USBNEWADDRESS 	EQU 	62
USBPID 	EQU 	63
USBPROCESSSETUP 	EQU 	2392
USBRAM 	EQU 	1024
USBREQUEST 	EQU 	1928
USBSENDDATA1ACK 	EQU 	2560
USBSENDDESCRIPTOR 	EQU 	2572
USBSIZE 	EQU 	64
USBSTATE 	EQU 	65
USBTEMPBUFFER 	EQU 	1927
USBTEMPBYTE 	EQU 	66
USBTEMPSTRING 	EQU 	2005
USB_CNT_POINTER 	EQU 	67
USB_IN0_ADDR 	EQU 	1030
USB_IN0_ADDR_H 	EQU 	1031
USB_IN0_CNT 	EQU 	1029
USB_IN0_STAT 	EQU 	1028
USB_OUT0_ADDR 	EQU 	1026
USB_OUT0_ADDR_H 	EQU 	1027
USB_OUT0_CNT 	EQU 	1025
USB_OUT0_STAT 	EQU 	1024
USTAT 	EQU 	3937
UTEYE 	EQU 	7
UTRDIS 	EQU 	3
VDIRMAG 	EQU 	7
VERSIONSTRING 	EQU 	1964
VREFCON0 	EQU 	3965
VREFCON1 	EQU 	3964
VREFCON2 	EQU 	3963
VREFM 	EQU 	2
VREFP 	EQU 	3
VREGCON 	EQU 	3930
W 	EQU 	0
WCOL 	EQU 	7
WDTCON 	EQU 	4049
WPUB 	EQU 	3973
WPUB0 	EQU 	0
WPUB1 	EQU 	1
WPUB2 	EQU 	2
WPUB3 	EQU 	3
WPUB4 	EQU 	4
WPUB5 	EQU 	5
WPUB6 	EQU 	6
WPUB7 	EQU 	7
WR 	EQU 	1
WREG 	EQU 	4072
WREN 	EQU 	2
WRERR 	EQU 	3
WUE 	EQU 	1
Z 	EQU 	2
_USBINVALUE 	EQU 	68
_USBINVALUE_H 	EQU 	69

Code:
Loc	Obj Code	Original Assembly












































































































000000	EF06 F000	GOTO BASPROGRAMSTART

000008	D17B	BRA INTERRUPT



		BASPROGRAMSTART
00000C	D926	RCALL INITSYS
00000E	D93C	RCALL INITUSART
000010	D947	RCALL INITUSB
000012	8EF2	BSF INTCON,GIE,ACCESS
000014	8CF2	BSF INTCON,PEIE,ACCESS

000016	0E01	MOVLW 1
000018	6E04	MOVWF SYSWAITTEMPS,ACCESS
00001A	D857	RCALL DELAY_S
00001C	D87B	RCALL FN_GCBBUILDSTR
00001E	EE17 F0AC	LFSR 1,VERSIONSTRING
000022	6A06	CLRF SYSSTRINGLENGTH,ACCESS
000024	0E80	MOVLW LOW STRINGTABLE3
000026	6EF6	MOVWF TBLPTRL,ACCESS
000028	0E06	MOVLW HIGH STRINGTABLE3
00002A	6EF7	MOVWF TBLPTRH,ACCESS
00002C	DB14	RCALL SYSREADSTRINGPART
00002E	EE07 F06F	LFSR 0,GCBBUILDSTR
000032	DAEC	RCALL SYSCOPYSTRINGPART
000034	EE07 F0AC	LFSR 0,VERSIONSTRING
000038	C006 FFEF	MOVFF SYSSTRINGLENGTH, INDF0
00003C	D872	RCALL FN_GCBBUILDTIMESTR
00003E	EE17 F0AC	LFSR 1,VERSIONSTRING
000042	6A06	CLRF SYSSTRINGLENGTH,ACCESS
000044	EE07 F0AC	LFSR 0,VERSIONSTRING
000048	DAE1	RCALL SYSCOPYSTRINGPART
00004A	0E86	MOVLW LOW STRINGTABLE4
00004C	6EF6	MOVWF TBLPTRL,ACCESS
00004E	0E06	MOVLW HIGH STRINGTABLE4
000050	6EF7	MOVWF TBLPTRH,ACCESS
000052	DB01	RCALL SYSREADSTRINGPART
000054	EE07 F098	LFSR 0,GCBBUILDTIMESTR
000058	DAD9	RCALL SYSCOPYSTRINGPART
00005A	EE07 F0AC	LFSR 0,VERSIONSTRING
00005E	C006 FFEF	MOVFF SYSSTRINGLENGTH, INDF0
000062	9893	BCF TRISB,4,ACCESS
000064	9A93	BCF TRISB,5,ACCESS
000066	9E94	BCF TRISC,7,ACCESS
		SYSDOLOOP_S1
000068	D7FF	BRA SYSDOLOOP_S1
		SYSDOLOOP_E1
00006A	D000	BRA BASPROGRAMEND
		USBDEVICEDESCRIPTORTABLES
		BASPROGRAMEND
00006C	0003	SLEEP
00006E	D7FE	BRA BASPROGRAMEND


		DESCRIPTORHANDLER_CALLBACK
000070	EE17 F075	LFSR 1,SYSSTRINGPARAM2
000074	0E96	MOVLW LOW STRINGTABLE7
000076	6EF6	MOVWF TBLPTRL,ACCESS
000078	0E06	MOVLW HIGH STRINGTABLE7
00007A	6EF7	MOVWF TBLPTRH,ACCESS
00007C	DAE6	RCALL SYSREADSTRING
00007E	0E75	MOVLW LOW SYSSTRINGPARAM2
000080	6F2A	MOVWF SYSPRINTDATAHANDLER,BANKED
000082	0E07	MOVLW HIGH SYSSTRINGPARAM2
000084	6F2B	MOVWF SYSPRINTDATAHANDLER_H,BANKED
000086	0E01	MOVLW 1
000088	6F0B	MOVWF COMPORT,BANKED
00008A	D878	RCALL HSERPRINT273
00008C	C03B F027	MOVFF USBDESCTYPE,SERPRINTVAL
000090	0E01	MOVLW 1
000092	6F0B	MOVWF COMPORT,BANKED
000094	D890	RCALL HSERPRINT274
000096	0E01	MOVLW 1
000098	6F0C	MOVWF HSERPRINTCRLFCOUNT,BANKED
00009A	0E01	MOVLW 1
00009C	6F0B	MOVWF COMPORT,BANKED
00009E	D0C0	BRA HSERPRINTCRLF


		DELAY_10US
		D10US_START
0000A0	0E27	MOVLW 39
0000A2	6E00	MOVWF DELAYTEMP,ACCESS
		DELAYUS0
0000A4	2E00	DECFSZ DELAYTEMP,F,ACCESS
0000A6	D7FE	BRA DELAYUS0
0000A8	2E05	DECFSZ SYSWAITTEMP10US, F,ACCESS
0000AA	D7FA	BRA D10US_START
0000AC	0012	RETURN


		DELAY_MS
0000AE	2A03	INCF SYSWAITTEMPMS_H, F,ACCESS
		DMS_START
0000B0	0EB3	MOVLW 179
0000B2	6E01	MOVWF DELAYTEMP2,ACCESS
		DMS_OUTER
0000B4	0E15	MOVLW 21
0000B6	6E00	MOVWF DELAYTEMP,ACCESS
		DMS_INNER
0000B8	2E00	DECFSZ DELAYTEMP, F,ACCESS
0000BA	D7FE	BRA DMS_INNER
0000BC	2E01	DECFSZ DELAYTEMP2, F,ACCESS
0000BE	D7FA	BRA DMS_OUTER
0000C0	2E02	DECFSZ SYSWAITTEMPMS, F,ACCESS
0000C2	D7F6	BRA DMS_START
0000C4	2E03	DECFSZ SYSWAITTEMPMS_H, F,ACCESS
0000C6	D7F4	BRA DMS_START
0000C8	0012	RETURN


		DELAY_S
		DS_START
0000CA	0EE8	MOVLW 232
0000CC	6E02	MOVWF SYSWAITTEMPMS,ACCESS
0000CE	0E03	MOVLW 3
0000D0	6E03	MOVWF SYSWAITTEMPMS_H,ACCESS
0000D2	DFED	RCALL DELAY_MS
0000D4	2E04	DECFSZ SYSWAITTEMPS, F,ACCESS
0000D6	D7F9	BRA DS_START
0000D8	0012	RETURN


		ERRORHANDLER_CALLBACK
0000DA	EE17 F075	LFSR 1,SYSSTRINGPARAM2
0000DE	0E88	MOVLW LOW STRINGTABLE5
0000E0	6EF6	MOVWF TBLPTRL,ACCESS
0000E2	0E06	MOVLW HIGH STRINGTABLE5
0000E4	6EF7	MOVWF TBLPTRH,ACCESS
0000E6	DAB1	RCALL SYSREADSTRING
0000E8	0E75	MOVLW LOW SYSSTRINGPARAM2
0000EA	6F2A	MOVWF SYSPRINTDATAHANDLER,BANKED
0000EC	0E07	MOVLW HIGH SYSSTRINGPARAM2
0000EE	6F2B	MOVWF SYSPRINTDATAHANDLER_H,BANKED
0000F0	0E01	MOVLW 1
0000F2	6F0B	MOVWF COMPORT,BANKED
0000F4	D843	RCALL HSERPRINT273
0000F6	CF67 F032	MOVFF UEIR,SYSVALTEMP
0000FA	D81A	RCALL FN_HEX
0000FC	0E6B	MOVLW LOW HEX
0000FE	6F2A	MOVWF SYSPRINTDATAHANDLER,BANKED
000100	0E07	MOVLW HIGH HEX
000102	6F2B	MOVWF SYSPRINTDATAHANDLER_H,BANKED
000104	0E01	MOVLW 1
000106	6F0B	MOVWF COMPORT,BANKED
000108	D839	RCALL HSERPRINT273
00010A	0E01	MOVLW 1
00010C	6F0C	MOVWF HSERPRINTCRLFCOUNT,BANKED
00010E	0E01	MOVLW 1
000110	6F0B	MOVWF COMPORT,BANKED
000112	D086	BRA HSERPRINTCRLF


		FN_GCBBUILDSTR
000114	EE17 F06F	LFSR 1,GCBBUILDSTR
000118	0EBA	MOVLW LOW STRINGTABLE20
00011A	6EF6	MOVWF TBLPTRL,ACCESS
00011C	0E06	MOVLW HIGH STRINGTABLE20
00011E	6EF7	MOVWF TBLPTRH,ACCESS
000120	D294	BRA SYSREADSTRING


		FN_GCBBUILDTIMESTR
000122	EE17 F098	LFSR 1,GCBBUILDTIMESTR
000126	0EBE	MOVLW LOW STRINGTABLE21
000128	6EF6	MOVWF TBLPTRL,ACCESS
00012A	0E06	MOVLW HIGH STRINGTABLE21
00012C	6EF7	MOVWF TBLPTRH,ACCESS
00012E	D28D	BRA SYSREADSTRING


		FN_HEX
000130	0E02	MOVLW 2
000000	0107	BANKSEL SYSHEX_0
000134	6F6B	MOVWF SYSHEX_0,BANKED
000136	0E0F	MOVLW 15
000000	0100	BANKSEL SYSVALTEMP
00013A	1532	ANDWF SYSVALTEMP,W,BANKED
00013C	6F2E	MOVWF SYSSTRINGTEMP,BANKED
00013E	0809	SUBLW 9
000140	B0D8	BTFSC STATUS, C,ACCESS
000142	D002	BRA ENDIF50
000144	0E07	MOVLW 7
000146	272E	ADDWF SYSSTRINGTEMP,F,BANKED
		ENDIF50
000148	0E30	MOVLW 48
00014A	252E	ADDWF SYSSTRINGTEMP,W,BANKED
000000	0107	BANKSEL SYSHEX_2
00014E	6F6D	MOVWF SYSHEX_2,BANKED
000000	0100	BANKSEL SYSSTRINGTEMP
000152	6B2E	CLRF SYSSTRINGTEMP,BANKED
		SYSFORLOOP7
000154	2B2E	INCF SYSSTRINGTEMP,F,BANKED
000156	3332	RRCF SYSVALTEMP,F,BANKED
000158	0E04	MOVLW 4
00015A	5D2E	SUBWF SYSSTRINGTEMP,W,BANKED
00015C	A0D8	BTFSS STATUS, C,ACCESS
00015E	D7FA	BRA SYSFORLOOP7
		ENDIF51
		SYSFORLOOPEND7
000160	0E0F	MOVLW 15
000162	1532	ANDWF SYSVALTEMP,W,BANKED
000164	6F2E	MOVWF SYSSTRINGTEMP,BANKED
000166	0809	SUBLW 9
000168	B0D8	BTFSC STATUS, C,ACCESS
00016A	D002	BRA ENDIF52
00016C	0E07	MOVLW 7
00016E	272E	ADDWF SYSSTRINGTEMP,F,BANKED
		ENDIF52
000170	0E30	MOVLW 48
000172	252E	ADDWF SYSSTRINGTEMP,W,BANKED
000000	0107	BANKSEL SYSHEX_1
000176	6F6C	MOVWF SYSHEX_1,BANKED
000000	0100	BANKSEL 0
00017A	0012	RETURN


		HSERPRINT273
00017C	C02A FFE9	MOVFF SYSPRINTDATAHANDLER,AFSR0
000180	C02B FFEA	MOVFF SYSPRINTDATAHANDLER_H,AFSR0_H
000184	CFEF F012	MOVFF INDF0,PRINTLEN
000188	5312	MOVF PRINTLEN,F,BANKED
00018A	B4D8	BTFSC STATUS, Z,ACCESS
00018C	D013	BRA ENDIF34
00018E	6B2C	CLRF SYSPRINTTEMP,BANKED
000190	0E01	MOVLW 1
000192	5D12	SUBWF PRINTLEN,W,BANKED
000194	A0D8	BTFSS STATUS, C,ACCESS
000196	D00E	BRA SYSFORLOOPEND6
		ENDIF35
		SYSFORLOOP6
000198	2B2C	INCF SYSPRINTTEMP,F,BANKED
00019A	512C	MOVF SYSPRINTTEMP,W,BANKED
00019C	252A	ADDWF SYSPRINTDATAHANDLER,W,BANKED
00019E	6EE9	MOVWF AFSR0,ACCESS
0001A0	0E00	MOVLW 0
0001A2	212B	ADDWFC SYSPRINTDATAHANDLER_H,W,BANKED
0001A4	6EEA	MOVWF AFSR0_H,ACCESS
0001A6	CFEF F026	MOVFF INDF0,SERDATA
0001AA	D848	RCALL HSERSEND
0001AC	5112	MOVF PRINTLEN,W,BANKED
0001AE	5D2C	SUBWF SYSPRINTTEMP,W,BANKED
0001B0	A0D8	BTFSS STATUS, C,ACCESS
0001B2	D7F2	BRA SYSFORLOOP6
		ENDIF36
		SYSFORLOOPEND6
		ENDIF34
0001B4	0012	RETURN


		HSERPRINT274
0001B6	6B10	CLRF OUTVALUETEMP,BANKED
0001B8	0E64	MOVLW 100
0001BA	5D27	SUBWF SERPRINTVAL,W,BANKED
0001BC	A0D8	BTFSS STATUS, C,ACCESS
0001BE	D00D	BRA ENDIF37
0001C0	C027 F005	MOVFF SERPRINTVAL,SYSBYTETEMPA
0001C4	0E64	MOVLW 100
0001C6	6E09	MOVWF SYSBYTETEMPB,ACCESS
0001C8	DA2C	RCALL SYSDIVSUB
0001CA	C005 F010	MOVFF SYSBYTETEMPA,OUTVALUETEMP
0001CE	C000 F027	MOVFF SYSCALCTEMPX,SERPRINTVAL
0001D2	0E30	MOVLW 48
0001D4	2510	ADDWF OUTVALUETEMP,W,BANKED
0001D6	6F26	MOVWF SERDATA,BANKED
0001D8	D831	RCALL HSERSEND
		ENDIF37
0001DA	C010 F009	MOVFF OUTVALUETEMP,SYSBYTETEMPB
0001DE	6A05	CLRF SYSBYTETEMPA,ACCESS
0001E0	DA0B	RCALL SYSCOMPLESSTHAN
0001E2	C000 F031	MOVFF SYSBYTETEMPX,SYSTEMP2
0001E6	C027 F005	MOVFF SERPRINTVAL,SYSBYTETEMPA
0001EA	0E0A	MOVLW 10
0001EC	6E09	MOVWF SYSBYTETEMPB,ACCESS
0001EE	DA04	RCALL SYSCOMPLESSTHAN
0001F0	1E00	COMF SYSBYTETEMPX,F,ACCESS
0001F2	5131	MOVF SYSTEMP2,W,BANKED
0001F4	1000	IORWF SYSBYTETEMPX,W,ACCESS
0001F6	6F2F	MOVWF SYSTEMP1,BANKED
0001F8	A12F	BTFSS SYSTEMP1,0,BANKED
0001FA	D00D	BRA ENDIF38
0001FC	C027 F005	MOVFF SERPRINTVAL,SYSBYTETEMPA
000200	0E0A	MOVLW 10
000202	6E09	MOVWF SYSBYTETEMPB,ACCESS
000204	DA0E	RCALL SYSDIVSUB
000206	C005 F010	MOVFF SYSBYTETEMPA,OUTVALUETEMP
00020A	C000 F027	MOVFF SYSCALCTEMPX,SERPRINTVAL
00020E	0E30	MOVLW 48
000210	2510	ADDWF OUTVALUETEMP,W,BANKED
000212	6F26	MOVWF SERDATA,BANKED
000214	D813	RCALL HSERSEND
		ENDIF38
000216	0E30	MOVLW 48
000218	2527	ADDWF SERPRINTVAL,W,BANKED
00021A	6F26	MOVWF SERDATA,BANKED
00021C	D80F	RCALL HSERSEND
00021E	0012	RETURN


		HSERPRINTCRLF
000220	C00C F02D	MOVFF HSERPRINTCRLFCOUNT,SYSREPEATTEMP1
000224	532D	MOVF SYSREPEATTEMP1,F,BANKED
000226	B4D8	BTFSC STATUS, Z,ACCESS
000228	D008	BRA SYSREPEATLOOPEND1
		SYSREPEATLOOP1
00022A	0E0D	MOVLW 13
00022C	6F26	MOVWF SERDATA,BANKED
00022E	D806	RCALL HSERSEND
000230	0E0A	MOVLW 10
000232	6F26	MOVWF SERDATA,BANKED
000234	D803	RCALL HSERSEND
000236	2F2D	DECFSZ SYSREPEATTEMP1,F,BANKED
000238	D7F8	BRA SYSREPEATLOOP1
		SYSREPEATLOOPEND1
00023A	0012	RETURN


		HSERSEND
00023C	050B	DECF COMPORT,W,BANKED
00023E	A4D8	BTFSS STATUS, Z,ACCESS
000240	D00B	BRA ENDIF33
		SYSWAITLOOP3
000242	A89E	BTFSS PIR1,TXIF,ACCESS
000244	D7FE	BRA SYSWAITLOOP3
000246	C026 FFAD	MOVFF SERDATA,TXREG
		SYSWAITLOOP4
00024A	A2AC	BTFSS TXSTA,TRMT,ACCESS
00024C	D7FE	BRA SYSWAITLOOP4
00024E	0E01	MOVLW 1
000250	6E02	MOVWF SYSWAITTEMPMS,ACCESS
000252	6A03	CLRF SYSWAITTEMPMS_H,ACCESS
000254	DF2C	RCALL DELAY_MS
000256	0012	RETURN
		ENDIF33
000258	0012	RETURN


		INITSYS
00025A	8CD3	BSF OSCCON,IRCF2,ACCESS
00025C	8AD3	BSF OSCCON,IRCF1,ACCESS
00025E	88D3	BSF OSCCON,IRCF0,ACCESS
000260	8E9B	BSF OSCTUNE,SPLLMULT,ACCESS
000262	88D2	BSF OSCCON2,PLLEN,ACCESS
		SYSWAITLOOP2
000264	AED2	BTFSS OSCCON2,PLLRDY,ACCESS
000266	D7FE	BRA SYSWAITLOOP2
000268	6AE0	CLRF BSR,ACCESS
00026A	6AF8	CLRF TBLPTRU,ACCESS
00026C	9EC0	BCF ADCON2,ADFM,ACCESS
00026E	90C2	BCF ADCON0,ADON,ACCESS
000000	010F	BANKSEL ANSELA
000272	6B5B	CLRF ANSELA,BANKED
000274	6B5C	CLRF ANSELB,BANKED
000276	6B5D	CLRF ANSELC,BANKED
000278	9E99	BCF CM2CON0,C2ON,ACCESS
00027A	9E98	BCF CM1CON0,C1ON,ACCESS
00027C	6A80	CLRF PORTA,ACCESS
00027E	6A81	CLRF PORTB,ACCESS
000280	6A82	CLRF PORTC,ACCESS
000282	6A84	CLRF PORTE,ACCESS
000000	0100	BANKSEL 0
000286	0012	RETURN


		INITUSART
000288	0E01	MOVLW 1
00028A	6F0B	MOVWF COMPORT,BANKED
00028C	0E67	MOVLW 103
00028E	6EAF	MOVWF SPBRG,ACCESS
000290	6AB0	CLRF SPBRGH,ACCESS
000292	86B8	BSF BAUDCON,BRG16,ACCESS
000294	84AC	BSF TXSTA,BRGH,ACCESS
000296	98AC	BCF TXSTA,SYNC,ACCESS
000298	8EAB	BSF RCSTA,SPEN,ACCESS
00029A	88AB	BSF RCSTA,CREN,ACCESS
00029C	8AAC	BSF TXSTA,TXEN,ACCESS
00029E	0012	RETURN


		INITUSB
0002A0	0E02	MOVLW 2
0002A2	6E02	MOVWF SYSWAITTEMPMS,ACCESS
0002A4	6A03	CLRF SYSWAITTEMPMS_H,ACCESS
0002A6	DF03	RCALL DELAY_MS
0002A8	0E7F	MOVLW 127
0002AA	6E64	MOVWF UIE,ACCESS
0002AC	0E9F	MOVLW 159
0002AE	6E66	MOVWF UEIE,ACCESS
0002B0	84A3	BSF PIE3,USBIE,ACCESS
0002B2	8462	BSF UCFG,FSEN,ACCESS
0002B4	9662	BCF UCFG,UTRDIS,ACCESS
0002B6	8862	BSF UCFG,UPUEN,ACCESS
0002B8	0E08	MOVLW 8
000000	0104	BANKSEL USB_OUT0_STAT
0002BC	6F00	MOVWF USB_OUT0_STAT,BANKED
0002BE	0E08	MOVLW 8
0002C0	6F04	MOVWF USB_IN0_STAT,BANKED
		SYSDOLOOP_S2
0002C2	A665	BTFSS UIR,TRNIF,ACCESS
0002C4	D002	BRA SYSDOLOOP_E2
0002C6	9665	BCF UIR,TRNIF,ACCESS
0002C8	D7FC	BRA SYSDOLOOP_S2
		SYSDOLOOP_E2
0002CA	6A6A	CLRF UEP0,ACCESS
0002CC	0E40	MOVLW 64
0002CE	6F06	MOVWF USB_IN0_ADDR,BANKED
0002D0	0E04	MOVLW 4
0002D2	6F07	MOVWF USB_IN0_ADDR_H,BANKED
0002D4	0EC0	MOVLW 192
0002D6	6F02	MOVWF USB_OUT0_ADDR,BANKED
0002D8	0E04	MOVLW 4
0002DA	6F03	MOVWF USB_OUT0_ADDR_H,BANKED
0002DC	6B05	CLRF USB_IN0_CNT,BANKED
0002DE	0E80	MOVLW 128
0002E0	6F01	MOVWF USB_OUT0_CNT,BANKED
0002E2	0E08	MOVLW 8
0002E4	6F04	MOVWF USB_IN0_STAT,BANKED
0002E6	0E88	MOVLW 136
0002E8	6F00	MOVWF USB_OUT0_STAT,BANKED
0002EA	9860	BCF UCON,PKTDIS,ACCESS
0002EC	0E16	MOVLW 22
0002EE	6E6A	MOVWF UEP0,ACCESS
0002F0	6A65	CLRF UIR,ACCESS
0002F2	6A67	CLRF UEIR,ACCESS
0002F4	6A63	CLRF UADDR,ACCESS
000000	0100	BANKSEL USBSTATE
0002F8	6B41	CLRF USBSTATE,BANKED
0002FA	6B36	CLRF USBCURRCONFIGURATION,BANKED
0002FC	8660	BSF UCON,USBEN,ACCESS
0002FE	0012	RETURN


		INTERRUPT
000300	CFE8 F00E	MOVFF WREG,SYSW
000304	CFD8 F00F	MOVFF STATUS,SYSSTATUS
000308	CFE0 F029	MOVFF BSR,SYSBSR
00030C	C02F F021	MOVFF SYSTEMP1,SAVESYSTEMP1
000310	C005 F01B	MOVFF SYSBYTETEMPA,SAVESYSBYTETEMPA
000314	C009 F01C	MOVFF SYSBYTETEMPB,SAVESYSBYTETEMPB
000318	CFE9 F018	MOVFF FSR0L,SAVEFSR0L
00031C	CFEA F017	MOVFF FSR0H,SAVEFSR0H
000320	CFE1 F01A	MOVFF FSR1L,SAVEFSR1L
000324	CFE2 F019	MOVFF FSR1H,SAVEFSR1H
000328	C006 F020	MOVFF SYSSTRINGLENGTH,SAVESYSSTRINGLENGTH
00032C	C000 F01D	MOVFF SYSBYTETEMPX,SAVESYSBYTETEMPX
000330	C004 F01E	MOVFF SYSDIVLOOP,SAVESYSDIVLOOP
000334	C002 F024	MOVFF SYSWAITTEMPMS,SAVESYSWAITTEMPMS
000338	C003 F025	MOVFF SYSWAITTEMPMS_H,SAVESYSWAITTEMPMS_H
00033C	C001 F016	MOVFF DELAYTEMP2,SAVEDELAYTEMP2
000340	C031 F023	MOVFF SYSTEMP2,SAVESYSTEMP2
000344	C030 F022	MOVFF SYSTEMP1_H,SAVESYSTEMP1_H
000348	C007 F01F	MOVFF SYSSTRINGA,SAVESYSSTRINGA
00034C	A4A3	BTFSS PIE3,USBIE,ACCESS
00034E	D005	BRA NOTUSBIF
000350	A4A4	BTFSS PIR3,USBIF,ACCESS
000352	D003	BRA NOTUSBIF
000354	DA4C	RCALL USBINTERRUPTHANDLER
000356	94A4	BCF PIR3,USBIF,ACCESS
000358	D000	BRA INTERRUPTDONE
		NOTUSBIF
		INTERRUPTDONE
00035A	C021 F02F	MOVFF SAVESYSTEMP1,SYSTEMP1
00035E	C01B F005	MOVFF SAVESYSBYTETEMPA,SYSBYTETEMPA
000362	C01C F009	MOVFF SAVESYSBYTETEMPB,SYSBYTETEMPB
000366	C018 FFE9	MOVFF SAVEFSR0L,FSR0L
00036A	C017 FFEA	MOVFF SAVEFSR0H,FSR0H
00036E	C01A FFE1	MOVFF SAVEFSR1L,FSR1L
000372	C019 FFE2	MOVFF SAVEFSR1H,FSR1H
000376	C020 F006	MOVFF SAVESYSSTRINGLENGTH,SYSSTRINGLENGTH
00037A	C01D F000	MOVFF SAVESYSBYTETEMPX,SYSBYTETEMPX
00037E	C01E F004	MOVFF SAVESYSDIVLOOP,SYSDIVLOOP
000382	C024 F002	MOVFF SAVESYSWAITTEMPMS,SYSWAITTEMPMS
000386	C025 F003	MOVFF SAVESYSWAITTEMPMS_H,SYSWAITTEMPMS_H
00038A	C016 F001	MOVFF SAVEDELAYTEMP2,DELAYTEMP2
00038E	C023 F031	MOVFF SAVESYSTEMP2,SYSTEMP2
000392	C022 F030	MOVFF SAVESYSTEMP1_H,SYSTEMP1_H
000396	C01F F007	MOVFF SAVESYSSTRINGA,SYSSTRINGA
00039A	C00E FFE8	MOVFF SYSW,WREG
00039E	C00F FFD8	MOVFF SYSSTATUS,STATUS
0003A2	C029 FFE0	MOVFF SYSBSR,BSR
0003A6	0010	RETFIE 0


		FN_PEEK
0003A8	CFEA FFEA	MOVFF MEMADR_H,FSR0H
0003AC	CFE9 FFE9	MOVFF MEMADR,FSR0L
0003B0	CFEF F011	MOVFF INDF0,PEEK
0003B4	0012	RETURN


		POKE
0003B6	C00D FFEF	MOVFF MEMDATA,INDF0
0003BA	0012	RETURN


		FN_READAD1022
0003BC	8EC0	BSF ADCON2,ADFM,ACCESS
		SYSSELECT7CASE1
0003BE	530A	MOVF ADREADPORT,F,BANKED
0003C0	A4D8	BTFSS STATUS, Z,ACCESS
0003C2	D003	BRA SYSSELECT7CASE2
000000	010F	BANKSEL ANSELA
0003C6	815B	BSF ANSELA,0,BANKED
0003C8	D06E	BRA SYSSELECTEND7
		SYSSELECT7CASE2
0003CA	050A	DECF ADREADPORT,W,BANKED
0003CC	A4D8	BTFSS STATUS, Z,ACCESS
0003CE	D003	BRA SYSSELECT7CASE3
000000	010F	BANKSEL ANSELA
0003D2	835B	BSF ANSELA,1,BANKED
0003D4	D068	BRA SYSSELECTEND7
		SYSSELECT7CASE3
0003D6	0E02	MOVLW 2
0003D8	5D0A	SUBWF ADREADPORT,W,BANKED
0003DA	A4D8	BTFSS STATUS, Z,ACCESS
0003DC	D003	BRA SYSSELECT7CASE4
000000	010F	BANKSEL ANSELA
0003E0	855B	BSF ANSELA,2,BANKED
0003E2	D061	BRA SYSSELECTEND7
		SYSSELECT7CASE4
0003E4	0E03	MOVLW 3
0003E6	5D0A	SUBWF ADREADPORT,W,BANKED
0003E8	A4D8	BTFSS STATUS, Z,ACCESS
0003EA	D003	BRA SYSSELECT7CASE5
000000	010F	BANKSEL ANSELA
0003EE	875B	BSF ANSELA,3,BANKED
0003F0	D05A	BRA SYSSELECTEND7
		SYSSELECT7CASE5
0003F2	0E04	MOVLW 4
0003F4	5D0A	SUBWF ADREADPORT,W,BANKED
0003F6	A4D8	BTFSS STATUS, Z,ACCESS
0003F8	D003	BRA SYSSELECT7CASE6
000000	010F	BANKSEL ANSELA
0003FC	8B5B	BSF ANSELA,5,BANKED
0003FE	D053	BRA SYSSELECTEND7
		SYSSELECT7CASE6
000400	0E0C	MOVLW 12
000402	5D0A	SUBWF ADREADPORT,W,BANKED
000404	A4D8	BTFSS STATUS, Z,ACCESS
000406	D003	BRA SYSSELECT7CASE7
000000	010F	BANKSEL ANSELB
00040A	815C	BSF ANSELB,0,BANKED
00040C	D04C	BRA SYSSELECTEND7
		SYSSELECT7CASE7
00040E	0E0A	MOVLW 10
000410	5D0A	SUBWF ADREADPORT,W,BANKED
000412	A4D8	BTFSS STATUS, Z,ACCESS
000414	D003	BRA SYSSELECT7CASE8
000000	010F	BANKSEL ANSELB
000418	835C	BSF ANSELB,1,BANKED
00041A	D045	BRA SYSSELECTEND7
		SYSSELECT7CASE8
00041C	0E08	MOVLW 8
00041E	5D0A	SUBWF ADREADPORT,W,BANKED
000420	A4D8	BTFSS STATUS, Z,ACCESS
000422	D003	BRA SYSSELECT7CASE9
000000	010F	BANKSEL ANSELB
000426	855C	BSF ANSELB,2,BANKED
000428	D03E	BRA SYSSELECTEND7
		SYSSELECT7CASE9
00042A	0E09	MOVLW 9
00042C	5D0A	SUBWF ADREADPORT,W,BANKED
00042E	A4D8	BTFSS STATUS, Z,ACCESS
000430	D003	BRA SYSSELECT7CASE10
000000	010F	BANKSEL ANSELB
000434	875C	BSF ANSELB,3,BANKED
000436	D037	BRA SYSSELECTEND7
		SYSSELECT7CASE10
000438	0E0B	MOVLW 11
00043A	5D0A	SUBWF ADREADPORT,W,BANKED
00043C	A4D8	BTFSS STATUS, Z,ACCESS
00043E	D003	BRA SYSSELECT7CASE11
000000	010F	BANKSEL ANSELB
000442	895C	BSF ANSELB,4,BANKED
000444	D030	BRA SYSSELECTEND7
		SYSSELECT7CASE11
000446	0E0D	MOVLW 13
000448	5D0A	SUBWF ADREADPORT,W,BANKED
00044A	A4D8	BTFSS STATUS, Z,ACCESS
00044C	D003	BRA SYSSELECT7CASE12
000000	010F	BANKSEL ANSELB
000450	8B5C	BSF ANSELB,5,BANKED
000452	D029	BRA SYSSELECTEND7
		SYSSELECT7CASE12
000454	0E0E	MOVLW 14
000456	5D0A	SUBWF ADREADPORT,W,BANKED
000458	A4D8	BTFSS STATUS, Z,ACCESS
00045A	D003	BRA SYSSELECT7CASE13
000000	010F	BANKSEL ANSELC
00045E	855D	BSF ANSELC,2,BANKED
000460	D022	BRA SYSSELECTEND7
		SYSSELECT7CASE13
000462	0E0F	MOVLW 15
000464	5D0A	SUBWF ADREADPORT,W,BANKED
000466	A4D8	BTFSS STATUS, Z,ACCESS
000468	D003	BRA SYSSELECT7CASE14
000000	010F	BANKSEL ANSELC
00046C	875D	BSF ANSELC,3,BANKED
00046E	D01B	BRA SYSSELECTEND7
		SYSSELECT7CASE14
000470	0E10	MOVLW 16
000472	5D0A	SUBWF ADREADPORT,W,BANKED
000474	A4D8	BTFSS STATUS, Z,ACCESS
000476	D003	BRA SYSSELECT7CASE15
000000	010F	BANKSEL ANSELC
00047A	895D	BSF ANSELC,4,BANKED
00047C	D014	BRA SYSSELECTEND7
		SYSSELECT7CASE15
00047E	0E11	MOVLW 17
000480	5D0A	SUBWF ADREADPORT,W,BANKED
000482	A4D8	BTFSS STATUS, Z,ACCESS
000484	D003	BRA SYSSELECT7CASE16
000000	010F	BANKSEL ANSELC
000488	8B5D	BSF ANSELC,5,BANKED
00048A	D00D	BRA SYSSELECTEND7
		SYSSELECT7CASE16
00048C	0E12	MOVLW 18
00048E	5D0A	SUBWF ADREADPORT,W,BANKED
000490	A4D8	BTFSS STATUS, Z,ACCESS
000492	D003	BRA SYSSELECT7CASE17
000000	010F	BANKSEL ANSELC
000496	8D5D	BSF ANSELC,6,BANKED
000498	D006	BRA SYSSELECTEND7
		SYSSELECT7CASE17
00049A	0E13	MOVLW 19
00049C	5D0A	SUBWF ADREADPORT,W,BANKED
00049E	A4D8	BTFSS STATUS, Z,ACCESS
0004A0	D002	BRA SYSSELECTEND7
000000	010F	BANKSEL ANSELC
0004A4	8F5D	BSF ANSELC,7,BANKED
		SYSSELECTEND7
0004A6	94C0	BCF ADCON2,ADCS2,ACCESS
0004A8	82C0	BSF ADCON2,ADCS1,ACCESS
0004AA	90C0	BCF ADCON2,ADCS0,ACCESS
0004AC	94C2	BCF ADCON0,CHS0,ACCESS
0004AE	96C2	BCF ADCON0,CHS1,ACCESS
0004B0	98C2	BCF ADCON0,CHS2,ACCESS
0004B2	9AC2	BCF ADCON0,CHS3,ACCESS
0004B4	9CC2	BCF ADCON0,CHS4,ACCESS
000000	0100	BANKSEL ADREADPORT
0004B8	B10A	BTFSC ADREADPORT,0,BANKED
0004BA	84C2	BSF ADCON0,CHS0,ACCESS
		ENDIF45
0004BC	B30A	BTFSC ADREADPORT,1,BANKED
0004BE	86C2	BSF ADCON0,CHS1,ACCESS
		ENDIF46
0004C0	B50A	BTFSC ADREADPORT,2,BANKED
0004C2	88C2	BSF ADCON0,CHS2,ACCESS
		ENDIF47
0004C4	B70A	BTFSC ADREADPORT,3,BANKED
0004C6	8AC2	BSF ADCON0,CHS3,ACCESS
		ENDIF48
0004C8	B90A	BTFSC ADREADPORT,4,BANKED
0004CA	8CC2	BSF ADCON0,CHS4,ACCESS
		ENDIF49
0004CC	80C2	BSF ADCON0,ADON,ACCESS
0004CE	0E02	MOVLW 2
0004D0	6E05	MOVWF SYSWAITTEMP10US,ACCESS
0004D2	DDE6	RCALL DELAY_10US
0004D4	82C2	BSF ADCON0,GO_NOT_DONE,ACCESS
0004D6	0000	NOP
		SYSWAITLOOP5
0004D8	B2C2	BTFSC ADCON0,GO_NOT_DONE,ACCESS
0004DA	D7FE	BRA SYSWAITLOOP5
0004DC	90C2	BCF ADCON0,ADON,ACCESS
000000	010F	BANKSEL ANSELA
0004E0	6B5B	CLRF ANSELA,BANKED
0004E2	6B5C	CLRF ANSELB,BANKED
0004E4	6B5D	CLRF ANSELC,BANKED
0004E6	CFC3 F013	MOVFF ADRESL,READAD10
000000	0100	BANKSEL READAD10_H
0004EC	6B15	CLRF READAD10_H,BANKED
0004EE	CFC4 F015	MOVFF ADRESH,READAD10_H
0004F2	9EC0	BCF ADCON2,ADFM,ACCESS
0004F4	0012	RETURN


		SETUPHANDLER_CALLBACK
		SYSSELECT6CASE1
0004F6	0E86	MOVLW 134
000000	0107	BANKSEL USBREQUEST
0004FA	5D88	SUBWF USBREQUEST,W,BANKED
0004FC	A4D8	BTFSS STATUS, Z,ACCESS
0004FE	D009	BRA SYSSELECT6CASE2
000000	0100	BANKSEL _USBINVALUE
000502	6B44	CLRF _USBINVALUE,BANKED
000504	B881	BTFSC PORTB,4,ACCESS
000506	2B44	INCF _USBINVALUE,F,BANKED
		ENDIF39
000508	D8E4	RCALL USBBUFFERWRITE14
00050A	988A	BCF LATB,4,ACCESS
00050C	B144	BTFSC _USBINVALUE,0,BANKED
00050E	888A	BSF LATB,4,ACCESS
		ENDIF40
000510	D071	BRA SYSSELECTEND6
		SYSSELECT6CASE2
000512	0E87	MOVLW 135
000514	5D88	SUBWF USBREQUEST,W,BANKED
000516	A4D8	BTFSS STATUS, Z,ACCESS
000518	D002	BRA SYSSELECT6CASE3
00051A	888A	BSF LATB,4,ACCESS
00051C	D06B	BRA SYSSELECTEND6
		SYSSELECT6CASE3
00051E	0E88	MOVLW 136
000520	5D88	SUBWF USBREQUEST,W,BANKED
000522	A4D8	BTFSS STATUS, Z,ACCESS
000524	D002	BRA SYSSELECT6CASE4
000526	988A	BCF LATB,4,ACCESS
000528	D065	BRA SYSSELECTEND6
		SYSSELECT6CASE4
00052A	0E82	MOVLW 130
00052C	5D88	SUBWF USBREQUEST,W,BANKED
00052E	A4D8	BTFSS STATUS, Z,ACCESS
000530	D009	BRA SYSSELECT6CASE5
000000	0100	BANKSEL _USBINVALUE
000534	6B44	CLRF _USBINVALUE,BANKED
000536	BA81	BTFSC PORTB,5,ACCESS
000538	2B44	INCF _USBINVALUE,F,BANKED
		ENDIF41
00053A	D8CB	RCALL USBBUFFERWRITE14
00053C	9A8A	BCF LATB,5,ACCESS
00053E	B144	BTFSC _USBINVALUE,0,BANKED
000540	8A8A	BSF LATB,5,ACCESS
		ENDIF42
000542	D058	BRA SYSSELECTEND6
		SYSSELECT6CASE5
000544	0E83	MOVLW 131
000546	5D88	SUBWF USBREQUEST,W,BANKED
000548	A4D8	BTFSS STATUS, Z,ACCESS
00054A	D002	BRA SYSSELECT6CASE6
00054C	8A8A	BSF LATB,5,ACCESS
00054E	D052	BRA SYSSELECTEND6
		SYSSELECT6CASE6
000550	0E84	MOVLW 132
000552	5D88	SUBWF USBREQUEST,W,BANKED
000554	A4D8	BTFSS STATUS, Z,ACCESS
000556	D002	BRA SYSSELECT6CASE7
000558	9A8A	BCF LATB,5,ACCESS
00055A	D04C	BRA SYSSELECTEND6
		SYSSELECT6CASE7
00055C	0E85	MOVLW 133
00055E	5D88	SUBWF USBREQUEST,W,BANKED
000560	A4D8	BTFSS STATUS, Z,ACCESS
000562	D021	BRA SYSSELECT6CASE8
000000	0100	BANKSEL ADREADPORT
000566	6B0A	CLRF ADREADPORT,BANKED
000568	DF29	RCALL FN_READAD1022
00056A	C013 F044	MOVFF SYSREADAD10WORD,_USBINVALUE
00056E	C015 F045	MOVFF SYSREADAD10WORD_H,_USBINVALUE_H
000572	D8BF	RCALL USBBUFFERWRITE15
000574	0E01	MOVLW 1
000576	6F0A	MOVWF ADREADPORT,BANKED
000578	DF21	RCALL FN_READAD1022
00057A	C013 F044	MOVFF SYSREADAD10WORD,_USBINVALUE
00057E	C015 F045	MOVFF SYSREADAD10WORD_H,_USBINVALUE_H
000582	D8B7	RCALL USBBUFFERWRITE15
000584	0E02	MOVLW 2
000586	6F0A	MOVWF ADREADPORT,BANKED
000588	DF19	RCALL FN_READAD1022
00058A	C013 F044	MOVFF SYSREADAD10WORD,_USBINVALUE
00058E	C015 F045	MOVFF SYSREADAD10WORD_H,_USBINVALUE_H
000592	D8AF	RCALL USBBUFFERWRITE15
000594	0E03	MOVLW 3
000596	6F0A	MOVWF ADREADPORT,BANKED
000598	DF11	RCALL FN_READAD1022
00059A	C013 F044	MOVFF SYSREADAD10WORD,_USBINVALUE
00059E	C015 F045	MOVFF SYSREADAD10WORD_H,_USBINVALUE_H
0005A2	D8A7	RCALL USBBUFFERWRITE15
0005A4	D027	BRA SYSSELECTEND6
		SYSSELECT6CASE8
0005A6	2988	INCF USBREQUEST,W,BANKED
0005A8	A4D8	BTFSS STATUS, Z,ACCESS
0005AA	D00B	BRA SYSSELECT6CASE9
000000	0100	BANKSEL _USBINVALUE
0005AE	6944	SETF _USBINVALUE,BANKED
0005B0	D890	RCALL USBBUFFERWRITE14
0005B2	6B31	CLRF SYSTEMP2,BANKED
0005B4	BE82	BTFSC PORTC,7,ACCESS
0005B6	2B31	INCF SYSTEMP2,F,BANKED
		ENDIF43
0005B8	1F31	COMF SYSTEMP2,F,BANKED
0005BA	9E8B	BCF LATC,7,ACCESS
0005BC	B131	BTFSC SYSTEMP2,0,BANKED
0005BE	8E8B	BSF LATC,7,ACCESS
		ENDIF44
0005C0	D019	BRA SYSSELECTEND6
		SYSSELECT6CASE9
0005C2	EE17 F075	LFSR 1,SYSSTRINGPARAM2
0005C6	0E90	MOVLW LOW STRINGTABLE6
0005C8	6EF6	MOVWF TBLPTRL,ACCESS
0005CA	0E06	MOVLW HIGH STRINGTABLE6
0005CC	6EF7	MOVWF TBLPTRH,ACCESS
000000	0100	BANKSEL 0
0005D0	D83C	RCALL SYSREADSTRING
0005D2	0E75	MOVLW LOW SYSSTRINGPARAM2
0005D4	6F2A	MOVWF SYSPRINTDATAHANDLER,BANKED
0005D6	0E07	MOVLW HIGH SYSSTRINGPARAM2
0005D8	6F2B	MOVWF SYSPRINTDATAHANDLER_H,BANKED
0005DA	0E01	MOVLW 1
0005DC	6F0B	MOVWF COMPORT,BANKED
0005DE	DDCE	RCALL HSERPRINT273
0005E0	C788 F027	MOVFF SYSUSBTEMPBUFFER_1,SERPRINTVAL
0005E4	0E01	MOVLW 1
0005E6	6F0B	MOVWF COMPORT,BANKED
0005E8	DDE6	RCALL HSERPRINT274
0005EA	0E01	MOVLW 1
0005EC	6F0C	MOVWF HSERPRINTCRLFCOUNT,BANKED
0005EE	0E01	MOVLW 1
0005F0	6F0B	MOVWF COMPORT,BANKED
0005F2	DE16	RCALL HSERPRINTCRLF
		SYSSELECTEND6
000000	0100	BANKSEL 0
0005F6	0012	RETURN


		SYSCOMPLESSTHAN
0005F8	6800	SETF SYSBYTETEMPX,ACCESS
0005FA	5009	MOVF SYSBYTETEMPB, W,ACCESS
0005FC	6005	CPFSLT SYSBYTETEMPA,ACCESS
0005FE	6A00	CLRF SYSBYTETEMPX,ACCESS
000600	0012	RETURN


		SYSCOPYSTRING
000602	CFEF F005	MOVFF INDF0, SYSCALCTEMPA
000606	C005 FFE7	MOVFF SYSCALCTEMPA, INDF1
00060A	D003	BRA SYSCOPYSTRINGCHECK
		SYSCOPYSTRINGPART
00060C	50EF	MOVF INDF0, W,ACCESS
00060E	6E05	MOVWF SYSCALCTEMPA,ACCESS
000610	2606	ADDWF SYSSTRINGLENGTH, F,ACCESS
		SYSCOPYSTRINGCHECK
000612	5205	MOVF SYSCALCTEMPA,F,ACCESS
000614	B4D8	BTFSC STATUS,Z,ACCESS
000616	0012	RETURN
		SYSSTRINGCOPY
000618	CFEC FFE4	MOVFF PREINC0, PREINC1
00061C	2E05	DECFSZ SYSCALCTEMPA, F,ACCESS
00061E	D7FC	BRA SYSSTRINGCOPY
000620	0012	RETURN


		SYSDIVSUB
000622	5209	MOVF SYSBYTETEMPB, F,ACCESS
000624	B4D8	BTFSC STATUS, Z,ACCESS
000626	0012	RETURN
000628	6A00	CLRF SYSBYTETEMPX,ACCESS
00062A	0E08	MOVLW 8
00062C	6E04	MOVWF SYSDIVLOOP,ACCESS
		SYSDIV8START
00062E	90D8	BCF STATUS, C,ACCESS
000630	3605	RLCF SYSBYTETEMPA, F,ACCESS
000632	3600	RLCF SYSBYTETEMPX, F,ACCESS
000634	5009	MOVF SYSBYTETEMPB, W,ACCESS
000636	5E00	SUBWF SYSBYTETEMPX, F,ACCESS
000638	8005	BSF SYSBYTETEMPA, 0,ACCESS
00063A	B0D8	BTFSC STATUS, C,ACCESS
00063C	D003	BRA DIV8NOTNEG
00063E	9005	BCF SYSBYTETEMPA, 0,ACCESS
000640	5009	MOVF SYSBYTETEMPB, W,ACCESS
000642	2600	ADDWF SYSBYTETEMPX, F,ACCESS
		DIV8NOTNEG
000644	2E04	DECFSZ SYSDIVLOOP, F,ACCESS
000646	D7F3	BRA SYSDIV8START
000648	0012	RETURN


		SYSREADSTRING
00064A	0009	TBLRD*+
00064C	CFF5 F005	MOVFF TABLAT,SYSCALCTEMPA
000650	CFF5 FFE7	MOVFF TABLAT,INDF1
000654	D004	BRA SYSSTRINGREADCHECK
		SYSREADSTRINGPART
000656	0009	TBLRD*+
000658	50F5	MOVF TABLAT, W,ACCESS
00065A	6E05	MOVWF SYSCALCTEMPA,ACCESS
00065C	2606	ADDWF SYSSTRINGLENGTH,F,ACCESS
		SYSSTRINGREADCHECK
00065E	5205	MOVF SYSCALCTEMPA,F,ACCESS
000660	B4D8	BTFSC STATUS,Z,ACCESS
000662	0012	RETURN
		SYSSTRINGREAD
000664	0009	TBLRD*+
000666	CFF5 FFE4	MOVFF TABLAT,PREINC1
00066A	2E05	DECFSZ SYSCALCTEMPA, F,ACCESS
00066C	D7FB	BRA SYSSTRINGREAD
00066E	0012	RETURN


		SYSSTRINGTABLES

		STRINGTABLE1
000670	430E 4344 5520 4253 7620 2E31 2E34 0032	RAW 430E,4344,5520,4253,7620,2E31,2E34,0032


		STRINGTABLE3
000680	4205 6975 646C	RAW 4205,6975,646C


		STRINGTABLE4
000686	4001	RAW 4001


		STRINGTABLE5
000688	4507 7272 726F 203A	RAW 4507,7272,726F,203A


		STRINGTABLE6
000690	5204 7165 0020	RAW 5204,7165,0020


		STRINGTABLE7
000696	4406 7365 3A63 0020	RAW 4406,7365,3A63,0020


		STRINGTABLE8
00069E	470F 6572 7461 4320 776F 4220 5341 4349	RAW 470F,6572,7461,4320,776F,4220,5341,4349


		STRINGTABLE12
0006AE	5008 4449 4520 7272 0020	RAW 5008,4449,4520,7272,0020


		STRINGTABLE13
0006B8	0000	RAW 0000


		STRINGTABLE20
0006BA	3202 0039	RAW 3202,0039


		STRINGTABLE21
0006BE	3113 2D31 3131 322D 3130 2038 3930 333A 3A32 3530	RAW 3113,2D31,3131,322D,3130,2038,3930,333A,3A32,3530



		USBBUFFERWRITE14
000000	0104	BANKSEL USB_IN0_CNT
0006D4	2B05	INCF USB_IN0_CNT,F,BANKED
000000	0100	BANKSEL USB_CNT_POINTER
0006D8	5143	MOVF USB_CNT_POINTER,W,BANKED
000000	0104	BANKSEL USB_IN0_ADDR
0006DC	2506	ADDWF USB_IN0_ADDR,W,BANKED
0006DE	6EE9	MOVWF MEMADR,ACCESS
0006E0	0E00	MOVLW 0
0006E2	2107	ADDWFC USB_IN0_ADDR_H,W,BANKED
0006E4	6EEA	MOVWF MEMADR_H,ACCESS
0006E6	C044 F00D	MOVFF _USBINVALUE,MEMDATA
000000	0100	BANKSEL 0
0006EC	DE64	RCALL POKE
0006EE	2B43	INCF USB_CNT_POINTER,F,BANKED
0006F0	0012	RETURN


		USBBUFFERWRITE15
000000	0104	BANKSEL USB_IN0_CNT
0006F4	2B05	INCF USB_IN0_CNT,F,BANKED
000000	0100	BANKSEL USB_CNT_POINTER
0006F8	5143	MOVF USB_CNT_POINTER,W,BANKED
000000	0104	BANKSEL USB_IN0_ADDR
0006FC	2506	ADDWF USB_IN0_ADDR,W,BANKED
0006FE	6EE9	MOVWF MEMADR,ACCESS
000700	0E00	MOVLW 0
000702	2107	ADDWFC USB_IN0_ADDR_H,W,BANKED
000704	6EEA	MOVWF MEMADR_H,ACCESS
000706	C044 F00D	MOVFF _USBINVALUE,MEMDATA
000000	0100	BANKSEL 0
00070C	DE54	RCALL POKE
000000	0104	BANKSEL USB_IN0_CNT
000710	2B05	INCF USB_IN0_CNT,F,BANKED
000000	0100	BANKSEL USB_CNT_POINTER
000714	5143	MOVF USB_CNT_POINTER,W,BANKED
000000	0104	BANKSEL USB_IN0_ADDR
000718	2506	ADDWF USB_IN0_ADDR,W,BANKED
000000	0100	BANKSEL SYSTEMP1
00071C	6F2F	MOVWF SYSTEMP1,BANKED
00071E	0E00	MOVLW 0
000000	0104	BANKSEL USB_IN0_ADDR_H
000722	2107	ADDWFC USB_IN0_ADDR_H,W,BANKED
000000	0100	BANKSEL SYSTEMP1_H
000726	6F30	MOVWF SYSTEMP1_H,BANKED
000728	0E01	MOVLW 1
00072A	252F	ADDWF SYSTEMP1,W,BANKED
00072C	6EE9	MOVWF MEMADR,ACCESS
00072E	0E00	MOVLW 0
000730	2130	ADDWFC SYSTEMP1_H,W,BANKED
000732	6EEA	MOVWF MEMADR_H,ACCESS
000734	C045 F00D	MOVFF _USBINVALUE_H,MEMDATA
000738	DE3E	RCALL POKE
00073A	0E02	MOVLW 2
00073C	2743	ADDWF USB_CNT_POINTER,F,BANKED
00073E	0012	RETURN


		USBCONFIGDESCRIPTOR
000740	0E42	MOVLW 66
000742	6007	CPFSLT SYSSTRINGA,ACCESS
000744	0C00	RETLW 0
000746	5007	MOVF SYSSTRINGA, W,ACCESS
000748	0F5A	ADDLW LOW TABLEUSBCONFIGDESCRIPTOR
00074A	6EF6	MOVWF TBLPTRL,ACCESS
00074C	0E07	MOVLW HIGH TABLEUSBCONFIGDESCRIPTOR
00074E	B0D8	BTFSC STATUS, C,ACCESS
000750	0F01	ADDLW 1
000752	6EF7	MOVWF TBLPTRH,ACCESS
000754	0008	TBLRD*
000756	50F5	MOVF TABLAT, W,ACCESS
000758	0012	RETURN
		TABLEUSBCONFIGDESCRIPTOR
00075A	0943 4302 0200 0001 1980 0409 0000 0201 0102 0500 0024 0110 2404 0202 2405 0006 0501 0124	RAW 0943,4302,0200,0001,1980,0409,0000,0201,0102,0500,0024,0110,2404,0202,2405,0006,0501,0124
00077E	0100 0507 0382 0008 097F 0104 0200 000A 0000 0507 0281 0040 0700 0105 4002	RAW 0100,0507,0382,0008,097F,0104,0200,000A,0000,0507,0281,0040,0700,0105,4002


		USBDEVICEDESCRIPTOR
00079C	0E13	MOVLW 19
00079E	6007	CPFSLT SYSSTRINGA,ACCESS
0007A0	0C00	RETLW 0
0007A2	5007	MOVF SYSSTRINGA, W,ACCESS
0007A4	0FB6	ADDLW LOW TABLEUSBDEVICEDESCRIPTOR
0007A6	6EF6	MOVWF TBLPTRL,ACCESS
0007A8	0E07	MOVLW HIGH TABLEUSBDEVICEDESCRIPTOR
0007AA	B0D8	BTFSC STATUS, C,ACCESS
0007AC	0F01	ADDLW 1
0007AE	6EF7	MOVWF TBLPTRH,ACCESS
0007B0	0008	TBLRD*
0007B2	50F5	MOVF TABLAT, W,ACCESS
0007B4	0012	RETURN
		TABLEUSBDEVICEDESCRIPTOR
0007B6	1212 0001 0202 0000 D840 0A04 0100 0000 0100 0001	RAW 1212,0001,0202,0000,D840,0A04,0100,0000,0100,0001


		USBDEVICEQUALDESCRIPTOR
0007CA	0E0A	MOVLW 10
0007CC	6007	CPFSLT SYSSTRINGA,ACCESS
0007CE	0C00	RETLW 0
0007D0	5007	MOVF SYSSTRINGA, W,ACCESS
0007D2	0FE4	ADDLW LOW TABLEUSBDEVICEQUALDESCRIPTOR
0007D4	6EF6	MOVWF TBLPTRL,ACCESS
0007D6	0E07	MOVLW HIGH TABLEUSBDEVICEQUALDESCRIPTOR
0007D8	B0D8	BTFSC STATUS, C,ACCESS
0007DA	0F01	ADDLW 1
0007DC	6EF7	MOVWF TBLPTRH,ACCESS
0007DE	0008	TBLRD*
0007E0	50F5	MOVF TABLAT, W,ACCESS
0007E2	0012	RETURN
		TABLEUSBDEVICEQUALDESCRIPTOR
0007E4	0A0A 0006 0202 0000 0140	RAW 0A0A,0006,0202,0000,0140


		USBINTERRUPTHANDLER
0007EE	A065	BTFSS UIR,URSTIF,ACCESS
0007F0	D027	BRA ENDIF2
0007F2	0E08	MOVLW 8
000000	0104	BANKSEL USB_OUT0_STAT
0007F6	6F00	MOVWF USB_OUT0_STAT,BANKED
0007F8	0E08	MOVLW 8
0007FA	6F04	MOVWF USB_IN0_STAT,BANKED
		SYSDOLOOP_S3
0007FC	A665	BTFSS UIR,TRNIF,ACCESS
0007FE	D002	BRA SYSDOLOOP_E3
000800	9665	BCF UIR,TRNIF,ACCESS
000802	D7FC	BRA SYSDOLOOP_S3
		SYSDOLOOP_E3
000804	6A6A	CLRF UEP0,ACCESS
000806	0E40	MOVLW 64
000808	6F06	MOVWF USB_IN0_ADDR,BANKED
00080A	0E04	MOVLW 4
00080C	6F07	MOVWF USB_IN0_ADDR_H,BANKED
00080E	0EC0	MOVLW 192
000810	6F02	MOVWF USB_OUT0_ADDR,BANKED
000812	0E04	MOVLW 4
000814	6F03	MOVWF USB_OUT0_ADDR_H,BANKED
000816	6B05	CLRF USB_IN0_CNT,BANKED
000818	0E80	MOVLW 128
00081A	6F01	MOVWF USB_OUT0_CNT,BANKED
00081C	0E08	MOVLW 8
00081E	6F04	MOVWF USB_IN0_STAT,BANKED
000820	0E88	MOVLW 136
000822	6F00	MOVWF USB_OUT0_STAT,BANKED
000824	9860	BCF UCON,PKTDIS,ACCESS
000826	0E16	MOVLW 22
000828	6E6A	MOVWF UEP0,ACCESS
00082A	6A63	CLRF UADDR,ACCESS
00082C	6A67	CLRF UEIR,ACCESS
00082E	6A65	CLRF UIR,ACCESS
000830	9260	BCF UCON,SUSPND,ACCESS
		SYSWAITLOOP1
000832	BA60	BTFSC UCON,SE0,ACCESS
000834	D7FE	BRA SYSWAITLOOP1
000000	0100	BANKSEL USBLASTCONTROL
000838	693D	SETF USBLASTCONTROL,BANKED
00083A	0E01	MOVLW 1
00083C	6F41	MOVWF USBSTATE,BANKED
00083E	6B36	CLRF USBCURRCONFIGURATION,BANKED
		ENDIF2
000840	A265	BTFSS UIR,UERRIF,ACCESS
000842	D003	BRA ENDIF3
000844	DC4A	RCALL ERRORHANDLER_CALLBACK
000846	6A67	CLRF UEIR,ACCESS
000848	9265	BCF UIR,UERRIF,ACCESS
		ENDIF3
00084A	A465	BTFSS UIR,ACTVIF,ACCESS
00084C	D002	BRA ENDIF4
00084E	9260	BCF UCON,SUSPND,ACCESS
000850	9465	BCF UIR,ACTVIF,ACCESS
		ENDIF4
000852	A665	BTFSS UIR,TRNIF,ACCESS
000854	D07A	BRA ENDIF5
000856	0E78	MOVLW 120
000858	1461	ANDWF USTAT,W,ACCESS
00085A	6F2F	MOVWF SYSTEMP1,BANKED
00085C	C02F F005	MOVFF SYSTEMP1,SYSBYTETEMPA
000860	0E08	MOVLW 8
000862	6E09	MOVWF SYSBYTETEMPB,ACCESS
000864	DEDE	RCALL SYSDIVSUB
000866	C005 F037	MOVFF SYSBYTETEMPA,USBCURRENDPOINT
00086A	A461	BTFSS USTAT,DIR,ACCESS
00086C	D003	BRA ELSE9_1
00086E	C404 F034	MOVFF USB_IN0_STAT,USBBUFFERSTAT
000872	D004	BRA ENDIF9
		ELSE9_1
000874	C400 F034	MOVFF USB_OUT0_STAT,USBBUFFERSTAT
000000	0104	BANKSEL USB_OUT0_STAT
00087A	9F00	BCF USB_OUT0_STAT,7,BANKED
		ENDIF9
00087C	0E3C	MOVLW 60
000000	0100	BANKSEL USBBUFFERSTAT
000880	1534	ANDWF USBBUFFERSTAT,W,BANKED
000882	6F3F	MOVWF USBPID,BANKED
		SYSSELECT1CASE1
000884	0E04	MOVLW 4
000886	5D3F	SUBWF USBPID,W,BANKED
000888	A4D8	BTFSS STATUS, Z,ACCESS
00088A	D005	BRA SYSSELECT1CASE2
00088C	0E80	MOVLW 128
000000	0104	BANKSEL USB_OUT0_CNT
000890	6F01	MOVWF USB_OUT0_CNT,BANKED
000892	8F00	BSF USB_OUT0_STAT,7,BANKED
000894	D057	BRA SYSSELECTEND1
		SYSSELECT1CASE2
000896	0E24	MOVLW 36
000898	5D3F	SUBWF USBPID,W,BANKED
00089A	A4D8	BTFSS STATUS, Z,ACCESS
00089C	D016	BRA SYSSELECT1CASE3
		SYSSELECT2CASE1
00089E	0E05	MOVLW 5
0008A0	5D3D	SUBWF USBLASTCONTROL,W,BANKED
0008A2	A4D8	BTFSS STATUS, Z,ACCESS
0008A4	D006	BRA SYSSELECT2CASE2
0008A6	C03E FF63	MOVFF USBNEWADDRESS,UADDR
0008AA	0E02	MOVLW 2
0008AC	6F41	MOVWF USBSTATE,BANKED
0008AE	693D	SETF USBLASTCONTROL,BANKED
0008B0	D00B	BRA SYSSELECTEND2
		SYSSELECT2CASE2
0008B2	0E06	MOVLW 6
0008B4	5D3D	SUBWF USBLASTCONTROL,W,BANKED
0008B6	A4D8	BTFSS STATUS, Z,ACCESS
0008B8	D002	BRA SYSSELECT2CASE3
0008BA	D8A8	RCALL USBSENDDESCRIPTOR
0008BC	D005	BRA SYSSELECTEND2
		SYSSELECT2CASE3
0008BE	0E80	MOVLW 128
000000	0104	BANKSEL USB_OUT0_CNT
0008C2	6F01	MOVWF USB_OUT0_CNT,BANKED
0008C4	0E88	MOVLW 136
0008C6	6F00	MOVWF USB_OUT0_STAT,BANKED
		SYSSELECTEND2
0008C8	D03D	BRA SYSSELECTEND1
		SYSSELECT1CASE3
0008CA	0E34	MOVLW 52
0008CC	5D3F	SUBWF USBPID,W,BANKED
0008CE	A4D8	BTFSS STATUS, Z,ACCESS
0008D0	D021	BRA SYSSELECT1CASE4
0008D2	6935	SETF USBCURRBYTE,BANKED
		SYSFORLOOP1
0008D4	2B35	INCF USBCURRBYTE,F,BANKED
0008D6	5135	MOVF USBCURRBYTE,W,BANKED
000000	0104	BANKSEL USB_OUT0_ADDR
0008DA	2502	ADDWF USB_OUT0_ADDR,W,BANKED
0008DC	6EE9	MOVWF MEMADR,ACCESS
0008DE	0E00	MOVLW 0
0008E0	2103	ADDWFC USB_OUT0_ADDR_H,W,BANKED
0008E2	6EEA	MOVWF MEMADR_H,ACCESS
000000	0100	BANKSEL 0
0008E6	DD60	RCALL FN_PEEK
0008E8	EE07 F087	LFSR 0,USBTEMPBUFFER
0008EC	5135	MOVF USBCURRBYTE,W,BANKED
0008EE	26E9	ADDWF AFSR0,F,ACCESS
0008F0	0E00	MOVLW 0
0008F2	22EA	ADDWFC AFSR0_H,F,ACCESS
0008F4	C011 FFEF	MOVFF PEEK,INDF0
0008F8	0E07	MOVLW 7
0008FA	5D35	SUBWF USBCURRBYTE,W,BANKED
0008FC	A0D8	BTFSS STATUS, C,ACCESS
0008FE	D7EA	BRA SYSFORLOOP1
		ENDIF10
		SYSFORLOOPEND1
000900	0E08	MOVLW 8
000000	0104	BANKSEL USB_IN0_STAT
000904	6F04	MOVWF USB_IN0_STAT,BANKED
000906	0E80	MOVLW 128
000908	6F01	MOVWF USB_OUT0_CNT,BANKED
00090A	0E88	MOVLW 136
00090C	6F00	MOVWF USB_OUT0_STAT,BANKED
000000	0100	BANKSEL 0
000910	D823	RCALL USBPROCESSSETUP
000912	D018	BRA SYSSELECTEND1
		SYSSELECT1CASE4
000914	EE17 F07E	LFSR 1,SYSSTRINGPARAM1
000918	0EAE	MOVLW LOW STRINGTABLE12
00091A	6EF6	MOVWF TBLPTRL,ACCESS
00091C	0E06	MOVLW HIGH STRINGTABLE12
00091E	6EF7	MOVWF TBLPTRH,ACCESS
000920	DE94	RCALL SYSREADSTRING
000922	0E7E	MOVLW LOW SYSSTRINGPARAM1
000924	6F2A	MOVWF SYSPRINTDATAHANDLER,BANKED
000926	0E07	MOVLW HIGH SYSSTRINGPARAM1
000928	6F2B	MOVWF SYSPRINTDATAHANDLER_H,BANKED
00092A	0E01	MOVLW 1
00092C	6F0B	MOVWF COMPORT,BANKED
00092E	DC26	RCALL HSERPRINT273
000930	C03F F027	MOVFF USBPID,SERPRINTVAL
000934	0E01	MOVLW 1
000936	6F0B	MOVWF COMPORT,BANKED
000938	DC3E	RCALL HSERPRINT274
00093A	0E01	MOVLW 1
00093C	6F0C	MOVWF HSERPRINTCRLFCOUNT,BANKED
00093E	0E01	MOVLW 1
000940	6F0B	MOVWF COMPORT,BANKED
000942	DC6E	RCALL HSERPRINTCRLF
		SYSSELECTEND1
000000	0100	BANKSEL USBHASDATA
000946	693C	SETF USBHASDATA,BANKED
000948	9665	BCF UIR,TRNIF,ACCESS
		ENDIF5
00094A	B865	BTFSC UIR,IDLEIF,ACCESS
00094C	9865	BCF UIR,IDLEIF,ACCESS
		ENDIF6
00094E	BA65	BTFSC UIR,STALLIF,ACCESS
000950	9A65	BCF UIR,STALLIF,ACCESS
		ENDIF7
000952	BC65	BTFSC UIR,SOFIF,ACCESS
000954	9C65	BCF UIR,SOFIF,ACCESS
		ENDIF8
000956	0012	RETURN


		USBPROCESSSETUP
000958	0E7F	MOVLW 127
000000	0107	BANKSEL SYSUSBTEMPBUFFER_0
00095C	1587	ANDWF SYSUSBTEMPBUFFER_0,W,BANKED
000000	0100	BANKSEL USBBMREQUESTTYPE
000960	6F33	MOVWF USBBMREQUESTTYPE,BANKED
000962	9860	BCF UCON,PKTDIS,ACCESS
000964	C788 F027	MOVFF SYSUSBTEMPBUFFER_1,SERPRINTVAL
000968	0E01	MOVLW 1
00096A	6F0B	MOVWF COMPORT,BANKED
00096C	DC24	RCALL HSERPRINT274
00096E	5333	MOVF USBBMREQUESTTYPE,F,BANKED
000970	A4D8	BTFSS STATUS, Z,ACCESS
000972	D031	BRA ELSE11_1
000974	693D	SETF USBLASTCONTROL,BANKED
		SYSSELECT3CASE1
000976	0E05	MOVLW 5
000000	0107	BANKSEL SYSUSBTEMPBUFFER_1
00097A	5D88	SUBWF SYSUSBTEMPBUFFER_1,W,BANKED
00097C	A4D8	BTFSS STATUS, Z,ACCESS
00097E	D007	BRA SYSSELECT3CASE2
000980	0E05	MOVLW 5
000000	0100	BANKSEL USBLASTCONTROL
000984	6F3D	MOVWF USBLASTCONTROL,BANKED
000986	C789 F03E	MOVFF SYSUSBTEMPBUFFER_2,USBNEWADDRESS
00098A	D83A	RCALL USBSENDDATA1ACK
00098C	D023	BRA SYSSELECTEND3
		SYSSELECT3CASE2
00098E	0E06	MOVLW 6
000990	5D88	SUBWF SYSUSBTEMPBUFFER_1,W,BANKED
000992	A4D8	BTFSS STATUS, Z,ACCESS
000994	D00C	BRA SYSSELECT3CASE3
000996	0E06	MOVLW 6
000000	0100	BANKSEL USBLASTCONTROL
00099A	6F3D	MOVWF USBLASTCONTROL,BANKED
00099C	C78A F03B	MOVFF SYSUSBTEMPBUFFER_3,USBDESCTYPE
0009A0	C789 F038	MOVFF SYSUSBTEMPBUFFER_2,USBDESCINDEX
0009A4	C78D F039	MOVFF SYSUSBTEMPBUFFER_6,USBDESCSIZEIN
0009A8	6B3A	CLRF USBDESCSTART,BANKED
0009AA	D830	RCALL USBSENDDESCRIPTOR
0009AC	D013	BRA SYSSELECTEND3
		SYSSELECT3CASE3
0009AE	0E09	MOVLW 9
0009B0	5D88	SUBWF SYSUSBTEMPBUFFER_1,W,BANKED
0009B2	A4D8	BTFSS STATUS, Z,ACCESS
0009B4	D00D	BRA SYSSELECT3CASE4
0009B6	C789 F036	MOVFF SYSUSBTEMPBUFFER_2,USBCURRCONFIGURATION
000000	0100	BANKSEL USBCURRCONFIGURATION
0009BC	5336	MOVF USBCURRCONFIGURATION,F,BANKED
0009BE	A4D8	BTFSS STATUS, Z,ACCESS
0009C0	D003	BRA ELSE12_1
0009C2	0E02	MOVLW 2
0009C4	6F41	MOVWF USBSTATE,BANKED
0009C6	D002	BRA ENDIF12
		ELSE12_1
0009C8	0E03	MOVLW 3
0009CA	6F41	MOVWF USBSTATE,BANKED
		ENDIF12
0009CC	D819	RCALL USBSENDDATA1ACK
0009CE	D002	BRA SYSSELECTEND3
		SYSSELECT3CASE4
000000	0100	BANKSEL 0
0009D2	DD91	RCALL SETUPHANDLER_CALLBACK
		SYSSELECTEND3
0009D4	D013	BRA ENDIF11
		ELSE11_1
000000	0104	BANKSEL USB_IN0_CNT
0009D8	6B05	CLRF USB_IN0_CNT,BANKED
000000	0100	BANKSEL USB_CNT_POINTER
0009DC	6B43	CLRF USB_CNT_POINTER,BANKED
0009DE	DD8B	RCALL SETUPHANDLER_CALLBACK
000000	0104	BANKSEL USB_IN0_CNT
0009E2	5305	MOVF USB_IN0_CNT,F,BANKED
0009E4	A4D8	BTFSS STATUS, Z,ACCESS
0009E6	D003	BRA ELSE13_1
000000	0100	BANKSEL 0
0009EA	D80A	RCALL USBSENDDATA1ACK
0009EC	D007	BRA ENDIF13
		ELSE13_1
0009EE	AD04	BTFSS USB_IN0_STAT,6,BANKED
0009F0	D003	BRA ELSE14_1
0009F2	0E88	MOVLW 136
0009F4	6F04	MOVWF USB_IN0_STAT,BANKED
0009F6	D002	BRA ENDIF14
		ELSE14_1
0009F8	0EC8	MOVLW 200
0009FA	6F04	MOVWF USB_IN0_STAT,BANKED
		ENDIF14
		ENDIF13
		ENDIF11
000000	0100	BANKSEL 0
0009FE	0012	RETURN


		USBSENDDATA1ACK
000000	0104	BANKSEL USB_IN0_CNT
000A02	6B05	CLRF USB_IN0_CNT,BANKED
000A04	0EC8	MOVLW 200
000A06	6F04	MOVWF USB_IN0_STAT,BANKED
000000	0100	BANKSEL 0
000A0A	0012	RETURN


		USBSENDDESCRIPTOR
000000	0104	BANKSEL USB_IN0_STAT
000A0E	9F04	BCF USB_IN0_STAT,7,BANKED
		SYSSELECT4CASE1
000000	0100	BANKSEL USBDESCTYPE
000A12	053B	DECF USBDESCTYPE,W,BANKED
000A14	A4D8	BTFSS STATUS, Z,ACCESS
000A16	D02F	BRA SYSSELECT4CASE2
000A18	0E12	MOVLW 18
000A1A	6F40	MOVWF USBSIZE,BANKED
000A1C	5D39	SUBWF USBDESCSIZEIN,W,BANKED
000A1E	A0D8	BTFSS STATUS, C,ACCESS
000A20	C039 F040	MOVFF USBDESCSIZEIN,USBSIZE
		ENDIF15
000A24	5140	MOVF USBSIZE,W,BANKED
000A26	5D3A	SUBWF USBDESCSTART,W,BANKED
000A28	A0D8	BTFSS STATUS, C,ACCESS
000A2A	D003	BRA ELSE16_1
000A2C	6B40	CLRF USBSIZE,BANKED
000A2E	693D	SETF USBLASTCONTROL,BANKED
000A30	D002	BRA ENDIF16
		ELSE16_1
000A32	513A	MOVF USBDESCSTART,W,BANKED
000A34	5F40	SUBWF USBSIZE,F,BANKED
		ENDIF16
000A36	6B35	CLRF USBCURRBYTE,BANKED
000A38	0E01	MOVLW 1
000A3A	5D40	SUBWF USBSIZE,W,BANKED
000A3C	A0D8	BTFSS STATUS, C,ACCESS
000A3E	D016	BRA SYSFORLOOPEND2
		ENDIF17
		SYSFORLOOP2
000A40	2B35	INCF USBCURRBYTE,F,BANKED
000A42	513A	MOVF USBDESCSTART,W,BANKED
000A44	2535	ADDWF USBCURRBYTE,W,BANKED
000A46	6E07	MOVWF SYSSTRINGA,ACCESS
000A48	DEA9	RCALL USBDEVICEDESCRIPTOR
000A4A	6F42	MOVWF USBTEMPBYTE,BANKED
000A4C	0535	DECF USBCURRBYTE,W,BANKED
000A4E	6F2F	MOVWF SYSTEMP1,BANKED
000000	0104	BANKSEL USB_IN0_ADDR
000A52	2506	ADDWF USB_IN0_ADDR,W,BANKED
000A54	6EE9	MOVWF MEMADR,ACCESS
000A56	0E00	MOVLW 0
000A58	2107	ADDWFC USB_IN0_ADDR_H,W,BANKED
000A5A	6EEA	MOVWF MEMADR_H,ACCESS
000A5C	C042 F00D	MOVFF USBTEMPBYTE,MEMDATA
000000	0100	BANKSEL 0
000A62	DCA9	RCALL POKE
000A64	5140	MOVF USBSIZE,W,BANKED
000A66	5D35	SUBWF USBCURRBYTE,W,BANKED
000A68	A0D8	BTFSS STATUS, C,ACCESS
000A6A	D7EA	BRA SYSFORLOOP2
		ENDIF18
		SYSFORLOOPEND2
000A6C	C040 F405	MOVFF USBSIZE,USB_IN0_CNT
000A70	5140	MOVF USBSIZE,W,BANKED
000A72	273A	ADDWF USBDESCSTART,F,BANKED
000A74	D12A	BRA SYSSELECTEND4
		SYSSELECT4CASE2
000A76	0E02	MOVLW 2
000A78	5D3B	SUBWF USBDESCTYPE,W,BANKED
000A7A	A4D8	BTFSS STATUS, Z,ACCESS
000A7C	D02F	BRA SYSSELECT4CASE3
000A7E	0E43	MOVLW 67
000A80	6F40	MOVWF USBSIZE,BANKED
000A82	5D39	SUBWF USBDESCSIZEIN,W,BANKED
000A84	A0D8	BTFSS STATUS, C,ACCESS
000A86	C039 F040	MOVFF USBDESCSIZEIN,USBSIZE
		ENDIF19
000A8A	5140	MOVF USBSIZE,W,BANKED
000A8C	5D3A	SUBWF USBDESCSTART,W,BANKED
000A8E	A0D8	BTFSS STATUS, C,ACCESS
000A90	D003	BRA ELSE20_1
000A92	6B40	CLRF USBSIZE,BANKED
000A94	693D	SETF USBLASTCONTROL,BANKED
000A96	D002	BRA ENDIF20
		ELSE20_1
000A98	513A	MOVF USBDESCSTART,W,BANKED
000A9A	5F40	SUBWF USBSIZE,F,BANKED
		ENDIF20
000A9C	6B35	CLRF USBCURRBYTE,BANKED
000A9E	0E01	MOVLW 1
000AA0	5D40	SUBWF USBSIZE,W,BANKED
000AA2	A0D8	BTFSS STATUS, C,ACCESS
000AA4	D016	BRA SYSFORLOOPEND3
		ENDIF21
		SYSFORLOOP3
000AA6	2B35	INCF USBCURRBYTE,F,BANKED
000AA8	513A	MOVF USBDESCSTART,W,BANKED
000AAA	2535	ADDWF USBCURRBYTE,W,BANKED
000AAC	6E07	MOVWF SYSSTRINGA,ACCESS
000AAE	DE48	RCALL USBCONFIGDESCRIPTOR
000AB0	6F42	MOVWF USBTEMPBYTE,BANKED
000AB2	0535	DECF USBCURRBYTE,W,BANKED
000AB4	6F2F	MOVWF SYSTEMP1,BANKED
000000	0104	BANKSEL USB_IN0_ADDR
000AB8	2506	ADDWF USB_IN0_ADDR,W,BANKED
000ABA	6EE9	MOVWF MEMADR,ACCESS
000ABC	0E00	MOVLW 0
000ABE	2107	ADDWFC USB_IN0_ADDR_H,W,BANKED
000AC0	6EEA	MOVWF MEMADR_H,ACCESS
000AC2	C042 F00D	MOVFF USBTEMPBYTE,MEMDATA
000000	0100	BANKSEL 0
000AC8	DC76	RCALL POKE
000ACA	5140	MOVF USBSIZE,W,BANKED
000ACC	5D35	SUBWF USBCURRBYTE,W,BANKED
000ACE	A0D8	BTFSS STATUS, C,ACCESS
000AD0	D7EA	BRA SYSFORLOOP3
		ENDIF22
		SYSFORLOOPEND3
000AD2	C040 F405	MOVFF USBSIZE,USB_IN0_CNT
000AD6	5140	MOVF USBSIZE,W,BANKED
000AD8	273A	ADDWF USBDESCSTART,F,BANKED
000ADA	D0F7	BRA SYSSELECTEND4
		SYSSELECT4CASE3
000ADC	0E06	MOVLW 6
000ADE	5D3B	SUBWF USBDESCTYPE,W,BANKED
000AE0	A4D8	BTFSS STATUS, Z,ACCESS
000AE2	D02F	BRA SYSSELECT4CASE4
000AE4	0E0A	MOVLW 10
000AE6	6F40	MOVWF USBSIZE,BANKED
000AE8	5D39	SUBWF USBDESCSIZEIN,W,BANKED
000AEA	A0D8	BTFSS STATUS, C,ACCESS
000AEC	C039 F040	MOVFF USBDESCSIZEIN,USBSIZE
		ENDIF23
000AF0	5140	MOVF USBSIZE,W,BANKED
000AF2	5D3A	SUBWF USBDESCSTART,W,BANKED
000AF4	A0D8	BTFSS STATUS, C,ACCESS
000AF6	D003	BRA ELSE24_1
000AF8	6B40	CLRF USBSIZE,BANKED
000AFA	693D	SETF USBLASTCONTROL,BANKED
000AFC	D002	BRA ENDIF24
		ELSE24_1
000AFE	513A	MOVF USBDESCSTART,W,BANKED
000B00	5F40	SUBWF USBSIZE,F,BANKED
		ENDIF24
000B02	6B35	CLRF USBCURRBYTE,BANKED
000B04	0E01	MOVLW 1
000B06	5D40	SUBWF USBSIZE,W,BANKED
000B08	A0D8	BTFSS STATUS, C,ACCESS
000B0A	D016	BRA SYSFORLOOPEND4
		ENDIF25
		SYSFORLOOP4
000B0C	2B35	INCF USBCURRBYTE,F,BANKED
000B0E	513A	MOVF USBDESCSTART,W,BANKED
000B10	2535	ADDWF USBCURRBYTE,W,BANKED
000B12	6E07	MOVWF SYSSTRINGA,ACCESS
000B14	DE5A	RCALL USBDEVICEQUALDESCRIPTOR
000B16	6F42	MOVWF USBTEMPBYTE,BANKED
000B18	0535	DECF USBCURRBYTE,W,BANKED
000B1A	6F2F	MOVWF SYSTEMP1,BANKED
000000	0104	BANKSEL USB_IN0_ADDR
000B1E	2506	ADDWF USB_IN0_ADDR,W,BANKED
000B20	6EE9	MOVWF MEMADR,ACCESS
000B22	0E00	MOVLW 0
000B24	2107	ADDWFC USB_IN0_ADDR_H,W,BANKED
000B26	6EEA	MOVWF MEMADR_H,ACCESS
000B28	C042 F00D	MOVFF USBTEMPBYTE,MEMDATA
000000	0100	BANKSEL 0
000B2E	DC43	RCALL POKE
000B30	5140	MOVF USBSIZE,W,BANKED
000B32	5D35	SUBWF USBCURRBYTE,W,BANKED
000B34	A0D8	BTFSS STATUS, C,ACCESS
000B36	D7EA	BRA SYSFORLOOP4
		ENDIF26
		SYSFORLOOPEND4
000B38	C040 F405	MOVFF USBSIZE,USB_IN0_CNT
000B3C	5140	MOVF USBSIZE,W,BANKED
000B3E	273A	ADDWF USBDESCSTART,F,BANKED
000B40	D0C4	BRA SYSSELECTEND4
		SYSSELECT4CASE4
000B42	0E03	MOVLW 3
000B44	5D3B	SUBWF USBDESCTYPE,W,BANKED
000B46	A4D8	BTFSS STATUS, Z,ACCESS
000B48	D0BD	BRA SYSSELECT4CASE5
000B4A	5338	MOVF USBDESCINDEX,F,BANKED
000B4C	A4D8	BTFSS STATUS, Z,ACCESS
000B4E	D02D	BRA ELSE27_1
000B50	693D	SETF USBLASTCONTROL,BANKED
000B52	C406 FFE9	MOVFF USB_IN0_ADDR,MEMADR
000B56	C407 FFEA	MOVFF USB_IN0_ADDR_H,MEMADR_H
000B5A	0E04	MOVLW 4
000B5C	6F0D	MOVWF MEMDATA,BANKED
000B5E	DC2B	RCALL POKE
000B60	0E01	MOVLW 1
000000	0104	BANKSEL USB_IN0_ADDR
000B64	2506	ADDWF USB_IN0_ADDR,W,BANKED
000B66	6EE9	MOVWF MEMADR,ACCESS
000B68	0E00	MOVLW 0
000B6A	2107	ADDWFC USB_IN0_ADDR_H,W,BANKED
000B6C	6EEA	MOVWF MEMADR_H,ACCESS
000B6E	0E03	MOVLW 3
000000	0100	BANKSEL MEMDATA
000B72	6F0D	MOVWF MEMDATA,BANKED
000B74	DC20	RCALL POKE
000B76	0E02	MOVLW 2
000000	0104	BANKSEL USB_IN0_ADDR
000B7A	2506	ADDWF USB_IN0_ADDR,W,BANKED
000B7C	6EE9	MOVWF MEMADR,ACCESS
000B7E	0E00	MOVLW 0
000B80	2107	ADDWFC USB_IN0_ADDR_H,W,BANKED
000B82	6EEA	MOVWF MEMADR_H,ACCESS
000B84	0E09	MOVLW 9
000000	0100	BANKSEL MEMDATA
000B88	6F0D	MOVWF MEMDATA,BANKED
000B8A	DC15	RCALL POKE
000B8C	0E03	MOVLW 3
000000	0104	BANKSEL USB_IN0_ADDR
000B90	2506	ADDWF USB_IN0_ADDR,W,BANKED
000B92	6EE9	MOVWF MEMADR,ACCESS
000B94	0E00	MOVLW 0
000B96	2107	ADDWFC USB_IN0_ADDR_H,W,BANKED
000B98	6EEA	MOVWF MEMADR_H,ACCESS
000B9A	0E04	MOVLW 4
000000	0100	BANKSEL MEMDATA
000B9E	6F0D	MOVWF MEMDATA,BANKED
000BA0	DC0A	RCALL POKE
000BA2	0E04	MOVLW 4
000000	0104	BANKSEL USB_IN0_CNT
000BA6	6F05	MOVWF USB_IN0_CNT,BANKED
000BA8	D08C	BRA ENDIF27
		ELSE27_1
		SYSSELECT5CASE1
000BAA	0538	DECF USBDESCINDEX,W,BANKED
000BAC	A4D8	BTFSS STATUS, Z,ACCESS
000BAE	D008	BRA SYSSELECT5CASE2
000BB0	EE17 F0D5	LFSR 1,USBTEMPSTRING
000BB4	0E9E	MOVLW LOW STRINGTABLE8
000BB6	6EF6	MOVWF TBLPTRL,ACCESS
000BB8	0E06	MOVLW HIGH STRINGTABLE8
000BBA	6EF7	MOVWF TBLPTRH,ACCESS
000BBC	DD46	RCALL SYSREADSTRING
000BBE	D013	BRA SYSSELECTEND5
		SYSSELECT5CASE2
000BC0	0E02	MOVLW 2
000BC2	5D38	SUBWF USBDESCINDEX,W,BANKED
000BC4	A4D8	BTFSS STATUS, Z,ACCESS
000BC6	D008	BRA SYSSELECT5CASE3
000BC8	EE17 F0D5	LFSR 1,USBTEMPSTRING
000BCC	0E70	MOVLW LOW STRINGTABLE1
000BCE	6EF6	MOVWF TBLPTRL,ACCESS
000BD0	0E06	MOVLW HIGH STRINGTABLE1
000BD2	6EF7	MOVWF TBLPTRH,ACCESS
000BD4	DD3A	RCALL SYSREADSTRING
000BD6	D007	BRA SYSSELECTEND5
		SYSSELECT5CASE3
000BD8	EE17 F0D5	LFSR 1,USBTEMPSTRING
000BDC	0EB8	MOVLW LOW STRINGTABLE13
000BDE	6EF6	MOVWF TBLPTRL,ACCESS
000BE0	0E06	MOVLW HIGH STRINGTABLE13
000BE2	6EF7	MOVWF TBLPTRH,ACCESS
000BE4	DD32	RCALL SYSREADSTRING
		SYSSELECTEND5
000000	0107	BANKSEL SYSUSBTEMPSTRING_0
000BE8	51D5	MOVF SYSUSBTEMPSTRING_0,W,BANKED
000BEA	0D02	MULLW 2
000BEC	CFF3 F02F	MOVFF PRODL,SYSTEMP1
000BF0	0E02	MOVLW 2
000000	0100	BANKSEL SYSTEMP1
000BF4	252F	ADDWF SYSTEMP1,W,BANKED
000000	0104	BANKSEL USB_IN0_CNT
000BF8	6F05	MOVWF USB_IN0_CNT,BANKED
000000	0100	BANKSEL USBDESCSTART
000BFC	513A	MOVF USBDESCSTART,W,BANKED
000000	0104	BANKSEL USB_IN0_CNT
000C00	5D05	SUBWF USB_IN0_CNT,W,BANKED
000C02	B0D8	BTFSC STATUS, C,ACCESS
000C04	D004	BRA ELSE29_1
000C06	6B05	CLRF USB_IN0_CNT,BANKED
000000	0100	BANKSEL USBLASTCONTROL
000C0A	693D	SETF USBLASTCONTROL,BANKED
000C0C	D004	BRA ENDIF29
		ELSE29_1
000000	0100	BANKSEL USBDESCSTART
000C10	513A	MOVF USBDESCSTART,W,BANKED
000000	0104	BANKSEL USB_IN0_CNT
000C14	5F05	SUBWF USB_IN0_CNT,F,BANKED
		ENDIF29
000C16	C406 FFE9	MOVFF USB_IN0_ADDR,MEMADR
000C1A	C407 FFEA	MOVFF USB_IN0_ADDR_H,MEMADR_H
000C1E	C405 F00D	MOVFF USB_IN0_CNT,MEMDATA
000000	0100	BANKSEL 0
000C24	ECDB F001	CALL POKE
000C28	0E01	MOVLW 1
000000	0104	BANKSEL USB_IN0_ADDR
000C2C	2506	ADDWF USB_IN0_ADDR,W,BANKED
000C2E	6EE9	MOVWF MEMADR,ACCESS
000C30	0E00	MOVLW 0
000C32	2107	ADDWFC USB_IN0_ADDR_H,W,BANKED
000C34	6EEA	MOVWF MEMADR_H,ACCESS
000C36	0E03	MOVLW 3
000000	0100	BANKSEL MEMDATA
000C3A	6F0D	MOVWF MEMDATA,BANKED
000C3C	ECDB F001	CALL POKE
000C40	6B35	CLRF USBCURRBYTE,BANKED
000C42	0E01	MOVLW 1
000000	0107	BANKSEL SYSUSBTEMPSTRING_0
000C46	5DD5	SUBWF SYSUSBTEMPSTRING_0,W,BANKED
000C48	A0D8	BTFSS STATUS, C,ACCESS
000C4A	D030	BRA SYSFORLOOPEND5
		ENDIF30
		SYSFORLOOP5
000000	0100	BANKSEL USBCURRBYTE
000C4E	2B35	INCF USBCURRBYTE,F,BANKED
000C50	EE07 F0D5	LFSR 0,USBTEMPSTRING
000C54	5135	MOVF USBCURRBYTE,W,BANKED
000C56	26E9	ADDWF AFSR0,F,ACCESS
000C58	0E00	MOVLW 0
000C5A	22EA	ADDWFC AFSR0_H,F,ACCESS
000C5C	CFEF F042	MOVFF INDF0,USBTEMPBYTE
000C60	5135	MOVF USBCURRBYTE,W,BANKED
000C62	0D02	MULLW 2
000C64	CFF3 F02F	MOVFF PRODL,SYSTEMP1
000C68	512F	MOVF SYSTEMP1,W,BANKED
000000	0104	BANKSEL USB_IN0_ADDR
000C6C	2506	ADDWF USB_IN0_ADDR,W,BANKED
000C6E	6EE9	MOVWF MEMADR,ACCESS
000C70	0E00	MOVLW 0
000C72	2107	ADDWFC USB_IN0_ADDR_H,W,BANKED
000C74	6EEA	MOVWF MEMADR_H,ACCESS
000C76	C042 F00D	MOVFF USBTEMPBYTE,MEMDATA
000000	0100	BANKSEL 0
000C7C	ECDB F001	CALL POKE
000C80	5135	MOVF USBCURRBYTE,W,BANKED
000C82	0D02	MULLW 2
000C84	CFF3 F02F	MOVFF PRODL,SYSTEMP1
000C88	292F	INCF SYSTEMP1,W,BANKED
000C8A	6F31	MOVWF SYSTEMP2,BANKED
000000	0104	BANKSEL USB_IN0_ADDR
000C8E	2506	ADDWF USB_IN0_ADDR,W,BANKED
000C90	6EE9	MOVWF MEMADR,ACCESS
000C92	0E00	MOVLW 0
000C94	2107	ADDWFC USB_IN0_ADDR_H,W,BANKED
000C96	6EEA	MOVWF MEMADR_H,ACCESS
000000	0100	BANKSEL MEMDATA
000C9A	6B0D	CLRF MEMDATA,BANKED
000C9C	ECDB F001	CALL POKE
000000	0107	BANKSEL SYSUSBTEMPSTRING_0
000CA2	51D5	MOVF SYSUSBTEMPSTRING_0,W,BANKED
000000	0100	BANKSEL USBCURRBYTE
000CA6	5D35	SUBWF USBCURRBYTE,W,BANKED
000CA8	A0D8	BTFSS STATUS, C,ACCESS
000CAA	D7D0	BRA SYSFORLOOP5
		ENDIF31
		SYSFORLOOPEND5
000000	0104	BANKSEL USB_IN0_CNT
000CAE	5105	MOVF USB_IN0_CNT,W,BANKED
000000	0100	BANKSEL USBDESCSIZEIN
000CB2	5D39	SUBWF USBDESCSIZEIN,W,BANKED
000CB4	A0D8	BTFSS STATUS, C,ACCESS
000CB6	C039 F405	MOVFF USBDESCSIZEIN,USB_IN0_CNT
		ENDIF32
000000	0104	BANKSEL USB_IN0_CNT
000CBC	5105	MOVF USB_IN0_CNT,W,BANKED
000000	0100	BANKSEL USBDESCSTART
000CC0	273A	ADDWF USBDESCSTART,F,BANKED
		ENDIF27
000CC2	D003	BRA SYSSELECTEND4
		SYSSELECT4CASE5
000CC4	EC38 F000	CALL DESCRIPTORHANDLER_CALLBACK
000CC8	0012	RETURN
		SYSSELECTEND4
000000	0104	BANKSEL USB_IN0_STAT
000CCC	AD04	BTFSS USB_IN0_STAT,6,BANKED
000CCE	D003	BRA ELSE28_1
000CD0	0E88	MOVLW 136
000CD2	6F04	MOVWF USB_IN0_STAT,BANKED
000CD4	D002	BRA ENDIF28
		ELSE28_1
000CD6	0EC8	MOVLW 200
000CD8	6F04	MOVWF USB_IN0_STAT,BANKED
		ENDIF28
000000	0100	BANKSEL 0
000CDC	0012	RETURN


