GCASM List File (GCBASIC 0.98.<<>> 2019-01-21 (Windows 32 bit))

Symbols:
A 	EQU 	0
ACCESS 	EQU 	0
ADDEN 	EQU 	3
ADEN 	EQU 	3
B 	EQU 	1
BANKED 	EQU 	1
BASPROGRAMEND 	EQU 	83
BASPROGRAMSTART 	EQU 	5
BRGH 	EQU 	2
C 	EQU 	0
C1INV 	EQU 	4
C1OUT 	EQU 	6
C2INV 	EQU 	5
C2OUT 	EQU 	7
CCP1CON 	EQU 	23
CCP1IE 	EQU 	2
CCP1IF 	EQU 	2
CCP1M0 	EQU 	0
CCP1M1 	EQU 	1
CCP1M2 	EQU 	2
CCP1M3 	EQU 	3
CCP1X 	EQU 	5
CCP1Y 	EQU 	4
CCPR1 	EQU 	21
CCPR1H 	EQU 	22
CCPR1L 	EQU 	21
CHARARRAY 	EQU 	341
CIS 	EQU 	3
CLS 	EQU 	85
CM0 	EQU 	0
CM1 	EQU 	1
CM2 	EQU 	2
CMCON 	EQU 	31
CMIE 	EQU 	6
CMIF 	EQU 	6
CREATECUSTOMCHARACTERS 	EQU 	99
CREN 	EQU 	4
CSRC 	EQU 	7
D10US_START 	EQU 	148
DC 	EQU 	1
DELAYTEMP 	EQU 	112
DELAYTEMP2 	EQU 	113
DELAYUS0 	EQU 	150
DELAY_10US 	EQU 	148
DELAY_MS 	EQU 	155
DELAY_S 	EQU 	169
DMS_INNER 	EQU 	160
DMS_OUTER 	EQU 	158
DMS_START 	EQU 	156
DS_START 	EQU 	169
EEADR 	EQU 	155
EECON1 	EQU 	156
EECON2 	EQU 	157
EEDATA 	EQU 	154
EEIE 	EQU 	7
EEIF 	EQU 	7
ENDIF1 	EQU 	335
ENDIF10 	EQU 	271
ENDIF2 	EQU 	360
ENDIF3 	EQU 	366
ENDIF4 	EQU 	380
ENDIF5 	EQU 	320
ENDIF6 	EQU 	320
ENDIF7 	EQU 	281
ENDIF8 	EQU 	288
ENDIF9 	EQU 	300
F 	EQU 	1
FERR 	EQU 	2
FSR 	EQU 	4
GIE 	EQU 	7
INDF 	EQU 	0
INITLCD 	EQU 	177
INITSYS 	EQU 	229
INTCON 	EQU 	11
INTE 	EQU 	4
INTEDG 	EQU 	6
INTF 	EQU 	1
IRP 	EQU 	7
LCD3_CMD 	EQU 	234
LCD3_RSSTATE 	EQU 	32
LCDBACKLIGHT 	EQU 	238
LCDBYTE 	EQU 	33
LCDCHAR 	EQU 	34
LCDCHARLOC 	EQU 	35
LCDCOLUMN 	EQU 	36
LCDCREATECHAR 	EQU 	239
LCDLINE 	EQU 	37
LCDNORMALWRITEBYTE 	EQU 	278
LCDTEMP 	EQU 	38
LCDVALUE 	EQU 	39
LCDWRITECHAR 	EQU 	321
LCD_STATE 	EQU 	40
LOCATE 	EQU 	326
MUL8LOOP 	EQU 	382
NOT_BO 	EQU 	0
NOT_BOD 	EQU 	0
NOT_BOR 	EQU 	0
NOT_PD 	EQU 	3
NOT_POR 	EQU 	1
NOT_RBPU 	EQU 	7
NOT_T1SYNC 	EQU 	2
NOT_TO 	EQU 	4
OERR 	EQU 	1
OPTION_REG 	EQU 	129
OSCF 	EQU 	3
PCL 	EQU 	2
PCLATH 	EQU 	10
PCON 	EQU 	142
PEIE 	EQU 	6
PIE1 	EQU 	140
PIR1 	EQU 	12
PORTA 	EQU 	5
PORTB 	EQU 	6
PR2 	EQU 	146
PRINT108 	EQU 	350
PRINTLEN 	EQU 	41
PS0 	EQU 	0
PS1 	EQU 	1
PS2 	EQU 	2
PSA 	EQU 	3
RA0 	EQU 	0
RA1 	EQU 	1
RA2 	EQU 	2
RA3 	EQU 	3
RA4 	EQU 	4
RA5 	EQU 	5
RA6 	EQU 	6
RA7 	EQU 	7
RB0 	EQU 	0
RB1 	EQU 	1
RB2 	EQU 	2
RB3 	EQU 	3
RB4 	EQU 	4
RB5 	EQU 	5
RB6 	EQU 	6
RB7 	EQU 	7
RBIE 	EQU 	3
RBIF 	EQU 	0
RCIE 	EQU 	5
RCIF 	EQU 	5
RCREG 	EQU 	26
RCSTA 	EQU 	24
RD 	EQU 	0
RP0 	EQU 	5
RP1 	EQU 	6
RX9 	EQU 	6
RX9D 	EQU 	0
SPBRG 	EQU 	153
SPEN 	EQU 	7
SREN 	EQU 	5
STATUS 	EQU 	3
STRINGPOINTER 	EQU 	42
STRINGTABLE1 	EQU 	428
STRINGTABLE2 	EQU 	444
STRINGTABLE3 	EQU 	449
STRINGTABLE4 	EQU 	461
SYNC 	EQU 	4
SYSBYTETEMPA 	EQU 	117
SYSBYTETEMPB 	EQU 	121
SYSBYTETEMPX 	EQU 	112
SYSCALCTEMPA 	EQU 	117
SYSCHARARRAY_1 	EQU 	342
SYSCHARARRAY_2 	EQU 	343
SYSCHARARRAY_3 	EQU 	344
SYSCHARARRAY_4 	EQU 	345
SYSCHARARRAY_5 	EQU 	346
SYSCHARARRAY_6 	EQU 	347
SYSCHARARRAY_7 	EQU 	348
SYSCHARARRAY_8 	EQU 	349
SYSFORLOOP1 	EQU 	366
SYSFORLOOP2 	EQU 	254
SYSFORLOOPEND1 	EQU 	380
SYSFORLOOPEND2 	EQU 	271
SYSLCDCHARDATAHANDLER 	EQU 	43
SYSLCDCHARDATAHANDLER_H 	EQU 	44
SYSMULTSUB 	EQU 	381
SYSPRINTDATAHANDLER 	EQU 	45
SYSPRINTDATAHANDLER_H 	EQU 	46
SYSPRINTTEMP 	EQU 	47
SYSREADSTRING 	EQU 	393
SYSREADSTRINGPART 	EQU 	403
SYSREPEATLOOP1 	EQU 	285
SYSREPEATLOOPEND1 	EQU 	293
SYSREPEATTEMP1 	EQU 	48
SYSSTRINGA 	EQU 	119
SYSSTRINGA_H 	EQU 	120
SYSSTRINGB 	EQU 	114
SYSSTRINGB_H 	EQU 	115
SYSSTRINGLENGTH 	EQU 	118
SYSSTRINGPARAM1 	EQU 	350
SYSSTRINGREAD 	EQU 	415
SYSSTRINGREADCHECK 	EQU 	412
SYSSTRINGTABLES 	EQU 	421
SYSTEMP1 	EQU 	49
SYSWAITTEMP10US 	EQU 	117
SYSWAITTEMPMS 	EQU 	114
SYSWAITTEMPMS_H 	EQU 	115
SYSWAITTEMPS 	EQU 	116
T0CS 	EQU 	5
T0IE 	EQU 	5
T0IF 	EQU 	2
T0SE 	EQU 	4
T1CKPS0 	EQU 	4
T1CKPS1 	EQU 	5
T1CON 	EQU 	16
T1OSCEN 	EQU 	3
T2CKPS0 	EQU 	0
T2CKPS1 	EQU 	1
T2CON 	EQU 	18
TMR0 	EQU 	1
TMR0IE 	EQU 	5
TMR0IF 	EQU 	2
TMR1 	EQU 	14
TMR1CS 	EQU 	1
TMR1H 	EQU 	15
TMR1IE 	EQU 	0
TMR1IF 	EQU 	0
TMR1L 	EQU 	14
TMR1ON 	EQU 	0
TMR2 	EQU 	17
TMR2IE 	EQU 	1
TMR2IF 	EQU 	1
TMR2ON 	EQU 	2
TOUTPS0 	EQU 	3
TOUTPS1 	EQU 	4
TOUTPS2 	EQU 	5
TOUTPS3 	EQU 	6
TRISA 	EQU 	133
TRISA0 	EQU 	0
TRISA1 	EQU 	1
TRISA2 	EQU 	2
TRISA3 	EQU 	3
TRISA4 	EQU 	4
TRISA5 	EQU 	5
TRISA6 	EQU 	6
TRISA7 	EQU 	7
TRISB 	EQU 	134
TRISB0 	EQU 	0
TRISB1 	EQU 	1
TRISB2 	EQU 	2
TRISB3 	EQU 	3
TRISB4 	EQU 	4
TRISB5 	EQU 	5
TRISB6 	EQU 	6
TRISB7 	EQU 	7
TRMT 	EQU 	1
TX9 	EQU 	6
TX9D 	EQU 	0
TXEN 	EQU 	5
TXIE 	EQU 	4
TXIF 	EQU 	4
TXREG 	EQU 	25
TXSTA 	EQU 	152
VR0 	EQU 	0
VR1 	EQU 	1
VR2 	EQU 	2
VR3 	EQU 	3
VRCON 	EQU 	159
VREN 	EQU 	7
VROE 	EQU 	6
VRR 	EQU 	5
W 	EQU 	0
WR 	EQU 	1
WREN 	EQU 	2
WRERR 	EQU 	3
Z 	EQU 	2

Code:
Loc	Obj Code	Original Assembly












































000000	118A	PAGESEL BASPROGRAMSTART
000001	2805	GOTO BASPROGRAMSTART

000004	0009	RETFIE



		BASPROGRAMSTART
000005	20E5	CALL INITSYS
000006	20B1	CALL INITLCD

000007	2063	CALL CREATECUSTOMCHARACTERS
000008	2055	CALL CLS
000009	305E	MOVLW LOW SYSSTRINGPARAM1
00000A	00F2	MOVWF SYSSTRINGB
00000B	3001	MOVLW HIGH SYSSTRINGPARAM1
00000C	00F3	MOVWF SYSSTRINGB_H
00000D	30AC	MOVLW LOW STRINGTABLE1
00000E	00F7	MOVWF SYSSTRINGA
00000F	3001	MOVLW HIGH STRINGTABLE1
000010	00F8	MOVWF SYSSTRINGA_H
000011	2189	CALL SYSREADSTRING
000012	305E	MOVLW LOW SYSSTRINGPARAM1
000013	00AD	MOVWF SYSPRINTDATAHANDLER
000014	3001	MOVLW HIGH SYSSTRINGPARAM1
000015	00AE	MOVWF SYSPRINTDATAHANDLER_H
000016	215E	CALL PRINT108
000017	3001	MOVLW 1
000018	00A5	MOVWF LCDLINE
000019	01A4	CLRF LCDCOLUMN
00001A	2146	CALL LOCATE
00001B	305E	MOVLW LOW SYSSTRINGPARAM1
00001C	00F2	MOVWF SYSSTRINGB
00001D	3001	MOVLW HIGH SYSSTRINGPARAM1
00001E	00F3	MOVWF SYSSTRINGB_H
00001F	30BC	MOVLW LOW STRINGTABLE2
000020	00F7	MOVWF SYSSTRINGA
000021	3001	MOVLW HIGH STRINGTABLE2
000022	00F8	MOVWF SYSSTRINGA_H
000023	2189	CALL SYSREADSTRING
000024	305E	MOVLW LOW SYSSTRINGPARAM1
000025	00AD	MOVWF SYSPRINTDATAHANDLER
000026	3001	MOVLW HIGH SYSSTRINGPARAM1
000027	00AE	MOVWF SYSPRINTDATAHANDLER_H
000028	215E	CALL PRINT108
000029	3004	MOVLW 4
00002A	00F4	MOVWF SYSWAITTEMPS
00002B	20A9	CALL DELAY_S
00002C	2055	CALL CLS
00002D	305E	MOVLW LOW SYSSTRINGPARAM1
00002E	00F2	MOVWF SYSSTRINGB
00002F	3001	MOVLW HIGH SYSSTRINGPARAM1
000030	00F3	MOVWF SYSSTRINGB_H
000031	30C1	MOVLW LOW STRINGTABLE3
000032	00F7	MOVWF SYSSTRINGA
000033	3001	MOVLW HIGH STRINGTABLE3
000034	00F8	MOVWF SYSSTRINGA_H
000035	2189	CALL SYSREADSTRING
000036	305E	MOVLW LOW SYSSTRINGPARAM1
000037	00AD	MOVWF SYSPRINTDATAHANDLER
000038	3001	MOVLW HIGH SYSSTRINGPARAM1
000039	00AE	MOVWF SYSPRINTDATAHANDLER_H
00003A	215E	CALL PRINT108
00003B	3001	MOVLW 1
00003C	00A5	MOVWF LCDLINE
00003D	01A4	CLRF LCDCOLUMN
00003E	2146	CALL LOCATE
00003F	01A2	CLRF LCDCHAR
000040	2141	CALL LCDWRITECHAR
000041	305E	MOVLW LOW SYSSTRINGPARAM1
000042	00F2	MOVWF SYSSTRINGB
000043	3001	MOVLW HIGH SYSSTRINGPARAM1
000044	00F3	MOVWF SYSSTRINGB_H
000045	30CD	MOVLW LOW STRINGTABLE4
000046	00F7	MOVWF SYSSTRINGA
000047	3001	MOVLW HIGH STRINGTABLE4
000048	00F8	MOVWF SYSSTRINGA_H
000049	2189	CALL SYSREADSTRING
00004A	305E	MOVLW LOW SYSSTRINGPARAM1
00004B	00AD	MOVWF SYSPRINTDATAHANDLER
00004C	3001	MOVLW HIGH SYSSTRINGPARAM1
00004D	00AE	MOVWF SYSPRINTDATAHANDLER_H
00004E	215E	CALL PRINT108
00004F	3001	MOVLW 1
000050	00A2	MOVWF LCDCHAR
000051	2141	CALL LCDWRITECHAR
000052	2853	GOTO BASPROGRAMEND
		BASPROGRAMEND
000053	0063	SLEEP
000054	2853	GOTO BASPROGRAMEND


		CLS
000055	1186	BCF PORTB,3
000056	3001	MOVLW 1
000057	00A1	MOVWF LCDBYTE
000058	2116	CALL LCDNORMALWRITEBYTE
000059	3004	MOVLW 4
00005A	00F2	MOVWF SYSWAITTEMPMS
00005B	01F3	CLRF SYSWAITTEMPMS_H
00005C	209B	CALL DELAY_MS
00005D	3080	MOVLW 128
00005E	00A1	MOVWF LCDBYTE
00005F	2116	CALL LCDNORMALWRITEBYTE
000060	300C	MOVLW 12
000061	00F5	MOVWF SYSWAITTEMP10US
000062	2894	GOTO DELAY_10US


		CREATECUSTOMCHARACTERS
000063	301B	MOVLW 27
000000	1283	BANKSEL SYSCHARARRAY_1
000000	1283 1703	BANKSEL SYSCHARARRAY_1
000066	00D6	MOVWF SYSCHARARRAY_1
000067	301B	MOVLW 27
000068	00D7	MOVWF SYSCHARARRAY_2
000069	01D8	CLRF SYSCHARARRAY_3
00006A	3004	MOVLW 4
00006B	00D9	MOVWF SYSCHARARRAY_4
00006C	01DA	CLRF SYSCHARARRAY_5
00006D	3011	MOVLW 17
00006E	00DB	MOVWF SYSCHARARRAY_6
00006F	3011	MOVLW 17
000070	00DC	MOVWF SYSCHARARRAY_7
000071	300E	MOVLW 14
000072	00DD	MOVWF SYSCHARARRAY_8
000000	1283	BANKSEL LCDCHARLOC
000000	1283 1303	BANKSEL LCDCHARLOC
000075	01A3	CLRF LCDCHARLOC
000076	3055	MOVLW LOW CHARARRAY
000077	00AB	MOVWF SYSLCDCHARDATAHANDLER
000078	3001	MOVLW HIGH CHARARRAY
000079	00AC	MOVWF SYSLCDCHARDATAHANDLER_H
00007A	20EF	CALL LCDCREATECHAR
00007B	301B	MOVLW 27
000000	1283	BANKSEL SYSCHARARRAY_1
000000	1283 1703	BANKSEL SYSCHARARRAY_1
00007E	00D6	MOVWF SYSCHARARRAY_1
00007F	301B	MOVLW 27
000080	00D7	MOVWF SYSCHARARRAY_2
000081	01D8	CLRF SYSCHARARRAY_3
000082	3004	MOVLW 4
000083	00D9	MOVWF SYSCHARARRAY_4
000084	01DA	CLRF SYSCHARARRAY_5
000085	300E	MOVLW 14
000086	00DB	MOVWF SYSCHARARRAY_6
000087	3011	MOVLW 17
000088	00DC	MOVWF SYSCHARARRAY_7
000089	3011	MOVLW 17
00008A	00DD	MOVWF SYSCHARARRAY_8
00008B	3001	MOVLW 1
000000	1283	BANKSEL LCDCHARLOC
000000	1283 1303	BANKSEL LCDCHARLOC
00008E	00A3	MOVWF LCDCHARLOC
00008F	3055	MOVLW LOW CHARARRAY
000090	00AB	MOVWF SYSLCDCHARDATAHANDLER
000091	3001	MOVLW HIGH CHARARRAY
000092	00AC	MOVWF SYSLCDCHARDATAHANDLER_H
000093	28EF	GOTO LCDCREATECHAR


		DELAY_10US
		D10US_START
000094	3002	MOVLW 2
000095	00F0	MOVWF DELAYTEMP
		DELAYUS0
000096	0BF0	DECFSZ DELAYTEMP,F
000097	2896	GOTO DELAYUS0
000098	0BF5	DECFSZ SYSWAITTEMP10US, F
000099	2894	GOTO D10US_START
00009A	0008	RETURN


		DELAY_MS
00009B	0AF3	INCF SYSWAITTEMPMS_H, F
		DMS_START
00009C	308E	MOVLW 142
00009D	00F1	MOVWF DELAYTEMP2
		DMS_OUTER
00009E	3001	MOVLW 1
00009F	00F0	MOVWF DELAYTEMP
		DMS_INNER
0000A0	0BF0	DECFSZ DELAYTEMP, F
0000A1	28A0	GOTO DMS_INNER
0000A2	0BF1	DECFSZ DELAYTEMP2, F
0000A3	289E	GOTO DMS_OUTER
0000A4	0BF2	DECFSZ SYSWAITTEMPMS, F
0000A5	289C	GOTO DMS_START
0000A6	0BF3	DECFSZ SYSWAITTEMPMS_H, F
0000A7	289C	GOTO DMS_START
0000A8	0008	RETURN


		DELAY_S
		DS_START
0000A9	30E8	MOVLW 232
0000AA	00F2	MOVWF SYSWAITTEMPMS
0000AB	3003	MOVLW 3
0000AC	00F3	MOVWF SYSWAITTEMPMS_H
0000AD	209B	CALL DELAY_MS
0000AE	0BF4	DECFSZ SYSWAITTEMPS, F
0000AF	28A9	GOTO DS_START
0000B0	0008	RETURN


		INITLCD
0000B1	01A6	CLRF LCDTEMP
0000B2	20EE	CALL LCDBACKLIGHT
000000	1683	BANKSEL TRISA
000000	1683 1303	BANKSEL TRISA
0000B5	1005	BCF TRISA,0
0000B6	1186	BCF TRISB,3
0000B7	1206	BCF TRISB,4
000000	1283	BANKSEL PORTA
000000	1283 1303	BANKSEL PORTA
0000BA	1005	BCF PORTA,0
0000BB	1186	BCF PORTB,3
0000BC	1206	BCF PORTB,4
0000BD	3014	MOVLW 20
0000BE	00F2	MOVWF SYSWAITTEMPMS
0000BF	01F3	CLRF SYSWAITTEMPMS_H
0000C0	209B	CALL DELAY_MS
0000C1	1405	BSF PORTA,0
0000C2	3030	MOVLW 48
0000C3	00A7	MOVWF LCDVALUE
0000C4	20EA	CALL LCD3_CMD
0000C5	3005	MOVLW 5
0000C6	00F2	MOVWF SYSWAITTEMPMS
0000C7	01F3	CLRF SYSWAITTEMPMS_H
0000C8	209B	CALL DELAY_MS
0000C9	3030	MOVLW 48
0000CA	00A7	MOVWF LCDVALUE
0000CB	20EA	CALL LCD3_CMD
0000CC	3001	MOVLW 1
0000CD	00F2	MOVWF SYSWAITTEMPMS
0000CE	01F3	CLRF SYSWAITTEMPMS_H
0000CF	209B	CALL DELAY_MS
0000D0	3038	MOVLW 56
0000D1	00A7	MOVWF LCDVALUE
0000D2	20EA	CALL LCD3_CMD
0000D3	3008	MOVLW 8
0000D4	00A7	MOVWF LCDVALUE
0000D5	20EA	CALL LCD3_CMD
0000D6	300F	MOVLW 15
0000D7	00A7	MOVWF LCDVALUE
0000D8	20EA	CALL LCD3_CMD
0000D9	3001	MOVLW 1
0000DA	00A7	MOVWF LCDVALUE
0000DB	20EA	CALL LCD3_CMD
0000DC	3038	MOVLW 56
0000DD	00A7	MOVWF LCDVALUE
0000DE	20EA	CALL LCD3_CMD
0000DF	3080	MOVLW 128
0000E0	00A7	MOVWF LCDVALUE
0000E1	20EA	CALL LCD3_CMD
0000E2	300C	MOVLW 12
0000E3	00A8	MOVWF LCD_STATE
0000E4	0008	RETURN


		INITSYS
0000E5	3007	MOVLW 7
0000E6	009F	MOVWF CMCON
0000E7	0185	CLRF PORTA
0000E8	0186	CLRF PORTB
0000E9	0008	RETURN


		LCD3_CMD
0000EA	1186	BCF PORTB,3
0000EB	0827	MOVF LCDVALUE,W
0000EC	00A1	MOVWF LCDBYTE
0000ED	2916	GOTO LCDNORMALWRITEBYTE


		LCDBACKLIGHT
0000EE	0008	RETURN


		LCDCREATECHAR
0000EF	1186	BCF PORTB,3
0000F0	0823	MOVF LCDCHARLOC,W
0000F1	00F5	MOVWF SYSBYTETEMPA
0000F2	3008	MOVLW 8
0000F3	00F9	MOVWF SYSBYTETEMPB
0000F4	217D	CALL SYSMULTSUB
0000F5	3040	MOVLW 64
0000F6	0770	ADDWF SYSBYTETEMPX,W
0000F7	00A1	MOVWF LCDBYTE
0000F8	2116	CALL LCDNORMALWRITEBYTE
0000F9	3005	MOVLW 5
0000FA	00F5	MOVWF SYSWAITTEMP10US
0000FB	2094	CALL DELAY_10US
0000FC	1586	BSF PORTB,3
0000FD	01A6	CLRF LCDTEMP
		SYSFORLOOP2
0000FE	0AA6	INCF LCDTEMP,F
0000FF	0826	MOVF LCDTEMP,W
000100	072B	ADDWF SYSLCDCHARDATAHANDLER,W
000101	0084	MOVWF FSR
000102	1383	BCF STATUS, IRP
000103	182C	BTFSC SYSLCDCHARDATAHANDLER_H,0
000104	1783	BSF STATUS, IRP
000105	0800	MOVF INDF,W
000106	00A1	MOVWF LCDBYTE
000107	2116	CALL LCDNORMALWRITEBYTE
000108	3005	MOVLW 5
000109	00F5	MOVWF SYSWAITTEMP10US
00010A	2094	CALL DELAY_10US
00010B	3008	MOVLW 8
00010C	0226	SUBWF LCDTEMP,W
00010D	1C03	BTFSS STATUS, C
00010E	28FE	GOTO SYSFORLOOP2
		ENDIF10
		SYSFORLOOPEND2
00010F	1186	BCF PORTB,3
000110	3080	MOVLW 128
000111	00A1	MOVWF LCDBYTE
000112	2116	CALL LCDNORMALWRITEBYTE
000113	3005	MOVLW 5
000114	00F5	MOVWF SYSWAITTEMP10US
000115	2894	GOTO DELAY_10US


		LCDNORMALWRITEBYTE
000116	01A0	CLRF LCD3_RSSTATE
000117	1986	BTFSC PORTB,3
000118	0AA0	INCF LCD3_RSSTATE,F
		ENDIF7
000119	1405	BSF PORTA,0
00011A	1206	BCF PORTB,4
00011B	3008	MOVLW 8
00011C	00B0	MOVWF SYSREPEATTEMP1
		SYSREPEATLOOP1
00011D	1186	BCF PORTB,3
00011E	1BA1	BTFSC LCDBYTE,7
00011F	1586	BSF PORTB,3
		ENDIF8
000120	0DA1	RLF LCDBYTE,F
000121	1606	BSF PORTB,4
000122	1206	BCF PORTB,4
000123	0BB0	DECFSZ SYSREPEATTEMP1,F
000124	291D	GOTO SYSREPEATLOOP1
		SYSREPEATLOOPEND1
000125	3003	MOVLW 3
000126	00F2	MOVWF SYSWAITTEMPMS
000127	01F3	CLRF SYSWAITTEMPMS_H
000128	209B	CALL DELAY_MS
000129	1186	BCF PORTB,3
00012A	1820	BTFSC LCD3_RSSTATE,0
00012B	1586	BSF PORTB,3
		ENDIF9
00012C	3003	MOVLW 3
00012D	00F2	MOVWF SYSWAITTEMPMS
00012E	01F3	CLRF SYSWAITTEMPMS_H
00012F	209B	CALL DELAY_MS
000130	1005	BCF PORTA,0
000131	3003	MOVLW 3
000132	00F2	MOVWF SYSWAITTEMPMS
000133	01F3	CLRF SYSWAITTEMPMS_H
000134	209B	CALL DELAY_MS
000135	1405	BSF PORTA,0
000136	3010	MOVLW 16
000137	0221	SUBWF LCDBYTE,W
000138	1803	BTFSC STATUS, C
000139	2940	GOTO ENDIF5
00013A	0821	MOVF LCDBYTE,W
00013B	3C07	SUBLW 7
00013C	1803	BTFSC STATUS, C
00013D	2940	GOTO ENDIF6
00013E	0821	MOVF LCDBYTE,W
00013F	00A8	MOVWF LCD_STATE
		ENDIF6
		ENDIF5
000140	0008	RETURN


		LCDWRITECHAR
000141	1586	BSF PORTB,3
000142	0822	MOVF LCDCHAR,W
000143	00A1	MOVWF LCDBYTE
000144	2116	CALL LCDNORMALWRITEBYTE
000145	0008	RETURN


		LOCATE
000146	1186	BCF PORTB,3
000147	0825	MOVF LCDLINE,W
000148	3C01	SUBLW 1
000149	1803	BTFSC STATUS, C
00014A	294F	GOTO ENDIF1
00014B	3002	MOVLW 2
00014C	02A5	SUBWF LCDLINE,F
00014D	3014	MOVLW 20
00014E	07A4	ADDWF LCDCOLUMN,F
		ENDIF1
00014F	0825	MOVF LCDLINE,W
000150	00F5	MOVWF SYSBYTETEMPA
000151	3040	MOVLW 64
000152	00F9	MOVWF SYSBYTETEMPB
000153	217D	CALL SYSMULTSUB
000154	0824	MOVF LCDCOLUMN,W
000155	0770	ADDWF SYSBYTETEMPX,W
000156	00B1	MOVWF SYSTEMP1
000157	3080	MOVLW 128
000158	0431	IORWF SYSTEMP1,W
000159	00A1	MOVWF LCDBYTE
00015A	2116	CALL LCDNORMALWRITEBYTE
00015B	3005	MOVLW 5
00015C	00F5	MOVWF SYSWAITTEMP10US
00015D	2894	GOTO DELAY_10US


		PRINT108
00015E	082D	MOVF SYSPRINTDATAHANDLER,W
00015F	0084	MOVWF FSR
000160	1383	BCF STATUS, IRP
000161	182E	BTFSC SYSPRINTDATAHANDLER_H,0
000162	1783	BSF STATUS, IRP
000163	0800	MOVF INDF,W
000164	00A9	MOVWF PRINTLEN
000165	08A9	MOVF PRINTLEN,F
000166	1903	BTFSC STATUS, Z
000167	0008	RETURN
		ENDIF2
000168	1586	BSF PORTB,3
000169	01AF	CLRF SYSPRINTTEMP
00016A	3001	MOVLW 1
00016B	0229	SUBWF PRINTLEN,W
00016C	1C03	BTFSS STATUS, C
00016D	297C	GOTO SYSFORLOOPEND1
		ENDIF3
		SYSFORLOOP1
00016E	0AAF	INCF SYSPRINTTEMP,F
00016F	082F	MOVF SYSPRINTTEMP,W
000170	072D	ADDWF SYSPRINTDATAHANDLER,W
000171	0084	MOVWF FSR
000172	1383	BCF STATUS, IRP
000173	182E	BTFSC SYSPRINTDATAHANDLER_H,0
000174	1783	BSF STATUS, IRP
000175	0800	MOVF INDF,W
000176	00A1	MOVWF LCDBYTE
000177	2116	CALL LCDNORMALWRITEBYTE
000178	0829	MOVF PRINTLEN,W
000179	022F	SUBWF SYSPRINTTEMP,W
00017A	1C03	BTFSS STATUS, C
00017B	296E	GOTO SYSFORLOOP1
		ENDIF4
		SYSFORLOOPEND1
00017C	0008	RETURN


		SYSMULTSUB
00017D	01F0	CLRF SYSBYTETEMPX
		MUL8LOOP
00017E	0875	MOVF SYSBYTETEMPA, W
00017F	1879	BTFSC SYSBYTETEMPB, 0
000180	07F0	ADDWF SYSBYTETEMPX, F
000181	1003	BCF STATUS, C
000182	0CF9	RRF SYSBYTETEMPB, F
000183	1003	BCF STATUS, C
000184	0DF5	RLF SYSBYTETEMPA, F
000185	08F9	MOVF SYSBYTETEMPB, F
000186	1D03	BTFSS STATUS, Z
000187	297E	GOTO MUL8LOOP
000188	0008	RETURN


		SYSREADSTRING
000189	0872	MOVF SYSSTRINGB, W
00018A	0084	MOVWF FSR
00018B	1383	BCF STATUS, IRP
00018C	1873	BTFSC SYSSTRINGB_H, 0
00018D	1783	BSF STATUS, IRP
00018E	21A5	CALL SYSSTRINGTABLES
00018F	00F5	MOVWF SYSCALCTEMPA
000190	0080	MOVWF INDF
000191	07F2	ADDWF SYSSTRINGB, F
000192	299C	GOTO SYSSTRINGREADCHECK
		SYSREADSTRINGPART
000193	0872	MOVF SYSSTRINGB, W
000194	0084	MOVWF FSR
000195	1383	BCF STATUS, IRP
000196	1873	BTFSC SYSSTRINGB_H, 0
000197	1783	BSF STATUS, IRP
000198	21A5	CALL SYSSTRINGTABLES
000199	00F5	MOVWF SYSCALCTEMPA
00019A	07F6	ADDWF SYSSTRINGLENGTH,F
00019B	07F2	ADDWF SYSSTRINGB,F
		SYSSTRINGREADCHECK
00019C	08F5	MOVF SYSCALCTEMPA,F
00019D	1903	BTFSC STATUS,Z
00019E	0008	RETURN
		SYSSTRINGREAD
00019F	21A5	CALL SYSSTRINGTABLES
0001A0	0A84	INCF FSR, F
0001A1	0080	MOVWF INDF
0001A2	0BF5	DECFSZ SYSCALCTEMPA, F
0001A3	299F	GOTO SYSSTRINGREAD
0001A4	0008	RETURN


		SYSSTRINGTABLES
0001A5	0878	MOVF SYSSTRINGA_H,W
0001A6	008A	MOVWF PCLATH
0001A7	0877	MOVF SYSSTRINGA,W
0001A8	0AF7	INCF SYSSTRINGA,F
0001A9	1903	BTFSC STATUS,Z
0001AA	0AF8	INCF SYSSTRINGA_H,F
0001AB	0082	MOVWF PCL

		STRINGTABLE1
0001AC	340F	RETLW 15
0001AD	3447	RETLW 71
0001AE	3472	RETLW 114
0001AF	3465	RETLW 101
0001B0	3461	RETLW 97
0001B1	3474	RETLW 116
0001B2	3420	RETLW 32
0001B3	3443	RETLW 67
0001B4	346F	RETLW 111
0001B5	3477	RETLW 119
0001B6	3420	RETLW 32
0001B7	3442	RETLW 66
0001B8	3441	RETLW 65
0001B9	3453	RETLW 83
0001BA	3449	RETLW 73
0001BB	3443	RETLW 67


		STRINGTABLE2
0001BC	3404	RETLW 4
0001BD	3432	RETLW 50
0001BE	3430	RETLW 48
0001BF	3431	RETLW 49
0001C0	3439	RETLW 57


		STRINGTABLE3
0001C1	340B	RETLW 11
0001C2	3453	RETLW 83
0001C3	346D	RETLW 109
0001C4	3469	RETLW 105
0001C5	346C	RETLW 108
0001C6	3465	RETLW 101
0001C7	3479	RETLW 121
0001C8	3420	RETLW 32
0001C9	3466	RETLW 102
0001CA	3461	RETLW 97
0001CB	3463	RETLW 99
0001CC	3465	RETLW 101


		STRINGTABLE4
0001CD	3403	RETLW 3
0001CE	3420	RETLW 32
0001CF	343A	RETLW 58
0001D0	3420	RETLW 32




