GCASM List File (GCBASIC 0.98.<<>> 2019-01-21 (Windows 32 bit))

Symbols:
A 	EQU 	0
ACCESS 	EQU 	0
ADDEN 	EQU 	3
ADEN 	EQU 	3
B 	EQU 	1
BANKED 	EQU 	1
BASPROGRAMEND 	EQU 	80
BASPROGRAMSTART 	EQU 	5
BRGH 	EQU 	2
C 	EQU 	0
C1INV 	EQU 	4
C1OUT 	EQU 	6
C2INV 	EQU 	5
C2OUT 	EQU 	7
CCP1CON 	EQU 	23
CCP1IE 	EQU 	2
CCP1IF 	EQU 	2
CCP1M0 	EQU 	0
CCP1M1 	EQU 	1
CCP1M2 	EQU 	2
CCP1M3 	EQU 	3
CCP1X 	EQU 	5
CCP1Y 	EQU 	4
CCPR1 	EQU 	21
CCPR1H 	EQU 	22
CCPR1L 	EQU 	21
CHARARRAY 	EQU 	341
CIS 	EQU 	3
CLS 	EQU 	82
CM0 	EQU 	0
CM1 	EQU 	1
CM2 	EQU 	2
CMCON 	EQU 	31
CMIE 	EQU 	6
CMIF 	EQU 	6
CREATECUSTOMCHARACTERS 	EQU 	96
CREN 	EQU 	4
CSRC 	EQU 	7
D10US_START 	EQU 	145
DC 	EQU 	1
DELAYTEMP 	EQU 	112
DELAYTEMP2 	EQU 	113
DELAYUS0 	EQU 	147
DELAY_10US 	EQU 	145
DELAY_MS 	EQU 	152
DELAY_S 	EQU 	166
DMS_INNER 	EQU 	157
DMS_OUTER 	EQU 	155
DMS_START 	EQU 	153
DS_START 	EQU 	166
EEADR 	EQU 	155
EECON1 	EQU 	156
EECON2 	EQU 	157
EEDATA 	EQU 	154
EEIE 	EQU 	7
EEIF 	EQU 	7
ELSE1_1 	EQU 	73
ENDIF1 	EQU 	76
ENDIF10 	EQU 	297
ENDIF11 	EQU 	268
ENDIF2 	EQU 	332
ENDIF3 	EQU 	357
ENDIF4 	EQU 	363
ENDIF5 	EQU 	377
ENDIF6 	EQU 	317
ENDIF7 	EQU 	317
ENDIF8 	EQU 	278
ENDIF9 	EQU 	285
F 	EQU 	1
FERR 	EQU 	2
FSR 	EQU 	4
GIE 	EQU 	7
INDF 	EQU 	0
INITLCD 	EQU 	174
INITSYS 	EQU 	226
INTCON 	EQU 	11
INTE 	EQU 	4
INTEDG 	EQU 	6
INTF 	EQU 	1
IRP 	EQU 	7
LCD3_CMD 	EQU 	231
LCD3_RSSTATE 	EQU 	32
LCDBACKLIGHT 	EQU 	235
LCDBYTE 	EQU 	33
LCDCHAR 	EQU 	34
LCDCHARLOC 	EQU 	35
LCDCOLUMN 	EQU 	36
LCDCREATECHAR 	EQU 	236
LCDLINE 	EQU 	37
LCDNORMALWRITEBYTE 	EQU 	275
LCDTEMP 	EQU 	38
LCDVALUE 	EQU 	39
LCDWRITECHAR 	EQU 	318
LCD_STATE 	EQU 	40
LOCATE 	EQU 	323
MUL8LOOP 	EQU 	379
NOT_BO 	EQU 	0
NOT_BOD 	EQU 	0
NOT_BOR 	EQU 	0
NOT_PD 	EQU 	3
NOT_POR 	EQU 	1
NOT_RBPU 	EQU 	7
NOT_T1SYNC 	EQU 	2
NOT_TO 	EQU 	4
OERR 	EQU 	1
OPTION_REG 	EQU 	129
OSCF 	EQU 	3
PCL 	EQU 	2
PCLATH 	EQU 	10
PCON 	EQU 	142
PEIE 	EQU 	6
PIE1 	EQU 	140
PIR1 	EQU 	12
PORTA 	EQU 	5
PORTB 	EQU 	6
PR2 	EQU 	146
PRINT108 	EQU 	347
PRINTLEN 	EQU 	41
PS0 	EQU 	0
PS1 	EQU 	1
PS2 	EQU 	2
PSA 	EQU 	3
RA0 	EQU 	0
RA1 	EQU 	1
RA2 	EQU 	2
RA3 	EQU 	3
RA4 	EQU 	4
RA5 	EQU 	5
RA6 	EQU 	6
RA7 	EQU 	7
RB0 	EQU 	0
RB1 	EQU 	1
RB2 	EQU 	2
RB3 	EQU 	3
RB4 	EQU 	4
RB5 	EQU 	5
RB6 	EQU 	6
RB7 	EQU 	7
RBIE 	EQU 	3
RBIF 	EQU 	0
RCIE 	EQU 	5
RCIF 	EQU 	5
RCREG 	EQU 	26
RCSTA 	EQU 	24
RD 	EQU 	0
RP0 	EQU 	5
RP1 	EQU 	6
RX9 	EQU 	6
RX9D 	EQU 	0
SPBRG 	EQU 	153
SPEN 	EQU 	7
SREN 	EQU 	5
STATUS 	EQU 	3
STRINGPOINTER 	EQU 	42
STRINGTABLE1 	EQU 	425
STRINGTABLE2 	EQU 	441
STRINGTABLE3 	EQU 	446
SYNC 	EQU 	4
SYSBYTETEMPA 	EQU 	117
SYSBYTETEMPB 	EQU 	121
SYSBYTETEMPX 	EQU 	112
SYSCALCTEMPA 	EQU 	117
SYSCHARARRAY_1 	EQU 	342
SYSCHARARRAY_2 	EQU 	343
SYSCHARARRAY_3 	EQU 	344
SYSCHARARRAY_4 	EQU 	345
SYSCHARARRAY_5 	EQU 	346
SYSCHARARRAY_6 	EQU 	347
SYSCHARARRAY_7 	EQU 	348
SYSCHARARRAY_8 	EQU 	349
SYSDOLOOP_E1 	EQU 	80
SYSDOLOOP_S1 	EQU 	62
SYSFORLOOP1 	EQU 	363
SYSFORLOOP2 	EQU 	251
SYSFORLOOPEND1 	EQU 	377
SYSFORLOOPEND2 	EQU 	268
SYSLCDCHARDATAHANDLER 	EQU 	43
SYSLCDCHARDATAHANDLER_H 	EQU 	44
SYSMULTSUB 	EQU 	378
SYSPRINTDATAHANDLER 	EQU 	45
SYSPRINTDATAHANDLER_H 	EQU 	46
SYSPRINTTEMP 	EQU 	47
SYSREADSTRING 	EQU 	390
SYSREADSTRINGPART 	EQU 	400
SYSREPEATLOOP1 	EQU 	282
SYSREPEATLOOPEND1 	EQU 	290
SYSREPEATTEMP1 	EQU 	48
SYSSTRINGA 	EQU 	119
SYSSTRINGA_H 	EQU 	120
SYSSTRINGB 	EQU 	114
SYSSTRINGB_H 	EQU 	115
SYSSTRINGLENGTH 	EQU 	118
SYSSTRINGPARAM1 	EQU 	350
SYSSTRINGREAD 	EQU 	412
SYSSTRINGREADCHECK 	EQU 	409
SYSSTRINGTABLES 	EQU 	418
SYSTEMP1 	EQU 	49
SYSWAITTEMP10US 	EQU 	117
SYSWAITTEMPMS 	EQU 	114
SYSWAITTEMPMS_H 	EQU 	115
SYSWAITTEMPS 	EQU 	116
T0CS 	EQU 	5
T0IE 	EQU 	5
T0IF 	EQU 	2
T0SE 	EQU 	4
T1CKPS0 	EQU 	4
T1CKPS1 	EQU 	5
T1CON 	EQU 	16
T1OSCEN 	EQU 	3
T2CKPS0 	EQU 	0
T2CKPS1 	EQU 	1
T2CON 	EQU 	18
TMR0 	EQU 	1
TMR0IE 	EQU 	5
TMR0IF 	EQU 	2
TMR1 	EQU 	14
TMR1CS 	EQU 	1
TMR1H 	EQU 	15
TMR1IE 	EQU 	0
TMR1IF 	EQU 	0
TMR1L 	EQU 	14
TMR1ON 	EQU 	0
TMR2 	EQU 	17
TMR2IE 	EQU 	1
TMR2IF 	EQU 	1
TMR2ON 	EQU 	2
TOUTPS0 	EQU 	3
TOUTPS1 	EQU 	4
TOUTPS2 	EQU 	5
TOUTPS3 	EQU 	6
TRISA 	EQU 	133
TRISA0 	EQU 	0
TRISA1 	EQU 	1
TRISA2 	EQU 	2
TRISA3 	EQU 	3
TRISA4 	EQU 	4
TRISA5 	EQU 	5
TRISA6 	EQU 	6
TRISA7 	EQU 	7
TRISB 	EQU 	134
TRISB0 	EQU 	0
TRISB1 	EQU 	1
TRISB2 	EQU 	2
TRISB3 	EQU 	3
TRISB4 	EQU 	4
TRISB5 	EQU 	5
TRISB6 	EQU 	6
TRISB7 	EQU 	7
TRMT 	EQU 	1
TX9 	EQU 	6
TX9D 	EQU 	0
TXEN 	EQU 	5
TXIE 	EQU 	4
TXIF 	EQU 	4
TXREG 	EQU 	25
TXSTA 	EQU 	152
VR0 	EQU 	0
VR1 	EQU 	1
VR2 	EQU 	2
VR3 	EQU 	3
VRCON 	EQU 	159
VREN 	EQU 	7
VROE 	EQU 	6
VRR 	EQU 	5
W 	EQU 	0
WR 	EQU 	1
WREN 	EQU 	2
WRERR 	EQU 	3
Z 	EQU 	2

Code:
Loc	Obj Code	Original Assembly












































000000	118A	PAGESEL BASPROGRAMSTART
000001	2805	GOTO BASPROGRAMSTART

000004	0009	RETFIE



		BASPROGRAMSTART
000005	20E2	CALL INITSYS
000006	20AE	CALL INITLCD

000007	2060	CALL CREATECUSTOMCHARACTERS
000008	2052	CALL CLS
000009	305E	MOVLW LOW SYSSTRINGPARAM1
00000A	00F2	MOVWF SYSSTRINGB
00000B	3001	MOVLW HIGH SYSSTRINGPARAM1
00000C	00F3	MOVWF SYSSTRINGB_H
00000D	30A9	MOVLW LOW STRINGTABLE1
00000E	00F7	MOVWF SYSSTRINGA
00000F	3001	MOVLW HIGH STRINGTABLE1
000010	00F8	MOVWF SYSSTRINGA_H
000011	2186	CALL SYSREADSTRING
000012	305E	MOVLW LOW SYSSTRINGPARAM1
000013	00AD	MOVWF SYSPRINTDATAHANDLER
000014	3001	MOVLW HIGH SYSSTRINGPARAM1
000015	00AE	MOVWF SYSPRINTDATAHANDLER_H
000016	215B	CALL PRINT108
000017	3001	MOVLW 1
000018	00A5	MOVWF LCDLINE
000019	01A4	CLRF LCDCOLUMN
00001A	2143	CALL LOCATE
00001B	305E	MOVLW LOW SYSSTRINGPARAM1
00001C	00F2	MOVWF SYSSTRINGB
00001D	3001	MOVLW HIGH SYSSTRINGPARAM1
00001E	00F3	MOVWF SYSSTRINGB_H
00001F	30B9	MOVLW LOW STRINGTABLE2
000020	00F7	MOVWF SYSSTRINGA
000021	3001	MOVLW HIGH STRINGTABLE2
000022	00F8	MOVWF SYSSTRINGA_H
000023	2186	CALL SYSREADSTRING
000024	305E	MOVLW LOW SYSSTRINGPARAM1
000025	00AD	MOVWF SYSPRINTDATAHANDLER
000026	3001	MOVLW HIGH SYSSTRINGPARAM1
000027	00AE	MOVWF SYSPRINTDATAHANDLER_H
000028	215B	CALL PRINT108
000029	3004	MOVLW 4
00002A	00F4	MOVWF SYSWAITTEMPS
00002B	20A6	CALL DELAY_S
00002C	2052	CALL CLS
00002D	305E	MOVLW LOW SYSSTRINGPARAM1
00002E	00F2	MOVWF SYSSTRINGB
00002F	3001	MOVLW HIGH SYSSTRINGPARAM1
000030	00F3	MOVWF SYSSTRINGB_H
000031	30BE	MOVLW LOW STRINGTABLE3
000032	00F7	MOVWF SYSSTRINGA
000033	3001	MOVLW HIGH STRINGTABLE3
000034	00F8	MOVWF SYSSTRINGA_H
000035	2186	CALL SYSREADSTRING
000036	305E	MOVLW LOW SYSSTRINGPARAM1
000037	00AD	MOVWF SYSPRINTDATAHANDLER
000038	3001	MOVLW HIGH SYSSTRINGPARAM1
000039	00AE	MOVWF SYSPRINTDATAHANDLER_H
00003A	215B	CALL PRINT108
000000	1683	BANKSEL TRISA
000000	1683 1303	BANKSEL TRISA
00003D	1685	BSF TRISA,5
		SYSDOLOOP_S1
00003E	3001	MOVLW 1
000000	1283	BANKSEL LCDLINE
000000	1283 1303	BANKSEL LCDLINE
000041	00A5	MOVWF LCDLINE
000042	01A4	CLRF LCDCOLUMN
000043	2143	CALL LOCATE
000044	1A85	BTFSC PORTA,5
000045	2849	GOTO ELSE1_1
000046	01A2	CLRF LCDCHAR
000047	213E	CALL LCDWRITECHAR
000048	284C	GOTO ENDIF1
		ELSE1_1
000049	3001	MOVLW 1
00004A	00A2	MOVWF LCDCHAR
00004B	213E	CALL LCDWRITECHAR
		ENDIF1
00004C	3001	MOVLW 1
00004D	00F4	MOVWF SYSWAITTEMPS
00004E	20A6	CALL DELAY_S
00004F	283E	GOTO SYSDOLOOP_S1
		SYSDOLOOP_E1
		BASPROGRAMEND
000050	0063	SLEEP
000051	2850	GOTO BASPROGRAMEND


		CLS
000052	1186	BCF PORTB,3
000053	3001	MOVLW 1
000054	00A1	MOVWF LCDBYTE
000055	2113	CALL LCDNORMALWRITEBYTE
000056	3004	MOVLW 4
000057	00F2	MOVWF SYSWAITTEMPMS
000058	01F3	CLRF SYSWAITTEMPMS_H
000059	2098	CALL DELAY_MS
00005A	3080	MOVLW 128
00005B	00A1	MOVWF LCDBYTE
00005C	2113	CALL LCDNORMALWRITEBYTE
00005D	300C	MOVLW 12
00005E	00F5	MOVWF SYSWAITTEMP10US
00005F	2891	GOTO DELAY_10US


		CREATECUSTOMCHARACTERS
000060	301B	MOVLW 27
000000	1283	BANKSEL SYSCHARARRAY_1
000000	1283 1703	BANKSEL SYSCHARARRAY_1
000063	00D6	MOVWF SYSCHARARRAY_1
000064	301B	MOVLW 27
000065	00D7	MOVWF SYSCHARARRAY_2
000066	01D8	CLRF SYSCHARARRAY_3
000067	3004	MOVLW 4
000068	00D9	MOVWF SYSCHARARRAY_4
000069	01DA	CLRF SYSCHARARRAY_5
00006A	3011	MOVLW 17
00006B	00DB	MOVWF SYSCHARARRAY_6
00006C	3011	MOVLW 17
00006D	00DC	MOVWF SYSCHARARRAY_7
00006E	300E	MOVLW 14
00006F	00DD	MOVWF SYSCHARARRAY_8
000000	1283	BANKSEL LCDCHARLOC
000000	1283 1303	BANKSEL LCDCHARLOC
000072	01A3	CLRF LCDCHARLOC
000073	3055	MOVLW LOW CHARARRAY
000074	00AB	MOVWF SYSLCDCHARDATAHANDLER
000075	3001	MOVLW HIGH CHARARRAY
000076	00AC	MOVWF SYSLCDCHARDATAHANDLER_H
000077	20EC	CALL LCDCREATECHAR
000078	301B	MOVLW 27
000000	1283	BANKSEL SYSCHARARRAY_1
000000	1283 1703	BANKSEL SYSCHARARRAY_1
00007B	00D6	MOVWF SYSCHARARRAY_1
00007C	301B	MOVLW 27
00007D	00D7	MOVWF SYSCHARARRAY_2
00007E	01D8	CLRF SYSCHARARRAY_3
00007F	3004	MOVLW 4
000080	00D9	MOVWF SYSCHARARRAY_4
000081	01DA	CLRF SYSCHARARRAY_5
000082	300E	MOVLW 14
000083	00DB	MOVWF SYSCHARARRAY_6
000084	3011	MOVLW 17
000085	00DC	MOVWF SYSCHARARRAY_7
000086	3011	MOVLW 17
000087	00DD	MOVWF SYSCHARARRAY_8
000088	3001	MOVLW 1
000000	1283	BANKSEL LCDCHARLOC
000000	1283 1303	BANKSEL LCDCHARLOC
00008B	00A3	MOVWF LCDCHARLOC
00008C	3055	MOVLW LOW CHARARRAY
00008D	00AB	MOVWF SYSLCDCHARDATAHANDLER
00008E	3001	MOVLW HIGH CHARARRAY
00008F	00AC	MOVWF SYSLCDCHARDATAHANDLER_H
000090	28EC	GOTO LCDCREATECHAR


		DELAY_10US
		D10US_START
000091	3002	MOVLW 2
000092	00F0	MOVWF DELAYTEMP
		DELAYUS0
000093	0BF0	DECFSZ DELAYTEMP,F
000094	2893	GOTO DELAYUS0
000095	0BF5	DECFSZ SYSWAITTEMP10US, F
000096	2891	GOTO D10US_START
000097	0008	RETURN


		DELAY_MS
000098	0AF3	INCF SYSWAITTEMPMS_H, F
		DMS_START
000099	308E	MOVLW 142
00009A	00F1	MOVWF DELAYTEMP2
		DMS_OUTER
00009B	3001	MOVLW 1
00009C	00F0	MOVWF DELAYTEMP
		DMS_INNER
00009D	0BF0	DECFSZ DELAYTEMP, F
00009E	289D	GOTO DMS_INNER
00009F	0BF1	DECFSZ DELAYTEMP2, F
0000A0	289B	GOTO DMS_OUTER
0000A1	0BF2	DECFSZ SYSWAITTEMPMS, F
0000A2	2899	GOTO DMS_START
0000A3	0BF3	DECFSZ SYSWAITTEMPMS_H, F
0000A4	2899	GOTO DMS_START
0000A5	0008	RETURN


		DELAY_S
		DS_START
0000A6	30E8	MOVLW 232
0000A7	00F2	MOVWF SYSWAITTEMPMS
0000A8	3003	MOVLW 3
0000A9	00F3	MOVWF SYSWAITTEMPMS_H
0000AA	2098	CALL DELAY_MS
0000AB	0BF4	DECFSZ SYSWAITTEMPS, F
0000AC	28A6	GOTO DS_START
0000AD	0008	RETURN


		INITLCD
0000AE	01A6	CLRF LCDTEMP
0000AF	20EB	CALL LCDBACKLIGHT
000000	1683	BANKSEL TRISA
000000	1683 1303	BANKSEL TRISA
0000B2	1005	BCF TRISA,0
0000B3	1186	BCF TRISB,3
0000B4	1206	BCF TRISB,4
000000	1283	BANKSEL PORTA
000000	1283 1303	BANKSEL PORTA
0000B7	1005	BCF PORTA,0
0000B8	1186	BCF PORTB,3
0000B9	1206	BCF PORTB,4
0000BA	3014	MOVLW 20
0000BB	00F2	MOVWF SYSWAITTEMPMS
0000BC	01F3	CLRF SYSWAITTEMPMS_H
0000BD	2098	CALL DELAY_MS
0000BE	1405	BSF PORTA,0
0000BF	3030	MOVLW 48
0000C0	00A7	MOVWF LCDVALUE
0000C1	20E7	CALL LCD3_CMD
0000C2	3005	MOVLW 5
0000C3	00F2	MOVWF SYSWAITTEMPMS
0000C4	01F3	CLRF SYSWAITTEMPMS_H
0000C5	2098	CALL DELAY_MS
0000C6	3030	MOVLW 48
0000C7	00A7	MOVWF LCDVALUE
0000C8	20E7	CALL LCD3_CMD
0000C9	3001	MOVLW 1
0000CA	00F2	MOVWF SYSWAITTEMPMS
0000CB	01F3	CLRF SYSWAITTEMPMS_H
0000CC	2098	CALL DELAY_MS
0000CD	3038	MOVLW 56
0000CE	00A7	MOVWF LCDVALUE
0000CF	20E7	CALL LCD3_CMD
0000D0	3008	MOVLW 8
0000D1	00A7	MOVWF LCDVALUE
0000D2	20E7	CALL LCD3_CMD
0000D3	300F	MOVLW 15
0000D4	00A7	MOVWF LCDVALUE
0000D5	20E7	CALL LCD3_CMD
0000D6	3001	MOVLW 1
0000D7	00A7	MOVWF LCDVALUE
0000D8	20E7	CALL LCD3_CMD
0000D9	3038	MOVLW 56
0000DA	00A7	MOVWF LCDVALUE
0000DB	20E7	CALL LCD3_CMD
0000DC	3080	MOVLW 128
0000DD	00A7	MOVWF LCDVALUE
0000DE	20E7	CALL LCD3_CMD
0000DF	300C	MOVLW 12
0000E0	00A8	MOVWF LCD_STATE
0000E1	0008	RETURN


		INITSYS
0000E2	3007	MOVLW 7
0000E3	009F	MOVWF CMCON
0000E4	0185	CLRF PORTA
0000E5	0186	CLRF PORTB
0000E6	0008	RETURN


		LCD3_CMD
0000E7	1186	BCF PORTB,3
0000E8	0827	MOVF LCDVALUE,W
0000E9	00A1	MOVWF LCDBYTE
0000EA	2913	GOTO LCDNORMALWRITEBYTE


		LCDBACKLIGHT
0000EB	0008	RETURN


		LCDCREATECHAR
0000EC	1186	BCF PORTB,3
0000ED	0823	MOVF LCDCHARLOC,W
0000EE	00F5	MOVWF SYSBYTETEMPA
0000EF	3008	MOVLW 8
0000F0	00F9	MOVWF SYSBYTETEMPB
0000F1	217A	CALL SYSMULTSUB
0000F2	3040	MOVLW 64
0000F3	0770	ADDWF SYSBYTETEMPX,W
0000F4	00A1	MOVWF LCDBYTE
0000F5	2113	CALL LCDNORMALWRITEBYTE
0000F6	3005	MOVLW 5
0000F7	00F5	MOVWF SYSWAITTEMP10US
0000F8	2091	CALL DELAY_10US
0000F9	1586	BSF PORTB,3
0000FA	01A6	CLRF LCDTEMP
		SYSFORLOOP2
0000FB	0AA6	INCF LCDTEMP,F
0000FC	0826	MOVF LCDTEMP,W
0000FD	072B	ADDWF SYSLCDCHARDATAHANDLER,W
0000FE	0084	MOVWF FSR
0000FF	1383	BCF STATUS, IRP
000100	182C	BTFSC SYSLCDCHARDATAHANDLER_H,0
000101	1783	BSF STATUS, IRP
000102	0800	MOVF INDF,W
000103	00A1	MOVWF LCDBYTE
000104	2113	CALL LCDNORMALWRITEBYTE
000105	3005	MOVLW 5
000106	00F5	MOVWF SYSWAITTEMP10US
000107	2091	CALL DELAY_10US
000108	3008	MOVLW 8
000109	0226	SUBWF LCDTEMP,W
00010A	1C03	BTFSS STATUS, C
00010B	28FB	GOTO SYSFORLOOP2
		ENDIF11
		SYSFORLOOPEND2
00010C	1186	BCF PORTB,3
00010D	3080	MOVLW 128
00010E	00A1	MOVWF LCDBYTE
00010F	2113	CALL LCDNORMALWRITEBYTE
000110	3005	MOVLW 5
000111	00F5	MOVWF SYSWAITTEMP10US
000112	2891	GOTO DELAY_10US


		LCDNORMALWRITEBYTE
000113	01A0	CLRF LCD3_RSSTATE
000114	1986	BTFSC PORTB,3
000115	0AA0	INCF LCD3_RSSTATE,F
		ENDIF8
000116	1405	BSF PORTA,0
000117	1206	BCF PORTB,4
000118	3008	MOVLW 8
000119	00B0	MOVWF SYSREPEATTEMP1
		SYSREPEATLOOP1
00011A	1186	BCF PORTB,3
00011B	1BA1	BTFSC LCDBYTE,7
00011C	1586	BSF PORTB,3
		ENDIF9
00011D	0DA1	RLF LCDBYTE,F
00011E	1606	BSF PORTB,4
00011F	1206	BCF PORTB,4
000120	0BB0	DECFSZ SYSREPEATTEMP1,F
000121	291A	GOTO SYSREPEATLOOP1
		SYSREPEATLOOPEND1
000122	3003	MOVLW 3
000123	00F2	MOVWF SYSWAITTEMPMS
000124	01F3	CLRF SYSWAITTEMPMS_H
000125	2098	CALL DELAY_MS
000126	1186	BCF PORTB,3
000127	1820	BTFSC LCD3_RSSTATE,0
000128	1586	BSF PORTB,3
		ENDIF10
000129	3003	MOVLW 3
00012A	00F2	MOVWF SYSWAITTEMPMS
00012B	01F3	CLRF SYSWAITTEMPMS_H
00012C	2098	CALL DELAY_MS
00012D	1005	BCF PORTA,0
00012E	3003	MOVLW 3
00012F	00F2	MOVWF SYSWAITTEMPMS
000130	01F3	CLRF SYSWAITTEMPMS_H
000131	2098	CALL DELAY_MS
000132	1405	BSF PORTA,0
000133	3010	MOVLW 16
000134	0221	SUBWF LCDBYTE,W
000135	1803	BTFSC STATUS, C
000136	293D	GOTO ENDIF6
000137	0821	MOVF LCDBYTE,W
000138	3C07	SUBLW 7
000139	1803	BTFSC STATUS, C
00013A	293D	GOTO ENDIF7
00013B	0821	MOVF LCDBYTE,W
00013C	00A8	MOVWF LCD_STATE
		ENDIF7
		ENDIF6
00013D	0008	RETURN


		LCDWRITECHAR
00013E	1586	BSF PORTB,3
00013F	0822	MOVF LCDCHAR,W
000140	00A1	MOVWF LCDBYTE
000141	2113	CALL LCDNORMALWRITEBYTE
000142	0008	RETURN


		LOCATE
000143	1186	BCF PORTB,3
000144	0825	MOVF LCDLINE,W
000145	3C01	SUBLW 1
000146	1803	BTFSC STATUS, C
000147	294C	GOTO ENDIF2
000148	3002	MOVLW 2
000149	02A5	SUBWF LCDLINE,F
00014A	3014	MOVLW 20
00014B	07A4	ADDWF LCDCOLUMN,F
		ENDIF2
00014C	0825	MOVF LCDLINE,W
00014D	00F5	MOVWF SYSBYTETEMPA
00014E	3040	MOVLW 64
00014F	00F9	MOVWF SYSBYTETEMPB
000150	217A	CALL SYSMULTSUB
000151	0824	MOVF LCDCOLUMN,W
000152	0770	ADDWF SYSBYTETEMPX,W
000153	00B1	MOVWF SYSTEMP1
000154	3080	MOVLW 128
000155	0431	IORWF SYSTEMP1,W
000156	00A1	MOVWF LCDBYTE
000157	2113	CALL LCDNORMALWRITEBYTE
000158	3005	MOVLW 5
000159	00F5	MOVWF SYSWAITTEMP10US
00015A	2891	GOTO DELAY_10US


		PRINT108
00015B	082D	MOVF SYSPRINTDATAHANDLER,W
00015C	0084	MOVWF FSR
00015D	1383	BCF STATUS, IRP
00015E	182E	BTFSC SYSPRINTDATAHANDLER_H,0
00015F	1783	BSF STATUS, IRP
000160	0800	MOVF INDF,W
000161	00A9	MOVWF PRINTLEN
000162	08A9	MOVF PRINTLEN,F
000163	1903	BTFSC STATUS, Z
000164	0008	RETURN
		ENDIF3
000165	1586	BSF PORTB,3
000166	01AF	CLRF SYSPRINTTEMP
000167	3001	MOVLW 1
000168	0229	SUBWF PRINTLEN,W
000169	1C03	BTFSS STATUS, C
00016A	2979	GOTO SYSFORLOOPEND1
		ENDIF4
		SYSFORLOOP1
00016B	0AAF	INCF SYSPRINTTEMP,F
00016C	082F	MOVF SYSPRINTTEMP,W
00016D	072D	ADDWF SYSPRINTDATAHANDLER,W
00016E	0084	MOVWF FSR
00016F	1383	BCF STATUS, IRP
000170	182E	BTFSC SYSPRINTDATAHANDLER_H,0
000171	1783	BSF STATUS, IRP
000172	0800	MOVF INDF,W
000173	00A1	MOVWF LCDBYTE
000174	2113	CALL LCDNORMALWRITEBYTE
000175	0829	MOVF PRINTLEN,W
000176	022F	SUBWF SYSPRINTTEMP,W
000177	1C03	BTFSS STATUS, C
000178	296B	GOTO SYSFORLOOP1
		ENDIF5
		SYSFORLOOPEND1
000179	0008	RETURN


		SYSMULTSUB
00017A	01F0	CLRF SYSBYTETEMPX
		MUL8LOOP
00017B	0875	MOVF SYSBYTETEMPA, W
00017C	1879	BTFSC SYSBYTETEMPB, 0
00017D	07F0	ADDWF SYSBYTETEMPX, F
00017E	1003	BCF STATUS, C
00017F	0CF9	RRF SYSBYTETEMPB, F
000180	1003	BCF STATUS, C
000181	0DF5	RLF SYSBYTETEMPA, F
000182	08F9	MOVF SYSBYTETEMPB, F
000183	1D03	BTFSS STATUS, Z
000184	297B	GOTO MUL8LOOP
000185	0008	RETURN


		SYSREADSTRING
000186	0872	MOVF SYSSTRINGB, W
000187	0084	MOVWF FSR
000188	1383	BCF STATUS, IRP
000189	1873	BTFSC SYSSTRINGB_H, 0
00018A	1783	BSF STATUS, IRP
00018B	21A2	CALL SYSSTRINGTABLES
00018C	00F5	MOVWF SYSCALCTEMPA
00018D	0080	MOVWF INDF
00018E	07F2	ADDWF SYSSTRINGB, F
00018F	2999	GOTO SYSSTRINGREADCHECK
		SYSREADSTRINGPART
000190	0872	MOVF SYSSTRINGB, W
000191	0084	MOVWF FSR
000192	1383	BCF STATUS, IRP
000193	1873	BTFSC SYSSTRINGB_H, 0
000194	1783	BSF STATUS, IRP
000195	21A2	CALL SYSSTRINGTABLES
000196	00F5	MOVWF SYSCALCTEMPA
000197	07F6	ADDWF SYSSTRINGLENGTH,F
000198	07F2	ADDWF SYSSTRINGB,F
		SYSSTRINGREADCHECK
000199	08F5	MOVF SYSCALCTEMPA,F
00019A	1903	BTFSC STATUS,Z
00019B	0008	RETURN
		SYSSTRINGREAD
00019C	21A2	CALL SYSSTRINGTABLES
00019D	0A84	INCF FSR, F
00019E	0080	MOVWF INDF
00019F	0BF5	DECFSZ SYSCALCTEMPA, F
0001A0	299C	GOTO SYSSTRINGREAD
0001A1	0008	RETURN


		SYSSTRINGTABLES
0001A2	0878	MOVF SYSSTRINGA_H,W
0001A3	008A	MOVWF PCLATH
0001A4	0877	MOVF SYSSTRINGA,W
0001A5	0AF7	INCF SYSSTRINGA,F
0001A6	1903	BTFSC STATUS,Z
0001A7	0AF8	INCF SYSSTRINGA_H,F
0001A8	0082	MOVWF PCL

		STRINGTABLE1
0001A9	340F	RETLW 15
0001AA	3447	RETLW 71
0001AB	3472	RETLW 114
0001AC	3465	RETLW 101
0001AD	3461	RETLW 97
0001AE	3474	RETLW 116
0001AF	3420	RETLW 32
0001B0	3443	RETLW 67
0001B1	346F	RETLW 111
0001B2	3477	RETLW 119
0001B3	3420	RETLW 32
0001B4	3442	RETLW 66
0001B5	3441	RETLW 65
0001B6	3453	RETLW 83
0001B7	3449	RETLW 73
0001B8	3443	RETLW 67


		STRINGTABLE2
0001B9	3404	RETLW 4
0001BA	3432	RETLW 50
0001BB	3430	RETLW 48
0001BC	3431	RETLW 49
0001BD	3439	RETLW 57


		STRINGTABLE3
0001BE	340B	RETLW 11
0001BF	3453	RETLW 83
0001C0	346D	RETLW 109
0001C1	3469	RETLW 105
0001C2	346C	RETLW 108
0001C3	3465	RETLW 101
0001C4	3479	RETLW 121
0001C5	3420	RETLW 32
0001C6	3466	RETLW 102
0001C7	3461	RETLW 97
0001C8	3463	RETLW 99
0001C9	3465	RETLW 101




