GCASM List File (GCBASIC 0.98.<<>> 2019-01-21 (Windows 32 bit))

Symbols:
A 	EQU 	0
ACCESS 	EQU 	0
ADDEN 	EQU 	3
ADEN 	EQU 	3
B 	EQU 	1
BANKED 	EQU 	1
BASPROGRAMEND 	EQU 	105
BASPROGRAMSTART 	EQU 	5
BCDTODEC 	EQU 	32
BRGH 	EQU 	2
C 	EQU 	0
C1INV 	EQU 	4
C1OUT 	EQU 	6
C2INV 	EQU 	5
C2OUT 	EQU 	7
CCP1CON 	EQU 	23
CCP1IE 	EQU 	2
CCP1IF 	EQU 	2
CCP1M0 	EQU 	0
CCP1M1 	EQU 	1
CCP1M2 	EQU 	2
CCP1M3 	EQU 	3
CCP1X 	EQU 	5
CCP1Y 	EQU 	4
CCPR1 	EQU 	21
CCPR1H 	EQU 	22
CCPR1L 	EQU 	21
CHANGESETTING 	EQU 	107
CIS 	EQU 	3
CLS 	EQU 	2071
CM0 	EQU 	0
CM1 	EQU 	1
CM2 	EQU 	2
CMCON 	EQU 	31
CMIE 	EQU 	6
CMIF 	EQU 	6
CREN 	EQU 	4
CSRC 	EQU 	7
D10US_START 	EQU 	2107
DATE 	EQU 	33
DAYSMAX 	EQU 	34
DC 	EQU 	1
DECTOBCD 	EQU 	35
DELAYTEMP 	EQU 	112
DELAYTEMP2 	EQU 	113
DELAYUS0 	EQU 	2109
DELAY_10US 	EQU 	2107
DELAY_MS 	EQU 	2114
DELAY_S 	EQU 	2128
DIV8NOTNEG 	EQU 	2965
DMS_INNER 	EQU 	2119
DMS_OUTER 	EQU 	2117
DMS_START 	EQU 	2115
DOW 	EQU 	36
DS_DATE 	EQU 	37
DS_DOW 	EQU 	38
DS_ENABLESTATE 	EQU 	43
DS_HOUR 	EQU 	39
DS_MIN 	EQU 	40
DS_MONTH 	EQU 	41
DS_REG 	EQU 	42
DS_SEC 	EQU 	43
DS_START 	EQU 	2128
DS_VAL 	EQU 	44
DS_VALUE 	EQU 	45
DS_YEAR 	EQU 	46
EEADR 	EQU 	155
EECON1 	EQU 	156
EECON2 	EQU 	157
EEDATA 	EQU 	154
EEIE 	EQU 	7
EEIF 	EQU 	7
ELSE16_1 	EQU 	2364
ELSE39_1 	EQU 	776
ELSE3_1 	EQU 	3088
ELSE44_1 	EQU 	463
ELSE45_1 	EQU 	504
ELSE47_1 	EQU 	2182
ENDIF1 	EQU 	99
ENDIF10 	EQU 	336
ENDIF11 	EQU 	433
ENDIF12 	EQU 	415
ENDIF13 	EQU 	2785
ENDIF14 	EQU 	2727
ENDIF15 	EQU 	2845
ENDIF16 	EQU 	2365
ENDIF17 	EQU 	2299
ENDIF18 	EQU 	798
ENDIF19 	EQU 	804
ENDIF2 	EQU 	103
ENDIF20 	EQU 	820
ENDIF21 	EQU 	2284
ENDIF22 	EQU 	2284
ENDIF23 	EQU 	2245
ENDIF24 	EQU 	2252
ENDIF25 	EQU 	2264
ENDIF26 	EQU 	616
ENDIF27 	EQU 	623
ENDIF28 	EQU 	629
ENDIF29 	EQU 	636
ENDIF3 	EQU 	3091
ENDIF30 	EQU 	643
ENDIF31 	EQU 	650
ENDIF32 	EQU 	657
ENDIF33 	EQU 	664
ENDIF34 	EQU 	671
ENDIF35 	EQU 	1379
ENDIF36 	EQU 	1419
ENDIF37 	EQU 	1457
ENDIF38 	EQU 	1494
ENDIF39 	EQU 	787
ENDIF4 	EQU 	3122
ENDIF40 	EQU 	718
ENDIF41 	EQU 	737
ENDIF42 	EQU 	747
ENDIF43 	EQU 	775
ENDIF44 	EQU 	469
ENDIF45 	EQU 	508
ENDIF46 	EQU 	2162
ENDIF47 	EQU 	2185
ENDIF48 	EQU 	1102
ENDIF49 	EQU 	1143
ENDIF5 	EQU 	3107
ENDIF50 	EQU 	1184
ENDIF52 	EQU 	1061
ENDIF53 	EQU 	2656
ENDIF54 	EQU 	2686
ENDIF55 	EQU 	2990
ENDIF56 	EQU 	3013
ENDIF57 	EQU 	3003
ENDIF58 	EQU 	3013
ENDIF7 	EQU 	171
ENDIF8 	EQU 	226
ENDIF9 	EQU 	281
F 	EQU 	1
FERR 	EQU 	2
FN_BCDTODEC 	EQU 	2048
FN_DECTOBCD 	EQU 	2085
FN_LEFTPAD 	EQU 	679
FN_PCF85X3_READVL 	EQU 	2513
FN_STR 	EQU 	1338
FSR 	EQU 	4
GIE 	EQU 	7
HOUR 	EQU 	47
I2CACK 	EQU 	48
I2CACKPOLLSTATE 	EQU 	49
I2CBYTE 	EQU 	50
I2CMATCH 	EQU 	51
I2CRECEIVE 	EQU 	2136
I2CSEND 	EQU 	448
I2CSTART 	EQU 	2202
I2CSTATE 	EQU 	52
I2CSTOP 	EQU 	2219
INDF 	EQU 	0
INITI2C 	EQU 	523
INITLCD 	EQU 	531
INITSYS 	EQU 	599
INTCON 	EQU 	11
INTE 	EQU 	4
INTEDG 	EQU 	6
INTF 	EQU 	1
IRP 	EQU 	7
LCD3_CMD 	EQU 	604
LCD3_RSSTATE 	EQU 	53
LCDBACKLIGHT 	EQU 	2241
LCDBYTE 	EQU 	54
LCDCHAR 	EQU 	55
LCDCOLUMN 	EQU 	56
LCDCRSR 	EQU 	57
LCDCURSOR 	EQU 	609
LCDLINE 	EQU 	58
LCDNORMALWRITEBYTE 	EQU 	2242
LCDTEMP 	EQU 	59
LCDVALUE 	EQU 	60
LCDVALUETEMP 	EQU 	61
LCDWRITECHAR 	EQU 	2285
LCD_STATE 	EQU 	62
LEFTPAD 	EQU 	345
LOCATE 	EQU 	2290
MIN 	EQU 	63
MONTH 	EQU 	64
MONTHDAYS 	EQU 	2314
MUL8LOOP 	EQU 	3025
MYREG 	EQU 	65
NOT_BO 	EQU 	0
NOT_BOD 	EQU 	0
NOT_BOR 	EQU 	0
NOT_PD 	EQU 	3
NOT_POR 	EQU 	1
NOT_RBPU 	EQU 	7
NOT_T1SYNC 	EQU 	2
NOT_TO 	EQU 	4
OERR 	EQU 	1
OLDSEC 	EQU 	66
OPTION_REG 	EQU 	129
OSCF 	EQU 	3
PCF85X3_ENABLE 	EQU 	2340
PCF85X3_READDATE 	EQU 	2381
PCF85X3_READREGISTER 	EQU 	2440
PCF85X3_READTIME 	EQU 	2462
PCF85X3_READVL 	EQU 	67
PCF85X3_SETALARM17 	EQU 	2541
PCF85X3_SETCLOCK 	EQU 	2569
PCL 	EQU 	2
PCLATH 	EQU 	10
PCON 	EQU 	142
PEIE 	EQU 	6
PIE1 	EQU 	140
PIR1 	EQU 	12
PORTA 	EQU 	5
PORTB 	EQU 	6
PR2 	EQU 	146
PRINT138 	EQU 	788
PRINT139 	EQU 	2637
PRINTDATE 	EQU 	821
PRINTLEN 	EQU 	68
PRINTTIME 	EQU 	1082
PS0 	EQU 	0
PS1 	EQU 	1
PS2 	EQU 	2
PSA 	EQU 	3
RA0 	EQU 	0
RA1 	EQU 	1
RA2 	EQU 	2
RA3 	EQU 	3
RA4 	EQU 	4
RA5 	EQU 	5
RA6 	EQU 	6
RA7 	EQU 	7
RB0 	EQU 	0
RB1 	EQU 	1
RB2 	EQU 	2
RB3 	EQU 	3
RB4 	EQU 	4
RB5 	EQU 	5
RB6 	EQU 	6
RB7 	EQU 	7
RBIE 	EQU 	3
RBIF 	EQU 	0
RCIE 	EQU 	5
RCIF 	EQU 	5
RCREG 	EQU 	26
RCSTA 	EQU 	24
RD 	EQU 	0
RP0 	EQU 	5
RP1 	EQU 	6
RX9 	EQU 	6
RX9D 	EQU 	0
SCLT16TRUE 	EQU 	2901
SEC 	EQU 	69
SETDATE 	EQU 	2690
SETMONTH 	EQU 	2752
SETYEAR 	EQU 	2814
SHOWALARM 	EQU 	1205
SPBRG 	EQU 	153
SPEN 	EQU 	7
SREN 	EQU 	5
STATUS 	EQU 	3
STR 	EQU 	297
STRINGPOINTER 	EQU 	70
STRINGTABLE10 	EQU 	1580
STRINGTABLE11 	EQU 	1585
STRINGTABLE12 	EQU 	1590
STRINGTABLE13 	EQU 	1595
STRINGTABLE14 	EQU 	1600
STRINGTABLE15 	EQU 	1602
STRINGTABLE16 	EQU 	1606
STRINGTABLE17 	EQU 	1608
STRINGTABLE18 	EQU 	1621
STRINGTABLE19 	EQU 	1632
STRINGTABLE2 	EQU 	1520
STRINGTABLE20 	EQU 	1645
STRINGTABLE21 	EQU 	1658
STRINGTABLE22 	EQU 	1672
STRINGTABLE23 	EQU 	1687
STRINGTABLE24 	EQU 	1698
STRINGTABLE25 	EQU 	1708
STRINGTABLE26 	EQU 	1718
STRINGTABLE3 	EQU 	1534
STRINGTABLE4 	EQU 	1555
STRINGTABLE49 	EQU 	1725
STRINGTABLE5 	EQU 	1557
STRINGTABLE6 	EQU 	1559
STRINGTABLE7 	EQU 	1565
STRINGTABLE8 	EQU 	1570
STRINGTABLE9 	EQU 	1575
SYNC 	EQU 	4
SYSARRAYTEMP1 	EQU 	71
SYSARRAYTEMP2 	EQU 	72
SYSBITVAR0 	EQU 	73
SYSBYTETEMPA 	EQU 	117
SYSBYTETEMPB 	EQU 	121
SYSBYTETEMPX 	EQU 	112
SYSCALCTEMPA 	EQU 	117
SYSCALCTEMPB 	EQU 	121
SYSCALCTEMPX 	EQU 	112
SYSCALCTEMPX_H 	EQU 	113
SYSCHARCOUNT 	EQU 	74
SYSCOMPEQUAL16 	EQU 	2870
SYSCOMPLESSTHAN 	EQU 	2881
SYSCOMPLESSTHAN16 	EQU 	2888
SYSCOPYSTRING 	EQU 	2903
SYSCOPYSTRINGCHECK 	EQU 	2926
SYSCOPYSTRINGPART 	EQU 	2918
SYSDIV16START 	EQU 	2992
SYSDIV8START 	EQU 	2954
SYSDIVLOOP 	EQU 	116
SYSDIVMULTA 	EQU 	119
SYSDIVMULTA_H 	EQU 	120
SYSDIVMULTB 	EQU 	123
SYSDIVMULTB_H 	EQU 	124
SYSDIVMULTX 	EQU 	114
SYSDIVMULTX_H 	EQU 	115
SYSDIVSUB 	EQU 	2948
SYSDIVSUB16 	EQU 	2968
SYSDOLOOP_E1 	EQU 	104
SYSDOLOOP_E10 	EQU 	292
SYSDOLOOP_E11 	EQU 	303
SYSDOLOOP_E12 	EQU 	349
SYSDOLOOP_E13 	EQU 	347
SYSDOLOOP_E14 	EQU 	358
SYSDOLOOP_E15 	EQU 	416
SYSDOLOOP_E16 	EQU 	436
SYSDOLOOP_E17 	EQU 	2802
SYSDOLOOP_E18 	EQU 	2796
SYSDOLOOP_E19 	EQU 	2813
SYSDOLOOP_E2 	EQU 	117
SYSDOLOOP_E20 	EQU 	2744
SYSDOLOOP_E21 	EQU 	2738
SYSDOLOOP_E22 	EQU 	2751
SYSDOLOOP_E23 	EQU 	2862
SYSDOLOOP_E24 	EQU 	2856
SYSDOLOOP_E25 	EQU 	2869
SYSDOLOOP_E3 	EQU 	184
SYSDOLOOP_E4 	EQU 	182
SYSDOLOOP_E5 	EQU 	193
SYSDOLOOP_E6 	EQU 	239
SYSDOLOOP_E7 	EQU 	237
SYSDOLOOP_E8 	EQU 	248
SYSDOLOOP_E9 	EQU 	294
SYSDOLOOP_S1 	EQU 	92
SYSDOLOOP_S10 	EQU 	274
SYSDOLOOP_S11 	EQU 	294
SYSDOLOOP_S12 	EQU 	329
SYSDOLOOP_S13 	EQU 	329
SYSDOLOOP_S14 	EQU 	349
SYSDOLOOP_S15 	EQU 	401
SYSDOLOOP_S16 	EQU 	433
SYSDOLOOP_S17 	EQU 	2776
SYSDOLOOP_S18 	EQU 	2776
SYSDOLOOP_S19 	EQU 	2806
SYSDOLOOP_S2 	EQU 	108
SYSDOLOOP_S20 	EQU 	2718
SYSDOLOOP_S21 	EQU 	2718
SYSDOLOOP_S22 	EQU 	2744
SYSDOLOOP_S23 	EQU 	2838
SYSDOLOOP_S24 	EQU 	2838
SYSDOLOOP_S25 	EQU 	2862
SYSDOLOOP_S3 	EQU 	164
SYSDOLOOP_S4 	EQU 	164
SYSDOLOOP_S5 	EQU 	184
SYSDOLOOP_S6 	EQU 	219
SYSDOLOOP_S7 	EQU 	219
SYSDOLOOP_S8 	EQU 	239
SYSDOLOOP_S9 	EQU 	274
SYSFORLOOP1 	EQU 	804
SYSFORLOOP2 	EQU 	718
SYSFORLOOP3 	EQU 	747
SYSFORLOOPEND1 	EQU 	820
SYSFORLOOPEND2 	EQU 	737
SYSFORLOOPEND3 	EQU 	775
SYSLEFTPAD_0 	EQU 	345
SYSMULTSUB 	EQU 	3024
SYSPRINTDATAHANDLER 	EQU 	75
SYSPRINTDATAHANDLER_H 	EQU 	76
SYSPRINTTEMP 	EQU 	77
SYSREADSTRING 	EQU 	3036
SYSREADSTRINGPART 	EQU 	3048
SYSREPEATLOOP1 	EQU 	2249
SYSREPEATLOOP2 	EQU 	457
SYSREPEATLOOP3 	EQU 	2150
SYSREPEATLOOPEND1 	EQU 	2257
SYSREPEATLOOPEND2 	EQU 	489
SYSREPEATLOOPEND3 	EQU 	2172
SYSREPEATTEMP1 	EQU 	78
SYSREPEATTEMP2 	EQU 	79
SYSREPEATTEMP3 	EQU 	80
SYSSELECT1CASE1 	EQU 	821
SYSSELECT1CASE2 	EQU 	841
SYSSELECT1CASE3 	EQU 	861
SYSSELECT1CASE4 	EQU 	882
SYSSELECT1CASE5 	EQU 	903
SYSSELECT1CASE6 	EQU 	924
SYSSELECT1CASE7 	EQU 	945
SYSSELECT1CASE8 	EQU 	966
SYSSELECTEND1 	EQU 	999
SYSSTRDATA 	EQU 	81
SYSSTRINGA 	EQU 	119
SYSSTRINGA_H 	EQU 	120
SYSSTRINGB 	EQU 	114
SYSSTRINGB_H 	EQU 	115
SYSSTRINGCOPY 	EQU 	2929
SYSSTRINGLENGTH 	EQU 	118
SYSSTRINGPARAM1 	EQU 	324
SYSSTRINGPARAM2 	EQU 	303
SYSSTRINGPARAM3 	EQU 	219
SYSSTRINGPARAM4 	EQU 	198
SYSSTRINGPARAM5 	EQU 	177
SYSSTRINGREAD 	EQU 	3062
SYSSTRINGREADCHECK 	EQU 	3059
SYSSTRINGTABLES 	EQU 	1513
SYSSTRINGTEMP 	EQU 	82
SYSSTRLEN 	EQU 	83
SYSSTR_0 	EQU 	297
SYSSYSINSTRING2HANDLER 	EQU 	84
SYSSYSINSTRING2HANDLER_H 	EQU 	85
SYSSYSINSTRINGHANDLER 	EQU 	86
SYSSYSINSTRINGHANDLER_H 	EQU 	87
SYSTEMP1 	EQU 	88
SYSTEMP1_H 	EQU 	89
SYSTEMP2 	EQU 	90
SYSTEMP3 	EQU 	91
SYSVALHUNDREDS 	EQU 	1432
SYSVALTEMP 	EQU 	92
SYSVALTEMP_H 	EQU 	93
SYSVALTENS 	EQU 	1470
SYSVALTHOUSANDS 	EQU 	1393
SYSWAITLOOP1 	EQU 	117
SYSWAITLOOP10 	EQU 	495
SYSWAITLOOP11 	EQU 	2154
SYSWAITLOOP12 	EQU 	2189
SYSWAITLOOP2 	EQU 	178
SYSWAITLOOP3 	EQU 	233
SYSWAITLOOP4 	EQU 	288
SYSWAITLOOP5 	EQU 	343
SYSWAITLOOP6 	EQU 	2792
SYSWAITLOOP7 	EQU 	2734
SYSWAITLOOP8 	EQU 	2852
SYSWAITLOOP9 	EQU 	475
SYSWAITTEMP10US 	EQU 	117
SYSWAITTEMPMS 	EQU 	114
SYSWAITTEMPMS_H 	EQU 	115
SYSWAITTEMPS 	EQU 	116
SYSWAITTEMPUS 	EQU 	117
SYSWAITTEMPUS_H 	EQU 	118
SYSWORDTEMPA 	EQU 	117
SYSWORDTEMPA_H 	EQU 	118
SYSWORDTEMPB 	EQU 	121
SYSWORDTEMPB_H 	EQU 	122
SYSWORDTEMPX 	EQU 	112
SYSWORDTEMPX_H 	EQU 	113
T0CS 	EQU 	5
T0IE 	EQU 	5
T0IF 	EQU 	2
T0SE 	EQU 	4
T1CKPS0 	EQU 	4
T1CKPS1 	EQU 	5
T1CON 	EQU 	16
T1OSCEN 	EQU 	3
T2CKPS0 	EQU 	0
T2CKPS1 	EQU 	1
T2CON 	EQU 	18
TABLEMONTHDAYS 	EQU 	2327
TMR0 	EQU 	1
TMR0IE 	EQU 	5
TMR0IF 	EQU 	2
TMR1 	EQU 	14
TMR1CS 	EQU 	1
TMR1H 	EQU 	15
TMR1IE 	EQU 	0
TMR1IF 	EQU 	0
TMR1L 	EQU 	14
TMR1ON 	EQU 	0
TMR2 	EQU 	17
TMR2IE 	EQU 	1
TMR2IF 	EQU 	1
TMR2ON 	EQU 	2
TOUTPS0 	EQU 	3
TOUTPS1 	EQU 	4
TOUTPS2 	EQU 	5
TOUTPS3 	EQU 	6
TRISA 	EQU 	133
TRISA0 	EQU 	0
TRISA1 	EQU 	1
TRISA2 	EQU 	2
TRISA3 	EQU 	3
TRISA4 	EQU 	4
TRISA5 	EQU 	5
TRISA6 	EQU 	6
TRISA7 	EQU 	7
TRISB 	EQU 	134
TRISB0 	EQU 	0
TRISB1 	EQU 	1
TRISB2 	EQU 	2
TRISB3 	EQU 	3
TRISB4 	EQU 	4
TRISB5 	EQU 	5
TRISB6 	EQU 	6
TRISB7 	EQU 	7
TRMT 	EQU 	1
TX9 	EQU 	6
TX9D 	EQU 	0
TXEN 	EQU 	5
TXIE 	EQU 	4
TXIF 	EQU 	4
TXREG 	EQU 	25
TXSTA 	EQU 	152
UPDATEDISP 	EQU 	3070
VA 	EQU 	94
VR0 	EQU 	0
VR1 	EQU 	1
VR2 	EQU 	2
VR3 	EQU 	3
VRCON 	EQU 	159
VREN 	EQU 	7
VROE 	EQU 	6
VRR 	EQU 	5
W 	EQU 	0
WR 	EQU 	1
WREN 	EQU 	2
WRERR 	EQU 	3
YEAR 	EQU 	95
Z 	EQU 	2

Code:
Loc	Obj Code	Original Assembly












































































































000000	118A	PAGESEL BASPROGRAMSTART
000001	2805	GOTO BASPROGRAMSTART

000004	0009	RETFIE



		BASPROGRAMSTART
000005	2257	CALL INITSYS
000006	220B	CALL INITI2C
000007	2213	CALL INITLCD

000000	1683	BANKSEL TRISB
000000	1683 1303	BANKSEL TRISB
00000A	1486	BSF TRISB,1
00000B	1506	BSF TRISB,2
00000C	30FF	MOVLW 255
000000	1283	BANKSEL OLDSEC
000000	1283 1303	BANKSEL OLDSEC
00000F	00C2	MOVWF OLDSEC
000010	300D	MOVLW 13
000011	00B9	MOVWF LCDCRSR
000012	2261	CALL LCDCURSOR
000013	01BA	CLRF LCDLINE
000014	01B8	CLRF LCDCOLUMN
000000	158A	PAGESEL LOCATE
000016	20F2	CALL LOCATE
000000	118A	PAGESEL $
000018	3044	MOVLW LOW SYSSTRINGPARAM1
000019	00F2	MOVWF SYSSTRINGB
00001A	3001	MOVLW HIGH SYSSTRINGPARAM1
00001B	00F3	MOVWF SYSSTRINGB_H
00001C	30F0	MOVLW LOW STRINGTABLE2
00001D	00F7	MOVWF SYSSTRINGA
00001E	3005	MOVLW HIGH STRINGTABLE2
00001F	00F8	MOVWF SYSSTRINGA_H
000000	158A	PAGESEL SYSREADSTRING
000021	23DC	CALL SYSREADSTRING
000000	118A	PAGESEL $
000023	3044	MOVLW LOW SYSSTRINGPARAM1
000024	00CB	MOVWF SYSPRINTDATAHANDLER
000025	3001	MOVLW HIGH SYSSTRINGPARAM1
000026	00CC	MOVWF SYSPRINTDATAHANDLER_H
000027	2314	CALL PRINT138
000028	3001	MOVLW 1
000029	00BA	MOVWF LCDLINE
00002A	01B8	CLRF LCDCOLUMN
000000	158A	PAGESEL LOCATE
00002C	20F2	CALL LOCATE
000000	118A	PAGESEL $
00002E	3044	MOVLW LOW SYSSTRINGPARAM1
00002F	00F2	MOVWF SYSSTRINGB
000030	3001	MOVLW HIGH SYSSTRINGPARAM1
000031	00F3	MOVWF SYSSTRINGB_H
000032	30FE	MOVLW LOW STRINGTABLE3
000033	00F7	MOVWF SYSSTRINGA
000034	3005	MOVLW HIGH STRINGTABLE3
000035	00F8	MOVWF SYSSTRINGA_H
000000	158A	PAGESEL SYSREADSTRING
000037	23DC	CALL SYSREADSTRING
000000	118A	PAGESEL $
000039	3044	MOVLW LOW SYSSTRINGPARAM1
00003A	00CB	MOVWF SYSPRINTDATAHANDLER
00003B	3001	MOVLW HIGH SYSSTRINGPARAM1
00003C	00CC	MOVWF SYSPRINTDATAHANDLER_H
00003D	2314	CALL PRINT138
00003E	3002	MOVLW 2
00003F	00F4	MOVWF SYSWAITTEMPS
000000	158A	PAGESEL DELAY_S
000041	2050	CALL DELAY_S
000000	158A	PAGESEL CLS
000043	2017	CALL CLS
000000	118A	PAGESEL $
000045	30FF	MOVLW 255
000046	00AD	MOVWF DS_VALUE
000000	158A	PAGESEL PCF85X3_ENABLE
000048	2124	CALL PCF85X3_ENABLE
000000	118A	PAGESEL $
00004A	3007	MOVLW 7
00004B	00A7	MOVWF DS_HOUR
00004C	300F	MOVLW 15
00004D	00A8	MOVWF DS_MIN
000000	158A	PAGESEL PCF85X3_SETALARM17
00004F	21ED	CALL PCF85X3_SETALARM17
000000	118A	PAGESEL $
000000	158A	PAGESEL PCF85X3_READDATE
000052	214D	CALL PCF85X3_READDATE
000000	118A	PAGESEL $
000054	0826	MOVF DS_DOW,W
000055	00A4	MOVWF DOW
000056	0825	MOVF DS_DATE,W
000057	00A1	MOVWF DATE
000058	0829	MOVF DS_MONTH,W
000059	00C0	MOVWF MONTH
00005A	082E	MOVF DS_YEAR,W
00005B	00DF	MOVWF YEAR
		SYSDOLOOP_S1
000000	158A	PAGESEL UPDATEDISP
00005D	23FE	CALL UPDATEDISP
000000	118A	PAGESEL $
00005F	1C86	BTFSS PORTB,1
000060	2863	GOTO ENDIF1
000061	206B	CALL CHANGESETTING
000000	118A	PAGESEL $
		ENDIF1
000063	1D06	BTFSS PORTB,2
000064	2867	GOTO ENDIF2
000065	24B5	CALL SHOWALARM
000000	118A	PAGESEL $
		ENDIF2
000067	285C	GOTO SYSDOLOOP_S1
		SYSDOLOOP_E1
000068	2869	GOTO BASPROGRAMEND
		BASPROGRAMEND
000069	0063	SLEEP
00006A	2869	GOTO BASPROGRAMEND


		CHANGESETTING
00006B	1049	BCF SYSBITVAR0,0
		SYSDOLOOP_S2
00006C	1C86	BTFSS PORTB,1
00006D	2875	GOTO SYSDOLOOP_E2
00006E	3032	MOVLW 50
00006F	00F2	MOVWF SYSWAITTEMPMS
000070	01F3	CLRF SYSWAITTEMPMS_H
000000	158A	PAGESEL DELAY_MS
000072	2042	CALL DELAY_MS
000000	118A	PAGESEL $
000074	286C	GOTO SYSDOLOOP_S2
		SYSDOLOOP_E2
		SYSWAITLOOP1
000075	01F0	CLRF SYSBYTETEMPX
000076	1886	BTFSC PORTB,1
000077	09F0	COMF SYSBYTETEMPX,F
000078	0870	MOVF SYSBYTETEMPX,W
000079	00D8	MOVWF SYSTEMP1
00007A	01F0	CLRF SYSBYTETEMPX
00007B	1906	BTFSC PORTB,2
00007C	09F0	COMF SYSBYTETEMPX,F
00007D	0870	MOVF SYSBYTETEMPX,W
00007E	00DA	MOVWF SYSTEMP2
00007F	0858	MOVF SYSTEMP1,W
000080	045A	IORWF SYSTEMP2,W
000081	00DB	MOVWF SYSTEMP3
000082	185B	BTFSC SYSTEMP3,0
000083	2875	GOTO SYSWAITLOOP1
000000	158A	PAGESEL SETDATE
000085	2282	CALL SETDATE
000000	158A	PAGESEL SETMONTH
000087	22C0	CALL SETMONTH
000000	158A	PAGESEL SETYEAR
000089	22FE	CALL SETYEAR
000000	158A	PAGESEL CLS
00008B	2017	CALL CLS
000000	118A	PAGESEL $
00008D	302F	MOVLW LOW SYSSTRINGPARAM2
00008E	00F2	MOVWF SYSSTRINGB
00008F	3001	MOVLW HIGH SYSSTRINGPARAM2
000090	00F3	MOVWF SYSSTRINGB_H
000091	3048	MOVLW LOW STRINGTABLE17
000092	00F7	MOVWF SYSSTRINGA
000093	3006	MOVLW HIGH STRINGTABLE17
000094	00F8	MOVWF SYSSTRINGA_H
000000	158A	PAGESEL SYSREADSTRING
000096	23DC	CALL SYSREADSTRING
000000	118A	PAGESEL $
000098	302F	MOVLW LOW SYSSTRINGPARAM2
000099	00CB	MOVWF SYSPRINTDATAHANDLER
00009A	3001	MOVLW HIGH SYSSTRINGPARAM2
00009B	00CC	MOVWF SYSPRINTDATAHANDLER_H
00009C	2314	CALL PRINT138
00009D	3001	MOVLW 1
00009E	00BA	MOVWF LCDLINE
00009F	01B8	CLRF LCDCOLUMN
000000	158A	PAGESEL LOCATE
0000A1	20F2	CALL LOCATE
000000	118A	PAGESEL $
0000A3	2335	CALL PRINTDATE
		SYSDOLOOP_S3
		SYSDOLOOP_S4
0000A4	1D06	BTFSS PORTB,2
0000A5	28B6	GOTO SYSDOLOOP_E4
0000A6	0AA4	INCF DOW,F
0000A7	0824	MOVF DOW,W
0000A8	3C06	SUBLW 6
0000A9	1C03	BTFSS STATUS, C
0000AA	01A4	CLRF DOW
		ENDIF7
0000AB	3001	MOVLW 1
0000AC	00BA	MOVWF LCDLINE
0000AD	01B8	CLRF LCDCOLUMN
000000	158A	PAGESEL LOCATE
0000AF	20F2	CALL LOCATE
000000	118A	PAGESEL $
0000B1	2335	CALL PRINTDATE
		SYSWAITLOOP2
0000B2	1906	BTFSC PORTB,2
0000B3	28B2	GOTO SYSWAITLOOP2
0000B4	1449	BSF SYSBITVAR0,0
0000B5	28A4	GOTO SYSDOLOOP_S4
		SYSDOLOOP_E4
0000B6	1C86	BTFSS PORTB,1
0000B7	28A4	GOTO SYSDOLOOP_S3
		SYSDOLOOP_E3
		SYSDOLOOP_S5
0000B8	1C86	BTFSS PORTB,1
0000B9	28C1	GOTO SYSDOLOOP_E5
0000BA	3032	MOVLW 50
0000BB	00F2	MOVWF SYSWAITTEMPMS
0000BC	01F3	CLRF SYSWAITTEMPMS_H
000000	158A	PAGESEL DELAY_MS
0000BE	2042	CALL DELAY_MS
000000	118A	PAGESEL $
0000C0	28B8	GOTO SYSDOLOOP_S5
		SYSDOLOOP_E5
000000	158A	PAGESEL CLS
0000C2	2017	CALL CLS
000000	118A	PAGESEL $
0000C4	302F	MOVLW LOW SYSSTRINGPARAM2
0000C5	00F2	MOVWF SYSSTRINGB
0000C6	3001	MOVLW HIGH SYSSTRINGPARAM2
0000C7	00F3	MOVWF SYSSTRINGB_H
0000C8	3055	MOVLW LOW STRINGTABLE18
0000C9	00F7	MOVWF SYSSTRINGA
0000CA	3006	MOVLW HIGH STRINGTABLE18
0000CB	00F8	MOVWF SYSSTRINGA_H
000000	158A	PAGESEL SYSREADSTRING
0000CD	23DC	CALL SYSREADSTRING
000000	118A	PAGESEL $
0000CF	302F	MOVLW LOW SYSSTRINGPARAM2
0000D0	00CB	MOVWF SYSPRINTDATAHANDLER
0000D1	3001	MOVLW HIGH SYSSTRINGPARAM2
0000D2	00CC	MOVWF SYSPRINTDATAHANDLER_H
0000D3	2314	CALL PRINT138
0000D4	3001	MOVLW 1
0000D5	00BA	MOVWF LCDLINE
0000D6	01B8	CLRF LCDCOLUMN
000000	158A	PAGESEL LOCATE
0000D8	20F2	CALL LOCATE
000000	118A	PAGESEL $
0000DA	243A	CALL PRINTTIME
		SYSDOLOOP_S6
		SYSDOLOOP_S7
0000DB	1D06	BTFSS PORTB,2
0000DC	28ED	GOTO SYSDOLOOP_E7
0000DD	0AAF	INCF HOUR,F
0000DE	082F	MOVF HOUR,W
0000DF	3C17	SUBLW 23
0000E0	1C03	BTFSS STATUS, C
0000E1	01AF	CLRF HOUR
		ENDIF8
0000E2	3001	MOVLW 1
0000E3	00BA	MOVWF LCDLINE
0000E4	01B8	CLRF LCDCOLUMN
000000	158A	PAGESEL LOCATE
0000E6	20F2	CALL LOCATE
000000	118A	PAGESEL $
0000E8	243A	CALL PRINTTIME
		SYSWAITLOOP3
0000E9	1906	BTFSC PORTB,2
0000EA	28E9	GOTO SYSWAITLOOP3
0000EB	1449	BSF SYSBITVAR0,0
0000EC	28DB	GOTO SYSDOLOOP_S7
		SYSDOLOOP_E7
0000ED	1C86	BTFSS PORTB,1
0000EE	28DB	GOTO SYSDOLOOP_S6
		SYSDOLOOP_E6
		SYSDOLOOP_S8
0000EF	1C86	BTFSS PORTB,1
0000F0	28F8	GOTO SYSDOLOOP_E8
0000F1	3032	MOVLW 50
0000F2	00F2	MOVWF SYSWAITTEMPMS
0000F3	01F3	CLRF SYSWAITTEMPMS_H
000000	158A	PAGESEL DELAY_MS
0000F5	2042	CALL DELAY_MS
000000	118A	PAGESEL $
0000F7	28EF	GOTO SYSDOLOOP_S8
		SYSDOLOOP_E8
000000	158A	PAGESEL CLS
0000F9	2017	CALL CLS
000000	118A	PAGESEL $
0000FB	302F	MOVLW LOW SYSSTRINGPARAM2
0000FC	00F2	MOVWF SYSSTRINGB
0000FD	3001	MOVLW HIGH SYSSTRINGPARAM2
0000FE	00F3	MOVWF SYSSTRINGB_H
0000FF	3060	MOVLW LOW STRINGTABLE19
000100	00F7	MOVWF SYSSTRINGA
000101	3006	MOVLW HIGH STRINGTABLE19
000102	00F8	MOVWF SYSSTRINGA_H
000000	158A	PAGESEL SYSREADSTRING
000104	23DC	CALL SYSREADSTRING
000000	118A	PAGESEL $
000106	302F	MOVLW LOW SYSSTRINGPARAM2
000107	00CB	MOVWF SYSPRINTDATAHANDLER
000108	3001	MOVLW HIGH SYSSTRINGPARAM2
000109	00CC	MOVWF SYSPRINTDATAHANDLER_H
00010A	2314	CALL PRINT138
00010B	3001	MOVLW 1
00010C	00BA	MOVWF LCDLINE
00010D	01B8	CLRF LCDCOLUMN
000000	158A	PAGESEL LOCATE
00010F	20F2	CALL LOCATE
000000	118A	PAGESEL $
000111	243A	CALL PRINTTIME
		SYSDOLOOP_S9
		SYSDOLOOP_S10
000112	1D06	BTFSS PORTB,2
000113	2924	GOTO SYSDOLOOP_E10
000114	0ABF	INCF MIN,F
000115	083F	MOVF MIN,W
000116	3C3B	SUBLW 59
000117	1C03	BTFSS STATUS, C
000118	01BF	CLRF MIN
		ENDIF9
000119	3001	MOVLW 1
00011A	00BA	MOVWF LCDLINE
00011B	01B8	CLRF LCDCOLUMN
000000	158A	PAGESEL LOCATE
00011D	20F2	CALL LOCATE
000000	118A	PAGESEL $
00011F	243A	CALL PRINTTIME
		SYSWAITLOOP4
000120	1906	BTFSC PORTB,2
000121	2920	GOTO SYSWAITLOOP4
000122	1449	BSF SYSBITVAR0,0
000123	2912	GOTO SYSDOLOOP_S10
		SYSDOLOOP_E10
000124	1C86	BTFSS PORTB,1
000125	2912	GOTO SYSDOLOOP_S9
		SYSDOLOOP_E9
		SYSDOLOOP_S11
000126	1C86	BTFSS PORTB,1
000127	292F	GOTO SYSDOLOOP_E11
000128	3032	MOVLW 50
000129	00F2	MOVWF SYSWAITTEMPMS
00012A	01F3	CLRF SYSWAITTEMPMS_H
000000	158A	PAGESEL DELAY_MS
00012C	2042	CALL DELAY_MS
000000	118A	PAGESEL $
00012E	2926	GOTO SYSDOLOOP_S11
		SYSDOLOOP_E11
000000	158A	PAGESEL CLS
000130	2017	CALL CLS
000000	118A	PAGESEL $
000132	302F	MOVLW LOW SYSSTRINGPARAM2
000133	00F2	MOVWF SYSSTRINGB
000134	3001	MOVLW HIGH SYSSTRINGPARAM2
000135	00F3	MOVWF SYSSTRINGB_H
000136	306D	MOVLW LOW STRINGTABLE20
000137	00F7	MOVWF SYSSTRINGA
000138	3006	MOVLW HIGH STRINGTABLE20
000139	00F8	MOVWF SYSSTRINGA_H
000000	158A	PAGESEL SYSREADSTRING
00013B	23DC	CALL SYSREADSTRING
000000	118A	PAGESEL $
00013D	302F	MOVLW LOW SYSSTRINGPARAM2
00013E	00CB	MOVWF SYSPRINTDATAHANDLER
00013F	3001	MOVLW HIGH SYSSTRINGPARAM2
000140	00CC	MOVWF SYSPRINTDATAHANDLER_H
000141	2314	CALL PRINT138
000142	3001	MOVLW 1
000143	00BA	MOVWF LCDLINE
000144	01B8	CLRF LCDCOLUMN
000000	158A	PAGESEL LOCATE
000146	20F2	CALL LOCATE
000000	118A	PAGESEL $
000148	243A	CALL PRINTTIME
		SYSDOLOOP_S12
		SYSDOLOOP_S13
000149	1D06	BTFSS PORTB,2
00014A	295B	GOTO SYSDOLOOP_E13
00014B	0AC5	INCF SEC,F
00014C	0845	MOVF SEC,W
00014D	3C3B	SUBLW 59
00014E	1C03	BTFSS STATUS, C
00014F	01C5	CLRF SEC
		ENDIF10
000150	3001	MOVLW 1
000151	00BA	MOVWF LCDLINE
000152	01B8	CLRF LCDCOLUMN
000000	158A	PAGESEL LOCATE
000154	20F2	CALL LOCATE
000000	118A	PAGESEL $
000156	243A	CALL PRINTTIME
		SYSWAITLOOP5
000157	1906	BTFSC PORTB,2
000158	2957	GOTO SYSWAITLOOP5
000159	1449	BSF SYSBITVAR0,0
00015A	2949	GOTO SYSDOLOOP_S13
		SYSDOLOOP_E13
00015B	1C86	BTFSS PORTB,1
00015C	2949	GOTO SYSDOLOOP_S12
		SYSDOLOOP_E12
		SYSDOLOOP_S14
00015D	1C86	BTFSS PORTB,1
00015E	2966	GOTO SYSDOLOOP_E14
00015F	3032	MOVLW 50
000160	00F2	MOVWF SYSWAITTEMPMS
000161	01F3	CLRF SYSWAITTEMPMS_H
000000	158A	PAGESEL DELAY_MS
000163	2042	CALL DELAY_MS
000000	118A	PAGESEL $
000165	295D	GOTO SYSDOLOOP_S14
		SYSDOLOOP_E14
000166	1C49	BTFSS SYSBITVAR0,0
000167	29B1	GOTO ENDIF11
000000	158A	PAGESEL CLS
000169	2017	CALL CLS
000000	118A	PAGESEL $
00016B	302F	MOVLW LOW SYSSTRINGPARAM2
00016C	00F2	MOVWF SYSSTRINGB
00016D	3001	MOVLW HIGH SYSSTRINGPARAM2
00016E	00F3	MOVWF SYSSTRINGB_H
00016F	307A	MOVLW LOW STRINGTABLE21
000170	00F7	MOVWF SYSSTRINGA
000171	3006	MOVLW HIGH STRINGTABLE21
000172	00F8	MOVWF SYSSTRINGA_H
000000	158A	PAGESEL SYSREADSTRING
000174	23DC	CALL SYSREADSTRING
000000	118A	PAGESEL $
000176	302F	MOVLW LOW SYSSTRINGPARAM2
000177	00CB	MOVWF SYSPRINTDATAHANDLER
000178	3001	MOVLW HIGH SYSSTRINGPARAM2
000179	00CC	MOVWF SYSPRINTDATAHANDLER_H
00017A	2314	CALL PRINT138
00017B	3001	MOVLW 1
00017C	00BA	MOVWF LCDLINE
00017D	01B8	CLRF LCDCOLUMN
000000	158A	PAGESEL LOCATE
00017F	20F2	CALL LOCATE
000000	118A	PAGESEL $
000181	302F	MOVLW LOW SYSSTRINGPARAM2
000182	00F2	MOVWF SYSSTRINGB
000183	3001	MOVLW HIGH SYSSTRINGPARAM2
000184	00F3	MOVWF SYSSTRINGB_H
000185	3088	MOVLW LOW STRINGTABLE22
000186	00F7	MOVWF SYSSTRINGA
000187	3006	MOVLW HIGH STRINGTABLE22
000188	00F8	MOVWF SYSSTRINGA_H
000000	158A	PAGESEL SYSREADSTRING
00018A	23DC	CALL SYSREADSTRING
000000	118A	PAGESEL $
00018C	302F	MOVLW LOW SYSSTRINGPARAM2
00018D	00CB	MOVWF SYSPRINTDATAHANDLER
00018E	3001	MOVLW HIGH SYSSTRINGPARAM2
00018F	00CC	MOVWF SYSPRINTDATAHANDLER_H
000190	2314	CALL PRINT138
		SYSDOLOOP_S15
000191	1886	BTFSC PORTB,1
000192	29A0	GOTO SYSDOLOOP_E15
000193	3032	MOVLW 50
000194	00F2	MOVWF SYSWAITTEMPMS
000195	01F3	CLRF SYSWAITTEMPMS_H
000000	158A	PAGESEL DELAY_MS
000197	2042	CALL DELAY_MS
000000	118A	PAGESEL $
000199	1D06	BTFSS PORTB,2
00019A	299F	GOTO ENDIF12
000000	158A	PAGESEL CLS
00019C	2017	CALL CLS
000000	118A	PAGESEL $
00019E	0008	RETURN
		ENDIF12
00019F	2991	GOTO SYSDOLOOP_S15
		SYSDOLOOP_E15
0001A0	082F	MOVF HOUR,W
0001A1	00A7	MOVWF DS_HOUR
0001A2	083F	MOVF MIN,W
0001A3	00A8	MOVWF DS_MIN
0001A4	0845	MOVF SEC,W
0001A5	00AB	MOVWF DS_SEC
0001A6	0824	MOVF DOW,W
0001A7	00A6	MOVWF DS_DOW
0001A8	0821	MOVF DATE,W
0001A9	00A5	MOVWF DS_DATE
0001AA	0840	MOVF MONTH,W
0001AB	00A9	MOVWF DS_MONTH
0001AC	085F	MOVF YEAR,W
0001AD	00AE	MOVWF DS_YEAR
000000	158A	PAGESEL PCF85X3_SETCLOCK
0001AF	2209	CALL PCF85X3_SETCLOCK
000000	118A	PAGESEL $
		ENDIF11
		SYSDOLOOP_S16
0001B1	1C86	BTFSS PORTB,1
0001B2	29B4	GOTO SYSDOLOOP_E16
0001B3	29B1	GOTO SYSDOLOOP_S16
		SYSDOLOOP_E16
0001B4	3032	MOVLW 50
0001B5	00F2	MOVWF SYSWAITTEMPMS
0001B6	01F3	CLRF SYSWAITTEMPMS_H
000000	158A	PAGESEL DELAY_MS
0001B8	2042	CALL DELAY_MS
000000	158A	PAGESEL CLS
0001BA	2017	CALL CLS
000000	118A	PAGESEL $
0001BC	30FF	MOVLW 255
0001BD	00AD	MOVWF DS_VALUE
000000	158A	PAGESEL PCF85X3_ENABLE
0001BF	2924	GOTO PCF85X3_ENABLE


		I2CSEND
000000	1683	BANKSEL TRISA
000000	1683 1303	BANKSEL TRISA
0001C2	1185	BCF TRISA,3
000000	1283	BANKSEL PORTA
000000	1283 1303	BANKSEL PORTA
0001C5	1185	BCF PORTA,3
0001C6	0000	NOP
0001C7	3008	MOVLW 8
0001C8	00CF	MOVWF SYSREPEATTEMP2
		SYSREPEATLOOP2
0001C9	1FB2	BTFSS I2CBYTE,7
0001CA	29CF	GOTO ELSE44_1
000000	1683	BANKSEL TRISA
000000	1683 1303	BANKSEL TRISA
0001CD	1605	BSF TRISA,4
0001CE	29D5	GOTO ENDIF44
		ELSE44_1
000000	1683	BANKSEL TRISA
000000	1683 1303	BANKSEL TRISA
0001D1	1205	BCF TRISA,4
000000	1283	BANKSEL PORTA
000000	1283 1303	BANKSEL PORTA
0001D4	1205	BCF PORTA,4
		ENDIF44
000000	1283	BANKSEL I2CBYTE
000000	1283 1303	BANKSEL I2CBYTE
0001D7	0DB2	RLF I2CBYTE,F
000000	1683	BANKSEL TRISA
000000	1683 1303	BANKSEL TRISA
0001DA	1585	BSF TRISA,3
		SYSWAITLOOP9
000000	1283	BANKSEL PORTA
000000	1283 1303	BANKSEL PORTA
0001DD	1D85	BTFSS PORTA,3
0001DE	29DB	GOTO SYSWAITLOOP9
0001DF	0000	NOP
000000	1683	BANKSEL TRISA
000000	1683 1303	BANKSEL TRISA
0001E2	1185	BCF TRISA,3
000000	1283	BANKSEL PORTA
000000	1283 1303	BANKSEL PORTA
0001E5	1185	BCF PORTA,3
0001E6	0000	NOP
0001E7	0BCF	DECFSZ SYSREPEATTEMP2,F
0001E8	29C9	GOTO SYSREPEATLOOP2
		SYSREPEATLOOPEND2
0001E9	29EA	GOTO $+1
000000	1683	BANKSEL TRISA
000000	1683 1303	BANKSEL TRISA
0001EC	1605	BSF TRISA,4
0001ED	0000	NOP
0001EE	1585	BSF TRISA,3
		SYSWAITLOOP10
000000	1283	BANKSEL PORTA
000000	1283 1303	BANKSEL PORTA
0001F1	1D85	BTFSS PORTA,3
0001F2	29EF	GOTO SYSWAITLOOP10
0001F3	1E05	BTFSS PORTA,4
0001F4	29F8	GOTO ELSE45_1
0001F5	01B0	CLRF I2CACK
0001F6	01B1	CLRF I2CACKPOLLSTATE
0001F7	29FC	GOTO ENDIF45
		ELSE45_1
0001F8	30FF	MOVLW 255
0001F9	00B0	MOVWF I2CACK
0001FA	30FF	MOVLW 255
0001FB	00B1	MOVWF I2CACKPOLLSTATE
		ENDIF45
000000	1683	BANKSEL TRISA
000000	1683 1303	BANKSEL TRISA
0001FE	1185	BCF TRISA,3
000000	1283	BANKSEL PORTA
000000	1283 1303	BANKSEL PORTA
000201	1185	BCF PORTA,3
000202	0000	NOP
000000	1683	BANKSEL TRISA
000000	1683 1303	BANKSEL TRISA
000205	1205	BCF TRISA,4
000000	1283	BANKSEL PORTA
000000	1283 1303	BANKSEL PORTA
000208	1205	BCF PORTA,4
000209	2A0A	GOTO $+1
00020A	0008	RETURN


		INITI2C
000000	1683	BANKSEL TRISA
000000	1683 1303	BANKSEL TRISA
00020D	1605	BSF TRISA,4
00020E	1585	BSF TRISA,3
000000	1283	BANKSEL I2CMATCH
000000	1283 1303	BANKSEL I2CMATCH
000211	01B3	CLRF I2CMATCH
000212	0008	RETURN


		INITLCD
000213	01BB	CLRF LCDTEMP
000000	158A	PAGESEL LCDBACKLIGHT
000215	20C1	CALL LCDBACKLIGHT
000000	118A	PAGESEL $
000000	1683	BANKSEL TRISA
000000	1683 1303	BANKSEL TRISA
000219	1005	BCF TRISA,0
00021A	1186	BCF TRISB,3
00021B	1206	BCF TRISB,4
000000	1283	BANKSEL PORTA
000000	1283 1303	BANKSEL PORTA
00021E	1005	BCF PORTA,0
00021F	1186	BCF PORTB,3
000220	1206	BCF PORTB,4
000221	3014	MOVLW 20
000222	00F2	MOVWF SYSWAITTEMPMS
000223	01F3	CLRF SYSWAITTEMPMS_H
000000	158A	PAGESEL DELAY_MS
000225	2042	CALL DELAY_MS
000000	118A	PAGESEL $
000227	1405	BSF PORTA,0
000228	3030	MOVLW 48
000229	00BC	MOVWF LCDVALUE
00022A	225C	CALL LCD3_CMD
000000	118A	PAGESEL $
00022C	3005	MOVLW 5
00022D	00F2	MOVWF SYSWAITTEMPMS
00022E	01F3	CLRF SYSWAITTEMPMS_H
000000	158A	PAGESEL DELAY_MS
000230	2042	CALL DELAY_MS
000000	118A	PAGESEL $
000232	3030	MOVLW 48
000233	00BC	MOVWF LCDVALUE
000234	225C	CALL LCD3_CMD
000000	118A	PAGESEL $
000236	3001	MOVLW 1
000237	00F2	MOVWF SYSWAITTEMPMS
000238	01F3	CLRF SYSWAITTEMPMS_H
000000	158A	PAGESEL DELAY_MS
00023A	2042	CALL DELAY_MS
000000	118A	PAGESEL $
00023C	3038	MOVLW 56
00023D	00BC	MOVWF LCDVALUE
00023E	225C	CALL LCD3_CMD
000000	118A	PAGESEL $
000240	3008	MOVLW 8
000241	00BC	MOVWF LCDVALUE
000242	225C	CALL LCD3_CMD
000000	118A	PAGESEL $
000244	300F	MOVLW 15
000245	00BC	MOVWF LCDVALUE
000246	225C	CALL LCD3_CMD
000000	118A	PAGESEL $
000248	3001	MOVLW 1
000249	00BC	MOVWF LCDVALUE
00024A	225C	CALL LCD3_CMD
000000	118A	PAGESEL $
00024C	3038	MOVLW 56
00024D	00BC	MOVWF LCDVALUE
00024E	225C	CALL LCD3_CMD
000000	118A	PAGESEL $
000250	3080	MOVLW 128
000251	00BC	MOVWF LCDVALUE
000252	225C	CALL LCD3_CMD
000000	118A	PAGESEL $
000254	300C	MOVLW 12
000255	00BE	MOVWF LCD_STATE
000256	0008	RETURN


		INITSYS
000257	3007	MOVLW 7
000258	009F	MOVWF CMCON
000259	0185	CLRF PORTA
00025A	0186	CLRF PORTB
00025B	0008	RETURN


		LCD3_CMD
00025C	1186	BCF PORTB,3
00025D	083C	MOVF LCDVALUE,W
00025E	00B6	MOVWF LCDBYTE
000000	158A	PAGESEL LCDNORMALWRITEBYTE
000260	28C2	GOTO LCDNORMALWRITEBYTE


		LCDCURSOR
000261	1186	BCF PORTB,3
000262	0339	DECF LCDCRSR,W
000263	1D03	BTFSS STATUS, Z
000264	2A68	GOTO ENDIF26
000265	300C	MOVLW 12
000266	043E	IORWF LCD_STATE,W
000267	00BB	MOVWF LCDTEMP
		ENDIF26
000268	300C	MOVLW 12
000269	0239	SUBWF LCDCRSR,W
00026A	1D03	BTFSS STATUS, Z
00026B	2A6F	GOTO ENDIF27
00026C	300C	MOVLW 12
00026D	043E	IORWF LCD_STATE,W
00026E	00BB	MOVWF LCDTEMP
		ENDIF27
00026F	08B9	MOVF LCDCRSR,F
000270	1D03	BTFSS STATUS, Z
000271	2A75	GOTO ENDIF28
000272	300B	MOVLW 11
000273	053E	ANDWF LCD_STATE,W
000274	00BB	MOVWF LCDTEMP
		ENDIF28
000275	300B	MOVLW 11
000276	0239	SUBWF LCDCRSR,W
000277	1D03	BTFSS STATUS, Z
000278	2A7C	GOTO ENDIF29
000279	300B	MOVLW 11
00027A	053E	ANDWF LCD_STATE,W
00027B	00BB	MOVWF LCDTEMP
		ENDIF29
00027C	300A	MOVLW 10
00027D	0239	SUBWF LCDCRSR,W
00027E	1D03	BTFSS STATUS, Z
00027F	2A83	GOTO ENDIF30
000280	300A	MOVLW 10
000281	043E	IORWF LCD_STATE,W
000282	00BB	MOVWF LCDTEMP
		ENDIF30
000283	300D	MOVLW 13
000284	0239	SUBWF LCDCRSR,W
000285	1D03	BTFSS STATUS, Z
000286	2A8A	GOTO ENDIF31
000287	300D	MOVLW 13
000288	053E	ANDWF LCD_STATE,W
000289	00BB	MOVWF LCDTEMP
		ENDIF31
00028A	3009	MOVLW 9
00028B	0239	SUBWF LCDCRSR,W
00028C	1D03	BTFSS STATUS, Z
00028D	2A91	GOTO ENDIF32
00028E	3009	MOVLW 9
00028F	043E	IORWF LCD_STATE,W
000290	00BB	MOVWF LCDTEMP
		ENDIF32
000291	3009	MOVLW 9
000292	0239	SUBWF LCDCRSR,W
000293	1D03	BTFSS STATUS, Z
000294	2A98	GOTO ENDIF33
000295	3009	MOVLW 9
000296	043E	IORWF LCD_STATE,W
000297	00BB	MOVWF LCDTEMP
		ENDIF33
000298	300E	MOVLW 14
000299	0239	SUBWF LCDCRSR,W
00029A	1D03	BTFSS STATUS, Z
00029B	2A9F	GOTO ENDIF34
00029C	300E	MOVLW 14
00029D	053E	ANDWF LCD_STATE,W
00029E	00BB	MOVWF LCDTEMP
		ENDIF34
00029F	083B	MOVF LCDTEMP,W
0002A0	00B6	MOVWF LCDBYTE
000000	158A	PAGESEL LCDNORMALWRITEBYTE
0002A2	20C2	CALL LCDNORMALWRITEBYTE
000000	118A	PAGESEL $
0002A4	083B	MOVF LCDTEMP,W
0002A5	00BE	MOVWF LCD_STATE
0002A6	0008	RETURN


		FN_LEFTPAD
0002A7	0856	MOVF SYSSYSINSTRINGHANDLER,W
0002A8	0084	MOVWF FSR
0002A9	1383	BCF STATUS, IRP
0002AA	1857	BTFSC SYSSYSINSTRINGHANDLER_H,0
0002AB	1783	BSF STATUS, IRP
0002AC	0853	MOVF SYSSTRLEN,W
0002AD	0200	SUBWF INDF,W
0002AE	1803	BTFSC STATUS, C
0002AF	2B08	GOTO ELSE39_1
0002B0	3059	MOVLW LOW LEFTPAD
0002B1	00F2	MOVWF SYSSTRINGB
0002B2	3001	MOVLW HIGH LEFTPAD
0002B3	00F3	MOVWF SYSSTRINGB_H
0002B4	30BD	MOVLW LOW STRINGTABLE49
0002B5	00F7	MOVWF SYSSTRINGA
0002B6	3006	MOVLW HIGH STRINGTABLE49
0002B7	00F8	MOVWF SYSSTRINGA_H
000000	158A	PAGESEL SYSREADSTRING
0002B9	23DC	CALL SYSREADSTRING
000000	118A	PAGESEL $
0002BB	0853	MOVF SYSSTRLEN,W
000000	1283	BANKSEL SYSLEFTPAD_0
000000	1283 1703	BANKSEL SYSLEFTPAD_0
0002BE	00D9	MOVWF SYSLEFTPAD_0
000000	1283	BANKSEL SYSSYSINSTRINGHANDLER
000000	1283 1303	BANKSEL SYSSYSINSTRINGHANDLER
0002C1	0856	MOVF SYSSYSINSTRINGHANDLER,W
0002C2	0084	MOVWF FSR
0002C3	1383	BCF STATUS, IRP
0002C4	1857	BTFSC SYSSYSINSTRINGHANDLER_H,0
0002C5	1783	BSF STATUS, IRP
0002C6	0800	MOVF INDF,W
0002C7	0253	SUBWF SYSSTRLEN,W
0002C8	00CA	MOVWF SYSCHARCOUNT
0002C9	01D2	CLRF SYSSTRINGTEMP
0002CA	3001	MOVLW 1
0002CB	024A	SUBWF SYSCHARCOUNT,W
0002CC	1C03	BTFSS STATUS, C
0002CD	2AE1	GOTO SYSFORLOOPEND2
		ENDIF40
		SYSFORLOOP2
0002CE	0AD2	INCF SYSSTRINGTEMP,F
0002CF	0A54	INCF SYSSYSINSTRING2HANDLER,W
0002D0	0084	MOVWF FSR
0002D1	1383	BCF STATUS, IRP
0002D2	1855	BTFSC SYSSYSINSTRING2HANDLER_H,0
0002D3	1783	BSF STATUS, IRP
0002D4	0800	MOVF INDF,W
0002D5	00C7	MOVWF SYSARRAYTEMP1
0002D6	00C8	MOVWF SYSARRAYTEMP2
0002D7	3059	MOVLW LOW(LEFTPAD)
0002D8	0752	ADDWF SYSSTRINGTEMP,W
0002D9	0084	MOVWF FSR
0002DA	1783	BANKISEL LEFTPAD
0002DB	0848	MOVF SYSARRAYTEMP2,W
0002DC	0080	MOVWF INDF
0002DD	084A	MOVF SYSCHARCOUNT,W
0002DE	0252	SUBWF SYSSTRINGTEMP,W
0002DF	1C03	BTFSS STATUS, C
0002E0	2ACE	GOTO SYSFORLOOP2
		ENDIF41
		SYSFORLOOPEND2
0002E1	01D2	CLRF SYSSTRINGTEMP
0002E2	0856	MOVF SYSSYSINSTRINGHANDLER,W
0002E3	0084	MOVWF FSR
0002E4	1383	BCF STATUS, IRP
0002E5	1857	BTFSC SYSSYSINSTRINGHANDLER_H,0
0002E6	1783	BSF STATUS, IRP
0002E7	3001	MOVLW 1
0002E8	0200	SUBWF INDF,W
0002E9	1C03	BTFSS STATUS, C
0002EA	2B07	GOTO SYSFORLOOPEND3
		ENDIF42
		SYSFORLOOP3
0002EB	0AD2	INCF SYSSTRINGTEMP,F
0002EC	0852	MOVF SYSSTRINGTEMP,W
0002ED	0756	ADDWF SYSSYSINSTRINGHANDLER,W
0002EE	0084	MOVWF FSR
0002EF	1383	BCF STATUS, IRP
0002F0	1857	BTFSC SYSSYSINSTRINGHANDLER_H,0
0002F1	1783	BSF STATUS, IRP
0002F2	0800	MOVF INDF,W
0002F3	00C7	MOVWF SYSARRAYTEMP1
0002F4	00C8	MOVWF SYSARRAYTEMP2
0002F5	0852	MOVF SYSSTRINGTEMP,W
0002F6	074A	ADDWF SYSCHARCOUNT,W
0002F7	00DA	MOVWF SYSTEMP2
0002F8	3059	MOVLW LOW(LEFTPAD)
0002F9	075A	ADDWF SYSTEMP2,W
0002FA	0084	MOVWF FSR
0002FB	1783	BANKISEL LEFTPAD
0002FC	0848	MOVF SYSARRAYTEMP2,W
0002FD	0080	MOVWF INDF
0002FE	0856	MOVF SYSSYSINSTRINGHANDLER,W
0002FF	0084	MOVWF FSR
000300	1383	BCF STATUS, IRP
000301	1857	BTFSC SYSSYSINSTRINGHANDLER_H,0
000302	1783	BSF STATUS, IRP
000303	0800	MOVF INDF,W
000304	0252	SUBWF SYSSTRINGTEMP,W
000305	1C03	BTFSS STATUS, C
000306	2AEB	GOTO SYSFORLOOP3
		ENDIF43
		SYSFORLOOPEND3
000307	2B13	GOTO ENDIF39
		ELSE39_1
000308	3059	MOVLW LOW LEFTPAD
000309	00F2	MOVWF SYSSTRINGB
00030A	3001	MOVLW HIGH LEFTPAD
00030B	00F3	MOVWF SYSSTRINGB_H
00030C	0856	MOVF SYSSYSINSTRINGHANDLER,W
00030D	00F7	MOVWF SYSSTRINGA
00030E	0857	MOVF SYSSYSINSTRINGHANDLER_H,W
00030F	00F8	MOVWF SYSSTRINGA_H
000000	158A	PAGESEL SYSCOPYSTRING
000311	2357	CALL SYSCOPYSTRING
000000	118A	PAGESEL $
		ENDIF39
000313	0008	RETURN


		PRINT138
000314	084B	MOVF SYSPRINTDATAHANDLER,W
000315	0084	MOVWF FSR
000316	1383	BCF STATUS, IRP
000317	184C	BTFSC SYSPRINTDATAHANDLER_H,0
000318	1783	BSF STATUS, IRP
000319	0800	MOVF INDF,W
00031A	00C4	MOVWF PRINTLEN
00031B	08C4	MOVF PRINTLEN,F
00031C	1903	BTFSC STATUS, Z
00031D	0008	RETURN
		ENDIF18
00031E	1586	BSF PORTB,3
00031F	01CD	CLRF SYSPRINTTEMP
000320	3001	MOVLW 1
000321	0244	SUBWF PRINTLEN,W
000322	1C03	BTFSS STATUS, C
000323	2B34	GOTO SYSFORLOOPEND1
		ENDIF19
		SYSFORLOOP1
000324	0ACD	INCF SYSPRINTTEMP,F
000325	084D	MOVF SYSPRINTTEMP,W
000326	074B	ADDWF SYSPRINTDATAHANDLER,W
000327	0084	MOVWF FSR
000328	1383	BCF STATUS, IRP
000329	184C	BTFSC SYSPRINTDATAHANDLER_H,0
00032A	1783	BSF STATUS, IRP
00032B	0800	MOVF INDF,W
00032C	00B6	MOVWF LCDBYTE
000000	158A	PAGESEL LCDNORMALWRITEBYTE
00032E	20C2	CALL LCDNORMALWRITEBYTE
000000	118A	PAGESEL $
000330	0844	MOVF PRINTLEN,W
000331	024D	SUBWF SYSPRINTTEMP,W
000332	1C03	BTFSS STATUS, C
000333	2B24	GOTO SYSFORLOOP1
		ENDIF20
		SYSFORLOOPEND1
000334	0008	RETURN


		PRINTDATE
		SYSSELECT1CASE1
000335	08A4	MOVF DOW,F
000336	1D03	BTFSS STATUS, Z
000337	2B49	GOTO SYSSELECT1CASE2
000338	30B1	MOVLW LOW SYSSTRINGPARAM5
000339	00F2	MOVWF SYSSTRINGB
00033A	3000	MOVLW HIGH SYSSTRINGPARAM5
00033B	00F3	MOVWF SYSSTRINGB_H
00033C	301D	MOVLW LOW STRINGTABLE7
00033D	00F7	MOVWF SYSSTRINGA
00033E	3006	MOVLW HIGH STRINGTABLE7
00033F	00F8	MOVWF SYSSTRINGA_H
000000	158A	PAGESEL SYSREADSTRING
000341	23DC	CALL SYSREADSTRING
000000	118A	PAGESEL $
000343	30B1	MOVLW LOW SYSSTRINGPARAM5
000344	00CB	MOVWF SYSPRINTDATAHANDLER
000345	3000	MOVLW HIGH SYSSTRINGPARAM5
000346	00CC	MOVWF SYSPRINTDATAHANDLER_H
000347	2314	CALL PRINT138
000348	2BE7	GOTO SYSSELECTEND1
		SYSSELECT1CASE2
000349	0324	DECF DOW,W
00034A	1D03	BTFSS STATUS, Z
00034B	2B5D	GOTO SYSSELECT1CASE3
00034C	30B1	MOVLW LOW SYSSTRINGPARAM5
00034D	00F2	MOVWF SYSSTRINGB
00034E	3000	MOVLW HIGH SYSSTRINGPARAM5
00034F	00F3	MOVWF SYSSTRINGB_H
000350	3022	MOVLW LOW STRINGTABLE8
000351	00F7	MOVWF SYSSTRINGA
000352	3006	MOVLW HIGH STRINGTABLE8
000353	00F8	MOVWF SYSSTRINGA_H
000000	158A	PAGESEL SYSREADSTRING
000355	23DC	CALL SYSREADSTRING
000000	118A	PAGESEL $
000357	30B1	MOVLW LOW SYSSTRINGPARAM5
000358	00CB	MOVWF SYSPRINTDATAHANDLER
000359	3000	MOVLW HIGH SYSSTRINGPARAM5
00035A	00CC	MOVWF SYSPRINTDATAHANDLER_H
00035B	2314	CALL PRINT138
00035C	2BE7	GOTO SYSSELECTEND1
		SYSSELECT1CASE3
00035D	3002	MOVLW 2
00035E	0224	SUBWF DOW,W
00035F	1D03	BTFSS STATUS, Z
000360	2B72	GOTO SYSSELECT1CASE4
000361	30B1	MOVLW LOW SYSSTRINGPARAM5
000362	00F2	MOVWF SYSSTRINGB
000363	3000	MOVLW HIGH SYSSTRINGPARAM5
000364	00F3	MOVWF SYSSTRINGB_H
000365	3027	MOVLW LOW STRINGTABLE9
000366	00F7	MOVWF SYSSTRINGA
000367	3006	MOVLW HIGH STRINGTABLE9
000368	00F8	MOVWF SYSSTRINGA_H
000000	158A	PAGESEL SYSREADSTRING
00036A	23DC	CALL SYSREADSTRING
000000	118A	PAGESEL $
00036C	30B1	MOVLW LOW SYSSTRINGPARAM5
00036D	00CB	MOVWF SYSPRINTDATAHANDLER
00036E	3000	MOVLW HIGH SYSSTRINGPARAM5
00036F	00CC	MOVWF SYSPRINTDATAHANDLER_H
000370	2314	CALL PRINT138
000371	2BE7	GOTO SYSSELECTEND1
		SYSSELECT1CASE4
000372	3003	MOVLW 3
000373	0224	SUBWF DOW,W
000374	1D03	BTFSS STATUS, Z
000375	2B87	GOTO SYSSELECT1CASE5
000376	30B1	MOVLW LOW SYSSTRINGPARAM5
000377	00F2	MOVWF SYSSTRINGB
000378	3000	MOVLW HIGH SYSSTRINGPARAM5
000379	00F3	MOVWF SYSSTRINGB_H
00037A	302C	MOVLW LOW STRINGTABLE10
00037B	00F7	MOVWF SYSSTRINGA
00037C	3006	MOVLW HIGH STRINGTABLE10
00037D	00F8	MOVWF SYSSTRINGA_H
000000	158A	PAGESEL SYSREADSTRING
00037F	23DC	CALL SYSREADSTRING
000000	118A	PAGESEL $
000381	30B1	MOVLW LOW SYSSTRINGPARAM5
000382	00CB	MOVWF SYSPRINTDATAHANDLER
000383	3000	MOVLW HIGH SYSSTRINGPARAM5
000384	00CC	MOVWF SYSPRINTDATAHANDLER_H
000385	2314	CALL PRINT138
000386	2BE7	GOTO SYSSELECTEND1
		SYSSELECT1CASE5
000387	3004	MOVLW 4
000388	0224	SUBWF DOW,W
000389	1D03	BTFSS STATUS, Z
00038A	2B9C	GOTO SYSSELECT1CASE6
00038B	30B1	MOVLW LOW SYSSTRINGPARAM5
00038C	00F2	MOVWF SYSSTRINGB
00038D	3000	MOVLW HIGH SYSSTRINGPARAM5
00038E	00F3	MOVWF SYSSTRINGB_H
00038F	3031	MOVLW LOW STRINGTABLE11
000390	00F7	MOVWF SYSSTRINGA
000391	3006	MOVLW HIGH STRINGTABLE11
000392	00F8	MOVWF SYSSTRINGA_H
000000	158A	PAGESEL SYSREADSTRING
000394	23DC	CALL SYSREADSTRING
000000	118A	PAGESEL $
000396	30B1	MOVLW LOW SYSSTRINGPARAM5
000397	00CB	MOVWF SYSPRINTDATAHANDLER
000398	3000	MOVLW HIGH SYSSTRINGPARAM5
000399	00CC	MOVWF SYSPRINTDATAHANDLER_H
00039A	2314	CALL PRINT138
00039B	2BE7	GOTO SYSSELECTEND1
		SYSSELECT1CASE6
00039C	3005	MOVLW 5
00039D	0224	SUBWF DOW,W
00039E	1D03	BTFSS STATUS, Z
00039F	2BB1	GOTO SYSSELECT1CASE7
0003A0	30B1	MOVLW LOW SYSSTRINGPARAM5
0003A1	00F2	MOVWF SYSSTRINGB
0003A2	3000	MOVLW HIGH SYSSTRINGPARAM5
0003A3	00F3	MOVWF SYSSTRINGB_H
0003A4	3036	MOVLW LOW STRINGTABLE12
0003A5	00F7	MOVWF SYSSTRINGA
0003A6	3006	MOVLW HIGH STRINGTABLE12
0003A7	00F8	MOVWF SYSSTRINGA_H
000000	158A	PAGESEL SYSREADSTRING
0003A9	23DC	CALL SYSREADSTRING
000000	118A	PAGESEL $
0003AB	30B1	MOVLW LOW SYSSTRINGPARAM5
0003AC	00CB	MOVWF SYSPRINTDATAHANDLER
0003AD	3000	MOVLW HIGH SYSSTRINGPARAM5
0003AE	00CC	MOVWF SYSPRINTDATAHANDLER_H
0003AF	2314	CALL PRINT138
0003B0	2BE7	GOTO SYSSELECTEND1
		SYSSELECT1CASE7
0003B1	3006	MOVLW 6
0003B2	0224	SUBWF DOW,W
0003B3	1D03	BTFSS STATUS, Z
0003B4	2BC6	GOTO SYSSELECT1CASE8
0003B5	30B1	MOVLW LOW SYSSTRINGPARAM5
0003B6	00F2	MOVWF SYSSTRINGB
0003B7	3000	MOVLW HIGH SYSSTRINGPARAM5
0003B8	00F3	MOVWF SYSSTRINGB_H
0003B9	303B	MOVLW LOW STRINGTABLE13
0003BA	00F7	MOVWF SYSSTRINGA
0003BB	3006	MOVLW HIGH STRINGTABLE13
0003BC	00F8	MOVWF SYSSTRINGA_H
000000	158A	PAGESEL SYSREADSTRING
0003BE	23DC	CALL SYSREADSTRING
000000	118A	PAGESEL $
0003C0	30B1	MOVLW LOW SYSSTRINGPARAM5
0003C1	00CB	MOVWF SYSPRINTDATAHANDLER
0003C2	3000	MOVLW HIGH SYSSTRINGPARAM5
0003C3	00CC	MOVWF SYSPRINTDATAHANDLER_H
0003C4	2314	CALL PRINT138
0003C5	2BE7	GOTO SYSSELECTEND1
		SYSSELECT1CASE8
0003C6	0824	MOVF DOW,W
0003C7	00DC	MOVWF SYSVALTEMP
0003C8	01DD	CLRF SYSVALTEMP_H
0003C9	253A	CALL FN_STR
0003CA	30B1	MOVLW LOW SYSSTRINGPARAM5
0003CB	00F2	MOVWF SYSSTRINGB
0003CC	3000	MOVLW HIGH SYSSTRINGPARAM5
0003CD	00F3	MOVWF SYSSTRINGB_H
0003CE	01F6	CLRF SYSSTRINGLENGTH
0003CF	3029	MOVLW LOW STR
0003D0	00F7	MOVWF SYSSTRINGA
0003D1	3001	MOVLW HIGH STR
0003D2	00F8	MOVWF SYSSTRINGA_H
000000	158A	PAGESEL SYSCOPYSTRINGPART
0003D4	2366	CALL SYSCOPYSTRINGPART
000000	118A	PAGESEL $
0003D6	3015	MOVLW LOW STRINGTABLE5
0003D7	00F7	MOVWF SYSSTRINGA
0003D8	3006	MOVLW HIGH STRINGTABLE5
0003D9	00F8	MOVWF SYSSTRINGA_H
000000	158A	PAGESEL SYSREADSTRINGPART
0003DB	23E8	CALL SYSREADSTRINGPART
000000	118A	PAGESEL $
0003DD	30B1	MOVLW LOW SYSSTRINGPARAM5
0003DE	0084	MOVWF FSR
0003DF	1383	BANKISEL SYSSTRINGPARAM5
0003E0	0876	MOVF SYSSTRINGLENGTH,W
0003E1	0080	MOVWF INDF
0003E2	30B1	MOVLW LOW SYSSTRINGPARAM5
0003E3	00CB	MOVWF SYSPRINTDATAHANDLER
0003E4	3000	MOVLW HIGH SYSSTRINGPARAM5
0003E5	00CC	MOVWF SYSPRINTDATAHANDLER_H
0003E6	2314	CALL PRINT138
		SYSSELECTEND1
0003E7	0821	MOVF DATE,W
0003E8	00BC	MOVWF LCDVALUE
000000	158A	PAGESEL PRINT139
0003EA	224D	CALL PRINT139
000000	118A	PAGESEL $
0003EC	30B1	MOVLW LOW SYSSTRINGPARAM5
0003ED	00F2	MOVWF SYSSTRINGB
0003EE	3000	MOVLW HIGH SYSSTRINGPARAM5
0003EF	00F3	MOVWF SYSSTRINGB_H
0003F0	3040	MOVLW LOW STRINGTABLE14
0003F1	00F7	MOVWF SYSSTRINGA
0003F2	3006	MOVLW HIGH STRINGTABLE14
0003F3	00F8	MOVWF SYSSTRINGA_H
000000	158A	PAGESEL SYSREADSTRING
0003F5	23DC	CALL SYSREADSTRING
000000	118A	PAGESEL $
0003F7	30B1	MOVLW LOW SYSSTRINGPARAM5
0003F8	00CB	MOVWF SYSPRINTDATAHANDLER
0003F9	3000	MOVLW HIGH SYSSTRINGPARAM5
0003FA	00CC	MOVWF SYSPRINTDATAHANDLER_H
0003FB	2314	CALL PRINT138
0003FC	0840	MOVF MONTH,W
0003FD	00BC	MOVWF LCDVALUE
000000	158A	PAGESEL PRINT139
0003FF	224D	CALL PRINT139
000000	118A	PAGESEL $
000401	30B1	MOVLW LOW SYSSTRINGPARAM5
000402	00F2	MOVWF SYSSTRINGB
000403	3000	MOVLW HIGH SYSSTRINGPARAM5
000404	00F3	MOVWF SYSSTRINGB_H
000405	3042	MOVLW LOW STRINGTABLE15
000406	00F7	MOVWF SYSSTRINGA
000407	3006	MOVLW HIGH STRINGTABLE15
000408	00F8	MOVWF SYSSTRINGA_H
000000	158A	PAGESEL SYSREADSTRING
00040A	23DC	CALL SYSREADSTRING
000000	118A	PAGESEL $
00040C	30B1	MOVLW LOW SYSSTRINGPARAM5
00040D	00CB	MOVWF SYSPRINTDATAHANDLER
00040E	3000	MOVLW HIGH SYSSTRINGPARAM5
00040F	00CC	MOVWF SYSPRINTDATAHANDLER_H
000410	2314	CALL PRINT138
000411	300A	MOVLW 10
000412	025F	SUBWF YEAR,W
000413	1803	BTFSC STATUS, C
000414	2C25	GOTO ENDIF52
000415	30B1	MOVLW LOW SYSSTRINGPARAM5
000416	00F2	MOVWF SYSSTRINGB
000417	3000	MOVLW HIGH SYSSTRINGPARAM5
000418	00F3	MOVWF SYSSTRINGB_H
000419	3013	MOVLW LOW STRINGTABLE4
00041A	00F7	MOVWF SYSSTRINGA
00041B	3006	MOVLW HIGH STRINGTABLE4
00041C	00F8	MOVWF SYSSTRINGA_H
000000	158A	PAGESEL SYSREADSTRING
00041E	23DC	CALL SYSREADSTRING
000000	118A	PAGESEL $
000420	30B1	MOVLW LOW SYSSTRINGPARAM5
000421	00CB	MOVWF SYSPRINTDATAHANDLER
000422	3000	MOVLW HIGH SYSSTRINGPARAM5
000423	00CC	MOVWF SYSPRINTDATAHANDLER_H
000424	2314	CALL PRINT138
		ENDIF52
000425	085F	MOVF YEAR,W
000426	00BC	MOVWF LCDVALUE
000000	158A	PAGESEL PRINT139
000428	224D	CALL PRINT139
000000	118A	PAGESEL $
00042A	30B1	MOVLW LOW SYSSTRINGPARAM5
00042B	00F2	MOVWF SYSSTRINGB
00042C	3000	MOVLW HIGH SYSSTRINGPARAM5
00042D	00F3	MOVWF SYSSTRINGB_H
00042E	3046	MOVLW LOW STRINGTABLE16
00042F	00F7	MOVWF SYSSTRINGA
000430	3006	MOVLW HIGH STRINGTABLE16
000431	00F8	MOVWF SYSSTRINGA_H
000000	158A	PAGESEL SYSREADSTRING
000433	23DC	CALL SYSREADSTRING
000000	118A	PAGESEL $
000435	30B1	MOVLW LOW SYSSTRINGPARAM5
000436	00CB	MOVWF SYSPRINTDATAHANDLER
000437	3000	MOVLW HIGH SYSSTRINGPARAM5
000438	00CC	MOVWF SYSPRINTDATAHANDLER_H
000439	2B14	GOTO PRINT138


		PRINTTIME
00043A	300A	MOVLW 10
00043B	022F	SUBWF HOUR,W
00043C	1803	BTFSC STATUS, C
00043D	2C4E	GOTO ENDIF48
00043E	30DB	MOVLW LOW SYSSTRINGPARAM3
00043F	00F2	MOVWF SYSSTRINGB
000440	3000	MOVLW HIGH SYSSTRINGPARAM3
000441	00F3	MOVWF SYSSTRINGB_H
000442	3013	MOVLW LOW STRINGTABLE4
000443	00F7	MOVWF SYSSTRINGA
000444	3006	MOVLW HIGH STRINGTABLE4
000445	00F8	MOVWF SYSSTRINGA_H
000000	158A	PAGESEL SYSREADSTRING
000447	23DC	CALL SYSREADSTRING
000000	118A	PAGESEL $
000449	30DB	MOVLW LOW SYSSTRINGPARAM3
00044A	00CB	MOVWF SYSPRINTDATAHANDLER
00044B	3000	MOVLW HIGH SYSSTRINGPARAM3
00044C	00CC	MOVWF SYSPRINTDATAHANDLER_H
00044D	2314	CALL PRINT138
		ENDIF48
00044E	082F	MOVF HOUR,W
00044F	00BC	MOVWF LCDVALUE
000000	158A	PAGESEL PRINT139
000451	224D	CALL PRINT139
000000	118A	PAGESEL $
000453	30DB	MOVLW LOW SYSSTRINGPARAM3
000454	00F2	MOVWF SYSSTRINGB
000455	3000	MOVLW HIGH SYSSTRINGPARAM3
000456	00F3	MOVWF SYSSTRINGB_H
000457	3015	MOVLW LOW STRINGTABLE5
000458	00F7	MOVWF SYSSTRINGA
000459	3006	MOVLW HIGH STRINGTABLE5
00045A	00F8	MOVWF SYSSTRINGA_H
000000	158A	PAGESEL SYSREADSTRING
00045C	23DC	CALL SYSREADSTRING
000000	118A	PAGESEL $
00045E	30DB	MOVLW LOW SYSSTRINGPARAM3
00045F	00CB	MOVWF SYSPRINTDATAHANDLER
000460	3000	MOVLW HIGH SYSSTRINGPARAM3
000461	00CC	MOVWF SYSPRINTDATAHANDLER_H
000462	2314	CALL PRINT138
000463	300A	MOVLW 10
000464	023F	SUBWF MIN,W
000465	1803	BTFSC STATUS, C
000466	2C77	GOTO ENDIF49
000467	30DB	MOVLW LOW SYSSTRINGPARAM3
000468	00F2	MOVWF SYSSTRINGB
000469	3000	MOVLW HIGH SYSSTRINGPARAM3
00046A	00F3	MOVWF SYSSTRINGB_H
00046B	3013	MOVLW LOW STRINGTABLE4
00046C	00F7	MOVWF SYSSTRINGA
00046D	3006	MOVLW HIGH STRINGTABLE4
00046E	00F8	MOVWF SYSSTRINGA_H
000000	158A	PAGESEL SYSREADSTRING
000470	23DC	CALL SYSREADSTRING
000000	118A	PAGESEL $
000472	30DB	MOVLW LOW SYSSTRINGPARAM3
000473	00CB	MOVWF SYSPRINTDATAHANDLER
000474	3000	MOVLW HIGH SYSSTRINGPARAM3
000475	00CC	MOVWF SYSPRINTDATAHANDLER_H
000476	2314	CALL PRINT138
		ENDIF49
000477	083F	MOVF MIN,W
000478	00BC	MOVWF LCDVALUE
000000	158A	PAGESEL PRINT139
00047A	224D	CALL PRINT139
000000	118A	PAGESEL $
00047C	30DB	MOVLW LOW SYSSTRINGPARAM3
00047D	00F2	MOVWF SYSSTRINGB
00047E	3000	MOVLW HIGH SYSSTRINGPARAM3
00047F	00F3	MOVWF SYSSTRINGB_H
000480	3015	MOVLW LOW STRINGTABLE5
000481	00F7	MOVWF SYSSTRINGA
000482	3006	MOVLW HIGH STRINGTABLE5
000483	00F8	MOVWF SYSSTRINGA_H
000000	158A	PAGESEL SYSREADSTRING
000485	23DC	CALL SYSREADSTRING
000000	118A	PAGESEL $
000487	30DB	MOVLW LOW SYSSTRINGPARAM3
000488	00CB	MOVWF SYSPRINTDATAHANDLER
000489	3000	MOVLW HIGH SYSSTRINGPARAM3
00048A	00CC	MOVWF SYSPRINTDATAHANDLER_H
00048B	2314	CALL PRINT138
00048C	300A	MOVLW 10
00048D	0245	SUBWF SEC,W
00048E	1803	BTFSC STATUS, C
00048F	2CA0	GOTO ENDIF50
000490	30DB	MOVLW LOW SYSSTRINGPARAM3
000491	00F2	MOVWF SYSSTRINGB
000492	3000	MOVLW HIGH SYSSTRINGPARAM3
000493	00F3	MOVWF SYSSTRINGB_H
000494	3013	MOVLW LOW STRINGTABLE4
000495	00F7	MOVWF SYSSTRINGA
000496	3006	MOVLW HIGH STRINGTABLE4
000497	00F8	MOVWF SYSSTRINGA_H
000000	158A	PAGESEL SYSREADSTRING
000499	23DC	CALL SYSREADSTRING
000000	118A	PAGESEL $
00049B	30DB	MOVLW LOW SYSSTRINGPARAM3
00049C	00CB	MOVWF SYSPRINTDATAHANDLER
00049D	3000	MOVLW HIGH SYSSTRINGPARAM3
00049E	00CC	MOVWF SYSPRINTDATAHANDLER_H
00049F	2314	CALL PRINT138
		ENDIF50
0004A0	0845	MOVF SEC,W
0004A1	00BC	MOVWF LCDVALUE
000000	158A	PAGESEL PRINT139
0004A3	224D	CALL PRINT139
000000	118A	PAGESEL $
0004A5	30DB	MOVLW LOW SYSSTRINGPARAM3
0004A6	00F2	MOVWF SYSSTRINGB
0004A7	3000	MOVLW HIGH SYSSTRINGPARAM3
0004A8	00F3	MOVWF SYSSTRINGB_H
0004A9	3017	MOVLW LOW STRINGTABLE6
0004AA	00F7	MOVWF SYSSTRINGA
0004AB	3006	MOVLW HIGH STRINGTABLE6
0004AC	00F8	MOVWF SYSSTRINGA_H
000000	158A	PAGESEL SYSREADSTRING
0004AE	23DC	CALL SYSREADSTRING
000000	118A	PAGESEL $
0004B0	30DB	MOVLW LOW SYSSTRINGPARAM3
0004B1	00CB	MOVWF SYSPRINTDATAHANDLER
0004B2	3000	MOVLW HIGH SYSSTRINGPARAM3
0004B3	00CC	MOVWF SYSPRINTDATAHANDLER_H
0004B4	2B14	GOTO PRINT138


		SHOWALARM
000000	158A	PAGESEL CLS
0004B6	2017	CALL CLS
000000	118A	PAGESEL $
0004B8	3001	MOVLW 1
0004B9	00BA	MOVWF LCDLINE
0004BA	01B8	CLRF LCDCOLUMN
000000	158A	PAGESEL LOCATE
0004BC	20F2	CALL LOCATE
000000	118A	PAGESEL $
0004BE	302F	MOVLW LOW SYSSTRINGPARAM2
0004BF	00F2	MOVWF SYSSTRINGB
0004C0	3001	MOVLW HIGH SYSSTRINGPARAM2
0004C1	00F3	MOVWF SYSSTRINGB_H
0004C2	30B6	MOVLW LOW STRINGTABLE26
0004C3	00F7	MOVWF SYSSTRINGA
0004C4	3006	MOVLW HIGH STRINGTABLE26
0004C5	00F8	MOVWF SYSSTRINGA_H
000000	158A	PAGESEL SYSREADSTRING
0004C7	23DC	CALL SYSREADSTRING
000000	118A	PAGESEL $
0004C9	302F	MOVLW LOW SYSSTRINGPARAM2
0004CA	00CB	MOVWF SYSPRINTDATAHANDLER
0004CB	3001	MOVLW HIGH SYSSTRINGPARAM2
0004CC	00CC	MOVWF SYSPRINTDATAHANDLER_H
0004CD	2314	CALL PRINT138
0004CE	300A	MOVLW 10
0004CF	00AA	MOVWF DS_REG
000000	158A	PAGESEL PCF85X3_READREGISTER
0004D1	2188	CALL PCF85X3_READREGISTER
000000	118A	PAGESEL $
0004D3	082C	MOVF DS_VAL,W
0004D4	00C1	MOVWF MYREG
0004D5	307F	MOVLW 127
0004D6	0541	ANDWF MYREG,W
0004D7	00DE	MOVWF VA
000000	158A	PAGESEL FN_BCDTODEC
0004D9	2000	CALL FN_BCDTODEC
000000	118A	PAGESEL $
0004DB	0820	MOVF BCDTODEC,W
0004DC	00DC	MOVWF SYSVALTEMP
0004DD	01DD	CLRF SYSVALTEMP_H
0004DE	253A	CALL FN_STR
0004DF	3029	MOVLW LOW STR
0004E0	00D6	MOVWF SYSSYSINSTRINGHANDLER
0004E1	3001	MOVLW HIGH STR
0004E2	00D7	MOVWF SYSSYSINSTRINGHANDLER_H
0004E3	3002	MOVLW 2
0004E4	00D3	MOVWF SYSSTRLEN
0004E5	302F	MOVLW LOW SYSSTRINGPARAM2
0004E6	00F2	MOVWF SYSSTRINGB
0004E7	3001	MOVLW HIGH SYSSTRINGPARAM2
0004E8	00F3	MOVWF SYSSTRINGB_H
0004E9	3013	MOVLW LOW STRINGTABLE4
0004EA	00F7	MOVWF SYSSTRINGA
0004EB	3006	MOVLW HIGH STRINGTABLE4
0004EC	00F8	MOVWF SYSSTRINGA_H
000000	158A	PAGESEL SYSREADSTRING
0004EE	23DC	CALL SYSREADSTRING
000000	118A	PAGESEL $
0004F0	302F	MOVLW LOW SYSSTRINGPARAM2
0004F1	00D4	MOVWF SYSSYSINSTRING2HANDLER
0004F2	3001	MOVLW HIGH SYSSTRINGPARAM2
0004F3	00D5	MOVWF SYSSYSINSTRING2HANDLER_H
0004F4	22A7	CALL FN_LEFTPAD
0004F5	3059	MOVLW LOW LEFTPAD
0004F6	00CB	MOVWF SYSPRINTDATAHANDLER
0004F7	3001	MOVLW HIGH LEFTPAD
0004F8	00CC	MOVWF SYSPRINTDATAHANDLER_H
0004F9	2314	CALL PRINT138
0004FA	302F	MOVLW LOW SYSSTRINGPARAM2
0004FB	00F2	MOVWF SYSSTRINGB
0004FC	3001	MOVLW HIGH SYSSTRINGPARAM2
0004FD	00F3	MOVWF SYSSTRINGB_H
0004FE	3015	MOVLW LOW STRINGTABLE5
0004FF	00F7	MOVWF SYSSTRINGA
000500	3006	MOVLW HIGH STRINGTABLE5
000501	00F8	MOVWF SYSSTRINGA_H
000000	158A	PAGESEL SYSREADSTRING
000503	23DC	CALL SYSREADSTRING
000000	118A	PAGESEL $
000505	302F	MOVLW LOW SYSSTRINGPARAM2
000506	00CB	MOVWF SYSPRINTDATAHANDLER
000507	3001	MOVLW HIGH SYSSTRINGPARAM2
000508	00CC	MOVWF SYSPRINTDATAHANDLER_H
000509	2314	CALL PRINT138
00050A	3009	MOVLW 9
00050B	00AA	MOVWF DS_REG
000000	158A	PAGESEL PCF85X3_READREGISTER
00050D	2188	CALL PCF85X3_READREGISTER
000000	118A	PAGESEL $
00050F	082C	MOVF DS_VAL,W
000510	00C1	MOVWF MYREG
000511	307F	MOVLW 127
000512	0541	ANDWF MYREG,W
000513	00DE	MOVWF VA
000000	158A	PAGESEL FN_BCDTODEC
000515	2000	CALL FN_BCDTODEC
000000	118A	PAGESEL $
000517	0820	MOVF BCDTODEC,W
000518	00DC	MOVWF SYSVALTEMP
000519	01DD	CLRF SYSVALTEMP_H
00051A	253A	CALL FN_STR
00051B	3029	MOVLW LOW STR
00051C	00D6	MOVWF SYSSYSINSTRINGHANDLER
00051D	3001	MOVLW HIGH STR
00051E	00D7	MOVWF SYSSYSINSTRINGHANDLER_H
00051F	3002	MOVLW 2
000520	00D3	MOVWF SYSSTRLEN
000521	302F	MOVLW LOW SYSSTRINGPARAM2
000522	00F2	MOVWF SYSSTRINGB
000523	3001	MOVLW HIGH SYSSTRINGPARAM2
000524	00F3	MOVWF SYSSTRINGB_H
000525	3013	MOVLW LOW STRINGTABLE4
000526	00F7	MOVWF SYSSTRINGA
000527	3006	MOVLW HIGH STRINGTABLE4
000528	00F8	MOVWF SYSSTRINGA_H
000000	158A	PAGESEL SYSREADSTRING
00052A	23DC	CALL SYSREADSTRING
000000	118A	PAGESEL $
00052C	302F	MOVLW LOW SYSSTRINGPARAM2
00052D	00D4	MOVWF SYSSYSINSTRING2HANDLER
00052E	3001	MOVLW HIGH SYSSTRINGPARAM2
00052F	00D5	MOVWF SYSSYSINSTRING2HANDLER_H
000530	22A7	CALL FN_LEFTPAD
000531	3059	MOVLW LOW LEFTPAD
000532	00CB	MOVWF SYSPRINTDATAHANDLER
000533	3001	MOVLW HIGH LEFTPAD
000534	00CC	MOVWF SYSPRINTDATAHANDLER_H
000535	2314	CALL PRINT138
000536	3002	MOVLW 2
000537	00F4	MOVWF SYSWAITTEMPS
000000	158A	PAGESEL DELAY_S
000539	2850	GOTO DELAY_S


		FN_STR
00053A	01CA	CLRF SYSCHARCOUNT
00053B	085C	MOVF SYSVALTEMP,W
00053C	00F5	MOVWF SYSWORDTEMPA
00053D	085D	MOVF SYSVALTEMP_H,W
00053E	00F6	MOVWF SYSWORDTEMPA_H
00053F	3010	MOVLW 16
000540	00F9	MOVWF SYSWORDTEMPB
000541	3027	MOVLW 39
000542	00FA	MOVWF SYSWORDTEMPB_H
000000	158A	PAGESEL SYSCOMPLESSTHAN16
000544	2348	CALL SYSCOMPLESSTHAN16
000000	118A	PAGESEL $
000546	09F0	COMF SYSBYTETEMPX,F
000547	1C70	BTFSS SYSBYTETEMPX,0
000548	2D63	GOTO ENDIF35
000549	085C	MOVF SYSVALTEMP,W
00054A	00F5	MOVWF SYSWORDTEMPA
00054B	085D	MOVF SYSVALTEMP_H,W
00054C	00F6	MOVWF SYSWORDTEMPA_H
00054D	3010	MOVLW 16
00054E	00F9	MOVWF SYSWORDTEMPB
00054F	3027	MOVLW 39
000550	00FA	MOVWF SYSWORDTEMPB_H
000000	158A	PAGESEL SYSDIVSUB16
000552	2398	CALL SYSDIVSUB16
000000	118A	PAGESEL $
000554	0875	MOVF SYSWORDTEMPA,W
000555	00D1	MOVWF SYSSTRDATA
000556	0870	MOVF SYSCALCTEMPX,W
000557	00DC	MOVWF SYSVALTEMP
000558	0871	MOVF SYSCALCTEMPX_H,W
000559	00DD	MOVWF SYSVALTEMP_H
00055A	0ACA	INCF SYSCHARCOUNT,F
00055B	3029	MOVLW LOW(STR)
00055C	074A	ADDWF SYSCHARCOUNT,W
00055D	0084	MOVWF FSR
00055E	1783	BANKISEL STR
00055F	3030	MOVLW 48
000560	0751	ADDWF SYSSTRDATA,W
000561	0080	MOVWF INDF
000562	2D71	GOTO SYSVALTHOUSANDS
		ENDIF35
000563	085C	MOVF SYSVALTEMP,W
000564	00F5	MOVWF SYSWORDTEMPA
000565	085D	MOVF SYSVALTEMP_H,W
000566	00F6	MOVWF SYSWORDTEMPA_H
000567	30E8	MOVLW 232
000568	00F9	MOVWF SYSWORDTEMPB
000569	3003	MOVLW 3
00056A	00FA	MOVWF SYSWORDTEMPB_H
000000	158A	PAGESEL SYSCOMPLESSTHAN16
00056C	2348	CALL SYSCOMPLESSTHAN16
000000	118A	PAGESEL $
00056E	09F0	COMF SYSBYTETEMPX,F
00056F	1C70	BTFSS SYSBYTETEMPX,0
000570	2D8B	GOTO ENDIF36
		SYSVALTHOUSANDS
000571	085C	MOVF SYSVALTEMP,W
000572	00F5	MOVWF SYSWORDTEMPA
000573	085D	MOVF SYSVALTEMP_H,W
000574	00F6	MOVWF SYSWORDTEMPA_H
000575	30E8	MOVLW 232
000576	00F9	MOVWF SYSWORDTEMPB
000577	3003	MOVLW 3
000578	00FA	MOVWF SYSWORDTEMPB_H
000000	158A	PAGESEL SYSDIVSUB16
00057A	2398	CALL SYSDIVSUB16
000000	118A	PAGESEL $
00057C	0875	MOVF SYSWORDTEMPA,W
00057D	00D1	MOVWF SYSSTRDATA
00057E	0870	MOVF SYSCALCTEMPX,W
00057F	00DC	MOVWF SYSVALTEMP
000580	0871	MOVF SYSCALCTEMPX_H,W
000581	00DD	MOVWF SYSVALTEMP_H
000582	0ACA	INCF SYSCHARCOUNT,F
000583	3029	MOVLW LOW(STR)
000584	074A	ADDWF SYSCHARCOUNT,W
000585	0084	MOVWF FSR
000586	1783	BANKISEL STR
000587	3030	MOVLW 48
000588	0751	ADDWF SYSSTRDATA,W
000589	0080	MOVWF INDF
00058A	2D98	GOTO SYSVALHUNDREDS
		ENDIF36
00058B	085C	MOVF SYSVALTEMP,W
00058C	00F5	MOVWF SYSWORDTEMPA
00058D	085D	MOVF SYSVALTEMP_H,W
00058E	00F6	MOVWF SYSWORDTEMPA_H
00058F	3064	MOVLW 100
000590	00F9	MOVWF SYSWORDTEMPB
000591	01FA	CLRF SYSWORDTEMPB_H
000000	158A	PAGESEL SYSCOMPLESSTHAN16
000593	2348	CALL SYSCOMPLESSTHAN16
000000	118A	PAGESEL $
000595	09F0	COMF SYSBYTETEMPX,F
000596	1C70	BTFSS SYSBYTETEMPX,0
000597	2DB1	GOTO ENDIF37
		SYSVALHUNDREDS
000598	085C	MOVF SYSVALTEMP,W
000599	00F5	MOVWF SYSWORDTEMPA
00059A	085D	MOVF SYSVALTEMP_H,W
00059B	00F6	MOVWF SYSWORDTEMPA_H
00059C	3064	MOVLW 100
00059D	00F9	MOVWF SYSWORDTEMPB
00059E	01FA	CLRF SYSWORDTEMPB_H
000000	158A	PAGESEL SYSDIVSUB16
0005A0	2398	CALL SYSDIVSUB16
000000	118A	PAGESEL $
0005A2	0875	MOVF SYSWORDTEMPA,W
0005A3	00D1	MOVWF SYSSTRDATA
0005A4	0870	MOVF SYSCALCTEMPX,W
0005A5	00DC	MOVWF SYSVALTEMP
0005A6	0871	MOVF SYSCALCTEMPX_H,W
0005A7	00DD	MOVWF SYSVALTEMP_H
0005A8	0ACA	INCF SYSCHARCOUNT,F
0005A9	3029	MOVLW LOW(STR)
0005AA	074A	ADDWF SYSCHARCOUNT,W
0005AB	0084	MOVWF FSR
0005AC	1783	BANKISEL STR
0005AD	3030	MOVLW 48
0005AE	0751	ADDWF SYSSTRDATA,W
0005AF	0080	MOVWF INDF
0005B0	2DBE	GOTO SYSVALTENS
		ENDIF37
0005B1	085C	MOVF SYSVALTEMP,W
0005B2	00F5	MOVWF SYSWORDTEMPA
0005B3	085D	MOVF SYSVALTEMP_H,W
0005B4	00F6	MOVWF SYSWORDTEMPA_H
0005B5	300A	MOVLW 10
0005B6	00F9	MOVWF SYSWORDTEMPB
0005B7	01FA	CLRF SYSWORDTEMPB_H
000000	158A	PAGESEL SYSCOMPLESSTHAN16
0005B9	2348	CALL SYSCOMPLESSTHAN16
000000	118A	PAGESEL $
0005BB	09F0	COMF SYSBYTETEMPX,F
0005BC	1C70	BTFSS SYSBYTETEMPX,0
0005BD	2DD6	GOTO ENDIF38
		SYSVALTENS
0005BE	085C	MOVF SYSVALTEMP,W
0005BF	00F5	MOVWF SYSWORDTEMPA
0005C0	085D	MOVF SYSVALTEMP_H,W
0005C1	00F6	MOVWF SYSWORDTEMPA_H
0005C2	300A	MOVLW 10
0005C3	00F9	MOVWF SYSWORDTEMPB
0005C4	01FA	CLRF SYSWORDTEMPB_H
000000	158A	PAGESEL SYSDIVSUB16
0005C6	2398	CALL SYSDIVSUB16
000000	118A	PAGESEL $
0005C8	0875	MOVF SYSWORDTEMPA,W
0005C9	00D1	MOVWF SYSSTRDATA
0005CA	0870	MOVF SYSCALCTEMPX,W
0005CB	00DC	MOVWF SYSVALTEMP
0005CC	0871	MOVF SYSCALCTEMPX_H,W
0005CD	00DD	MOVWF SYSVALTEMP_H
0005CE	0ACA	INCF SYSCHARCOUNT,F
0005CF	3029	MOVLW LOW(STR)
0005D0	074A	ADDWF SYSCHARCOUNT,W
0005D1	0084	MOVWF FSR
0005D2	1783	BANKISEL STR
0005D3	3030	MOVLW 48
0005D4	0751	ADDWF SYSSTRDATA,W
0005D5	0080	MOVWF INDF
		ENDIF38
0005D6	0ACA	INCF SYSCHARCOUNT,F
0005D7	3029	MOVLW LOW(STR)
0005D8	074A	ADDWF SYSCHARCOUNT,W
0005D9	0084	MOVWF FSR
0005DA	1783	BANKISEL STR
0005DB	3030	MOVLW 48
0005DC	075C	ADDWF SYSVALTEMP,W
0005DD	0080	MOVWF INDF
0005DE	0870	MOVF SYSCALCTEMPX,W
0005DF	00DC	MOVWF SYSVALTEMP
0005E0	0871	MOVF SYSCALCTEMPX_H,W
0005E1	00DD	MOVWF SYSVALTEMP_H
0005E2	084A	MOVF SYSCHARCOUNT,W
000000	1283	BANKSEL SYSSTR_0
000000	1283 1703	BANKSEL SYSSTR_0
0005E5	00A9	MOVWF SYSSTR_0
000000	1283	BANKSEL STATUS
000000	1283 1303	BANKSEL STATUS
0005E8	0008	RETURN


		SYSSTRINGTABLES
0005E9	0878	MOVF SYSSTRINGA_H,W
0005EA	008A	MOVWF PCLATH
0005EB	0877	MOVF SYSSTRINGA,W
0005EC	0AF7	INCF SYSSTRINGA,F
0005ED	1903	BTFSC STATUS,Z
0005EE	0AF8	INCF SYSSTRINGA_H,F
0005EF	0082	MOVWF PCL

		STRINGTABLE2
0005F0	340D	RETLW 13
0005F1	3450	RETLW 80
0005F2	3443	RETLW 67
0005F3	3446	RETLW 70
0005F4	3438	RETLW 56
0005F5	3435	RETLW 53
0005F6	3478	RETLW 120
0005F7	3433	RETLW 51
0005F8	3420	RETLW 32
0005F9	3443	RETLW 67
0005FA	346C	RETLW 108
0005FB	346F	RETLW 111
0005FC	3463	RETLW 99
0005FD	346B	RETLW 107


		STRINGTABLE3
0005FE	3414	RETLW 20
0005FF	3447	RETLW 71
000600	3472	RETLW 114
000601	3465	RETLW 101
000602	3461	RETLW 97
000603	3474	RETLW 116
000604	3420	RETLW 32
000605	3443	RETLW 67
000606	346F	RETLW 111
000607	3477	RETLW 119
000608	3420	RETLW 32
000609	3442	RETLW 66
00060A	3461	RETLW 97
00060B	3473	RETLW 115
00060C	3469	RETLW 105
00060D	3463	RETLW 99
00060E	3420	RETLW 32
00060F	3432	RETLW 50
000610	3430	RETLW 48
000611	3431	RETLW 49
000612	3439	RETLW 57


		STRINGTABLE4
000613	3401	RETLW 1
000614	3430	RETLW 48


		STRINGTABLE5
000615	3401	RETLW 1
000616	343A	RETLW 58


		STRINGTABLE6
000617	3405	RETLW 5
000618	3420	RETLW 32
000619	3420	RETLW 32
00061A	3420	RETLW 32
00061B	3420	RETLW 32
00061C	3420	RETLW 32


		STRINGTABLE7
00061D	3404	RETLW 4
00061E	3453	RETLW 83
00061F	3475	RETLW 117
000620	346E	RETLW 110
000621	342E	RETLW 46


		STRINGTABLE8
000622	3404	RETLW 4
000623	344D	RETLW 77
000624	346F	RETLW 111
000625	346E	RETLW 110
000626	342E	RETLW 46


		STRINGTABLE9
000627	3404	RETLW 4
000628	3454	RETLW 84
000629	3475	RETLW 117
00062A	3465	RETLW 101
00062B	342E	RETLW 46


		STRINGTABLE10
00062C	3404	RETLW 4
00062D	3457	RETLW 87
00062E	3465	RETLW 101
00062F	3464	RETLW 100
000630	342E	RETLW 46


		STRINGTABLE11
000631	3404	RETLW 4
000632	3454	RETLW 84
000633	3468	RETLW 104
000634	3475	RETLW 117
000635	342E	RETLW 46


		STRINGTABLE12
000636	3404	RETLW 4
000637	3446	RETLW 70
000638	3472	RETLW 114
000639	3469	RETLW 105
00063A	342E	RETLW 46


		STRINGTABLE13
00063B	3404	RETLW 4
00063C	3453	RETLW 83
00063D	3461	RETLW 97
00063E	3474	RETLW 116
00063F	342E	RETLW 46


		STRINGTABLE14
000640	3401	RETLW 1
000641	342F	RETLW 47


		STRINGTABLE15
000642	3403	RETLW 3
000643	342F	RETLW 47
000644	3432	RETLW 50
000645	3430	RETLW 48


		STRINGTABLE16
000646	3401	RETLW 1
000647	3420	RETLW 32


		STRINGTABLE17
000648	340C	RETLW 12
000649	3453	RETLW 83
00064A	3465	RETLW 101
00064B	3474	RETLW 116
00064C	3420	RETLW 32
00064D	3457	RETLW 87
00064E	3465	RETLW 101
00064F	3465	RETLW 101
000650	346B	RETLW 107
000651	3464	RETLW 100
000652	3461	RETLW 97
000653	3479	RETLW 121
000654	343A	RETLW 58


		STRINGTABLE18
000655	340A	RETLW 10
000656	3453	RETLW 83
000657	3465	RETLW 101
000658	3474	RETLW 116
000659	3420	RETLW 32
00065A	3448	RETLW 72
00065B	346F	RETLW 111
00065C	3475	RETLW 117
00065D	3472	RETLW 114
00065E	3473	RETLW 115
00065F	343A	RETLW 58


		STRINGTABLE19
000660	340C	RETLW 12
000661	3453	RETLW 83
000662	3465	RETLW 101
000663	3474	RETLW 116
000664	3420	RETLW 32
000665	344D	RETLW 77
000666	3469	RETLW 105
000667	346E	RETLW 110
000668	3475	RETLW 117
000669	3474	RETLW 116
00066A	3465	RETLW 101
00066B	3473	RETLW 115
00066C	343A	RETLW 58


		STRINGTABLE20
00066D	340C	RETLW 12
00066E	3453	RETLW 83
00066F	3465	RETLW 101
000670	3474	RETLW 116
000671	3420	RETLW 32
000672	3453	RETLW 83
000673	3465	RETLW 101
000674	3463	RETLW 99
000675	346F	RETLW 111
000676	346E	RETLW 110
000677	3464	RETLW 100
000678	3473	RETLW 115
000679	343A	RETLW 58


		STRINGTABLE21
00067A	340D	RETLW 13
00067B	3450	RETLW 80
00067C	3472	RETLW 114
00067D	3465	RETLW 101
00067E	3473	RETLW 115
00067F	3473	RETLW 115
000680	3420	RETLW 32
000681	3453	RETLW 83
000682	3465	RETLW 101
000683	3474	RETLW 116
000684	342C	RETLW 44
000685	3420	RETLW 32
000686	346F	RETLW 111
000687	3472	RETLW 114


		STRINGTABLE22
000688	340E	RETLW 14
000689	344D	RETLW 77
00068A	346F	RETLW 111
00068B	3464	RETLW 100
00068C	3465	RETLW 101
00068D	3420	RETLW 32
00068E	3474	RETLW 116
00068F	346F	RETLW 111
000690	3420	RETLW 32
000691	3472	RETLW 114
000692	3465	RETLW 101
000693	3476	RETLW 118
000694	3465	RETLW 101
000695	3472	RETLW 114
000696	3474	RETLW 116


		STRINGTABLE23
000697	340A	RETLW 10
000698	3453	RETLW 83
000699	3465	RETLW 101
00069A	3474	RETLW 116
00069B	3420	RETLW 32
00069C	344D	RETLW 77
00069D	346F	RETLW 111
00069E	346E	RETLW 110
00069F	3474	RETLW 116
0006A0	3468	RETLW 104
0006A1	343A	RETLW 58


		STRINGTABLE24
0006A2	3409	RETLW 9
0006A3	3453	RETLW 83
0006A4	3465	RETLW 101
0006A5	3474	RETLW 116
0006A6	3420	RETLW 32
0006A7	3444	RETLW 68
0006A8	3461	RETLW 97
0006A9	3474	RETLW 116
0006AA	3465	RETLW 101
0006AB	343A	RETLW 58


		STRINGTABLE25
0006AC	3409	RETLW 9
0006AD	3453	RETLW 83
0006AE	3465	RETLW 101
0006AF	3474	RETLW 116
0006B0	3420	RETLW 32
0006B1	3459	RETLW 89
0006B2	3465	RETLW 101
0006B3	3461	RETLW 97
0006B4	3472	RETLW 114
0006B5	343A	RETLW 58


		STRINGTABLE26
0006B6	3406	RETLW 6
0006B7	3441	RETLW 65
0006B8	346C	RETLW 108
0006B9	3461	RETLW 97
0006BA	3472	RETLW 114
0006BB	346D	RETLW 109
0006BC	3420	RETLW 32


		STRINGTABLE49
0006BD	3400	RETLW 0




		FN_BCDTODEC
000800	085E	MOVF VA,W
000801	00F5	MOVWF SYSBYTETEMPA
000802	3010	MOVLW 16
000803	00F9	MOVWF SYSBYTETEMPB
000804	2384	CALL SYSDIVSUB
000805	0875	MOVF SYSBYTETEMPA,W
000806	00D8	MOVWF SYSTEMP1
000807	085E	MOVF VA,W
000808	00F5	MOVWF SYSBYTETEMPA
000809	3010	MOVLW 16
00080A	00F9	MOVWF SYSBYTETEMPB
00080B	2384	CALL SYSDIVSUB
00080C	0870	MOVF SYSBYTETEMPX,W
00080D	00DA	MOVWF SYSTEMP2
00080E	0858	MOVF SYSTEMP1,W
00080F	00F5	MOVWF SYSBYTETEMPA
000810	300A	MOVLW 10
000811	00F9	MOVWF SYSBYTETEMPB
000812	23D0	CALL SYSMULTSUB
000813	085A	MOVF SYSTEMP2,W
000814	0770	ADDWF SYSBYTETEMPX,W
000815	00A0	MOVWF BCDTODEC
000816	0008	RETURN


		CLS
000817	1186	BCF PORTB,3
000818	3001	MOVLW 1
000819	00B6	MOVWF LCDBYTE
00081A	20C2	CALL LCDNORMALWRITEBYTE
00081B	3004	MOVLW 4
00081C	00F2	MOVWF SYSWAITTEMPMS
00081D	01F3	CLRF SYSWAITTEMPMS_H
00081E	2042	CALL DELAY_MS
00081F	3080	MOVLW 128
000820	00B6	MOVWF LCDBYTE
000821	20C2	CALL LCDNORMALWRITEBYTE
000822	300C	MOVLW 12
000823	00F5	MOVWF SYSWAITTEMP10US
000824	283B	GOTO DELAY_10US


		FN_DECTOBCD
000825	085E	MOVF VA,W
000826	00F5	MOVWF SYSBYTETEMPA
000827	300A	MOVLW 10
000828	00F9	MOVWF SYSBYTETEMPB
000829	2384	CALL SYSDIVSUB
00082A	0875	MOVF SYSBYTETEMPA,W
00082B	00D8	MOVWF SYSTEMP1
00082C	00F5	MOVWF SYSBYTETEMPA
00082D	3010	MOVLW 16
00082E	00F9	MOVWF SYSBYTETEMPB
00082F	23D0	CALL SYSMULTSUB
000830	0870	MOVF SYSBYTETEMPX,W
000831	00DA	MOVWF SYSTEMP2
000832	085E	MOVF VA,W
000833	00F5	MOVWF SYSBYTETEMPA
000834	300A	MOVLW 10
000835	00F9	MOVWF SYSBYTETEMPB
000836	2384	CALL SYSDIVSUB
000837	0870	MOVF SYSBYTETEMPX,W
000838	075A	ADDWF SYSTEMP2,W
000839	00A3	MOVWF DECTOBCD
00083A	0008	RETURN


		DELAY_10US
		D10US_START
00083B	3002	MOVLW 2
00083C	00F0	MOVWF DELAYTEMP
		DELAYUS0
00083D	0BF0	DECFSZ DELAYTEMP,F
00083E	283D	GOTO DELAYUS0
00083F	0BF5	DECFSZ SYSWAITTEMP10US, F
000840	283B	GOTO D10US_START
000841	0008	RETURN


		DELAY_MS
000842	0AF3	INCF SYSWAITTEMPMS_H, F
		DMS_START
000843	308E	MOVLW 142
000844	00F1	MOVWF DELAYTEMP2
		DMS_OUTER
000845	3001	MOVLW 1
000846	00F0	MOVWF DELAYTEMP
		DMS_INNER
000847	0BF0	DECFSZ DELAYTEMP, F
000848	2847	GOTO DMS_INNER
000849	0BF1	DECFSZ DELAYTEMP2, F
00084A	2845	GOTO DMS_OUTER
00084B	0BF2	DECFSZ SYSWAITTEMPMS, F
00084C	2843	GOTO DMS_START
00084D	0BF3	DECFSZ SYSWAITTEMPMS_H, F
00084E	2843	GOTO DMS_START
00084F	0008	RETURN


		DELAY_S
		DS_START
000850	30E8	MOVLW 232
000851	00F2	MOVWF SYSWAITTEMPMS
000852	3003	MOVLW 3
000853	00F3	MOVWF SYSWAITTEMPMS_H
000854	2042	CALL DELAY_MS
000855	0BF4	DECFSZ SYSWAITTEMPS, F
000856	2850	GOTO DS_START
000857	0008	RETURN


		I2CRECEIVE
000000	1683	BANKSEL TRISA
000000	1683 1303	BANKSEL TRISA
00085A	1185	BCF TRISA,3
000000	1283	BANKSEL PORTA
000000	1283 1303	BANKSEL PORTA
00085D	1185	BCF PORTA,3
000000	1683	BANKSEL TRISA
000000	1683 1303	BANKSEL TRISA
000860	1605	BSF TRISA,4
000000	1283	BANKSEL I2CBYTE
000000	1283 1303	BANKSEL I2CBYTE
000863	01B2	CLRF I2CBYTE
000864	3008	MOVLW 8
000865	00D0	MOVWF SYSREPEATTEMP3
		SYSREPEATLOOP3
000866	0000	NOP
000000	1683	BANKSEL TRISA
000000	1683 1303	BANKSEL TRISA
000869	1585	BSF TRISA,3
		SYSWAITLOOP11
000000	1283	BANKSEL PORTA
000000	1283 1303	BANKSEL PORTA
00086C	1D85	BTFSS PORTA,3
00086D	286A	GOTO SYSWAITLOOP11
00086E	0DB2	RLF I2CBYTE,F
00086F	1032	BCF I2CBYTE,0
000870	1A05	BTFSC PORTA,4
000871	1432	BSF I2CBYTE,0
		ENDIF46
000872	0000	NOP
000000	1683	BANKSEL TRISA
000000	1683 1303	BANKSEL TRISA
000875	1185	BCF TRISA,3
000000	1283	BANKSEL PORTA
000000	1283 1303	BANKSEL PORTA
000878	1185	BCF PORTA,3
000879	0000	NOP
00087A	0BD0	DECFSZ SYSREPEATTEMP3,F
00087B	2866	GOTO SYSREPEATLOOP3
		SYSREPEATLOOPEND3
00087C	08B0	MOVF I2CACK,F
00087D	1903	BTFSC STATUS,Z
00087E	2886	GOTO ELSE47_1
000000	1683	BANKSEL TRISA
000000	1683 1303	BANKSEL TRISA
000881	1205	BCF TRISA,4
000000	1283	BANKSEL PORTA
000000	1283 1303	BANKSEL PORTA
000884	1205	BCF PORTA,4
000885	2889	GOTO ENDIF47
		ELSE47_1
000000	1683	BANKSEL TRISA
000000	1683 1303	BANKSEL TRISA
000888	1605	BSF TRISA,4
		ENDIF47
000889	0000	NOP
000000	1683	BANKSEL TRISA
000000	1683 1303	BANKSEL TRISA
00088C	1585	BSF TRISA,3
		SYSWAITLOOP12
000000	1283	BANKSEL PORTA
000000	1283 1303	BANKSEL PORTA
00088F	1D85	BTFSS PORTA,3
000890	288D	GOTO SYSWAITLOOP12
000891	0000	NOP
000000	1683	BANKSEL TRISA
000000	1683 1303	BANKSEL TRISA
000894	1185	BCF TRISA,3
000000	1283	BANKSEL PORTA
000000	1283 1303	BANKSEL PORTA
000897	1185	BCF PORTA,3
000898	0000	NOP
000899	0008	RETURN


		I2CSTART
000000	1683	BANKSEL TRISA
000000	1683 1303	BANKSEL TRISA
00089C	1605	BSF TRISA,4
00089D	1585	BSF TRISA,3
00089E	0000	NOP
00089F	1205	BCF TRISA,4
000000	1283	BANKSEL PORTA
000000	1283 1303	BANKSEL PORTA
0008A2	1205	BCF PORTA,4
0008A3	0000	NOP
000000	1683	BANKSEL TRISA
000000	1683 1303	BANKSEL TRISA
0008A6	1185	BCF TRISA,3
000000	1283	BANKSEL PORTA
000000	1283 1303	BANKSEL PORTA
0008A9	1185	BCF PORTA,3
0008AA	0008	RETURN


		I2CSTOP
000000	1683	BANKSEL TRISA
000000	1683 1303	BANKSEL TRISA
0008AD	1185	BCF TRISA,3
000000	1283	BANKSEL PORTA
000000	1283 1303	BANKSEL PORTA
0008B0	1185	BCF PORTA,3
000000	1683	BANKSEL TRISA
000000	1683 1303	BANKSEL TRISA
0008B3	1205	BCF TRISA,4
000000	1283	BANKSEL PORTA
000000	1283 1303	BANKSEL PORTA
0008B6	1205	BCF PORTA,4
0008B7	0000	NOP
000000	1683	BANKSEL TRISA
000000	1683 1303	BANKSEL TRISA
0008BA	1585	BSF TRISA,3
0008BB	0000	NOP
0008BC	1605	BSF TRISA,4
0008BD	0000	NOP
000000	1283	BANKSEL STATUS
000000	1283 1303	BANKSEL STATUS
0008C0	0008	RETURN


		LCDBACKLIGHT
0008C1	0008	RETURN


		LCDNORMALWRITEBYTE
0008C2	01B5	CLRF LCD3_RSSTATE
0008C3	1986	BTFSC PORTB,3
0008C4	0AB5	INCF LCD3_RSSTATE,F
		ENDIF23
0008C5	1405	BSF PORTA,0
0008C6	1206	BCF PORTB,4
0008C7	3008	MOVLW 8
0008C8	00CE	MOVWF SYSREPEATTEMP1
		SYSREPEATLOOP1
0008C9	1186	BCF PORTB,3
0008CA	1BB6	BTFSC LCDBYTE,7
0008CB	1586	BSF PORTB,3
		ENDIF24
0008CC	0DB6	RLF LCDBYTE,F
0008CD	1606	BSF PORTB,4
0008CE	1206	BCF PORTB,4
0008CF	0BCE	DECFSZ SYSREPEATTEMP1,F
0008D0	28C9	GOTO SYSREPEATLOOP1
		SYSREPEATLOOPEND1
0008D1	3003	MOVLW 3
0008D2	00F2	MOVWF SYSWAITTEMPMS
0008D3	01F3	CLRF SYSWAITTEMPMS_H
0008D4	2042	CALL DELAY_MS
0008D5	1186	BCF PORTB,3
0008D6	1835	BTFSC LCD3_RSSTATE,0
0008D7	1586	BSF PORTB,3
		ENDIF25
0008D8	3003	MOVLW 3
0008D9	00F2	MOVWF SYSWAITTEMPMS
0008DA	01F3	CLRF SYSWAITTEMPMS_H
0008DB	2042	CALL DELAY_MS
0008DC	1005	BCF PORTA,0
0008DD	3003	MOVLW 3
0008DE	00F2	MOVWF SYSWAITTEMPMS
0008DF	01F3	CLRF SYSWAITTEMPMS_H
0008E0	2042	CALL DELAY_MS
0008E1	1405	BSF PORTA,0
0008E2	3010	MOVLW 16
0008E3	0236	SUBWF LCDBYTE,W
0008E4	1803	BTFSC STATUS, C
0008E5	28EC	GOTO ENDIF21
0008E6	0836	MOVF LCDBYTE,W
0008E7	3C07	SUBLW 7
0008E8	1803	BTFSC STATUS, C
0008E9	28EC	GOTO ENDIF22
0008EA	0836	MOVF LCDBYTE,W
0008EB	00BE	MOVWF LCD_STATE
		ENDIF22
		ENDIF21
0008EC	0008	RETURN


		LCDWRITECHAR
0008ED	1586	BSF PORTB,3
0008EE	0837	MOVF LCDCHAR,W
0008EF	00B6	MOVWF LCDBYTE
0008F0	20C2	CALL LCDNORMALWRITEBYTE
0008F1	0008	RETURN


		LOCATE
0008F2	1186	BCF PORTB,3
0008F3	083A	MOVF LCDLINE,W
0008F4	3C01	SUBLW 1
0008F5	1803	BTFSC STATUS, C
0008F6	28FB	GOTO ENDIF17
0008F7	3002	MOVLW 2
0008F8	02BA	SUBWF LCDLINE,F
0008F9	3014	MOVLW 20
0008FA	07B8	ADDWF LCDCOLUMN,F
		ENDIF17
0008FB	083A	MOVF LCDLINE,W
0008FC	00F5	MOVWF SYSBYTETEMPA
0008FD	3040	MOVLW 64
0008FE	00F9	MOVWF SYSBYTETEMPB
0008FF	23D0	CALL SYSMULTSUB
000900	0838	MOVF LCDCOLUMN,W
000901	0770	ADDWF SYSBYTETEMPX,W
000902	00D8	MOVWF SYSTEMP1
000903	3080	MOVLW 128
000904	0458	IORWF SYSTEMP1,W
000905	00B6	MOVWF LCDBYTE
000906	20C2	CALL LCDNORMALWRITEBYTE
000907	3005	MOVLW 5
000908	00F5	MOVWF SYSWAITTEMP10US
000909	283B	GOTO DELAY_10US


		MONTHDAYS
00090A	300D	MOVLW 13
00090B	0277	SUBWF SYSSTRINGA, W
00090C	1803	BTFSC STATUS, C
00090D	3400	RETLW 0
00090E	0877	MOVF SYSSTRINGA, W
00090F	3E17	ADDLW LOW TABLEMONTHDAYS
000910	00F7	MOVWF SYSSTRINGA
000911	3009	MOVLW HIGH TABLEMONTHDAYS
000912	1803	BTFSC STATUS, C
000913	3E01	ADDLW 1
000914	008A	MOVWF PCLATH
000915	0877	MOVF SYSSTRINGA, W
000916	0082	MOVWF PCL
		TABLEMONTHDAYS
000917	340C	RETLW 12
000918	341F	RETLW 31
000919	341D	RETLW 29
00091A	341F	RETLW 31
00091B	341E	RETLW 30
00091C	341F	RETLW 31
00091D	341E	RETLW 30
00091E	341F	RETLW 31
00091F	341F	RETLW 31
000920	341E	RETLW 30
000921	341F	RETLW 31
000922	341E	RETLW 30
000923	341F	RETLW 31


		PCF85X3_ENABLE
000924	209A	CALL I2CSTART
000925	30A2	MOVLW 162
000926	00B2	MOVWF I2CBYTE
000000	118A	PAGESEL I2CSEND
000928	21C0	CALL I2CSEND
000000	158A	PAGESEL $
00092A	01B2	CLRF I2CBYTE
000000	118A	PAGESEL I2CSEND
00092C	21C0	CALL I2CSEND
000000	158A	PAGESEL $
00092E	209A	CALL I2CSTART
00092F	30A3	MOVLW 163
000930	00B2	MOVWF I2CBYTE
000000	118A	PAGESEL I2CSEND
000932	21C0	CALL I2CSEND
000000	158A	PAGESEL $
000934	01B0	CLRF I2CACK
000935	2058	CALL I2CRECEIVE
000936	0832	MOVF I2CBYTE,W
000937	00AB	MOVWF DS_ENABLESTATE
000938	1CAD	BTFSS DS_VALUE,1
000939	293C	GOTO ELSE16_1
00093A	12AB	BCF DS_ENABLESTATE,5
00093B	293D	GOTO ENDIF16
		ELSE16_1
00093C	16AB	BSF DS_ENABLESTATE,5
		ENDIF16
00093D	209A	CALL I2CSTART
00093E	30A2	MOVLW 162
00093F	00B2	MOVWF I2CBYTE
000000	118A	PAGESEL I2CSEND
000941	21C0	CALL I2CSEND
000000	158A	PAGESEL $
000943	01B2	CLRF I2CBYTE
000000	118A	PAGESEL I2CSEND
000945	21C0	CALL I2CSEND
000000	158A	PAGESEL $
000947	082B	MOVF DS_ENABLESTATE,W
000948	00B2	MOVWF I2CBYTE
000000	118A	PAGESEL I2CSEND
00094A	21C0	CALL I2CSEND
000000	158A	PAGESEL $
00094C	28AB	GOTO I2CSTOP


		PCF85X3_READDATE
00094D	209A	CALL I2CSTART
00094E	30A2	MOVLW 162
00094F	00B2	MOVWF I2CBYTE
000000	118A	PAGESEL I2CSEND
000951	21C0	CALL I2CSEND
000000	158A	PAGESEL $
000953	3005	MOVLW 5
000954	00B2	MOVWF I2CBYTE
000000	118A	PAGESEL I2CSEND
000956	21C0	CALL I2CSEND
000000	158A	PAGESEL $
000958	209A	CALL I2CSTART
000959	30A3	MOVLW 163
00095A	00B2	MOVWF I2CBYTE
000000	118A	PAGESEL I2CSEND
00095C	21C0	CALL I2CSEND
000000	158A	PAGESEL $
00095E	30FF	MOVLW 255
00095F	00B0	MOVWF I2CACK
000960	2058	CALL I2CRECEIVE
000961	0832	MOVF I2CBYTE,W
000962	00A5	MOVWF DS_DATE
000963	303F	MOVLW 63
000964	0525	ANDWF DS_DATE,W
000965	00DE	MOVWF VA
000966	2000	CALL FN_BCDTODEC
000967	0820	MOVF BCDTODEC,W
000968	00A5	MOVWF DS_DATE
000969	30FF	MOVLW 255
00096A	00B0	MOVWF I2CACK
00096B	2058	CALL I2CRECEIVE
00096C	0832	MOVF I2CBYTE,W
00096D	00A6	MOVWF DS_DOW
00096E	3003	MOVLW 3
00096F	0526	ANDWF DS_DOW,W
000970	00DE	MOVWF VA
000971	2000	CALL FN_BCDTODEC
000972	0820	MOVF BCDTODEC,W
000973	00A6	MOVWF DS_DOW
000974	30FF	MOVLW 255
000975	00B0	MOVWF I2CACK
000976	2058	CALL I2CRECEIVE
000977	0832	MOVF I2CBYTE,W
000978	00A9	MOVWF DS_MONTH
000979	301F	MOVLW 31
00097A	0529	ANDWF DS_MONTH,W
00097B	00DE	MOVWF VA
00097C	2000	CALL FN_BCDTODEC
00097D	0820	MOVF BCDTODEC,W
00097E	00A9	MOVWF DS_MONTH
00097F	01B0	CLRF I2CACK
000980	2058	CALL I2CRECEIVE
000981	0832	MOVF I2CBYTE,W
000982	00AE	MOVWF DS_YEAR
000983	00DE	MOVWF VA
000984	2000	CALL FN_BCDTODEC
000985	0820	MOVF BCDTODEC,W
000986	00AE	MOVWF DS_YEAR
000987	28AB	GOTO I2CSTOP


		PCF85X3_READREGISTER
000988	209A	CALL I2CSTART
000989	30A2	MOVLW 162
00098A	00B2	MOVWF I2CBYTE
000000	118A	PAGESEL I2CSEND
00098C	21C0	CALL I2CSEND
000000	158A	PAGESEL $
00098E	082A	MOVF DS_REG,W
00098F	00B2	MOVWF I2CBYTE
000000	118A	PAGESEL I2CSEND
000991	21C0	CALL I2CSEND
000000	158A	PAGESEL $
000993	209A	CALL I2CSTART
000994	30A3	MOVLW 163
000995	00B2	MOVWF I2CBYTE
000000	118A	PAGESEL I2CSEND
000997	21C0	CALL I2CSEND
000000	158A	PAGESEL $
000999	01B0	CLRF I2CACK
00099A	2058	CALL I2CRECEIVE
00099B	0832	MOVF I2CBYTE,W
00099C	00AC	MOVWF DS_VAL
00099D	28AB	GOTO I2CSTOP


		PCF85X3_READTIME
00099E	209A	CALL I2CSTART
00099F	30A2	MOVLW 162
0009A0	00B2	MOVWF I2CBYTE
000000	118A	PAGESEL I2CSEND
0009A2	21C0	CALL I2CSEND
000000	158A	PAGESEL $
0009A4	3002	MOVLW 2
0009A5	00B2	MOVWF I2CBYTE
000000	118A	PAGESEL I2CSEND
0009A7	21C0	CALL I2CSEND
000000	158A	PAGESEL $
0009A9	209A	CALL I2CSTART
0009AA	30A3	MOVLW 163
0009AB	00B2	MOVWF I2CBYTE
000000	118A	PAGESEL I2CSEND
0009AD	21C0	CALL I2CSEND
000000	158A	PAGESEL $
0009AF	30FF	MOVLW 255
0009B0	00B0	MOVWF I2CACK
0009B1	2058	CALL I2CRECEIVE
0009B2	0832	MOVF I2CBYTE,W
0009B3	00AB	MOVWF DS_SEC
0009B4	307F	MOVLW 127
0009B5	052B	ANDWF DS_SEC,W
0009B6	00DE	MOVWF VA
0009B7	2000	CALL FN_BCDTODEC
0009B8	0820	MOVF BCDTODEC,W
0009B9	00AB	MOVWF DS_SEC
0009BA	30FF	MOVLW 255
0009BB	00B0	MOVWF I2CACK
0009BC	2058	CALL I2CRECEIVE
0009BD	0832	MOVF I2CBYTE,W
0009BE	00A8	MOVWF DS_MIN
0009BF	307F	MOVLW 127
0009C0	0528	ANDWF DS_MIN,W
0009C1	00DE	MOVWF VA
0009C2	2000	CALL FN_BCDTODEC
0009C3	0820	MOVF BCDTODEC,W
0009C4	00A8	MOVWF DS_MIN
0009C5	30FF	MOVLW 255
0009C6	00B0	MOVWF I2CACK
0009C7	2058	CALL I2CRECEIVE
0009C8	0832	MOVF I2CBYTE,W
0009C9	00A7	MOVWF DS_HOUR
0009CA	303F	MOVLW 63
0009CB	0527	ANDWF DS_HOUR,W
0009CC	00DE	MOVWF VA
0009CD	2000	CALL FN_BCDTODEC
0009CE	0820	MOVF BCDTODEC,W
0009CF	00A7	MOVWF DS_HOUR
0009D0	28AB	GOTO I2CSTOP


		FN_PCF85X3_READVL
0009D1	209A	CALL I2CSTART
0009D2	30A2	MOVLW 162
0009D3	00B2	MOVWF I2CBYTE
000000	118A	PAGESEL I2CSEND
0009D5	21C0	CALL I2CSEND
000000	158A	PAGESEL $
0009D7	3002	MOVLW 2
0009D8	00B2	MOVWF I2CBYTE
000000	118A	PAGESEL I2CSEND
0009DA	21C0	CALL I2CSEND
000000	158A	PAGESEL $
0009DC	209A	CALL I2CSTART
0009DD	30A3	MOVLW 163
0009DE	00B2	MOVWF I2CBYTE
000000	118A	PAGESEL I2CSEND
0009E0	21C0	CALL I2CSEND
000000	158A	PAGESEL $
0009E2	01B0	CLRF I2CACK
0009E3	2058	CALL I2CRECEIVE
0009E4	0832	MOVF I2CBYTE,W
0009E5	00AB	MOVWF DS_SEC
0009E6	3080	MOVLW 128
0009E7	052B	ANDWF DS_SEC,W
0009E8	00DE	MOVWF VA
0009E9	2000	CALL FN_BCDTODEC
0009EA	0820	MOVF BCDTODEC,W
0009EB	00C3	MOVWF PCF85X3_READVL
0009EC	28AB	GOTO I2CSTOP


		PCF85X3_SETALARM17
0009ED	209A	CALL I2CSTART
0009EE	30A2	MOVLW 162
0009EF	00B2	MOVWF I2CBYTE
000000	118A	PAGESEL I2CSEND
0009F1	21C0	CALL I2CSEND
000000	158A	PAGESEL $
0009F3	3009	MOVLW 9
0009F4	00B2	MOVWF I2CBYTE
000000	118A	PAGESEL I2CSEND
0009F6	21C0	CALL I2CSEND
000000	158A	PAGESEL $
0009F8	0828	MOVF DS_MIN,W
0009F9	00DE	MOVWF VA
0009FA	2025	CALL FN_DECTOBCD
0009FB	0823	MOVF DECTOBCD,W
0009FC	00B2	MOVWF I2CBYTE
000000	118A	PAGESEL I2CSEND
0009FE	21C0	CALL I2CSEND
000000	158A	PAGESEL $
000A00	0827	MOVF DS_HOUR,W
000A01	00DE	MOVWF VA
000A02	2025	CALL FN_DECTOBCD
000A03	0823	MOVF DECTOBCD,W
000A04	00B2	MOVWF I2CBYTE
000000	118A	PAGESEL I2CSEND
000A06	21C0	CALL I2CSEND
000000	158A	PAGESEL $
000A08	28AB	GOTO I2CSTOP


		PCF85X3_SETCLOCK
000A09	209A	CALL I2CSTART
000A0A	30A2	MOVLW 162
000A0B	00B2	MOVWF I2CBYTE
000000	118A	PAGESEL I2CSEND
000A0D	21C0	CALL I2CSEND
000000	158A	PAGESEL $
000A0F	3002	MOVLW 2
000A10	00B2	MOVWF I2CBYTE
000000	118A	PAGESEL I2CSEND
000A12	21C0	CALL I2CSEND
000000	158A	PAGESEL $
000A14	082B	MOVF DS_SEC,W
000A15	00DE	MOVWF VA
000A16	2025	CALL FN_DECTOBCD
000A17	0823	MOVF DECTOBCD,W
000A18	00B2	MOVWF I2CBYTE
000000	118A	PAGESEL I2CSEND
000A1A	21C0	CALL I2CSEND
000000	158A	PAGESEL $
000A1C	0828	MOVF DS_MIN,W
000A1D	00DE	MOVWF VA
000A1E	2025	CALL FN_DECTOBCD
000A1F	0823	MOVF DECTOBCD,W
000A20	00B2	MOVWF I2CBYTE
000000	118A	PAGESEL I2CSEND
000A22	21C0	CALL I2CSEND
000000	158A	PAGESEL $
000A24	0827	MOVF DS_HOUR,W
000A25	00DE	MOVWF VA
000A26	2025	CALL FN_DECTOBCD
000A27	0823	MOVF DECTOBCD,W
000A28	00B2	MOVWF I2CBYTE
000000	118A	PAGESEL I2CSEND
000A2A	21C0	CALL I2CSEND
000000	158A	PAGESEL $
000A2C	0825	MOVF DS_DATE,W
000A2D	00DE	MOVWF VA
000A2E	2025	CALL FN_DECTOBCD
000A2F	0823	MOVF DECTOBCD,W
000A30	00B2	MOVWF I2CBYTE
000000	118A	PAGESEL I2CSEND
000A32	21C0	CALL I2CSEND
000000	158A	PAGESEL $
000A34	0826	MOVF DS_DOW,W
000A35	00DE	MOVWF VA
000A36	2025	CALL FN_DECTOBCD
000A37	0823	MOVF DECTOBCD,W
000A38	00B2	MOVWF I2CBYTE
000000	118A	PAGESEL I2CSEND
000A3A	21C0	CALL I2CSEND
000000	158A	PAGESEL $
000A3C	0829	MOVF DS_MONTH,W
000A3D	00DE	MOVWF VA
000A3E	2025	CALL FN_DECTOBCD
000A3F	0823	MOVF DECTOBCD,W
000A40	00B2	MOVWF I2CBYTE
000000	118A	PAGESEL I2CSEND
000A42	21C0	CALL I2CSEND
000000	158A	PAGESEL $
000A44	082E	MOVF DS_YEAR,W
000A45	00DE	MOVWF VA
000A46	2025	CALL FN_DECTOBCD
000A47	0823	MOVF DECTOBCD,W
000A48	00B2	MOVWF I2CBYTE
000000	118A	PAGESEL I2CSEND
000A4A	21C0	CALL I2CSEND
000000	158A	PAGESEL $
000A4C	28AB	GOTO I2CSTOP


		PRINT139
000A4D	01BD	CLRF LCDVALUETEMP
000A4E	1586	BSF PORTB,3
000A4F	3064	MOVLW 100
000A50	023C	SUBWF LCDVALUE,W
000A51	1C03	BTFSS STATUS, C
000A52	2A60	GOTO ENDIF53
000A53	083C	MOVF LCDVALUE,W
000A54	00F5	MOVWF SYSBYTETEMPA
000A55	3064	MOVLW 100
000A56	00F9	MOVWF SYSBYTETEMPB
000A57	2384	CALL SYSDIVSUB
000A58	0875	MOVF SYSBYTETEMPA,W
000A59	00BD	MOVWF LCDVALUETEMP
000A5A	0870	MOVF SYSCALCTEMPX,W
000A5B	00BC	MOVWF LCDVALUE
000A5C	3030	MOVLW 48
000A5D	073D	ADDWF LCDVALUETEMP,W
000A5E	00B6	MOVWF LCDBYTE
000A5F	20C2	CALL LCDNORMALWRITEBYTE
		ENDIF53
000A60	083D	MOVF LCDVALUETEMP,W
000A61	00F9	MOVWF SYSBYTETEMPB
000A62	01F5	CLRF SYSBYTETEMPA
000A63	2341	CALL SYSCOMPLESSTHAN
000A64	0870	MOVF SYSBYTETEMPX,W
000A65	00DA	MOVWF SYSTEMP2
000A66	083C	MOVF LCDVALUE,W
000A67	00F5	MOVWF SYSBYTETEMPA
000A68	300A	MOVLW 10
000A69	00F9	MOVWF SYSBYTETEMPB
000A6A	2341	CALL SYSCOMPLESSTHAN
000A6B	09F0	COMF SYSBYTETEMPX,F
000A6C	085A	MOVF SYSTEMP2,W
000A6D	0470	IORWF SYSBYTETEMPX,W
000A6E	00DB	MOVWF SYSTEMP3
000A6F	1C5B	BTFSS SYSTEMP3,0
000A70	2A7E	GOTO ENDIF54
000A71	083C	MOVF LCDVALUE,W
000A72	00F5	MOVWF SYSBYTETEMPA
000A73	300A	MOVLW 10
000A74	00F9	MOVWF SYSBYTETEMPB
000A75	2384	CALL SYSDIVSUB
000A76	0875	MOVF SYSBYTETEMPA,W
000A77	00BD	MOVWF LCDVALUETEMP
000A78	0870	MOVF SYSCALCTEMPX,W
000A79	00BC	MOVWF LCDVALUE
000A7A	3030	MOVLW 48
000A7B	073D	ADDWF LCDVALUETEMP,W
000A7C	00B6	MOVWF LCDBYTE
000A7D	20C2	CALL LCDNORMALWRITEBYTE
		ENDIF54
000A7E	3030	MOVLW 48
000A7F	073C	ADDWF LCDVALUE,W
000A80	00B6	MOVWF LCDBYTE
000A81	28C2	GOTO LCDNORMALWRITEBYTE


		SETDATE
000A82	2017	CALL CLS
000A83	30DB	MOVLW LOW SYSSTRINGPARAM3
000A84	00F2	MOVWF SYSSTRINGB
000A85	3000	MOVLW HIGH SYSSTRINGPARAM3
000A86	00F3	MOVWF SYSSTRINGB_H
000A87	30A2	MOVLW LOW STRINGTABLE24
000A88	00F7	MOVWF SYSSTRINGA
000A89	3006	MOVLW HIGH STRINGTABLE24
000A8A	00F8	MOVWF SYSSTRINGA_H
000A8B	23DC	CALL SYSREADSTRING
000A8C	30DB	MOVLW LOW SYSSTRINGPARAM3
000A8D	00CB	MOVWF SYSPRINTDATAHANDLER
000A8E	3000	MOVLW HIGH SYSSTRINGPARAM3
000A8F	00CC	MOVWF SYSPRINTDATAHANDLER_H
000000	118A	PAGESEL PRINT138
000A91	2314	CALL PRINT138
000000	158A	PAGESEL $
000A93	3001	MOVLW 1
000A94	00BA	MOVWF LCDLINE
000A95	01B8	CLRF LCDCOLUMN
000A96	20F2	CALL LOCATE
000000	118A	PAGESEL PRINTDATE
000A98	2335	CALL PRINTDATE
000000	158A	PAGESEL $
000A9A	0840	MOVF MONTH,W
000A9B	00F7	MOVWF SYSSTRINGA
000A9C	210A	CALL MONTHDAYS
000A9D	00A2	MOVWF DAYSMAX
		SYSDOLOOP_S20
		SYSDOLOOP_S21
000A9E	1D06	BTFSS PORTB,2
000A9F	2AB2	GOTO SYSDOLOOP_E21
000AA0	0AA1	INCF DATE,F
000AA1	0821	MOVF DATE,W
000AA2	0222	SUBWF DAYSMAX,W
000AA3	1803	BTFSC STATUS, C
000AA4	2AA7	GOTO ENDIF14
000AA5	3001	MOVLW 1
000AA6	00A1	MOVWF DATE
		ENDIF14
000AA7	3001	MOVLW 1
000AA8	00BA	MOVWF LCDLINE
000AA9	01B8	CLRF LCDCOLUMN
000AAA	20F2	CALL LOCATE
000000	118A	PAGESEL PRINTDATE
000AAC	2335	CALL PRINTDATE
000000	158A	PAGESEL $
		SYSWAITLOOP7
000AAE	1906	BTFSC PORTB,2
000AAF	2AAE	GOTO SYSWAITLOOP7
000AB0	1449	BSF SYSBITVAR0,0
000AB1	2A9E	GOTO SYSDOLOOP_S21
		SYSDOLOOP_E21
000AB2	3032	MOVLW 50
000AB3	00F2	MOVWF SYSWAITTEMPMS
000AB4	01F3	CLRF SYSWAITTEMPMS_H
000AB5	2042	CALL DELAY_MS
000AB6	1C86	BTFSS PORTB,1
000AB7	2A9E	GOTO SYSDOLOOP_S20
		SYSDOLOOP_E20
		SYSDOLOOP_S22
000AB8	1C86	BTFSS PORTB,1
000AB9	2ABF	GOTO SYSDOLOOP_E22
000ABA	3032	MOVLW 50
000ABB	00F2	MOVWF SYSWAITTEMPMS
000ABC	01F3	CLRF SYSWAITTEMPMS_H
000ABD	2042	CALL DELAY_MS
000ABE	2AB8	GOTO SYSDOLOOP_S22
		SYSDOLOOP_E22
000ABF	0008	RETURN


		SETMONTH
000AC0	2017	CALL CLS
000AC1	30DB	MOVLW LOW SYSSTRINGPARAM3
000AC2	00F2	MOVWF SYSSTRINGB
000AC3	3000	MOVLW HIGH SYSSTRINGPARAM3
000AC4	00F3	MOVWF SYSSTRINGB_H
000AC5	3097	MOVLW LOW STRINGTABLE23
000AC6	00F7	MOVWF SYSSTRINGA
000AC7	3006	MOVLW HIGH STRINGTABLE23
000AC8	00F8	MOVWF SYSSTRINGA_H
000AC9	23DC	CALL SYSREADSTRING
000ACA	30DB	MOVLW LOW SYSSTRINGPARAM3
000ACB	00CB	MOVWF SYSPRINTDATAHANDLER
000ACC	3000	MOVLW HIGH SYSSTRINGPARAM3
000ACD	00CC	MOVWF SYSPRINTDATAHANDLER_H
000000	118A	PAGESEL PRINT138
000ACF	2314	CALL PRINT138
000000	158A	PAGESEL $
000AD1	3001	MOVLW 1
000AD2	00BA	MOVWF LCDLINE
000AD3	01B8	CLRF LCDCOLUMN
000AD4	20F2	CALL LOCATE
000000	118A	PAGESEL PRINTDATE
000AD6	2335	CALL PRINTDATE
000000	158A	PAGESEL $
		SYSDOLOOP_S17
		SYSDOLOOP_S18
000AD8	1D06	BTFSS PORTB,2
000AD9	2AEC	GOTO SYSDOLOOP_E18
000ADA	0AC0	INCF MONTH,F
000ADB	0840	MOVF MONTH,W
000ADC	3C0C	SUBLW 12
000ADD	1803	BTFSC STATUS, C
000ADE	2AE1	GOTO ENDIF13
000ADF	3001	MOVLW 1
000AE0	00C0	MOVWF MONTH
		ENDIF13
000AE1	3001	MOVLW 1
000AE2	00BA	MOVWF LCDLINE
000AE3	01B8	CLRF LCDCOLUMN
000AE4	20F2	CALL LOCATE
000000	118A	PAGESEL PRINTDATE
000AE6	2335	CALL PRINTDATE
000000	158A	PAGESEL $
		SYSWAITLOOP6
000AE8	1906	BTFSC PORTB,2
000AE9	2AE8	GOTO SYSWAITLOOP6
000AEA	1449	BSF SYSBITVAR0,0
000AEB	2AD8	GOTO SYSDOLOOP_S18
		SYSDOLOOP_E18
000AEC	3032	MOVLW 50
000AED	00F2	MOVWF SYSWAITTEMPMS
000AEE	01F3	CLRF SYSWAITTEMPMS_H
000AEF	2042	CALL DELAY_MS
000AF0	1C86	BTFSS PORTB,1
000AF1	2AD8	GOTO SYSDOLOOP_S17
		SYSDOLOOP_E17
000AF2	0840	MOVF MONTH,W
000AF3	00F7	MOVWF SYSSTRINGA
000AF4	210A	CALL MONTHDAYS
000AF5	00A2	MOVWF DAYSMAX
		SYSDOLOOP_S19
000AF6	1C86	BTFSS PORTB,1
000AF7	2AFD	GOTO SYSDOLOOP_E19
000AF8	3032	MOVLW 50
000AF9	00F2	MOVWF SYSWAITTEMPMS
000AFA	01F3	CLRF SYSWAITTEMPMS_H
000AFB	2042	CALL DELAY_MS
000AFC	2AF6	GOTO SYSDOLOOP_S19
		SYSDOLOOP_E19
000AFD	0008	RETURN


		SETYEAR
000AFE	2017	CALL CLS
000AFF	30DB	MOVLW LOW SYSSTRINGPARAM3
000B00	00F2	MOVWF SYSSTRINGB
000B01	3000	MOVLW HIGH SYSSTRINGPARAM3
000B02	00F3	MOVWF SYSSTRINGB_H
000B03	30AC	MOVLW LOW STRINGTABLE25
000B04	00F7	MOVWF SYSSTRINGA
000B05	3006	MOVLW HIGH STRINGTABLE25
000B06	00F8	MOVWF SYSSTRINGA_H
000B07	23DC	CALL SYSREADSTRING
000B08	30DB	MOVLW LOW SYSSTRINGPARAM3
000B09	00CB	MOVWF SYSPRINTDATAHANDLER
000B0A	3000	MOVLW HIGH SYSSTRINGPARAM3
000B0B	00CC	MOVWF SYSPRINTDATAHANDLER_H
000000	118A	PAGESEL PRINT138
000B0D	2314	CALL PRINT138
000000	158A	PAGESEL $
000B0F	3001	MOVLW 1
000B10	00BA	MOVWF LCDLINE
000B11	01B8	CLRF LCDCOLUMN
000B12	20F2	CALL LOCATE
000000	118A	PAGESEL PRINTDATE
000B14	2335	CALL PRINTDATE
000000	158A	PAGESEL $
		SYSDOLOOP_S23
		SYSDOLOOP_S24
000B16	1D06	BTFSS PORTB,2
000B17	2B28	GOTO SYSDOLOOP_E24
000B18	0ADF	INCF YEAR,F
000B19	085F	MOVF YEAR,W
000B1A	3C63	SUBLW 99
000B1B	1C03	BTFSS STATUS, C
000B1C	01DF	CLRF YEAR
		ENDIF15
000B1D	3001	MOVLW 1
000B1E	00BA	MOVWF LCDLINE
000B1F	01B8	CLRF LCDCOLUMN
000B20	20F2	CALL LOCATE
000000	118A	PAGESEL PRINTDATE
000B22	2335	CALL PRINTDATE
000000	158A	PAGESEL $
		SYSWAITLOOP8
000B24	1906	BTFSC PORTB,2
000B25	2B24	GOTO SYSWAITLOOP8
000B26	1449	BSF SYSBITVAR0,0
000B27	2B16	GOTO SYSDOLOOP_S24
		SYSDOLOOP_E24
000B28	3032	MOVLW 50
000B29	00F2	MOVWF SYSWAITTEMPMS
000B2A	01F3	CLRF SYSWAITTEMPMS_H
000B2B	2042	CALL DELAY_MS
000B2C	1C86	BTFSS PORTB,1
000B2D	2B16	GOTO SYSDOLOOP_S23
		SYSDOLOOP_E23
		SYSDOLOOP_S25
000B2E	1C86	BTFSS PORTB,1
000B2F	2B35	GOTO SYSDOLOOP_E25
000B30	3032	MOVLW 50
000B31	00F2	MOVWF SYSWAITTEMPMS
000B32	01F3	CLRF SYSWAITTEMPMS_H
000B33	2042	CALL DELAY_MS
000B34	2B2E	GOTO SYSDOLOOP_S25
		SYSDOLOOP_E25
000B35	0008	RETURN


		SYSCOMPEQUAL16
000B36	01F0	CLRF SYSBYTETEMPX
000B37	0875	MOVF SYSWORDTEMPA, W
000B38	0279	SUBWF SYSWORDTEMPB, W
000B39	1D03	BTFSS STATUS, Z
000B3A	0008	RETURN
000B3B	0876	MOVF SYSWORDTEMPA_H, W
000B3C	027A	SUBWF SYSWORDTEMPB_H, W
000B3D	1D03	BTFSS STATUS, Z
000B3E	0008	RETURN
000B3F	09F0	COMF SYSBYTETEMPX,F
000B40	0008	RETURN


		SYSCOMPLESSTHAN
000B41	01F0	CLRF SYSBYTETEMPX
000B42	1403	BSF STATUS, C
000B43	0879	MOVF SYSBYTETEMPB, W
000B44	0275	SUBWF SYSBYTETEMPA, W
000B45	1C03	BTFSS STATUS, C
000B46	09F0	COMF SYSBYTETEMPX,F
000B47	0008	RETURN


		SYSCOMPLESSTHAN16
000B48	01F0	CLRF SYSBYTETEMPX
000B49	0876	MOVF SYSWORDTEMPA_H,W
000B4A	027A	SUBWF SYSWORDTEMPB_H,W
000B4B	1C03	BTFSS STATUS,C
000B4C	0008	RETURN
000B4D	087A	MOVF SYSWORDTEMPB_H,W
000B4E	0276	SUBWF SYSWORDTEMPA_H,W
000B4F	1C03	BTFSS STATUS,C
000B50	2B55	GOTO SCLT16TRUE
000B51	0879	MOVF SYSWORDTEMPB,W
000B52	0275	SUBWF SYSWORDTEMPA,W
000B53	1803	BTFSC STATUS,C
000B54	0008	RETURN
		SCLT16TRUE
000B55	09F0	COMF SYSBYTETEMPX,F
000B56	0008	RETURN


		SYSCOPYSTRING
000B57	0877	MOVF SYSSTRINGA, W
000B58	0084	MOVWF FSR
000B59	1383	BCF STATUS, IRP
000B5A	1878	BTFSC SYSSTRINGA_H, 0
000B5B	1783	BSF STATUS, IRP
000B5C	0800	MOVF INDF, W
000B5D	00F5	MOVWF SYSCALCTEMPA
000B5E	0872	MOVF SYSSTRINGB, W
000B5F	0084	MOVWF FSR
000B60	1383	BCF STATUS, IRP
000B61	1873	BTFSC SYSSTRINGB_H, 0
000B62	1783	BSF STATUS, IRP
000B63	0875	MOVF SYSCALCTEMPA, W
000B64	0080	MOVWF INDF
000B65	2B6E	GOTO SYSCOPYSTRINGCHECK
		SYSCOPYSTRINGPART
000B66	0877	MOVF SYSSTRINGA, W
000B67	0084	MOVWF FSR
000B68	1383	BCF STATUS, IRP
000B69	1878	BTFSC SYSSTRINGA_H, 0
000B6A	1783	BSF STATUS, IRP
000B6B	0800	MOVF INDF, W
000B6C	07F6	ADDWF SYSSTRINGLENGTH, F
000B6D	00F5	MOVWF SYSCALCTEMPA
		SYSCOPYSTRINGCHECK
000B6E	0875	MOVF SYSCALCTEMPA,W
000B6F	1903	BTFSC STATUS,Z
000B70	0008	RETURN
		SYSSTRINGCOPY
000B71	0AF7	INCF SYSSTRINGA, F
000B72	0AF2	INCF SYSSTRINGB, F
000B73	0877	MOVF SYSSTRINGA, W
000B74	0084	MOVWF FSR
000B75	1383	BCF STATUS, IRP
000B76	1878	BTFSC SYSSTRINGA_H, 0
000B77	1783	BSF STATUS, IRP
000B78	0800	MOVF INDF, W
000B79	00F9	MOVWF SYSCALCTEMPB
000B7A	0872	MOVF SYSSTRINGB, W
000B7B	0084	MOVWF FSR
000B7C	1383	BCF STATUS, IRP
000B7D	1873	BTFSC SYSSTRINGB_H, 0
000B7E	1783	BSF STATUS, IRP
000B7F	0879	MOVF SYSCALCTEMPB, W
000B80	0080	MOVWF INDF
000B81	0BF5	DECFSZ SYSCALCTEMPA, F
000B82	2B71	GOTO SYSSTRINGCOPY
000B83	0008	RETURN


		SYSDIVSUB
000B84	08F9	MOVF SYSBYTETEMPB, F
000B85	1903	BTFSC STATUS, Z
000B86	0008	RETURN
000B87	01F0	CLRF SYSBYTETEMPX
000B88	3008	MOVLW 8
000B89	00F4	MOVWF SYSDIVLOOP
		SYSDIV8START
000B8A	1003	BCF STATUS, C
000B8B	0DF5	RLF SYSBYTETEMPA, F
000B8C	0DF0	RLF SYSBYTETEMPX, F
000B8D	0879	MOVF SYSBYTETEMPB, W
000B8E	02F0	SUBWF SYSBYTETEMPX, F
000B8F	1475	BSF SYSBYTETEMPA, 0
000B90	1803	BTFSC STATUS, C
000B91	2B95	GOTO DIV8NOTNEG
000B92	1075	BCF SYSBYTETEMPA, 0
000B93	0879	MOVF SYSBYTETEMPB, W
000B94	07F0	ADDWF SYSBYTETEMPX, F
		DIV8NOTNEG
000B95	0BF4	DECFSZ SYSDIVLOOP, F
000B96	2B8A	GOTO SYSDIV8START
000B97	0008	RETURN


		SYSDIVSUB16
000B98	0875	MOVF SYSWORDTEMPA,W
000B99	00F7	MOVWF SYSDIVMULTA
000B9A	0876	MOVF SYSWORDTEMPA_H,W
000B9B	00F8	MOVWF SYSDIVMULTA_H
000B9C	0879	MOVF SYSWORDTEMPB,W
000B9D	00FB	MOVWF SYSDIVMULTB
000B9E	087A	MOVF SYSWORDTEMPB_H,W
000B9F	00FC	MOVWF SYSDIVMULTB_H
000BA0	01F2	CLRF SYSDIVMULTX
000BA1	01F3	CLRF SYSDIVMULTX_H
000BA2	087B	MOVF SYSDIVMULTB,W
000BA3	00F5	MOVWF SYSWORDTEMPA
000BA4	087C	MOVF SYSDIVMULTB_H,W
000BA5	00F6	MOVWF SYSWORDTEMPA_H
000BA6	01F9	CLRF SYSWORDTEMPB
000BA7	01FA	CLRF SYSWORDTEMPB_H
000BA8	2336	CALL SYSCOMPEQUAL16
000BA9	1C70	BTFSS SYSBYTETEMPX,0
000BAA	2BAE	GOTO ENDIF55
000BAB	01F5	CLRF SYSWORDTEMPA
000BAC	01F6	CLRF SYSWORDTEMPA_H
000BAD	0008	RETURN
		ENDIF55
000BAE	3010	MOVLW 16
000BAF	00F4	MOVWF SYSDIVLOOP
		SYSDIV16START
000BB0	1003	BCF STATUS,C
000BB1	0DF7	RLF SYSDIVMULTA,F
000BB2	0DF8	RLF SYSDIVMULTA_H,F
000BB3	0DF2	RLF SYSDIVMULTX,F
000BB4	0DF3	RLF SYSDIVMULTX_H,F
000BB5	087B	MOVF SYSDIVMULTB,W
000BB6	02F2	SUBWF SYSDIVMULTX,F
000BB7	087C	MOVF SYSDIVMULTB_H,W
000BB8	1C03	BTFSS STATUS,C
000BB9	0F7C	INCFSZ SYSDIVMULTB_H,W
000BBA	02F3	SUBWF SYSDIVMULTX_H,F
		ENDIF57
000BBB	1477	BSF SYSDIVMULTA,0
000BBC	1803	BTFSC STATUS,C
000BBD	2BC5	GOTO ENDIF56
000BBE	1077	BCF SYSDIVMULTA,0
000BBF	087B	MOVF SYSDIVMULTB,W
000BC0	07F2	ADDWF SYSDIVMULTX,F
000BC1	087C	MOVF SYSDIVMULTB_H,W
000BC2	1803	BTFSC STATUS,C
000BC3	0F7C	INCFSZ SYSDIVMULTB_H,W
000BC4	07F3	ADDWF SYSDIVMULTX_H,F
		ENDIF58
		ENDIF56
000BC5	0BF4	DECFSZ SYSDIVLOOP, F
000BC6	2BB0	GOTO SYSDIV16START
000BC7	0877	MOVF SYSDIVMULTA,W
000BC8	00F5	MOVWF SYSWORDTEMPA
000BC9	0878	MOVF SYSDIVMULTA_H,W
000BCA	00F6	MOVWF SYSWORDTEMPA_H
000BCB	0872	MOVF SYSDIVMULTX,W
000BCC	00F0	MOVWF SYSWORDTEMPX
000BCD	0873	MOVF SYSDIVMULTX_H,W
000BCE	00F1	MOVWF SYSWORDTEMPX_H
000BCF	0008	RETURN


		SYSMULTSUB
000BD0	01F0	CLRF SYSBYTETEMPX
		MUL8LOOP
000BD1	0875	MOVF SYSBYTETEMPA, W
000BD2	1879	BTFSC SYSBYTETEMPB, 0
000BD3	07F0	ADDWF SYSBYTETEMPX, F
000BD4	1003	BCF STATUS, C
000BD5	0CF9	RRF SYSBYTETEMPB, F
000BD6	1003	BCF STATUS, C
000BD7	0DF5	RLF SYSBYTETEMPA, F
000BD8	08F9	MOVF SYSBYTETEMPB, F
000BD9	1D03	BTFSS STATUS, Z
000BDA	2BD1	GOTO MUL8LOOP
000BDB	0008	RETURN


		SYSREADSTRING
000BDC	0872	MOVF SYSSTRINGB, W
000BDD	0084	MOVWF FSR
000BDE	1383	BCF STATUS, IRP
000BDF	1873	BTFSC SYSSTRINGB_H, 0
000BE0	1783	BSF STATUS, IRP
000000	118A	PAGESEL SYSSTRINGTABLES
000BE2	25E9	CALL SYSSTRINGTABLES
000000	158A	PAGESEL $
000BE4	00F5	MOVWF SYSCALCTEMPA
000BE5	0080	MOVWF INDF
000BE6	07F2	ADDWF SYSSTRINGB, F
000BE7	2BF3	GOTO SYSSTRINGREADCHECK
		SYSREADSTRINGPART
000BE8	0872	MOVF SYSSTRINGB, W
000BE9	0084	MOVWF FSR
000BEA	1383	BCF STATUS, IRP
000BEB	1873	BTFSC SYSSTRINGB_H, 0
000BEC	1783	BSF STATUS, IRP
000000	118A	PAGESEL SYSSTRINGTABLES
000BEE	25E9	CALL SYSSTRINGTABLES
000000	158A	PAGESEL $
000BF0	00F5	MOVWF SYSCALCTEMPA
000BF1	07F6	ADDWF SYSSTRINGLENGTH,F
000BF2	07F2	ADDWF SYSSTRINGB,F
		SYSSTRINGREADCHECK
000BF3	08F5	MOVF SYSCALCTEMPA,F
000BF4	1903	BTFSC STATUS,Z
000BF5	0008	RETURN
		SYSSTRINGREAD
000000	118A	PAGESEL SYSSTRINGTABLES
000BF7	25E9	CALL SYSSTRINGTABLES
000000	158A	PAGESEL $
000BF9	0A84	INCF FSR, F
000BFA	0080	MOVWF INDF
000BFB	0BF5	DECFSZ SYSCALCTEMPA, F
000BFC	2BF6	GOTO SYSSTRINGREAD
000BFD	0008	RETURN


		UPDATEDISP
000BFE	219E	CALL PCF85X3_READTIME
000BFF	0827	MOVF DS_HOUR,W
000C00	00AF	MOVWF HOUR
000C01	0828	MOVF DS_MIN,W
000C02	00BF	MOVWF MIN
000C03	082B	MOVF DS_SEC,W
000C04	00C5	MOVWF SEC
000C05	01BA	CLRF LCDLINE
000C06	300F	MOVLW 15
000C07	00B8	MOVWF LCDCOLUMN
000C08	20F2	CALL LOCATE
000C09	21D1	CALL FN_PCF85X3_READVL
000C0A	08C3	MOVF PCF85X3_READVL,F
000C0B	1D03	BTFSS STATUS, Z
000C0C	2C10	GOTO ELSE3_1
000C0D	01B7	CLRF LCDCHAR
000C0E	20ED	CALL LCDWRITECHAR
000C0F	2C13	GOTO ENDIF3
		ELSE3_1
000C10	3001	MOVLW 1
000C11	00B7	MOVWF LCDCHAR
000C12	20ED	CALL LCDWRITECHAR
		ENDIF3
000C13	0845	MOVF SEC,W
000C14	0242	SUBWF OLDSEC,W
000C15	1903	BTFSC STATUS, Z
000C16	2C32	GOTO ENDIF4
000C17	08C5	MOVF SEC,F
000C18	1D03	BTFSS STATUS, Z
000C19	2C23	GOTO ENDIF5
000C1A	214D	CALL PCF85X3_READDATE
000C1B	0826	MOVF DS_DOW,W
000C1C	00A4	MOVWF DOW
000C1D	0825	MOVF DS_DATE,W
000C1E	00A1	MOVWF DATE
000C1F	0829	MOVF DS_MONTH,W
000C20	00C0	MOVWF MONTH
000C21	082E	MOVF DS_YEAR,W
000C22	00DF	MOVWF YEAR
		ENDIF5
000C23	01BA	CLRF LCDLINE
000C24	01B8	CLRF LCDCOLUMN
000C25	20F2	CALL LOCATE
000000	118A	PAGESEL PRINTTIME
000C27	243A	CALL PRINTTIME
000000	158A	PAGESEL $
000C29	3001	MOVLW 1
000C2A	00BA	MOVWF LCDLINE
000C2B	01B8	CLRF LCDCOLUMN
000C2C	20F2	CALL LOCATE
000000	118A	PAGESEL PRINTDATE
000C2E	2335	CALL PRINTDATE
000000	158A	PAGESEL $
000C30	0845	MOVF SEC,W
000C31	00C2	MOVWF OLDSEC
		ENDIF4
000C32	0008	RETURN


