GCASM List File (GCBASIC 0.98.<<>> 2019-01-21 (Windows 32 bit))

Symbols:
A 	EQU 	0
ACCESS 	EQU 	0
ADDEN 	EQU 	3
ADEN 	EQU 	3
B 	EQU 	1
BANKED 	EQU 	1
BASPROGRAMEND 	EQU 	103
BASPROGRAMSTART 	EQU 	5
BCDTODEC 	EQU 	32
BRGH 	EQU 	2
C 	EQU 	0
C1INV 	EQU 	4
C1OUT 	EQU 	6
C2INV 	EQU 	5
C2OUT 	EQU 	7
CCP1CON 	EQU 	23
CCP1IE 	EQU 	2
CCP1IF 	EQU 	2
CCP1M0 	EQU 	0
CCP1M1 	EQU 	1
CCP1M2 	EQU 	2
CCP1M3 	EQU 	3
CCP1X 	EQU 	5
CCP1Y 	EQU 	4
CCPR1 	EQU 	21
CCPR1H 	EQU 	22
CCPR1L 	EQU 	21
CHANGESETTING 	EQU 	105
CIS 	EQU 	3
CLS 	EQU 	2071
CM0 	EQU 	0
CM1 	EQU 	1
CM2 	EQU 	2
CMCON 	EQU 	31
CMIE 	EQU 	6
CMIF 	EQU 	6
CREN 	EQU 	4
CSRC 	EQU 	7
D10US_START 	EQU 	2107
DATE 	EQU 	33
DAYSMAX 	EQU 	34
DC 	EQU 	1
DECTOBCD 	EQU 	35
DELAYTEMP 	EQU 	112
DELAYTEMP2 	EQU 	113
DELAYUS0 	EQU 	2109
DELAY_10US 	EQU 	2107
DELAY_MS 	EQU 	2114
DELAY_S 	EQU 	2128
DIV8NOTNEG 	EQU 	2966
DMS_INNER 	EQU 	2119
DMS_OUTER 	EQU 	2117
DMS_START 	EQU 	2115
DOW 	EQU 	36
DS_DATE 	EQU 	37
DS_DOW 	EQU 	38
DS_ENABLESTATE 	EQU 	43
DS_HOUR 	EQU 	39
DS_MIN 	EQU 	40
DS_MONTH 	EQU 	41
DS_REG 	EQU 	42
DS_SEC 	EQU 	43
DS_START 	EQU 	2128
DS_VAL 	EQU 	44
DS_VALUE 	EQU 	45
DS_YEAR 	EQU 	46
EEADR 	EQU 	155
EECON1 	EQU 	156
EECON2 	EQU 	157
EEDATA 	EQU 	154
EEIE 	EQU 	7
EEIF 	EQU 	7
ELSE16_1 	EQU 	2368
ELSE39_1 	EQU 	777
ELSE44_1 	EQU 	461
ELSE45_1 	EQU 	502
ELSE47_1 	EQU 	2182
ELSE5_1 	EQU 	3104
ENDIF1 	EQU 	99
ENDIF10 	EQU 	334
ENDIF11 	EQU 	431
ENDIF12 	EQU 	413
ENDIF13 	EQU 	2793
ENDIF14 	EQU 	2735
ENDIF15 	EQU 	2853
ENDIF16 	EQU 	2369
ENDIF17 	EQU 	2303
ENDIF18 	EQU 	799
ENDIF19 	EQU 	805
ENDIF2 	EQU 	101
ENDIF20 	EQU 	821
ENDIF21 	EQU 	2288
ENDIF22 	EQU 	2288
ENDIF23 	EQU 	2249
ENDIF24 	EQU 	2256
ENDIF25 	EQU 	2268
ENDIF26 	EQU 	617
ENDIF27 	EQU 	624
ENDIF28 	EQU 	630
ENDIF29 	EQU 	637
ENDIF3 	EQU 	3122
ENDIF30 	EQU 	644
ENDIF31 	EQU 	651
ENDIF32 	EQU 	658
ENDIF33 	EQU 	665
ENDIF34 	EQU 	672
ENDIF35 	EQU 	1382
ENDIF36 	EQU 	1422
ENDIF37 	EQU 	1460
ENDIF38 	EQU 	1497
ENDIF39 	EQU 	788
ENDIF4 	EQU 	3107
ENDIF40 	EQU 	719
ENDIF41 	EQU 	738
ENDIF42 	EQU 	748
ENDIF43 	EQU 	776
ENDIF44 	EQU 	467
ENDIF45 	EQU 	506
ENDIF46 	EQU 	2162
ENDIF47 	EQU 	2185
ENDIF48 	EQU 	1103
ENDIF49 	EQU 	1144
ENDIF5 	EQU 	3107
ENDIF50 	EQU 	1185
ENDIF52 	EQU 	1062
ENDIF53 	EQU 	2660
ENDIF54 	EQU 	2694
ENDIF55 	EQU 	2991
ENDIF56 	EQU 	3014
ENDIF57 	EQU 	3004
ENDIF58 	EQU 	3014
ENDIF7 	EQU 	169
ENDIF8 	EQU 	224
ENDIF9 	EQU 	279
F 	EQU 	1
FERR 	EQU 	2
FN_BCDTODEC 	EQU 	2048
FN_DECTOBCD 	EQU 	2085
FN_LEFTPAD 	EQU 	680
FN_PCF85X3_READVL 	EQU 	2517
FN_STR 	EQU 	1341
FSR 	EQU 	4
GIE 	EQU 	7
HOUR 	EQU 	47
I2CACK 	EQU 	48
I2CACKPOLLSTATE 	EQU 	49
I2CBYTE 	EQU 	50
I2CMATCH 	EQU 	51
I2CRECEIVE 	EQU 	2136
I2CSEND 	EQU 	446
I2CSTART 	EQU 	2202
I2CSTATE 	EQU 	52
I2CSTOP 	EQU 	2219
INDF 	EQU 	0
INITI2C 	EQU 	521
INITLCD 	EQU 	529
INITSYS 	EQU 	605
INTCON 	EQU 	11
INTE 	EQU 	4
INTEDG 	EQU 	6
INTF 	EQU 	1
IRP 	EQU 	7
LCD3_CMD 	EQU 	2241
LCD3_RSSTATE 	EQU 	53
LCDBACKLIGHT 	EQU 	2245
LCDBYTE 	EQU 	54
LCDCHAR 	EQU 	55
LCDCOLUMN 	EQU 	56
LCDCRSR 	EQU 	57
LCDCURSOR 	EQU 	610
LCDLINE 	EQU 	58
LCDNORMALWRITEBYTE 	EQU 	2246
LCDTEMP 	EQU 	59
LCDVALUE 	EQU 	60
LCDVALUETEMP 	EQU 	61
LCDWRITECHAR 	EQU 	2289
LCD_STATE 	EQU 	62
LEFTPAD 	EQU 	345
LOCATE 	EQU 	2294
MIN 	EQU 	63
MONTH 	EQU 	64
MONTHDAYS 	EQU 	2318
MUL8LOOP 	EQU 	3026
MYREG 	EQU 	65
NOT_BO 	EQU 	0
NOT_BOD 	EQU 	0
NOT_BOR 	EQU 	0
NOT_PD 	EQU 	3
NOT_POR 	EQU 	1
NOT_RBPU 	EQU 	7
NOT_T1SYNC 	EQU 	2
NOT_TO 	EQU 	4
OERR 	EQU 	1
OLDSEC 	EQU 	66
OPTION_REG 	EQU 	129
OSCF 	EQU 	3
PCF85X3_ENABLE 	EQU 	2344
PCF85X3_READDATE 	EQU 	2385
PCF85X3_READREGISTER 	EQU 	2444
PCF85X3_READTIME 	EQU 	2466
PCF85X3_READVL 	EQU 	67
PCF85X3_SETALARM17 	EQU 	2545
PCF85X3_SETCLOCK 	EQU 	2573
PCL 	EQU 	2
PCLATH 	EQU 	10
PCON 	EQU 	142
PEIE 	EQU 	6
PIE1 	EQU 	140
PIR1 	EQU 	12
PORTA 	EQU 	5
PORTB 	EQU 	6
PR2 	EQU 	146
PRINT135 	EQU 	789
PRINT136 	EQU 	2641
PRINTDATE 	EQU 	822
PRINTLEN 	EQU 	68
PRINTTIME 	EQU 	1083
PS0 	EQU 	0
PS1 	EQU 	1
PS2 	EQU 	2
PSA 	EQU 	3
RA0 	EQU 	0
RA1 	EQU 	1
RA2 	EQU 	2
RA3 	EQU 	3
RA4 	EQU 	4
RA5 	EQU 	5
RA6 	EQU 	6
RA7 	EQU 	7
RB0 	EQU 	0
RB1 	EQU 	1
RB2 	EQU 	2
RB3 	EQU 	3
RB4 	EQU 	4
RB5 	EQU 	5
RB6 	EQU 	6
RB7 	EQU 	7
RBIE 	EQU 	3
RBIF 	EQU 	0
RCIE 	EQU 	5
RCIF 	EQU 	5
RCREG 	EQU 	26
RCSTA 	EQU 	24
RD 	EQU 	0
RP0 	EQU 	5
RP1 	EQU 	6
RX9 	EQU 	6
RX9D 	EQU 	0
SCLT16TRUE 	EQU 	2902
SEC 	EQU 	69
SETDATE 	EQU 	2698
SETMONTH 	EQU 	2760
SETYEAR 	EQU 	2822
SHOWALARM 	EQU 	1206
SPBRG 	EQU 	153
SPEN 	EQU 	7
SREN 	EQU 	5
STATUS 	EQU 	3
STR 	EQU 	297
STRINGPOINTER 	EQU 	70
STRINGTABLE10 	EQU 	1590
STRINGTABLE11 	EQU 	1595
STRINGTABLE12 	EQU 	1600
STRINGTABLE13 	EQU 	1605
STRINGTABLE14 	EQU 	1610
STRINGTABLE15 	EQU 	1612
STRINGTABLE16 	EQU 	1616
STRINGTABLE17 	EQU 	1618
STRINGTABLE18 	EQU 	1631
STRINGTABLE19 	EQU 	1642
STRINGTABLE2 	EQU 	1530
STRINGTABLE20 	EQU 	1655
STRINGTABLE21 	EQU 	1668
STRINGTABLE22 	EQU 	1682
STRINGTABLE23 	EQU 	1697
STRINGTABLE24 	EQU 	1708
STRINGTABLE25 	EQU 	1718
STRINGTABLE26 	EQU 	1728
STRINGTABLE3 	EQU 	1544
STRINGTABLE4 	EQU 	1565
STRINGTABLE49 	EQU 	1735
STRINGTABLE5 	EQU 	1567
STRINGTABLE6 	EQU 	1569
STRINGTABLE7 	EQU 	1575
STRINGTABLE8 	EQU 	1580
STRINGTABLE9 	EQU 	1585
SYNC 	EQU 	4
SYSARRAYTEMP1 	EQU 	71
SYSARRAYTEMP2 	EQU 	72
SYSBITVAR0 	EQU 	73
SYSBYTETEMPA 	EQU 	117
SYSBYTETEMPB 	EQU 	121
SYSBYTETEMPX 	EQU 	112
SYSCALCTEMPA 	EQU 	117
SYSCALCTEMPB 	EQU 	121
SYSCALCTEMPX 	EQU 	112
SYSCALCTEMPX_H 	EQU 	113
SYSCHARCOUNT 	EQU 	74
SYSCOMPEQUAL16 	EQU 	2878
SYSCOMPLESSTHAN 	EQU 	1516
SYSCOMPLESSTHAN16 	EQU 	2889
SYSCOPYSTRING 	EQU 	2904
SYSCOPYSTRINGCHECK 	EQU 	2927
SYSCOPYSTRINGPART 	EQU 	2919
SYSDIV16START 	EQU 	2993
SYSDIV8START 	EQU 	2955
SYSDIVLOOP 	EQU 	116
SYSDIVMULTA 	EQU 	119
SYSDIVMULTA_H 	EQU 	120
SYSDIVMULTB 	EQU 	123
SYSDIVMULTB_H 	EQU 	124
SYSDIVMULTX 	EQU 	114
SYSDIVMULTX_H 	EQU 	115
SYSDIVSUB 	EQU 	2949
SYSDIVSUB16 	EQU 	2969
SYSDOLOOP_E1 	EQU 	102
SYSDOLOOP_E10 	EQU 	290
SYSDOLOOP_E11 	EQU 	301
SYSDOLOOP_E12 	EQU 	347
SYSDOLOOP_E13 	EQU 	345
SYSDOLOOP_E14 	EQU 	356
SYSDOLOOP_E15 	EQU 	414
SYSDOLOOP_E16 	EQU 	434
SYSDOLOOP_E17 	EQU 	2810
SYSDOLOOP_E18 	EQU 	2804
SYSDOLOOP_E19 	EQU 	2821
SYSDOLOOP_E2 	EQU 	115
SYSDOLOOP_E20 	EQU 	2752
SYSDOLOOP_E21 	EQU 	2746
SYSDOLOOP_E22 	EQU 	2759
SYSDOLOOP_E23 	EQU 	2870
SYSDOLOOP_E24 	EQU 	2864
SYSDOLOOP_E25 	EQU 	2877
SYSDOLOOP_E3 	EQU 	182
SYSDOLOOP_E4 	EQU 	180
SYSDOLOOP_E5 	EQU 	191
SYSDOLOOP_E6 	EQU 	237
SYSDOLOOP_E7 	EQU 	235
SYSDOLOOP_E8 	EQU 	246
SYSDOLOOP_E9 	EQU 	292
SYSDOLOOP_S1 	EQU 	92
SYSDOLOOP_S10 	EQU 	272
SYSDOLOOP_S11 	EQU 	292
SYSDOLOOP_S12 	EQU 	327
SYSDOLOOP_S13 	EQU 	327
SYSDOLOOP_S14 	EQU 	347
SYSDOLOOP_S15 	EQU 	399
SYSDOLOOP_S16 	EQU 	431
SYSDOLOOP_S17 	EQU 	2784
SYSDOLOOP_S18 	EQU 	2784
SYSDOLOOP_S19 	EQU 	2814
SYSDOLOOP_S2 	EQU 	106
SYSDOLOOP_S20 	EQU 	2726
SYSDOLOOP_S21 	EQU 	2726
SYSDOLOOP_S22 	EQU 	2752
SYSDOLOOP_S23 	EQU 	2846
SYSDOLOOP_S24 	EQU 	2846
SYSDOLOOP_S25 	EQU 	2870
SYSDOLOOP_S3 	EQU 	162
SYSDOLOOP_S4 	EQU 	162
SYSDOLOOP_S5 	EQU 	182
SYSDOLOOP_S6 	EQU 	217
SYSDOLOOP_S7 	EQU 	217
SYSDOLOOP_S8 	EQU 	237
SYSDOLOOP_S9 	EQU 	272
SYSFORLOOP1 	EQU 	805
SYSFORLOOP2 	EQU 	719
SYSFORLOOP3 	EQU 	748
SYSFORLOOPEND1 	EQU 	821
SYSFORLOOPEND2 	EQU 	738
SYSFORLOOPEND3 	EQU 	776
SYSLEFTPAD_0 	EQU 	345
SYSMULTSUB 	EQU 	3025
SYSPRINTDATAHANDLER 	EQU 	75
SYSPRINTDATAHANDLER_H 	EQU 	76
SYSPRINTTEMP 	EQU 	77
SYSREADSTRING 	EQU 	3037
SYSREADSTRINGPART 	EQU 	3049
SYSREPEATLOOP1 	EQU 	2253
SYSREPEATLOOP2 	EQU 	455
SYSREPEATLOOP3 	EQU 	2150
SYSREPEATLOOPEND1 	EQU 	2261
SYSREPEATLOOPEND2 	EQU 	487
SYSREPEATLOOPEND3 	EQU 	2172
SYSREPEATTEMP1 	EQU 	78
SYSREPEATTEMP2 	EQU 	79
SYSREPEATTEMP3 	EQU 	80
SYSSELECT1CASE1 	EQU 	822
SYSSELECT1CASE2 	EQU 	842
SYSSELECT1CASE3 	EQU 	862
SYSSELECT1CASE4 	EQU 	883
SYSSELECT1CASE5 	EQU 	904
SYSSELECT1CASE6 	EQU 	925
SYSSELECT1CASE7 	EQU 	946
SYSSELECT1CASE8 	EQU 	967
SYSSELECTEND1 	EQU 	1000
SYSSTRDATA 	EQU 	81
SYSSTRINGA 	EQU 	119
SYSSTRINGA_H 	EQU 	120
SYSSTRINGB 	EQU 	114
SYSSTRINGB_H 	EQU 	115
SYSSTRINGCOPY 	EQU 	2930
SYSSTRINGLENGTH 	EQU 	118
SYSSTRINGPARAM1 	EQU 	324
SYSSTRINGPARAM2 	EQU 	303
SYSSTRINGPARAM3 	EQU 	219
SYSSTRINGPARAM4 	EQU 	198
SYSSTRINGPARAM5 	EQU 	177
SYSSTRINGREAD 	EQU 	3063
SYSSTRINGREADCHECK 	EQU 	3060
SYSSTRINGTABLES 	EQU 	1523
SYSSTRINGTEMP 	EQU 	82
SYSSTRLEN 	EQU 	83
SYSSTR_0 	EQU 	297
SYSSYSINSTRING2HANDLER 	EQU 	84
SYSSYSINSTRING2HANDLER_H 	EQU 	85
SYSSYSINSTRINGHANDLER 	EQU 	86
SYSSYSINSTRINGHANDLER_H 	EQU 	87
SYSTEMP1 	EQU 	88
SYSTEMP1_H 	EQU 	89
SYSTEMP2 	EQU 	90
SYSTEMP3 	EQU 	91
SYSVALHUNDREDS 	EQU 	1435
SYSVALTEMP 	EQU 	92
SYSVALTEMP_H 	EQU 	93
SYSVALTENS 	EQU 	1473
SYSVALTHOUSANDS 	EQU 	1396
SYSWAITLOOP1 	EQU 	115
SYSWAITLOOP10 	EQU 	493
SYSWAITLOOP11 	EQU 	2154
SYSWAITLOOP12 	EQU 	2189
SYSWAITLOOP2 	EQU 	176
SYSWAITLOOP3 	EQU 	231
SYSWAITLOOP4 	EQU 	286
SYSWAITLOOP5 	EQU 	341
SYSWAITLOOP6 	EQU 	2800
SYSWAITLOOP7 	EQU 	2742
SYSWAITLOOP8 	EQU 	2860
SYSWAITLOOP9 	EQU 	473
SYSWAITTEMP10US 	EQU 	117
SYSWAITTEMPMS 	EQU 	114
SYSWAITTEMPMS_H 	EQU 	115
SYSWAITTEMPS 	EQU 	116
SYSWAITTEMPUS 	EQU 	117
SYSWAITTEMPUS_H 	EQU 	118
SYSWORDTEMPA 	EQU 	117
SYSWORDTEMPA_H 	EQU 	118
SYSWORDTEMPB 	EQU 	121
SYSWORDTEMPB_H 	EQU 	122
SYSWORDTEMPX 	EQU 	112
SYSWORDTEMPX_H 	EQU 	113
T0CS 	EQU 	5
T0IE 	EQU 	5
T0IF 	EQU 	2
T0SE 	EQU 	4
T1CKPS0 	EQU 	4
T1CKPS1 	EQU 	5
T1CON 	EQU 	16
T1OSCEN 	EQU 	3
T2CKPS0 	EQU 	0
T2CKPS1 	EQU 	1
T2CON 	EQU 	18
TABLEMONTHDAYS 	EQU 	2331
TMR0 	EQU 	1
TMR0IE 	EQU 	5
TMR0IF 	EQU 	2
TMR1 	EQU 	14
TMR1CS 	EQU 	1
TMR1H 	EQU 	15
TMR1IE 	EQU 	0
TMR1IF 	EQU 	0
TMR1L 	EQU 	14
TMR1ON 	EQU 	0
TMR2 	EQU 	17
TMR2IE 	EQU 	1
TMR2IF 	EQU 	1
TMR2ON 	EQU 	2
TOUTPS0 	EQU 	3
TOUTPS1 	EQU 	4
TOUTPS2 	EQU 	5
TOUTPS3 	EQU 	6
TRISA 	EQU 	133
TRISA0 	EQU 	0
TRISA1 	EQU 	1
TRISA2 	EQU 	2
TRISA3 	EQU 	3
TRISA4 	EQU 	4
TRISA5 	EQU 	5
TRISA6 	EQU 	6
TRISA7 	EQU 	7
TRISB 	EQU 	134
TRISB0 	EQU 	0
TRISB1 	EQU 	1
TRISB2 	EQU 	2
TRISB3 	EQU 	3
TRISB4 	EQU 	4
TRISB5 	EQU 	5
TRISB6 	EQU 	6
TRISB7 	EQU 	7
TRMT 	EQU 	1
TX9 	EQU 	6
TX9D 	EQU 	0
TXEN 	EQU 	5
TXIE 	EQU 	4
TXIF 	EQU 	4
TXREG 	EQU 	25
TXSTA 	EQU 	152
UPDATEDISP 	EQU 	3071
VA 	EQU 	94
VR0 	EQU 	0
VR1 	EQU 	1
VR2 	EQU 	2
VR3 	EQU 	3
VRCON 	EQU 	159
VREN 	EQU 	7
VROE 	EQU 	6
VRR 	EQU 	5
W 	EQU 	0
WR 	EQU 	1
WREN 	EQU 	2
WRERR 	EQU 	3
YEAR 	EQU 	95
Z 	EQU 	2

Code:
Loc	Obj Code	Original Assembly












































































































000000	118A	PAGESEL BASPROGRAMSTART
000001	2805	GOTO BASPROGRAMSTART

000004	0009	RETFIE



		BASPROGRAMSTART
000005	225D	CALL INITSYS
000006	2209	CALL INITI2C
000007	2211	CALL INITLCD

000000	1683	BANKSEL TRISB
000000	1683 1303	BANKSEL TRISB
00000A	1486	BSF TRISB,1
00000B	1506	BSF TRISB,2
00000C	30FF	MOVLW 255
000000	1283	BANKSEL OLDSEC
000000	1283 1303	BANKSEL OLDSEC
00000F	00C2	MOVWF OLDSEC
000010	300D	MOVLW 13
000011	00B9	MOVWF LCDCRSR
000012	2262	CALL LCDCURSOR
000013	01BA	CLRF LCDLINE
000014	01B8	CLRF LCDCOLUMN
000000	158A	PAGESEL LOCATE
000016	20F6	CALL LOCATE
000000	118A	PAGESEL $
000018	3044	MOVLW LOW SYSSTRINGPARAM1
000019	00F2	MOVWF SYSSTRINGB
00001A	3001	MOVLW HIGH SYSSTRINGPARAM1
00001B	00F3	MOVWF SYSSTRINGB_H
00001C	30FA	MOVLW LOW STRINGTABLE2
00001D	00F7	MOVWF SYSSTRINGA
00001E	3005	MOVLW HIGH STRINGTABLE2
00001F	00F8	MOVWF SYSSTRINGA_H
000000	158A	PAGESEL SYSREADSTRING
000021	23DD	CALL SYSREADSTRING
000000	118A	PAGESEL $
000023	3044	MOVLW LOW SYSSTRINGPARAM1
000024	00CB	MOVWF SYSPRINTDATAHANDLER
000025	3001	MOVLW HIGH SYSSTRINGPARAM1
000026	00CC	MOVWF SYSPRINTDATAHANDLER_H
000027	2315	CALL PRINT135
000028	3001	MOVLW 1
000029	00BA	MOVWF LCDLINE
00002A	01B8	CLRF LCDCOLUMN
000000	158A	PAGESEL LOCATE
00002C	20F6	CALL LOCATE
000000	118A	PAGESEL $
00002E	3044	MOVLW LOW SYSSTRINGPARAM1
00002F	00F2	MOVWF SYSSTRINGB
000030	3001	MOVLW HIGH SYSSTRINGPARAM1
000031	00F3	MOVWF SYSSTRINGB_H
000032	3008	MOVLW LOW STRINGTABLE3
000033	00F7	MOVWF SYSSTRINGA
000034	3006	MOVLW HIGH STRINGTABLE3
000035	00F8	MOVWF SYSSTRINGA_H
000000	158A	PAGESEL SYSREADSTRING
000037	23DD	CALL SYSREADSTRING
000000	118A	PAGESEL $
000039	3044	MOVLW LOW SYSSTRINGPARAM1
00003A	00CB	MOVWF SYSPRINTDATAHANDLER
00003B	3001	MOVLW HIGH SYSSTRINGPARAM1
00003C	00CC	MOVWF SYSPRINTDATAHANDLER_H
00003D	2315	CALL PRINT135
00003E	3002	MOVLW 2
00003F	00F4	MOVWF SYSWAITTEMPS
000000	158A	PAGESEL DELAY_S
000041	2050	CALL DELAY_S
000000	158A	PAGESEL CLS
000043	2017	CALL CLS
000000	118A	PAGESEL $
000045	30FF	MOVLW 255
000046	00AD	MOVWF DS_VALUE
000000	158A	PAGESEL PCF85X3_ENABLE
000048	2128	CALL PCF85X3_ENABLE
000000	118A	PAGESEL $
00004A	3007	MOVLW 7
00004B	00A7	MOVWF DS_HOUR
00004C	300F	MOVLW 15
00004D	00A8	MOVWF DS_MIN
000000	158A	PAGESEL PCF85X3_SETALARM17
00004F	21F1	CALL PCF85X3_SETALARM17
000000	118A	PAGESEL $
000000	158A	PAGESEL PCF85X3_READDATE
000052	2151	CALL PCF85X3_READDATE
000000	118A	PAGESEL $
000054	0826	MOVF DS_DOW,W
000055	00A4	MOVWF DOW
000056	0825	MOVF DS_DATE,W
000057	00A1	MOVWF DATE
000058	0829	MOVF DS_MONTH,W
000059	00C0	MOVWF MONTH
00005A	082E	MOVF DS_YEAR,W
00005B	00DF	MOVWF YEAR
		SYSDOLOOP_S1
000000	158A	PAGESEL UPDATEDISP
00005D	23FF	CALL UPDATEDISP
000000	118A	PAGESEL $
00005F	1C86	BTFSS PORTB,1
000060	2863	GOTO ENDIF1
000061	2069	CALL CHANGESETTING
000000	118A	PAGESEL $
		ENDIF1
000063	1906	BTFSC PORTB,2
000064	24B6	CALL SHOWALARM
		ENDIF2
000065	285C	GOTO SYSDOLOOP_S1
		SYSDOLOOP_E1
000066	2867	GOTO BASPROGRAMEND
		BASPROGRAMEND
000067	0063	SLEEP
000068	2867	GOTO BASPROGRAMEND


		CHANGESETTING
000069	1049	BCF SYSBITVAR0,0
		SYSDOLOOP_S2
00006A	1C86	BTFSS PORTB,1
00006B	2873	GOTO SYSDOLOOP_E2
00006C	3032	MOVLW 50
00006D	00F2	MOVWF SYSWAITTEMPMS
00006E	01F3	CLRF SYSWAITTEMPMS_H
000000	158A	PAGESEL DELAY_MS
000070	2042	CALL DELAY_MS
000000	118A	PAGESEL $
000072	286A	GOTO SYSDOLOOP_S2
		SYSDOLOOP_E2
		SYSWAITLOOP1
000073	01F0	CLRF SYSBYTETEMPX
000074	1886	BTFSC PORTB,1
000075	09F0	COMF SYSBYTETEMPX,F
000076	0870	MOVF SYSBYTETEMPX,W
000077	00D8	MOVWF SYSTEMP1
000078	01F0	CLRF SYSBYTETEMPX
000079	1906	BTFSC PORTB,2
00007A	09F0	COMF SYSBYTETEMPX,F
00007B	0870	MOVF SYSBYTETEMPX,W
00007C	00DA	MOVWF SYSTEMP2
00007D	0858	MOVF SYSTEMP1,W
00007E	045A	IORWF SYSTEMP2,W
00007F	00DB	MOVWF SYSTEMP3
000080	185B	BTFSC SYSTEMP3,0
000081	2873	GOTO SYSWAITLOOP1
000000	158A	PAGESEL SETDATE
000083	228A	CALL SETDATE
000000	158A	PAGESEL SETMONTH
000085	22C8	CALL SETMONTH
000000	158A	PAGESEL SETYEAR
000087	2306	CALL SETYEAR
000000	158A	PAGESEL CLS
000089	2017	CALL CLS
000000	118A	PAGESEL $
00008B	302F	MOVLW LOW SYSSTRINGPARAM2
00008C	00F2	MOVWF SYSSTRINGB
00008D	3001	MOVLW HIGH SYSSTRINGPARAM2
00008E	00F3	MOVWF SYSSTRINGB_H
00008F	3052	MOVLW LOW STRINGTABLE17
000090	00F7	MOVWF SYSSTRINGA
000091	3006	MOVLW HIGH STRINGTABLE17
000092	00F8	MOVWF SYSSTRINGA_H
000000	158A	PAGESEL SYSREADSTRING
000094	23DD	CALL SYSREADSTRING
000000	118A	PAGESEL $
000096	302F	MOVLW LOW SYSSTRINGPARAM2
000097	00CB	MOVWF SYSPRINTDATAHANDLER
000098	3001	MOVLW HIGH SYSSTRINGPARAM2
000099	00CC	MOVWF SYSPRINTDATAHANDLER_H
00009A	2315	CALL PRINT135
00009B	3001	MOVLW 1
00009C	00BA	MOVWF LCDLINE
00009D	01B8	CLRF LCDCOLUMN
000000	158A	PAGESEL LOCATE
00009F	20F6	CALL LOCATE
000000	118A	PAGESEL $
0000A1	2336	CALL PRINTDATE
		SYSDOLOOP_S3
		SYSDOLOOP_S4
0000A2	1D06	BTFSS PORTB,2
0000A3	28B4	GOTO SYSDOLOOP_E4
0000A4	0AA4	INCF DOW,F
0000A5	0824	MOVF DOW,W
0000A6	3C06	SUBLW 6
0000A7	1C03	BTFSS STATUS, C
0000A8	01A4	CLRF DOW
		ENDIF7
0000A9	3001	MOVLW 1
0000AA	00BA	MOVWF LCDLINE
0000AB	01B8	CLRF LCDCOLUMN
000000	158A	PAGESEL LOCATE
0000AD	20F6	CALL LOCATE
000000	118A	PAGESEL $
0000AF	2336	CALL PRINTDATE
		SYSWAITLOOP2
0000B0	1906	BTFSC PORTB,2
0000B1	28B0	GOTO SYSWAITLOOP2
0000B2	1449	BSF SYSBITVAR0,0
0000B3	28A2	GOTO SYSDOLOOP_S4
		SYSDOLOOP_E4
0000B4	1C86	BTFSS PORTB,1
0000B5	28A2	GOTO SYSDOLOOP_S3
		SYSDOLOOP_E3
		SYSDOLOOP_S5
0000B6	1C86	BTFSS PORTB,1
0000B7	28BF	GOTO SYSDOLOOP_E5
0000B8	3032	MOVLW 50
0000B9	00F2	MOVWF SYSWAITTEMPMS
0000BA	01F3	CLRF SYSWAITTEMPMS_H
000000	158A	PAGESEL DELAY_MS
0000BC	2042	CALL DELAY_MS
000000	118A	PAGESEL $
0000BE	28B6	GOTO SYSDOLOOP_S5
		SYSDOLOOP_E5
000000	158A	PAGESEL CLS
0000C0	2017	CALL CLS
000000	118A	PAGESEL $
0000C2	302F	MOVLW LOW SYSSTRINGPARAM2
0000C3	00F2	MOVWF SYSSTRINGB
0000C4	3001	MOVLW HIGH SYSSTRINGPARAM2
0000C5	00F3	MOVWF SYSSTRINGB_H
0000C6	305F	MOVLW LOW STRINGTABLE18
0000C7	00F7	MOVWF SYSSTRINGA
0000C8	3006	MOVLW HIGH STRINGTABLE18
0000C9	00F8	MOVWF SYSSTRINGA_H
000000	158A	PAGESEL SYSREADSTRING
0000CB	23DD	CALL SYSREADSTRING
000000	118A	PAGESEL $
0000CD	302F	MOVLW LOW SYSSTRINGPARAM2
0000CE	00CB	MOVWF SYSPRINTDATAHANDLER
0000CF	3001	MOVLW HIGH SYSSTRINGPARAM2
0000D0	00CC	MOVWF SYSPRINTDATAHANDLER_H
0000D1	2315	CALL PRINT135
0000D2	3001	MOVLW 1
0000D3	00BA	MOVWF LCDLINE
0000D4	01B8	CLRF LCDCOLUMN
000000	158A	PAGESEL LOCATE
0000D6	20F6	CALL LOCATE
000000	118A	PAGESEL $
0000D8	243B	CALL PRINTTIME
		SYSDOLOOP_S6
		SYSDOLOOP_S7
0000D9	1D06	BTFSS PORTB,2
0000DA	28EB	GOTO SYSDOLOOP_E7
0000DB	0AAF	INCF HOUR,F
0000DC	082F	MOVF HOUR,W
0000DD	3C17	SUBLW 23
0000DE	1C03	BTFSS STATUS, C
0000DF	01AF	CLRF HOUR
		ENDIF8
0000E0	3001	MOVLW 1
0000E1	00BA	MOVWF LCDLINE
0000E2	01B8	CLRF LCDCOLUMN
000000	158A	PAGESEL LOCATE
0000E4	20F6	CALL LOCATE
000000	118A	PAGESEL $
0000E6	243B	CALL PRINTTIME
		SYSWAITLOOP3
0000E7	1906	BTFSC PORTB,2
0000E8	28E7	GOTO SYSWAITLOOP3
0000E9	1449	BSF SYSBITVAR0,0
0000EA	28D9	GOTO SYSDOLOOP_S7
		SYSDOLOOP_E7
0000EB	1C86	BTFSS PORTB,1
0000EC	28D9	GOTO SYSDOLOOP_S6
		SYSDOLOOP_E6
		SYSDOLOOP_S8
0000ED	1C86	BTFSS PORTB,1
0000EE	28F6	GOTO SYSDOLOOP_E8
0000EF	3032	MOVLW 50
0000F0	00F2	MOVWF SYSWAITTEMPMS
0000F1	01F3	CLRF SYSWAITTEMPMS_H
000000	158A	PAGESEL DELAY_MS
0000F3	2042	CALL DELAY_MS
000000	118A	PAGESEL $
0000F5	28ED	GOTO SYSDOLOOP_S8
		SYSDOLOOP_E8
000000	158A	PAGESEL CLS
0000F7	2017	CALL CLS
000000	118A	PAGESEL $
0000F9	302F	MOVLW LOW SYSSTRINGPARAM2
0000FA	00F2	MOVWF SYSSTRINGB
0000FB	3001	MOVLW HIGH SYSSTRINGPARAM2
0000FC	00F3	MOVWF SYSSTRINGB_H
0000FD	306A	MOVLW LOW STRINGTABLE19
0000FE	00F7	MOVWF SYSSTRINGA
0000FF	3006	MOVLW HIGH STRINGTABLE19
000100	00F8	MOVWF SYSSTRINGA_H
000000	158A	PAGESEL SYSREADSTRING
000102	23DD	CALL SYSREADSTRING
000000	118A	PAGESEL $
000104	302F	MOVLW LOW SYSSTRINGPARAM2
000105	00CB	MOVWF SYSPRINTDATAHANDLER
000106	3001	MOVLW HIGH SYSSTRINGPARAM2
000107	00CC	MOVWF SYSPRINTDATAHANDLER_H
000108	2315	CALL PRINT135
000109	3001	MOVLW 1
00010A	00BA	MOVWF LCDLINE
00010B	01B8	CLRF LCDCOLUMN
000000	158A	PAGESEL LOCATE
00010D	20F6	CALL LOCATE
000000	118A	PAGESEL $
00010F	243B	CALL PRINTTIME
		SYSDOLOOP_S9
		SYSDOLOOP_S10
000110	1D06	BTFSS PORTB,2
000111	2922	GOTO SYSDOLOOP_E10
000112	0ABF	INCF MIN,F
000113	083F	MOVF MIN,W
000114	3C3B	SUBLW 59
000115	1C03	BTFSS STATUS, C
000116	01BF	CLRF MIN
		ENDIF9
000117	3001	MOVLW 1
000118	00BA	MOVWF LCDLINE
000119	01B8	CLRF LCDCOLUMN
000000	158A	PAGESEL LOCATE
00011B	20F6	CALL LOCATE
000000	118A	PAGESEL $
00011D	243B	CALL PRINTTIME
		SYSWAITLOOP4
00011E	1906	BTFSC PORTB,2
00011F	291E	GOTO SYSWAITLOOP4
000120	1449	BSF SYSBITVAR0,0
000121	2910	GOTO SYSDOLOOP_S10
		SYSDOLOOP_E10
000122	1C86	BTFSS PORTB,1
000123	2910	GOTO SYSDOLOOP_S9
		SYSDOLOOP_E9
		SYSDOLOOP_S11
000124	1C86	BTFSS PORTB,1
000125	292D	GOTO SYSDOLOOP_E11
000126	3032	MOVLW 50
000127	00F2	MOVWF SYSWAITTEMPMS
000128	01F3	CLRF SYSWAITTEMPMS_H
000000	158A	PAGESEL DELAY_MS
00012A	2042	CALL DELAY_MS
000000	118A	PAGESEL $
00012C	2924	GOTO SYSDOLOOP_S11
		SYSDOLOOP_E11
000000	158A	PAGESEL CLS
00012E	2017	CALL CLS
000000	118A	PAGESEL $
000130	302F	MOVLW LOW SYSSTRINGPARAM2
000131	00F2	MOVWF SYSSTRINGB
000132	3001	MOVLW HIGH SYSSTRINGPARAM2
000133	00F3	MOVWF SYSSTRINGB_H
000134	3077	MOVLW LOW STRINGTABLE20
000135	00F7	MOVWF SYSSTRINGA
000136	3006	MOVLW HIGH STRINGTABLE20
000137	00F8	MOVWF SYSSTRINGA_H
000000	158A	PAGESEL SYSREADSTRING
000139	23DD	CALL SYSREADSTRING
000000	118A	PAGESEL $
00013B	302F	MOVLW LOW SYSSTRINGPARAM2
00013C	00CB	MOVWF SYSPRINTDATAHANDLER
00013D	3001	MOVLW HIGH SYSSTRINGPARAM2
00013E	00CC	MOVWF SYSPRINTDATAHANDLER_H
00013F	2315	CALL PRINT135
000140	3001	MOVLW 1
000141	00BA	MOVWF LCDLINE
000142	01B8	CLRF LCDCOLUMN
000000	158A	PAGESEL LOCATE
000144	20F6	CALL LOCATE
000000	118A	PAGESEL $
000146	243B	CALL PRINTTIME
		SYSDOLOOP_S12
		SYSDOLOOP_S13
000147	1D06	BTFSS PORTB,2
000148	2959	GOTO SYSDOLOOP_E13
000149	0AC5	INCF SEC,F
00014A	0845	MOVF SEC,W
00014B	3C3B	SUBLW 59
00014C	1C03	BTFSS STATUS, C
00014D	01C5	CLRF SEC
		ENDIF10
00014E	3001	MOVLW 1
00014F	00BA	MOVWF LCDLINE
000150	01B8	CLRF LCDCOLUMN
000000	158A	PAGESEL LOCATE
000152	20F6	CALL LOCATE
000000	118A	PAGESEL $
000154	243B	CALL PRINTTIME
		SYSWAITLOOP5
000155	1906	BTFSC PORTB,2
000156	2955	GOTO SYSWAITLOOP5
000157	1449	BSF SYSBITVAR0,0
000158	2947	GOTO SYSDOLOOP_S13
		SYSDOLOOP_E13
000159	1C86	BTFSS PORTB,1
00015A	2947	GOTO SYSDOLOOP_S12
		SYSDOLOOP_E12
		SYSDOLOOP_S14
00015B	1C86	BTFSS PORTB,1
00015C	2964	GOTO SYSDOLOOP_E14
00015D	3032	MOVLW 50
00015E	00F2	MOVWF SYSWAITTEMPMS
00015F	01F3	CLRF SYSWAITTEMPMS_H
000000	158A	PAGESEL DELAY_MS
000161	2042	CALL DELAY_MS
000000	118A	PAGESEL $
000163	295B	GOTO SYSDOLOOP_S14
		SYSDOLOOP_E14
000164	1C49	BTFSS SYSBITVAR0,0
000165	29AF	GOTO ENDIF11
000000	158A	PAGESEL CLS
000167	2017	CALL CLS
000000	118A	PAGESEL $
000169	302F	MOVLW LOW SYSSTRINGPARAM2
00016A	00F2	MOVWF SYSSTRINGB
00016B	3001	MOVLW HIGH SYSSTRINGPARAM2
00016C	00F3	MOVWF SYSSTRINGB_H
00016D	3084	MOVLW LOW STRINGTABLE21
00016E	00F7	MOVWF SYSSTRINGA
00016F	3006	MOVLW HIGH STRINGTABLE21
000170	00F8	MOVWF SYSSTRINGA_H
000000	158A	PAGESEL SYSREADSTRING
000172	23DD	CALL SYSREADSTRING
000000	118A	PAGESEL $
000174	302F	MOVLW LOW SYSSTRINGPARAM2
000175	00CB	MOVWF SYSPRINTDATAHANDLER
000176	3001	MOVLW HIGH SYSSTRINGPARAM2
000177	00CC	MOVWF SYSPRINTDATAHANDLER_H
000178	2315	CALL PRINT135
000179	3001	MOVLW 1
00017A	00BA	MOVWF LCDLINE
00017B	01B8	CLRF LCDCOLUMN
000000	158A	PAGESEL LOCATE
00017D	20F6	CALL LOCATE
000000	118A	PAGESEL $
00017F	302F	MOVLW LOW SYSSTRINGPARAM2
000180	00F2	MOVWF SYSSTRINGB
000181	3001	MOVLW HIGH SYSSTRINGPARAM2
000182	00F3	MOVWF SYSSTRINGB_H
000183	3092	MOVLW LOW STRINGTABLE22
000184	00F7	MOVWF SYSSTRINGA
000185	3006	MOVLW HIGH STRINGTABLE22
000186	00F8	MOVWF SYSSTRINGA_H
000000	158A	PAGESEL SYSREADSTRING
000188	23DD	CALL SYSREADSTRING
000000	118A	PAGESEL $
00018A	302F	MOVLW LOW SYSSTRINGPARAM2
00018B	00CB	MOVWF SYSPRINTDATAHANDLER
00018C	3001	MOVLW HIGH SYSSTRINGPARAM2
00018D	00CC	MOVWF SYSPRINTDATAHANDLER_H
00018E	2315	CALL PRINT135
		SYSDOLOOP_S15
00018F	1886	BTFSC PORTB,1
000190	299E	GOTO SYSDOLOOP_E15
000191	3032	MOVLW 50
000192	00F2	MOVWF SYSWAITTEMPMS
000193	01F3	CLRF SYSWAITTEMPMS_H
000000	158A	PAGESEL DELAY_MS
000195	2042	CALL DELAY_MS
000000	118A	PAGESEL $
000197	1D06	BTFSS PORTB,2
000198	299D	GOTO ENDIF12
000000	158A	PAGESEL CLS
00019A	2017	CALL CLS
000000	118A	PAGESEL $
00019C	0008	RETURN
		ENDIF12
00019D	298F	GOTO SYSDOLOOP_S15
		SYSDOLOOP_E15
00019E	082F	MOVF HOUR,W
00019F	00A7	MOVWF DS_HOUR
0001A0	083F	MOVF MIN,W
0001A1	00A8	MOVWF DS_MIN
0001A2	0845	MOVF SEC,W
0001A3	00AB	MOVWF DS_SEC
0001A4	0824	MOVF DOW,W
0001A5	00A6	MOVWF DS_DOW
0001A6	0821	MOVF DATE,W
0001A7	00A5	MOVWF DS_DATE
0001A8	0840	MOVF MONTH,W
0001A9	00A9	MOVWF DS_MONTH
0001AA	085F	MOVF YEAR,W
0001AB	00AE	MOVWF DS_YEAR
000000	158A	PAGESEL PCF85X3_SETCLOCK
0001AD	220D	CALL PCF85X3_SETCLOCK
000000	118A	PAGESEL $
		ENDIF11
		SYSDOLOOP_S16
0001AF	1C86	BTFSS PORTB,1
0001B0	29B2	GOTO SYSDOLOOP_E16
0001B1	29AF	GOTO SYSDOLOOP_S16
		SYSDOLOOP_E16
0001B2	3032	MOVLW 50
0001B3	00F2	MOVWF SYSWAITTEMPMS
0001B4	01F3	CLRF SYSWAITTEMPMS_H
000000	158A	PAGESEL DELAY_MS
0001B6	2042	CALL DELAY_MS
000000	158A	PAGESEL CLS
0001B8	2017	CALL CLS
000000	118A	PAGESEL $
0001BA	30FF	MOVLW 255
0001BB	00AD	MOVWF DS_VALUE
000000	158A	PAGESEL PCF85X3_ENABLE
0001BD	2928	GOTO PCF85X3_ENABLE


		I2CSEND
000000	1683	BANKSEL TRISA
000000	1683 1303	BANKSEL TRISA
0001C0	1185	BCF TRISA,3
000000	1283	BANKSEL PORTA
000000	1283 1303	BANKSEL PORTA
0001C3	1185	BCF PORTA,3
0001C4	0000	NOP
0001C5	3008	MOVLW 8
0001C6	00CF	MOVWF SYSREPEATTEMP2
		SYSREPEATLOOP2
0001C7	1FB2	BTFSS I2CBYTE,7
0001C8	29CD	GOTO ELSE44_1
000000	1683	BANKSEL TRISA
000000	1683 1303	BANKSEL TRISA
0001CB	1605	BSF TRISA,4
0001CC	29D3	GOTO ENDIF44
		ELSE44_1
000000	1683	BANKSEL TRISA
000000	1683 1303	BANKSEL TRISA
0001CF	1205	BCF TRISA,4
000000	1283	BANKSEL PORTA
000000	1283 1303	BANKSEL PORTA
0001D2	1205	BCF PORTA,4
		ENDIF44
000000	1283	BANKSEL I2CBYTE
000000	1283 1303	BANKSEL I2CBYTE
0001D5	0DB2	RLF I2CBYTE,F
000000	1683	BANKSEL TRISA
000000	1683 1303	BANKSEL TRISA
0001D8	1585	BSF TRISA,3
		SYSWAITLOOP9
000000	1283	BANKSEL PORTA
000000	1283 1303	BANKSEL PORTA
0001DB	1D85	BTFSS PORTA,3
0001DC	29D9	GOTO SYSWAITLOOP9
0001DD	0000	NOP
000000	1683	BANKSEL TRISA
000000	1683 1303	BANKSEL TRISA
0001E0	1185	BCF TRISA,3
000000	1283	BANKSEL PORTA
000000	1283 1303	BANKSEL PORTA
0001E3	1185	BCF PORTA,3
0001E4	0000	NOP
0001E5	0BCF	DECFSZ SYSREPEATTEMP2,F
0001E6	29C7	GOTO SYSREPEATLOOP2
		SYSREPEATLOOPEND2
0001E7	29E8	GOTO $+1
000000	1683	BANKSEL TRISA
000000	1683 1303	BANKSEL TRISA
0001EA	1605	BSF TRISA,4
0001EB	0000	NOP
0001EC	1585	BSF TRISA,3
		SYSWAITLOOP10
000000	1283	BANKSEL PORTA
000000	1283 1303	BANKSEL PORTA
0001EF	1D85	BTFSS PORTA,3
0001F0	29ED	GOTO SYSWAITLOOP10
0001F1	1E05	BTFSS PORTA,4
0001F2	29F6	GOTO ELSE45_1
0001F3	01B0	CLRF I2CACK
0001F4	01B1	CLRF I2CACKPOLLSTATE
0001F5	29FA	GOTO ENDIF45
		ELSE45_1
0001F6	30FF	MOVLW 255
0001F7	00B0	MOVWF I2CACK
0001F8	30FF	MOVLW 255
0001F9	00B1	MOVWF I2CACKPOLLSTATE
		ENDIF45
000000	1683	BANKSEL TRISA
000000	1683 1303	BANKSEL TRISA
0001FC	1185	BCF TRISA,3
000000	1283	BANKSEL PORTA
000000	1283 1303	BANKSEL PORTA
0001FF	1185	BCF PORTA,3
000200	0000	NOP
000000	1683	BANKSEL TRISA
000000	1683 1303	BANKSEL TRISA
000203	1205	BCF TRISA,4
000000	1283	BANKSEL PORTA
000000	1283 1303	BANKSEL PORTA
000206	1205	BCF PORTA,4
000207	2A08	GOTO $+1
000208	0008	RETURN


		INITI2C
000000	1683	BANKSEL TRISA
000000	1683 1303	BANKSEL TRISA
00020B	1605	BSF TRISA,4
00020C	1585	BSF TRISA,3
000000	1283	BANKSEL I2CMATCH
000000	1283 1303	BANKSEL I2CMATCH
00020F	01B3	CLRF I2CMATCH
000210	0008	RETURN


		INITLCD
000211	01BB	CLRF LCDTEMP
000000	158A	PAGESEL LCDBACKLIGHT
000213	20C5	CALL LCDBACKLIGHT
000000	118A	PAGESEL $
000000	1683	BANKSEL TRISA
000000	1683 1303	BANKSEL TRISA
000217	1005	BCF TRISA,0
000218	1186	BCF TRISB,3
000219	1206	BCF TRISB,4
000000	1283	BANKSEL PORTA
000000	1283 1303	BANKSEL PORTA
00021C	1005	BCF PORTA,0
00021D	1186	BCF PORTB,3
00021E	1206	BCF PORTB,4
00021F	3014	MOVLW 20
000220	00F2	MOVWF SYSWAITTEMPMS
000221	01F3	CLRF SYSWAITTEMPMS_H
000000	158A	PAGESEL DELAY_MS
000223	2042	CALL DELAY_MS
000000	118A	PAGESEL $
000225	1405	BSF PORTA,0
000226	3030	MOVLW 48
000227	00BC	MOVWF LCDVALUE
000000	158A	PAGESEL LCD3_CMD
000229	20C1	CALL LCD3_CMD
000000	118A	PAGESEL $
00022B	3005	MOVLW 5
00022C	00F2	MOVWF SYSWAITTEMPMS
00022D	01F3	CLRF SYSWAITTEMPMS_H
000000	158A	PAGESEL DELAY_MS
00022F	2042	CALL DELAY_MS
000000	118A	PAGESEL $
000231	3030	MOVLW 48
000232	00BC	MOVWF LCDVALUE
000000	158A	PAGESEL LCD3_CMD
000234	20C1	CALL LCD3_CMD
000000	118A	PAGESEL $
000236	3001	MOVLW 1
000237	00F2	MOVWF SYSWAITTEMPMS
000238	01F3	CLRF SYSWAITTEMPMS_H
000000	158A	PAGESEL DELAY_MS
00023A	2042	CALL DELAY_MS
000000	118A	PAGESEL $
00023C	3038	MOVLW 56
00023D	00BC	MOVWF LCDVALUE
000000	158A	PAGESEL LCD3_CMD
00023F	20C1	CALL LCD3_CMD
000000	118A	PAGESEL $
000241	3008	MOVLW 8
000242	00BC	MOVWF LCDVALUE
000000	158A	PAGESEL LCD3_CMD
000244	20C1	CALL LCD3_CMD
000000	118A	PAGESEL $
000246	300F	MOVLW 15
000247	00BC	MOVWF LCDVALUE
000000	158A	PAGESEL LCD3_CMD
000249	20C1	CALL LCD3_CMD
000000	118A	PAGESEL $
00024B	3001	MOVLW 1
00024C	00BC	MOVWF LCDVALUE
000000	158A	PAGESEL LCD3_CMD
00024E	20C1	CALL LCD3_CMD
000000	118A	PAGESEL $
000250	3038	MOVLW 56
000251	00BC	MOVWF LCDVALUE
000000	158A	PAGESEL LCD3_CMD
000253	20C1	CALL LCD3_CMD
000000	118A	PAGESEL $
000255	3080	MOVLW 128
000256	00BC	MOVWF LCDVALUE
000000	158A	PAGESEL LCD3_CMD
000258	20C1	CALL LCD3_CMD
000000	118A	PAGESEL $
00025A	300C	MOVLW 12
00025B	00BE	MOVWF LCD_STATE
00025C	0008	RETURN


		INITSYS
00025D	3007	MOVLW 7
00025E	009F	MOVWF CMCON
00025F	0185	CLRF PORTA
000260	0186	CLRF PORTB
000261	0008	RETURN


		LCDCURSOR
000262	1186	BCF PORTB,3
000263	0339	DECF LCDCRSR,W
000264	1D03	BTFSS STATUS, Z
000265	2A69	GOTO ENDIF26
000266	300C	MOVLW 12
000267	043E	IORWF LCD_STATE,W
000268	00BB	MOVWF LCDTEMP
		ENDIF26
000269	300C	MOVLW 12
00026A	0239	SUBWF LCDCRSR,W
00026B	1D03	BTFSS STATUS, Z
00026C	2A70	GOTO ENDIF27
00026D	300C	MOVLW 12
00026E	043E	IORWF LCD_STATE,W
00026F	00BB	MOVWF LCDTEMP
		ENDIF27
000270	08B9	MOVF LCDCRSR,F
000271	1D03	BTFSS STATUS, Z
000272	2A76	GOTO ENDIF28
000273	300B	MOVLW 11
000274	053E	ANDWF LCD_STATE,W
000275	00BB	MOVWF LCDTEMP
		ENDIF28
000276	300B	MOVLW 11
000277	0239	SUBWF LCDCRSR,W
000278	1D03	BTFSS STATUS, Z
000279	2A7D	GOTO ENDIF29
00027A	300B	MOVLW 11
00027B	053E	ANDWF LCD_STATE,W
00027C	00BB	MOVWF LCDTEMP
		ENDIF29
00027D	300A	MOVLW 10
00027E	0239	SUBWF LCDCRSR,W
00027F	1D03	BTFSS STATUS, Z
000280	2A84	GOTO ENDIF30
000281	300A	MOVLW 10
000282	043E	IORWF LCD_STATE,W
000283	00BB	MOVWF LCDTEMP
		ENDIF30
000284	300D	MOVLW 13
000285	0239	SUBWF LCDCRSR,W
000286	1D03	BTFSS STATUS, Z
000287	2A8B	GOTO ENDIF31
000288	300D	MOVLW 13
000289	053E	ANDWF LCD_STATE,W
00028A	00BB	MOVWF LCDTEMP
		ENDIF31
00028B	3009	MOVLW 9
00028C	0239	SUBWF LCDCRSR,W
00028D	1D03	BTFSS STATUS, Z
00028E	2A92	GOTO ENDIF32
00028F	3009	MOVLW 9
000290	043E	IORWF LCD_STATE,W
000291	00BB	MOVWF LCDTEMP
		ENDIF32
000292	3009	MOVLW 9
000293	0239	SUBWF LCDCRSR,W
000294	1D03	BTFSS STATUS, Z
000295	2A99	GOTO ENDIF33
000296	3009	MOVLW 9
000297	043E	IORWF LCD_STATE,W
000298	00BB	MOVWF LCDTEMP
		ENDIF33
000299	300E	MOVLW 14
00029A	0239	SUBWF LCDCRSR,W
00029B	1D03	BTFSS STATUS, Z
00029C	2AA0	GOTO ENDIF34
00029D	300E	MOVLW 14
00029E	053E	ANDWF LCD_STATE,W
00029F	00BB	MOVWF LCDTEMP
		ENDIF34
0002A0	083B	MOVF LCDTEMP,W
0002A1	00B6	MOVWF LCDBYTE
000000	158A	PAGESEL LCDNORMALWRITEBYTE
0002A3	20C6	CALL LCDNORMALWRITEBYTE
000000	118A	PAGESEL $
0002A5	083B	MOVF LCDTEMP,W
0002A6	00BE	MOVWF LCD_STATE
0002A7	0008	RETURN


		FN_LEFTPAD
0002A8	0856	MOVF SYSSYSINSTRINGHANDLER,W
0002A9	0084	MOVWF FSR
0002AA	1383	BCF STATUS, IRP
0002AB	1857	BTFSC SYSSYSINSTRINGHANDLER_H,0
0002AC	1783	BSF STATUS, IRP
0002AD	0853	MOVF SYSSTRLEN,W
0002AE	0200	SUBWF INDF,W
0002AF	1803	BTFSC STATUS, C
0002B0	2B09	GOTO ELSE39_1
0002B1	3059	MOVLW LOW LEFTPAD
0002B2	00F2	MOVWF SYSSTRINGB
0002B3	3001	MOVLW HIGH LEFTPAD
0002B4	00F3	MOVWF SYSSTRINGB_H
0002B5	30C7	MOVLW LOW STRINGTABLE49
0002B6	00F7	MOVWF SYSSTRINGA
0002B7	3006	MOVLW HIGH STRINGTABLE49
0002B8	00F8	MOVWF SYSSTRINGA_H
000000	158A	PAGESEL SYSREADSTRING
0002BA	23DD	CALL SYSREADSTRING
000000	118A	PAGESEL $
0002BC	0853	MOVF SYSSTRLEN,W
000000	1283	BANKSEL SYSLEFTPAD_0
000000	1283 1703	BANKSEL SYSLEFTPAD_0
0002BF	00D9	MOVWF SYSLEFTPAD_0
000000	1283	BANKSEL SYSSYSINSTRINGHANDLER
000000	1283 1303	BANKSEL SYSSYSINSTRINGHANDLER
0002C2	0856	MOVF SYSSYSINSTRINGHANDLER,W
0002C3	0084	MOVWF FSR
0002C4	1383	BCF STATUS, IRP
0002C5	1857	BTFSC SYSSYSINSTRINGHANDLER_H,0
0002C6	1783	BSF STATUS, IRP
0002C7	0800	MOVF INDF,W
0002C8	0253	SUBWF SYSSTRLEN,W
0002C9	00CA	MOVWF SYSCHARCOUNT
0002CA	01D2	CLRF SYSSTRINGTEMP
0002CB	3001	MOVLW 1
0002CC	024A	SUBWF SYSCHARCOUNT,W
0002CD	1C03	BTFSS STATUS, C
0002CE	2AE2	GOTO SYSFORLOOPEND2
		ENDIF40
		SYSFORLOOP2
0002CF	0AD2	INCF SYSSTRINGTEMP,F
0002D0	0A54	INCF SYSSYSINSTRING2HANDLER,W
0002D1	0084	MOVWF FSR
0002D2	1383	BCF STATUS, IRP
0002D3	1855	BTFSC SYSSYSINSTRING2HANDLER_H,0
0002D4	1783	BSF STATUS, IRP
0002D5	0800	MOVF INDF,W
0002D6	00C7	MOVWF SYSARRAYTEMP1
0002D7	00C8	MOVWF SYSARRAYTEMP2
0002D8	3059	MOVLW LOW(LEFTPAD)
0002D9	0752	ADDWF SYSSTRINGTEMP,W
0002DA	0084	MOVWF FSR
0002DB	1783	BANKISEL LEFTPAD
0002DC	0848	MOVF SYSARRAYTEMP2,W
0002DD	0080	MOVWF INDF
0002DE	084A	MOVF SYSCHARCOUNT,W
0002DF	0252	SUBWF SYSSTRINGTEMP,W
0002E0	1C03	BTFSS STATUS, C
0002E1	2ACF	GOTO SYSFORLOOP2
		ENDIF41
		SYSFORLOOPEND2
0002E2	01D2	CLRF SYSSTRINGTEMP
0002E3	0856	MOVF SYSSYSINSTRINGHANDLER,W
0002E4	0084	MOVWF FSR
0002E5	1383	BCF STATUS, IRP
0002E6	1857	BTFSC SYSSYSINSTRINGHANDLER_H,0
0002E7	1783	BSF STATUS, IRP
0002E8	3001	MOVLW 1
0002E9	0200	SUBWF INDF,W
0002EA	1C03	BTFSS STATUS, C
0002EB	2B08	GOTO SYSFORLOOPEND3
		ENDIF42
		SYSFORLOOP3
0002EC	0AD2	INCF SYSSTRINGTEMP,F
0002ED	0852	MOVF SYSSTRINGTEMP,W
0002EE	0756	ADDWF SYSSYSINSTRINGHANDLER,W
0002EF	0084	MOVWF FSR
0002F0	1383	BCF STATUS, IRP
0002F1	1857	BTFSC SYSSYSINSTRINGHANDLER_H,0
0002F2	1783	BSF STATUS, IRP
0002F3	0800	MOVF INDF,W
0002F4	00C7	MOVWF SYSARRAYTEMP1
0002F5	00C8	MOVWF SYSARRAYTEMP2
0002F6	0852	MOVF SYSSTRINGTEMP,W
0002F7	074A	ADDWF SYSCHARCOUNT,W
0002F8	00DA	MOVWF SYSTEMP2
0002F9	3059	MOVLW LOW(LEFTPAD)
0002FA	075A	ADDWF SYSTEMP2,W
0002FB	0084	MOVWF FSR
0002FC	1783	BANKISEL LEFTPAD
0002FD	0848	MOVF SYSARRAYTEMP2,W
0002FE	0080	MOVWF INDF
0002FF	0856	MOVF SYSSYSINSTRINGHANDLER,W
000300	0084	MOVWF FSR
000301	1383	BCF STATUS, IRP
000302	1857	BTFSC SYSSYSINSTRINGHANDLER_H,0
000303	1783	BSF STATUS, IRP
000304	0800	MOVF INDF,W
000305	0252	SUBWF SYSSTRINGTEMP,W
000306	1C03	BTFSS STATUS, C
000307	2AEC	GOTO SYSFORLOOP3
		ENDIF43
		SYSFORLOOPEND3
000308	2B14	GOTO ENDIF39
		ELSE39_1
000309	3059	MOVLW LOW LEFTPAD
00030A	00F2	MOVWF SYSSTRINGB
00030B	3001	MOVLW HIGH LEFTPAD
00030C	00F3	MOVWF SYSSTRINGB_H
00030D	0856	MOVF SYSSYSINSTRINGHANDLER,W
00030E	00F7	MOVWF SYSSTRINGA
00030F	0857	MOVF SYSSYSINSTRINGHANDLER_H,W
000310	00F8	MOVWF SYSSTRINGA_H
000000	158A	PAGESEL SYSCOPYSTRING
000312	2358	CALL SYSCOPYSTRING
000000	118A	PAGESEL $
		ENDIF39
000314	0008	RETURN


		PRINT135
000315	084B	MOVF SYSPRINTDATAHANDLER,W
000316	0084	MOVWF FSR
000317	1383	BCF STATUS, IRP
000318	184C	BTFSC SYSPRINTDATAHANDLER_H,0
000319	1783	BSF STATUS, IRP
00031A	0800	MOVF INDF,W
00031B	00C4	MOVWF PRINTLEN
00031C	08C4	MOVF PRINTLEN,F
00031D	1903	BTFSC STATUS, Z
00031E	0008	RETURN
		ENDIF18
00031F	1586	BSF PORTB,3
000320	01CD	CLRF SYSPRINTTEMP
000321	3001	MOVLW 1
000322	0244	SUBWF PRINTLEN,W
000323	1C03	BTFSS STATUS, C
000324	2B35	GOTO SYSFORLOOPEND1
		ENDIF19
		SYSFORLOOP1
000325	0ACD	INCF SYSPRINTTEMP,F
000326	084D	MOVF SYSPRINTTEMP,W
000327	074B	ADDWF SYSPRINTDATAHANDLER,W
000328	0084	MOVWF FSR
000329	1383	BCF STATUS, IRP
00032A	184C	BTFSC SYSPRINTDATAHANDLER_H,0
00032B	1783	BSF STATUS, IRP
00032C	0800	MOVF INDF,W
00032D	00B6	MOVWF LCDBYTE
000000	158A	PAGESEL LCDNORMALWRITEBYTE
00032F	20C6	CALL LCDNORMALWRITEBYTE
000000	118A	PAGESEL $
000331	0844	MOVF PRINTLEN,W
000332	024D	SUBWF SYSPRINTTEMP,W
000333	1C03	BTFSS STATUS, C
000334	2B25	GOTO SYSFORLOOP1
		ENDIF20
		SYSFORLOOPEND1
000335	0008	RETURN


		PRINTDATE
		SYSSELECT1CASE1
000336	08A4	MOVF DOW,F
000337	1D03	BTFSS STATUS, Z
000338	2B4A	GOTO SYSSELECT1CASE2
000339	30B1	MOVLW LOW SYSSTRINGPARAM5
00033A	00F2	MOVWF SYSSTRINGB
00033B	3000	MOVLW HIGH SYSSTRINGPARAM5
00033C	00F3	MOVWF SYSSTRINGB_H
00033D	3027	MOVLW LOW STRINGTABLE7
00033E	00F7	MOVWF SYSSTRINGA
00033F	3006	MOVLW HIGH STRINGTABLE7
000340	00F8	MOVWF SYSSTRINGA_H
000000	158A	PAGESEL SYSREADSTRING
000342	23DD	CALL SYSREADSTRING
000000	118A	PAGESEL $
000344	30B1	MOVLW LOW SYSSTRINGPARAM5
000345	00CB	MOVWF SYSPRINTDATAHANDLER
000346	3000	MOVLW HIGH SYSSTRINGPARAM5
000347	00CC	MOVWF SYSPRINTDATAHANDLER_H
000348	2315	CALL PRINT135
000349	2BE8	GOTO SYSSELECTEND1
		SYSSELECT1CASE2
00034A	0324	DECF DOW,W
00034B	1D03	BTFSS STATUS, Z
00034C	2B5E	GOTO SYSSELECT1CASE3
00034D	30B1	MOVLW LOW SYSSTRINGPARAM5
00034E	00F2	MOVWF SYSSTRINGB
00034F	3000	MOVLW HIGH SYSSTRINGPARAM5
000350	00F3	MOVWF SYSSTRINGB_H
000351	302C	MOVLW LOW STRINGTABLE8
000352	00F7	MOVWF SYSSTRINGA
000353	3006	MOVLW HIGH STRINGTABLE8
000354	00F8	MOVWF SYSSTRINGA_H
000000	158A	PAGESEL SYSREADSTRING
000356	23DD	CALL SYSREADSTRING
000000	118A	PAGESEL $
000358	30B1	MOVLW LOW SYSSTRINGPARAM5
000359	00CB	MOVWF SYSPRINTDATAHANDLER
00035A	3000	MOVLW HIGH SYSSTRINGPARAM5
00035B	00CC	MOVWF SYSPRINTDATAHANDLER_H
00035C	2315	CALL PRINT135
00035D	2BE8	GOTO SYSSELECTEND1
		SYSSELECT1CASE3
00035E	3002	MOVLW 2
00035F	0224	SUBWF DOW,W
000360	1D03	BTFSS STATUS, Z
000361	2B73	GOTO SYSSELECT1CASE4
000362	30B1	MOVLW LOW SYSSTRINGPARAM5
000363	00F2	MOVWF SYSSTRINGB
000364	3000	MOVLW HIGH SYSSTRINGPARAM5
000365	00F3	MOVWF SYSSTRINGB_H
000366	3031	MOVLW LOW STRINGTABLE9
000367	00F7	MOVWF SYSSTRINGA
000368	3006	MOVLW HIGH STRINGTABLE9
000369	00F8	MOVWF SYSSTRINGA_H
000000	158A	PAGESEL SYSREADSTRING
00036B	23DD	CALL SYSREADSTRING
000000	118A	PAGESEL $
00036D	30B1	MOVLW LOW SYSSTRINGPARAM5
00036E	00CB	MOVWF SYSPRINTDATAHANDLER
00036F	3000	MOVLW HIGH SYSSTRINGPARAM5
000370	00CC	MOVWF SYSPRINTDATAHANDLER_H
000371	2315	CALL PRINT135
000372	2BE8	GOTO SYSSELECTEND1
		SYSSELECT1CASE4
000373	3003	MOVLW 3
000374	0224	SUBWF DOW,W
000375	1D03	BTFSS STATUS, Z
000376	2B88	GOTO SYSSELECT1CASE5
000377	30B1	MOVLW LOW SYSSTRINGPARAM5
000378	00F2	MOVWF SYSSTRINGB
000379	3000	MOVLW HIGH SYSSTRINGPARAM5
00037A	00F3	MOVWF SYSSTRINGB_H
00037B	3036	MOVLW LOW STRINGTABLE10
00037C	00F7	MOVWF SYSSTRINGA
00037D	3006	MOVLW HIGH STRINGTABLE10
00037E	00F8	MOVWF SYSSTRINGA_H
000000	158A	PAGESEL SYSREADSTRING
000380	23DD	CALL SYSREADSTRING
000000	118A	PAGESEL $
000382	30B1	MOVLW LOW SYSSTRINGPARAM5
000383	00CB	MOVWF SYSPRINTDATAHANDLER
000384	3000	MOVLW HIGH SYSSTRINGPARAM5
000385	00CC	MOVWF SYSPRINTDATAHANDLER_H
000386	2315	CALL PRINT135
000387	2BE8	GOTO SYSSELECTEND1
		SYSSELECT1CASE5
000388	3004	MOVLW 4
000389	0224	SUBWF DOW,W
00038A	1D03	BTFSS STATUS, Z
00038B	2B9D	GOTO SYSSELECT1CASE6
00038C	30B1	MOVLW LOW SYSSTRINGPARAM5
00038D	00F2	MOVWF SYSSTRINGB
00038E	3000	MOVLW HIGH SYSSTRINGPARAM5
00038F	00F3	MOVWF SYSSTRINGB_H
000390	303B	MOVLW LOW STRINGTABLE11
000391	00F7	MOVWF SYSSTRINGA
000392	3006	MOVLW HIGH STRINGTABLE11
000393	00F8	MOVWF SYSSTRINGA_H
000000	158A	PAGESEL SYSREADSTRING
000395	23DD	CALL SYSREADSTRING
000000	118A	PAGESEL $
000397	30B1	MOVLW LOW SYSSTRINGPARAM5
000398	00CB	MOVWF SYSPRINTDATAHANDLER
000399	3000	MOVLW HIGH SYSSTRINGPARAM5
00039A	00CC	MOVWF SYSPRINTDATAHANDLER_H
00039B	2315	CALL PRINT135
00039C	2BE8	GOTO SYSSELECTEND1
		SYSSELECT1CASE6
00039D	3005	MOVLW 5
00039E	0224	SUBWF DOW,W
00039F	1D03	BTFSS STATUS, Z
0003A0	2BB2	GOTO SYSSELECT1CASE7
0003A1	30B1	MOVLW LOW SYSSTRINGPARAM5
0003A2	00F2	MOVWF SYSSTRINGB
0003A3	3000	MOVLW HIGH SYSSTRINGPARAM5
0003A4	00F3	MOVWF SYSSTRINGB_H
0003A5	3040	MOVLW LOW STRINGTABLE12
0003A6	00F7	MOVWF SYSSTRINGA
0003A7	3006	MOVLW HIGH STRINGTABLE12
0003A8	00F8	MOVWF SYSSTRINGA_H
000000	158A	PAGESEL SYSREADSTRING
0003AA	23DD	CALL SYSREADSTRING
000000	118A	PAGESEL $
0003AC	30B1	MOVLW LOW SYSSTRINGPARAM5
0003AD	00CB	MOVWF SYSPRINTDATAHANDLER
0003AE	3000	MOVLW HIGH SYSSTRINGPARAM5
0003AF	00CC	MOVWF SYSPRINTDATAHANDLER_H
0003B0	2315	CALL PRINT135
0003B1	2BE8	GOTO SYSSELECTEND1
		SYSSELECT1CASE7
0003B2	3006	MOVLW 6
0003B3	0224	SUBWF DOW,W
0003B4	1D03	BTFSS STATUS, Z
0003B5	2BC7	GOTO SYSSELECT1CASE8
0003B6	30B1	MOVLW LOW SYSSTRINGPARAM5
0003B7	00F2	MOVWF SYSSTRINGB
0003B8	3000	MOVLW HIGH SYSSTRINGPARAM5
0003B9	00F3	MOVWF SYSSTRINGB_H
0003BA	3045	MOVLW LOW STRINGTABLE13
0003BB	00F7	MOVWF SYSSTRINGA
0003BC	3006	MOVLW HIGH STRINGTABLE13
0003BD	00F8	MOVWF SYSSTRINGA_H
000000	158A	PAGESEL SYSREADSTRING
0003BF	23DD	CALL SYSREADSTRING
000000	118A	PAGESEL $
0003C1	30B1	MOVLW LOW SYSSTRINGPARAM5
0003C2	00CB	MOVWF SYSPRINTDATAHANDLER
0003C3	3000	MOVLW HIGH SYSSTRINGPARAM5
0003C4	00CC	MOVWF SYSPRINTDATAHANDLER_H
0003C5	2315	CALL PRINT135
0003C6	2BE8	GOTO SYSSELECTEND1
		SYSSELECT1CASE8
0003C7	0824	MOVF DOW,W
0003C8	00DC	MOVWF SYSVALTEMP
0003C9	01DD	CLRF SYSVALTEMP_H
0003CA	253D	CALL FN_STR
0003CB	30B1	MOVLW LOW SYSSTRINGPARAM5
0003CC	00F2	MOVWF SYSSTRINGB
0003CD	3000	MOVLW HIGH SYSSTRINGPARAM5
0003CE	00F3	MOVWF SYSSTRINGB_H
0003CF	01F6	CLRF SYSSTRINGLENGTH
0003D0	3029	MOVLW LOW STR
0003D1	00F7	MOVWF SYSSTRINGA
0003D2	3001	MOVLW HIGH STR
0003D3	00F8	MOVWF SYSSTRINGA_H
000000	158A	PAGESEL SYSCOPYSTRINGPART
0003D5	2367	CALL SYSCOPYSTRINGPART
000000	118A	PAGESEL $
0003D7	301F	MOVLW LOW STRINGTABLE5
0003D8	00F7	MOVWF SYSSTRINGA
0003D9	3006	MOVLW HIGH STRINGTABLE5
0003DA	00F8	MOVWF SYSSTRINGA_H
000000	158A	PAGESEL SYSREADSTRINGPART
0003DC	23E9	CALL SYSREADSTRINGPART
000000	118A	PAGESEL $
0003DE	30B1	MOVLW LOW SYSSTRINGPARAM5
0003DF	0084	MOVWF FSR
0003E0	1383	BANKISEL SYSSTRINGPARAM5
0003E1	0876	MOVF SYSSTRINGLENGTH,W
0003E2	0080	MOVWF INDF
0003E3	30B1	MOVLW LOW SYSSTRINGPARAM5
0003E4	00CB	MOVWF SYSPRINTDATAHANDLER
0003E5	3000	MOVLW HIGH SYSSTRINGPARAM5
0003E6	00CC	MOVWF SYSPRINTDATAHANDLER_H
0003E7	2315	CALL PRINT135
		SYSSELECTEND1
0003E8	0821	MOVF DATE,W
0003E9	00BC	MOVWF LCDVALUE
000000	158A	PAGESEL PRINT136
0003EB	2251	CALL PRINT136
000000	118A	PAGESEL $
0003ED	30B1	MOVLW LOW SYSSTRINGPARAM5
0003EE	00F2	MOVWF SYSSTRINGB
0003EF	3000	MOVLW HIGH SYSSTRINGPARAM5
0003F0	00F3	MOVWF SYSSTRINGB_H
0003F1	304A	MOVLW LOW STRINGTABLE14
0003F2	00F7	MOVWF SYSSTRINGA
0003F3	3006	MOVLW HIGH STRINGTABLE14
0003F4	00F8	MOVWF SYSSTRINGA_H
000000	158A	PAGESEL SYSREADSTRING
0003F6	23DD	CALL SYSREADSTRING
000000	118A	PAGESEL $
0003F8	30B1	MOVLW LOW SYSSTRINGPARAM5
0003F9	00CB	MOVWF SYSPRINTDATAHANDLER
0003FA	3000	MOVLW HIGH SYSSTRINGPARAM5
0003FB	00CC	MOVWF SYSPRINTDATAHANDLER_H
0003FC	2315	CALL PRINT135
0003FD	0840	MOVF MONTH,W
0003FE	00BC	MOVWF LCDVALUE
000000	158A	PAGESEL PRINT136
000400	2251	CALL PRINT136
000000	118A	PAGESEL $
000402	30B1	MOVLW LOW SYSSTRINGPARAM5
000403	00F2	MOVWF SYSSTRINGB
000404	3000	MOVLW HIGH SYSSTRINGPARAM5
000405	00F3	MOVWF SYSSTRINGB_H
000406	304C	MOVLW LOW STRINGTABLE15
000407	00F7	MOVWF SYSSTRINGA
000408	3006	MOVLW HIGH STRINGTABLE15
000409	00F8	MOVWF SYSSTRINGA_H
000000	158A	PAGESEL SYSREADSTRING
00040B	23DD	CALL SYSREADSTRING
000000	118A	PAGESEL $
00040D	30B1	MOVLW LOW SYSSTRINGPARAM5
00040E	00CB	MOVWF SYSPRINTDATAHANDLER
00040F	3000	MOVLW HIGH SYSSTRINGPARAM5
000410	00CC	MOVWF SYSPRINTDATAHANDLER_H
000411	2315	CALL PRINT135
000412	300A	MOVLW 10
000413	025F	SUBWF YEAR,W
000414	1803	BTFSC STATUS, C
000415	2C26	GOTO ENDIF52
000416	30B1	MOVLW LOW SYSSTRINGPARAM5
000417	00F2	MOVWF SYSSTRINGB
000418	3000	MOVLW HIGH SYSSTRINGPARAM5
000419	00F3	MOVWF SYSSTRINGB_H
00041A	301D	MOVLW LOW STRINGTABLE4
00041B	00F7	MOVWF SYSSTRINGA
00041C	3006	MOVLW HIGH STRINGTABLE4
00041D	00F8	MOVWF SYSSTRINGA_H
000000	158A	PAGESEL SYSREADSTRING
00041F	23DD	CALL SYSREADSTRING
000000	118A	PAGESEL $
000421	30B1	MOVLW LOW SYSSTRINGPARAM5
000422	00CB	MOVWF SYSPRINTDATAHANDLER
000423	3000	MOVLW HIGH SYSSTRINGPARAM5
000424	00CC	MOVWF SYSPRINTDATAHANDLER_H
000425	2315	CALL PRINT135
		ENDIF52
000426	085F	MOVF YEAR,W
000427	00BC	MOVWF LCDVALUE
000000	158A	PAGESEL PRINT136
000429	2251	CALL PRINT136
000000	118A	PAGESEL $
00042B	30B1	MOVLW LOW SYSSTRINGPARAM5
00042C	00F2	MOVWF SYSSTRINGB
00042D	3000	MOVLW HIGH SYSSTRINGPARAM5
00042E	00F3	MOVWF SYSSTRINGB_H
00042F	3050	MOVLW LOW STRINGTABLE16
000430	00F7	MOVWF SYSSTRINGA
000431	3006	MOVLW HIGH STRINGTABLE16
000432	00F8	MOVWF SYSSTRINGA_H
000000	158A	PAGESEL SYSREADSTRING
000434	23DD	CALL SYSREADSTRING
000000	118A	PAGESEL $
000436	30B1	MOVLW LOW SYSSTRINGPARAM5
000437	00CB	MOVWF SYSPRINTDATAHANDLER
000438	3000	MOVLW HIGH SYSSTRINGPARAM5
000439	00CC	MOVWF SYSPRINTDATAHANDLER_H
00043A	2B15	GOTO PRINT135


		PRINTTIME
00043B	300A	MOVLW 10
00043C	022F	SUBWF HOUR,W
00043D	1803	BTFSC STATUS, C
00043E	2C4F	GOTO ENDIF48
00043F	30DB	MOVLW LOW SYSSTRINGPARAM3
000440	00F2	MOVWF SYSSTRINGB
000441	3000	MOVLW HIGH SYSSTRINGPARAM3
000442	00F3	MOVWF SYSSTRINGB_H
000443	301D	MOVLW LOW STRINGTABLE4
000444	00F7	MOVWF SYSSTRINGA
000445	3006	MOVLW HIGH STRINGTABLE4
000446	00F8	MOVWF SYSSTRINGA_H
000000	158A	PAGESEL SYSREADSTRING
000448	23DD	CALL SYSREADSTRING
000000	118A	PAGESEL $
00044A	30DB	MOVLW LOW SYSSTRINGPARAM3
00044B	00CB	MOVWF SYSPRINTDATAHANDLER
00044C	3000	MOVLW HIGH SYSSTRINGPARAM3
00044D	00CC	MOVWF SYSPRINTDATAHANDLER_H
00044E	2315	CALL PRINT135
		ENDIF48
00044F	082F	MOVF HOUR,W
000450	00BC	MOVWF LCDVALUE
000000	158A	PAGESEL PRINT136
000452	2251	CALL PRINT136
000000	118A	PAGESEL $
000454	30DB	MOVLW LOW SYSSTRINGPARAM3
000455	00F2	MOVWF SYSSTRINGB
000456	3000	MOVLW HIGH SYSSTRINGPARAM3
000457	00F3	MOVWF SYSSTRINGB_H
000458	301F	MOVLW LOW STRINGTABLE5
000459	00F7	MOVWF SYSSTRINGA
00045A	3006	MOVLW HIGH STRINGTABLE5
00045B	00F8	MOVWF SYSSTRINGA_H
000000	158A	PAGESEL SYSREADSTRING
00045D	23DD	CALL SYSREADSTRING
000000	118A	PAGESEL $
00045F	30DB	MOVLW LOW SYSSTRINGPARAM3
000460	00CB	MOVWF SYSPRINTDATAHANDLER
000461	3000	MOVLW HIGH SYSSTRINGPARAM3
000462	00CC	MOVWF SYSPRINTDATAHANDLER_H
000463	2315	CALL PRINT135
000464	300A	MOVLW 10
000465	023F	SUBWF MIN,W
000466	1803	BTFSC STATUS, C
000467	2C78	GOTO ENDIF49
000468	30DB	MOVLW LOW SYSSTRINGPARAM3
000469	00F2	MOVWF SYSSTRINGB
00046A	3000	MOVLW HIGH SYSSTRINGPARAM3
00046B	00F3	MOVWF SYSSTRINGB_H
00046C	301D	MOVLW LOW STRINGTABLE4
00046D	00F7	MOVWF SYSSTRINGA
00046E	3006	MOVLW HIGH STRINGTABLE4
00046F	00F8	MOVWF SYSSTRINGA_H
000000	158A	PAGESEL SYSREADSTRING
000471	23DD	CALL SYSREADSTRING
000000	118A	PAGESEL $
000473	30DB	MOVLW LOW SYSSTRINGPARAM3
000474	00CB	MOVWF SYSPRINTDATAHANDLER
000475	3000	MOVLW HIGH SYSSTRINGPARAM3
000476	00CC	MOVWF SYSPRINTDATAHANDLER_H
000477	2315	CALL PRINT135
		ENDIF49
000478	083F	MOVF MIN,W
000479	00BC	MOVWF LCDVALUE
000000	158A	PAGESEL PRINT136
00047B	2251	CALL PRINT136
000000	118A	PAGESEL $
00047D	30DB	MOVLW LOW SYSSTRINGPARAM3
00047E	00F2	MOVWF SYSSTRINGB
00047F	3000	MOVLW HIGH SYSSTRINGPARAM3
000480	00F3	MOVWF SYSSTRINGB_H
000481	301F	MOVLW LOW STRINGTABLE5
000482	00F7	MOVWF SYSSTRINGA
000483	3006	MOVLW HIGH STRINGTABLE5
000484	00F8	MOVWF SYSSTRINGA_H
000000	158A	PAGESEL SYSREADSTRING
000486	23DD	CALL SYSREADSTRING
000000	118A	PAGESEL $
000488	30DB	MOVLW LOW SYSSTRINGPARAM3
000489	00CB	MOVWF SYSPRINTDATAHANDLER
00048A	3000	MOVLW HIGH SYSSTRINGPARAM3
00048B	00CC	MOVWF SYSPRINTDATAHANDLER_H
00048C	2315	CALL PRINT135
00048D	300A	MOVLW 10
00048E	0245	SUBWF SEC,W
00048F	1803	BTFSC STATUS, C
000490	2CA1	GOTO ENDIF50
000491	30DB	MOVLW LOW SYSSTRINGPARAM3
000492	00F2	MOVWF SYSSTRINGB
000493	3000	MOVLW HIGH SYSSTRINGPARAM3
000494	00F3	MOVWF SYSSTRINGB_H
000495	301D	MOVLW LOW STRINGTABLE4
000496	00F7	MOVWF SYSSTRINGA
000497	3006	MOVLW HIGH STRINGTABLE4
000498	00F8	MOVWF SYSSTRINGA_H
000000	158A	PAGESEL SYSREADSTRING
00049A	23DD	CALL SYSREADSTRING
000000	118A	PAGESEL $
00049C	30DB	MOVLW LOW SYSSTRINGPARAM3
00049D	00CB	MOVWF SYSPRINTDATAHANDLER
00049E	3000	MOVLW HIGH SYSSTRINGPARAM3
00049F	00CC	MOVWF SYSPRINTDATAHANDLER_H
0004A0	2315	CALL PRINT135
		ENDIF50
0004A1	0845	MOVF SEC,W
0004A2	00BC	MOVWF LCDVALUE
000000	158A	PAGESEL PRINT136
0004A4	2251	CALL PRINT136
000000	118A	PAGESEL $
0004A6	30DB	MOVLW LOW SYSSTRINGPARAM3
0004A7	00F2	MOVWF SYSSTRINGB
0004A8	3000	MOVLW HIGH SYSSTRINGPARAM3
0004A9	00F3	MOVWF SYSSTRINGB_H
0004AA	3021	MOVLW LOW STRINGTABLE6
0004AB	00F7	MOVWF SYSSTRINGA
0004AC	3006	MOVLW HIGH STRINGTABLE6
0004AD	00F8	MOVWF SYSSTRINGA_H
000000	158A	PAGESEL SYSREADSTRING
0004AF	23DD	CALL SYSREADSTRING
000000	118A	PAGESEL $
0004B1	30DB	MOVLW LOW SYSSTRINGPARAM3
0004B2	00CB	MOVWF SYSPRINTDATAHANDLER
0004B3	3000	MOVLW HIGH SYSSTRINGPARAM3
0004B4	00CC	MOVWF SYSPRINTDATAHANDLER_H
0004B5	2B15	GOTO PRINT135


		SHOWALARM
000000	158A	PAGESEL CLS
0004B7	2017	CALL CLS
000000	118A	PAGESEL $
0004B9	3001	MOVLW 1
0004BA	00BA	MOVWF LCDLINE
0004BB	01B8	CLRF LCDCOLUMN
000000	158A	PAGESEL LOCATE
0004BD	20F6	CALL LOCATE
000000	118A	PAGESEL $
0004BF	302F	MOVLW LOW SYSSTRINGPARAM2
0004C0	00F2	MOVWF SYSSTRINGB
0004C1	3001	MOVLW HIGH SYSSTRINGPARAM2
0004C2	00F3	MOVWF SYSSTRINGB_H
0004C3	30C0	MOVLW LOW STRINGTABLE26
0004C4	00F7	MOVWF SYSSTRINGA
0004C5	3006	MOVLW HIGH STRINGTABLE26
0004C6	00F8	MOVWF SYSSTRINGA_H
000000	158A	PAGESEL SYSREADSTRING
0004C8	23DD	CALL SYSREADSTRING
000000	118A	PAGESEL $
0004CA	302F	MOVLW LOW SYSSTRINGPARAM2
0004CB	00CB	MOVWF SYSPRINTDATAHANDLER
0004CC	3001	MOVLW HIGH SYSSTRINGPARAM2
0004CD	00CC	MOVWF SYSPRINTDATAHANDLER_H
0004CE	2315	CALL PRINT135
0004CF	300A	MOVLW 10
0004D0	00AA	MOVWF DS_REG
000000	158A	PAGESEL PCF85X3_READREGISTER
0004D2	218C	CALL PCF85X3_READREGISTER
000000	118A	PAGESEL $
0004D4	082C	MOVF DS_VAL,W
0004D5	00C1	MOVWF MYREG
0004D6	307F	MOVLW 127
0004D7	0541	ANDWF MYREG,W
0004D8	00DE	MOVWF VA
000000	158A	PAGESEL FN_BCDTODEC
0004DA	2000	CALL FN_BCDTODEC
000000	118A	PAGESEL $
0004DC	0820	MOVF BCDTODEC,W
0004DD	00DC	MOVWF SYSVALTEMP
0004DE	01DD	CLRF SYSVALTEMP_H
0004DF	253D	CALL FN_STR
0004E0	3029	MOVLW LOW STR
0004E1	00D6	MOVWF SYSSYSINSTRINGHANDLER
0004E2	3001	MOVLW HIGH STR
0004E3	00D7	MOVWF SYSSYSINSTRINGHANDLER_H
0004E4	3002	MOVLW 2
0004E5	00D3	MOVWF SYSSTRLEN
0004E6	302F	MOVLW LOW SYSSTRINGPARAM2
0004E7	00F2	MOVWF SYSSTRINGB
0004E8	3001	MOVLW HIGH SYSSTRINGPARAM2
0004E9	00F3	MOVWF SYSSTRINGB_H
0004EA	301D	MOVLW LOW STRINGTABLE4
0004EB	00F7	MOVWF SYSSTRINGA
0004EC	3006	MOVLW HIGH STRINGTABLE4
0004ED	00F8	MOVWF SYSSTRINGA_H
000000	158A	PAGESEL SYSREADSTRING
0004EF	23DD	CALL SYSREADSTRING
000000	118A	PAGESEL $
0004F1	302F	MOVLW LOW SYSSTRINGPARAM2
0004F2	00D4	MOVWF SYSSYSINSTRING2HANDLER
0004F3	3001	MOVLW HIGH SYSSTRINGPARAM2
0004F4	00D5	MOVWF SYSSYSINSTRING2HANDLER_H
0004F5	22A8	CALL FN_LEFTPAD
0004F6	3059	MOVLW LOW LEFTPAD
0004F7	00CB	MOVWF SYSPRINTDATAHANDLER
0004F8	3001	MOVLW HIGH LEFTPAD
0004F9	00CC	MOVWF SYSPRINTDATAHANDLER_H
0004FA	2315	CALL PRINT135
0004FB	302F	MOVLW LOW SYSSTRINGPARAM2
0004FC	00F2	MOVWF SYSSTRINGB
0004FD	3001	MOVLW HIGH SYSSTRINGPARAM2
0004FE	00F3	MOVWF SYSSTRINGB_H
0004FF	301F	MOVLW LOW STRINGTABLE5
000500	00F7	MOVWF SYSSTRINGA
000501	3006	MOVLW HIGH STRINGTABLE5
000502	00F8	MOVWF SYSSTRINGA_H
000000	158A	PAGESEL SYSREADSTRING
000504	23DD	CALL SYSREADSTRING
000000	118A	PAGESEL $
000506	302F	MOVLW LOW SYSSTRINGPARAM2
000507	00CB	MOVWF SYSPRINTDATAHANDLER
000508	3001	MOVLW HIGH SYSSTRINGPARAM2
000509	00CC	MOVWF SYSPRINTDATAHANDLER_H
00050A	2315	CALL PRINT135
00050B	3009	MOVLW 9
00050C	00AA	MOVWF DS_REG
000000	158A	PAGESEL PCF85X3_READREGISTER
00050E	218C	CALL PCF85X3_READREGISTER
000000	118A	PAGESEL $
000510	082C	MOVF DS_VAL,W
000511	00C1	MOVWF MYREG
000512	307F	MOVLW 127
000513	0541	ANDWF MYREG,W
000514	00DE	MOVWF VA
000000	158A	PAGESEL FN_BCDTODEC
000516	2000	CALL FN_BCDTODEC
000000	118A	PAGESEL $
000518	0820	MOVF BCDTODEC,W
000519	00DC	MOVWF SYSVALTEMP
00051A	01DD	CLRF SYSVALTEMP_H
00051B	253D	CALL FN_STR
00051C	3029	MOVLW LOW STR
00051D	00D6	MOVWF SYSSYSINSTRINGHANDLER
00051E	3001	MOVLW HIGH STR
00051F	00D7	MOVWF SYSSYSINSTRINGHANDLER_H
000520	3002	MOVLW 2
000521	00D3	MOVWF SYSSTRLEN
000522	302F	MOVLW LOW SYSSTRINGPARAM2
000523	00F2	MOVWF SYSSTRINGB
000524	3001	MOVLW HIGH SYSSTRINGPARAM2
000525	00F3	MOVWF SYSSTRINGB_H
000526	301D	MOVLW LOW STRINGTABLE4
000527	00F7	MOVWF SYSSTRINGA
000528	3006	MOVLW HIGH STRINGTABLE4
000529	00F8	MOVWF SYSSTRINGA_H
000000	158A	PAGESEL SYSREADSTRING
00052B	23DD	CALL SYSREADSTRING
000000	118A	PAGESEL $
00052D	302F	MOVLW LOW SYSSTRINGPARAM2
00052E	00D4	MOVWF SYSSYSINSTRING2HANDLER
00052F	3001	MOVLW HIGH SYSSTRINGPARAM2
000530	00D5	MOVWF SYSSYSINSTRING2HANDLER_H
000531	22A8	CALL FN_LEFTPAD
000532	3059	MOVLW LOW LEFTPAD
000533	00CB	MOVWF SYSPRINTDATAHANDLER
000534	3001	MOVLW HIGH LEFTPAD
000535	00CC	MOVWF SYSPRINTDATAHANDLER_H
000536	2315	CALL PRINT135
000537	3002	MOVLW 2
000538	00F4	MOVWF SYSWAITTEMPS
000000	158A	PAGESEL DELAY_S
00053A	2050	CALL DELAY_S
000000	118A	PAGESEL $
00053C	0008	RETURN


		FN_STR
00053D	01CA	CLRF SYSCHARCOUNT
00053E	085C	MOVF SYSVALTEMP,W
00053F	00F5	MOVWF SYSWORDTEMPA
000540	085D	MOVF SYSVALTEMP_H,W
000541	00F6	MOVWF SYSWORDTEMPA_H
000542	3010	MOVLW 16
000543	00F9	MOVWF SYSWORDTEMPB
000544	3027	MOVLW 39
000545	00FA	MOVWF SYSWORDTEMPB_H
000000	158A	PAGESEL SYSCOMPLESSTHAN16
000547	2349	CALL SYSCOMPLESSTHAN16
000000	118A	PAGESEL $
000549	09F0	COMF SYSBYTETEMPX,F
00054A	1C70	BTFSS SYSBYTETEMPX,0
00054B	2D66	GOTO ENDIF35
00054C	085C	MOVF SYSVALTEMP,W
00054D	00F5	MOVWF SYSWORDTEMPA
00054E	085D	MOVF SYSVALTEMP_H,W
00054F	00F6	MOVWF SYSWORDTEMPA_H
000550	3010	MOVLW 16
000551	00F9	MOVWF SYSWORDTEMPB
000552	3027	MOVLW 39
000553	00FA	MOVWF SYSWORDTEMPB_H
000000	158A	PAGESEL SYSDIVSUB16
000555	2399	CALL SYSDIVSUB16
000000	118A	PAGESEL $
000557	0875	MOVF SYSWORDTEMPA,W
000558	00D1	MOVWF SYSSTRDATA
000559	0870	MOVF SYSCALCTEMPX,W
00055A	00DC	MOVWF SYSVALTEMP
00055B	0871	MOVF SYSCALCTEMPX_H,W
00055C	00DD	MOVWF SYSVALTEMP_H
00055D	0ACA	INCF SYSCHARCOUNT,F
00055E	3029	MOVLW LOW(STR)
00055F	074A	ADDWF SYSCHARCOUNT,W
000560	0084	MOVWF FSR
000561	1783	BANKISEL STR
000562	3030	MOVLW 48
000563	0751	ADDWF SYSSTRDATA,W
000564	0080	MOVWF INDF
000565	2D74	GOTO SYSVALTHOUSANDS
		ENDIF35
000566	085C	MOVF SYSVALTEMP,W
000567	00F5	MOVWF SYSWORDTEMPA
000568	085D	MOVF SYSVALTEMP_H,W
000569	00F6	MOVWF SYSWORDTEMPA_H
00056A	30E8	MOVLW 232
00056B	00F9	MOVWF SYSWORDTEMPB
00056C	3003	MOVLW 3
00056D	00FA	MOVWF SYSWORDTEMPB_H
000000	158A	PAGESEL SYSCOMPLESSTHAN16
00056F	2349	CALL SYSCOMPLESSTHAN16
000000	118A	PAGESEL $
000571	09F0	COMF SYSBYTETEMPX,F
000572	1C70	BTFSS SYSBYTETEMPX,0
000573	2D8E	GOTO ENDIF36
		SYSVALTHOUSANDS
000574	085C	MOVF SYSVALTEMP,W
000575	00F5	MOVWF SYSWORDTEMPA
000576	085D	MOVF SYSVALTEMP_H,W
000577	00F6	MOVWF SYSWORDTEMPA_H
000578	30E8	MOVLW 232
000579	00F9	MOVWF SYSWORDTEMPB
00057A	3003	MOVLW 3
00057B	00FA	MOVWF SYSWORDTEMPB_H
000000	158A	PAGESEL SYSDIVSUB16
00057D	2399	CALL SYSDIVSUB16
000000	118A	PAGESEL $
00057F	0875	MOVF SYSWORDTEMPA,W
000580	00D1	MOVWF SYSSTRDATA
000581	0870	MOVF SYSCALCTEMPX,W
000582	00DC	MOVWF SYSVALTEMP
000583	0871	MOVF SYSCALCTEMPX_H,W
000584	00DD	MOVWF SYSVALTEMP_H
000585	0ACA	INCF SYSCHARCOUNT,F
000586	3029	MOVLW LOW(STR)
000587	074A	ADDWF SYSCHARCOUNT,W
000588	0084	MOVWF FSR
000589	1783	BANKISEL STR
00058A	3030	MOVLW 48
00058B	0751	ADDWF SYSSTRDATA,W
00058C	0080	MOVWF INDF
00058D	2D9B	GOTO SYSVALHUNDREDS
		ENDIF36
00058E	085C	MOVF SYSVALTEMP,W
00058F	00F5	MOVWF SYSWORDTEMPA
000590	085D	MOVF SYSVALTEMP_H,W
000591	00F6	MOVWF SYSWORDTEMPA_H
000592	3064	MOVLW 100
000593	00F9	MOVWF SYSWORDTEMPB
000594	01FA	CLRF SYSWORDTEMPB_H
000000	158A	PAGESEL SYSCOMPLESSTHAN16
000596	2349	CALL SYSCOMPLESSTHAN16
000000	118A	PAGESEL $
000598	09F0	COMF SYSBYTETEMPX,F
000599	1C70	BTFSS SYSBYTETEMPX,0
00059A	2DB4	GOTO ENDIF37
		SYSVALHUNDREDS
00059B	085C	MOVF SYSVALTEMP,W
00059C	00F5	MOVWF SYSWORDTEMPA
00059D	085D	MOVF SYSVALTEMP_H,W
00059E	00F6	MOVWF SYSWORDTEMPA_H
00059F	3064	MOVLW 100
0005A0	00F9	MOVWF SYSWORDTEMPB
0005A1	01FA	CLRF SYSWORDTEMPB_H
000000	158A	PAGESEL SYSDIVSUB16
0005A3	2399	CALL SYSDIVSUB16
000000	118A	PAGESEL $
0005A5	0875	MOVF SYSWORDTEMPA,W
0005A6	00D1	MOVWF SYSSTRDATA
0005A7	0870	MOVF SYSCALCTEMPX,W
0005A8	00DC	MOVWF SYSVALTEMP
0005A9	0871	MOVF SYSCALCTEMPX_H,W
0005AA	00DD	MOVWF SYSVALTEMP_H
0005AB	0ACA	INCF SYSCHARCOUNT,F
0005AC	3029	MOVLW LOW(STR)
0005AD	074A	ADDWF SYSCHARCOUNT,W
0005AE	0084	MOVWF FSR
0005AF	1783	BANKISEL STR
0005B0	3030	MOVLW 48
0005B1	0751	ADDWF SYSSTRDATA,W
0005B2	0080	MOVWF INDF
0005B3	2DC1	GOTO SYSVALTENS
		ENDIF37
0005B4	085C	MOVF SYSVALTEMP,W
0005B5	00F5	MOVWF SYSWORDTEMPA
0005B6	085D	MOVF SYSVALTEMP_H,W
0005B7	00F6	MOVWF SYSWORDTEMPA_H
0005B8	300A	MOVLW 10
0005B9	00F9	MOVWF SYSWORDTEMPB
0005BA	01FA	CLRF SYSWORDTEMPB_H
000000	158A	PAGESEL SYSCOMPLESSTHAN16
0005BC	2349	CALL SYSCOMPLESSTHAN16
000000	118A	PAGESEL $
0005BE	09F0	COMF SYSBYTETEMPX,F
0005BF	1C70	BTFSS SYSBYTETEMPX,0
0005C0	2DD9	GOTO ENDIF38
		SYSVALTENS
0005C1	085C	MOVF SYSVALTEMP,W
0005C2	00F5	MOVWF SYSWORDTEMPA
0005C3	085D	MOVF SYSVALTEMP_H,W
0005C4	00F6	MOVWF SYSWORDTEMPA_H
0005C5	300A	MOVLW 10
0005C6	00F9	MOVWF SYSWORDTEMPB
0005C7	01FA	CLRF SYSWORDTEMPB_H
000000	158A	PAGESEL SYSDIVSUB16
0005C9	2399	CALL SYSDIVSUB16
000000	118A	PAGESEL $
0005CB	0875	MOVF SYSWORDTEMPA,W
0005CC	00D1	MOVWF SYSSTRDATA
0005CD	0870	MOVF SYSCALCTEMPX,W
0005CE	00DC	MOVWF SYSVALTEMP
0005CF	0871	MOVF SYSCALCTEMPX_H,W
0005D0	00DD	MOVWF SYSVALTEMP_H
0005D1	0ACA	INCF SYSCHARCOUNT,F
0005D2	3029	MOVLW LOW(STR)
0005D3	074A	ADDWF SYSCHARCOUNT,W
0005D4	0084	MOVWF FSR
0005D5	1783	BANKISEL STR
0005D6	3030	MOVLW 48
0005D7	0751	ADDWF SYSSTRDATA,W
0005D8	0080	MOVWF INDF
		ENDIF38
0005D9	0ACA	INCF SYSCHARCOUNT,F
0005DA	3029	MOVLW LOW(STR)
0005DB	074A	ADDWF SYSCHARCOUNT,W
0005DC	0084	MOVWF FSR
0005DD	1783	BANKISEL STR
0005DE	3030	MOVLW 48
0005DF	075C	ADDWF SYSVALTEMP,W
0005E0	0080	MOVWF INDF
0005E1	0870	MOVF SYSCALCTEMPX,W
0005E2	00DC	MOVWF SYSVALTEMP
0005E3	0871	MOVF SYSCALCTEMPX_H,W
0005E4	00DD	MOVWF SYSVALTEMP_H
0005E5	084A	MOVF SYSCHARCOUNT,W
000000	1283	BANKSEL SYSSTR_0
000000	1283 1703	BANKSEL SYSSTR_0
0005E8	00A9	MOVWF SYSSTR_0
000000	1283	BANKSEL STATUS
000000	1283 1303	BANKSEL STATUS
0005EB	0008	RETURN


		SYSCOMPLESSTHAN
0005EC	01F0	CLRF SYSBYTETEMPX
0005ED	1403	BSF STATUS, C
0005EE	0879	MOVF SYSBYTETEMPB, W
0005EF	0275	SUBWF SYSBYTETEMPA, W
0005F0	1C03	BTFSS STATUS, C
0005F1	09F0	COMF SYSBYTETEMPX,F
0005F2	0008	RETURN


		SYSSTRINGTABLES
0005F3	0878	MOVF SYSSTRINGA_H,W
0005F4	008A	MOVWF PCLATH
0005F5	0877	MOVF SYSSTRINGA,W
0005F6	0AF7	INCF SYSSTRINGA,F
0005F7	1903	BTFSC STATUS,Z
0005F8	0AF8	INCF SYSSTRINGA_H,F
0005F9	0082	MOVWF PCL

		STRINGTABLE2
0005FA	340D	RETLW 13
0005FB	3450	RETLW 80
0005FC	3443	RETLW 67
0005FD	3446	RETLW 70
0005FE	3438	RETLW 56
0005FF	3435	RETLW 53
000600	3478	RETLW 120
000601	3433	RETLW 51
000602	3420	RETLW 32
000603	3443	RETLW 67
000604	346C	RETLW 108
000605	346F	RETLW 111
000606	3463	RETLW 99
000607	346B	RETLW 107


		STRINGTABLE3
000608	3414	RETLW 20
000609	3447	RETLW 71
00060A	3472	RETLW 114
00060B	3465	RETLW 101
00060C	3461	RETLW 97
00060D	3474	RETLW 116
00060E	3420	RETLW 32
00060F	3443	RETLW 67
000610	346F	RETLW 111
000611	3477	RETLW 119
000612	3420	RETLW 32
000613	3442	RETLW 66
000614	3461	RETLW 97
000615	3473	RETLW 115
000616	3469	RETLW 105
000617	3463	RETLW 99
000618	3420	RETLW 32
000619	3432	RETLW 50
00061A	3430	RETLW 48
00061B	3431	RETLW 49
00061C	3439	RETLW 57


		STRINGTABLE4
00061D	3401	RETLW 1
00061E	3430	RETLW 48


		STRINGTABLE5
00061F	3401	RETLW 1
000620	343A	RETLW 58


		STRINGTABLE6
000621	3405	RETLW 5
000622	3420	RETLW 32
000623	3420	RETLW 32
000624	3420	RETLW 32
000625	3420	RETLW 32
000626	3420	RETLW 32


		STRINGTABLE7
000627	3404	RETLW 4
000628	3453	RETLW 83
000629	3475	RETLW 117
00062A	346E	RETLW 110
00062B	342E	RETLW 46


		STRINGTABLE8
00062C	3404	RETLW 4
00062D	344D	RETLW 77
00062E	346F	RETLW 111
00062F	346E	RETLW 110
000630	342E	RETLW 46


		STRINGTABLE9
000631	3404	RETLW 4
000632	3454	RETLW 84
000633	3475	RETLW 117
000634	3465	RETLW 101
000635	342E	RETLW 46


		STRINGTABLE10
000636	3404	RETLW 4
000637	3457	RETLW 87
000638	3465	RETLW 101
000639	3464	RETLW 100
00063A	342E	RETLW 46


		STRINGTABLE11
00063B	3404	RETLW 4
00063C	3454	RETLW 84
00063D	3468	RETLW 104
00063E	3475	RETLW 117
00063F	342E	RETLW 46


		STRINGTABLE12
000640	3404	RETLW 4
000641	3446	RETLW 70
000642	3472	RETLW 114
000643	3469	RETLW 105
000644	342E	RETLW 46


		STRINGTABLE13
000645	3404	RETLW 4
000646	3453	RETLW 83
000647	3461	RETLW 97
000648	3474	RETLW 116
000649	342E	RETLW 46


		STRINGTABLE14
00064A	3401	RETLW 1
00064B	342F	RETLW 47


		STRINGTABLE15
00064C	3403	RETLW 3
00064D	342F	RETLW 47
00064E	3432	RETLW 50
00064F	3430	RETLW 48


		STRINGTABLE16
000650	3401	RETLW 1
000651	3420	RETLW 32


		STRINGTABLE17
000652	340C	RETLW 12
000653	3453	RETLW 83
000654	3465	RETLW 101
000655	3474	RETLW 116
000656	3420	RETLW 32
000657	3457	RETLW 87
000658	3465	RETLW 101
000659	3465	RETLW 101
00065A	346B	RETLW 107
00065B	3464	RETLW 100
00065C	3461	RETLW 97
00065D	3479	RETLW 121
00065E	343A	RETLW 58


		STRINGTABLE18
00065F	340A	RETLW 10
000660	3453	RETLW 83
000661	3465	RETLW 101
000662	3474	RETLW 116
000663	3420	RETLW 32
000664	3448	RETLW 72
000665	346F	RETLW 111
000666	3475	RETLW 117
000667	3472	RETLW 114
000668	3473	RETLW 115
000669	343A	RETLW 58


		STRINGTABLE19
00066A	340C	RETLW 12
00066B	3453	RETLW 83
00066C	3465	RETLW 101
00066D	3474	RETLW 116
00066E	3420	RETLW 32
00066F	344D	RETLW 77
000670	3469	RETLW 105
000671	346E	RETLW 110
000672	3475	RETLW 117
000673	3474	RETLW 116
000674	3465	RETLW 101
000675	3473	RETLW 115
000676	343A	RETLW 58


		STRINGTABLE20
000677	340C	RETLW 12
000678	3453	RETLW 83
000679	3465	RETLW 101
00067A	3474	RETLW 116
00067B	3420	RETLW 32
00067C	3453	RETLW 83
00067D	3465	RETLW 101
00067E	3463	RETLW 99
00067F	346F	RETLW 111
000680	346E	RETLW 110
000681	3464	RETLW 100
000682	3473	RETLW 115
000683	343A	RETLW 58


		STRINGTABLE21
000684	340D	RETLW 13
000685	3450	RETLW 80
000686	3472	RETLW 114
000687	3465	RETLW 101
000688	3473	RETLW 115
000689	3473	RETLW 115
00068A	3420	RETLW 32
00068B	3453	RETLW 83
00068C	3465	RETLW 101
00068D	3474	RETLW 116
00068E	342C	RETLW 44
00068F	3420	RETLW 32
000690	346F	RETLW 111
000691	3472	RETLW 114


		STRINGTABLE22
000692	340E	RETLW 14
000693	344D	RETLW 77
000694	346F	RETLW 111
000695	3464	RETLW 100
000696	3465	RETLW 101
000697	3420	RETLW 32
000698	3474	RETLW 116
000699	346F	RETLW 111
00069A	3420	RETLW 32
00069B	3472	RETLW 114
00069C	3465	RETLW 101
00069D	3476	RETLW 118
00069E	3465	RETLW 101
00069F	3472	RETLW 114
0006A0	3474	RETLW 116


		STRINGTABLE23
0006A1	340A	RETLW 10
0006A2	3453	RETLW 83
0006A3	3465	RETLW 101
0006A4	3474	RETLW 116
0006A5	3420	RETLW 32
0006A6	344D	RETLW 77
0006A7	346F	RETLW 111
0006A8	346E	RETLW 110
0006A9	3474	RETLW 116
0006AA	3468	RETLW 104
0006AB	343A	RETLW 58


		STRINGTABLE24
0006AC	3409	RETLW 9
0006AD	3453	RETLW 83
0006AE	3465	RETLW 101
0006AF	3474	RETLW 116
0006B0	3420	RETLW 32
0006B1	3444	RETLW 68
0006B2	3461	RETLW 97
0006B3	3474	RETLW 116
0006B4	3465	RETLW 101
0006B5	343A	RETLW 58


		STRINGTABLE25
0006B6	3409	RETLW 9
0006B7	3453	RETLW 83
0006B8	3465	RETLW 101
0006B9	3474	RETLW 116
0006BA	3420	RETLW 32
0006BB	3459	RETLW 89
0006BC	3465	RETLW 101
0006BD	3461	RETLW 97
0006BE	3472	RETLW 114
0006BF	343A	RETLW 58


		STRINGTABLE26
0006C0	3406	RETLW 6
0006C1	3441	RETLW 65
0006C2	346C	RETLW 108
0006C3	3461	RETLW 97
0006C4	3472	RETLW 114
0006C5	346D	RETLW 109
0006C6	3420	RETLW 32


		STRINGTABLE49
0006C7	3400	RETLW 0




		FN_BCDTODEC
000800	085E	MOVF VA,W
000801	00F5	MOVWF SYSBYTETEMPA
000802	3010	MOVLW 16
000803	00F9	MOVWF SYSBYTETEMPB
000804	2385	CALL SYSDIVSUB
000805	0875	MOVF SYSBYTETEMPA,W
000806	00D8	MOVWF SYSTEMP1
000807	085E	MOVF VA,W
000808	00F5	MOVWF SYSBYTETEMPA
000809	3010	MOVLW 16
00080A	00F9	MOVWF SYSBYTETEMPB
00080B	2385	CALL SYSDIVSUB
00080C	0870	MOVF SYSBYTETEMPX,W
00080D	00DA	MOVWF SYSTEMP2
00080E	0858	MOVF SYSTEMP1,W
00080F	00F5	MOVWF SYSBYTETEMPA
000810	300A	MOVLW 10
000811	00F9	MOVWF SYSBYTETEMPB
000812	23D1	CALL SYSMULTSUB
000813	085A	MOVF SYSTEMP2,W
000814	0770	ADDWF SYSBYTETEMPX,W
000815	00A0	MOVWF BCDTODEC
000816	0008	RETURN


		CLS
000817	1186	BCF PORTB,3
000818	3001	MOVLW 1
000819	00B6	MOVWF LCDBYTE
00081A	20C6	CALL LCDNORMALWRITEBYTE
00081B	3004	MOVLW 4
00081C	00F2	MOVWF SYSWAITTEMPMS
00081D	01F3	CLRF SYSWAITTEMPMS_H
00081E	2042	CALL DELAY_MS
00081F	3080	MOVLW 128
000820	00B6	MOVWF LCDBYTE
000821	20C6	CALL LCDNORMALWRITEBYTE
000822	300C	MOVLW 12
000823	00F5	MOVWF SYSWAITTEMP10US
000824	283B	GOTO DELAY_10US


		FN_DECTOBCD
000825	085E	MOVF VA,W
000826	00F5	MOVWF SYSBYTETEMPA
000827	300A	MOVLW 10
000828	00F9	MOVWF SYSBYTETEMPB
000829	2385	CALL SYSDIVSUB
00082A	0875	MOVF SYSBYTETEMPA,W
00082B	00D8	MOVWF SYSTEMP1
00082C	00F5	MOVWF SYSBYTETEMPA
00082D	3010	MOVLW 16
00082E	00F9	MOVWF SYSBYTETEMPB
00082F	23D1	CALL SYSMULTSUB
000830	0870	MOVF SYSBYTETEMPX,W
000831	00DA	MOVWF SYSTEMP2
000832	085E	MOVF VA,W
000833	00F5	MOVWF SYSBYTETEMPA
000834	300A	MOVLW 10
000835	00F9	MOVWF SYSBYTETEMPB
000836	2385	CALL SYSDIVSUB
000837	0870	MOVF SYSBYTETEMPX,W
000838	075A	ADDWF SYSTEMP2,W
000839	00A3	MOVWF DECTOBCD
00083A	0008	RETURN


		DELAY_10US
		D10US_START
00083B	3002	MOVLW 2
00083C	00F0	MOVWF DELAYTEMP
		DELAYUS0
00083D	0BF0	DECFSZ DELAYTEMP,F
00083E	283D	GOTO DELAYUS0
00083F	0BF5	DECFSZ SYSWAITTEMP10US, F
000840	283B	GOTO D10US_START
000841	0008	RETURN


		DELAY_MS
000842	0AF3	INCF SYSWAITTEMPMS_H, F
		DMS_START
000843	308E	MOVLW 142
000844	00F1	MOVWF DELAYTEMP2
		DMS_OUTER
000845	3001	MOVLW 1
000846	00F0	MOVWF DELAYTEMP
		DMS_INNER
000847	0BF0	DECFSZ DELAYTEMP, F
000848	2847	GOTO DMS_INNER
000849	0BF1	DECFSZ DELAYTEMP2, F
00084A	2845	GOTO DMS_OUTER
00084B	0BF2	DECFSZ SYSWAITTEMPMS, F
00084C	2843	GOTO DMS_START
00084D	0BF3	DECFSZ SYSWAITTEMPMS_H, F
00084E	2843	GOTO DMS_START
00084F	0008	RETURN


		DELAY_S
		DS_START
000850	30E8	MOVLW 232
000851	00F2	MOVWF SYSWAITTEMPMS
000852	3003	MOVLW 3
000853	00F3	MOVWF SYSWAITTEMPMS_H
000854	2042	CALL DELAY_MS
000855	0BF4	DECFSZ SYSWAITTEMPS, F
000856	2850	GOTO DS_START
000857	0008	RETURN


		I2CRECEIVE
000000	1683	BANKSEL TRISA
000000	1683 1303	BANKSEL TRISA
00085A	1185	BCF TRISA,3
000000	1283	BANKSEL PORTA
000000	1283 1303	BANKSEL PORTA
00085D	1185	BCF PORTA,3
000000	1683	BANKSEL TRISA
000000	1683 1303	BANKSEL TRISA
000860	1605	BSF TRISA,4
000000	1283	BANKSEL I2CBYTE
000000	1283 1303	BANKSEL I2CBYTE
000863	01B2	CLRF I2CBYTE
000864	3008	MOVLW 8
000865	00D0	MOVWF SYSREPEATTEMP3
		SYSREPEATLOOP3
000866	0000	NOP
000000	1683	BANKSEL TRISA
000000	1683 1303	BANKSEL TRISA
000869	1585	BSF TRISA,3
		SYSWAITLOOP11
000000	1283	BANKSEL PORTA
000000	1283 1303	BANKSEL PORTA
00086C	1D85	BTFSS PORTA,3
00086D	286A	GOTO SYSWAITLOOP11
00086E	0DB2	RLF I2CBYTE,F
00086F	1032	BCF I2CBYTE,0
000870	1A05	BTFSC PORTA,4
000871	1432	BSF I2CBYTE,0
		ENDIF46
000872	0000	NOP
000000	1683	BANKSEL TRISA
000000	1683 1303	BANKSEL TRISA
000875	1185	BCF TRISA,3
000000	1283	BANKSEL PORTA
000000	1283 1303	BANKSEL PORTA
000878	1185	BCF PORTA,3
000879	0000	NOP
00087A	0BD0	DECFSZ SYSREPEATTEMP3,F
00087B	2866	GOTO SYSREPEATLOOP3
		SYSREPEATLOOPEND3
00087C	08B0	MOVF I2CACK,F
00087D	1903	BTFSC STATUS,Z
00087E	2886	GOTO ELSE47_1
000000	1683	BANKSEL TRISA
000000	1683 1303	BANKSEL TRISA
000881	1205	BCF TRISA,4
000000	1283	BANKSEL PORTA
000000	1283 1303	BANKSEL PORTA
000884	1205	BCF PORTA,4
000885	2889	GOTO ENDIF47
		ELSE47_1
000000	1683	BANKSEL TRISA
000000	1683 1303	BANKSEL TRISA
000888	1605	BSF TRISA,4
		ENDIF47
000889	0000	NOP
000000	1683	BANKSEL TRISA
000000	1683 1303	BANKSEL TRISA
00088C	1585	BSF TRISA,3
		SYSWAITLOOP12
000000	1283	BANKSEL PORTA
000000	1283 1303	BANKSEL PORTA
00088F	1D85	BTFSS PORTA,3
000890	288D	GOTO SYSWAITLOOP12
000891	0000	NOP
000000	1683	BANKSEL TRISA
000000	1683 1303	BANKSEL TRISA
000894	1185	BCF TRISA,3
000000	1283	BANKSEL PORTA
000000	1283 1303	BANKSEL PORTA
000897	1185	BCF PORTA,3
000898	0000	NOP
000899	0008	RETURN


		I2CSTART
000000	1683	BANKSEL TRISA
000000	1683 1303	BANKSEL TRISA
00089C	1605	BSF TRISA,4
00089D	1585	BSF TRISA,3
00089E	0000	NOP
00089F	1205	BCF TRISA,4
000000	1283	BANKSEL PORTA
000000	1283 1303	BANKSEL PORTA
0008A2	1205	BCF PORTA,4
0008A3	0000	NOP
000000	1683	BANKSEL TRISA
000000	1683 1303	BANKSEL TRISA
0008A6	1185	BCF TRISA,3
000000	1283	BANKSEL PORTA
000000	1283 1303	BANKSEL PORTA
0008A9	1185	BCF PORTA,3
0008AA	0008	RETURN


		I2CSTOP
000000	1683	BANKSEL TRISA
000000	1683 1303	BANKSEL TRISA
0008AD	1185	BCF TRISA,3
000000	1283	BANKSEL PORTA
000000	1283 1303	BANKSEL PORTA
0008B0	1185	BCF PORTA,3
000000	1683	BANKSEL TRISA
000000	1683 1303	BANKSEL TRISA
0008B3	1205	BCF TRISA,4
000000	1283	BANKSEL PORTA
000000	1283 1303	BANKSEL PORTA
0008B6	1205	BCF PORTA,4
0008B7	0000	NOP
000000	1683	BANKSEL TRISA
000000	1683 1303	BANKSEL TRISA
0008BA	1585	BSF TRISA,3
0008BB	0000	NOP
0008BC	1605	BSF TRISA,4
0008BD	0000	NOP
000000	1283	BANKSEL STATUS
000000	1283 1303	BANKSEL STATUS
0008C0	0008	RETURN


		LCD3_CMD
0008C1	1186	BCF PORTB,3
0008C2	083C	MOVF LCDVALUE,W
0008C3	00B6	MOVWF LCDBYTE
0008C4	28C6	GOTO LCDNORMALWRITEBYTE


		LCDBACKLIGHT
0008C5	0008	RETURN


		LCDNORMALWRITEBYTE
0008C6	01B5	CLRF LCD3_RSSTATE
0008C7	1986	BTFSC PORTB,3
0008C8	0AB5	INCF LCD3_RSSTATE,F
		ENDIF23
0008C9	1405	BSF PORTA,0
0008CA	1206	BCF PORTB,4
0008CB	3008	MOVLW 8
0008CC	00CE	MOVWF SYSREPEATTEMP1
		SYSREPEATLOOP1
0008CD	1186	BCF PORTB,3
0008CE	1BB6	BTFSC LCDBYTE,7
0008CF	1586	BSF PORTB,3
		ENDIF24
0008D0	0DB6	RLF LCDBYTE,F
0008D1	1606	BSF PORTB,4
0008D2	1206	BCF PORTB,4
0008D3	0BCE	DECFSZ SYSREPEATTEMP1,F
0008D4	28CD	GOTO SYSREPEATLOOP1
		SYSREPEATLOOPEND1
0008D5	3003	MOVLW 3
0008D6	00F2	MOVWF SYSWAITTEMPMS
0008D7	01F3	CLRF SYSWAITTEMPMS_H
0008D8	2042	CALL DELAY_MS
0008D9	1186	BCF PORTB,3
0008DA	1835	BTFSC LCD3_RSSTATE,0
0008DB	1586	BSF PORTB,3
		ENDIF25
0008DC	3003	MOVLW 3
0008DD	00F2	MOVWF SYSWAITTEMPMS
0008DE	01F3	CLRF SYSWAITTEMPMS_H
0008DF	2042	CALL DELAY_MS
0008E0	1005	BCF PORTA,0
0008E1	3003	MOVLW 3
0008E2	00F2	MOVWF SYSWAITTEMPMS
0008E3	01F3	CLRF SYSWAITTEMPMS_H
0008E4	2042	CALL DELAY_MS
0008E5	1405	BSF PORTA,0
0008E6	3010	MOVLW 16
0008E7	0236	SUBWF LCDBYTE,W
0008E8	1803	BTFSC STATUS, C
0008E9	28F0	GOTO ENDIF21
0008EA	0836	MOVF LCDBYTE,W
0008EB	3C07	SUBLW 7
0008EC	1803	BTFSC STATUS, C
0008ED	28F0	GOTO ENDIF22
0008EE	0836	MOVF LCDBYTE,W
0008EF	00BE	MOVWF LCD_STATE
		ENDIF22
		ENDIF21
0008F0	0008	RETURN


		LCDWRITECHAR
0008F1	1586	BSF PORTB,3
0008F2	0837	MOVF LCDCHAR,W
0008F3	00B6	MOVWF LCDBYTE
0008F4	20C6	CALL LCDNORMALWRITEBYTE
0008F5	0008	RETURN


		LOCATE
0008F6	1186	BCF PORTB,3
0008F7	083A	MOVF LCDLINE,W
0008F8	3C01	SUBLW 1
0008F9	1803	BTFSC STATUS, C
0008FA	28FF	GOTO ENDIF17
0008FB	3002	MOVLW 2
0008FC	02BA	SUBWF LCDLINE,F
0008FD	3014	MOVLW 20
0008FE	07B8	ADDWF LCDCOLUMN,F
		ENDIF17
0008FF	083A	MOVF LCDLINE,W
000900	00F5	MOVWF SYSBYTETEMPA
000901	3040	MOVLW 64
000902	00F9	MOVWF SYSBYTETEMPB
000903	23D1	CALL SYSMULTSUB
000904	0838	MOVF LCDCOLUMN,W
000905	0770	ADDWF SYSBYTETEMPX,W
000906	00D8	MOVWF SYSTEMP1
000907	3080	MOVLW 128
000908	0458	IORWF SYSTEMP1,W
000909	00B6	MOVWF LCDBYTE
00090A	20C6	CALL LCDNORMALWRITEBYTE
00090B	3005	MOVLW 5
00090C	00F5	MOVWF SYSWAITTEMP10US
00090D	283B	GOTO DELAY_10US


		MONTHDAYS
00090E	300D	MOVLW 13
00090F	0277	SUBWF SYSSTRINGA, W
000910	1803	BTFSC STATUS, C
000911	3400	RETLW 0
000912	0877	MOVF SYSSTRINGA, W
000913	3E1B	ADDLW LOW TABLEMONTHDAYS
000914	00F7	MOVWF SYSSTRINGA
000915	3009	MOVLW HIGH TABLEMONTHDAYS
000916	1803	BTFSC STATUS, C
000917	3E01	ADDLW 1
000918	008A	MOVWF PCLATH
000919	0877	MOVF SYSSTRINGA, W
00091A	0082	MOVWF PCL
		TABLEMONTHDAYS
00091B	340C	RETLW 12
00091C	341F	RETLW 31
00091D	341D	RETLW 29
00091E	341F	RETLW 31
00091F	341E	RETLW 30
000920	341F	RETLW 31
000921	341E	RETLW 30
000922	341F	RETLW 31
000923	341F	RETLW 31
000924	341E	RETLW 30
000925	341F	RETLW 31
000926	341E	RETLW 30
000927	341F	RETLW 31


		PCF85X3_ENABLE
000928	209A	CALL I2CSTART
000929	30A2	MOVLW 162
00092A	00B2	MOVWF I2CBYTE
000000	118A	PAGESEL I2CSEND
00092C	21BE	CALL I2CSEND
000000	158A	PAGESEL $
00092E	01B2	CLRF I2CBYTE
000000	118A	PAGESEL I2CSEND
000930	21BE	CALL I2CSEND
000000	158A	PAGESEL $
000932	209A	CALL I2CSTART
000933	30A3	MOVLW 163
000934	00B2	MOVWF I2CBYTE
000000	118A	PAGESEL I2CSEND
000936	21BE	CALL I2CSEND
000000	158A	PAGESEL $
000938	01B0	CLRF I2CACK
000939	2058	CALL I2CRECEIVE
00093A	0832	MOVF I2CBYTE,W
00093B	00AB	MOVWF DS_ENABLESTATE
00093C	1CAD	BTFSS DS_VALUE,1
00093D	2940	GOTO ELSE16_1
00093E	12AB	BCF DS_ENABLESTATE,5
00093F	2941	GOTO ENDIF16
		ELSE16_1
000940	16AB	BSF DS_ENABLESTATE,5
		ENDIF16
000941	209A	CALL I2CSTART
000942	30A2	MOVLW 162
000943	00B2	MOVWF I2CBYTE
000000	118A	PAGESEL I2CSEND
000945	21BE	CALL I2CSEND
000000	158A	PAGESEL $
000947	01B2	CLRF I2CBYTE
000000	118A	PAGESEL I2CSEND
000949	21BE	CALL I2CSEND
000000	158A	PAGESEL $
00094B	082B	MOVF DS_ENABLESTATE,W
00094C	00B2	MOVWF I2CBYTE
000000	118A	PAGESEL I2CSEND
00094E	21BE	CALL I2CSEND
000000	158A	PAGESEL $
000950	28AB	GOTO I2CSTOP


		PCF85X3_READDATE
000951	209A	CALL I2CSTART
000952	30A2	MOVLW 162
000953	00B2	MOVWF I2CBYTE
000000	118A	PAGESEL I2CSEND
000955	21BE	CALL I2CSEND
000000	158A	PAGESEL $
000957	3005	MOVLW 5
000958	00B2	MOVWF I2CBYTE
000000	118A	PAGESEL I2CSEND
00095A	21BE	CALL I2CSEND
000000	158A	PAGESEL $
00095C	209A	CALL I2CSTART
00095D	30A3	MOVLW 163
00095E	00B2	MOVWF I2CBYTE
000000	118A	PAGESEL I2CSEND
000960	21BE	CALL I2CSEND
000000	158A	PAGESEL $
000962	30FF	MOVLW 255
000963	00B0	MOVWF I2CACK
000964	2058	CALL I2CRECEIVE
000965	0832	MOVF I2CBYTE,W
000966	00A5	MOVWF DS_DATE
000967	303F	MOVLW 63
000968	0525	ANDWF DS_DATE,W
000969	00DE	MOVWF VA
00096A	2000	CALL FN_BCDTODEC
00096B	0820	MOVF BCDTODEC,W
00096C	00A5	MOVWF DS_DATE
00096D	30FF	MOVLW 255
00096E	00B0	MOVWF I2CACK
00096F	2058	CALL I2CRECEIVE
000970	0832	MOVF I2CBYTE,W
000971	00A6	MOVWF DS_DOW
000972	3003	MOVLW 3
000973	0526	ANDWF DS_DOW,W
000974	00DE	MOVWF VA
000975	2000	CALL FN_BCDTODEC
000976	0820	MOVF BCDTODEC,W
000977	00A6	MOVWF DS_DOW
000978	30FF	MOVLW 255
000979	00B0	MOVWF I2CACK
00097A	2058	CALL I2CRECEIVE
00097B	0832	MOVF I2CBYTE,W
00097C	00A9	MOVWF DS_MONTH
00097D	301F	MOVLW 31
00097E	0529	ANDWF DS_MONTH,W
00097F	00DE	MOVWF VA
000980	2000	CALL FN_BCDTODEC
000981	0820	MOVF BCDTODEC,W
000982	00A9	MOVWF DS_MONTH
000983	01B0	CLRF I2CACK
000984	2058	CALL I2CRECEIVE
000985	0832	MOVF I2CBYTE,W
000986	00AE	MOVWF DS_YEAR
000987	00DE	MOVWF VA
000988	2000	CALL FN_BCDTODEC
000989	0820	MOVF BCDTODEC,W
00098A	00AE	MOVWF DS_YEAR
00098B	28AB	GOTO I2CSTOP


		PCF85X3_READREGISTER
00098C	209A	CALL I2CSTART
00098D	30A2	MOVLW 162
00098E	00B2	MOVWF I2CBYTE
000000	118A	PAGESEL I2CSEND
000990	21BE	CALL I2CSEND
000000	158A	PAGESEL $
000992	082A	MOVF DS_REG,W
000993	00B2	MOVWF I2CBYTE
000000	118A	PAGESEL I2CSEND
000995	21BE	CALL I2CSEND
000000	158A	PAGESEL $
000997	209A	CALL I2CSTART
000998	30A3	MOVLW 163
000999	00B2	MOVWF I2CBYTE
000000	118A	PAGESEL I2CSEND
00099B	21BE	CALL I2CSEND
000000	158A	PAGESEL $
00099D	01B0	CLRF I2CACK
00099E	2058	CALL I2CRECEIVE
00099F	0832	MOVF I2CBYTE,W
0009A0	00AC	MOVWF DS_VAL
0009A1	28AB	GOTO I2CSTOP


		PCF85X3_READTIME
0009A2	209A	CALL I2CSTART
0009A3	30A2	MOVLW 162
0009A4	00B2	MOVWF I2CBYTE
000000	118A	PAGESEL I2CSEND
0009A6	21BE	CALL I2CSEND
000000	158A	PAGESEL $
0009A8	3002	MOVLW 2
0009A9	00B2	MOVWF I2CBYTE
000000	118A	PAGESEL I2CSEND
0009AB	21BE	CALL I2CSEND
000000	158A	PAGESEL $
0009AD	209A	CALL I2CSTART
0009AE	30A3	MOVLW 163
0009AF	00B2	MOVWF I2CBYTE
000000	118A	PAGESEL I2CSEND
0009B1	21BE	CALL I2CSEND
000000	158A	PAGESEL $
0009B3	30FF	MOVLW 255
0009B4	00B0	MOVWF I2CACK
0009B5	2058	CALL I2CRECEIVE
0009B6	0832	MOVF I2CBYTE,W
0009B7	00AB	MOVWF DS_SEC
0009B8	307F	MOVLW 127
0009B9	052B	ANDWF DS_SEC,W
0009BA	00DE	MOVWF VA
0009BB	2000	CALL FN_BCDTODEC
0009BC	0820	MOVF BCDTODEC,W
0009BD	00AB	MOVWF DS_SEC
0009BE	30FF	MOVLW 255
0009BF	00B0	MOVWF I2CACK
0009C0	2058	CALL I2CRECEIVE
0009C1	0832	MOVF I2CBYTE,W
0009C2	00A8	MOVWF DS_MIN
0009C3	307F	MOVLW 127
0009C4	0528	ANDWF DS_MIN,W
0009C5	00DE	MOVWF VA
0009C6	2000	CALL FN_BCDTODEC
0009C7	0820	MOVF BCDTODEC,W
0009C8	00A8	MOVWF DS_MIN
0009C9	30FF	MOVLW 255
0009CA	00B0	MOVWF I2CACK
0009CB	2058	CALL I2CRECEIVE
0009CC	0832	MOVF I2CBYTE,W
0009CD	00A7	MOVWF DS_HOUR
0009CE	303F	MOVLW 63
0009CF	0527	ANDWF DS_HOUR,W
0009D0	00DE	MOVWF VA
0009D1	2000	CALL FN_BCDTODEC
0009D2	0820	MOVF BCDTODEC,W
0009D3	00A7	MOVWF DS_HOUR
0009D4	28AB	GOTO I2CSTOP


		FN_PCF85X3_READVL
0009D5	209A	CALL I2CSTART
0009D6	30A2	MOVLW 162
0009D7	00B2	MOVWF I2CBYTE
000000	118A	PAGESEL I2CSEND
0009D9	21BE	CALL I2CSEND
000000	158A	PAGESEL $
0009DB	3002	MOVLW 2
0009DC	00B2	MOVWF I2CBYTE
000000	118A	PAGESEL I2CSEND
0009DE	21BE	CALL I2CSEND
000000	158A	PAGESEL $
0009E0	209A	CALL I2CSTART
0009E1	30A3	MOVLW 163
0009E2	00B2	MOVWF I2CBYTE
000000	118A	PAGESEL I2CSEND
0009E4	21BE	CALL I2CSEND
000000	158A	PAGESEL $
0009E6	01B0	CLRF I2CACK
0009E7	2058	CALL I2CRECEIVE
0009E8	0832	MOVF I2CBYTE,W
0009E9	00AB	MOVWF DS_SEC
0009EA	3080	MOVLW 128
0009EB	052B	ANDWF DS_SEC,W
0009EC	00DE	MOVWF VA
0009ED	2000	CALL FN_BCDTODEC
0009EE	0820	MOVF BCDTODEC,W
0009EF	00C3	MOVWF PCF85X3_READVL
0009F0	28AB	GOTO I2CSTOP


		PCF85X3_SETALARM17
0009F1	209A	CALL I2CSTART
0009F2	30A2	MOVLW 162
0009F3	00B2	MOVWF I2CBYTE
000000	118A	PAGESEL I2CSEND
0009F5	21BE	CALL I2CSEND
000000	158A	PAGESEL $
0009F7	3009	MOVLW 9
0009F8	00B2	MOVWF I2CBYTE
000000	118A	PAGESEL I2CSEND
0009FA	21BE	CALL I2CSEND
000000	158A	PAGESEL $
0009FC	0828	MOVF DS_MIN,W
0009FD	00DE	MOVWF VA
0009FE	2025	CALL FN_DECTOBCD
0009FF	0823	MOVF DECTOBCD,W
000A00	00B2	MOVWF I2CBYTE
000000	118A	PAGESEL I2CSEND
000A02	21BE	CALL I2CSEND
000000	158A	PAGESEL $
000A04	0827	MOVF DS_HOUR,W
000A05	00DE	MOVWF VA
000A06	2025	CALL FN_DECTOBCD
000A07	0823	MOVF DECTOBCD,W
000A08	00B2	MOVWF I2CBYTE
000000	118A	PAGESEL I2CSEND
000A0A	21BE	CALL I2CSEND
000000	158A	PAGESEL $
000A0C	28AB	GOTO I2CSTOP


		PCF85X3_SETCLOCK
000A0D	209A	CALL I2CSTART
000A0E	30A2	MOVLW 162
000A0F	00B2	MOVWF I2CBYTE
000000	118A	PAGESEL I2CSEND
000A11	21BE	CALL I2CSEND
000000	158A	PAGESEL $
000A13	3002	MOVLW 2
000A14	00B2	MOVWF I2CBYTE
000000	118A	PAGESEL I2CSEND
000A16	21BE	CALL I2CSEND
000000	158A	PAGESEL $
000A18	082B	MOVF DS_SEC,W
000A19	00DE	MOVWF VA
000A1A	2025	CALL FN_DECTOBCD
000A1B	0823	MOVF DECTOBCD,W
000A1C	00B2	MOVWF I2CBYTE
000000	118A	PAGESEL I2CSEND
000A1E	21BE	CALL I2CSEND
000000	158A	PAGESEL $
000A20	0828	MOVF DS_MIN,W
000A21	00DE	MOVWF VA
000A22	2025	CALL FN_DECTOBCD
000A23	0823	MOVF DECTOBCD,W
000A24	00B2	MOVWF I2CBYTE
000000	118A	PAGESEL I2CSEND
000A26	21BE	CALL I2CSEND
000000	158A	PAGESEL $
000A28	0827	MOVF DS_HOUR,W
000A29	00DE	MOVWF VA
000A2A	2025	CALL FN_DECTOBCD
000A2B	0823	MOVF DECTOBCD,W
000A2C	00B2	MOVWF I2CBYTE
000000	118A	PAGESEL I2CSEND
000A2E	21BE	CALL I2CSEND
000000	158A	PAGESEL $
000A30	0825	MOVF DS_DATE,W
000A31	00DE	MOVWF VA
000A32	2025	CALL FN_DECTOBCD
000A33	0823	MOVF DECTOBCD,W
000A34	00B2	MOVWF I2CBYTE
000000	118A	PAGESEL I2CSEND
000A36	21BE	CALL I2CSEND
000000	158A	PAGESEL $
000A38	0826	MOVF DS_DOW,W
000A39	00DE	MOVWF VA
000A3A	2025	CALL FN_DECTOBCD
000A3B	0823	MOVF DECTOBCD,W
000A3C	00B2	MOVWF I2CBYTE
000000	118A	PAGESEL I2CSEND
000A3E	21BE	CALL I2CSEND
000000	158A	PAGESEL $
000A40	0829	MOVF DS_MONTH,W
000A41	00DE	MOVWF VA
000A42	2025	CALL FN_DECTOBCD
000A43	0823	MOVF DECTOBCD,W
000A44	00B2	MOVWF I2CBYTE
000000	118A	PAGESEL I2CSEND
000A46	21BE	CALL I2CSEND
000000	158A	PAGESEL $
000A48	082E	MOVF DS_YEAR,W
000A49	00DE	MOVWF VA
000A4A	2025	CALL FN_DECTOBCD
000A4B	0823	MOVF DECTOBCD,W
000A4C	00B2	MOVWF I2CBYTE
000000	118A	PAGESEL I2CSEND
000A4E	21BE	CALL I2CSEND
000000	158A	PAGESEL $
000A50	28AB	GOTO I2CSTOP


		PRINT136
000A51	01BD	CLRF LCDVALUETEMP
000A52	1586	BSF PORTB,3
000A53	3064	MOVLW 100
000A54	023C	SUBWF LCDVALUE,W
000A55	1C03	BTFSS STATUS, C
000A56	2A64	GOTO ENDIF53
000A57	083C	MOVF LCDVALUE,W
000A58	00F5	MOVWF SYSBYTETEMPA
000A59	3064	MOVLW 100
000A5A	00F9	MOVWF SYSBYTETEMPB
000A5B	2385	CALL SYSDIVSUB
000A5C	0875	MOVF SYSBYTETEMPA,W
000A5D	00BD	MOVWF LCDVALUETEMP
000A5E	0870	MOVF SYSCALCTEMPX,W
000A5F	00BC	MOVWF LCDVALUE
000A60	3030	MOVLW 48
000A61	073D	ADDWF LCDVALUETEMP,W
000A62	00B6	MOVWF LCDBYTE
000A63	20C6	CALL LCDNORMALWRITEBYTE
		ENDIF53
000A64	083D	MOVF LCDVALUETEMP,W
000A65	00F9	MOVWF SYSBYTETEMPB
000A66	01F5	CLRF SYSBYTETEMPA
000000	118A	PAGESEL SYSCOMPLESSTHAN
000A68	25EC	CALL SYSCOMPLESSTHAN
000000	158A	PAGESEL $
000A6A	0870	MOVF SYSBYTETEMPX,W
000A6B	00DA	MOVWF SYSTEMP2
000A6C	083C	MOVF LCDVALUE,W
000A6D	00F5	MOVWF SYSBYTETEMPA
000A6E	300A	MOVLW 10
000A6F	00F9	MOVWF SYSBYTETEMPB
000000	118A	PAGESEL SYSCOMPLESSTHAN
000A71	25EC	CALL SYSCOMPLESSTHAN
000000	158A	PAGESEL $
000A73	09F0	COMF SYSBYTETEMPX,F
000A74	085A	MOVF SYSTEMP2,W
000A75	0470	IORWF SYSBYTETEMPX,W
000A76	00DB	MOVWF SYSTEMP3
000A77	1C5B	BTFSS SYSTEMP3,0
000A78	2A86	GOTO ENDIF54
000A79	083C	MOVF LCDVALUE,W
000A7A	00F5	MOVWF SYSBYTETEMPA
000A7B	300A	MOVLW 10
000A7C	00F9	MOVWF SYSBYTETEMPB
000A7D	2385	CALL SYSDIVSUB
000A7E	0875	MOVF SYSBYTETEMPA,W
000A7F	00BD	MOVWF LCDVALUETEMP
000A80	0870	MOVF SYSCALCTEMPX,W
000A81	00BC	MOVWF LCDVALUE
000A82	3030	MOVLW 48
000A83	073D	ADDWF LCDVALUETEMP,W
000A84	00B6	MOVWF LCDBYTE
000A85	20C6	CALL LCDNORMALWRITEBYTE
		ENDIF54
000A86	3030	MOVLW 48
000A87	073C	ADDWF LCDVALUE,W
000A88	00B6	MOVWF LCDBYTE
000A89	28C6	GOTO LCDNORMALWRITEBYTE


		SETDATE
000A8A	2017	CALL CLS
000A8B	30DB	MOVLW LOW SYSSTRINGPARAM3
000A8C	00F2	MOVWF SYSSTRINGB
000A8D	3000	MOVLW HIGH SYSSTRINGPARAM3
000A8E	00F3	MOVWF SYSSTRINGB_H
000A8F	30AC	MOVLW LOW STRINGTABLE24
000A90	00F7	MOVWF SYSSTRINGA
000A91	3006	MOVLW HIGH STRINGTABLE24
000A92	00F8	MOVWF SYSSTRINGA_H
000A93	23DD	CALL SYSREADSTRING
000A94	30DB	MOVLW LOW SYSSTRINGPARAM3
000A95	00CB	MOVWF SYSPRINTDATAHANDLER
000A96	3000	MOVLW HIGH SYSSTRINGPARAM3
000A97	00CC	MOVWF SYSPRINTDATAHANDLER_H
000000	118A	PAGESEL PRINT135
000A99	2315	CALL PRINT135
000000	158A	PAGESEL $
000A9B	3001	MOVLW 1
000A9C	00BA	MOVWF LCDLINE
000A9D	01B8	CLRF LCDCOLUMN
000A9E	20F6	CALL LOCATE
000000	118A	PAGESEL PRINTDATE
000AA0	2336	CALL PRINTDATE
000000	158A	PAGESEL $
000AA2	0840	MOVF MONTH,W
000AA3	00F7	MOVWF SYSSTRINGA
000AA4	210E	CALL MONTHDAYS
000AA5	00A2	MOVWF DAYSMAX
		SYSDOLOOP_S20
		SYSDOLOOP_S21
000AA6	1D06	BTFSS PORTB,2
000AA7	2ABA	GOTO SYSDOLOOP_E21
000AA8	0AA1	INCF DATE,F
000AA9	0821	MOVF DATE,W
000AAA	0222	SUBWF DAYSMAX,W
000AAB	1803	BTFSC STATUS, C
000AAC	2AAF	GOTO ENDIF14
000AAD	3001	MOVLW 1
000AAE	00A1	MOVWF DATE
		ENDIF14
000AAF	3001	MOVLW 1
000AB0	00BA	MOVWF LCDLINE
000AB1	01B8	CLRF LCDCOLUMN
000AB2	20F6	CALL LOCATE
000000	118A	PAGESEL PRINTDATE
000AB4	2336	CALL PRINTDATE
000000	158A	PAGESEL $
		SYSWAITLOOP7
000AB6	1906	BTFSC PORTB,2
000AB7	2AB6	GOTO SYSWAITLOOP7
000AB8	1449	BSF SYSBITVAR0,0
000AB9	2AA6	GOTO SYSDOLOOP_S21
		SYSDOLOOP_E21
000ABA	3032	MOVLW 50
000ABB	00F2	MOVWF SYSWAITTEMPMS
000ABC	01F3	CLRF SYSWAITTEMPMS_H
000ABD	2042	CALL DELAY_MS
000ABE	1C86	BTFSS PORTB,1
000ABF	2AA6	GOTO SYSDOLOOP_S20
		SYSDOLOOP_E20
		SYSDOLOOP_S22
000AC0	1C86	BTFSS PORTB,1
000AC1	2AC7	GOTO SYSDOLOOP_E22
000AC2	3032	MOVLW 50
000AC3	00F2	MOVWF SYSWAITTEMPMS
000AC4	01F3	CLRF SYSWAITTEMPMS_H
000AC5	2042	CALL DELAY_MS
000AC6	2AC0	GOTO SYSDOLOOP_S22
		SYSDOLOOP_E22
000AC7	0008	RETURN


		SETMONTH
000AC8	2017	CALL CLS
000AC9	30DB	MOVLW LOW SYSSTRINGPARAM3
000ACA	00F2	MOVWF SYSSTRINGB
000ACB	3000	MOVLW HIGH SYSSTRINGPARAM3
000ACC	00F3	MOVWF SYSSTRINGB_H
000ACD	30A1	MOVLW LOW STRINGTABLE23
000ACE	00F7	MOVWF SYSSTRINGA
000ACF	3006	MOVLW HIGH STRINGTABLE23
000AD0	00F8	MOVWF SYSSTRINGA_H
000AD1	23DD	CALL SYSREADSTRING
000AD2	30DB	MOVLW LOW SYSSTRINGPARAM3
000AD3	00CB	MOVWF SYSPRINTDATAHANDLER
000AD4	3000	MOVLW HIGH SYSSTRINGPARAM3
000AD5	00CC	MOVWF SYSPRINTDATAHANDLER_H
000000	118A	PAGESEL PRINT135
000AD7	2315	CALL PRINT135
000000	158A	PAGESEL $
000AD9	3001	MOVLW 1
000ADA	00BA	MOVWF LCDLINE
000ADB	01B8	CLRF LCDCOLUMN
000ADC	20F6	CALL LOCATE
000000	118A	PAGESEL PRINTDATE
000ADE	2336	CALL PRINTDATE
000000	158A	PAGESEL $
		SYSDOLOOP_S17
		SYSDOLOOP_S18
000AE0	1D06	BTFSS PORTB,2
000AE1	2AF4	GOTO SYSDOLOOP_E18
000AE2	0AC0	INCF MONTH,F
000AE3	0840	MOVF MONTH,W
000AE4	3C0C	SUBLW 12
000AE5	1803	BTFSC STATUS, C
000AE6	2AE9	GOTO ENDIF13
000AE7	3001	MOVLW 1
000AE8	00C0	MOVWF MONTH
		ENDIF13
000AE9	3001	MOVLW 1
000AEA	00BA	MOVWF LCDLINE
000AEB	01B8	CLRF LCDCOLUMN
000AEC	20F6	CALL LOCATE
000000	118A	PAGESEL PRINTDATE
000AEE	2336	CALL PRINTDATE
000000	158A	PAGESEL $
		SYSWAITLOOP6
000AF0	1906	BTFSC PORTB,2
000AF1	2AF0	GOTO SYSWAITLOOP6
000AF2	1449	BSF SYSBITVAR0,0
000AF3	2AE0	GOTO SYSDOLOOP_S18
		SYSDOLOOP_E18
000AF4	3032	MOVLW 50
000AF5	00F2	MOVWF SYSWAITTEMPMS
000AF6	01F3	CLRF SYSWAITTEMPMS_H
000AF7	2042	CALL DELAY_MS
000AF8	1C86	BTFSS PORTB,1
000AF9	2AE0	GOTO SYSDOLOOP_S17
		SYSDOLOOP_E17
000AFA	0840	MOVF MONTH,W
000AFB	00F7	MOVWF SYSSTRINGA
000AFC	210E	CALL MONTHDAYS
000AFD	00A2	MOVWF DAYSMAX
		SYSDOLOOP_S19
000AFE	1C86	BTFSS PORTB,1
000AFF	2B05	GOTO SYSDOLOOP_E19
000B00	3032	MOVLW 50
000B01	00F2	MOVWF SYSWAITTEMPMS
000B02	01F3	CLRF SYSWAITTEMPMS_H
000B03	2042	CALL DELAY_MS
000B04	2AFE	GOTO SYSDOLOOP_S19
		SYSDOLOOP_E19
000B05	0008	RETURN


		SETYEAR
000B06	2017	CALL CLS
000B07	30DB	MOVLW LOW SYSSTRINGPARAM3
000B08	00F2	MOVWF SYSSTRINGB
000B09	3000	MOVLW HIGH SYSSTRINGPARAM3
000B0A	00F3	MOVWF SYSSTRINGB_H
000B0B	30B6	MOVLW LOW STRINGTABLE25
000B0C	00F7	MOVWF SYSSTRINGA
000B0D	3006	MOVLW HIGH STRINGTABLE25
000B0E	00F8	MOVWF SYSSTRINGA_H
000B0F	23DD	CALL SYSREADSTRING
000B10	30DB	MOVLW LOW SYSSTRINGPARAM3
000B11	00CB	MOVWF SYSPRINTDATAHANDLER
000B12	3000	MOVLW HIGH SYSSTRINGPARAM3
000B13	00CC	MOVWF SYSPRINTDATAHANDLER_H
000000	118A	PAGESEL PRINT135
000B15	2315	CALL PRINT135
000000	158A	PAGESEL $
000B17	3001	MOVLW 1
000B18	00BA	MOVWF LCDLINE
000B19	01B8	CLRF LCDCOLUMN
000B1A	20F6	CALL LOCATE
000000	118A	PAGESEL PRINTDATE
000B1C	2336	CALL PRINTDATE
000000	158A	PAGESEL $
		SYSDOLOOP_S23
		SYSDOLOOP_S24
000B1E	1D06	BTFSS PORTB,2
000B1F	2B30	GOTO SYSDOLOOP_E24
000B20	0ADF	INCF YEAR,F
000B21	085F	MOVF YEAR,W
000B22	3C63	SUBLW 99
000B23	1C03	BTFSS STATUS, C
000B24	01DF	CLRF YEAR
		ENDIF15
000B25	3001	MOVLW 1
000B26	00BA	MOVWF LCDLINE
000B27	01B8	CLRF LCDCOLUMN
000B28	20F6	CALL LOCATE
000000	118A	PAGESEL PRINTDATE
000B2A	2336	CALL PRINTDATE
000000	158A	PAGESEL $
		SYSWAITLOOP8
000B2C	1906	BTFSC PORTB,2
000B2D	2B2C	GOTO SYSWAITLOOP8
000B2E	1449	BSF SYSBITVAR0,0
000B2F	2B1E	GOTO SYSDOLOOP_S24
		SYSDOLOOP_E24
000B30	3032	MOVLW 50
000B31	00F2	MOVWF SYSWAITTEMPMS
000B32	01F3	CLRF SYSWAITTEMPMS_H
000B33	2042	CALL DELAY_MS
000B34	1C86	BTFSS PORTB,1
000B35	2B1E	GOTO SYSDOLOOP_S23
		SYSDOLOOP_E23
		SYSDOLOOP_S25
000B36	1C86	BTFSS PORTB,1
000B37	2B3D	GOTO SYSDOLOOP_E25
000B38	3032	MOVLW 50
000B39	00F2	MOVWF SYSWAITTEMPMS
000B3A	01F3	CLRF SYSWAITTEMPMS_H
000B3B	2042	CALL DELAY_MS
000B3C	2B36	GOTO SYSDOLOOP_S25
		SYSDOLOOP_E25
000B3D	0008	RETURN


		SYSCOMPEQUAL16
000B3E	01F0	CLRF SYSBYTETEMPX
000B3F	0875	MOVF SYSWORDTEMPA, W
000B40	0279	SUBWF SYSWORDTEMPB, W
000B41	1D03	BTFSS STATUS, Z
000B42	0008	RETURN
000B43	0876	MOVF SYSWORDTEMPA_H, W
000B44	027A	SUBWF SYSWORDTEMPB_H, W
000B45	1D03	BTFSS STATUS, Z
000B46	0008	RETURN
000B47	09F0	COMF SYSBYTETEMPX,F
000B48	0008	RETURN


		SYSCOMPLESSTHAN16
000B49	01F0	CLRF SYSBYTETEMPX
000B4A	0876	MOVF SYSWORDTEMPA_H,W
000B4B	027A	SUBWF SYSWORDTEMPB_H,W
000B4C	1C03	BTFSS STATUS,C
000B4D	0008	RETURN
000B4E	087A	MOVF SYSWORDTEMPB_H,W
000B4F	0276	SUBWF SYSWORDTEMPA_H,W
000B50	1C03	BTFSS STATUS,C
000B51	2B56	GOTO SCLT16TRUE
000B52	0879	MOVF SYSWORDTEMPB,W
000B53	0275	SUBWF SYSWORDTEMPA,W
000B54	1803	BTFSC STATUS,C
000B55	0008	RETURN
		SCLT16TRUE
000B56	09F0	COMF SYSBYTETEMPX,F
000B57	0008	RETURN


		SYSCOPYSTRING
000B58	0877	MOVF SYSSTRINGA, W
000B59	0084	MOVWF FSR
000B5A	1383	BCF STATUS, IRP
000B5B	1878	BTFSC SYSSTRINGA_H, 0
000B5C	1783	BSF STATUS, IRP
000B5D	0800	MOVF INDF, W
000B5E	00F5	MOVWF SYSCALCTEMPA
000B5F	0872	MOVF SYSSTRINGB, W
000B60	0084	MOVWF FSR
000B61	1383	BCF STATUS, IRP
000B62	1873	BTFSC SYSSTRINGB_H, 0
000B63	1783	BSF STATUS, IRP
000B64	0875	MOVF SYSCALCTEMPA, W
000B65	0080	MOVWF INDF
000B66	2B6F	GOTO SYSCOPYSTRINGCHECK
		SYSCOPYSTRINGPART
000B67	0877	MOVF SYSSTRINGA, W
000B68	0084	MOVWF FSR
000B69	1383	BCF STATUS, IRP
000B6A	1878	BTFSC SYSSTRINGA_H, 0
000B6B	1783	BSF STATUS, IRP
000B6C	0800	MOVF INDF, W
000B6D	07F6	ADDWF SYSSTRINGLENGTH, F
000B6E	00F5	MOVWF SYSCALCTEMPA
		SYSCOPYSTRINGCHECK
000B6F	0875	MOVF SYSCALCTEMPA,W
000B70	1903	BTFSC STATUS,Z
000B71	0008	RETURN
		SYSSTRINGCOPY
000B72	0AF7	INCF SYSSTRINGA, F
000B73	0AF2	INCF SYSSTRINGB, F
000B74	0877	MOVF SYSSTRINGA, W
000B75	0084	MOVWF FSR
000B76	1383	BCF STATUS, IRP
000B77	1878	BTFSC SYSSTRINGA_H, 0
000B78	1783	BSF STATUS, IRP
000B79	0800	MOVF INDF, W
000B7A	00F9	MOVWF SYSCALCTEMPB
000B7B	0872	MOVF SYSSTRINGB, W
000B7C	0084	MOVWF FSR
000B7D	1383	BCF STATUS, IRP
000B7E	1873	BTFSC SYSSTRINGB_H, 0
000B7F	1783	BSF STATUS, IRP
000B80	0879	MOVF SYSCALCTEMPB, W
000B81	0080	MOVWF INDF
000B82	0BF5	DECFSZ SYSCALCTEMPA, F
000B83	2B72	GOTO SYSSTRINGCOPY
000B84	0008	RETURN


		SYSDIVSUB
000B85	08F9	MOVF SYSBYTETEMPB, F
000B86	1903	BTFSC STATUS, Z
000B87	0008	RETURN
000B88	01F0	CLRF SYSBYTETEMPX
000B89	3008	MOVLW 8
000B8A	00F4	MOVWF SYSDIVLOOP
		SYSDIV8START
000B8B	1003	BCF STATUS, C
000B8C	0DF5	RLF SYSBYTETEMPA, F
000B8D	0DF0	RLF SYSBYTETEMPX, F
000B8E	0879	MOVF SYSBYTETEMPB, W
000B8F	02F0	SUBWF SYSBYTETEMPX, F
000B90	1475	BSF SYSBYTETEMPA, 0
000B91	1803	BTFSC STATUS, C
000B92	2B96	GOTO DIV8NOTNEG
000B93	1075	BCF SYSBYTETEMPA, 0
000B94	0879	MOVF SYSBYTETEMPB, W
000B95	07F0	ADDWF SYSBYTETEMPX, F
		DIV8NOTNEG
000B96	0BF4	DECFSZ SYSDIVLOOP, F
000B97	2B8B	GOTO SYSDIV8START
000B98	0008	RETURN


		SYSDIVSUB16
000B99	0875	MOVF SYSWORDTEMPA,W
000B9A	00F7	MOVWF SYSDIVMULTA
000B9B	0876	MOVF SYSWORDTEMPA_H,W
000B9C	00F8	MOVWF SYSDIVMULTA_H
000B9D	0879	MOVF SYSWORDTEMPB,W
000B9E	00FB	MOVWF SYSDIVMULTB
000B9F	087A	MOVF SYSWORDTEMPB_H,W
000BA0	00FC	MOVWF SYSDIVMULTB_H
000BA1	01F2	CLRF SYSDIVMULTX
000BA2	01F3	CLRF SYSDIVMULTX_H
000BA3	087B	MOVF SYSDIVMULTB,W
000BA4	00F5	MOVWF SYSWORDTEMPA
000BA5	087C	MOVF SYSDIVMULTB_H,W
000BA6	00F6	MOVWF SYSWORDTEMPA_H
000BA7	01F9	CLRF SYSWORDTEMPB
000BA8	01FA	CLRF SYSWORDTEMPB_H
000BA9	233E	CALL SYSCOMPEQUAL16
000BAA	1C70	BTFSS SYSBYTETEMPX,0
000BAB	2BAF	GOTO ENDIF55
000BAC	01F5	CLRF SYSWORDTEMPA
000BAD	01F6	CLRF SYSWORDTEMPA_H
000BAE	0008	RETURN
		ENDIF55
000BAF	3010	MOVLW 16
000BB0	00F4	MOVWF SYSDIVLOOP
		SYSDIV16START
000BB1	1003	BCF STATUS,C
000BB2	0DF7	RLF SYSDIVMULTA,F
000BB3	0DF8	RLF SYSDIVMULTA_H,F
000BB4	0DF2	RLF SYSDIVMULTX,F
000BB5	0DF3	RLF SYSDIVMULTX_H,F
000BB6	087B	MOVF SYSDIVMULTB,W
000BB7	02F2	SUBWF SYSDIVMULTX,F
000BB8	087C	MOVF SYSDIVMULTB_H,W
000BB9	1C03	BTFSS STATUS,C
000BBA	0F7C	INCFSZ SYSDIVMULTB_H,W
000BBB	02F3	SUBWF SYSDIVMULTX_H,F
		ENDIF57
000BBC	1477	BSF SYSDIVMULTA,0
000BBD	1803	BTFSC STATUS,C
000BBE	2BC6	GOTO ENDIF56
000BBF	1077	BCF SYSDIVMULTA,0
000BC0	087B	MOVF SYSDIVMULTB,W
000BC1	07F2	ADDWF SYSDIVMULTX,F
000BC2	087C	MOVF SYSDIVMULTB_H,W
000BC3	1803	BTFSC STATUS,C
000BC4	0F7C	INCFSZ SYSDIVMULTB_H,W
000BC5	07F3	ADDWF SYSDIVMULTX_H,F
		ENDIF58
		ENDIF56
000BC6	0BF4	DECFSZ SYSDIVLOOP, F
000BC7	2BB1	GOTO SYSDIV16START
000BC8	0877	MOVF SYSDIVMULTA,W
000BC9	00F5	MOVWF SYSWORDTEMPA
000BCA	0878	MOVF SYSDIVMULTA_H,W
000BCB	00F6	MOVWF SYSWORDTEMPA_H
000BCC	0872	MOVF SYSDIVMULTX,W
000BCD	00F0	MOVWF SYSWORDTEMPX
000BCE	0873	MOVF SYSDIVMULTX_H,W
000BCF	00F1	MOVWF SYSWORDTEMPX_H
000BD0	0008	RETURN


		SYSMULTSUB
000BD1	01F0	CLRF SYSBYTETEMPX
		MUL8LOOP
000BD2	0875	MOVF SYSBYTETEMPA, W
000BD3	1879	BTFSC SYSBYTETEMPB, 0
000BD4	07F0	ADDWF SYSBYTETEMPX, F
000BD5	1003	BCF STATUS, C
000BD6	0CF9	RRF SYSBYTETEMPB, F
000BD7	1003	BCF STATUS, C
000BD8	0DF5	RLF SYSBYTETEMPA, F
000BD9	08F9	MOVF SYSBYTETEMPB, F
000BDA	1D03	BTFSS STATUS, Z
000BDB	2BD2	GOTO MUL8LOOP
000BDC	0008	RETURN


		SYSREADSTRING
000BDD	0872	MOVF SYSSTRINGB, W
000BDE	0084	MOVWF FSR
000BDF	1383	BCF STATUS, IRP
000BE0	1873	BTFSC SYSSTRINGB_H, 0
000BE1	1783	BSF STATUS, IRP
000000	118A	PAGESEL SYSSTRINGTABLES
000BE3	25F3	CALL SYSSTRINGTABLES
000000	158A	PAGESEL $
000BE5	00F5	MOVWF SYSCALCTEMPA
000BE6	0080	MOVWF INDF
000BE7	07F2	ADDWF SYSSTRINGB, F
000BE8	2BF4	GOTO SYSSTRINGREADCHECK
		SYSREADSTRINGPART
000BE9	0872	MOVF SYSSTRINGB, W
000BEA	0084	MOVWF FSR
000BEB	1383	BCF STATUS, IRP
000BEC	1873	BTFSC SYSSTRINGB_H, 0
000BED	1783	BSF STATUS, IRP
000000	118A	PAGESEL SYSSTRINGTABLES
000BEF	25F3	CALL SYSSTRINGTABLES
000000	158A	PAGESEL $
000BF1	00F5	MOVWF SYSCALCTEMPA
000BF2	07F6	ADDWF SYSSTRINGLENGTH,F
000BF3	07F2	ADDWF SYSSTRINGB,F
		SYSSTRINGREADCHECK
000BF4	08F5	MOVF SYSCALCTEMPA,F
000BF5	1903	BTFSC STATUS,Z
000BF6	0008	RETURN
		SYSSTRINGREAD
000000	118A	PAGESEL SYSSTRINGTABLES
000BF8	25F3	CALL SYSSTRINGTABLES
000000	158A	PAGESEL $
000BFA	0A84	INCF FSR, F
000BFB	0080	MOVWF INDF
000BFC	0BF5	DECFSZ SYSCALCTEMPA, F
000BFD	2BF7	GOTO SYSSTRINGREAD
000BFE	0008	RETURN


		UPDATEDISP
000BFF	21A2	CALL PCF85X3_READTIME
000C00	0827	MOVF DS_HOUR,W
000C01	00AF	MOVWF HOUR
000C02	0828	MOVF DS_MIN,W
000C03	00BF	MOVWF MIN
000C04	082B	MOVF DS_SEC,W
000C05	00C5	MOVWF SEC
000C06	0242	SUBWF OLDSEC,W
000C07	1903	BTFSC STATUS, Z
000C08	2C32	GOTO ENDIF3
000C09	08C5	MOVF SEC,F
000C0A	1D03	BTFSS STATUS, Z
000C0B	2C23	GOTO ENDIF4
000C0C	2151	CALL PCF85X3_READDATE
000C0D	0826	MOVF DS_DOW,W
000C0E	00A4	MOVWF DOW
000C0F	0825	MOVF DS_DATE,W
000C10	00A1	MOVWF DATE
000C11	0829	MOVF DS_MONTH,W
000C12	00C0	MOVWF MONTH
000C13	082E	MOVF DS_YEAR,W
000C14	00DF	MOVWF YEAR
000C15	01BA	CLRF LCDLINE
000C16	3013	MOVLW 19
000C17	00B8	MOVWF LCDCOLUMN
000C18	20F6	CALL LOCATE
000C19	21D5	CALL FN_PCF85X3_READVL
000C1A	08C3	MOVF PCF85X3_READVL,F
000C1B	1D03	BTFSS STATUS, Z
000C1C	2C20	GOTO ELSE5_1
000C1D	01B7	CLRF LCDCHAR
000C1E	20F1	CALL LCDWRITECHAR
000C1F	2C23	GOTO ENDIF5
		ELSE5_1
000C20	3001	MOVLW 1
000C21	00B7	MOVWF LCDCHAR
000C22	20F1	CALL LCDWRITECHAR
		ENDIF5
		ENDIF4
000C23	01BA	CLRF LCDLINE
000C24	01B8	CLRF LCDCOLUMN
000C25	20F6	CALL LOCATE
000000	118A	PAGESEL PRINTTIME
000C27	243B	CALL PRINTTIME
000000	158A	PAGESEL $
000C29	3001	MOVLW 1
000C2A	00BA	MOVWF LCDLINE
000C2B	01B8	CLRF LCDCOLUMN
000C2C	20F6	CALL LOCATE
000000	118A	PAGESEL PRINTDATE
000C2E	2336	CALL PRINTDATE
000000	158A	PAGESEL $
000C30	0845	MOVF SEC,W
000C31	00C2	MOVWF OLDSEC
		ENDIF3
000C32	0008	RETURN


