GCASM List File (GCBASIC 0.98.<<>> 2019-01-21 (Windows 32 bit))

Symbols:
A 	EQU 	0
ACCESS 	EQU 	0
ADDEN 	EQU 	3
ADEN 	EQU 	3
B 	EQU 	1
BANKED 	EQU 	1
BASPROGRAMEND 	EQU 	106
BASPROGRAMSTART 	EQU 	5
BCDTODEC 	EQU 	32
BRGH 	EQU 	2
C 	EQU 	0
C1INV 	EQU 	4
C1OUT 	EQU 	6
C2INV 	EQU 	5
C2OUT 	EQU 	7
CCP1CON 	EQU 	23
CCP1IE 	EQU 	2
CCP1IF 	EQU 	2
CCP1M0 	EQU 	0
CCP1M1 	EQU 	1
CCP1M2 	EQU 	2
CCP1M3 	EQU 	3
CCP1X 	EQU 	5
CCP1Y 	EQU 	4
CCPR1 	EQU 	21
CCPR1H 	EQU 	22
CCPR1L 	EQU 	21
CHANGESETTING 	EQU 	108
CHARARRAY 	EQU 	294
CIS 	EQU 	3
CLS 	EQU 	2071
CM0 	EQU 	0
CM1 	EQU 	1
CM2 	EQU 	2
CMCON 	EQU 	31
CMIE 	EQU 	6
CMIF 	EQU 	6
CREATECUSTOMCHARACTERS 	EQU 	2085
CREN 	EQU 	4
CSRC 	EQU 	7
D10US_START 	EQU 	2156
DATE 	EQU 	33
DAYSMAX 	EQU 	34
DC 	EQU 	1
DECTOBCD 	EQU 	35
DELAYTEMP 	EQU 	112
DELAYTEMP2 	EQU 	113
DELAYUS0 	EQU 	2158
DELAY_10US 	EQU 	2156
DELAY_MS 	EQU 	2163
DELAY_S 	EQU 	2177
DIV8NOTNEG 	EQU 	3056
DMS_INNER 	EQU 	2168
DMS_OUTER 	EQU 	2166
DMS_START 	EQU 	2164
DOW 	EQU 	36
DS_DATE 	EQU 	37
DS_DOW 	EQU 	38
DS_ENABLESTATE 	EQU 	43
DS_HOUR 	EQU 	39
DS_MIN 	EQU 	40
DS_MONTH 	EQU 	41
DS_REG 	EQU 	42
DS_SEC 	EQU 	43
DS_START 	EQU 	2177
DS_VAL 	EQU 	44
DS_VALUE 	EQU 	45
DS_YEAR 	EQU 	46
EEADR 	EQU 	155
EECON1 	EQU 	156
EECON2 	EQU 	157
EEDATA 	EQU 	154
EEIE 	EQU 	7
EEIF 	EQU 	7
ELSE16_1 	EQU 	2455
ELSE3_1 	EQU 	3179
ELSE40_1 	EQU 	779
ELSE45_1 	EQU 	464
ELSE46_1 	EQU 	505
ELSE48_1 	EQU 	2231
ENDIF1 	EQU 	102
ENDIF10 	EQU 	337
ENDIF11 	EQU 	434
ENDIF12 	EQU 	416
ENDIF13 	EQU 	2876
ENDIF14 	EQU 	2818
ENDIF15 	EQU 	2936
ENDIF16 	EQU 	2456
ENDIF17 	EQU 	2390
ENDIF18 	EQU 	801
ENDIF19 	EQU 	807
ENDIF2 	EQU 	104
ENDIF20 	EQU 	823
ENDIF21 	EQU 	2375
ENDIF22 	EQU 	2375
ENDIF23 	EQU 	2336
ENDIF24 	EQU 	2343
ENDIF25 	EQU 	2355
ENDIF26 	EQU 	619
ENDIF27 	EQU 	626
ENDIF28 	EQU 	632
ENDIF29 	EQU 	639
ENDIF3 	EQU 	3182
ENDIF30 	EQU 	646
ENDIF31 	EQU 	653
ENDIF32 	EQU 	660
ENDIF33 	EQU 	667
ENDIF34 	EQU 	674
ENDIF35 	EQU 	2326
ENDIF36 	EQU 	1384
ENDIF37 	EQU 	1424
ENDIF38 	EQU 	1462
ENDIF39 	EQU 	1499
ENDIF4 	EQU 	3213
ENDIF40 	EQU 	790
ENDIF41 	EQU 	721
ENDIF42 	EQU 	740
ENDIF43 	EQU 	750
ENDIF44 	EQU 	778
ENDIF45 	EQU 	470
ENDIF46 	EQU 	509
ENDIF47 	EQU 	2211
ENDIF48 	EQU 	2234
ENDIF49 	EQU 	1105
ENDIF5 	EQU 	3198
ENDIF50 	EQU 	1146
ENDIF51 	EQU 	1187
ENDIF53 	EQU 	1064
ENDIF54 	EQU 	2747
ENDIF55 	EQU 	2777
ENDIF56 	EQU 	3081
ENDIF57 	EQU 	3104
ENDIF58 	EQU 	3094
ENDIF59 	EQU 	3104
ENDIF7 	EQU 	172
ENDIF8 	EQU 	227
ENDIF9 	EQU 	282
F 	EQU 	1
FERR 	EQU 	2
FN_BCDTODEC 	EQU 	2048
FN_DECTOBCD 	EQU 	2134
FN_LEFTPAD 	EQU 	682
FN_PCF85X3_READVL 	EQU 	2604
FN_STR 	EQU 	1343
FSR 	EQU 	4
GIE 	EQU 	7
HOUR 	EQU 	47
I2CACK 	EQU 	48
I2CACKPOLLSTATE 	EQU 	49
I2CBYTE 	EQU 	50
I2CMATCH 	EQU 	51
I2CRECEIVE 	EQU 	2185
I2CSEND 	EQU 	449
I2CSTART 	EQU 	2251
I2CSTATE 	EQU 	52
I2CSTOP 	EQU 	2268
INDF 	EQU 	0
INITI2C 	EQU 	524
INITLCD 	EQU 	532
INITSYS 	EQU 	606
INTCON 	EQU 	11
INTE 	EQU 	4
INTEDG 	EQU 	6
INTF 	EQU 	1
IRP 	EQU 	7
LCD3_CMD 	EQU 	2290
LCD3_RSSTATE 	EQU 	53
LCDBACKLIGHT 	EQU 	611
LCDBYTE 	EQU 	54
LCDCHAR 	EQU 	55
LCDCHARLOC 	EQU 	56
LCDCOLUMN 	EQU 	57
LCDCREATECHAR 	EQU 	2294
LCDCRSR 	EQU 	58
LCDCURSOR 	EQU 	612
LCDLINE 	EQU 	59
LCDNORMALWRITEBYTE 	EQU 	2333
LCDTEMP 	EQU 	60
LCDVALUE 	EQU 	61
LCDVALUETEMP 	EQU 	62
LCDWRITECHAR 	EQU 	2376
LCD_STATE 	EQU 	63
LEFTPAD 	EQU 	345
LOCATE 	EQU 	2381
MIN 	EQU 	64
MONTH 	EQU 	65
MONTHDAYS 	EQU 	2405
MUL8LOOP 	EQU 	3116
MYREG 	EQU 	66
NOT_BO 	EQU 	0
NOT_BOD 	EQU 	0
NOT_BOR 	EQU 	0
NOT_PD 	EQU 	3
NOT_POR 	EQU 	1
NOT_RBPU 	EQU 	7
NOT_T1SYNC 	EQU 	2
NOT_TO 	EQU 	4
OERR 	EQU 	1
OLDSEC 	EQU 	67
OPTION_REG 	EQU 	129
OSCF 	EQU 	3
PCF85X3_ENABLE 	EQU 	2431
PCF85X3_READDATE 	EQU 	2472
PCF85X3_READREGISTER 	EQU 	2531
PCF85X3_READTIME 	EQU 	2553
PCF85X3_READVL 	EQU 	68
PCF85X3_SETALARM17 	EQU 	2632
PCF85X3_SETCLOCK 	EQU 	2660
PCL 	EQU 	2
PCLATH 	EQU 	10
PCON 	EQU 	142
PEIE 	EQU 	6
PIE1 	EQU 	140
PIR1 	EQU 	12
PORTA 	EQU 	5
PORTB 	EQU 	6
PR2 	EQU 	146
PRINT138 	EQU 	791
PRINT139 	EQU 	2728
PRINTDATE 	EQU 	824
PRINTLEN 	EQU 	69
PRINTTIME 	EQU 	1085
PS0 	EQU 	0
PS1 	EQU 	1
PS2 	EQU 	2
PSA 	EQU 	3
RA0 	EQU 	0
RA1 	EQU 	1
RA2 	EQU 	2
RA3 	EQU 	3
RA4 	EQU 	4
RA5 	EQU 	5
RA6 	EQU 	6
RA7 	EQU 	7
RB0 	EQU 	0
RB1 	EQU 	1
RB2 	EQU 	2
RB3 	EQU 	3
RB4 	EQU 	4
RB5 	EQU 	5
RB6 	EQU 	6
RB7 	EQU 	7
RBIE 	EQU 	3
RBIF 	EQU 	0
RCIE 	EQU 	5
RCIF 	EQU 	5
RCREG 	EQU 	26
RCSTA 	EQU 	24
RD 	EQU 	0
RP0 	EQU 	5
RP1 	EQU 	6
RX9 	EQU 	6
RX9D 	EQU 	0
SCLT16TRUE 	EQU 	2992
SEC 	EQU 	70
SETDATE 	EQU 	2781
SETMONTH 	EQU 	2843
SETYEAR 	EQU 	2905
SHOWALARM 	EQU 	1208
SPBRG 	EQU 	153
SPEN 	EQU 	7
SREN 	EQU 	5
STATUS 	EQU 	3
STR 	EQU 	288
STRINGPOINTER 	EQU 	71
STRINGTABLE10 	EQU 	1585
STRINGTABLE11 	EQU 	1590
STRINGTABLE12 	EQU 	1595
STRINGTABLE13 	EQU 	1600
STRINGTABLE14 	EQU 	1605
STRINGTABLE15 	EQU 	1607
STRINGTABLE16 	EQU 	1611
STRINGTABLE17 	EQU 	1613
STRINGTABLE18 	EQU 	1626
STRINGTABLE19 	EQU 	1637
STRINGTABLE2 	EQU 	1525
STRINGTABLE20 	EQU 	1650
STRINGTABLE21 	EQU 	1663
STRINGTABLE22 	EQU 	1677
STRINGTABLE23 	EQU 	1692
STRINGTABLE24 	EQU 	1703
STRINGTABLE25 	EQU 	1713
STRINGTABLE26 	EQU 	1723
STRINGTABLE3 	EQU 	1539
STRINGTABLE4 	EQU 	1560
STRINGTABLE49 	EQU 	1730
STRINGTABLE5 	EQU 	1562
STRINGTABLE6 	EQU 	1564
STRINGTABLE7 	EQU 	1570
STRINGTABLE8 	EQU 	1575
STRINGTABLE9 	EQU 	1580
SYNC 	EQU 	4
SYSARRAYTEMP1 	EQU 	72
SYSARRAYTEMP2 	EQU 	73
SYSBITVAR0 	EQU 	74
SYSBYTETEMPA 	EQU 	117
SYSBYTETEMPB 	EQU 	121
SYSBYTETEMPX 	EQU 	112
SYSCALCTEMPA 	EQU 	117
SYSCALCTEMPB 	EQU 	121
SYSCALCTEMPX 	EQU 	112
SYSCALCTEMPX_H 	EQU 	113
SYSCHARARRAY_1 	EQU 	295
SYSCHARARRAY_2 	EQU 	296
SYSCHARARRAY_3 	EQU 	297
SYSCHARARRAY_4 	EQU 	298
SYSCHARARRAY_5 	EQU 	299
SYSCHARARRAY_6 	EQU 	300
SYSCHARARRAY_7 	EQU 	301
SYSCHARARRAY_8 	EQU 	302
SYSCHARCOUNT 	EQU 	75
SYSCOMPEQUAL16 	EQU 	2961
SYSCOMPLESSTHAN 	EQU 	2972
SYSCOMPLESSTHAN16 	EQU 	2979
SYSCOPYSTRING 	EQU 	2994
SYSCOPYSTRINGCHECK 	EQU 	3017
SYSCOPYSTRINGPART 	EQU 	3009
SYSDIV16START 	EQU 	3083
SYSDIV8START 	EQU 	3045
SYSDIVLOOP 	EQU 	116
SYSDIVMULTA 	EQU 	119
SYSDIVMULTA_H 	EQU 	120
SYSDIVMULTB 	EQU 	123
SYSDIVMULTB_H 	EQU 	124
SYSDIVMULTX 	EQU 	114
SYSDIVMULTX_H 	EQU 	115
SYSDIVSUB 	EQU 	3039
SYSDIVSUB16 	EQU 	3059
SYSDOLOOP_E1 	EQU 	105
SYSDOLOOP_E10 	EQU 	293
SYSDOLOOP_E11 	EQU 	304
SYSDOLOOP_E12 	EQU 	350
SYSDOLOOP_E13 	EQU 	348
SYSDOLOOP_E14 	EQU 	359
SYSDOLOOP_E15 	EQU 	417
SYSDOLOOP_E16 	EQU 	437
SYSDOLOOP_E17 	EQU 	2893
SYSDOLOOP_E18 	EQU 	2887
SYSDOLOOP_E19 	EQU 	2904
SYSDOLOOP_E2 	EQU 	118
SYSDOLOOP_E20 	EQU 	2835
SYSDOLOOP_E21 	EQU 	2829
SYSDOLOOP_E22 	EQU 	2842
SYSDOLOOP_E23 	EQU 	2953
SYSDOLOOP_E24 	EQU 	2947
SYSDOLOOP_E25 	EQU 	2960
SYSDOLOOP_E3 	EQU 	185
SYSDOLOOP_E4 	EQU 	183
SYSDOLOOP_E5 	EQU 	194
SYSDOLOOP_E6 	EQU 	240
SYSDOLOOP_E7 	EQU 	238
SYSDOLOOP_E8 	EQU 	249
SYSDOLOOP_E9 	EQU 	295
SYSDOLOOP_S1 	EQU 	95
SYSDOLOOP_S10 	EQU 	275
SYSDOLOOP_S11 	EQU 	295
SYSDOLOOP_S12 	EQU 	330
SYSDOLOOP_S13 	EQU 	330
SYSDOLOOP_S14 	EQU 	350
SYSDOLOOP_S15 	EQU 	402
SYSDOLOOP_S16 	EQU 	434
SYSDOLOOP_S17 	EQU 	2867
SYSDOLOOP_S18 	EQU 	2867
SYSDOLOOP_S19 	EQU 	2897
SYSDOLOOP_S2 	EQU 	109
SYSDOLOOP_S20 	EQU 	2809
SYSDOLOOP_S21 	EQU 	2809
SYSDOLOOP_S22 	EQU 	2835
SYSDOLOOP_S23 	EQU 	2929
SYSDOLOOP_S24 	EQU 	2929
SYSDOLOOP_S25 	EQU 	2953
SYSDOLOOP_S3 	EQU 	165
SYSDOLOOP_S4 	EQU 	165
SYSDOLOOP_S5 	EQU 	185
SYSDOLOOP_S6 	EQU 	220
SYSDOLOOP_S7 	EQU 	220
SYSDOLOOP_S8 	EQU 	240
SYSDOLOOP_S9 	EQU 	275
SYSFORLOOP1 	EQU 	807
SYSFORLOOP2 	EQU 	2309
SYSFORLOOP3 	EQU 	721
SYSFORLOOP4 	EQU 	750
SYSFORLOOPEND1 	EQU 	823
SYSFORLOOPEND2 	EQU 	2326
SYSFORLOOPEND3 	EQU 	740
SYSFORLOOPEND4 	EQU 	778
SYSLCDCHARDATAHANDLER 	EQU 	76
SYSLCDCHARDATAHANDLER_H 	EQU 	77
SYSLEFTPAD_0 	EQU 	345
SYSMULTSUB 	EQU 	3115
SYSPRINTDATAHANDLER 	EQU 	78
SYSPRINTDATAHANDLER_H 	EQU 	79
SYSPRINTTEMP 	EQU 	80
SYSREADSTRING 	EQU 	3127
SYSREADSTRINGPART 	EQU 	3139
SYSREPEATLOOP1 	EQU 	2340
SYSREPEATLOOP2 	EQU 	458
SYSREPEATLOOP3 	EQU 	2199
SYSREPEATLOOPEND1 	EQU 	2348
SYSREPEATLOOPEND2 	EQU 	490
SYSREPEATLOOPEND3 	EQU 	2221
SYSREPEATTEMP1 	EQU 	81
SYSREPEATTEMP2 	EQU 	82
SYSREPEATTEMP3 	EQU 	83
SYSSELECT1CASE1 	EQU 	824
SYSSELECT1CASE2 	EQU 	844
SYSSELECT1CASE3 	EQU 	864
SYSSELECT1CASE4 	EQU 	885
SYSSELECT1CASE5 	EQU 	906
SYSSELECT1CASE6 	EQU 	927
SYSSELECT1CASE7 	EQU 	948
SYSSELECT1CASE8 	EQU 	969
SYSSELECTEND1 	EQU 	1002
SYSSTRDATA 	EQU 	84
SYSSTRINGA 	EQU 	119
SYSSTRINGA_H 	EQU 	120
SYSSTRINGB 	EQU 	114
SYSSTRINGB_H 	EQU 	115
SYSSTRINGCOPY 	EQU 	3020
SYSSTRINGLENGTH 	EQU 	118
SYSSTRINGPARAM1 	EQU 	324
SYSSTRINGPARAM2 	EQU 	303
SYSSTRINGPARAM3 	EQU 	219
SYSSTRINGPARAM4 	EQU 	198
SYSSTRINGPARAM5 	EQU 	177
SYSSTRINGREAD 	EQU 	3153
SYSSTRINGREADCHECK 	EQU 	3150
SYSSTRINGTABLES 	EQU 	1518
SYSSTRINGTEMP 	EQU 	85
SYSSTRLEN 	EQU 	86
SYSSTR_0 	EQU 	288
SYSSYSINSTRING2HANDLER 	EQU 	87
SYSSYSINSTRING2HANDLER_H 	EQU 	88
SYSSYSINSTRINGHANDLER 	EQU 	89
SYSSYSINSTRINGHANDLER_H 	EQU 	90
SYSTEMP1 	EQU 	91
SYSTEMP1_H 	EQU 	92
SYSTEMP2 	EQU 	93
SYSTEMP3 	EQU 	94
SYSVALHUNDREDS 	EQU 	1437
SYSVALTEMP 	EQU 	95
SYSVALTEMP_H 	EQU 	96
SYSVALTENS 	EQU 	1475
SYSVALTHOUSANDS 	EQU 	1398
SYSWAITLOOP1 	EQU 	118
SYSWAITLOOP10 	EQU 	496
SYSWAITLOOP11 	EQU 	2203
SYSWAITLOOP12 	EQU 	2238
SYSWAITLOOP2 	EQU 	179
SYSWAITLOOP3 	EQU 	234
SYSWAITLOOP4 	EQU 	289
SYSWAITLOOP5 	EQU 	344
SYSWAITLOOP6 	EQU 	2883
SYSWAITLOOP7 	EQU 	2825
SYSWAITLOOP8 	EQU 	2943
SYSWAITLOOP9 	EQU 	476
SYSWAITTEMP10US 	EQU 	117
SYSWAITTEMPMS 	EQU 	114
SYSWAITTEMPMS_H 	EQU 	115
SYSWAITTEMPS 	EQU 	116
SYSWAITTEMPUS 	EQU 	117
SYSWAITTEMPUS_H 	EQU 	118
SYSWORDTEMPA 	EQU 	117
SYSWORDTEMPA_H 	EQU 	118
SYSWORDTEMPB 	EQU 	121
SYSWORDTEMPB_H 	EQU 	122
SYSWORDTEMPX 	EQU 	112
SYSWORDTEMPX_H 	EQU 	113
T0CS 	EQU 	5
T0IE 	EQU 	5
T0IF 	EQU 	2
T0SE 	EQU 	4
T1CKPS0 	EQU 	4
T1CKPS1 	EQU 	5
T1CON 	EQU 	16
T1OSCEN 	EQU 	3
T2CKPS0 	EQU 	0
T2CKPS1 	EQU 	1
T2CON 	EQU 	18
TABLEMONTHDAYS 	EQU 	2418
TMR0 	EQU 	1
TMR0IE 	EQU 	5
TMR0IF 	EQU 	2
TMR1 	EQU 	14
TMR1CS 	EQU 	1
TMR1H 	EQU 	15
TMR1IE 	EQU 	0
TMR1IF 	EQU 	0
TMR1L 	EQU 	14
TMR1ON 	EQU 	0
TMR2 	EQU 	17
TMR2IE 	EQU 	1
TMR2IF 	EQU 	1
TMR2ON 	EQU 	2
TOUTPS0 	EQU 	3
TOUTPS1 	EQU 	4
TOUTPS2 	EQU 	5
TOUTPS3 	EQU 	6
TRISA 	EQU 	133
TRISA0 	EQU 	0
TRISA1 	EQU 	1
TRISA2 	EQU 	2
TRISA3 	EQU 	3
TRISA4 	EQU 	4
TRISA5 	EQU 	5
TRISA6 	EQU 	6
TRISA7 	EQU 	7
TRISB 	EQU 	134
TRISB0 	EQU 	0
TRISB1 	EQU 	1
TRISB2 	EQU 	2
TRISB3 	EQU 	3
TRISB4 	EQU 	4
TRISB5 	EQU 	5
TRISB6 	EQU 	6
TRISB7 	EQU 	7
TRMT 	EQU 	1
TX9 	EQU 	6
TX9D 	EQU 	0
TXEN 	EQU 	5
TXIE 	EQU 	4
TXIF 	EQU 	4
TXREG 	EQU 	25
TXSTA 	EQU 	152
UPDATEDISP 	EQU 	3161
VA 	EQU 	97
VR0 	EQU 	0
VR1 	EQU 	1
VR2 	EQU 	2
VR3 	EQU 	3
VRCON 	EQU 	159
VREN 	EQU 	7
VROE 	EQU 	6
VRR 	EQU 	5
W 	EQU 	0
WR 	EQU 	1
WREN 	EQU 	2
WRERR 	EQU 	3
YEAR 	EQU 	98
Z 	EQU 	2

Code:
Loc	Obj Code	Original Assembly
























































































































000000	118A	PAGESEL BASPROGRAMSTART
000001	2805	GOTO BASPROGRAMSTART

000004	0009	RETFIE



		BASPROGRAMSTART
000005	225E	CALL INITSYS
000006	220C	CALL INITI2C
000007	2214	CALL INITLCD

000000	1683	BANKSEL TRISB
000000	1683 1303	BANKSEL TRISB
00000A	1486	BSF TRISB,1
00000B	1506	BSF TRISB,2
00000C	30FF	MOVLW 255
000000	1283	BANKSEL OLDSEC
000000	1283 1303	BANKSEL OLDSEC
00000F	00C3	MOVWF OLDSEC
000000	158A	PAGESEL CREATECUSTOMCHARACTERS
000011	2025	CALL CREATECUSTOMCHARACTERS
000000	118A	PAGESEL $
000013	300D	MOVLW 13
000014	00BA	MOVWF LCDCRSR
000015	2264	CALL LCDCURSOR
000016	01BB	CLRF LCDLINE
000017	01B9	CLRF LCDCOLUMN
000000	158A	PAGESEL LOCATE
000019	214D	CALL LOCATE
000000	118A	PAGESEL $
00001B	3044	MOVLW LOW SYSSTRINGPARAM1
00001C	00F2	MOVWF SYSSTRINGB
00001D	3001	MOVLW HIGH SYSSTRINGPARAM1
00001E	00F3	MOVWF SYSSTRINGB_H
00001F	30F5	MOVLW LOW STRINGTABLE2
000020	00F7	MOVWF SYSSTRINGA
000021	3005	MOVLW HIGH STRINGTABLE2
000022	00F8	MOVWF SYSSTRINGA_H
000000	158A	PAGESEL SYSREADSTRING
000024	2437	CALL SYSREADSTRING
000000	118A	PAGESEL $
000026	3044	MOVLW LOW SYSSTRINGPARAM1
000027	00CE	MOVWF SYSPRINTDATAHANDLER
000028	3001	MOVLW HIGH SYSSTRINGPARAM1
000029	00CF	MOVWF SYSPRINTDATAHANDLER_H
00002A	2317	CALL PRINT138
00002B	3001	MOVLW 1
00002C	00BB	MOVWF LCDLINE
00002D	01B9	CLRF LCDCOLUMN
000000	158A	PAGESEL LOCATE
00002F	214D	CALL LOCATE
000000	118A	PAGESEL $
000031	3044	MOVLW LOW SYSSTRINGPARAM1
000032	00F2	MOVWF SYSSTRINGB
000033	3001	MOVLW HIGH SYSSTRINGPARAM1
000034	00F3	MOVWF SYSSTRINGB_H
000035	3003	MOVLW LOW STRINGTABLE3
000036	00F7	MOVWF SYSSTRINGA
000037	3006	MOVLW HIGH STRINGTABLE3
000038	00F8	MOVWF SYSSTRINGA_H
000000	158A	PAGESEL SYSREADSTRING
00003A	2437	CALL SYSREADSTRING
000000	118A	PAGESEL $
00003C	3044	MOVLW LOW SYSSTRINGPARAM1
00003D	00CE	MOVWF SYSPRINTDATAHANDLER
00003E	3001	MOVLW HIGH SYSSTRINGPARAM1
00003F	00CF	MOVWF SYSPRINTDATAHANDLER_H
000040	2317	CALL PRINT138
000041	3002	MOVLW 2
000042	00F4	MOVWF SYSWAITTEMPS
000000	158A	PAGESEL DELAY_S
000044	2081	CALL DELAY_S
000000	158A	PAGESEL CLS
000046	2017	CALL CLS
000000	118A	PAGESEL $
000048	30FF	MOVLW 255
000049	00AD	MOVWF DS_VALUE
000000	158A	PAGESEL PCF85X3_ENABLE
00004B	217F	CALL PCF85X3_ENABLE
000000	118A	PAGESEL $
00004D	3007	MOVLW 7
00004E	00A7	MOVWF DS_HOUR
00004F	300F	MOVLW 15
000050	00A8	MOVWF DS_MIN
000000	158A	PAGESEL PCF85X3_SETALARM17
000052	2248	CALL PCF85X3_SETALARM17
000000	118A	PAGESEL $
000000	158A	PAGESEL PCF85X3_READDATE
000055	21A8	CALL PCF85X3_READDATE
000000	118A	PAGESEL $
000057	0826	MOVF DS_DOW,W
000058	00A4	MOVWF DOW
000059	0825	MOVF DS_DATE,W
00005A	00A1	MOVWF DATE
00005B	0829	MOVF DS_MONTH,W
00005C	00C1	MOVWF MONTH
00005D	082E	MOVF DS_YEAR,W
00005E	00E2	MOVWF YEAR
		SYSDOLOOP_S1
000000	158A	PAGESEL UPDATEDISP
000060	2459	CALL UPDATEDISP
000000	118A	PAGESEL $
000062	1C86	BTFSS PORTB,1
000063	2866	GOTO ENDIF1
000064	206C	CALL CHANGESETTING
000000	118A	PAGESEL $
		ENDIF1
000066	1906	BTFSC PORTB,2
000067	24B8	CALL SHOWALARM
		ENDIF2
000068	285F	GOTO SYSDOLOOP_S1
		SYSDOLOOP_E1
000069	286A	GOTO BASPROGRAMEND
		BASPROGRAMEND
00006A	0063	SLEEP
00006B	286A	GOTO BASPROGRAMEND


		CHANGESETTING
00006C	104A	BCF SYSBITVAR0,0
		SYSDOLOOP_S2
00006D	1C86	BTFSS PORTB,1
00006E	2876	GOTO SYSDOLOOP_E2
00006F	3032	MOVLW 50
000070	00F2	MOVWF SYSWAITTEMPMS
000071	01F3	CLRF SYSWAITTEMPMS_H
000000	158A	PAGESEL DELAY_MS
000073	2073	CALL DELAY_MS
000000	118A	PAGESEL $
000075	286D	GOTO SYSDOLOOP_S2
		SYSDOLOOP_E2
		SYSWAITLOOP1
000076	01F0	CLRF SYSBYTETEMPX
000077	1886	BTFSC PORTB,1
000078	09F0	COMF SYSBYTETEMPX,F
000079	0870	MOVF SYSBYTETEMPX,W
00007A	00DB	MOVWF SYSTEMP1
00007B	01F0	CLRF SYSBYTETEMPX
00007C	1906	BTFSC PORTB,2
00007D	09F0	COMF SYSBYTETEMPX,F
00007E	0870	MOVF SYSBYTETEMPX,W
00007F	00DD	MOVWF SYSTEMP2
000080	085B	MOVF SYSTEMP1,W
000081	045D	IORWF SYSTEMP2,W
000082	00DE	MOVWF SYSTEMP3
000083	185E	BTFSC SYSTEMP3,0
000084	2876	GOTO SYSWAITLOOP1
000000	158A	PAGESEL SETDATE
000086	22DD	CALL SETDATE
000000	158A	PAGESEL SETMONTH
000088	231B	CALL SETMONTH
000000	158A	PAGESEL SETYEAR
00008A	2359	CALL SETYEAR
000000	158A	PAGESEL CLS
00008C	2017	CALL CLS
000000	118A	PAGESEL $
00008E	302F	MOVLW LOW SYSSTRINGPARAM2
00008F	00F2	MOVWF SYSSTRINGB
000090	3001	MOVLW HIGH SYSSTRINGPARAM2
000091	00F3	MOVWF SYSSTRINGB_H
000092	304D	MOVLW LOW STRINGTABLE17
000093	00F7	MOVWF SYSSTRINGA
000094	3006	MOVLW HIGH STRINGTABLE17
000095	00F8	MOVWF SYSSTRINGA_H
000000	158A	PAGESEL SYSREADSTRING
000097	2437	CALL SYSREADSTRING
000000	118A	PAGESEL $
000099	302F	MOVLW LOW SYSSTRINGPARAM2
00009A	00CE	MOVWF SYSPRINTDATAHANDLER
00009B	3001	MOVLW HIGH SYSSTRINGPARAM2
00009C	00CF	MOVWF SYSPRINTDATAHANDLER_H
00009D	2317	CALL PRINT138
00009E	3001	MOVLW 1
00009F	00BB	MOVWF LCDLINE
0000A0	01B9	CLRF LCDCOLUMN
000000	158A	PAGESEL LOCATE
0000A2	214D	CALL LOCATE
000000	118A	PAGESEL $
0000A4	2338	CALL PRINTDATE
		SYSDOLOOP_S3
		SYSDOLOOP_S4
0000A5	1D06	BTFSS PORTB,2
0000A6	28B7	GOTO SYSDOLOOP_E4
0000A7	0AA4	INCF DOW,F
0000A8	0824	MOVF DOW,W
0000A9	3C06	SUBLW 6
0000AA	1C03	BTFSS STATUS, C
0000AB	01A4	CLRF DOW
		ENDIF7
0000AC	3001	MOVLW 1
0000AD	00BB	MOVWF LCDLINE
0000AE	01B9	CLRF LCDCOLUMN
000000	158A	PAGESEL LOCATE
0000B0	214D	CALL LOCATE
000000	118A	PAGESEL $
0000B2	2338	CALL PRINTDATE
		SYSWAITLOOP2
0000B3	1906	BTFSC PORTB,2
0000B4	28B3	GOTO SYSWAITLOOP2
0000B5	144A	BSF SYSBITVAR0,0
0000B6	28A5	GOTO SYSDOLOOP_S4
		SYSDOLOOP_E4
0000B7	1C86	BTFSS PORTB,1
0000B8	28A5	GOTO SYSDOLOOP_S3
		SYSDOLOOP_E3
		SYSDOLOOP_S5
0000B9	1C86	BTFSS PORTB,1
0000BA	28C2	GOTO SYSDOLOOP_E5
0000BB	3032	MOVLW 50
0000BC	00F2	MOVWF SYSWAITTEMPMS
0000BD	01F3	CLRF SYSWAITTEMPMS_H
000000	158A	PAGESEL DELAY_MS
0000BF	2073	CALL DELAY_MS
000000	118A	PAGESEL $
0000C1	28B9	GOTO SYSDOLOOP_S5
		SYSDOLOOP_E5
000000	158A	PAGESEL CLS
0000C3	2017	CALL CLS
000000	118A	PAGESEL $
0000C5	302F	MOVLW LOW SYSSTRINGPARAM2
0000C6	00F2	MOVWF SYSSTRINGB
0000C7	3001	MOVLW HIGH SYSSTRINGPARAM2
0000C8	00F3	MOVWF SYSSTRINGB_H
0000C9	305A	MOVLW LOW STRINGTABLE18
0000CA	00F7	MOVWF SYSSTRINGA
0000CB	3006	MOVLW HIGH STRINGTABLE18
0000CC	00F8	MOVWF SYSSTRINGA_H
000000	158A	PAGESEL SYSREADSTRING
0000CE	2437	CALL SYSREADSTRING
000000	118A	PAGESEL $
0000D0	302F	MOVLW LOW SYSSTRINGPARAM2
0000D1	00CE	MOVWF SYSPRINTDATAHANDLER
0000D2	3001	MOVLW HIGH SYSSTRINGPARAM2
0000D3	00CF	MOVWF SYSPRINTDATAHANDLER_H
0000D4	2317	CALL PRINT138
0000D5	3001	MOVLW 1
0000D6	00BB	MOVWF LCDLINE
0000D7	01B9	CLRF LCDCOLUMN
000000	158A	PAGESEL LOCATE
0000D9	214D	CALL LOCATE
000000	118A	PAGESEL $
0000DB	243D	CALL PRINTTIME
		SYSDOLOOP_S6
		SYSDOLOOP_S7
0000DC	1D06	BTFSS PORTB,2
0000DD	28EE	GOTO SYSDOLOOP_E7
0000DE	0AAF	INCF HOUR,F
0000DF	082F	MOVF HOUR,W
0000E0	3C17	SUBLW 23
0000E1	1C03	BTFSS STATUS, C
0000E2	01AF	CLRF HOUR
		ENDIF8
0000E3	3001	MOVLW 1
0000E4	00BB	MOVWF LCDLINE
0000E5	01B9	CLRF LCDCOLUMN
000000	158A	PAGESEL LOCATE
0000E7	214D	CALL LOCATE
000000	118A	PAGESEL $
0000E9	243D	CALL PRINTTIME
		SYSWAITLOOP3
0000EA	1906	BTFSC PORTB,2
0000EB	28EA	GOTO SYSWAITLOOP3
0000EC	144A	BSF SYSBITVAR0,0
0000ED	28DC	GOTO SYSDOLOOP_S7
		SYSDOLOOP_E7
0000EE	1C86	BTFSS PORTB,1
0000EF	28DC	GOTO SYSDOLOOP_S6
		SYSDOLOOP_E6
		SYSDOLOOP_S8
0000F0	1C86	BTFSS PORTB,1
0000F1	28F9	GOTO SYSDOLOOP_E8
0000F2	3032	MOVLW 50
0000F3	00F2	MOVWF SYSWAITTEMPMS
0000F4	01F3	CLRF SYSWAITTEMPMS_H
000000	158A	PAGESEL DELAY_MS
0000F6	2073	CALL DELAY_MS
000000	118A	PAGESEL $
0000F8	28F0	GOTO SYSDOLOOP_S8
		SYSDOLOOP_E8
000000	158A	PAGESEL CLS
0000FA	2017	CALL CLS
000000	118A	PAGESEL $
0000FC	302F	MOVLW LOW SYSSTRINGPARAM2
0000FD	00F2	MOVWF SYSSTRINGB
0000FE	3001	MOVLW HIGH SYSSTRINGPARAM2
0000FF	00F3	MOVWF SYSSTRINGB_H
000100	3065	MOVLW LOW STRINGTABLE19
000101	00F7	MOVWF SYSSTRINGA
000102	3006	MOVLW HIGH STRINGTABLE19
000103	00F8	MOVWF SYSSTRINGA_H
000000	158A	PAGESEL SYSREADSTRING
000105	2437	CALL SYSREADSTRING
000000	118A	PAGESEL $
000107	302F	MOVLW LOW SYSSTRINGPARAM2
000108	00CE	MOVWF SYSPRINTDATAHANDLER
000109	3001	MOVLW HIGH SYSSTRINGPARAM2
00010A	00CF	MOVWF SYSPRINTDATAHANDLER_H
00010B	2317	CALL PRINT138
00010C	3001	MOVLW 1
00010D	00BB	MOVWF LCDLINE
00010E	01B9	CLRF LCDCOLUMN
000000	158A	PAGESEL LOCATE
000110	214D	CALL LOCATE
000000	118A	PAGESEL $
000112	243D	CALL PRINTTIME
		SYSDOLOOP_S9
		SYSDOLOOP_S10
000113	1D06	BTFSS PORTB,2
000114	2925	GOTO SYSDOLOOP_E10
000115	0AC0	INCF MIN,F
000116	0840	MOVF MIN,W
000117	3C3B	SUBLW 59
000118	1C03	BTFSS STATUS, C
000119	01C0	CLRF MIN
		ENDIF9
00011A	3001	MOVLW 1
00011B	00BB	MOVWF LCDLINE
00011C	01B9	CLRF LCDCOLUMN
000000	158A	PAGESEL LOCATE
00011E	214D	CALL LOCATE
000000	118A	PAGESEL $
000120	243D	CALL PRINTTIME
		SYSWAITLOOP4
000121	1906	BTFSC PORTB,2
000122	2921	GOTO SYSWAITLOOP4
000123	144A	BSF SYSBITVAR0,0
000124	2913	GOTO SYSDOLOOP_S10
		SYSDOLOOP_E10
000125	1C86	BTFSS PORTB,1
000126	2913	GOTO SYSDOLOOP_S9
		SYSDOLOOP_E9
		SYSDOLOOP_S11
000127	1C86	BTFSS PORTB,1
000128	2930	GOTO SYSDOLOOP_E11
000129	3032	MOVLW 50
00012A	00F2	MOVWF SYSWAITTEMPMS
00012B	01F3	CLRF SYSWAITTEMPMS_H
000000	158A	PAGESEL DELAY_MS
00012D	2073	CALL DELAY_MS
000000	118A	PAGESEL $
00012F	2927	GOTO SYSDOLOOP_S11
		SYSDOLOOP_E11
000000	158A	PAGESEL CLS
000131	2017	CALL CLS
000000	118A	PAGESEL $
000133	302F	MOVLW LOW SYSSTRINGPARAM2
000134	00F2	MOVWF SYSSTRINGB
000135	3001	MOVLW HIGH SYSSTRINGPARAM2
000136	00F3	MOVWF SYSSTRINGB_H
000137	3072	MOVLW LOW STRINGTABLE20
000138	00F7	MOVWF SYSSTRINGA
000139	3006	MOVLW HIGH STRINGTABLE20
00013A	00F8	MOVWF SYSSTRINGA_H
000000	158A	PAGESEL SYSREADSTRING
00013C	2437	CALL SYSREADSTRING
000000	118A	PAGESEL $
00013E	302F	MOVLW LOW SYSSTRINGPARAM2
00013F	00CE	MOVWF SYSPRINTDATAHANDLER
000140	3001	MOVLW HIGH SYSSTRINGPARAM2
000141	00CF	MOVWF SYSPRINTDATAHANDLER_H
000142	2317	CALL PRINT138
000143	3001	MOVLW 1
000144	00BB	MOVWF LCDLINE
000145	01B9	CLRF LCDCOLUMN
000000	158A	PAGESEL LOCATE
000147	214D	CALL LOCATE
000000	118A	PAGESEL $
000149	243D	CALL PRINTTIME
		SYSDOLOOP_S12
		SYSDOLOOP_S13
00014A	1D06	BTFSS PORTB,2
00014B	295C	GOTO SYSDOLOOP_E13
00014C	0AC6	INCF SEC,F
00014D	0846	MOVF SEC,W
00014E	3C3B	SUBLW 59
00014F	1C03	BTFSS STATUS, C
000150	01C6	CLRF SEC
		ENDIF10
000151	3001	MOVLW 1
000152	00BB	MOVWF LCDLINE
000153	01B9	CLRF LCDCOLUMN
000000	158A	PAGESEL LOCATE
000155	214D	CALL LOCATE
000000	118A	PAGESEL $
000157	243D	CALL PRINTTIME
		SYSWAITLOOP5
000158	1906	BTFSC PORTB,2
000159	2958	GOTO SYSWAITLOOP5
00015A	144A	BSF SYSBITVAR0,0
00015B	294A	GOTO SYSDOLOOP_S13
		SYSDOLOOP_E13
00015C	1C86	BTFSS PORTB,1
00015D	294A	GOTO SYSDOLOOP_S12
		SYSDOLOOP_E12
		SYSDOLOOP_S14
00015E	1C86	BTFSS PORTB,1
00015F	2967	GOTO SYSDOLOOP_E14
000160	3032	MOVLW 50
000161	00F2	MOVWF SYSWAITTEMPMS
000162	01F3	CLRF SYSWAITTEMPMS_H
000000	158A	PAGESEL DELAY_MS
000164	2073	CALL DELAY_MS
000000	118A	PAGESEL $
000166	295E	GOTO SYSDOLOOP_S14
		SYSDOLOOP_E14
000167	1C4A	BTFSS SYSBITVAR0,0
000168	29B2	GOTO ENDIF11
000000	158A	PAGESEL CLS
00016A	2017	CALL CLS
000000	118A	PAGESEL $
00016C	302F	MOVLW LOW SYSSTRINGPARAM2
00016D	00F2	MOVWF SYSSTRINGB
00016E	3001	MOVLW HIGH SYSSTRINGPARAM2
00016F	00F3	MOVWF SYSSTRINGB_H
000170	307F	MOVLW LOW STRINGTABLE21
000171	00F7	MOVWF SYSSTRINGA
000172	3006	MOVLW HIGH STRINGTABLE21
000173	00F8	MOVWF SYSSTRINGA_H
000000	158A	PAGESEL SYSREADSTRING
000175	2437	CALL SYSREADSTRING
000000	118A	PAGESEL $
000177	302F	MOVLW LOW SYSSTRINGPARAM2
000178	00CE	MOVWF SYSPRINTDATAHANDLER
000179	3001	MOVLW HIGH SYSSTRINGPARAM2
00017A	00CF	MOVWF SYSPRINTDATAHANDLER_H
00017B	2317	CALL PRINT138
00017C	3001	MOVLW 1
00017D	00BB	MOVWF LCDLINE
00017E	01B9	CLRF LCDCOLUMN
000000	158A	PAGESEL LOCATE
000180	214D	CALL LOCATE
000000	118A	PAGESEL $
000182	302F	MOVLW LOW SYSSTRINGPARAM2
000183	00F2	MOVWF SYSSTRINGB
000184	3001	MOVLW HIGH SYSSTRINGPARAM2
000185	00F3	MOVWF SYSSTRINGB_H
000186	308D	MOVLW LOW STRINGTABLE22
000187	00F7	MOVWF SYSSTRINGA
000188	3006	MOVLW HIGH STRINGTABLE22
000189	00F8	MOVWF SYSSTRINGA_H
000000	158A	PAGESEL SYSREADSTRING
00018B	2437	CALL SYSREADSTRING
000000	118A	PAGESEL $
00018D	302F	MOVLW LOW SYSSTRINGPARAM2
00018E	00CE	MOVWF SYSPRINTDATAHANDLER
00018F	3001	MOVLW HIGH SYSSTRINGPARAM2
000190	00CF	MOVWF SYSPRINTDATAHANDLER_H
000191	2317	CALL PRINT138
		SYSDOLOOP_S15
000192	1886	BTFSC PORTB,1
000193	29A1	GOTO SYSDOLOOP_E15
000194	3032	MOVLW 50
000195	00F2	MOVWF SYSWAITTEMPMS
000196	01F3	CLRF SYSWAITTEMPMS_H
000000	158A	PAGESEL DELAY_MS
000198	2073	CALL DELAY_MS
000000	118A	PAGESEL $
00019A	1D06	BTFSS PORTB,2
00019B	29A0	GOTO ENDIF12
000000	158A	PAGESEL CLS
00019D	2017	CALL CLS
000000	118A	PAGESEL $
00019F	0008	RETURN
		ENDIF12
0001A0	2992	GOTO SYSDOLOOP_S15
		SYSDOLOOP_E15
0001A1	082F	MOVF HOUR,W
0001A2	00A7	MOVWF DS_HOUR
0001A3	0840	MOVF MIN,W
0001A4	00A8	MOVWF DS_MIN
0001A5	0846	MOVF SEC,W
0001A6	00AB	MOVWF DS_SEC
0001A7	0824	MOVF DOW,W
0001A8	00A6	MOVWF DS_DOW
0001A9	0821	MOVF DATE,W
0001AA	00A5	MOVWF DS_DATE
0001AB	0841	MOVF MONTH,W
0001AC	00A9	MOVWF DS_MONTH
0001AD	0862	MOVF YEAR,W
0001AE	00AE	MOVWF DS_YEAR
000000	158A	PAGESEL PCF85X3_SETCLOCK
0001B0	2264	CALL PCF85X3_SETCLOCK
000000	118A	PAGESEL $
		ENDIF11
		SYSDOLOOP_S16
0001B2	1C86	BTFSS PORTB,1
0001B3	29B5	GOTO SYSDOLOOP_E16
0001B4	29B2	GOTO SYSDOLOOP_S16
		SYSDOLOOP_E16
0001B5	3032	MOVLW 50
0001B6	00F2	MOVWF SYSWAITTEMPMS
0001B7	01F3	CLRF SYSWAITTEMPMS_H
000000	158A	PAGESEL DELAY_MS
0001B9	2073	CALL DELAY_MS
000000	158A	PAGESEL CLS
0001BB	2017	CALL CLS
000000	118A	PAGESEL $
0001BD	30FF	MOVLW 255
0001BE	00AD	MOVWF DS_VALUE
000000	158A	PAGESEL PCF85X3_ENABLE
0001C0	297F	GOTO PCF85X3_ENABLE


		I2CSEND
000000	1683	BANKSEL TRISA
000000	1683 1303	BANKSEL TRISA
0001C3	1185	BCF TRISA,3
000000	1283	BANKSEL PORTA
000000	1283 1303	BANKSEL PORTA
0001C6	1185	BCF PORTA,3
0001C7	0000	NOP
0001C8	3008	MOVLW 8
0001C9	00D2	MOVWF SYSREPEATTEMP2
		SYSREPEATLOOP2
0001CA	1FB2	BTFSS I2CBYTE,7
0001CB	29D0	GOTO ELSE45_1
000000	1683	BANKSEL TRISA
000000	1683 1303	BANKSEL TRISA
0001CE	1605	BSF TRISA,4
0001CF	29D6	GOTO ENDIF45
		ELSE45_1
000000	1683	BANKSEL TRISA
000000	1683 1303	BANKSEL TRISA
0001D2	1205	BCF TRISA,4
000000	1283	BANKSEL PORTA
000000	1283 1303	BANKSEL PORTA
0001D5	1205	BCF PORTA,4
		ENDIF45
000000	1283	BANKSEL I2CBYTE
000000	1283 1303	BANKSEL I2CBYTE
0001D8	0DB2	RLF I2CBYTE,F
000000	1683	BANKSEL TRISA
000000	1683 1303	BANKSEL TRISA
0001DB	1585	BSF TRISA,3
		SYSWAITLOOP9
000000	1283	BANKSEL PORTA
000000	1283 1303	BANKSEL PORTA
0001DE	1D85	BTFSS PORTA,3
0001DF	29DC	GOTO SYSWAITLOOP9
0001E0	0000	NOP
000000	1683	BANKSEL TRISA
000000	1683 1303	BANKSEL TRISA
0001E3	1185	BCF TRISA,3
000000	1283	BANKSEL PORTA
000000	1283 1303	BANKSEL PORTA
0001E6	1185	BCF PORTA,3
0001E7	0000	NOP
0001E8	0BD2	DECFSZ SYSREPEATTEMP2,F
0001E9	29CA	GOTO SYSREPEATLOOP2
		SYSREPEATLOOPEND2
0001EA	29EB	GOTO $+1
000000	1683	BANKSEL TRISA
000000	1683 1303	BANKSEL TRISA
0001ED	1605	BSF TRISA,4
0001EE	0000	NOP
0001EF	1585	BSF TRISA,3
		SYSWAITLOOP10
000000	1283	BANKSEL PORTA
000000	1283 1303	BANKSEL PORTA
0001F2	1D85	BTFSS PORTA,3
0001F3	29F0	GOTO SYSWAITLOOP10
0001F4	1E05	BTFSS PORTA,4
0001F5	29F9	GOTO ELSE46_1
0001F6	01B0	CLRF I2CACK
0001F7	01B1	CLRF I2CACKPOLLSTATE
0001F8	29FD	GOTO ENDIF46
		ELSE46_1
0001F9	30FF	MOVLW 255
0001FA	00B0	MOVWF I2CACK
0001FB	30FF	MOVLW 255
0001FC	00B1	MOVWF I2CACKPOLLSTATE
		ENDIF46
000000	1683	BANKSEL TRISA
000000	1683 1303	BANKSEL TRISA
0001FF	1185	BCF TRISA,3
000000	1283	BANKSEL PORTA
000000	1283 1303	BANKSEL PORTA
000202	1185	BCF PORTA,3
000203	0000	NOP
000000	1683	BANKSEL TRISA
000000	1683 1303	BANKSEL TRISA
000206	1205	BCF TRISA,4
000000	1283	BANKSEL PORTA
000000	1283 1303	BANKSEL PORTA
000209	1205	BCF PORTA,4
00020A	2A0B	GOTO $+1
00020B	0008	RETURN


		INITI2C
000000	1683	BANKSEL TRISA
000000	1683 1303	BANKSEL TRISA
00020E	1605	BSF TRISA,4
00020F	1585	BSF TRISA,3
000000	1283	BANKSEL I2CMATCH
000000	1283 1303	BANKSEL I2CMATCH
000212	01B3	CLRF I2CMATCH
000213	0008	RETURN


		INITLCD
000214	01BC	CLRF LCDTEMP
000215	2263	CALL LCDBACKLIGHT
000000	1683	BANKSEL TRISA
000000	1683 1303	BANKSEL TRISA
000218	1005	BCF TRISA,0
000219	1186	BCF TRISB,3
00021A	1206	BCF TRISB,4
000000	1283	BANKSEL PORTA
000000	1283 1303	BANKSEL PORTA
00021D	1005	BCF PORTA,0
00021E	1186	BCF PORTB,3
00021F	1206	BCF PORTB,4
000220	3014	MOVLW 20
000221	00F2	MOVWF SYSWAITTEMPMS
000222	01F3	CLRF SYSWAITTEMPMS_H
000000	158A	PAGESEL DELAY_MS
000224	2073	CALL DELAY_MS
000000	118A	PAGESEL $
000226	1405	BSF PORTA,0
000227	3030	MOVLW 48
000228	00BD	MOVWF LCDVALUE
000000	158A	PAGESEL LCD3_CMD
00022A	20F2	CALL LCD3_CMD
000000	118A	PAGESEL $
00022C	3005	MOVLW 5
00022D	00F2	MOVWF SYSWAITTEMPMS
00022E	01F3	CLRF SYSWAITTEMPMS_H
000000	158A	PAGESEL DELAY_MS
000230	2073	CALL DELAY_MS
000000	118A	PAGESEL $
000232	3030	MOVLW 48
000233	00BD	MOVWF LCDVALUE
000000	158A	PAGESEL LCD3_CMD
000235	20F2	CALL LCD3_CMD
000000	118A	PAGESEL $
000237	3001	MOVLW 1
000238	00F2	MOVWF SYSWAITTEMPMS
000239	01F3	CLRF SYSWAITTEMPMS_H
000000	158A	PAGESEL DELAY_MS
00023B	2073	CALL DELAY_MS
000000	118A	PAGESEL $
00023D	3038	MOVLW 56
00023E	00BD	MOVWF LCDVALUE
000000	158A	PAGESEL LCD3_CMD
000240	20F2	CALL LCD3_CMD
000000	118A	PAGESEL $
000242	3008	MOVLW 8
000243	00BD	MOVWF LCDVALUE
000000	158A	PAGESEL LCD3_CMD
000245	20F2	CALL LCD3_CMD
000000	118A	PAGESEL $
000247	300F	MOVLW 15
000248	00BD	MOVWF LCDVALUE
000000	158A	PAGESEL LCD3_CMD
00024A	20F2	CALL LCD3_CMD
000000	118A	PAGESEL $
00024C	3001	MOVLW 1
00024D	00BD	MOVWF LCDVALUE
000000	158A	PAGESEL LCD3_CMD
00024F	20F2	CALL LCD3_CMD
000000	118A	PAGESEL $
000251	3038	MOVLW 56
000252	00BD	MOVWF LCDVALUE
000000	158A	PAGESEL LCD3_CMD
000254	20F2	CALL LCD3_CMD
000000	118A	PAGESEL $
000256	3080	MOVLW 128
000257	00BD	MOVWF LCDVALUE
000000	158A	PAGESEL LCD3_CMD
000259	20F2	CALL LCD3_CMD
000000	118A	PAGESEL $
00025B	300C	MOVLW 12
00025C	00BF	MOVWF LCD_STATE
00025D	0008	RETURN


		INITSYS
00025E	3007	MOVLW 7
00025F	009F	MOVWF CMCON
000260	0185	CLRF PORTA
000261	0186	CLRF PORTB
000262	0008	RETURN


		LCDBACKLIGHT
000263	0008	RETURN


		LCDCURSOR
000264	1186	BCF PORTB,3
000265	033A	DECF LCDCRSR,W
000266	1D03	BTFSS STATUS, Z
000267	2A6B	GOTO ENDIF26
000268	300C	MOVLW 12
000269	043F	IORWF LCD_STATE,W
00026A	00BC	MOVWF LCDTEMP
		ENDIF26
00026B	300C	MOVLW 12
00026C	023A	SUBWF LCDCRSR,W
00026D	1D03	BTFSS STATUS, Z
00026E	2A72	GOTO ENDIF27
00026F	300C	MOVLW 12
000270	043F	IORWF LCD_STATE,W
000271	00BC	MOVWF LCDTEMP
		ENDIF27
000272	08BA	MOVF LCDCRSR,F
000273	1D03	BTFSS STATUS, Z
000274	2A78	GOTO ENDIF28
000275	300B	MOVLW 11
000276	053F	ANDWF LCD_STATE,W
000277	00BC	MOVWF LCDTEMP
		ENDIF28
000278	300B	MOVLW 11
000279	023A	SUBWF LCDCRSR,W
00027A	1D03	BTFSS STATUS, Z
00027B	2A7F	GOTO ENDIF29
00027C	300B	MOVLW 11
00027D	053F	ANDWF LCD_STATE,W
00027E	00BC	MOVWF LCDTEMP
		ENDIF29
00027F	300A	MOVLW 10
000280	023A	SUBWF LCDCRSR,W
000281	1D03	BTFSS STATUS, Z
000282	2A86	GOTO ENDIF30
000283	300A	MOVLW 10
000284	043F	IORWF LCD_STATE,W
000285	00BC	MOVWF LCDTEMP
		ENDIF30
000286	300D	MOVLW 13
000287	023A	SUBWF LCDCRSR,W
000288	1D03	BTFSS STATUS, Z
000289	2A8D	GOTO ENDIF31
00028A	300D	MOVLW 13
00028B	053F	ANDWF LCD_STATE,W
00028C	00BC	MOVWF LCDTEMP
		ENDIF31
00028D	3009	MOVLW 9
00028E	023A	SUBWF LCDCRSR,W
00028F	1D03	BTFSS STATUS, Z
000290	2A94	GOTO ENDIF32
000291	3009	MOVLW 9
000292	043F	IORWF LCD_STATE,W
000293	00BC	MOVWF LCDTEMP
		ENDIF32
000294	3009	MOVLW 9
000295	023A	SUBWF LCDCRSR,W
000296	1D03	BTFSS STATUS, Z
000297	2A9B	GOTO ENDIF33
000298	3009	MOVLW 9
000299	043F	IORWF LCD_STATE,W
00029A	00BC	MOVWF LCDTEMP
		ENDIF33
00029B	300E	MOVLW 14
00029C	023A	SUBWF LCDCRSR,W
00029D	1D03	BTFSS STATUS, Z
00029E	2AA2	GOTO ENDIF34
00029F	300E	MOVLW 14
0002A0	053F	ANDWF LCD_STATE,W
0002A1	00BC	MOVWF LCDTEMP
		ENDIF34
0002A2	083C	MOVF LCDTEMP,W
0002A3	00B6	MOVWF LCDBYTE
000000	158A	PAGESEL LCDNORMALWRITEBYTE
0002A5	211D	CALL LCDNORMALWRITEBYTE
000000	118A	PAGESEL $
0002A7	083C	MOVF LCDTEMP,W
0002A8	00BF	MOVWF LCD_STATE
0002A9	0008	RETURN


		FN_LEFTPAD
0002AA	0859	MOVF SYSSYSINSTRINGHANDLER,W
0002AB	0084	MOVWF FSR
0002AC	1383	BCF STATUS, IRP
0002AD	185A	BTFSC SYSSYSINSTRINGHANDLER_H,0
0002AE	1783	BSF STATUS, IRP
0002AF	0856	MOVF SYSSTRLEN,W
0002B0	0200	SUBWF INDF,W
0002B1	1803	BTFSC STATUS, C
0002B2	2B0B	GOTO ELSE40_1
0002B3	3059	MOVLW LOW LEFTPAD
0002B4	00F2	MOVWF SYSSTRINGB
0002B5	3001	MOVLW HIGH LEFTPAD
0002B6	00F3	MOVWF SYSSTRINGB_H
0002B7	30C2	MOVLW LOW STRINGTABLE49
0002B8	00F7	MOVWF SYSSTRINGA
0002B9	3006	MOVLW HIGH STRINGTABLE49
0002BA	00F8	MOVWF SYSSTRINGA_H
000000	158A	PAGESEL SYSREADSTRING
0002BC	2437	CALL SYSREADSTRING
000000	118A	PAGESEL $
0002BE	0856	MOVF SYSSTRLEN,W
000000	1283	BANKSEL SYSLEFTPAD_0
000000	1283 1703	BANKSEL SYSLEFTPAD_0
0002C1	00D9	MOVWF SYSLEFTPAD_0
000000	1283	BANKSEL SYSSYSINSTRINGHANDLER
000000	1283 1303	BANKSEL SYSSYSINSTRINGHANDLER
0002C4	0859	MOVF SYSSYSINSTRINGHANDLER,W
0002C5	0084	MOVWF FSR
0002C6	1383	BCF STATUS, IRP
0002C7	185A	BTFSC SYSSYSINSTRINGHANDLER_H,0
0002C8	1783	BSF STATUS, IRP
0002C9	0800	MOVF INDF,W
0002CA	0256	SUBWF SYSSTRLEN,W
0002CB	00CB	MOVWF SYSCHARCOUNT
0002CC	01D5	CLRF SYSSTRINGTEMP
0002CD	3001	MOVLW 1
0002CE	024B	SUBWF SYSCHARCOUNT,W
0002CF	1C03	BTFSS STATUS, C
0002D0	2AE4	GOTO SYSFORLOOPEND3
		ENDIF41
		SYSFORLOOP3
0002D1	0AD5	INCF SYSSTRINGTEMP,F
0002D2	0A57	INCF SYSSYSINSTRING2HANDLER,W
0002D3	0084	MOVWF FSR
0002D4	1383	BCF STATUS, IRP
0002D5	1858	BTFSC SYSSYSINSTRING2HANDLER_H,0
0002D6	1783	BSF STATUS, IRP
0002D7	0800	MOVF INDF,W
0002D8	00C8	MOVWF SYSARRAYTEMP1
0002D9	00C9	MOVWF SYSARRAYTEMP2
0002DA	3059	MOVLW LOW(LEFTPAD)
0002DB	0755	ADDWF SYSSTRINGTEMP,W
0002DC	0084	MOVWF FSR
0002DD	1783	BANKISEL LEFTPAD
0002DE	0849	MOVF SYSARRAYTEMP2,W
0002DF	0080	MOVWF INDF
0002E0	084B	MOVF SYSCHARCOUNT,W
0002E1	0255	SUBWF SYSSTRINGTEMP,W
0002E2	1C03	BTFSS STATUS, C
0002E3	2AD1	GOTO SYSFORLOOP3
		ENDIF42
		SYSFORLOOPEND3
0002E4	01D5	CLRF SYSSTRINGTEMP
0002E5	0859	MOVF SYSSYSINSTRINGHANDLER,W
0002E6	0084	MOVWF FSR
0002E7	1383	BCF STATUS, IRP
0002E8	185A	BTFSC SYSSYSINSTRINGHANDLER_H,0
0002E9	1783	BSF STATUS, IRP
0002EA	3001	MOVLW 1
0002EB	0200	SUBWF INDF,W
0002EC	1C03	BTFSS STATUS, C
0002ED	2B0A	GOTO SYSFORLOOPEND4
		ENDIF43
		SYSFORLOOP4
0002EE	0AD5	INCF SYSSTRINGTEMP,F
0002EF	0855	MOVF SYSSTRINGTEMP,W
0002F0	0759	ADDWF SYSSYSINSTRINGHANDLER,W
0002F1	0084	MOVWF FSR
0002F2	1383	BCF STATUS, IRP
0002F3	185A	BTFSC SYSSYSINSTRINGHANDLER_H,0
0002F4	1783	BSF STATUS, IRP
0002F5	0800	MOVF INDF,W
0002F6	00C8	MOVWF SYSARRAYTEMP1
0002F7	00C9	MOVWF SYSARRAYTEMP2
0002F8	0855	MOVF SYSSTRINGTEMP,W
0002F9	074B	ADDWF SYSCHARCOUNT,W
0002FA	00DD	MOVWF SYSTEMP2
0002FB	3059	MOVLW LOW(LEFTPAD)
0002FC	075D	ADDWF SYSTEMP2,W
0002FD	0084	MOVWF FSR
0002FE	1783	BANKISEL LEFTPAD
0002FF	0849	MOVF SYSARRAYTEMP2,W
000300	0080	MOVWF INDF
000301	0859	MOVF SYSSYSINSTRINGHANDLER,W
000302	0084	MOVWF FSR
000303	1383	BCF STATUS, IRP
000304	185A	BTFSC SYSSYSINSTRINGHANDLER_H,0
000305	1783	BSF STATUS, IRP
000306	0800	MOVF INDF,W
000307	0255	SUBWF SYSSTRINGTEMP,W
000308	1C03	BTFSS STATUS, C
000309	2AEE	GOTO SYSFORLOOP4
		ENDIF44
		SYSFORLOOPEND4
00030A	2B16	GOTO ENDIF40
		ELSE40_1
00030B	3059	MOVLW LOW LEFTPAD
00030C	00F2	MOVWF SYSSTRINGB
00030D	3001	MOVLW HIGH LEFTPAD
00030E	00F3	MOVWF SYSSTRINGB_H
00030F	0859	MOVF SYSSYSINSTRINGHANDLER,W
000310	00F7	MOVWF SYSSTRINGA
000311	085A	MOVF SYSSYSINSTRINGHANDLER_H,W
000312	00F8	MOVWF SYSSTRINGA_H
000000	158A	PAGESEL SYSCOPYSTRING
000314	23B2	CALL SYSCOPYSTRING
000000	118A	PAGESEL $
		ENDIF40
000316	0008	RETURN


		PRINT138
000317	084E	MOVF SYSPRINTDATAHANDLER,W
000318	0084	MOVWF FSR
000319	1383	BCF STATUS, IRP
00031A	184F	BTFSC SYSPRINTDATAHANDLER_H,0
00031B	1783	BSF STATUS, IRP
00031C	0800	MOVF INDF,W
00031D	00C5	MOVWF PRINTLEN
00031E	08C5	MOVF PRINTLEN,F
00031F	1903	BTFSC STATUS, Z
000320	0008	RETURN
		ENDIF18
000321	1586	BSF PORTB,3
000322	01D0	CLRF SYSPRINTTEMP
000323	3001	MOVLW 1
000324	0245	SUBWF PRINTLEN,W
000325	1C03	BTFSS STATUS, C
000326	2B37	GOTO SYSFORLOOPEND1
		ENDIF19
		SYSFORLOOP1
000327	0AD0	INCF SYSPRINTTEMP,F
000328	0850	MOVF SYSPRINTTEMP,W
000329	074E	ADDWF SYSPRINTDATAHANDLER,W
00032A	0084	MOVWF FSR
00032B	1383	BCF STATUS, IRP
00032C	184F	BTFSC SYSPRINTDATAHANDLER_H,0
00032D	1783	BSF STATUS, IRP
00032E	0800	MOVF INDF,W
00032F	00B6	MOVWF LCDBYTE
000000	158A	PAGESEL LCDNORMALWRITEBYTE
000331	211D	CALL LCDNORMALWRITEBYTE
000000	118A	PAGESEL $
000333	0845	MOVF PRINTLEN,W
000334	0250	SUBWF SYSPRINTTEMP,W
000335	1C03	BTFSS STATUS, C
000336	2B27	GOTO SYSFORLOOP1
		ENDIF20
		SYSFORLOOPEND1
000337	0008	RETURN


		PRINTDATE
		SYSSELECT1CASE1
000338	08A4	MOVF DOW,F
000339	1D03	BTFSS STATUS, Z
00033A	2B4C	GOTO SYSSELECT1CASE2
00033B	30B1	MOVLW LOW SYSSTRINGPARAM5
00033C	00F2	MOVWF SYSSTRINGB
00033D	3000	MOVLW HIGH SYSSTRINGPARAM5
00033E	00F3	MOVWF SYSSTRINGB_H
00033F	3022	MOVLW LOW STRINGTABLE7
000340	00F7	MOVWF SYSSTRINGA
000341	3006	MOVLW HIGH STRINGTABLE7
000342	00F8	MOVWF SYSSTRINGA_H
000000	158A	PAGESEL SYSREADSTRING
000344	2437	CALL SYSREADSTRING
000000	118A	PAGESEL $
000346	30B1	MOVLW LOW SYSSTRINGPARAM5
000347	00CE	MOVWF SYSPRINTDATAHANDLER
000348	3000	MOVLW HIGH SYSSTRINGPARAM5
000349	00CF	MOVWF SYSPRINTDATAHANDLER_H
00034A	2317	CALL PRINT138
00034B	2BEA	GOTO SYSSELECTEND1
		SYSSELECT1CASE2
00034C	0324	DECF DOW,W
00034D	1D03	BTFSS STATUS, Z
00034E	2B60	GOTO SYSSELECT1CASE3
00034F	30B1	MOVLW LOW SYSSTRINGPARAM5
000350	00F2	MOVWF SYSSTRINGB
000351	3000	MOVLW HIGH SYSSTRINGPARAM5
000352	00F3	MOVWF SYSSTRINGB_H
000353	3027	MOVLW LOW STRINGTABLE8
000354	00F7	MOVWF SYSSTRINGA
000355	3006	MOVLW HIGH STRINGTABLE8
000356	00F8	MOVWF SYSSTRINGA_H
000000	158A	PAGESEL SYSREADSTRING
000358	2437	CALL SYSREADSTRING
000000	118A	PAGESEL $
00035A	30B1	MOVLW LOW SYSSTRINGPARAM5
00035B	00CE	MOVWF SYSPRINTDATAHANDLER
00035C	3000	MOVLW HIGH SYSSTRINGPARAM5
00035D	00CF	MOVWF SYSPRINTDATAHANDLER_H
00035E	2317	CALL PRINT138
00035F	2BEA	GOTO SYSSELECTEND1
		SYSSELECT1CASE3
000360	3002	MOVLW 2
000361	0224	SUBWF DOW,W
000362	1D03	BTFSS STATUS, Z
000363	2B75	GOTO SYSSELECT1CASE4
000364	30B1	MOVLW LOW SYSSTRINGPARAM5
000365	00F2	MOVWF SYSSTRINGB
000366	3000	MOVLW HIGH SYSSTRINGPARAM5
000367	00F3	MOVWF SYSSTRINGB_H
000368	302C	MOVLW LOW STRINGTABLE9
000369	00F7	MOVWF SYSSTRINGA
00036A	3006	MOVLW HIGH STRINGTABLE9
00036B	00F8	MOVWF SYSSTRINGA_H
000000	158A	PAGESEL SYSREADSTRING
00036D	2437	CALL SYSREADSTRING
000000	118A	PAGESEL $
00036F	30B1	MOVLW LOW SYSSTRINGPARAM5
000370	00CE	MOVWF SYSPRINTDATAHANDLER
000371	3000	MOVLW HIGH SYSSTRINGPARAM5
000372	00CF	MOVWF SYSPRINTDATAHANDLER_H
000373	2317	CALL PRINT138
000374	2BEA	GOTO SYSSELECTEND1
		SYSSELECT1CASE4
000375	3003	MOVLW 3
000376	0224	SUBWF DOW,W
000377	1D03	BTFSS STATUS, Z
000378	2B8A	GOTO SYSSELECT1CASE5
000379	30B1	MOVLW LOW SYSSTRINGPARAM5
00037A	00F2	MOVWF SYSSTRINGB
00037B	3000	MOVLW HIGH SYSSTRINGPARAM5
00037C	00F3	MOVWF SYSSTRINGB_H
00037D	3031	MOVLW LOW STRINGTABLE10
00037E	00F7	MOVWF SYSSTRINGA
00037F	3006	MOVLW HIGH STRINGTABLE10
000380	00F8	MOVWF SYSSTRINGA_H
000000	158A	PAGESEL SYSREADSTRING
000382	2437	CALL SYSREADSTRING
000000	118A	PAGESEL $
000384	30B1	MOVLW LOW SYSSTRINGPARAM5
000385	00CE	MOVWF SYSPRINTDATAHANDLER
000386	3000	MOVLW HIGH SYSSTRINGPARAM5
000387	00CF	MOVWF SYSPRINTDATAHANDLER_H
000388	2317	CALL PRINT138
000389	2BEA	GOTO SYSSELECTEND1
		SYSSELECT1CASE5
00038A	3004	MOVLW 4
00038B	0224	SUBWF DOW,W
00038C	1D03	BTFSS STATUS, Z
00038D	2B9F	GOTO SYSSELECT1CASE6
00038E	30B1	MOVLW LOW SYSSTRINGPARAM5
00038F	00F2	MOVWF SYSSTRINGB
000390	3000	MOVLW HIGH SYSSTRINGPARAM5
000391	00F3	MOVWF SYSSTRINGB_H
000392	3036	MOVLW LOW STRINGTABLE11
000393	00F7	MOVWF SYSSTRINGA
000394	3006	MOVLW HIGH STRINGTABLE11
000395	00F8	MOVWF SYSSTRINGA_H
000000	158A	PAGESEL SYSREADSTRING
000397	2437	CALL SYSREADSTRING
000000	118A	PAGESEL $
000399	30B1	MOVLW LOW SYSSTRINGPARAM5
00039A	00CE	MOVWF SYSPRINTDATAHANDLER
00039B	3000	MOVLW HIGH SYSSTRINGPARAM5
00039C	00CF	MOVWF SYSPRINTDATAHANDLER_H
00039D	2317	CALL PRINT138
00039E	2BEA	GOTO SYSSELECTEND1
		SYSSELECT1CASE6
00039F	3005	MOVLW 5
0003A0	0224	SUBWF DOW,W
0003A1	1D03	BTFSS STATUS, Z
0003A2	2BB4	GOTO SYSSELECT1CASE7
0003A3	30B1	MOVLW LOW SYSSTRINGPARAM5
0003A4	00F2	MOVWF SYSSTRINGB
0003A5	3000	MOVLW HIGH SYSSTRINGPARAM5
0003A6	00F3	MOVWF SYSSTRINGB_H
0003A7	303B	MOVLW LOW STRINGTABLE12
0003A8	00F7	MOVWF SYSSTRINGA
0003A9	3006	MOVLW HIGH STRINGTABLE12
0003AA	00F8	MOVWF SYSSTRINGA_H
000000	158A	PAGESEL SYSREADSTRING
0003AC	2437	CALL SYSREADSTRING
000000	118A	PAGESEL $
0003AE	30B1	MOVLW LOW SYSSTRINGPARAM5
0003AF	00CE	MOVWF SYSPRINTDATAHANDLER
0003B0	3000	MOVLW HIGH SYSSTRINGPARAM5
0003B1	00CF	MOVWF SYSPRINTDATAHANDLER_H
0003B2	2317	CALL PRINT138
0003B3	2BEA	GOTO SYSSELECTEND1
		SYSSELECT1CASE7
0003B4	3006	MOVLW 6
0003B5	0224	SUBWF DOW,W
0003B6	1D03	BTFSS STATUS, Z
0003B7	2BC9	GOTO SYSSELECT1CASE8
0003B8	30B1	MOVLW LOW SYSSTRINGPARAM5
0003B9	00F2	MOVWF SYSSTRINGB
0003BA	3000	MOVLW HIGH SYSSTRINGPARAM5
0003BB	00F3	MOVWF SYSSTRINGB_H
0003BC	3040	MOVLW LOW STRINGTABLE13
0003BD	00F7	MOVWF SYSSTRINGA
0003BE	3006	MOVLW HIGH STRINGTABLE13
0003BF	00F8	MOVWF SYSSTRINGA_H
000000	158A	PAGESEL SYSREADSTRING
0003C1	2437	CALL SYSREADSTRING
000000	118A	PAGESEL $
0003C3	30B1	MOVLW LOW SYSSTRINGPARAM5
0003C4	00CE	MOVWF SYSPRINTDATAHANDLER
0003C5	3000	MOVLW HIGH SYSSTRINGPARAM5
0003C6	00CF	MOVWF SYSPRINTDATAHANDLER_H
0003C7	2317	CALL PRINT138
0003C8	2BEA	GOTO SYSSELECTEND1
		SYSSELECT1CASE8
0003C9	0824	MOVF DOW,W
0003CA	00DF	MOVWF SYSVALTEMP
0003CB	01E0	CLRF SYSVALTEMP_H
0003CC	253F	CALL FN_STR
0003CD	30B1	MOVLW LOW SYSSTRINGPARAM5
0003CE	00F2	MOVWF SYSSTRINGB
0003CF	3000	MOVLW HIGH SYSSTRINGPARAM5
0003D0	00F3	MOVWF SYSSTRINGB_H
0003D1	01F6	CLRF SYSSTRINGLENGTH
0003D2	3020	MOVLW LOW STR
0003D3	00F7	MOVWF SYSSTRINGA
0003D4	3001	MOVLW HIGH STR
0003D5	00F8	MOVWF SYSSTRINGA_H
000000	158A	PAGESEL SYSCOPYSTRINGPART
0003D7	23C1	CALL SYSCOPYSTRINGPART
000000	118A	PAGESEL $
0003D9	301A	MOVLW LOW STRINGTABLE5
0003DA	00F7	MOVWF SYSSTRINGA
0003DB	3006	MOVLW HIGH STRINGTABLE5
0003DC	00F8	MOVWF SYSSTRINGA_H
000000	158A	PAGESEL SYSREADSTRINGPART
0003DE	2443	CALL SYSREADSTRINGPART
000000	118A	PAGESEL $
0003E0	30B1	MOVLW LOW SYSSTRINGPARAM5
0003E1	0084	MOVWF FSR
0003E2	1383	BANKISEL SYSSTRINGPARAM5
0003E3	0876	MOVF SYSSTRINGLENGTH,W
0003E4	0080	MOVWF INDF
0003E5	30B1	MOVLW LOW SYSSTRINGPARAM5
0003E6	00CE	MOVWF SYSPRINTDATAHANDLER
0003E7	3000	MOVLW HIGH SYSSTRINGPARAM5
0003E8	00CF	MOVWF SYSPRINTDATAHANDLER_H
0003E9	2317	CALL PRINT138
		SYSSELECTEND1
0003EA	0821	MOVF DATE,W
0003EB	00BD	MOVWF LCDVALUE
000000	158A	PAGESEL PRINT139
0003ED	22A8	CALL PRINT139
000000	118A	PAGESEL $
0003EF	30B1	MOVLW LOW SYSSTRINGPARAM5
0003F0	00F2	MOVWF SYSSTRINGB
0003F1	3000	MOVLW HIGH SYSSTRINGPARAM5
0003F2	00F3	MOVWF SYSSTRINGB_H
0003F3	3045	MOVLW LOW STRINGTABLE14
0003F4	00F7	MOVWF SYSSTRINGA
0003F5	3006	MOVLW HIGH STRINGTABLE14
0003F6	00F8	MOVWF SYSSTRINGA_H
000000	158A	PAGESEL SYSREADSTRING
0003F8	2437	CALL SYSREADSTRING
000000	118A	PAGESEL $
0003FA	30B1	MOVLW LOW SYSSTRINGPARAM5
0003FB	00CE	MOVWF SYSPRINTDATAHANDLER
0003FC	3000	MOVLW HIGH SYSSTRINGPARAM5
0003FD	00CF	MOVWF SYSPRINTDATAHANDLER_H
0003FE	2317	CALL PRINT138
0003FF	0841	MOVF MONTH,W
000400	00BD	MOVWF LCDVALUE
000000	158A	PAGESEL PRINT139
000402	22A8	CALL PRINT139
000000	118A	PAGESEL $
000404	30B1	MOVLW LOW SYSSTRINGPARAM5
000405	00F2	MOVWF SYSSTRINGB
000406	3000	MOVLW HIGH SYSSTRINGPARAM5
000407	00F3	MOVWF SYSSTRINGB_H
000408	3047	MOVLW LOW STRINGTABLE15
000409	00F7	MOVWF SYSSTRINGA
00040A	3006	MOVLW HIGH STRINGTABLE15
00040B	00F8	MOVWF SYSSTRINGA_H
000000	158A	PAGESEL SYSREADSTRING
00040D	2437	CALL SYSREADSTRING
000000	118A	PAGESEL $
00040F	30B1	MOVLW LOW SYSSTRINGPARAM5
000410	00CE	MOVWF SYSPRINTDATAHANDLER
000411	3000	MOVLW HIGH SYSSTRINGPARAM5
000412	00CF	MOVWF SYSPRINTDATAHANDLER_H
000413	2317	CALL PRINT138
000414	300A	MOVLW 10
000415	0262	SUBWF YEAR,W
000416	1803	BTFSC STATUS, C
000417	2C28	GOTO ENDIF53
000418	30B1	MOVLW LOW SYSSTRINGPARAM5
000419	00F2	MOVWF SYSSTRINGB
00041A	3000	MOVLW HIGH SYSSTRINGPARAM5
00041B	00F3	MOVWF SYSSTRINGB_H
00041C	3018	MOVLW LOW STRINGTABLE4
00041D	00F7	MOVWF SYSSTRINGA
00041E	3006	MOVLW HIGH STRINGTABLE4
00041F	00F8	MOVWF SYSSTRINGA_H
000000	158A	PAGESEL SYSREADSTRING
000421	2437	CALL SYSREADSTRING
000000	118A	PAGESEL $
000423	30B1	MOVLW LOW SYSSTRINGPARAM5
000424	00CE	MOVWF SYSPRINTDATAHANDLER
000425	3000	MOVLW HIGH SYSSTRINGPARAM5
000426	00CF	MOVWF SYSPRINTDATAHANDLER_H
000427	2317	CALL PRINT138
		ENDIF53
000428	0862	MOVF YEAR,W
000429	00BD	MOVWF LCDVALUE
000000	158A	PAGESEL PRINT139
00042B	22A8	CALL PRINT139
000000	118A	PAGESEL $
00042D	30B1	MOVLW LOW SYSSTRINGPARAM5
00042E	00F2	MOVWF SYSSTRINGB
00042F	3000	MOVLW HIGH SYSSTRINGPARAM5
000430	00F3	MOVWF SYSSTRINGB_H
000431	304B	MOVLW LOW STRINGTABLE16
000432	00F7	MOVWF SYSSTRINGA
000433	3006	MOVLW HIGH STRINGTABLE16
000434	00F8	MOVWF SYSSTRINGA_H
000000	158A	PAGESEL SYSREADSTRING
000436	2437	CALL SYSREADSTRING
000000	118A	PAGESEL $
000438	30B1	MOVLW LOW SYSSTRINGPARAM5
000439	00CE	MOVWF SYSPRINTDATAHANDLER
00043A	3000	MOVLW HIGH SYSSTRINGPARAM5
00043B	00CF	MOVWF SYSPRINTDATAHANDLER_H
00043C	2B17	GOTO PRINT138


		PRINTTIME
00043D	300A	MOVLW 10
00043E	022F	SUBWF HOUR,W
00043F	1803	BTFSC STATUS, C
000440	2C51	GOTO ENDIF49
000441	30DB	MOVLW LOW SYSSTRINGPARAM3
000442	00F2	MOVWF SYSSTRINGB
000443	3000	MOVLW HIGH SYSSTRINGPARAM3
000444	00F3	MOVWF SYSSTRINGB_H
000445	3018	MOVLW LOW STRINGTABLE4
000446	00F7	MOVWF SYSSTRINGA
000447	3006	MOVLW HIGH STRINGTABLE4
000448	00F8	MOVWF SYSSTRINGA_H
000000	158A	PAGESEL SYSREADSTRING
00044A	2437	CALL SYSREADSTRING
000000	118A	PAGESEL $
00044C	30DB	MOVLW LOW SYSSTRINGPARAM3
00044D	00CE	MOVWF SYSPRINTDATAHANDLER
00044E	3000	MOVLW HIGH SYSSTRINGPARAM3
00044F	00CF	MOVWF SYSPRINTDATAHANDLER_H
000450	2317	CALL PRINT138
		ENDIF49
000451	082F	MOVF HOUR,W
000452	00BD	MOVWF LCDVALUE
000000	158A	PAGESEL PRINT139
000454	22A8	CALL PRINT139
000000	118A	PAGESEL $
000456	30DB	MOVLW LOW SYSSTRINGPARAM3
000457	00F2	MOVWF SYSSTRINGB
000458	3000	MOVLW HIGH SYSSTRINGPARAM3
000459	00F3	MOVWF SYSSTRINGB_H
00045A	301A	MOVLW LOW STRINGTABLE5
00045B	00F7	MOVWF SYSSTRINGA
00045C	3006	MOVLW HIGH STRINGTABLE5
00045D	00F8	MOVWF SYSSTRINGA_H
000000	158A	PAGESEL SYSREADSTRING
00045F	2437	CALL SYSREADSTRING
000000	118A	PAGESEL $
000461	30DB	MOVLW LOW SYSSTRINGPARAM3
000462	00CE	MOVWF SYSPRINTDATAHANDLER
000463	3000	MOVLW HIGH SYSSTRINGPARAM3
000464	00CF	MOVWF SYSPRINTDATAHANDLER_H
000465	2317	CALL PRINT138
000466	300A	MOVLW 10
000467	0240	SUBWF MIN,W
000468	1803	BTFSC STATUS, C
000469	2C7A	GOTO ENDIF50
00046A	30DB	MOVLW LOW SYSSTRINGPARAM3
00046B	00F2	MOVWF SYSSTRINGB
00046C	3000	MOVLW HIGH SYSSTRINGPARAM3
00046D	00F3	MOVWF SYSSTRINGB_H
00046E	3018	MOVLW LOW STRINGTABLE4
00046F	00F7	MOVWF SYSSTRINGA
000470	3006	MOVLW HIGH STRINGTABLE4
000471	00F8	MOVWF SYSSTRINGA_H
000000	158A	PAGESEL SYSREADSTRING
000473	2437	CALL SYSREADSTRING
000000	118A	PAGESEL $
000475	30DB	MOVLW LOW SYSSTRINGPARAM3
000476	00CE	MOVWF SYSPRINTDATAHANDLER
000477	3000	MOVLW HIGH SYSSTRINGPARAM3
000478	00CF	MOVWF SYSPRINTDATAHANDLER_H
000479	2317	CALL PRINT138
		ENDIF50
00047A	0840	MOVF MIN,W
00047B	00BD	MOVWF LCDVALUE
000000	158A	PAGESEL PRINT139
00047D	22A8	CALL PRINT139
000000	118A	PAGESEL $
00047F	30DB	MOVLW LOW SYSSTRINGPARAM3
000480	00F2	MOVWF SYSSTRINGB
000481	3000	MOVLW HIGH SYSSTRINGPARAM3
000482	00F3	MOVWF SYSSTRINGB_H
000483	301A	MOVLW LOW STRINGTABLE5
000484	00F7	MOVWF SYSSTRINGA
000485	3006	MOVLW HIGH STRINGTABLE5
000486	00F8	MOVWF SYSSTRINGA_H
000000	158A	PAGESEL SYSREADSTRING
000488	2437	CALL SYSREADSTRING
000000	118A	PAGESEL $
00048A	30DB	MOVLW LOW SYSSTRINGPARAM3
00048B	00CE	MOVWF SYSPRINTDATAHANDLER
00048C	3000	MOVLW HIGH SYSSTRINGPARAM3
00048D	00CF	MOVWF SYSPRINTDATAHANDLER_H
00048E	2317	CALL PRINT138
00048F	300A	MOVLW 10
000490	0246	SUBWF SEC,W
000491	1803	BTFSC STATUS, C
000492	2CA3	GOTO ENDIF51
000493	30DB	MOVLW LOW SYSSTRINGPARAM3
000494	00F2	MOVWF SYSSTRINGB
000495	3000	MOVLW HIGH SYSSTRINGPARAM3
000496	00F3	MOVWF SYSSTRINGB_H
000497	3018	MOVLW LOW STRINGTABLE4
000498	00F7	MOVWF SYSSTRINGA
000499	3006	MOVLW HIGH STRINGTABLE4
00049A	00F8	MOVWF SYSSTRINGA_H
000000	158A	PAGESEL SYSREADSTRING
00049C	2437	CALL SYSREADSTRING
000000	118A	PAGESEL $
00049E	30DB	MOVLW LOW SYSSTRINGPARAM3
00049F	00CE	MOVWF SYSPRINTDATAHANDLER
0004A0	3000	MOVLW HIGH SYSSTRINGPARAM3
0004A1	00CF	MOVWF SYSPRINTDATAHANDLER_H
0004A2	2317	CALL PRINT138
		ENDIF51
0004A3	0846	MOVF SEC,W
0004A4	00BD	MOVWF LCDVALUE
000000	158A	PAGESEL PRINT139
0004A6	22A8	CALL PRINT139
000000	118A	PAGESEL $
0004A8	30DB	MOVLW LOW SYSSTRINGPARAM3
0004A9	00F2	MOVWF SYSSTRINGB
0004AA	3000	MOVLW HIGH SYSSTRINGPARAM3
0004AB	00F3	MOVWF SYSSTRINGB_H
0004AC	301C	MOVLW LOW STRINGTABLE6
0004AD	00F7	MOVWF SYSSTRINGA
0004AE	3006	MOVLW HIGH STRINGTABLE6
0004AF	00F8	MOVWF SYSSTRINGA_H
000000	158A	PAGESEL SYSREADSTRING
0004B1	2437	CALL SYSREADSTRING
000000	118A	PAGESEL $
0004B3	30DB	MOVLW LOW SYSSTRINGPARAM3
0004B4	00CE	MOVWF SYSPRINTDATAHANDLER
0004B5	3000	MOVLW HIGH SYSSTRINGPARAM3
0004B6	00CF	MOVWF SYSPRINTDATAHANDLER_H
0004B7	2B17	GOTO PRINT138


		SHOWALARM
000000	158A	PAGESEL CLS
0004B9	2017	CALL CLS
000000	118A	PAGESEL $
0004BB	3001	MOVLW 1
0004BC	00BB	MOVWF LCDLINE
0004BD	01B9	CLRF LCDCOLUMN
000000	158A	PAGESEL LOCATE
0004BF	214D	CALL LOCATE
000000	118A	PAGESEL $
0004C1	302F	MOVLW LOW SYSSTRINGPARAM2
0004C2	00F2	MOVWF SYSSTRINGB
0004C3	3001	MOVLW HIGH SYSSTRINGPARAM2
0004C4	00F3	MOVWF SYSSTRINGB_H
0004C5	30BB	MOVLW LOW STRINGTABLE26
0004C6	00F7	MOVWF SYSSTRINGA
0004C7	3006	MOVLW HIGH STRINGTABLE26
0004C8	00F8	MOVWF SYSSTRINGA_H
000000	158A	PAGESEL SYSREADSTRING
0004CA	2437	CALL SYSREADSTRING
000000	118A	PAGESEL $
0004CC	302F	MOVLW LOW SYSSTRINGPARAM2
0004CD	00CE	MOVWF SYSPRINTDATAHANDLER
0004CE	3001	MOVLW HIGH SYSSTRINGPARAM2
0004CF	00CF	MOVWF SYSPRINTDATAHANDLER_H
0004D0	2317	CALL PRINT138
0004D1	300A	MOVLW 10
0004D2	00AA	MOVWF DS_REG
000000	158A	PAGESEL PCF85X3_READREGISTER
0004D4	21E3	CALL PCF85X3_READREGISTER
000000	118A	PAGESEL $
0004D6	082C	MOVF DS_VAL,W
0004D7	00C2	MOVWF MYREG
0004D8	307F	MOVLW 127
0004D9	0542	ANDWF MYREG,W
0004DA	00E1	MOVWF VA
000000	158A	PAGESEL FN_BCDTODEC
0004DC	2000	CALL FN_BCDTODEC
000000	118A	PAGESEL $
0004DE	0820	MOVF BCDTODEC,W
0004DF	00DF	MOVWF SYSVALTEMP
0004E0	01E0	CLRF SYSVALTEMP_H
0004E1	253F	CALL FN_STR
0004E2	3020	MOVLW LOW STR
0004E3	00D9	MOVWF SYSSYSINSTRINGHANDLER
0004E4	3001	MOVLW HIGH STR
0004E5	00DA	MOVWF SYSSYSINSTRINGHANDLER_H
0004E6	3002	MOVLW 2
0004E7	00D6	MOVWF SYSSTRLEN
0004E8	302F	MOVLW LOW SYSSTRINGPARAM2
0004E9	00F2	MOVWF SYSSTRINGB
0004EA	3001	MOVLW HIGH SYSSTRINGPARAM2
0004EB	00F3	MOVWF SYSSTRINGB_H
0004EC	3018	MOVLW LOW STRINGTABLE4
0004ED	00F7	MOVWF SYSSTRINGA
0004EE	3006	MOVLW HIGH STRINGTABLE4
0004EF	00F8	MOVWF SYSSTRINGA_H
000000	158A	PAGESEL SYSREADSTRING
0004F1	2437	CALL SYSREADSTRING
000000	118A	PAGESEL $
0004F3	302F	MOVLW LOW SYSSTRINGPARAM2
0004F4	00D7	MOVWF SYSSYSINSTRING2HANDLER
0004F5	3001	MOVLW HIGH SYSSTRINGPARAM2
0004F6	00D8	MOVWF SYSSYSINSTRING2HANDLER_H
0004F7	22AA	CALL FN_LEFTPAD
0004F8	3059	MOVLW LOW LEFTPAD
0004F9	00CE	MOVWF SYSPRINTDATAHANDLER
0004FA	3001	MOVLW HIGH LEFTPAD
0004FB	00CF	MOVWF SYSPRINTDATAHANDLER_H
0004FC	2317	CALL PRINT138
0004FD	302F	MOVLW LOW SYSSTRINGPARAM2
0004FE	00F2	MOVWF SYSSTRINGB
0004FF	3001	MOVLW HIGH SYSSTRINGPARAM2
000500	00F3	MOVWF SYSSTRINGB_H
000501	301A	MOVLW LOW STRINGTABLE5
000502	00F7	MOVWF SYSSTRINGA
000503	3006	MOVLW HIGH STRINGTABLE5
000504	00F8	MOVWF SYSSTRINGA_H
000000	158A	PAGESEL SYSREADSTRING
000506	2437	CALL SYSREADSTRING
000000	118A	PAGESEL $
000508	302F	MOVLW LOW SYSSTRINGPARAM2
000509	00CE	MOVWF SYSPRINTDATAHANDLER
00050A	3001	MOVLW HIGH SYSSTRINGPARAM2
00050B	00CF	MOVWF SYSPRINTDATAHANDLER_H
00050C	2317	CALL PRINT138
00050D	3009	MOVLW 9
00050E	00AA	MOVWF DS_REG
000000	158A	PAGESEL PCF85X3_READREGISTER
000510	21E3	CALL PCF85X3_READREGISTER
000000	118A	PAGESEL $
000512	082C	MOVF DS_VAL,W
000513	00C2	MOVWF MYREG
000514	307F	MOVLW 127
000515	0542	ANDWF MYREG,W
000516	00E1	MOVWF VA
000000	158A	PAGESEL FN_BCDTODEC
000518	2000	CALL FN_BCDTODEC
000000	118A	PAGESEL $
00051A	0820	MOVF BCDTODEC,W
00051B	00DF	MOVWF SYSVALTEMP
00051C	01E0	CLRF SYSVALTEMP_H
00051D	253F	CALL FN_STR
00051E	3020	MOVLW LOW STR
00051F	00D9	MOVWF SYSSYSINSTRINGHANDLER
000520	3001	MOVLW HIGH STR
000521	00DA	MOVWF SYSSYSINSTRINGHANDLER_H
000522	3002	MOVLW 2
000523	00D6	MOVWF SYSSTRLEN
000524	302F	MOVLW LOW SYSSTRINGPARAM2
000525	00F2	MOVWF SYSSTRINGB
000526	3001	MOVLW HIGH SYSSTRINGPARAM2
000527	00F3	MOVWF SYSSTRINGB_H
000528	3018	MOVLW LOW STRINGTABLE4
000529	00F7	MOVWF SYSSTRINGA
00052A	3006	MOVLW HIGH STRINGTABLE4
00052B	00F8	MOVWF SYSSTRINGA_H
000000	158A	PAGESEL SYSREADSTRING
00052D	2437	CALL SYSREADSTRING
000000	118A	PAGESEL $
00052F	302F	MOVLW LOW SYSSTRINGPARAM2
000530	00D7	MOVWF SYSSYSINSTRING2HANDLER
000531	3001	MOVLW HIGH SYSSTRINGPARAM2
000532	00D8	MOVWF SYSSYSINSTRING2HANDLER_H
000533	22AA	CALL FN_LEFTPAD
000534	3059	MOVLW LOW LEFTPAD
000535	00CE	MOVWF SYSPRINTDATAHANDLER
000536	3001	MOVLW HIGH LEFTPAD
000537	00CF	MOVWF SYSPRINTDATAHANDLER_H
000538	2317	CALL PRINT138
000539	3002	MOVLW 2
00053A	00F4	MOVWF SYSWAITTEMPS
000000	158A	PAGESEL DELAY_S
00053C	2081	CALL DELAY_S
000000	118A	PAGESEL $
00053E	0008	RETURN


		FN_STR
00053F	01CB	CLRF SYSCHARCOUNT
000540	085F	MOVF SYSVALTEMP,W
000541	00F5	MOVWF SYSWORDTEMPA
000542	0860	MOVF SYSVALTEMP_H,W
000543	00F6	MOVWF SYSWORDTEMPA_H
000544	3010	MOVLW 16
000545	00F9	MOVWF SYSWORDTEMPB
000546	3027	MOVLW 39
000547	00FA	MOVWF SYSWORDTEMPB_H
000000	158A	PAGESEL SYSCOMPLESSTHAN16
000549	23A3	CALL SYSCOMPLESSTHAN16
000000	118A	PAGESEL $
00054B	09F0	COMF SYSBYTETEMPX,F
00054C	1C70	BTFSS SYSBYTETEMPX,0
00054D	2D68	GOTO ENDIF36
00054E	085F	MOVF SYSVALTEMP,W
00054F	00F5	MOVWF SYSWORDTEMPA
000550	0860	MOVF SYSVALTEMP_H,W
000551	00F6	MOVWF SYSWORDTEMPA_H
000552	3010	MOVLW 16
000553	00F9	MOVWF SYSWORDTEMPB
000554	3027	MOVLW 39
000555	00FA	MOVWF SYSWORDTEMPB_H
000000	158A	PAGESEL SYSDIVSUB16
000557	23F3	CALL SYSDIVSUB16
000000	118A	PAGESEL $
000559	0875	MOVF SYSWORDTEMPA,W
00055A	00D4	MOVWF SYSSTRDATA
00055B	0870	MOVF SYSCALCTEMPX,W
00055C	00DF	MOVWF SYSVALTEMP
00055D	0871	MOVF SYSCALCTEMPX_H,W
00055E	00E0	MOVWF SYSVALTEMP_H
00055F	0ACB	INCF SYSCHARCOUNT,F
000560	3020	MOVLW LOW(STR)
000561	074B	ADDWF SYSCHARCOUNT,W
000562	0084	MOVWF FSR
000563	1783	BANKISEL STR
000564	3030	MOVLW 48
000565	0754	ADDWF SYSSTRDATA,W
000566	0080	MOVWF INDF
000567	2D76	GOTO SYSVALTHOUSANDS
		ENDIF36
000568	085F	MOVF SYSVALTEMP,W
000569	00F5	MOVWF SYSWORDTEMPA
00056A	0860	MOVF SYSVALTEMP_H,W
00056B	00F6	MOVWF SYSWORDTEMPA_H
00056C	30E8	MOVLW 232
00056D	00F9	MOVWF SYSWORDTEMPB
00056E	3003	MOVLW 3
00056F	00FA	MOVWF SYSWORDTEMPB_H
000000	158A	PAGESEL SYSCOMPLESSTHAN16
000571	23A3	CALL SYSCOMPLESSTHAN16
000000	118A	PAGESEL $
000573	09F0	COMF SYSBYTETEMPX,F
000574	1C70	BTFSS SYSBYTETEMPX,0
000575	2D90	GOTO ENDIF37
		SYSVALTHOUSANDS
000576	085F	MOVF SYSVALTEMP,W
000577	00F5	MOVWF SYSWORDTEMPA
000578	0860	MOVF SYSVALTEMP_H,W
000579	00F6	MOVWF SYSWORDTEMPA_H
00057A	30E8	MOVLW 232
00057B	00F9	MOVWF SYSWORDTEMPB
00057C	3003	MOVLW 3
00057D	00FA	MOVWF SYSWORDTEMPB_H
000000	158A	PAGESEL SYSDIVSUB16
00057F	23F3	CALL SYSDIVSUB16
000000	118A	PAGESEL $
000581	0875	MOVF SYSWORDTEMPA,W
000582	00D4	MOVWF SYSSTRDATA
000583	0870	MOVF SYSCALCTEMPX,W
000584	00DF	MOVWF SYSVALTEMP
000585	0871	MOVF SYSCALCTEMPX_H,W
000586	00E0	MOVWF SYSVALTEMP_H
000587	0ACB	INCF SYSCHARCOUNT,F
000588	3020	MOVLW LOW(STR)
000589	074B	ADDWF SYSCHARCOUNT,W
00058A	0084	MOVWF FSR
00058B	1783	BANKISEL STR
00058C	3030	MOVLW 48
00058D	0754	ADDWF SYSSTRDATA,W
00058E	0080	MOVWF INDF
00058F	2D9D	GOTO SYSVALHUNDREDS
		ENDIF37
000590	085F	MOVF SYSVALTEMP,W
000591	00F5	MOVWF SYSWORDTEMPA
000592	0860	MOVF SYSVALTEMP_H,W
000593	00F6	MOVWF SYSWORDTEMPA_H
000594	3064	MOVLW 100
000595	00F9	MOVWF SYSWORDTEMPB
000596	01FA	CLRF SYSWORDTEMPB_H
000000	158A	PAGESEL SYSCOMPLESSTHAN16
000598	23A3	CALL SYSCOMPLESSTHAN16
000000	118A	PAGESEL $
00059A	09F0	COMF SYSBYTETEMPX,F
00059B	1C70	BTFSS SYSBYTETEMPX,0
00059C	2DB6	GOTO ENDIF38
		SYSVALHUNDREDS
00059D	085F	MOVF SYSVALTEMP,W
00059E	00F5	MOVWF SYSWORDTEMPA
00059F	0860	MOVF SYSVALTEMP_H,W
0005A0	00F6	MOVWF SYSWORDTEMPA_H
0005A1	3064	MOVLW 100
0005A2	00F9	MOVWF SYSWORDTEMPB
0005A3	01FA	CLRF SYSWORDTEMPB_H
000000	158A	PAGESEL SYSDIVSUB16
0005A5	23F3	CALL SYSDIVSUB16
000000	118A	PAGESEL $
0005A7	0875	MOVF SYSWORDTEMPA,W
0005A8	00D4	MOVWF SYSSTRDATA
0005A9	0870	MOVF SYSCALCTEMPX,W
0005AA	00DF	MOVWF SYSVALTEMP
0005AB	0871	MOVF SYSCALCTEMPX_H,W
0005AC	00E0	MOVWF SYSVALTEMP_H
0005AD	0ACB	INCF SYSCHARCOUNT,F
0005AE	3020	MOVLW LOW(STR)
0005AF	074B	ADDWF SYSCHARCOUNT,W
0005B0	0084	MOVWF FSR
0005B1	1783	BANKISEL STR
0005B2	3030	MOVLW 48
0005B3	0754	ADDWF SYSSTRDATA,W
0005B4	0080	MOVWF INDF
0005B5	2DC3	GOTO SYSVALTENS
		ENDIF38
0005B6	085F	MOVF SYSVALTEMP,W
0005B7	00F5	MOVWF SYSWORDTEMPA
0005B8	0860	MOVF SYSVALTEMP_H,W
0005B9	00F6	MOVWF SYSWORDTEMPA_H
0005BA	300A	MOVLW 10
0005BB	00F9	MOVWF SYSWORDTEMPB
0005BC	01FA	CLRF SYSWORDTEMPB_H
000000	158A	PAGESEL SYSCOMPLESSTHAN16
0005BE	23A3	CALL SYSCOMPLESSTHAN16
000000	118A	PAGESEL $
0005C0	09F0	COMF SYSBYTETEMPX,F
0005C1	1C70	BTFSS SYSBYTETEMPX,0
0005C2	2DDB	GOTO ENDIF39
		SYSVALTENS
0005C3	085F	MOVF SYSVALTEMP,W
0005C4	00F5	MOVWF SYSWORDTEMPA
0005C5	0860	MOVF SYSVALTEMP_H,W
0005C6	00F6	MOVWF SYSWORDTEMPA_H
0005C7	300A	MOVLW 10
0005C8	00F9	MOVWF SYSWORDTEMPB
0005C9	01FA	CLRF SYSWORDTEMPB_H
000000	158A	PAGESEL SYSDIVSUB16
0005CB	23F3	CALL SYSDIVSUB16
000000	118A	PAGESEL $
0005CD	0875	MOVF SYSWORDTEMPA,W
0005CE	00D4	MOVWF SYSSTRDATA
0005CF	0870	MOVF SYSCALCTEMPX,W
0005D0	00DF	MOVWF SYSVALTEMP
0005D1	0871	MOVF SYSCALCTEMPX_H,W
0005D2	00E0	MOVWF SYSVALTEMP_H
0005D3	0ACB	INCF SYSCHARCOUNT,F
0005D4	3020	MOVLW LOW(STR)
0005D5	074B	ADDWF SYSCHARCOUNT,W
0005D6	0084	MOVWF FSR
0005D7	1783	BANKISEL STR
0005D8	3030	MOVLW 48
0005D9	0754	ADDWF SYSSTRDATA,W
0005DA	0080	MOVWF INDF
		ENDIF39
0005DB	0ACB	INCF SYSCHARCOUNT,F
0005DC	3020	MOVLW LOW(STR)
0005DD	074B	ADDWF SYSCHARCOUNT,W
0005DE	0084	MOVWF FSR
0005DF	1783	BANKISEL STR
0005E0	3030	MOVLW 48
0005E1	075F	ADDWF SYSVALTEMP,W
0005E2	0080	MOVWF INDF
0005E3	0870	MOVF SYSCALCTEMPX,W
0005E4	00DF	MOVWF SYSVALTEMP
0005E5	0871	MOVF SYSCALCTEMPX_H,W
0005E6	00E0	MOVWF SYSVALTEMP_H
0005E7	084B	MOVF SYSCHARCOUNT,W
000000	1283	BANKSEL SYSSTR_0
000000	1283 1703	BANKSEL SYSSTR_0
0005EA	00A0	MOVWF SYSSTR_0
000000	1283	BANKSEL STATUS
000000	1283 1303	BANKSEL STATUS
0005ED	0008	RETURN


		SYSSTRINGTABLES
0005EE	0878	MOVF SYSSTRINGA_H,W
0005EF	008A	MOVWF PCLATH
0005F0	0877	MOVF SYSSTRINGA,W
0005F1	0AF7	INCF SYSSTRINGA,F
0005F2	1903	BTFSC STATUS,Z
0005F3	0AF8	INCF SYSSTRINGA_H,F
0005F4	0082	MOVWF PCL

		STRINGTABLE2
0005F5	340D	RETLW 13
0005F6	3450	RETLW 80
0005F7	3443	RETLW 67
0005F8	3446	RETLW 70
0005F9	3438	RETLW 56
0005FA	3435	RETLW 53
0005FB	3478	RETLW 120
0005FC	3433	RETLW 51
0005FD	3420	RETLW 32
0005FE	3443	RETLW 67
0005FF	346C	RETLW 108
000600	346F	RETLW 111
000601	3463	RETLW 99
000602	346B	RETLW 107


		STRINGTABLE3
000603	3414	RETLW 20
000604	3447	RETLW 71
000605	3472	RETLW 114
000606	3465	RETLW 101
000607	3461	RETLW 97
000608	3474	RETLW 116
000609	3420	RETLW 32
00060A	3443	RETLW 67
00060B	346F	RETLW 111
00060C	3477	RETLW 119
00060D	3420	RETLW 32
00060E	3442	RETLW 66
00060F	3461	RETLW 97
000610	3473	RETLW 115
000611	3469	RETLW 105
000612	3463	RETLW 99
000613	3420	RETLW 32
000614	3432	RETLW 50
000615	3430	RETLW 48
000616	3431	RETLW 49
000617	3439	RETLW 57


		STRINGTABLE4
000618	3401	RETLW 1
000619	3430	RETLW 48


		STRINGTABLE5
00061A	3401	RETLW 1
00061B	343A	RETLW 58


		STRINGTABLE6
00061C	3405	RETLW 5
00061D	3420	RETLW 32
00061E	3420	RETLW 32
00061F	3420	RETLW 32
000620	3420	RETLW 32
000621	3420	RETLW 32


		STRINGTABLE7
000622	3404	RETLW 4
000623	3453	RETLW 83
000624	3475	RETLW 117
000625	346E	RETLW 110
000626	342E	RETLW 46


		STRINGTABLE8
000627	3404	RETLW 4
000628	344D	RETLW 77
000629	346F	RETLW 111
00062A	346E	RETLW 110
00062B	342E	RETLW 46


		STRINGTABLE9
00062C	3404	RETLW 4
00062D	3454	RETLW 84
00062E	3475	RETLW 117
00062F	3465	RETLW 101
000630	342E	RETLW 46


		STRINGTABLE10
000631	3404	RETLW 4
000632	3457	RETLW 87
000633	3465	RETLW 101
000634	3464	RETLW 100
000635	342E	RETLW 46


		STRINGTABLE11
000636	3404	RETLW 4
000637	3454	RETLW 84
000638	3468	RETLW 104
000639	3475	RETLW 117
00063A	342E	RETLW 46


		STRINGTABLE12
00063B	3404	RETLW 4
00063C	3446	RETLW 70
00063D	3472	RETLW 114
00063E	3469	RETLW 105
00063F	342E	RETLW 46


		STRINGTABLE13
000640	3404	RETLW 4
000641	3453	RETLW 83
000642	3461	RETLW 97
000643	3474	RETLW 116
000644	342E	RETLW 46


		STRINGTABLE14
000645	3401	RETLW 1
000646	342F	RETLW 47


		STRINGTABLE15
000647	3403	RETLW 3
000648	342F	RETLW 47
000649	3432	RETLW 50
00064A	3430	RETLW 48


		STRINGTABLE16
00064B	3401	RETLW 1
00064C	3420	RETLW 32


		STRINGTABLE17
00064D	340C	RETLW 12
00064E	3453	RETLW 83
00064F	3465	RETLW 101
000650	3474	RETLW 116
000651	3420	RETLW 32
000652	3457	RETLW 87
000653	3465	RETLW 101
000654	3465	RETLW 101
000655	346B	RETLW 107
000656	3464	RETLW 100
000657	3461	RETLW 97
000658	3479	RETLW 121
000659	343A	RETLW 58


		STRINGTABLE18
00065A	340A	RETLW 10
00065B	3453	RETLW 83
00065C	3465	RETLW 101
00065D	3474	RETLW 116
00065E	3420	RETLW 32
00065F	3448	RETLW 72
000660	346F	RETLW 111
000661	3475	RETLW 117
000662	3472	RETLW 114
000663	3473	RETLW 115
000664	343A	RETLW 58


		STRINGTABLE19
000665	340C	RETLW 12
000666	3453	RETLW 83
000667	3465	RETLW 101
000668	3474	RETLW 116
000669	3420	RETLW 32
00066A	344D	RETLW 77
00066B	3469	RETLW 105
00066C	346E	RETLW 110
00066D	3475	RETLW 117
00066E	3474	RETLW 116
00066F	3465	RETLW 101
000670	3473	RETLW 115
000671	343A	RETLW 58


		STRINGTABLE20
000672	340C	RETLW 12
000673	3453	RETLW 83
000674	3465	RETLW 101
000675	3474	RETLW 116
000676	3420	RETLW 32
000677	3453	RETLW 83
000678	3465	RETLW 101
000679	3463	RETLW 99
00067A	346F	RETLW 111
00067B	346E	RETLW 110
00067C	3464	RETLW 100
00067D	3473	RETLW 115
00067E	343A	RETLW 58


		STRINGTABLE21
00067F	340D	RETLW 13
000680	3450	RETLW 80
000681	3472	RETLW 114
000682	3465	RETLW 101
000683	3473	RETLW 115
000684	3473	RETLW 115
000685	3420	RETLW 32
000686	3453	RETLW 83
000687	3465	RETLW 101
000688	3474	RETLW 116
000689	342C	RETLW 44
00068A	3420	RETLW 32
00068B	346F	RETLW 111
00068C	3472	RETLW 114


		STRINGTABLE22
00068D	340E	RETLW 14
00068E	344D	RETLW 77
00068F	346F	RETLW 111
000690	3464	RETLW 100
000691	3465	RETLW 101
000692	3420	RETLW 32
000693	3474	RETLW 116
000694	346F	RETLW 111
000695	3420	RETLW 32
000696	3472	RETLW 114
000697	3465	RETLW 101
000698	3476	RETLW 118
000699	3465	RETLW 101
00069A	3472	RETLW 114
00069B	3474	RETLW 116


		STRINGTABLE23
00069C	340A	RETLW 10
00069D	3453	RETLW 83
00069E	3465	RETLW 101
00069F	3474	RETLW 116
0006A0	3420	RETLW 32
0006A1	344D	RETLW 77
0006A2	346F	RETLW 111
0006A3	346E	RETLW 110
0006A4	3474	RETLW 116
0006A5	3468	RETLW 104
0006A6	343A	RETLW 58


		STRINGTABLE24
0006A7	3409	RETLW 9
0006A8	3453	RETLW 83
0006A9	3465	RETLW 101
0006AA	3474	RETLW 116
0006AB	3420	RETLW 32
0006AC	3444	RETLW 68
0006AD	3461	RETLW 97
0006AE	3474	RETLW 116
0006AF	3465	RETLW 101
0006B0	343A	RETLW 58


		STRINGTABLE25
0006B1	3409	RETLW 9
0006B2	3453	RETLW 83
0006B3	3465	RETLW 101
0006B4	3474	RETLW 116
0006B5	3420	RETLW 32
0006B6	3459	RETLW 89
0006B7	3465	RETLW 101
0006B8	3461	RETLW 97
0006B9	3472	RETLW 114
0006BA	343A	RETLW 58


		STRINGTABLE26
0006BB	3406	RETLW 6
0006BC	3441	RETLW 65
0006BD	346C	RETLW 108
0006BE	3461	RETLW 97
0006BF	3472	RETLW 114
0006C0	346D	RETLW 109
0006C1	3420	RETLW 32


		STRINGTABLE49
0006C2	3400	RETLW 0




		FN_BCDTODEC
000800	0861	MOVF VA,W
000801	00F5	MOVWF SYSBYTETEMPA
000802	3010	MOVLW 16
000803	00F9	MOVWF SYSBYTETEMPB
000804	23DF	CALL SYSDIVSUB
000805	0875	MOVF SYSBYTETEMPA,W
000806	00DB	MOVWF SYSTEMP1
000807	0861	MOVF VA,W
000808	00F5	MOVWF SYSBYTETEMPA
000809	3010	MOVLW 16
00080A	00F9	MOVWF SYSBYTETEMPB
00080B	23DF	CALL SYSDIVSUB
00080C	0870	MOVF SYSBYTETEMPX,W
00080D	00DD	MOVWF SYSTEMP2
00080E	085B	MOVF SYSTEMP1,W
00080F	00F5	MOVWF SYSBYTETEMPA
000810	300A	MOVLW 10
000811	00F9	MOVWF SYSBYTETEMPB
000812	242B	CALL SYSMULTSUB
000813	085D	MOVF SYSTEMP2,W
000814	0770	ADDWF SYSBYTETEMPX,W
000815	00A0	MOVWF BCDTODEC
000816	0008	RETURN


		CLS
000817	1186	BCF PORTB,3
000818	3001	MOVLW 1
000819	00B6	MOVWF LCDBYTE
00081A	211D	CALL LCDNORMALWRITEBYTE
00081B	3004	MOVLW 4
00081C	00F2	MOVWF SYSWAITTEMPMS
00081D	01F3	CLRF SYSWAITTEMPMS_H
00081E	2073	CALL DELAY_MS
00081F	3080	MOVLW 128
000820	00B6	MOVWF LCDBYTE
000821	211D	CALL LCDNORMALWRITEBYTE
000822	300C	MOVLW 12
000823	00F5	MOVWF SYSWAITTEMP10US
000824	286C	GOTO DELAY_10US


		CREATECUSTOMCHARACTERS
000825	301B	MOVLW 27
000000	1283	BANKSEL SYSCHARARRAY_1
000000	1283 1703	BANKSEL SYSCHARARRAY_1
000828	00A7	MOVWF SYSCHARARRAY_1
000829	301B	MOVLW 27
00082A	00A8	MOVWF SYSCHARARRAY_2
00082B	01A9	CLRF SYSCHARARRAY_3
00082C	3004	MOVLW 4
00082D	00AA	MOVWF SYSCHARARRAY_4
00082E	01AB	CLRF SYSCHARARRAY_5
00082F	3011	MOVLW 17
000830	00AC	MOVWF SYSCHARARRAY_6
000831	3011	MOVLW 17
000832	00AD	MOVWF SYSCHARARRAY_7
000833	300E	MOVLW 14
000834	00AE	MOVWF SYSCHARARRAY_8
000000	1283	BANKSEL LCDCHARLOC
000000	1283 1303	BANKSEL LCDCHARLOC
000837	01B8	CLRF LCDCHARLOC
000838	3026	MOVLW LOW CHARARRAY
000839	00CC	MOVWF SYSLCDCHARDATAHANDLER
00083A	3001	MOVLW HIGH CHARARRAY
00083B	00CD	MOVWF SYSLCDCHARDATAHANDLER_H
00083C	20F6	CALL LCDCREATECHAR
00083D	301B	MOVLW 27
000000	1283	BANKSEL SYSCHARARRAY_1
000000	1283 1703	BANKSEL SYSCHARARRAY_1
000840	00A7	MOVWF SYSCHARARRAY_1
000841	301B	MOVLW 27
000842	00A8	MOVWF SYSCHARARRAY_2
000843	01A9	CLRF SYSCHARARRAY_3
000844	3004	MOVLW 4
000845	00AA	MOVWF SYSCHARARRAY_4
000846	01AB	CLRF SYSCHARARRAY_5
000847	300E	MOVLW 14
000848	00AC	MOVWF SYSCHARARRAY_6
000849	3011	MOVLW 17
00084A	00AD	MOVWF SYSCHARARRAY_7
00084B	3011	MOVLW 17
00084C	00AE	MOVWF SYSCHARARRAY_8
00084D	3001	MOVLW 1
000000	1283	BANKSEL LCDCHARLOC
000000	1283 1303	BANKSEL LCDCHARLOC
000850	00B8	MOVWF LCDCHARLOC
000851	3026	MOVLW LOW CHARARRAY
000852	00CC	MOVWF SYSLCDCHARDATAHANDLER
000853	3001	MOVLW HIGH CHARARRAY
000854	00CD	MOVWF SYSLCDCHARDATAHANDLER_H
000855	28F6	GOTO LCDCREATECHAR


		FN_DECTOBCD
000856	0861	MOVF VA,W
000857	00F5	MOVWF SYSBYTETEMPA
000858	300A	MOVLW 10
000859	00F9	MOVWF SYSBYTETEMPB
00085A	23DF	CALL SYSDIVSUB
00085B	0875	MOVF SYSBYTETEMPA,W
00085C	00DB	MOVWF SYSTEMP1
00085D	00F5	MOVWF SYSBYTETEMPA
00085E	3010	MOVLW 16
00085F	00F9	MOVWF SYSBYTETEMPB
000860	242B	CALL SYSMULTSUB
000861	0870	MOVF SYSBYTETEMPX,W
000862	00DD	MOVWF SYSTEMP2
000863	0861	MOVF VA,W
000864	00F5	MOVWF SYSBYTETEMPA
000865	300A	MOVLW 10
000866	00F9	MOVWF SYSBYTETEMPB
000867	23DF	CALL SYSDIVSUB
000868	0870	MOVF SYSBYTETEMPX,W
000869	075D	ADDWF SYSTEMP2,W
00086A	00A3	MOVWF DECTOBCD
00086B	0008	RETURN


		DELAY_10US
		D10US_START
00086C	3002	MOVLW 2
00086D	00F0	MOVWF DELAYTEMP
		DELAYUS0
00086E	0BF0	DECFSZ DELAYTEMP,F
00086F	286E	GOTO DELAYUS0
000870	0BF5	DECFSZ SYSWAITTEMP10US, F
000871	286C	GOTO D10US_START
000872	0008	RETURN


		DELAY_MS
000873	0AF3	INCF SYSWAITTEMPMS_H, F
		DMS_START
000874	308E	MOVLW 142
000875	00F1	MOVWF DELAYTEMP2
		DMS_OUTER
000876	3001	MOVLW 1
000877	00F0	MOVWF DELAYTEMP
		DMS_INNER
000878	0BF0	DECFSZ DELAYTEMP, F
000879	2878	GOTO DMS_INNER
00087A	0BF1	DECFSZ DELAYTEMP2, F
00087B	2876	GOTO DMS_OUTER
00087C	0BF2	DECFSZ SYSWAITTEMPMS, F
00087D	2874	GOTO DMS_START
00087E	0BF3	DECFSZ SYSWAITTEMPMS_H, F
00087F	2874	GOTO DMS_START
000880	0008	RETURN


		DELAY_S
		DS_START
000881	30E8	MOVLW 232
000882	00F2	MOVWF SYSWAITTEMPMS
000883	3003	MOVLW 3
000884	00F3	MOVWF SYSWAITTEMPMS_H
000885	2073	CALL DELAY_MS
000886	0BF4	DECFSZ SYSWAITTEMPS, F
000887	2881	GOTO DS_START
000888	0008	RETURN


		I2CRECEIVE
000000	1683	BANKSEL TRISA
000000	1683 1303	BANKSEL TRISA
00088B	1185	BCF TRISA,3
000000	1283	BANKSEL PORTA
000000	1283 1303	BANKSEL PORTA
00088E	1185	BCF PORTA,3
000000	1683	BANKSEL TRISA
000000	1683 1303	BANKSEL TRISA
000891	1605	BSF TRISA,4
000000	1283	BANKSEL I2CBYTE
000000	1283 1303	BANKSEL I2CBYTE
000894	01B2	CLRF I2CBYTE
000895	3008	MOVLW 8
000896	00D3	MOVWF SYSREPEATTEMP3
		SYSREPEATLOOP3
000897	0000	NOP
000000	1683	BANKSEL TRISA
000000	1683 1303	BANKSEL TRISA
00089A	1585	BSF TRISA,3
		SYSWAITLOOP11
000000	1283	BANKSEL PORTA
000000	1283 1303	BANKSEL PORTA
00089D	1D85	BTFSS PORTA,3
00089E	289B	GOTO SYSWAITLOOP11
00089F	0DB2	RLF I2CBYTE,F
0008A0	1032	BCF I2CBYTE,0
0008A1	1A05	BTFSC PORTA,4
0008A2	1432	BSF I2CBYTE,0
		ENDIF47
0008A3	0000	NOP
000000	1683	BANKSEL TRISA
000000	1683 1303	BANKSEL TRISA
0008A6	1185	BCF TRISA,3
000000	1283	BANKSEL PORTA
000000	1283 1303	BANKSEL PORTA
0008A9	1185	BCF PORTA,3
0008AA	0000	NOP
0008AB	0BD3	DECFSZ SYSREPEATTEMP3,F
0008AC	2897	GOTO SYSREPEATLOOP3
		SYSREPEATLOOPEND3
0008AD	08B0	MOVF I2CACK,F
0008AE	1903	BTFSC STATUS,Z
0008AF	28B7	GOTO ELSE48_1
000000	1683	BANKSEL TRISA
000000	1683 1303	BANKSEL TRISA
0008B2	1205	BCF TRISA,4
000000	1283	BANKSEL PORTA
000000	1283 1303	BANKSEL PORTA
0008B5	1205	BCF PORTA,4
0008B6	28BA	GOTO ENDIF48
		ELSE48_1
000000	1683	BANKSEL TRISA
000000	1683 1303	BANKSEL TRISA
0008B9	1605	BSF TRISA,4
		ENDIF48
0008BA	0000	NOP
000000	1683	BANKSEL TRISA
000000	1683 1303	BANKSEL TRISA
0008BD	1585	BSF TRISA,3
		SYSWAITLOOP12
000000	1283	BANKSEL PORTA
000000	1283 1303	BANKSEL PORTA
0008C0	1D85	BTFSS PORTA,3
0008C1	28BE	GOTO SYSWAITLOOP12
0008C2	0000	NOP
000000	1683	BANKSEL TRISA
000000	1683 1303	BANKSEL TRISA
0008C5	1185	BCF TRISA,3
000000	1283	BANKSEL PORTA
000000	1283 1303	BANKSEL PORTA
0008C8	1185	BCF PORTA,3
0008C9	0000	NOP
0008CA	0008	RETURN


		I2CSTART
000000	1683	BANKSEL TRISA
000000	1683 1303	BANKSEL TRISA
0008CD	1605	BSF TRISA,4
0008CE	1585	BSF TRISA,3
0008CF	0000	NOP
0008D0	1205	BCF TRISA,4
000000	1283	BANKSEL PORTA
000000	1283 1303	BANKSEL PORTA
0008D3	1205	BCF PORTA,4
0008D4	0000	NOP
000000	1683	BANKSEL TRISA
000000	1683 1303	BANKSEL TRISA
0008D7	1185	BCF TRISA,3
000000	1283	BANKSEL PORTA
000000	1283 1303	BANKSEL PORTA
0008DA	1185	BCF PORTA,3
0008DB	0008	RETURN


		I2CSTOP
000000	1683	BANKSEL TRISA
000000	1683 1303	BANKSEL TRISA
0008DE	1185	BCF TRISA,3
000000	1283	BANKSEL PORTA
000000	1283 1303	BANKSEL PORTA
0008E1	1185	BCF PORTA,3
000000	1683	BANKSEL TRISA
000000	1683 1303	BANKSEL TRISA
0008E4	1205	BCF TRISA,4
000000	1283	BANKSEL PORTA
000000	1283 1303	BANKSEL PORTA
0008E7	1205	BCF PORTA,4
0008E8	0000	NOP
000000	1683	BANKSEL TRISA
000000	1683 1303	BANKSEL TRISA
0008EB	1585	BSF TRISA,3
0008EC	0000	NOP
0008ED	1605	BSF TRISA,4
0008EE	0000	NOP
000000	1283	BANKSEL STATUS
000000	1283 1303	BANKSEL STATUS
0008F1	0008	RETURN


		LCD3_CMD
0008F2	1186	BCF PORTB,3
0008F3	083D	MOVF LCDVALUE,W
0008F4	00B6	MOVWF LCDBYTE
0008F5	291D	GOTO LCDNORMALWRITEBYTE


		LCDCREATECHAR
0008F6	1186	BCF PORTB,3
0008F7	0838	MOVF LCDCHARLOC,W
0008F8	00F5	MOVWF SYSBYTETEMPA
0008F9	3008	MOVLW 8
0008FA	00F9	MOVWF SYSBYTETEMPB
0008FB	242B	CALL SYSMULTSUB
0008FC	3040	MOVLW 64
0008FD	0770	ADDWF SYSBYTETEMPX,W
0008FE	00B6	MOVWF LCDBYTE
0008FF	211D	CALL LCDNORMALWRITEBYTE
000900	3005	MOVLW 5
000901	00F5	MOVWF SYSWAITTEMP10US
000902	206C	CALL DELAY_10US
000903	1586	BSF PORTB,3
000904	01BC	CLRF LCDTEMP
		SYSFORLOOP2
000905	0ABC	INCF LCDTEMP,F
000906	083C	MOVF LCDTEMP,W
000907	074C	ADDWF SYSLCDCHARDATAHANDLER,W
000908	0084	MOVWF FSR
000909	1383	BCF STATUS, IRP
00090A	184D	BTFSC SYSLCDCHARDATAHANDLER_H,0
00090B	1783	BSF STATUS, IRP
00090C	0800	MOVF INDF,W
00090D	00B6	MOVWF LCDBYTE
00090E	211D	CALL LCDNORMALWRITEBYTE
00090F	3005	MOVLW 5
000910	00F5	MOVWF SYSWAITTEMP10US
000911	206C	CALL DELAY_10US
000912	3008	MOVLW 8
000913	023C	SUBWF LCDTEMP,W
000914	1C03	BTFSS STATUS, C
000915	2905	GOTO SYSFORLOOP2
		ENDIF35
		SYSFORLOOPEND2
000916	1186	BCF PORTB,3
000917	3080	MOVLW 128
000918	00B6	MOVWF LCDBYTE
000919	211D	CALL LCDNORMALWRITEBYTE
00091A	3005	MOVLW 5
00091B	00F5	MOVWF SYSWAITTEMP10US
00091C	286C	GOTO DELAY_10US


		LCDNORMALWRITEBYTE
00091D	01B5	CLRF LCD3_RSSTATE
00091E	1986	BTFSC PORTB,3
00091F	0AB5	INCF LCD3_RSSTATE,F
		ENDIF23
000920	1405	BSF PORTA,0
000921	1206	BCF PORTB,4
000922	3008	MOVLW 8
000923	00D1	MOVWF SYSREPEATTEMP1
		SYSREPEATLOOP1
000924	1186	BCF PORTB,3
000925	1BB6	BTFSC LCDBYTE,7
000926	1586	BSF PORTB,3
		ENDIF24
000927	0DB6	RLF LCDBYTE,F
000928	1606	BSF PORTB,4
000929	1206	BCF PORTB,4
00092A	0BD1	DECFSZ SYSREPEATTEMP1,F
00092B	2924	GOTO SYSREPEATLOOP1
		SYSREPEATLOOPEND1
00092C	3003	MOVLW 3
00092D	00F2	MOVWF SYSWAITTEMPMS
00092E	01F3	CLRF SYSWAITTEMPMS_H
00092F	2073	CALL DELAY_MS
000930	1186	BCF PORTB,3
000931	1835	BTFSC LCD3_RSSTATE,0
000932	1586	BSF PORTB,3
		ENDIF25
000933	3003	MOVLW 3
000934	00F2	MOVWF SYSWAITTEMPMS
000935	01F3	CLRF SYSWAITTEMPMS_H
000936	2073	CALL DELAY_MS
000937	1005	BCF PORTA,0
000938	3003	MOVLW 3
000939	00F2	MOVWF SYSWAITTEMPMS
00093A	01F3	CLRF SYSWAITTEMPMS_H
00093B	2073	CALL DELAY_MS
00093C	1405	BSF PORTA,0
00093D	3010	MOVLW 16
00093E	0236	SUBWF LCDBYTE,W
00093F	1803	BTFSC STATUS, C
000940	2947	GOTO ENDIF21
000941	0836	MOVF LCDBYTE,W
000942	3C07	SUBLW 7
000943	1803	BTFSC STATUS, C
000944	2947	GOTO ENDIF22
000945	0836	MOVF LCDBYTE,W
000946	00BF	MOVWF LCD_STATE
		ENDIF22
		ENDIF21
000947	0008	RETURN


		LCDWRITECHAR
000948	1586	BSF PORTB,3
000949	0837	MOVF LCDCHAR,W
00094A	00B6	MOVWF LCDBYTE
00094B	211D	CALL LCDNORMALWRITEBYTE
00094C	0008	RETURN


		LOCATE
00094D	1186	BCF PORTB,3
00094E	083B	MOVF LCDLINE,W
00094F	3C01	SUBLW 1
000950	1803	BTFSC STATUS, C
000951	2956	GOTO ENDIF17
000952	3002	MOVLW 2
000953	02BB	SUBWF LCDLINE,F
000954	3014	MOVLW 20
000955	07B9	ADDWF LCDCOLUMN,F
		ENDIF17
000956	083B	MOVF LCDLINE,W
000957	00F5	MOVWF SYSBYTETEMPA
000958	3040	MOVLW 64
000959	00F9	MOVWF SYSBYTETEMPB
00095A	242B	CALL SYSMULTSUB
00095B	0839	MOVF LCDCOLUMN,W
00095C	0770	ADDWF SYSBYTETEMPX,W
00095D	00DB	MOVWF SYSTEMP1
00095E	3080	MOVLW 128
00095F	045B	IORWF SYSTEMP1,W
000960	00B6	MOVWF LCDBYTE
000961	211D	CALL LCDNORMALWRITEBYTE
000962	3005	MOVLW 5
000963	00F5	MOVWF SYSWAITTEMP10US
000964	286C	GOTO DELAY_10US


		MONTHDAYS
000965	300D	MOVLW 13
000966	0277	SUBWF SYSSTRINGA, W
000967	1803	BTFSC STATUS, C
000968	3400	RETLW 0
000969	0877	MOVF SYSSTRINGA, W
00096A	3E72	ADDLW LOW TABLEMONTHDAYS
00096B	00F7	MOVWF SYSSTRINGA
00096C	3009	MOVLW HIGH TABLEMONTHDAYS
00096D	1803	BTFSC STATUS, C
00096E	3E01	ADDLW 1
00096F	008A	MOVWF PCLATH
000970	0877	MOVF SYSSTRINGA, W
000971	0082	MOVWF PCL
		TABLEMONTHDAYS
000972	340C	RETLW 12
000973	341F	RETLW 31
000974	341D	RETLW 29
000975	341F	RETLW 31
000976	341E	RETLW 30
000977	341F	RETLW 31
000978	341E	RETLW 30
000979	341F	RETLW 31
00097A	341F	RETLW 31
00097B	341E	RETLW 30
00097C	341F	RETLW 31
00097D	341E	RETLW 30
00097E	341F	RETLW 31


		PCF85X3_ENABLE
00097F	20CB	CALL I2CSTART
000980	30A2	MOVLW 162
000981	00B2	MOVWF I2CBYTE
000000	118A	PAGESEL I2CSEND
000983	21C1	CALL I2CSEND
000000	158A	PAGESEL $
000985	01B2	CLRF I2CBYTE
000000	118A	PAGESEL I2CSEND
000987	21C1	CALL I2CSEND
000000	158A	PAGESEL $
000989	20CB	CALL I2CSTART
00098A	30A3	MOVLW 163
00098B	00B2	MOVWF I2CBYTE
000000	118A	PAGESEL I2CSEND
00098D	21C1	CALL I2CSEND
000000	158A	PAGESEL $
00098F	01B0	CLRF I2CACK
000990	2089	CALL I2CRECEIVE
000991	0832	MOVF I2CBYTE,W
000992	00AB	MOVWF DS_ENABLESTATE
000993	1CAD	BTFSS DS_VALUE,1
000994	2997	GOTO ELSE16_1
000995	12AB	BCF DS_ENABLESTATE,5
000996	2998	GOTO ENDIF16
		ELSE16_1
000997	16AB	BSF DS_ENABLESTATE,5
		ENDIF16
000998	20CB	CALL I2CSTART
000999	30A2	MOVLW 162
00099A	00B2	MOVWF I2CBYTE
000000	118A	PAGESEL I2CSEND
00099C	21C1	CALL I2CSEND
000000	158A	PAGESEL $
00099E	01B2	CLRF I2CBYTE
000000	118A	PAGESEL I2CSEND
0009A0	21C1	CALL I2CSEND
000000	158A	PAGESEL $
0009A2	082B	MOVF DS_ENABLESTATE,W
0009A3	00B2	MOVWF I2CBYTE
000000	118A	PAGESEL I2CSEND
0009A5	21C1	CALL I2CSEND
000000	158A	PAGESEL $
0009A7	28DC	GOTO I2CSTOP


		PCF85X3_READDATE
0009A8	20CB	CALL I2CSTART
0009A9	30A2	MOVLW 162
0009AA	00B2	MOVWF I2CBYTE
000000	118A	PAGESEL I2CSEND
0009AC	21C1	CALL I2CSEND
000000	158A	PAGESEL $
0009AE	3005	MOVLW 5
0009AF	00B2	MOVWF I2CBYTE
000000	118A	PAGESEL I2CSEND
0009B1	21C1	CALL I2CSEND
000000	158A	PAGESEL $
0009B3	20CB	CALL I2CSTART
0009B4	30A3	MOVLW 163
0009B5	00B2	MOVWF I2CBYTE
000000	118A	PAGESEL I2CSEND
0009B7	21C1	CALL I2CSEND
000000	158A	PAGESEL $
0009B9	30FF	MOVLW 255
0009BA	00B0	MOVWF I2CACK
0009BB	2089	CALL I2CRECEIVE
0009BC	0832	MOVF I2CBYTE,W
0009BD	00A5	MOVWF DS_DATE
0009BE	303F	MOVLW 63
0009BF	0525	ANDWF DS_DATE,W
0009C0	00E1	MOVWF VA
0009C1	2000	CALL FN_BCDTODEC
0009C2	0820	MOVF BCDTODEC,W
0009C3	00A5	MOVWF DS_DATE
0009C4	30FF	MOVLW 255
0009C5	00B0	MOVWF I2CACK
0009C6	2089	CALL I2CRECEIVE
0009C7	0832	MOVF I2CBYTE,W
0009C8	00A6	MOVWF DS_DOW
0009C9	3003	MOVLW 3
0009CA	0526	ANDWF DS_DOW,W
0009CB	00E1	MOVWF VA
0009CC	2000	CALL FN_BCDTODEC
0009CD	0820	MOVF BCDTODEC,W
0009CE	00A6	MOVWF DS_DOW
0009CF	30FF	MOVLW 255
0009D0	00B0	MOVWF I2CACK
0009D1	2089	CALL I2CRECEIVE
0009D2	0832	MOVF I2CBYTE,W
0009D3	00A9	MOVWF DS_MONTH
0009D4	301F	MOVLW 31
0009D5	0529	ANDWF DS_MONTH,W
0009D6	00E1	MOVWF VA
0009D7	2000	CALL FN_BCDTODEC
0009D8	0820	MOVF BCDTODEC,W
0009D9	00A9	MOVWF DS_MONTH
0009DA	01B0	CLRF I2CACK
0009DB	2089	CALL I2CRECEIVE
0009DC	0832	MOVF I2CBYTE,W
0009DD	00AE	MOVWF DS_YEAR
0009DE	00E1	MOVWF VA
0009DF	2000	CALL FN_BCDTODEC
0009E0	0820	MOVF BCDTODEC,W
0009E1	00AE	MOVWF DS_YEAR
0009E2	28DC	GOTO I2CSTOP


		PCF85X3_READREGISTER
0009E3	20CB	CALL I2CSTART
0009E4	30A2	MOVLW 162
0009E5	00B2	MOVWF I2CBYTE
000000	118A	PAGESEL I2CSEND
0009E7	21C1	CALL I2CSEND
000000	158A	PAGESEL $
0009E9	082A	MOVF DS_REG,W
0009EA	00B2	MOVWF I2CBYTE
000000	118A	PAGESEL I2CSEND
0009EC	21C1	CALL I2CSEND
000000	158A	PAGESEL $
0009EE	20CB	CALL I2CSTART
0009EF	30A3	MOVLW 163
0009F0	00B2	MOVWF I2CBYTE
000000	118A	PAGESEL I2CSEND
0009F2	21C1	CALL I2CSEND
000000	158A	PAGESEL $
0009F4	01B0	CLRF I2CACK
0009F5	2089	CALL I2CRECEIVE
0009F6	0832	MOVF I2CBYTE,W
0009F7	00AC	MOVWF DS_VAL
0009F8	28DC	GOTO I2CSTOP


		PCF85X3_READTIME
0009F9	20CB	CALL I2CSTART
0009FA	30A2	MOVLW 162
0009FB	00B2	MOVWF I2CBYTE
000000	118A	PAGESEL I2CSEND
0009FD	21C1	CALL I2CSEND
000000	158A	PAGESEL $
0009FF	3002	MOVLW 2
000A00	00B2	MOVWF I2CBYTE
000000	118A	PAGESEL I2CSEND
000A02	21C1	CALL I2CSEND
000000	158A	PAGESEL $
000A04	20CB	CALL I2CSTART
000A05	30A3	MOVLW 163
000A06	00B2	MOVWF I2CBYTE
000000	118A	PAGESEL I2CSEND
000A08	21C1	CALL I2CSEND
000000	158A	PAGESEL $
000A0A	30FF	MOVLW 255
000A0B	00B0	MOVWF I2CACK
000A0C	2089	CALL I2CRECEIVE
000A0D	0832	MOVF I2CBYTE,W
000A0E	00AB	MOVWF DS_SEC
000A0F	307F	MOVLW 127
000A10	052B	ANDWF DS_SEC,W
000A11	00E1	MOVWF VA
000A12	2000	CALL FN_BCDTODEC
000A13	0820	MOVF BCDTODEC,W
000A14	00AB	MOVWF DS_SEC
000A15	30FF	MOVLW 255
000A16	00B0	MOVWF I2CACK
000A17	2089	CALL I2CRECEIVE
000A18	0832	MOVF I2CBYTE,W
000A19	00A8	MOVWF DS_MIN
000A1A	307F	MOVLW 127
000A1B	0528	ANDWF DS_MIN,W
000A1C	00E1	MOVWF VA
000A1D	2000	CALL FN_BCDTODEC
000A1E	0820	MOVF BCDTODEC,W
000A1F	00A8	MOVWF DS_MIN
000A20	30FF	MOVLW 255
000A21	00B0	MOVWF I2CACK
000A22	2089	CALL I2CRECEIVE
000A23	0832	MOVF I2CBYTE,W
000A24	00A7	MOVWF DS_HOUR
000A25	303F	MOVLW 63
000A26	0527	ANDWF DS_HOUR,W
000A27	00E1	MOVWF VA
000A28	2000	CALL FN_BCDTODEC
000A29	0820	MOVF BCDTODEC,W
000A2A	00A7	MOVWF DS_HOUR
000A2B	28DC	GOTO I2CSTOP


		FN_PCF85X3_READVL
000A2C	20CB	CALL I2CSTART
000A2D	30A2	MOVLW 162
000A2E	00B2	MOVWF I2CBYTE
000000	118A	PAGESEL I2CSEND
000A30	21C1	CALL I2CSEND
000000	158A	PAGESEL $
000A32	3002	MOVLW 2
000A33	00B2	MOVWF I2CBYTE
000000	118A	PAGESEL I2CSEND
000A35	21C1	CALL I2CSEND
000000	158A	PAGESEL $
000A37	20CB	CALL I2CSTART
000A38	30A3	MOVLW 163
000A39	00B2	MOVWF I2CBYTE
000000	118A	PAGESEL I2CSEND
000A3B	21C1	CALL I2CSEND
000000	158A	PAGESEL $
000A3D	01B0	CLRF I2CACK
000A3E	2089	CALL I2CRECEIVE
000A3F	0832	MOVF I2CBYTE,W
000A40	00AB	MOVWF DS_SEC
000A41	3080	MOVLW 128
000A42	052B	ANDWF DS_SEC,W
000A43	00E1	MOVWF VA
000A44	2000	CALL FN_BCDTODEC
000A45	0820	MOVF BCDTODEC,W
000A46	00C4	MOVWF PCF85X3_READVL
000A47	28DC	GOTO I2CSTOP


		PCF85X3_SETALARM17
000A48	20CB	CALL I2CSTART
000A49	30A2	MOVLW 162
000A4A	00B2	MOVWF I2CBYTE
000000	118A	PAGESEL I2CSEND
000A4C	21C1	CALL I2CSEND
000000	158A	PAGESEL $
000A4E	3009	MOVLW 9
000A4F	00B2	MOVWF I2CBYTE
000000	118A	PAGESEL I2CSEND
000A51	21C1	CALL I2CSEND
000000	158A	PAGESEL $
000A53	0828	MOVF DS_MIN,W
000A54	00E1	MOVWF VA
000A55	2056	CALL FN_DECTOBCD
000A56	0823	MOVF DECTOBCD,W
000A57	00B2	MOVWF I2CBYTE
000000	118A	PAGESEL I2CSEND
000A59	21C1	CALL I2CSEND
000000	158A	PAGESEL $
000A5B	0827	MOVF DS_HOUR,W
000A5C	00E1	MOVWF VA
000A5D	2056	CALL FN_DECTOBCD
000A5E	0823	MOVF DECTOBCD,W
000A5F	00B2	MOVWF I2CBYTE
000000	118A	PAGESEL I2CSEND
000A61	21C1	CALL I2CSEND
000000	158A	PAGESEL $
000A63	28DC	GOTO I2CSTOP


		PCF85X3_SETCLOCK
000A64	20CB	CALL I2CSTART
000A65	30A2	MOVLW 162
000A66	00B2	MOVWF I2CBYTE
000000	118A	PAGESEL I2CSEND
000A68	21C1	CALL I2CSEND
000000	158A	PAGESEL $
000A6A	3002	MOVLW 2
000A6B	00B2	MOVWF I2CBYTE
000000	118A	PAGESEL I2CSEND
000A6D	21C1	CALL I2CSEND
000000	158A	PAGESEL $
000A6F	082B	MOVF DS_SEC,W
000A70	00E1	MOVWF VA
000A71	2056	CALL FN_DECTOBCD
000A72	0823	MOVF DECTOBCD,W
000A73	00B2	MOVWF I2CBYTE
000000	118A	PAGESEL I2CSEND
000A75	21C1	CALL I2CSEND
000000	158A	PAGESEL $
000A77	0828	MOVF DS_MIN,W
000A78	00E1	MOVWF VA
000A79	2056	CALL FN_DECTOBCD
000A7A	0823	MOVF DECTOBCD,W
000A7B	00B2	MOVWF I2CBYTE
000000	118A	PAGESEL I2CSEND
000A7D	21C1	CALL I2CSEND
000000	158A	PAGESEL $
000A7F	0827	MOVF DS_HOUR,W
000A80	00E1	MOVWF VA
000A81	2056	CALL FN_DECTOBCD
000A82	0823	MOVF DECTOBCD,W
000A83	00B2	MOVWF I2CBYTE
000000	118A	PAGESEL I2CSEND
000A85	21C1	CALL I2CSEND
000000	158A	PAGESEL $
000A87	0825	MOVF DS_DATE,W
000A88	00E1	MOVWF VA
000A89	2056	CALL FN_DECTOBCD
000A8A	0823	MOVF DECTOBCD,W
000A8B	00B2	MOVWF I2CBYTE
000000	118A	PAGESEL I2CSEND
000A8D	21C1	CALL I2CSEND
000000	158A	PAGESEL $
000A8F	0826	MOVF DS_DOW,W
000A90	00E1	MOVWF VA
000A91	2056	CALL FN_DECTOBCD
000A92	0823	MOVF DECTOBCD,W
000A93	00B2	MOVWF I2CBYTE
000000	118A	PAGESEL I2CSEND
000A95	21C1	CALL I2CSEND
000000	158A	PAGESEL $
000A97	0829	MOVF DS_MONTH,W
000A98	00E1	MOVWF VA
000A99	2056	CALL FN_DECTOBCD
000A9A	0823	MOVF DECTOBCD,W
000A9B	00B2	MOVWF I2CBYTE
000000	118A	PAGESEL I2CSEND
000A9D	21C1	CALL I2CSEND
000000	158A	PAGESEL $
000A9F	082E	MOVF DS_YEAR,W
000AA0	00E1	MOVWF VA
000AA1	2056	CALL FN_DECTOBCD
000AA2	0823	MOVF DECTOBCD,W
000AA3	00B2	MOVWF I2CBYTE
000000	118A	PAGESEL I2CSEND
000AA5	21C1	CALL I2CSEND
000000	158A	PAGESEL $
000AA7	28DC	GOTO I2CSTOP


		PRINT139
000AA8	01BE	CLRF LCDVALUETEMP
000AA9	1586	BSF PORTB,3
000AAA	3064	MOVLW 100
000AAB	023D	SUBWF LCDVALUE,W
000AAC	1C03	BTFSS STATUS, C
000AAD	2ABB	GOTO ENDIF54
000AAE	083D	MOVF LCDVALUE,W
000AAF	00F5	MOVWF SYSBYTETEMPA
000AB0	3064	MOVLW 100
000AB1	00F9	MOVWF SYSBYTETEMPB
000AB2	23DF	CALL SYSDIVSUB
000AB3	0875	MOVF SYSBYTETEMPA,W
000AB4	00BE	MOVWF LCDVALUETEMP
000AB5	0870	MOVF SYSCALCTEMPX,W
000AB6	00BD	MOVWF LCDVALUE
000AB7	3030	MOVLW 48
000AB8	073E	ADDWF LCDVALUETEMP,W
000AB9	00B6	MOVWF LCDBYTE
000ABA	211D	CALL LCDNORMALWRITEBYTE
		ENDIF54
000ABB	083E	MOVF LCDVALUETEMP,W
000ABC	00F9	MOVWF SYSBYTETEMPB
000ABD	01F5	CLRF SYSBYTETEMPA
000ABE	239C	CALL SYSCOMPLESSTHAN
000ABF	0870	MOVF SYSBYTETEMPX,W
000AC0	00DD	MOVWF SYSTEMP2
000AC1	083D	MOVF LCDVALUE,W
000AC2	00F5	MOVWF SYSBYTETEMPA
000AC3	300A	MOVLW 10
000AC4	00F9	MOVWF SYSBYTETEMPB
000AC5	239C	CALL SYSCOMPLESSTHAN
000AC6	09F0	COMF SYSBYTETEMPX,F
000AC7	085D	MOVF SYSTEMP2,W
000AC8	0470	IORWF SYSBYTETEMPX,W
000AC9	00DE	MOVWF SYSTEMP3
000ACA	1C5E	BTFSS SYSTEMP3,0
000ACB	2AD9	GOTO ENDIF55
000ACC	083D	MOVF LCDVALUE,W
000ACD	00F5	MOVWF SYSBYTETEMPA
000ACE	300A	MOVLW 10
000ACF	00F9	MOVWF SYSBYTETEMPB
000AD0	23DF	CALL SYSDIVSUB
000AD1	0875	MOVF SYSBYTETEMPA,W
000AD2	00BE	MOVWF LCDVALUETEMP
000AD3	0870	MOVF SYSCALCTEMPX,W
000AD4	00BD	MOVWF LCDVALUE
000AD5	3030	MOVLW 48
000AD6	073E	ADDWF LCDVALUETEMP,W
000AD7	00B6	MOVWF LCDBYTE
000AD8	211D	CALL LCDNORMALWRITEBYTE
		ENDIF55
000AD9	3030	MOVLW 48
000ADA	073D	ADDWF LCDVALUE,W
000ADB	00B6	MOVWF LCDBYTE
000ADC	291D	GOTO LCDNORMALWRITEBYTE


		SETDATE
000ADD	2017	CALL CLS
000ADE	30DB	MOVLW LOW SYSSTRINGPARAM3
000ADF	00F2	MOVWF SYSSTRINGB
000AE0	3000	MOVLW HIGH SYSSTRINGPARAM3
000AE1	00F3	MOVWF SYSSTRINGB_H
000AE2	30A7	MOVLW LOW STRINGTABLE24
000AE3	00F7	MOVWF SYSSTRINGA
000AE4	3006	MOVLW HIGH STRINGTABLE24
000AE5	00F8	MOVWF SYSSTRINGA_H
000AE6	2437	CALL SYSREADSTRING
000AE7	30DB	MOVLW LOW SYSSTRINGPARAM3
000AE8	00CE	MOVWF SYSPRINTDATAHANDLER
000AE9	3000	MOVLW HIGH SYSSTRINGPARAM3
000AEA	00CF	MOVWF SYSPRINTDATAHANDLER_H
000000	118A	PAGESEL PRINT138
000AEC	2317	CALL PRINT138
000000	158A	PAGESEL $
000AEE	3001	MOVLW 1
000AEF	00BB	MOVWF LCDLINE
000AF0	01B9	CLRF LCDCOLUMN
000AF1	214D	CALL LOCATE
000000	118A	PAGESEL PRINTDATE
000AF3	2338	CALL PRINTDATE
000000	158A	PAGESEL $
000AF5	0841	MOVF MONTH,W
000AF6	00F7	MOVWF SYSSTRINGA
000AF7	2165	CALL MONTHDAYS
000AF8	00A2	MOVWF DAYSMAX
		SYSDOLOOP_S20
		SYSDOLOOP_S21
000AF9	1D06	BTFSS PORTB,2
000AFA	2B0D	GOTO SYSDOLOOP_E21
000AFB	0AA1	INCF DATE,F
000AFC	0821	MOVF DATE,W
000AFD	0222	SUBWF DAYSMAX,W
000AFE	1803	BTFSC STATUS, C
000AFF	2B02	GOTO ENDIF14
000B00	3001	MOVLW 1
000B01	00A1	MOVWF DATE
		ENDIF14
000B02	3001	MOVLW 1
000B03	00BB	MOVWF LCDLINE
000B04	01B9	CLRF LCDCOLUMN
000B05	214D	CALL LOCATE
000000	118A	PAGESEL PRINTDATE
000B07	2338	CALL PRINTDATE
000000	158A	PAGESEL $
		SYSWAITLOOP7
000B09	1906	BTFSC PORTB,2
000B0A	2B09	GOTO SYSWAITLOOP7
000B0B	144A	BSF SYSBITVAR0,0
000B0C	2AF9	GOTO SYSDOLOOP_S21
		SYSDOLOOP_E21
000B0D	3032	MOVLW 50
000B0E	00F2	MOVWF SYSWAITTEMPMS
000B0F	01F3	CLRF SYSWAITTEMPMS_H
000B10	2073	CALL DELAY_MS
000B11	1C86	BTFSS PORTB,1
000B12	2AF9	GOTO SYSDOLOOP_S20
		SYSDOLOOP_E20
		SYSDOLOOP_S22
000B13	1C86	BTFSS PORTB,1
000B14	2B1A	GOTO SYSDOLOOP_E22
000B15	3032	MOVLW 50
000B16	00F2	MOVWF SYSWAITTEMPMS
000B17	01F3	CLRF SYSWAITTEMPMS_H
000B18	2073	CALL DELAY_MS
000B19	2B13	GOTO SYSDOLOOP_S22
		SYSDOLOOP_E22
000B1A	0008	RETURN


		SETMONTH
000B1B	2017	CALL CLS
000B1C	30DB	MOVLW LOW SYSSTRINGPARAM3
000B1D	00F2	MOVWF SYSSTRINGB
000B1E	3000	MOVLW HIGH SYSSTRINGPARAM3
000B1F	00F3	MOVWF SYSSTRINGB_H
000B20	309C	MOVLW LOW STRINGTABLE23
000B21	00F7	MOVWF SYSSTRINGA
000B22	3006	MOVLW HIGH STRINGTABLE23
000B23	00F8	MOVWF SYSSTRINGA_H
000B24	2437	CALL SYSREADSTRING
000B25	30DB	MOVLW LOW SYSSTRINGPARAM3
000B26	00CE	MOVWF SYSPRINTDATAHANDLER
000B27	3000	MOVLW HIGH SYSSTRINGPARAM3
000B28	00CF	MOVWF SYSPRINTDATAHANDLER_H
000000	118A	PAGESEL PRINT138
000B2A	2317	CALL PRINT138
000000	158A	PAGESEL $
000B2C	3001	MOVLW 1
000B2D	00BB	MOVWF LCDLINE
000B2E	01B9	CLRF LCDCOLUMN
000B2F	214D	CALL LOCATE
000000	118A	PAGESEL PRINTDATE
000B31	2338	CALL PRINTDATE
000000	158A	PAGESEL $
		SYSDOLOOP_S17
		SYSDOLOOP_S18
000B33	1D06	BTFSS PORTB,2
000B34	2B47	GOTO SYSDOLOOP_E18
000B35	0AC1	INCF MONTH,F
000B36	0841	MOVF MONTH,W
000B37	3C0C	SUBLW 12
000B38	1803	BTFSC STATUS, C
000B39	2B3C	GOTO ENDIF13
000B3A	3001	MOVLW 1
000B3B	00C1	MOVWF MONTH
		ENDIF13
000B3C	3001	MOVLW 1
000B3D	00BB	MOVWF LCDLINE
000B3E	01B9	CLRF LCDCOLUMN
000B3F	214D	CALL LOCATE
000000	118A	PAGESEL PRINTDATE
000B41	2338	CALL PRINTDATE
000000	158A	PAGESEL $
		SYSWAITLOOP6
000B43	1906	BTFSC PORTB,2
000B44	2B43	GOTO SYSWAITLOOP6
000B45	144A	BSF SYSBITVAR0,0
000B46	2B33	GOTO SYSDOLOOP_S18
		SYSDOLOOP_E18
000B47	3032	MOVLW 50
000B48	00F2	MOVWF SYSWAITTEMPMS
000B49	01F3	CLRF SYSWAITTEMPMS_H
000B4A	2073	CALL DELAY_MS
000B4B	1C86	BTFSS PORTB,1
000B4C	2B33	GOTO SYSDOLOOP_S17
		SYSDOLOOP_E17
000B4D	0841	MOVF MONTH,W
000B4E	00F7	MOVWF SYSSTRINGA
000B4F	2165	CALL MONTHDAYS
000B50	00A2	MOVWF DAYSMAX
		SYSDOLOOP_S19
000B51	1C86	BTFSS PORTB,1
000B52	2B58	GOTO SYSDOLOOP_E19
000B53	3032	MOVLW 50
000B54	00F2	MOVWF SYSWAITTEMPMS
000B55	01F3	CLRF SYSWAITTEMPMS_H
000B56	2073	CALL DELAY_MS
000B57	2B51	GOTO SYSDOLOOP_S19
		SYSDOLOOP_E19
000B58	0008	RETURN


		SETYEAR
000B59	2017	CALL CLS
000B5A	30DB	MOVLW LOW SYSSTRINGPARAM3
000B5B	00F2	MOVWF SYSSTRINGB
000B5C	3000	MOVLW HIGH SYSSTRINGPARAM3
000B5D	00F3	MOVWF SYSSTRINGB_H
000B5E	30B1	MOVLW LOW STRINGTABLE25
000B5F	00F7	MOVWF SYSSTRINGA
000B60	3006	MOVLW HIGH STRINGTABLE25
000B61	00F8	MOVWF SYSSTRINGA_H
000B62	2437	CALL SYSREADSTRING
000B63	30DB	MOVLW LOW SYSSTRINGPARAM3
000B64	00CE	MOVWF SYSPRINTDATAHANDLER
000B65	3000	MOVLW HIGH SYSSTRINGPARAM3
000B66	00CF	MOVWF SYSPRINTDATAHANDLER_H
000000	118A	PAGESEL PRINT138
000B68	2317	CALL PRINT138
000000	158A	PAGESEL $
000B6A	3001	MOVLW 1
000B6B	00BB	MOVWF LCDLINE
000B6C	01B9	CLRF LCDCOLUMN
000B6D	214D	CALL LOCATE
000000	118A	PAGESEL PRINTDATE
000B6F	2338	CALL PRINTDATE
000000	158A	PAGESEL $
		SYSDOLOOP_S23
		SYSDOLOOP_S24
000B71	1D06	BTFSS PORTB,2
000B72	2B83	GOTO SYSDOLOOP_E24
000B73	0AE2	INCF YEAR,F
000B74	0862	MOVF YEAR,W
000B75	3C63	SUBLW 99
000B76	1C03	BTFSS STATUS, C
000B77	01E2	CLRF YEAR
		ENDIF15
000B78	3001	MOVLW 1
000B79	00BB	MOVWF LCDLINE
000B7A	01B9	CLRF LCDCOLUMN
000B7B	214D	CALL LOCATE
000000	118A	PAGESEL PRINTDATE
000B7D	2338	CALL PRINTDATE
000000	158A	PAGESEL $
		SYSWAITLOOP8
000B7F	1906	BTFSC PORTB,2
000B80	2B7F	GOTO SYSWAITLOOP8
000B81	144A	BSF SYSBITVAR0,0
000B82	2B71	GOTO SYSDOLOOP_S24
		SYSDOLOOP_E24
000B83	3032	MOVLW 50
000B84	00F2	MOVWF SYSWAITTEMPMS
000B85	01F3	CLRF SYSWAITTEMPMS_H
000B86	2073	CALL DELAY_MS
000B87	1C86	BTFSS PORTB,1
000B88	2B71	GOTO SYSDOLOOP_S23
		SYSDOLOOP_E23
		SYSDOLOOP_S25
000B89	1C86	BTFSS PORTB,1
000B8A	2B90	GOTO SYSDOLOOP_E25
000B8B	3032	MOVLW 50
000B8C	00F2	MOVWF SYSWAITTEMPMS
000B8D	01F3	CLRF SYSWAITTEMPMS_H
000B8E	2073	CALL DELAY_MS
000B8F	2B89	GOTO SYSDOLOOP_S25
		SYSDOLOOP_E25
000B90	0008	RETURN


		SYSCOMPEQUAL16
000B91	01F0	CLRF SYSBYTETEMPX
000B92	0875	MOVF SYSWORDTEMPA, W
000B93	0279	SUBWF SYSWORDTEMPB, W
000B94	1D03	BTFSS STATUS, Z
000B95	0008	RETURN
000B96	0876	MOVF SYSWORDTEMPA_H, W
000B97	027A	SUBWF SYSWORDTEMPB_H, W
000B98	1D03	BTFSS STATUS, Z
000B99	0008	RETURN
000B9A	09F0	COMF SYSBYTETEMPX,F
000B9B	0008	RETURN


		SYSCOMPLESSTHAN
000B9C	01F0	CLRF SYSBYTETEMPX
000B9D	1403	BSF STATUS, C
000B9E	0879	MOVF SYSBYTETEMPB, W
000B9F	0275	SUBWF SYSBYTETEMPA, W
000BA0	1C03	BTFSS STATUS, C
000BA1	09F0	COMF SYSBYTETEMPX,F
000BA2	0008	RETURN


		SYSCOMPLESSTHAN16
000BA3	01F0	CLRF SYSBYTETEMPX
000BA4	0876	MOVF SYSWORDTEMPA_H,W
000BA5	027A	SUBWF SYSWORDTEMPB_H,W
000BA6	1C03	BTFSS STATUS,C
000BA7	0008	RETURN
000BA8	087A	MOVF SYSWORDTEMPB_H,W
000BA9	0276	SUBWF SYSWORDTEMPA_H,W
000BAA	1C03	BTFSS STATUS,C
000BAB	2BB0	GOTO SCLT16TRUE
000BAC	0879	MOVF SYSWORDTEMPB,W
000BAD	0275	SUBWF SYSWORDTEMPA,W
000BAE	1803	BTFSC STATUS,C
000BAF	0008	RETURN
		SCLT16TRUE
000BB0	09F0	COMF SYSBYTETEMPX,F
000BB1	0008	RETURN


		SYSCOPYSTRING
000BB2	0877	MOVF SYSSTRINGA, W
000BB3	0084	MOVWF FSR
000BB4	1383	BCF STATUS, IRP
000BB5	1878	BTFSC SYSSTRINGA_H, 0
000BB6	1783	BSF STATUS, IRP
000BB7	0800	MOVF INDF, W
000BB8	00F5	MOVWF SYSCALCTEMPA
000BB9	0872	MOVF SYSSTRINGB, W
000BBA	0084	MOVWF FSR
000BBB	1383	BCF STATUS, IRP
000BBC	1873	BTFSC SYSSTRINGB_H, 0
000BBD	1783	BSF STATUS, IRP
000BBE	0875	MOVF SYSCALCTEMPA, W
000BBF	0080	MOVWF INDF
000BC0	2BC9	GOTO SYSCOPYSTRINGCHECK
		SYSCOPYSTRINGPART
000BC1	0877	MOVF SYSSTRINGA, W
000BC2	0084	MOVWF FSR
000BC3	1383	BCF STATUS, IRP
000BC4	1878	BTFSC SYSSTRINGA_H, 0
000BC5	1783	BSF STATUS, IRP
000BC6	0800	MOVF INDF, W
000BC7	07F6	ADDWF SYSSTRINGLENGTH, F
000BC8	00F5	MOVWF SYSCALCTEMPA
		SYSCOPYSTRINGCHECK
000BC9	0875	MOVF SYSCALCTEMPA,W
000BCA	1903	BTFSC STATUS,Z
000BCB	0008	RETURN
		SYSSTRINGCOPY
000BCC	0AF7	INCF SYSSTRINGA, F
000BCD	0AF2	INCF SYSSTRINGB, F
000BCE	0877	MOVF SYSSTRINGA, W
000BCF	0084	MOVWF FSR
000BD0	1383	BCF STATUS, IRP
000BD1	1878	BTFSC SYSSTRINGA_H, 0
000BD2	1783	BSF STATUS, IRP
000BD3	0800	MOVF INDF, W
000BD4	00F9	MOVWF SYSCALCTEMPB
000BD5	0872	MOVF SYSSTRINGB, W
000BD6	0084	MOVWF FSR
000BD7	1383	BCF STATUS, IRP
000BD8	1873	BTFSC SYSSTRINGB_H, 0
000BD9	1783	BSF STATUS, IRP
000BDA	0879	MOVF SYSCALCTEMPB, W
000BDB	0080	MOVWF INDF
000BDC	0BF5	DECFSZ SYSCALCTEMPA, F
000BDD	2BCC	GOTO SYSSTRINGCOPY
000BDE	0008	RETURN


		SYSDIVSUB
000BDF	08F9	MOVF SYSBYTETEMPB, F
000BE0	1903	BTFSC STATUS, Z
000BE1	0008	RETURN
000BE2	01F0	CLRF SYSBYTETEMPX
000BE3	3008	MOVLW 8
000BE4	00F4	MOVWF SYSDIVLOOP
		SYSDIV8START
000BE5	1003	BCF STATUS, C
000BE6	0DF5	RLF SYSBYTETEMPA, F
000BE7	0DF0	RLF SYSBYTETEMPX, F
000BE8	0879	MOVF SYSBYTETEMPB, W
000BE9	02F0	SUBWF SYSBYTETEMPX, F
000BEA	1475	BSF SYSBYTETEMPA, 0
000BEB	1803	BTFSC STATUS, C
000BEC	2BF0	GOTO DIV8NOTNEG
000BED	1075	BCF SYSBYTETEMPA, 0
000BEE	0879	MOVF SYSBYTETEMPB, W
000BEF	07F0	ADDWF SYSBYTETEMPX, F
		DIV8NOTNEG
000BF0	0BF4	DECFSZ SYSDIVLOOP, F
000BF1	2BE5	GOTO SYSDIV8START
000BF2	0008	RETURN


		SYSDIVSUB16
000BF3	0875	MOVF SYSWORDTEMPA,W
000BF4	00F7	MOVWF SYSDIVMULTA
000BF5	0876	MOVF SYSWORDTEMPA_H,W
000BF6	00F8	MOVWF SYSDIVMULTA_H
000BF7	0879	MOVF SYSWORDTEMPB,W
000BF8	00FB	MOVWF SYSDIVMULTB
000BF9	087A	MOVF SYSWORDTEMPB_H,W
000BFA	00FC	MOVWF SYSDIVMULTB_H
000BFB	01F2	CLRF SYSDIVMULTX
000BFC	01F3	CLRF SYSDIVMULTX_H
000BFD	087B	MOVF SYSDIVMULTB,W
000BFE	00F5	MOVWF SYSWORDTEMPA
000BFF	087C	MOVF SYSDIVMULTB_H,W
000C00	00F6	MOVWF SYSWORDTEMPA_H
000C01	01F9	CLRF SYSWORDTEMPB
000C02	01FA	CLRF SYSWORDTEMPB_H
000C03	2391	CALL SYSCOMPEQUAL16
000C04	1C70	BTFSS SYSBYTETEMPX,0
000C05	2C09	GOTO ENDIF56
000C06	01F5	CLRF SYSWORDTEMPA
000C07	01F6	CLRF SYSWORDTEMPA_H
000C08	0008	RETURN
		ENDIF56
000C09	3010	MOVLW 16
000C0A	00F4	MOVWF SYSDIVLOOP
		SYSDIV16START
000C0B	1003	BCF STATUS,C
000C0C	0DF7	RLF SYSDIVMULTA,F
000C0D	0DF8	RLF SYSDIVMULTA_H,F
000C0E	0DF2	RLF SYSDIVMULTX,F
000C0F	0DF3	RLF SYSDIVMULTX_H,F
000C10	087B	MOVF SYSDIVMULTB,W
000C11	02F2	SUBWF SYSDIVMULTX,F
000C12	087C	MOVF SYSDIVMULTB_H,W
000C13	1C03	BTFSS STATUS,C
000C14	0F7C	INCFSZ SYSDIVMULTB_H,W
000C15	02F3	SUBWF SYSDIVMULTX_H,F
		ENDIF58
000C16	1477	BSF SYSDIVMULTA,0
000C17	1803	BTFSC STATUS,C
000C18	2C20	GOTO ENDIF57
000C19	1077	BCF SYSDIVMULTA,0
000C1A	087B	MOVF SYSDIVMULTB,W
000C1B	07F2	ADDWF SYSDIVMULTX,F
000C1C	087C	MOVF SYSDIVMULTB_H,W
000C1D	1803	BTFSC STATUS,C
000C1E	0F7C	INCFSZ SYSDIVMULTB_H,W
000C1F	07F3	ADDWF SYSDIVMULTX_H,F
		ENDIF59
		ENDIF57
000C20	0BF4	DECFSZ SYSDIVLOOP, F
000C21	2C0B	GOTO SYSDIV16START
000C22	0877	MOVF SYSDIVMULTA,W
000C23	00F5	MOVWF SYSWORDTEMPA
000C24	0878	MOVF SYSDIVMULTA_H,W
000C25	00F6	MOVWF SYSWORDTEMPA_H
000C26	0872	MOVF SYSDIVMULTX,W
000C27	00F0	MOVWF SYSWORDTEMPX
000C28	0873	MOVF SYSDIVMULTX_H,W
000C29	00F1	MOVWF SYSWORDTEMPX_H
000C2A	0008	RETURN


		SYSMULTSUB
000C2B	01F0	CLRF SYSBYTETEMPX
		MUL8LOOP
000C2C	0875	MOVF SYSBYTETEMPA, W
000C2D	1879	BTFSC SYSBYTETEMPB, 0
000C2E	07F0	ADDWF SYSBYTETEMPX, F
000C2F	1003	BCF STATUS, C
000C30	0CF9	RRF SYSBYTETEMPB, F
000C31	1003	BCF STATUS, C
000C32	0DF5	RLF SYSBYTETEMPA, F
000C33	08F9	MOVF SYSBYTETEMPB, F
000C34	1D03	BTFSS STATUS, Z
000C35	2C2C	GOTO MUL8LOOP
000C36	0008	RETURN


		SYSREADSTRING
000C37	0872	MOVF SYSSTRINGB, W
000C38	0084	MOVWF FSR
000C39	1383	BCF STATUS, IRP
000C3A	1873	BTFSC SYSSTRINGB_H, 0
000C3B	1783	BSF STATUS, IRP
000000	118A	PAGESEL SYSSTRINGTABLES
000C3D	25EE	CALL SYSSTRINGTABLES
000000	158A	PAGESEL $
000C3F	00F5	MOVWF SYSCALCTEMPA
000C40	0080	MOVWF INDF
000C41	07F2	ADDWF SYSSTRINGB, F
000C42	2C4E	GOTO SYSSTRINGREADCHECK
		SYSREADSTRINGPART
000C43	0872	MOVF SYSSTRINGB, W
000C44	0084	MOVWF FSR
000C45	1383	BCF STATUS, IRP
000C46	1873	BTFSC SYSSTRINGB_H, 0
000C47	1783	BSF STATUS, IRP
000000	118A	PAGESEL SYSSTRINGTABLES
000C49	25EE	CALL SYSSTRINGTABLES
000000	158A	PAGESEL $
000C4B	00F5	MOVWF SYSCALCTEMPA
000C4C	07F6	ADDWF SYSSTRINGLENGTH,F
000C4D	07F2	ADDWF SYSSTRINGB,F
		SYSSTRINGREADCHECK
000C4E	08F5	MOVF SYSCALCTEMPA,F
000C4F	1903	BTFSC STATUS,Z
000C50	0008	RETURN
		SYSSTRINGREAD
000000	118A	PAGESEL SYSSTRINGTABLES
000C52	25EE	CALL SYSSTRINGTABLES
000000	158A	PAGESEL $
000C54	0A84	INCF FSR, F
000C55	0080	MOVWF INDF
000C56	0BF5	DECFSZ SYSCALCTEMPA, F
000C57	2C51	GOTO SYSSTRINGREAD
000C58	0008	RETURN


		UPDATEDISP
000C59	21F9	CALL PCF85X3_READTIME
000C5A	0827	MOVF DS_HOUR,W
000C5B	00AF	MOVWF HOUR
000C5C	0828	MOVF DS_MIN,W
000C5D	00C0	MOVWF MIN
000C5E	082B	MOVF DS_SEC,W
000C5F	00C6	MOVWF SEC
000C60	01BB	CLRF LCDLINE
000C61	300F	MOVLW 15
000C62	00B9	MOVWF LCDCOLUMN
000C63	214D	CALL LOCATE
000C64	222C	CALL FN_PCF85X3_READVL
000C65	08C4	MOVF PCF85X3_READVL,F
000C66	1D03	BTFSS STATUS, Z
000C67	2C6B	GOTO ELSE3_1
000C68	01B7	CLRF LCDCHAR
000C69	2148	CALL LCDWRITECHAR
000C6A	2C6E	GOTO ENDIF3
		ELSE3_1
000C6B	3001	MOVLW 1
000C6C	00B7	MOVWF LCDCHAR
000C6D	2148	CALL LCDWRITECHAR
		ENDIF3
000C6E	0846	MOVF SEC,W
000C6F	0243	SUBWF OLDSEC,W
000C70	1903	BTFSC STATUS, Z
000C71	2C8D	GOTO ENDIF4
000C72	08C6	MOVF SEC,F
000C73	1D03	BTFSS STATUS, Z
000C74	2C7E	GOTO ENDIF5
000C75	21A8	CALL PCF85X3_READDATE
000C76	0826	MOVF DS_DOW,W
000C77	00A4	MOVWF DOW
000C78	0825	MOVF DS_DATE,W
000C79	00A1	MOVWF DATE
000C7A	0829	MOVF DS_MONTH,W
000C7B	00C1	MOVWF MONTH
000C7C	082E	MOVF DS_YEAR,W
000C7D	00E2	MOVWF YEAR
		ENDIF5
000C7E	01BB	CLRF LCDLINE
000C7F	01B9	CLRF LCDCOLUMN
000C80	214D	CALL LOCATE
000000	118A	PAGESEL PRINTTIME
000C82	243D	CALL PRINTTIME
000000	158A	PAGESEL $
000C84	3001	MOVLW 1
000C85	00BB	MOVWF LCDLINE
000C86	01B9	CLRF LCDCOLUMN
000C87	214D	CALL LOCATE
000000	118A	PAGESEL PRINTDATE
000C89	2338	CALL PRINTDATE
000000	158A	PAGESEL $
000C8B	0846	MOVF SEC,W
000C8C	00C3	MOVWF OLDSEC
		ENDIF4
000C8D	0008	RETURN


