GCASM List File (GCBASIC 0.98.03 2018-10-20 (Windows 32 bit))

Symbols:
A 	EQU 	0
ACCESS 	EQU 	0
ADDEN 	EQU 	3
ADEN 	EQU 	3
B 	EQU 	1
BANKED 	EQU 	1
BASPROGRAMEND 	EQU 	69
BASPROGRAMSTART 	EQU 	5
BCDTODEC 	EQU 	32
BRGH 	EQU 	2
C 	EQU 	0
C1INV 	EQU 	4
C1OUT 	EQU 	6
C2INV 	EQU 	5
C2OUT 	EQU 	7
CCP1CON 	EQU 	23
CCP1IE 	EQU 	2
CCP1IF 	EQU 	2
CCP1M0 	EQU 	0
CCP1M1 	EQU 	1
CCP1M2 	EQU 	2
CCP1M3 	EQU 	3
CCP1X 	EQU 	5
CCP1Y 	EQU 	4
CCPR1 	EQU 	21
CCPR1H 	EQU 	22
CCPR1L 	EQU 	21
CIS 	EQU 	3
CLS 	EQU 	93
CM0 	EQU 	0
CM1 	EQU 	1
CM2 	EQU 	2
CMCON 	EQU 	31
CMIE 	EQU 	6
CMIF 	EQU 	6
CREN 	EQU 	4
CSRC 	EQU 	7
D10US_START 	EQU 	107
DATE 	EQU 	33
DC 	EQU 	1
DELAYTEMP 	EQU 	112
DELAYTEMP2 	EQU 	113
DELAYUS0 	EQU 	109
DELAY_10US 	EQU 	107
DELAY_MS 	EQU 	114
DELAY_S 	EQU 	128
DIV8NOTNEG 	EQU 	624
DMS_INNER 	EQU 	119
DMS_OUTER 	EQU 	117
DMS_START 	EQU 	115
DOW 	EQU 	34
DS_DATE 	EQU 	35
DS_DOW 	EQU 	36
DS_MONTH 	EQU 	37
DS_START 	EQU 	128
DS_YEAR 	EQU 	38
EEADR 	EQU 	155
EECON1 	EQU 	156
EECON2 	EQU 	157
EEDATA 	EQU 	154
EEIE 	EQU 	7
EEIF 	EQU 	7
ELSE19_1 	EQU 	218
ELSE20_1 	EQU 	259
ELSE22_1 	EQU 	182
ENDIF1 	EQU 	507
ENDIF10 	EQU 	394
ENDIF11 	EQU 	401
ENDIF12 	EQU 	407
ENDIF13 	EQU 	414
ENDIF14 	EQU 	421
ENDIF15 	EQU 	428
ENDIF16 	EQU 	435
ENDIF17 	EQU 	442
ENDIF18 	EQU 	449
ENDIF19 	EQU 	224
ENDIF2 	EQU 	586
ENDIF20 	EQU 	263
ENDIF21 	EQU 	162
ENDIF22 	EQU 	185
ENDIF3 	EQU 	592
ENDIF4 	EQU 	606
ENDIF5 	EQU 	497
ENDIF6 	EQU 	497
ENDIF7 	EQU 	458
ENDIF8 	EQU 	465
ENDIF9 	EQU 	477
F 	EQU 	1
FERR 	EQU 	2
FN_BCDTODEC 	EQU 	71
FSR 	EQU 	4
GIE 	EQU 	7
I2CACK 	EQU 	39
I2CACKPOLLSTATE 	EQU 	40
I2CBYTE 	EQU 	41
I2CMATCH 	EQU 	42
I2CRECEIVE 	EQU 	136
I2CRESTART 	EQU 	202
I2CSEND 	EQU 	203
I2CSTART 	EQU 	278
I2CSTATE 	EQU 	43
I2CSTOP 	EQU 	295
INDF 	EQU 	0
INITI2C 	EQU 	317
INITLCD 	EQU 	325
INITSYS 	EQU 	377
INTCON 	EQU 	11
INTE 	EQU 	4
INTEDG 	EQU 	6
INTF 	EQU 	1
IRP 	EQU 	7
LCD3_CMD 	EQU 	382
LCD3_RSSTATE 	EQU 	44
LCDBACKLIGHT 	EQU 	386
LCDBYTE 	EQU 	45
LCDCOLUMN 	EQU 	46
LCDCRSR 	EQU 	47
LCDCURSOR 	EQU 	387
LCDLINE 	EQU 	48
LCDNORMALWRITEBYTE 	EQU 	455
LCDTEMP 	EQU 	49
LCDVALUE 	EQU 	50
LCD_STATE 	EQU 	51
LOCATE 	EQU 	498
MONTH 	EQU 	52
MUL8LOOP 	EQU 	628
NOT_BO 	EQU 	0
NOT_BOD 	EQU 	0
NOT_BOR 	EQU 	0
NOT_PD 	EQU 	3
NOT_POR 	EQU 	1
NOT_RBPU 	EQU 	7
NOT_T1SYNC 	EQU 	2
NOT_TO 	EQU 	4
OERR 	EQU 	1
OLDSEC 	EQU 	53
OPTION_REG 	EQU 	129
OSCF 	EQU 	3
PCF8563_READDATE 	EQU 	522
PCL 	EQU 	2
PCLATH 	EQU 	10
PCON 	EQU 	142
PEIE 	EQU 	6
PIE1 	EQU 	140
PIR1 	EQU 	12
PORTA 	EQU 	5
PORTB 	EQU 	6
PR2 	EQU 	146
PRINT127 	EQU 	576
PRINTLEN 	EQU 	54
PS0 	EQU 	0
PS1 	EQU 	1
PS2 	EQU 	2
PSA 	EQU 	3
RA0 	EQU 	0
RA1 	EQU 	1
RA2 	EQU 	2
RA3 	EQU 	3
RA4 	EQU 	4
RA5 	EQU 	5
RA6 	EQU 	6
RA7 	EQU 	7
RB0 	EQU 	0
RB1 	EQU 	1
RB2 	EQU 	2
RB3 	EQU 	3
RB4 	EQU 	4
RB5 	EQU 	5
RB6 	EQU 	6
RB7 	EQU 	7
RBIE 	EQU 	3
RBIF 	EQU 	0
RCIE 	EQU 	5
RCIF 	EQU 	5
RCREG 	EQU 	26
RCSTA 	EQU 	24
RD 	EQU 	0
RP0 	EQU 	5
RP1 	EQU 	6
RX9 	EQU 	6
RX9D 	EQU 	0
SPBRG 	EQU 	153
SPEN 	EQU 	7
SREN 	EQU 	5
STATUS 	EQU 	3
STRINGPOINTER 	EQU 	55
STRINGTABLE2 	EQU 	674
STRINGTABLE3 	EQU 	682
SYNC 	EQU 	4
SYSBYTETEMPA 	EQU 	117
SYSBYTETEMPB 	EQU 	121
SYSBYTETEMPX 	EQU 	112
SYSCALCTEMPA 	EQU 	117
SYSDIV8START 	EQU 	613
SYSDIVLOOP 	EQU 	116
SYSDIVSUB 	EQU 	607
SYSDOLOOP_E1 	EQU 	68
SYSDOLOOP_S1 	EQU 	67
SYSFORLOOP1 	EQU 	592
SYSFORLOOPEND1 	EQU 	606
SYSMULTSUB 	EQU 	627
SYSPRINTDATAHANDLER 	EQU 	56
SYSPRINTDATAHANDLER_H 	EQU 	57
SYSPRINTTEMP 	EQU 	58
SYSREADSTRING 	EQU 	639
SYSREADSTRINGPART 	EQU 	649
SYSREPEATLOOP1 	EQU 	462
SYSREPEATLOOP2 	EQU 	212
SYSREPEATLOOP3 	EQU 	150
SYSREPEATLOOPEND1 	EQU 	470
SYSREPEATLOOPEND2 	EQU 	244
SYSREPEATLOOPEND3 	EQU 	172
SYSREPEATTEMP1 	EQU 	59
SYSREPEATTEMP2 	EQU 	60
SYSREPEATTEMP3 	EQU 	61
SYSSTRINGA 	EQU 	119
SYSSTRINGA_H 	EQU 	120
SYSSTRINGB 	EQU 	114
SYSSTRINGB_H 	EQU 	115
SYSSTRINGLENGTH 	EQU 	118
SYSSTRINGPARAM1 	EQU 	318
SYSSTRINGREAD 	EQU 	661
SYSSTRINGREADCHECK 	EQU 	658
SYSSTRINGTABLES 	EQU 	667
SYSTEMP1 	EQU 	62
SYSTEMP2 	EQU 	63
SYSWAITLOOP1 	EQU 	230
SYSWAITLOOP2 	EQU 	250
SYSWAITLOOP3 	EQU 	154
SYSWAITLOOP4 	EQU 	189
SYSWAITTEMP10US 	EQU 	117
SYSWAITTEMPMS 	EQU 	114
SYSWAITTEMPMS_H 	EQU 	115
SYSWAITTEMPS 	EQU 	116
SYSWAITTEMPUS 	EQU 	117
SYSWAITTEMPUS_H 	EQU 	118
T0CS 	EQU 	5
T0IE 	EQU 	5
T0IF 	EQU 	2
T0SE 	EQU 	4
T1CKPS0 	EQU 	4
T1CKPS1 	EQU 	5
T1CON 	EQU 	16
T1OSCEN 	EQU 	3
T2CKPS0 	EQU 	0
T2CKPS1 	EQU 	1
T2CON 	EQU 	18
TMR0 	EQU 	1
TMR0IE 	EQU 	5
TMR0IF 	EQU 	2
TMR1 	EQU 	14
TMR1CS 	EQU 	1
TMR1H 	EQU 	15
TMR1IE 	EQU 	0
TMR1IF 	EQU 	0
TMR1L 	EQU 	14
TMR1ON 	EQU 	0
TMR2 	EQU 	17
TMR2IE 	EQU 	1
TMR2IF 	EQU 	1
TMR2ON 	EQU 	2
TOUTPS0 	EQU 	3
TOUTPS1 	EQU 	4
TOUTPS2 	EQU 	5
TOUTPS3 	EQU 	6
TRISA 	EQU 	133
TRISA0 	EQU 	0
TRISA1 	EQU 	1
TRISA2 	EQU 	2
TRISA3 	EQU 	3
TRISA4 	EQU 	4
TRISA5 	EQU 	5
TRISA6 	EQU 	6
TRISA7 	EQU 	7
TRISB 	EQU 	134
TRISB0 	EQU 	0
TRISB1 	EQU 	1
TRISB2 	EQU 	2
TRISB3 	EQU 	3
TRISB4 	EQU 	4
TRISB5 	EQU 	5
TRISB6 	EQU 	6
TRISB7 	EQU 	7
TRMT 	EQU 	1
TX9 	EQU 	6
TX9D 	EQU 	0
TXEN 	EQU 	5
TXIE 	EQU 	4
TXIF 	EQU 	4
TXREG 	EQU 	25
TXSTA 	EQU 	152
VA 	EQU 	64
VR0 	EQU 	0
VR1 	EQU 	1
VR2 	EQU 	2
VR3 	EQU 	3
VRCON 	EQU 	159
VREN 	EQU 	7
VROE 	EQU 	6
VRR 	EQU 	5
W 	EQU 	0
WR 	EQU 	1
WREN 	EQU 	2
WRERR 	EQU 	3
YEAR 	EQU 	65
Z 	EQU 	2

Code:
Loc	Obj Code	Original Assembly






















































000000	2805	GOTO BASPROGRAMSTART

000004	0009	RETFIE



		BASPROGRAMSTART
000005	2179	CALL INITSYS
000006	213D	CALL INITI2C
000007	2145	CALL INITLCD

000000	1683	BANKSEL TRISB
000000	1683 1303	BANKSEL TRISB
00000A	1406	BSF TRISB,0
00000B	1486	BSF TRISB,1
00000C	30FF	MOVLW 255
000000	1283	BANKSEL OLDSEC
000000	1283 1303	BANKSEL OLDSEC
00000F	00B5	MOVWF OLDSEC
000010	300D	MOVLW 13
000011	00AF	MOVWF LCDCRSR
000012	2183	CALL LCDCURSOR
000013	01B0	CLRF LCDLINE
000014	01AE	CLRF LCDCOLUMN
000015	21F2	CALL LOCATE
000016	303E	MOVLW LOW SYSSTRINGPARAM1
000017	00F2	MOVWF SYSSTRINGB
000018	3001	MOVLW HIGH SYSSTRINGPARAM1
000019	00F3	MOVWF SYSSTRINGB_H
00001A	30A2	MOVLW LOW STRINGTABLE2
00001B	00F7	MOVWF SYSSTRINGA
00001C	3002	MOVLW HIGH STRINGTABLE2
00001D	00F8	MOVWF SYSSTRINGA_H
00001E	227F	CALL SYSREADSTRING
00001F	303E	MOVLW LOW SYSSTRINGPARAM1
000020	00B8	MOVWF SYSPRINTDATAHANDLER
000021	3001	MOVLW HIGH SYSSTRINGPARAM1
000022	00B9	MOVWF SYSPRINTDATAHANDLER_H
000023	2240	CALL PRINT127
000024	3001	MOVLW 1
000025	00B0	MOVWF LCDLINE
000026	01AE	CLRF LCDCOLUMN
000027	21F2	CALL LOCATE
000028	303E	MOVLW LOW SYSSTRINGPARAM1
000029	00F2	MOVWF SYSSTRINGB
00002A	3001	MOVLW HIGH SYSSTRINGPARAM1
00002B	00F3	MOVWF SYSSTRINGB_H
00002C	30AA	MOVLW LOW STRINGTABLE3
00002D	00F7	MOVWF SYSSTRINGA
00002E	3002	MOVLW HIGH STRINGTABLE3
00002F	00F8	MOVWF SYSSTRINGA_H
000030	227F	CALL SYSREADSTRING
000031	303E	MOVLW LOW SYSSTRINGPARAM1
000032	00B8	MOVWF SYSPRINTDATAHANDLER
000033	3001	MOVLW HIGH SYSSTRINGPARAM1
000034	00B9	MOVWF SYSPRINTDATAHANDLER_H
000035	2240	CALL PRINT127
000036	3002	MOVLW 2
000037	00F4	MOVWF SYSWAITTEMPS
000038	2080	CALL DELAY_S
000039	205D	CALL CLS
00003A	220A	CALL PCF8563_READDATE
00003B	0824	MOVF DS_DOW,W
00003C	00A2	MOVWF DOW
00003D	0823	MOVF DS_DATE,W
00003E	00A1	MOVWF DATE
00003F	0825	MOVF DS_MONTH,W
000040	00B4	MOVWF MONTH
000041	0826	MOVF DS_YEAR,W
000042	00C1	MOVWF YEAR
		SYSDOLOOP_S1
000043	2843	GOTO SYSDOLOOP_S1
		SYSDOLOOP_E1
000044	2845	GOTO BASPROGRAMEND
		BASPROGRAMEND
000045	0063	SLEEP
000046	2845	GOTO BASPROGRAMEND


		FN_BCDTODEC
000047	0840	MOVF VA,W
000048	00F5	MOVWF SYSBYTETEMPA
000049	3010	MOVLW 16
00004A	00F9	MOVWF SYSBYTETEMPB
00004B	225F	CALL SYSDIVSUB
00004C	0875	MOVF SYSBYTETEMPA,W
00004D	00BE	MOVWF SYSTEMP1
00004E	00F5	MOVWF SYSBYTETEMPA
00004F	300A	MOVLW 10
000050	00F9	MOVWF SYSBYTETEMPB
000051	2273	CALL SYSMULTSUB
000052	0870	MOVF SYSBYTETEMPX,W
000053	00BF	MOVWF SYSTEMP2
000054	0840	MOVF VA,W
000055	00F5	MOVWF SYSBYTETEMPA
000056	3010	MOVLW 16
000057	00F9	MOVWF SYSBYTETEMPB
000058	225F	CALL SYSDIVSUB
000059	0870	MOVF SYSBYTETEMPX,W
00005A	073F	ADDWF SYSTEMP2,W
00005B	00A0	MOVWF BCDTODEC
00005C	0008	RETURN


		CLS
00005D	1186	BCF PORTB,3
00005E	3001	MOVLW 1
00005F	00AD	MOVWF LCDBYTE
000060	21C7	CALL LCDNORMALWRITEBYTE
000061	3004	MOVLW 4
000062	00F2	MOVWF SYSWAITTEMPMS
000063	01F3	CLRF SYSWAITTEMPMS_H
000064	2072	CALL DELAY_MS
000065	3080	MOVLW 128
000066	00AD	MOVWF LCDBYTE
000067	21C7	CALL LCDNORMALWRITEBYTE
000068	300C	MOVLW 12
000069	00F5	MOVWF SYSWAITTEMP10US
00006A	286B	GOTO DELAY_10US


		DELAY_10US
		D10US_START
00006B	3002	MOVLW 2
00006C	00F0	MOVWF DELAYTEMP
		DELAYUS0
00006D	0BF0	DECFSZ DELAYTEMP,F
00006E	286D	GOTO DELAYUS0
00006F	0BF5	DECFSZ SYSWAITTEMP10US, F
000070	286B	GOTO D10US_START
000071	0008	RETURN


		DELAY_MS
000072	0AF3	INCF SYSWAITTEMPMS_H, F
		DMS_START
000073	308E	MOVLW 142
000074	00F1	MOVWF DELAYTEMP2
		DMS_OUTER
000075	3001	MOVLW 1
000076	00F0	MOVWF DELAYTEMP
		DMS_INNER
000077	0BF0	DECFSZ DELAYTEMP, F
000078	2877	GOTO DMS_INNER
000079	0BF1	DECFSZ DELAYTEMP2, F
00007A	2875	GOTO DMS_OUTER
00007B	0BF2	DECFSZ SYSWAITTEMPMS, F
00007C	2873	GOTO DMS_START
00007D	0BF3	DECFSZ SYSWAITTEMPMS_H, F
00007E	2873	GOTO DMS_START
00007F	0008	RETURN


		DELAY_S
		DS_START
000080	30E8	MOVLW 232
000081	00F2	MOVWF SYSWAITTEMPMS
000082	3003	MOVLW 3
000083	00F3	MOVWF SYSWAITTEMPMS_H
000084	2072	CALL DELAY_MS
000085	0BF4	DECFSZ SYSWAITTEMPS, F
000086	2880	GOTO DS_START
000087	0008	RETURN


		I2CRECEIVE
000000	1683	BANKSEL TRISA
000000	1683 1303	BANKSEL TRISA
00008A	1185	BCF TRISA,3
000000	1283	BANKSEL PORTA
000000	1283 1303	BANKSEL PORTA
00008D	1185	BCF PORTA,3
000000	1683	BANKSEL TRISA
000000	1683 1303	BANKSEL TRISA
000090	1605	BSF TRISA,4
000000	1283	BANKSEL I2CBYTE
000000	1283 1303	BANKSEL I2CBYTE
000093	01A9	CLRF I2CBYTE
000094	3008	MOVLW 8
000095	00BD	MOVWF SYSREPEATTEMP3
		SYSREPEATLOOP3
000096	0000	NOP
000000	1683	BANKSEL TRISA
000000	1683 1303	BANKSEL TRISA
000099	1585	BSF TRISA,3
		SYSWAITLOOP3
000000	1283	BANKSEL PORTA
000000	1283 1303	BANKSEL PORTA
00009C	1D85	BTFSS PORTA,3
00009D	289A	GOTO SYSWAITLOOP3
00009E	0DA9	RLF I2CBYTE,F
00009F	1029	BCF I2CBYTE,0
0000A0	1A05	BTFSC PORTA,4
0000A1	1429	BSF I2CBYTE,0
		ENDIF21
0000A2	0000	NOP
000000	1683	BANKSEL TRISA
000000	1683 1303	BANKSEL TRISA
0000A5	1185	BCF TRISA,3
000000	1283	BANKSEL PORTA
000000	1283 1303	BANKSEL PORTA
0000A8	1185	BCF PORTA,3
0000A9	0000	NOP
0000AA	0BBD	DECFSZ SYSREPEATTEMP3,F
0000AB	2896	GOTO SYSREPEATLOOP3
		SYSREPEATLOOPEND3
0000AC	08A7	MOVF I2CACK,F
0000AD	1903	BTFSC STATUS,Z
0000AE	28B6	GOTO ELSE22_1
000000	1683	BANKSEL TRISA
000000	1683 1303	BANKSEL TRISA
0000B1	1205	BCF TRISA,4
000000	1283	BANKSEL PORTA
000000	1283 1303	BANKSEL PORTA
0000B4	1205	BCF PORTA,4
0000B5	28B9	GOTO ENDIF22
		ELSE22_1
000000	1683	BANKSEL TRISA
000000	1683 1303	BANKSEL TRISA
0000B8	1605	BSF TRISA,4
		ENDIF22
0000B9	0000	NOP
000000	1683	BANKSEL TRISA
000000	1683 1303	BANKSEL TRISA
0000BC	1585	BSF TRISA,3
		SYSWAITLOOP4
000000	1283	BANKSEL PORTA
000000	1283 1303	BANKSEL PORTA
0000BF	1D85	BTFSS PORTA,3
0000C0	28BD	GOTO SYSWAITLOOP4
0000C1	0000	NOP
000000	1683	BANKSEL TRISA
000000	1683 1303	BANKSEL TRISA
0000C4	1185	BCF TRISA,3
000000	1283	BANKSEL PORTA
000000	1283 1303	BANKSEL PORTA
0000C7	1185	BCF PORTA,3
0000C8	0000	NOP
0000C9	0008	RETURN


		I2CRESTART
0000CA	2916	GOTO I2CSTART


		I2CSEND
000000	1683	BANKSEL TRISA
000000	1683 1303	BANKSEL TRISA
0000CD	1185	BCF TRISA,3
000000	1283	BANKSEL PORTA
000000	1283 1303	BANKSEL PORTA
0000D0	1185	BCF PORTA,3
0000D1	0000	NOP
0000D2	3008	MOVLW 8
0000D3	00BC	MOVWF SYSREPEATTEMP2
		SYSREPEATLOOP2
0000D4	1FA9	BTFSS I2CBYTE,7
0000D5	28DA	GOTO ELSE19_1
000000	1683	BANKSEL TRISA
000000	1683 1303	BANKSEL TRISA
0000D8	1605	BSF TRISA,4
0000D9	28E0	GOTO ENDIF19
		ELSE19_1
000000	1683	BANKSEL TRISA
000000	1683 1303	BANKSEL TRISA
0000DC	1205	BCF TRISA,4
000000	1283	BANKSEL PORTA
000000	1283 1303	BANKSEL PORTA
0000DF	1205	BCF PORTA,4
		ENDIF19
000000	1283	BANKSEL I2CBYTE
000000	1283 1303	BANKSEL I2CBYTE
0000E2	0DA9	RLF I2CBYTE,F
000000	1683	BANKSEL TRISA
000000	1683 1303	BANKSEL TRISA
0000E5	1585	BSF TRISA,3
		SYSWAITLOOP1
000000	1283	BANKSEL PORTA
000000	1283 1303	BANKSEL PORTA
0000E8	1D85	BTFSS PORTA,3
0000E9	28E6	GOTO SYSWAITLOOP1
0000EA	0000	NOP
000000	1683	BANKSEL TRISA
000000	1683 1303	BANKSEL TRISA
0000ED	1185	BCF TRISA,3
000000	1283	BANKSEL PORTA
000000	1283 1303	BANKSEL PORTA
0000F0	1185	BCF PORTA,3
0000F1	0000	NOP
0000F2	0BBC	DECFSZ SYSREPEATTEMP2,F
0000F3	28D4	GOTO SYSREPEATLOOP2
		SYSREPEATLOOPEND2
0000F4	28F5	GOTO $+1
000000	1683	BANKSEL TRISA
000000	1683 1303	BANKSEL TRISA
0000F7	1605	BSF TRISA,4
0000F8	0000	NOP
0000F9	1585	BSF TRISA,3
		SYSWAITLOOP2
000000	1283	BANKSEL PORTA
000000	1283 1303	BANKSEL PORTA
0000FC	1D85	BTFSS PORTA,3
0000FD	28FA	GOTO SYSWAITLOOP2
0000FE	1E05	BTFSS PORTA,4
0000FF	2903	GOTO ELSE20_1
000100	01A7	CLRF I2CACK
000101	01A8	CLRF I2CACKPOLLSTATE
000102	2907	GOTO ENDIF20
		ELSE20_1
000103	30FF	MOVLW 255
000104	00A7	MOVWF I2CACK
000105	30FF	MOVLW 255
000106	00A8	MOVWF I2CACKPOLLSTATE
		ENDIF20
000000	1683	BANKSEL TRISA
000000	1683 1303	BANKSEL TRISA
000109	1185	BCF TRISA,3
000000	1283	BANKSEL PORTA
000000	1283 1303	BANKSEL PORTA
00010C	1185	BCF PORTA,3
00010D	0000	NOP
000000	1683	BANKSEL TRISA
000000	1683 1303	BANKSEL TRISA
000110	1205	BCF TRISA,4
000000	1283	BANKSEL PORTA
000000	1283 1303	BANKSEL PORTA
000113	1205	BCF PORTA,4
000114	2915	GOTO $+1
000115	0008	RETURN


		I2CSTART
000000	1683	BANKSEL TRISA
000000	1683 1303	BANKSEL TRISA
000118	1605	BSF TRISA,4
000119	1585	BSF TRISA,3
00011A	0000	NOP
00011B	1205	BCF TRISA,4
000000	1283	BANKSEL PORTA
000000	1283 1303	BANKSEL PORTA
00011E	1205	BCF PORTA,4
00011F	0000	NOP
000000	1683	BANKSEL TRISA
000000	1683 1303	BANKSEL TRISA
000122	1185	BCF TRISA,3
000000	1283	BANKSEL PORTA
000000	1283 1303	BANKSEL PORTA
000125	1185	BCF PORTA,3
000126	0008	RETURN


		I2CSTOP
000000	1683	BANKSEL TRISA
000000	1683 1303	BANKSEL TRISA
000129	1185	BCF TRISA,3
000000	1283	BANKSEL PORTA
000000	1283 1303	BANKSEL PORTA
00012C	1185	BCF PORTA,3
000000	1683	BANKSEL TRISA
000000	1683 1303	BANKSEL TRISA
00012F	1205	BCF TRISA,4
000000	1283	BANKSEL PORTA
000000	1283 1303	BANKSEL PORTA
000132	1205	BCF PORTA,4
000133	0000	NOP
000000	1683	BANKSEL TRISA
000000	1683 1303	BANKSEL TRISA
000136	1585	BSF TRISA,3
000137	0000	NOP
000138	1605	BSF TRISA,4
000139	0000	NOP
000000	1283	BANKSEL STATUS
000000	1283 1303	BANKSEL STATUS
00013C	0008	RETURN


		INITI2C
000000	1683	BANKSEL TRISA
000000	1683 1303	BANKSEL TRISA
00013F	1605	BSF TRISA,4
000140	1585	BSF TRISA,3
000000	1283	BANKSEL I2CMATCH
000000	1283 1303	BANKSEL I2CMATCH
000143	01AA	CLRF I2CMATCH
000144	0008	RETURN


		INITLCD
000145	01B1	CLRF LCDTEMP
000146	2182	CALL LCDBACKLIGHT
000000	1683	BANKSEL TRISA
000000	1683 1303	BANKSEL TRISA
000149	1005	BCF TRISA,0
00014A	1186	BCF TRISB,3
00014B	1206	BCF TRISB,4
000000	1283	BANKSEL PORTA
000000	1283 1303	BANKSEL PORTA
00014E	1005	BCF PORTA,0
00014F	1186	BCF PORTB,3
000150	1206	BCF PORTB,4
000151	3014	MOVLW 20
000152	00F2	MOVWF SYSWAITTEMPMS
000153	01F3	CLRF SYSWAITTEMPMS_H
000154	2072	CALL DELAY_MS
000155	1405	BSF PORTA,0
000156	3030	MOVLW 48
000157	00B2	MOVWF LCDVALUE
000158	217E	CALL LCD3_CMD
000159	3005	MOVLW 5
00015A	00F2	MOVWF SYSWAITTEMPMS
00015B	01F3	CLRF SYSWAITTEMPMS_H
00015C	2072	CALL DELAY_MS
00015D	3030	MOVLW 48
00015E	00B2	MOVWF LCDVALUE
00015F	217E	CALL LCD3_CMD
000160	3001	MOVLW 1
000161	00F2	MOVWF SYSWAITTEMPMS
000162	01F3	CLRF SYSWAITTEMPMS_H
000163	2072	CALL DELAY_MS
000164	3038	MOVLW 56
000165	00B2	MOVWF LCDVALUE
000166	217E	CALL LCD3_CMD
000167	3008	MOVLW 8
000168	00B2	MOVWF LCDVALUE
000169	217E	CALL LCD3_CMD
00016A	300F	MOVLW 15
00016B	00B2	MOVWF LCDVALUE
00016C	217E	CALL LCD3_CMD
00016D	3001	MOVLW 1
00016E	00B2	MOVWF LCDVALUE
00016F	217E	CALL LCD3_CMD
000170	3038	MOVLW 56
000171	00B2	MOVWF LCDVALUE
000172	217E	CALL LCD3_CMD
000173	3080	MOVLW 128
000174	00B2	MOVWF LCDVALUE
000175	217E	CALL LCD3_CMD
000176	300C	MOVLW 12
000177	00B3	MOVWF LCD_STATE
000178	0008	RETURN


		INITSYS
000179	3007	MOVLW 7
00017A	009F	MOVWF CMCON
00017B	0185	CLRF PORTA
00017C	0186	CLRF PORTB
00017D	0008	RETURN


		LCD3_CMD
00017E	1186	BCF PORTB,3
00017F	0832	MOVF LCDVALUE,W
000180	00AD	MOVWF LCDBYTE
000181	29C7	GOTO LCDNORMALWRITEBYTE


		LCDBACKLIGHT
000182	0008	RETURN


		LCDCURSOR
000183	1186	BCF PORTB,3
000184	032F	DECF LCDCRSR,W
000185	1D03	BTFSS STATUS, Z
000186	298A	GOTO ENDIF10
000187	300C	MOVLW 12
000188	0433	IORWF LCD_STATE,W
000189	00B1	MOVWF LCDTEMP
		ENDIF10
00018A	300C	MOVLW 12
00018B	022F	SUBWF LCDCRSR,W
00018C	1D03	BTFSS STATUS, Z
00018D	2991	GOTO ENDIF11
00018E	300C	MOVLW 12
00018F	0433	IORWF LCD_STATE,W
000190	00B1	MOVWF LCDTEMP
		ENDIF11
000191	08AF	MOVF LCDCRSR,F
000192	1D03	BTFSS STATUS, Z
000193	2997	GOTO ENDIF12
000194	300B	MOVLW 11
000195	0533	ANDWF LCD_STATE,W
000196	00B1	MOVWF LCDTEMP
		ENDIF12
000197	300B	MOVLW 11
000198	022F	SUBWF LCDCRSR,W
000199	1D03	BTFSS STATUS, Z
00019A	299E	GOTO ENDIF13
00019B	300B	MOVLW 11
00019C	0533	ANDWF LCD_STATE,W
00019D	00B1	MOVWF LCDTEMP
		ENDIF13
00019E	300A	MOVLW 10
00019F	022F	SUBWF LCDCRSR,W
0001A0	1D03	BTFSS STATUS, Z
0001A1	29A5	GOTO ENDIF14
0001A2	300A	MOVLW 10
0001A3	0433	IORWF LCD_STATE,W
0001A4	00B1	MOVWF LCDTEMP
		ENDIF14
0001A5	300D	MOVLW 13
0001A6	022F	SUBWF LCDCRSR,W
0001A7	1D03	BTFSS STATUS, Z
0001A8	29AC	GOTO ENDIF15
0001A9	300D	MOVLW 13
0001AA	0533	ANDWF LCD_STATE,W
0001AB	00B1	MOVWF LCDTEMP
		ENDIF15
0001AC	3009	MOVLW 9
0001AD	022F	SUBWF LCDCRSR,W
0001AE	1D03	BTFSS STATUS, Z
0001AF	29B3	GOTO ENDIF16
0001B0	3009	MOVLW 9
0001B1	0433	IORWF LCD_STATE,W
0001B2	00B1	MOVWF LCDTEMP
		ENDIF16
0001B3	3009	MOVLW 9
0001B4	022F	SUBWF LCDCRSR,W
0001B5	1D03	BTFSS STATUS, Z
0001B6	29BA	GOTO ENDIF17
0001B7	3009	MOVLW 9
0001B8	0433	IORWF LCD_STATE,W
0001B9	00B1	MOVWF LCDTEMP
		ENDIF17
0001BA	300E	MOVLW 14
0001BB	022F	SUBWF LCDCRSR,W
0001BC	1D03	BTFSS STATUS, Z
0001BD	29C1	GOTO ENDIF18
0001BE	300E	MOVLW 14
0001BF	0533	ANDWF LCD_STATE,W
0001C0	00B1	MOVWF LCDTEMP
		ENDIF18
0001C1	0831	MOVF LCDTEMP,W
0001C2	00AD	MOVWF LCDBYTE
0001C3	21C7	CALL LCDNORMALWRITEBYTE
0001C4	0831	MOVF LCDTEMP,W
0001C5	00B3	MOVWF LCD_STATE
0001C6	0008	RETURN


		LCDNORMALWRITEBYTE
0001C7	01AC	CLRF LCD3_RSSTATE
0001C8	1986	BTFSC PORTB,3
0001C9	0AAC	INCF LCD3_RSSTATE,F
		ENDIF7
0001CA	1405	BSF PORTA,0
0001CB	1206	BCF PORTB,4
0001CC	3008	MOVLW 8
0001CD	00BB	MOVWF SYSREPEATTEMP1
		SYSREPEATLOOP1
0001CE	1186	BCF PORTB,3
0001CF	1BAD	BTFSC LCDBYTE,7
0001D0	1586	BSF PORTB,3
		ENDIF8
0001D1	0DAD	RLF LCDBYTE,F
0001D2	1606	BSF PORTB,4
0001D3	1206	BCF PORTB,4
0001D4	0BBB	DECFSZ SYSREPEATTEMP1,F
0001D5	29CE	GOTO SYSREPEATLOOP1
		SYSREPEATLOOPEND1
0001D6	3003	MOVLW 3
0001D7	00F2	MOVWF SYSWAITTEMPMS
0001D8	01F3	CLRF SYSWAITTEMPMS_H
0001D9	2072	CALL DELAY_MS
0001DA	1186	BCF PORTB,3
0001DB	182C	BTFSC LCD3_RSSTATE,0
0001DC	1586	BSF PORTB,3
		ENDIF9
0001DD	3003	MOVLW 3
0001DE	00F2	MOVWF SYSWAITTEMPMS
0001DF	01F3	CLRF SYSWAITTEMPMS_H
0001E0	2072	CALL DELAY_MS
0001E1	1005	BCF PORTA,0
0001E2	3003	MOVLW 3
0001E3	00F2	MOVWF SYSWAITTEMPMS
0001E4	01F3	CLRF SYSWAITTEMPMS_H
0001E5	2072	CALL DELAY_MS
0001E6	1405	BSF PORTA,0
0001E7	3010	MOVLW 16
0001E8	022D	SUBWF LCDBYTE,W
0001E9	1803	BTFSC STATUS, C
0001EA	29F1	GOTO ENDIF5
0001EB	082D	MOVF LCDBYTE,W
0001EC	3C07	SUBLW 7
0001ED	1803	BTFSC STATUS, C
0001EE	29F1	GOTO ENDIF6
0001EF	082D	MOVF LCDBYTE,W
0001F0	00B3	MOVWF LCD_STATE
		ENDIF6
		ENDIF5
0001F1	0008	RETURN


		LOCATE
0001F2	1186	BCF PORTB,3
0001F3	0830	MOVF LCDLINE,W
0001F4	3C01	SUBLW 1
0001F5	1803	BTFSC STATUS, C
0001F6	29FB	GOTO ENDIF1
0001F7	3002	MOVLW 2
0001F8	02B0	SUBWF LCDLINE,F
0001F9	3014	MOVLW 20
0001FA	07AE	ADDWF LCDCOLUMN,F
		ENDIF1
0001FB	0830	MOVF LCDLINE,W
0001FC	00F5	MOVWF SYSBYTETEMPA
0001FD	3040	MOVLW 64
0001FE	00F9	MOVWF SYSBYTETEMPB
0001FF	2273	CALL SYSMULTSUB
000200	082E	MOVF LCDCOLUMN,W
000201	0770	ADDWF SYSBYTETEMPX,W
000202	00BE	MOVWF SYSTEMP1
000203	3080	MOVLW 128
000204	043E	IORWF SYSTEMP1,W
000205	00AD	MOVWF LCDBYTE
000206	21C7	CALL LCDNORMALWRITEBYTE
000207	3005	MOVLW 5
000208	00F5	MOVWF SYSWAITTEMP10US
000209	286B	GOTO DELAY_10US


		PCF8563_READDATE
00020A	2116	CALL I2CSTART
00020B	30A2	MOVLW 162
00020C	00A9	MOVWF I2CBYTE
00020D	20CB	CALL I2CSEND
00020E	3005	MOVLW 5
00020F	00A9	MOVWF I2CBYTE
000210	20CB	CALL I2CSEND
000211	20CA	CALL I2CRESTART
000212	30A3	MOVLW 163
000213	00A9	MOVWF I2CBYTE
000214	20CB	CALL I2CSEND
000215	30FF	MOVLW 255
000216	00A7	MOVWF I2CACK
000217	2088	CALL I2CRECEIVE
000218	0829	MOVF I2CBYTE,W
000219	00A3	MOVWF DS_DATE
00021A	00C0	MOVWF VA
00021B	2047	CALL FN_BCDTODEC
00021C	0820	MOVF BCDTODEC,W
00021D	00A3	MOVWF DS_DATE
00021E	30FF	MOVLW 255
00021F	00A7	MOVWF I2CACK
000220	2088	CALL I2CRECEIVE
000221	0829	MOVF I2CBYTE,W
000222	00A4	MOVWF DS_DOW
000223	00C0	MOVWF VA
000224	2047	CALL FN_BCDTODEC
000225	0820	MOVF BCDTODEC,W
000226	00A4	MOVWF DS_DOW
000227	3007	MOVLW 7
000228	0524	ANDWF DS_DOW,W
000229	00BE	MOVWF SYSTEMP1
00022A	0A3E	INCF SYSTEMP1,W
00022B	00A4	MOVWF DS_DOW
00022C	30FF	MOVLW 255
00022D	00A7	MOVWF I2CACK
00022E	2088	CALL I2CRECEIVE
00022F	0829	MOVF I2CBYTE,W
000230	00A5	MOVWF DS_MONTH
000231	13A5	BCF DS_MONTH,7
000232	0825	MOVF DS_MONTH,W
000233	00C0	MOVWF VA
000234	2047	CALL FN_BCDTODEC
000235	0820	MOVF BCDTODEC,W
000236	00A5	MOVWF DS_MONTH
000237	01A7	CLRF I2CACK
000238	2088	CALL I2CRECEIVE
000239	0829	MOVF I2CBYTE,W
00023A	00A6	MOVWF DS_YEAR
00023B	00C0	MOVWF VA
00023C	2047	CALL FN_BCDTODEC
00023D	0820	MOVF BCDTODEC,W
00023E	00A6	MOVWF DS_YEAR
00023F	2927	GOTO I2CSTOP


		PRINT127
000240	0838	MOVF SYSPRINTDATAHANDLER,W
000241	0084	MOVWF FSR
000242	1383	BCF STATUS, IRP
000243	1839	BTFSC SYSPRINTDATAHANDLER_H,0
000244	1783	BSF STATUS, IRP
000245	0800	MOVF INDF,W
000246	00B6	MOVWF PRINTLEN
000247	08B6	MOVF PRINTLEN,F
000248	1903	BTFSC STATUS, Z
000249	0008	RETURN
		ENDIF2
00024A	1586	BSF PORTB,3
00024B	01BA	CLRF SYSPRINTTEMP
00024C	3001	MOVLW 1
00024D	0236	SUBWF PRINTLEN,W
00024E	1C03	BTFSS STATUS, C
00024F	2A5E	GOTO SYSFORLOOPEND1
		ENDIF3
		SYSFORLOOP1
000250	0ABA	INCF SYSPRINTTEMP,F
000251	083A	MOVF SYSPRINTTEMP,W
000252	0738	ADDWF SYSPRINTDATAHANDLER,W
000253	0084	MOVWF FSR
000254	1383	BCF STATUS, IRP
000255	1839	BTFSC SYSPRINTDATAHANDLER_H,0
000256	1783	BSF STATUS, IRP
000257	0800	MOVF INDF,W
000258	00AD	MOVWF LCDBYTE
000259	21C7	CALL LCDNORMALWRITEBYTE
00025A	0836	MOVF PRINTLEN,W
00025B	023A	SUBWF SYSPRINTTEMP,W
00025C	1C03	BTFSS STATUS, C
00025D	2A50	GOTO SYSFORLOOP1
		ENDIF4
		SYSFORLOOPEND1
00025E	0008	RETURN


		SYSDIVSUB
00025F	08F9	MOVF SYSBYTETEMPB, F
000260	1903	BTFSC STATUS, Z
000261	0008	RETURN
000262	01F0	CLRF SYSBYTETEMPX
000263	3008	MOVLW 8
000264	00F4	MOVWF SYSDIVLOOP
		SYSDIV8START
000265	1003	BCF STATUS, C
000266	0DF5	RLF SYSBYTETEMPA, F
000267	0DF0	RLF SYSBYTETEMPX, F
000268	0879	MOVF SYSBYTETEMPB, W
000269	02F0	SUBWF SYSBYTETEMPX, F
00026A	1475	BSF SYSBYTETEMPA, 0
00026B	1803	BTFSC STATUS, C
00026C	2A70	GOTO DIV8NOTNEG
00026D	1075	BCF SYSBYTETEMPA, 0
00026E	0879	MOVF SYSBYTETEMPB, W
00026F	07F0	ADDWF SYSBYTETEMPX, F
		DIV8NOTNEG
000270	0BF4	DECFSZ SYSDIVLOOP, F
000271	2A65	GOTO SYSDIV8START
000272	0008	RETURN


		SYSMULTSUB
000273	01F0	CLRF SYSBYTETEMPX
		MUL8LOOP
000274	0875	MOVF SYSBYTETEMPA, W
000275	1879	BTFSC SYSBYTETEMPB, 0
000276	07F0	ADDWF SYSBYTETEMPX, F
000277	1003	BCF STATUS, C
000278	0CF9	RRF SYSBYTETEMPB, F
000279	1003	BCF STATUS, C
00027A	0DF5	RLF SYSBYTETEMPA, F
00027B	08F9	MOVF SYSBYTETEMPB, F
00027C	1D03	BTFSS STATUS, Z
00027D	2A74	GOTO MUL8LOOP
00027E	0008	RETURN


		SYSREADSTRING
00027F	0872	MOVF SYSSTRINGB, W
000280	0084	MOVWF FSR
000281	1383	BCF STATUS, IRP
000282	1873	BTFSC SYSSTRINGB_H, 0
000283	1783	BSF STATUS, IRP
000284	229B	CALL SYSSTRINGTABLES
000285	00F5	MOVWF SYSCALCTEMPA
000286	0080	MOVWF INDF
000287	07F2	ADDWF SYSSTRINGB, F
000288	2A92	GOTO SYSSTRINGREADCHECK
		SYSREADSTRINGPART
000289	0872	MOVF SYSSTRINGB, W
00028A	0084	MOVWF FSR
00028B	1383	BCF STATUS, IRP
00028C	1873	BTFSC SYSSTRINGB_H, 0
00028D	1783	BSF STATUS, IRP
00028E	229B	CALL SYSSTRINGTABLES
00028F	00F5	MOVWF SYSCALCTEMPA
000290	07F6	ADDWF SYSSTRINGLENGTH,F
000291	07F2	ADDWF SYSSTRINGB,F
		SYSSTRINGREADCHECK
000292	08F5	MOVF SYSCALCTEMPA,F
000293	1903	BTFSC STATUS,Z
000294	0008	RETURN
		SYSSTRINGREAD
000295	229B	CALL SYSSTRINGTABLES
000296	0A84	INCF FSR, F
000297	0080	MOVWF INDF
000298	0BF5	DECFSZ SYSCALCTEMPA, F
000299	2A95	GOTO SYSSTRINGREAD
00029A	0008	RETURN


		SYSSTRINGTABLES
00029B	0878	MOVF SYSSTRINGA_H,W
00029C	008A	MOVWF PCLATH
00029D	0877	MOVF SYSSTRINGA,W
00029E	0AF7	INCF SYSSTRINGA,F
00029F	1903	BTFSC STATUS,Z
0002A0	0AF8	INCF SYSSTRINGA_H,F
0002A1	0082	MOVWF PCL

		STRINGTABLE2
0002A2	3407	RETLW 7
0002A3	3450	RETLW 80
0002A4	3443	RETLW 67
0002A5	3446	RETLW 70
0002A6	3438	RETLW 56
0002A7	3435	RETLW 53
0002A8	3436	RETLW 54
0002A9	3433	RETLW 51


		STRINGTABLE3
0002AA	340F	RETLW 15
0002AB	3447	RETLW 71
0002AC	3472	RETLW 114
0002AD	3465	RETLW 101
0002AE	3461	RETLW 97
0002AF	3474	RETLW 116
0002B0	3420	RETLW 32
0002B1	3443	RETLW 67
0002B2	346F	RETLW 111
0002B3	3477	RETLW 119
0002B4	3420	RETLW 32
0002B5	3442	RETLW 66
0002B6	3461	RETLW 97
0002B7	3473	RETLW 115
0002B8	3469	RETLW 105
0002B9	3463	RETLW 99



