GCASM List File (GCBASIC 0.98.<<>> 2019-02-14 (Windows 32 bit))

Symbols:
-X 	EQU 	30
-Y 	EQU 	26
-Z 	EQU 	18
ACBG 	EQU 	6
ACD 	EQU 	7
ACI 	EQU 	4
ACIC 	EQU 	2
ACIE 	EQU 	3
ACIS0 	EQU 	0
ACIS1 	EQU 	1
ACME 	EQU 	6
ACO 	EQU 	5
ACSR 	EQU 	48
ADATE 	EQU 	5
ADC0D 	EQU 	0
ADC1D 	EQU 	1
ADC2D 	EQU 	2
ADC3D 	EQU 	3
ADC4D 	EQU 	4
ADC5D 	EQU 	5
ADCH 	EQU 	121
ADCH0 	EQU 	0
ADCH1 	EQU 	1
ADCH2 	EQU 	2
ADCH3 	EQU 	3
ADCH4 	EQU 	4
ADCH5 	EQU 	5
ADCH6 	EQU 	6
ADCH7 	EQU 	7
ADCL 	EQU 	120
ADCL0 	EQU 	0
ADCL1 	EQU 	1
ADCL2 	EQU 	2
ADCL3 	EQU 	3
ADCL4 	EQU 	4
ADCL5 	EQU 	5
ADCL6 	EQU 	6
ADCL7 	EQU 	7
ADCSRA 	EQU 	122
ADCSRB 	EQU 	123
ADEN 	EQU 	7
ADIE 	EQU 	3
ADIF 	EQU 	4
ADLAR 	EQU 	5
ADMUX 	EQU 	124
ADPS0 	EQU 	0
ADPS1 	EQU 	1
ADPS2 	EQU 	2
ADSC 	EQU 	6
ADTS0 	EQU 	0
ADTS1 	EQU 	1
ADTS2 	EQU 	2
AIN0D 	EQU 	0
AIN1D 	EQU 	1
AS2 	EQU 	5
ASSR 	EQU 	182
BASPROGRAMEND 	EQU 	165
BASPROGRAMSTART 	EQU 	52
BLBSET 	EQU 	3
BODS 	EQU 	6
BODSE 	EQU 	5
BORF 	EQU 	2
C 	EQU 	0
CAL0 	EQU 	0
CAL1 	EQU 	1
CAL2 	EQU 	2
CAL3 	EQU 	3
CAL4 	EQU 	4
CAL5 	EQU 	5
CAL6 	EQU 	6
CAL7 	EQU 	7
CHARCODE 	EQU 	360
CHARLOCX 	EQU 	361
CHARLOCX_H 	EQU 	362
CHARLOCY 	EQU 	363
CHARLOCY_H 	EQU 	364
CLKPCE 	EQU 	7
CLKPR 	EQU 	97
CLKPS0 	EQU 	0
CLKPS1 	EQU 	1
CLKPS2 	EQU 	2
CLKPS3 	EQU 	3
COM0A0 	EQU 	6
COM0A1 	EQU 	7
COM0B0 	EQU 	4
COM0B1 	EQU 	5
COM1A0 	EQU 	6
COM1A1 	EQU 	7
COM1B0 	EQU 	4
COM1B1 	EQU 	5
COM2A0 	EQU 	6
COM2A1 	EQU 	7
COM2B0 	EQU 	4
COM2B1 	EQU 	5
COMPORT 	EQU 	365
CPHA 	EQU 	2
CPOL 	EQU 	3
CS00 	EQU 	0
CS01 	EQU 	1
CS02 	EQU 	2
CS10 	EQU 	0
CS11 	EQU 	1
CS12 	EQU 	2
CS20 	EQU 	0
CS21 	EQU 	1
CS22 	EQU 	2
CURRCHARCOL 	EQU 	366
CURRCHARROW 	EQU 	367
CURRCHARVAL 	EQU 	368
CURRPIXELY 	EQU 	369
DDB0 	EQU 	0
DDB1 	EQU 	1
DDB2 	EQU 	2
DDB3 	EQU 	3
DDB4 	EQU 	4
DDB5 	EQU 	5
DDB6 	EQU 	6
DDB7 	EQU 	7
DDC0 	EQU 	0
DDC1 	EQU 	1
DDC2 	EQU 	2
DDC3 	EQU 	3
DDC4 	EQU 	4
DDC5 	EQU 	5
DDC6 	EQU 	6
DDD0 	EQU 	0
DDD1 	EQU 	1
DDD2 	EQU 	2
DDD3 	EQU 	3
DDD4 	EQU 	4
DDD5 	EQU 	5
DDD6 	EQU 	6
DDD7 	EQU 	7
DDRB 	EQU 	4
DDRC 	EQU 	7
DDRD 	EQU 	10
DELAYTEMP 	EQU 	r25
DELAYTEMP2 	EQU 	r26
DELAY_MS 	EQU 	167
DIDR0 	EQU 	126
DIDR1 	EQU 	127
DIV8CONT 	EQU 	1679
DIV8NOTNEG 	EQU 	1689
DMS_INNER 	EQU 	170
DMS_OUTER 	EQU 	169
DMS_START 	EQU 	168
DOR0 	EQU 	3
DORD 	EQU 	5
EEAR0 	EQU 	0
EEAR1 	EQU 	1
EEAR2 	EQU 	2
EEAR3 	EQU 	3
EEAR4 	EQU 	4
EEAR5 	EQU 	5
EEAR6 	EQU 	6
EEAR7 	EQU 	7
EEAR8 	EQU 	0
EEAR9 	EQU 	1
EEARH 	EQU 	34
EEARL 	EQU 	33
EECR 	EQU 	31
EEDR 	EQU 	32
EEDR0 	EQU 	0
EEDR1 	EQU 	1
EEDR2 	EQU 	2
EEDR3 	EQU 	3
EEDR4 	EQU 	4
EEDR5 	EQU 	5
EEDR6 	EQU 	6
EEDR7 	EQU 	7
EEMPE 	EQU 	2
EEPE 	EQU 	1
EEPM0 	EQU 	4
EEPM1 	EQU 	5
EERE 	EQU 	0
EERIE 	EQU 	3
EICRA 	EQU 	105
EIFR 	EQU 	28
EIMSK 	EQU 	29
ELEMENT 	EQU 	370
ELEMENTBIT 	EQU 	371
ELSE18_1 	EQU 	965
ELSE1_1 	EQU 	146
ENDIF1 	EQU 	164
ENDIF10 	EQU 	1531
ENDIF11 	EQU 	1537
ENDIF13 	EQU 	718
ENDIF14 	EQU 	1048
ENDIF15 	EQU 	1064
ENDIF16 	EQU 	1128
ENDIF17 	EQU 	851
ENDIF18 	EQU 	1009
ENDIF19 	EQU 	1019
ENDIF20 	EQU 	1024
ENDIF21 	EQU 	1574
ENDIF22 	EQU 	1584
ENDIF23 	EQU 	562
ENDIF24 	EQU 	604
ENDIF25 	EQU 	1220
ENDIF26 	EQU 	1235
ENDIF27 	EQU 	1710
ENDIF28 	EQU 	1732
ENDIF29 	EQU 	625
ENDIF3 	EQU 	815
ENDIF30 	EQU 	625
ENDIF4 	EQU 	821
ENDIF5 	EQU 	1354
ENDIF6 	EQU 	1415
ENDIF7 	EQU 	1434
ENDIF8 	EQU 	672
EXCLK 	EQU 	6
EXTREF 	EQU 	1
EXTRF 	EQU 	1
FASTHWSPITRANSFER 	EQU 	179
FE0 	EQU 	4
FNLSL 	EQU 	372
FNLSL_E 	EQU 	375
FNLSL_H 	EQU 	373
FNLSL_U 	EQU 	374
FN_FNLSL430 	EQU 	189
FN_LEN 	EQU 	656
FOC0A 	EQU 	7
FOC0B 	EQU 	6
FOC1A 	EQU 	7
FOC1B 	EQU 	6
FOC2A 	EQU 	7
FOC2B 	EQU 	6
GLCDBACKGROUND 	EQU 	376
GLCDBACKGROUND_H 	EQU 	377
GLCDCHARCOL3 	EQU 	209
GLCDCHARCOL4 	EQU 	277
GLCDCHARCOL5 	EQU 	345
GLCDCHARCOL6 	EQU 	413
GLCDCHARCOL7 	EQU 	481
GLCDFONTWIDTH 	EQU 	378
GLCDFOREGROUND 	EQU 	379
GLCDFOREGROUND_H 	EQU 	380
GLCDPRINTLOC 	EQU 	381
GLCDPRINTLOC_H 	EQU 	382
GLCD_YORDINATE 	EQU 	383
GLCD_YORDINATE_H 	EQU 	384
GPIOR0 	EQU 	30
GPIOR00 	EQU 	0
GPIOR01 	EQU 	1
GPIOR02 	EQU 	2
GPIOR03 	EQU 	3
GPIOR04 	EQU 	4
GPIOR05 	EQU 	5
GPIOR06 	EQU 	6
GPIOR07 	EQU 	7
GPIOR1 	EQU 	42
GPIOR10 	EQU 	0
GPIOR11 	EQU 	1
GPIOR12 	EQU 	2
GPIOR13 	EQU 	3
GPIOR14 	EQU 	4
GPIOR15 	EQU 	5
GPIOR16 	EQU 	6
GPIOR17 	EQU 	7
GPIOR2 	EQU 	43
GPIOR20 	EQU 	0
GPIOR21 	EQU 	1
GPIOR22 	EQU 	2
GPIOR23 	EQU 	3
GPIOR24 	EQU 	4
GPIOR25 	EQU 	5
GPIOR26 	EQU 	6
GPIOR27 	EQU 	7
GTCCR 	EQU 	35
H 	EQU 	5
HSERGETSTRING 	EQU 	549
HSERINBYTE 	EQU 	385
HSERINDEX 	EQU 	386
HSERRECEIVE 	EQU 	387
HSERRECEIVE595 	EQU 	606
I 	EQU 	7
ICES1 	EQU 	6
ICF1 	EQU 	5
ICIE1 	EQU 	5
ICNC1 	EQU 	7
ICR1H 	EQU 	135
ICR1L 	EQU 	134
INITSYS 	EQU 	626
INITUSART 	EQU 	633
INT0 	EQU 	0
INT1 	EQU 	1
INTF0 	EQU 	0
INTF1 	EQU 	1
ISC00 	EQU 	0
ISC01 	EQU 	1
ISC10 	EQU 	2
ISC11 	EQU 	3
IVCE 	EQU 	0
IVSEL 	EQU 	1
LEN 	EQU 	388
LINECOLOUR 	EQU 	389
LINECOLOUR_H 	EQU 	390
MAX7219_BRIGHTNESS_VALUE 	EQU 	391
MAX7219_CURRENTMATRIX 	EQU 	392
MAX7219_CURRPIXELX 	EQU 	393
MAX7219_DEVICEADDRESS 	EQU 	394
MAX7219_IMAGE_BUFFER 	EQU 	256
MAX7219_LEDMATRIX_BRIGHTNESS 	EQU 	664
MAX7219_LEDMATRIX_CLEARBUFFER 	EQU 	695
MAX7219_LEDMATRIX_GLCDCLS 	EQU 	719
MAX7219_LEDMATRIX_GLCDDRAWCHAR 	EQU 	822
MAX7219_LEDMATRIX_GLCDPRINT16 	EQU 	1036
MAX7219_LEDMATRIX_INIT 	EQU 	1129
MAX7219_LEDMATRIX_PSET_0 	EQU 	1211
MAX7219_LEDMATRIX_SCROLLMESSAGE 	EQU 	1312
MAX7219_LEDMATRIX_SENDBUFFER 	EQU 	1435
MAX7219_LOCX 	EQU 	395
MAX7219_LOCX_H 	EQU 	396
MAX7219_LOCY 	EQU 	397
MAX7219_LOCY_H 	EQU 	398
MAX7219_MESSAGETIME 	EQU 	399
MAX7219_MESSAGETIME_H 	EQU 	400
MAX7219_PIXELCOUNTER 	EQU 	401
MAX7219_ROWADDRESS 	EQU 	402
MAX7219_SCROLLLEN 	EQU 	403
MAX7219_SCROLLLEN_H 	EQU 	404
MAX7219_SCROLLPOSITION 	EQU 	405
MAX7219_SCROLLPOSITION_H 	EQU 	406
MAX7219_SENDBYTE 	EQU 	1538
MAX7219_SENDBYTESTREAM 	EQU 	1551
MAX7219_XSCROLLPOSITION 	EQU 	407
MAX7219_XSCROLLPOSITION_H 	EQU 	408
MCUCR 	EQU 	53
MCUSR 	EQU 	52
MPCM0 	EQU 	0
MSTR 	EQU 	4
MUX0 	EQU 	0
MUX1 	EQU 	1
MUX2 	EQU 	2
MUX3 	EQU 	3
MYSTRING 	EQU 	321
N 	EQU 	2
NUMBITS 	EQU 	409
OCF0A 	EQU 	1
OCF0B 	EQU 	2
OCF1A 	EQU 	1
OCF1B 	EQU 	2
OCF2A 	EQU 	1
OCF2B 	EQU 	2
OCIE0A 	EQU 	1
OCIE0B 	EQU 	2
OCIE1A 	EQU 	1
OCIE1B 	EQU 	2
OCIE2A 	EQU 	1
OCIE2B 	EQU 	2
OCR0A 	EQU 	39
OCR0A_0 	EQU 	0
OCR0A_1 	EQU 	1
OCR0A_2 	EQU 	2
OCR0A_3 	EQU 	3
OCR0A_4 	EQU 	4
OCR0A_5 	EQU 	5
OCR0A_6 	EQU 	6
OCR0A_7 	EQU 	7
OCR0B 	EQU 	40
OCR0B_0 	EQU 	0
OCR0B_1 	EQU 	1
OCR0B_2 	EQU 	2
OCR0B_3 	EQU 	3
OCR0B_4 	EQU 	4
OCR0B_5 	EQU 	5
OCR0B_6 	EQU 	6
OCR0B_7 	EQU 	7
OCR1AH 	EQU 	137
OCR1AL 	EQU 	136
OCR1BH 	EQU 	139
OCR1BL 	EQU 	138
OCR2A 	EQU 	179
OCR2AUB 	EQU 	3
OCR2A_0 	EQU 	0
OCR2A_1 	EQU 	1
OCR2A_2 	EQU 	2
OCR2A_3 	EQU 	3
OCR2A_4 	EQU 	4
OCR2A_5 	EQU 	5
OCR2A_6 	EQU 	6
OCR2A_7 	EQU 	7
OCR2B 	EQU 	180
OCR2BUB 	EQU 	2
OCR2B_0 	EQU 	0
OCR2B_1 	EQU 	1
OCR2B_2 	EQU 	2
OCR2B_3 	EQU 	3
OCR2B_4 	EQU 	4
OCR2B_5 	EQU 	5
OCR2B_6 	EQU 	6
OCR2B_7 	EQU 	7
OSCCAL 	EQU 	102
OSCCAL0 	EQU 	0
OSCCAL1 	EQU 	1
OSCCAL2 	EQU 	2
OSCCAL3 	EQU 	3
OSCCAL4 	EQU 	4
OSCCAL5 	EQU 	5
OSCCAL6 	EQU 	6
OSCCAL7 	EQU 	7
PB0 	EQU 	0
PB1 	EQU 	1
PB2 	EQU 	2
PB3 	EQU 	3
PB4 	EQU 	4
PB5 	EQU 	5
PB6 	EQU 	6
PB7 	EQU 	7
PC0 	EQU 	0
PC1 	EQU 	1
PC2 	EQU 	2
PC3 	EQU 	3
PC4 	EQU 	4
PC5 	EQU 	5
PC6 	EQU 	6
PCICR 	EQU 	104
PCIE0 	EQU 	0
PCIE1 	EQU 	1
PCIE2 	EQU 	2
PCIF0 	EQU 	0
PCIF1 	EQU 	1
PCIF2 	EQU 	2
PCIFR 	EQU 	27
PCINT0 	EQU 	0
PCINT1 	EQU 	1
PCINT10 	EQU 	2
PCINT11 	EQU 	3
PCINT12 	EQU 	4
PCINT13 	EQU 	5
PCINT14 	EQU 	6
PCINT16 	EQU 	0
PCINT17 	EQU 	1
PCINT18 	EQU 	2
PCINT19 	EQU 	3
PCINT2 	EQU 	2
PCINT20 	EQU 	4
PCINT21 	EQU 	5
PCINT22 	EQU 	6
PCINT23 	EQU 	7
PCINT3 	EQU 	3
PCINT4 	EQU 	4
PCINT5 	EQU 	5
PCINT6 	EQU 	6
PCINT7 	EQU 	7
PCINT8 	EQU 	0
PCINT9 	EQU 	1
PCMSK0 	EQU 	107
PCMSK1 	EQU 	108
PCMSK2 	EQU 	109
PD0 	EQU 	0
PD1 	EQU 	1
PD2 	EQU 	2
PD3 	EQU 	3
PD4 	EQU 	4
PD5 	EQU 	5
PD6 	EQU 	6
PD7 	EQU 	7
PGERS 	EQU 	1
PGWRT 	EQU 	2
PINB 	EQU 	3
PINB0 	EQU 	0
PINB1 	EQU 	1
PINB2 	EQU 	2
PINB3 	EQU 	3
PINB4 	EQU 	4
PINB5 	EQU 	5
PINB6 	EQU 	6
PINB7 	EQU 	7
PINC 	EQU 	6
PINC0 	EQU 	0
PINC1 	EQU 	1
PINC2 	EQU 	2
PINC3 	EQU 	3
PINC4 	EQU 	4
PINC5 	EQU 	5
PINC6 	EQU 	6
PIND 	EQU 	9
PIND0 	EQU 	0
PIND1 	EQU 	1
PIND2 	EQU 	2
PIND3 	EQU 	3
PIND4 	EQU 	4
PIND5 	EQU 	5
PIND6 	EQU 	6
PIND7 	EQU 	7
PIXELCOL 	EQU 	410
PORF 	EQU 	0
PORTB 	EQU 	5
PORTB0 	EQU 	0
PORTB1 	EQU 	1
PORTB2 	EQU 	2
PORTB3 	EQU 	3
PORTB4 	EQU 	4
PORTB5 	EQU 	5
PORTB6 	EQU 	6
PORTB7 	EQU 	7
PORTC 	EQU 	8
PORTC0 	EQU 	0
PORTC1 	EQU 	1
PORTC2 	EQU 	2
PORTC3 	EQU 	3
PORTC4 	EQU 	4
PORTC5 	EQU 	5
PORTC6 	EQU 	6
PORTD 	EQU 	11
PORTD0 	EQU 	0
PORTD1 	EQU 	1
PORTD2 	EQU 	2
PORTD3 	EQU 	3
PORTD4 	EQU 	4
PORTD5 	EQU 	5
PORTD6 	EQU 	6
PORTD7 	EQU 	7
PRADC 	EQU 	0
PRINTLEN 	EQU 	411
PRINTLOCX 	EQU 	412
PRINTLOCX_H 	EQU 	413
PRINTLOCY 	EQU 	414
PRINTLOCY_H 	EQU 	415
PRR 	EQU 	100
PRSPI 	EQU 	2
PRTIM0 	EQU 	5
PRTIM1 	EQU 	3
PRTIM2 	EQU 	6
PRTWI 	EQU 	7
PRUSART0 	EQU 	1
PSR2 	EQU 	1
PSRASY 	EQU 	1
PSRSYNC 	EQU 	0
PUD 	EQU 	4
RAMEND 	EQU 	2303
REFS0 	EQU 	6
REFS1 	EQU 	7
RWWSB 	EQU 	6
RWWSRE 	EQU 	4
RXB80 	EQU 	1
RXC0 	EQU 	7
RXCIE0 	EQU 	7
RXEN0 	EQU 	4
S 	EQU 	4
SCE16FALSE 	EQU 	1646
SCLT16FALSE 	EQU 	1662
SCLT16TRUE 	EQU 	1661
SCLTTRUE 	EQU 	1651
SE 	EQU 	0
SELFPRGEN 	EQU 	0
SERDATA 	EQU 	416
SM0 	EQU 	1
SM1 	EQU 	2
SM2 	EQU 	3
SMCR 	EQU 	51
SPCR 	EQU 	44
SPDR 	EQU 	46
SPDR0 	EQU 	0
SPDR1 	EQU 	1
SPDR2 	EQU 	2
SPDR3 	EQU 	3
SPDR4 	EQU 	4
SPDR5 	EQU 	5
SPDR6 	EQU 	6
SPDR7 	EQU 	7
SPE 	EQU 	6
SPH 	EQU 	62
SPI2X 	EQU 	0
SPICLOCKMODE 	EQU 	417
SPICURRENTMODE 	EQU 	418
SPIE 	EQU 	7
SPIF 	EQU 	7
SPIMODE554 	EQU 	1561
SPITXDATA 	EQU 	419
SPL 	EQU 	61
SPMCSR 	EQU 	55
SPMIE 	EQU 	7
SPR0 	EQU 	0
SPR1 	EQU 	1
SPSR 	EQU 	45
SREG 	EQU 	63
SREG_C 	EQU 	0
SREG_H 	EQU 	5
SREG_I 	EQU 	7
SREG_N 	EQU 	2
SREG_S 	EQU 	4
SREG_T 	EQU 	6
SREG_V 	EQU 	3
SREG_Z 	EQU 	1
STRINGPOINTER 	EQU 	420
STRINGTABLE1 	EQU 	1773
STRINGTABLE2 	EQU 	1776
STRINGTABLE3 	EQU 	1777
SYSARRAYTEMP1 	EQU 	421
SYSARRAYTEMP2 	EQU 	422
SYSBITTEST 	EQU 	r5
SYSBYTETEMPA 	EQU 	r22
SYSBYTETEMPB 	EQU 	r28
SYSBYTETEMPX 	EQU 	r0
SYSCALCTEMPA 	EQU 	r22
SYSCALCTEMPB 	EQU 	r28
SYSCALCTEMPX 	EQU 	r0
SYSCOMPEQUAL16 	EQU 	1640
SYSCOMPLESSTHAN 	EQU 	1647
SYSCOMPLESSTHAN16 	EQU 	1653
SYSCOPYSTRING 	EQU 	1663
SYSCOPYSTRINGCHECK 	EQU 	1668
SYSCOPYSTRINGPART 	EQU 	1666
SYSDIV16START 	EQU 	1712
SYSDIV8START 	EQU 	1682
SYSDIVLOOP 	EQU 	r5
SYSDIVMULTA 	EQU 	r24
SYSDIVMULTA_H 	EQU 	r25
SYSDIVMULTB 	EQU 	r30
SYSDIVMULTB_H 	EQU 	r31
SYSDIVMULTX 	EQU 	r2
SYSDIVMULTX_H 	EQU 	r3
SYSDIVSUB 	EQU 	1676
SYSDIVSUB16 	EQU 	1692
SYSDOLOOP_E1 	EQU 	165
SYSDOLOOP_E2 	EQU 	113
SYSDOLOOP_E3 	EQU 	185
SYSDOLOOP_E4 	EQU 	605
SYSDOLOOP_S1 	EQU 	86
SYSDOLOOP_S2 	EQU 	91
SYSDOLOOP_S3 	EQU 	179
SYSDOLOOP_S4 	EQU 	552
SYSFNLSLBYTE 	EQU 	372
SYSFORLOOP1 	EQU 	730
SYSFORLOOP2 	EQU 	1354
SYSFORLOOP3 	EQU 	1442
SYSFORLOOP4 	EQU 	1450
SYSFORLOOP5 	EQU 	698
SYSFORLOOP6 	EQU 	1064
SYSFORLOOP7 	EQU 	854
SYSFORLOOP8 	EQU 	911
SYSFORLOOPEND1 	EQU 	821
SYSFORLOOPEND2 	EQU 	1434
SYSFORLOOPEND3 	EQU 	1537
SYSFORLOOPEND4 	EQU 	1531
SYSFORLOOPEND5 	EQU 	718
SYSFORLOOPEND6 	EQU 	1128
SYSFORLOOPEND7 	EQU 	1024
SYSFORLOOPEND8 	EQU 	1019
SYSHSERSTRINGHANDLER 	EQU 	423
SYSHSERSTRINGHANDLER_H 	EQU 	424
SYSLCDPRINTDATAHANDLER 	EQU 	425
SYSLCDPRINTDATAHANDLER_H 	EQU 	426
SYSLENTEMPHANDLER 	EQU 	427
SYSLENTEMPHANDLER_H 	EQU 	428
SYSMULTSUB16 	EQU 	1739
SYSMYSTRING_0 	EQU 	321
SYSOUTMESSAGEHANDLER 	EQU 	429
SYSOUTMESSAGEHANDLER_H 	EQU 	430
SYSPRINTTEMP 	EQU 	431
SYSREADA 	EQU 	r30
SYSREADA_H 	EQU 	r31
SYSREADSTRING 	EQU 	1749
SYSREADSTRINGPART 	EQU 	1756
SYSREPEATLOOP1 	EQU 	761
SYSREPEATLOOP2 	EQU 	793
SYSREPEATLOOP3 	EQU 	680
SYSREPEATLOOP4 	EQU 	1467
SYSREPEATLOOP5 	EQU 	1507
SYSREPEATLOOP6 	EQU 	198
SYSREPEATLOOPEND1 	EQU 	774
SYSREPEATLOOPEND2 	EQU 	806
SYSREPEATLOOPEND3 	EQU 	694
SYSREPEATLOOPEND4 	EQU 	1480
SYSREPEATLOOPEND5 	EQU 	1520
SYSREPEATLOOPEND6 	EQU 	206
SYSREPEATTEMP1 	EQU 	432
SYSREPEATTEMP3 	EQU 	433
SYSREPEATTEMP4 	EQU 	434
SYSREPEATTEMP6 	EQU 	435
SYSSELECT1CASE1 	EQU 	859
SYSSELECT1CASE2 	EQU 	869
SYSSELECT1CASE3 	EQU 	879
SYSSELECT1CASE4 	EQU 	889
SYSSELECT1CASE5 	EQU 	899
SYSSELECT2CASE1 	EQU 	1596
SYSSELECT2CASE2 	EQU 	1607
SYSSELECT2CASE3 	EQU 	1615
SYSSELECT2CASE4 	EQU 	1626
SYSSELECTEND1 	EQU 	908
SYSSELECTEND2 	EQU 	1636
SYSSTRINGA 	EQU 	r26
SYSSTRINGA_H 	EQU 	r27
SYSSTRINGB 	EQU 	r28
SYSSTRINGB_H 	EQU 	r29
SYSSTRINGCOPY 	EQU 	1671
SYSSTRINGLENGTH 	EQU 	r25
SYSSTRINGPARAM1 	EQU 	354
SYSSTRINGREAD 	EQU 	1765
SYSSTRINGREADCHECK 	EQU 	1762
SYSSTRINGTABLES 	EQU 	1773
SYSTEMP1 	EQU 	r6
SYSTEMP1_H 	EQU 	r7
SYSTEMP2 	EQU 	r16
SYSTEMP2_H 	EQU 	r17
SYSTEMP3 	EQU 	r18
SYSTEMP4 	EQU 	r4
SYSVALUECOPY 	EQU 	r21
SYSWAITLOOP1 	EQU 	185
SYSWAITLOOP2 	EQU 	613
SYSWAITTEMPMS 	EQU 	r29
SYSWAITTEMPMS_H 	EQU 	r30
SYSWORDTEMPA 	EQU 	r22
SYSWORDTEMPA_H 	EQU 	r23
SYSWORDTEMPB 	EQU 	r28
SYSWORDTEMPB_H 	EQU 	r29
SYSWORDTEMPX 	EQU 	r0
SYSWORDTEMPX_H 	EQU 	r1
T 	EQU 	6
TABLEGLCDCHARCOL3 	EQU 	220
TABLEGLCDCHARCOL4 	EQU 	288
TABLEGLCDCHARCOL5 	EQU 	356
TABLEGLCDCHARCOL6 	EQU 	424
TABLEGLCDCHARCOL7 	EQU 	492
TCCR0A 	EQU 	36
TCCR0B 	EQU 	37
TCCR1A 	EQU 	128
TCCR1B 	EQU 	129
TCCR1C 	EQU 	130
TCCR2A 	EQU 	176
TCCR2B 	EQU 	177
TCN2UB 	EQU 	4
TCNT0 	EQU 	38
TCNT0_0 	EQU 	0
TCNT0_1 	EQU 	1
TCNT0_2 	EQU 	2
TCNT0_3 	EQU 	3
TCNT0_4 	EQU 	4
TCNT0_5 	EQU 	5
TCNT0_6 	EQU 	6
TCNT0_7 	EQU 	7
TCNT1H 	EQU 	133
TCNT1L 	EQU 	132
TCNT2 	EQU 	178
TCNT2_0 	EQU 	0
TCNT2_1 	EQU 	1
TCNT2_2 	EQU 	2
TCNT2_3 	EQU 	3
TCNT2_4 	EQU 	4
TCNT2_5 	EQU 	5
TCNT2_6 	EQU 	6
TCNT2_7 	EQU 	7
TCR2AUB 	EQU 	1
TCR2BUB 	EQU 	0
TIFR0 	EQU 	21
TIFR1 	EQU 	22
TIFR2 	EQU 	23
TIMSK0 	EQU 	110
TIMSK1 	EQU 	111
TIMSK2 	EQU 	112
TOIE0 	EQU 	0
TOIE1 	EQU 	0
TOIE2 	EQU 	0
TOIE2A 	EQU 	0
TOV0 	EQU 	0
TOV1 	EQU 	0
TOV2 	EQU 	0
TSM 	EQU 	7
TWA0 	EQU 	1
TWA1 	EQU 	2
TWA2 	EQU 	3
TWA3 	EQU 	4
TWA4 	EQU 	5
TWA5 	EQU 	6
TWA6 	EQU 	7
TWAM0 	EQU 	1
TWAM1 	EQU 	2
TWAM2 	EQU 	3
TWAM3 	EQU 	4
TWAM4 	EQU 	5
TWAM5 	EQU 	6
TWAM6 	EQU 	7
TWAMR 	EQU 	189
TWAMR0 	EQU 	1
TWAMR1 	EQU 	2
TWAMR2 	EQU 	3
TWAMR3 	EQU 	4
TWAMR4 	EQU 	5
TWAMR5 	EQU 	6
TWAMR6 	EQU 	7
TWAR 	EQU 	186
TWBR 	EQU 	184
TWBR0 	EQU 	0
TWBR1 	EQU 	1
TWBR2 	EQU 	2
TWBR3 	EQU 	3
TWBR4 	EQU 	4
TWBR5 	EQU 	5
TWBR6 	EQU 	6
TWBR7 	EQU 	7
TWCR 	EQU 	188
TWD0 	EQU 	0
TWD1 	EQU 	1
TWD2 	EQU 	2
TWD3 	EQU 	3
TWD4 	EQU 	4
TWD5 	EQU 	5
TWD6 	EQU 	6
TWD7 	EQU 	7
TWDR 	EQU 	187
TWEA 	EQU 	6
TWEN 	EQU 	2
TWGCE 	EQU 	0
TWIE 	EQU 	0
TWINT 	EQU 	7
TWPS0 	EQU 	0
TWPS1 	EQU 	1
TWS3 	EQU 	3
TWS4 	EQU 	4
TWS5 	EQU 	5
TWS6 	EQU 	6
TWS7 	EQU 	7
TWSR 	EQU 	185
TWSTA 	EQU 	5
TWSTO 	EQU 	4
TWWC 	EQU 	3
TXB80 	EQU 	0
TXC0 	EQU 	6
TXCIE0 	EQU 	6
TXEN0 	EQU 	3
U2X0 	EQU 	1
UBRR0H 	EQU 	197
UBRR0L 	EQU 	196
UBRR10 	EQU 	2
UBRR11 	EQU 	3
UBRR2 	EQU 	2
UBRR3 	EQU 	3
UBRR4 	EQU 	4
UBRR5 	EQU 	5
UBRR6 	EQU 	6
UBRR7 	EQU 	7
UBRR8 	EQU 	0
UBRR9 	EQU 	1
UCPHA0 	EQU 	1
UCPOL0 	EQU 	0
UCSR0A 	EQU 	192
UCSR0B 	EQU 	193
UCSR0C 	EQU 	194
UCSZ00 	EQU 	1
UCSZ01 	EQU 	2
UCSZ02 	EQU 	2
UDORD0 	EQU 	2
UDR0 	EQU 	198
UDR0_0 	EQU 	0
UDR0_1 	EQU 	1
UDR0_2 	EQU 	2
UDR0_3 	EQU 	3
UDR0_4 	EQU 	4
UDR0_5 	EQU 	5
UDR0_6 	EQU 	6
UDR0_7 	EQU 	7
UDRE0 	EQU 	5
UDRIE0 	EQU 	5
UMSEL0 	EQU 	6
UMSEL00 	EQU 	6
UMSEL01 	EQU 	7
UMSEL1 	EQU 	7
UPE0 	EQU 	2
UPM00 	EQU 	4
UPM01 	EQU 	5
USBS0 	EQU 	3
V 	EQU 	3
WCOL 	EQU 	6
WDCE 	EQU 	4
WDE 	EQU 	3
WDIE 	EQU 	6
WDIF 	EQU 	7
WDP0 	EQU 	0
WDP1 	EQU 	1
WDP2 	EQU 	2
WDP3 	EQU 	5
WDRF 	EQU 	3
WDTCSR 	EQU 	96
WGM00 	EQU 	0
WGM01 	EQU 	1
WGM02 	EQU 	3
WGM10 	EQU 	0
WGM11 	EQU 	1
WGM12 	EQU 	3
WGM13 	EQU 	4
WGM20 	EQU 	0
WGM21 	EQU 	1
WGM22 	EQU 	3
X 	EQU 	28
X+ 	EQU 	29
Y 	EQU 	8
Y+ 	EQU 	25
Z 	EQU 	1
Z+ 	EQU 	17
_MAX7219_DDATA 	EQU 	436
_MAX7219_REG 	EQU 	437
_UBRR0 	EQU 	0
_UBRR1 	EQU 	1
rZ 	EQU 	0

Code:
Loc	Obj Code	Original Assembly

000000	C033	RJMP BASPROGRAMSTART

000002	9518	RETI

000004	9518	RETI

000006	9518	RETI

000008	9518	RETI

00000A	9518	RETI

00000C	9518	RETI

00000E	9518	RETI

000010	9518	RETI

000012	9518	RETI

000014	9518	RETI

000016	9518	RETI

000018	9518	RETI

00001A	9518	RETI

00001C	9518	RETI

00001E	9518	RETI

000020	9518	RETI

000022	9518	RETI

000024	9518	RETI

000026	9518	RETI

000028	9518	RETI

00002A	9518	RETI

00002C	9518	RETI

00002E	9518	RETI

000030	9518	RETI

000032	9518	RETI



		BASPROGRAMSTART
000034	E058	LDI SYSVALUECOPY,HIGH(RAMEND)
000035	BF5E	OUT SPH, SYSVALUECOPY
000036	EF5F	LDI SYSVALUECOPY,LOW(RAMEND)
000037	BF5D	OUT SPL, SYSVALUECOPY
000038	D239	RCALL INITSYS
000039	D23F	RCALL INITUSART
00003A	D42E	RCALL MAX7219_LEDMATRIX_INIT

00003B	E051	LDI SYSVALUECOPY,1
00003C	9350 0187	STS MAX7219_BRIGHTNESS_VALUE,SYSVALUECOPY
00003E	D259	RCALL MAX7219_LEDMATRIX_BRIGHTNESS
00003F	E050	LDI SYSVALUECOPY,0
000040	9350 019C	STS PRINTLOCX,SYSVALUECOPY
000042	9350 019D	STS PRINTLOCX_H,SYSVALUECOPY
000044	E050	LDI SYSVALUECOPY,0
000045	9350 019E	STS PRINTLOCY,SYSVALUECOPY
000047	9350 019F	STS PRINTLOCY_H,SYSVALUECOPY
000049	E6C2	LDI SYSSTRINGB,LOW(SYSSTRINGPARAM1)
00004A	E0D1	LDI SYSSTRINGB_H,HIGH(SYSSTRINGPARAM1)
00004B	EDEA	LDI SYSREADA,LOW(STRINGTABLE1<<1)
00004C	E0FD	LDI SYSREADA_H,HIGH(STRINGTABLE1<<1)
00004D	D687	RCALL SYSREADSTRING
00004E	E652	LDI SYSVALUECOPY,LOW(SYSSTRINGPARAM1)
00004F	9350 01A9	STS SYSLCDPRINTDATAHANDLER,SYSVALUECOPY
000051	E051	LDI SYSVALUECOPY,HIGH(SYSSTRINGPARAM1)
000052	9350 01AA	STS SYSLCDPRINTDATAHANDLER_H,SYSVALUECOPY
000054	D3B7	RCALL MAX7219_LEDMATRIX_GLCDPRINT16
000055	D545	RCALL MAX7219_LEDMATRIX_SENDBUFFER
		SYSDOLOOP_S1
000056	E4C1	LDI SYSSTRINGB,LOW(MYSTRING)
000057	E0D1	LDI SYSSTRINGB_H,HIGH(MYSTRING)
000058	EEE0	LDI SYSREADA,LOW(STRINGTABLE2<<1)
000059	E0FD	LDI SYSREADA_H,HIGH(STRINGTABLE2<<1)
00005A	D67A	RCALL SYSREADSTRING
		SYSDOLOOP_S2
00005B	E451	LDI SYSVALUECOPY,LOW(MYSTRING)
00005C	9350 01AB	STS SYSLENTEMPHANDLER,SYSVALUECOPY
00005E	E051	LDI SYSVALUECOPY,HIGH(MYSTRING)
00005F	9350 01AC	STS SYSLENTEMPHANDLER_H,SYSVALUECOPY
000061	D22E	RCALL FN_LEN
000062	9160 0184	LDS SYSCALCTEMPA,LEN
000064	2366	TST SYSCALCTEMPA
000065	F459	BRNE SYSDOLOOP_E2
000066	E451	LDI SYSVALUECOPY,LOW(MYSTRING)
000067	9350 01A7	STS SYSHSERSTRINGHANDLER,SYSVALUECOPY
000069	E051	LDI SYSVALUECOPY,HIGH(MYSTRING)
00006A	9350 01A8	STS SYSHSERSTRINGHANDLER_H,SYSVALUECOPY
00006C	E051	LDI SYSVALUECOPY,1
00006D	9350 016D	STS COMPORT,SYSVALUECOPY
00006F	D1B5	RCALL HSERGETSTRING
000070	CFEA	RJMP SYSDOLOOP_S2
		SYSDOLOOP_E2
000071	D25D	RCALL MAX7219_LEDMATRIX_GLCDCLS
000072	91C0 0141	LDS SYSBYTETEMPB,SYSMYSTRING_0
000074	E06A	LDI SYSBYTETEMPA,10
000075	D5F9	RCALL SYSCOMPLESSTHAN
000076	FE00	SBRS SYSBYTETEMPX,0
000077	C01A	RJMP ELSE1_1
000078	E4C1	LDI SYSSTRINGB,LOW(MYSTRING)
000079	E0D1	LDI SYSSTRINGB_H,HIGH(MYSTRING)
00007A	2799	CLR SYSSTRINGLENGTH
00007B	9159	LD SYSVALUECOPY, Y+
00007C	E4A1	LDI SYSSTRINGA,LOW(MYSTRING)
00007D	E0B1	LDI SYSSTRINGA_H,HIGH(MYSTRING)
00007E	D603	RCALL SYSCOPYSTRINGPART
00007F	EEE2	LDI SYSREADA,LOW(STRINGTABLE3<<1)
000080	E0FD	LDI SYSREADA_H,HIGH(STRINGTABLE3<<1)
000081	D65A	RCALL SYSREADSTRINGPART
000082	E4A1	LDI SYSSTRINGA,LOW(MYSTRING)
000083	E0B1	LDI SYSSTRINGA_H,HIGH(MYSTRING)
000084	939C	ST X, SYSSTRINGLENGTH
000085	E451	LDI SYSVALUECOPY,LOW(MYSTRING)
000086	9350 01AD	STS SYSOUTMESSAGEHANDLER,SYSVALUECOPY
000088	E051	LDI SYSVALUECOPY,HIGH(MYSTRING)
000089	9350 01AE	STS SYSOUTMESSAGEHANDLER_H,SYSVALUECOPY
00008B	E050	LDI SYSVALUECOPY,0
00008C	9350 018F	STS MAX7219_MESSAGETIME,SYSVALUECOPY
00008E	9350 0190	STS MAX7219_MESSAGETIME_H,SYSVALUECOPY
000090	D48F	RCALL MAX7219_LEDMATRIX_SCROLLMESSAGE
000091	C012	RJMP ENDIF1
		ELSE1_1
000092	E050	LDI SYSVALUECOPY,0
000093	9350 019C	STS PRINTLOCX,SYSVALUECOPY
000095	9350 019D	STS PRINTLOCX_H,SYSVALUECOPY
000097	E050	LDI SYSVALUECOPY,0
000098	9350 019E	STS PRINTLOCY,SYSVALUECOPY
00009A	9350 019F	STS PRINTLOCY_H,SYSVALUECOPY
00009C	E451	LDI SYSVALUECOPY,LOW(MYSTRING)
00009D	9350 01A9	STS SYSLCDPRINTDATAHANDLER,SYSVALUECOPY
00009F	E051	LDI SYSVALUECOPY,HIGH(MYSTRING)
0000A0	9350 01AA	STS SYSLCDPRINTDATAHANDLER_H,SYSVALUECOPY
0000A2	D369	RCALL MAX7219_LEDMATRIX_GLCDPRINT16
0000A3	D4F7	RCALL MAX7219_LEDMATRIX_SENDBUFFER
		ENDIF1
0000A4	CFB1	RJMP SYSDOLOOP_S1
		SYSDOLOOP_E1
		BASPROGRAMEND
0000A5	9588	SLEEP
0000A6	CFFE	RJMP BASPROGRAMEND


		DELAY_MS
0000A7	95E3	INC SYSWAITTEMPMS_H
		DMS_START
0000A8	EFAE	LDI DELAYTEMP2,254
		DMS_OUTER
0000A9	E194	LDI DELAYTEMP,20
		DMS_INNER
0000AA	959A	DEC DELAYTEMP
0000AB	F7F1	BRNE DMS_INNER
0000AC	95AA	DEC DELAYTEMP2
0000AD	F7D9	BRNE DMS_OUTER
0000AE	95DA	DEC SYSWAITTEMPMS
0000AF	F7C1	BRNE DMS_START
0000B0	95EA	DEC SYSWAITTEMPMS_H
0000B1	F7B1	BRNE DMS_START
0000B2	9508	RET


		FASTHWSPITRANSFER
		SYSDOLOOP_S3
0000B3	9150 01A3	LDS SYSVALUECOPY,SPITXDATA
0000B5	BD5E	OUT SPDR,SYSVALUECOPY
0000B6	B45D	IN SYSBITTEST,SPSR
0000B7	FC56	SBRC SYSBITTEST,WCOL
0000B8	CFFA	RJMP SYSDOLOOP_S3
		SYSDOLOOP_E3
		SYSWAITLOOP1
0000B9	B45D	IN SYSBITTEST,SPSR
0000BA	FE57	SBRS SYSBITTEST,SPIF
0000BB	CFFD	RJMP SYSWAITLOOP1
0000BC	9508	RET


		FN_FNLSL430
0000BD	9150 0199	LDS SYSVALUECOPY,NUMBITS
0000BF	9350 01B3	STS SYSREPEATTEMP6,SYSVALUECOPY
0000C1	9160 01B3	LDS SYSCALCTEMPA,SYSREPEATTEMP6
0000C3	2366	TST SYSCALCTEMPA
0000C4	F409	BRNE PC + 2
0000C5	C008	RJMP SYSREPEATLOOPEND6
		SYSREPEATLOOP6
0000C6	9488	CLC
0000C7	1FCC	ROL SYSBYTETEMPB
0000C8	9040 01B3	LDS SYSTEMP4,SYSREPEATTEMP6
0000CA	944A	DEC SYSTEMP4
0000CB	9240 01B3	STS SYSREPEATTEMP6,SYSTEMP4
0000CD	F7C1	BRNE SYSREPEATLOOP6
		SYSREPEATLOOPEND6
0000CE	93C0 0174	STS FNLSL,SYSBYTETEMPB
0000D0	9508	RET


		GLCDCHARCOL3
0000D1	37A1	CPI SYSSTRINGA, 113
0000D2	F010	BRLO PC + 3
0000D3	2400	CLR SYSBYTETEMPX
0000D4	9508	RET
0000D5	EBE8	LDI SYSREADA, LOW(TABLEGLCDCHARCOL3<<1)
0000D6	E0F1	LDI SYSREADA_H, HIGH(TABLEGLCDCHARCOL3<<1)
0000D7	0FEA	ADD SYSREADA, SYSSTRINGA
0000D8	F408	BRCC PC + 2
0000D9	95F3	INC SYSREADA_H
0000DA	95C8	LPM
0000DB	9508	RET
		TABLEGLCDCHARCOL3
0000DC	0070 0C10 880A 3822 0820 1020 8010 4080 0004 0000 4828 6C46 0000 2800	RAW 0070,0C10,880A,3822,0820,1020,8010,4080,0004,0000,4828,6C46,0000,2800
0000EA	0010 0010 7C40 8400 3082 784E 6C06 000C 1000 0028 6404 FEF8 FE7C	RAW 0010,0010,7C40,8400,3082,784E,6C06,000C,1000,0028,6404,FEF8,FE7C
0000F7	FEFE FE7C 4000 FEFE FEFE FE7C FE7C 024C 3E7E C67E C20E	RAW FEFE,FE7C,4000,FEFE,FEFE,FE7C,FE7C,024C,3E7E,C67E,C20E
000102	0400 0800 0080 FE40 7070 1070 FE10 4000 00FE F8F8 F870 F810	RAW 0400,0800,0080,FE40,7070,1070,FE10,4000,00FE,F8F8,F870,F810
00010E	1090 3878 8878 8818 0000 2000 0078	RAW 1090,3878,8878,8818,0000,2000,0078


		GLCDCHARCOL4
000115	37A1	CPI SYSSTRINGA, 113
000116	F010	BRLO PC + 3
000117	2400	CLR SYSBYTETEMPX
000118	9508	RET
000119	E4E0	LDI SYSREADA, LOW(TABLEGLCDCHARCOL4<<1)
00011A	E0F2	LDI SYSREADA_H, HIGH(TABLEGLCDCHARCOL4<<1)
00011B	0FEA	ADD SYSREADA, SYSSTRINGA
00011C	F408	BRCC PC + 2
00011D	95F3	INC SYSREADA_H
00011E	95C8	LPM
00011F	9508	RET
		TABLEGLCDCHARCOL4
000120	FE70 0A38 CC06 7C66 0470 1040 8838 70A2 001C 0E00 54FE 9226	RAW FE70,0A38,CC06,7C66,0470,1040,8838,70A2,001C,0E00,54FE,9226
00012C	380A 1082 A010 C010 A220 C284 2882 948A 9202 6C92 28AC	RAW 380A,1082,A010,C010,A220,C284,2882,948A,9202,6C92,28AC
000137	8228 9202 9224 8282 1292 1082 8082 8010 0804 1282 1282 0292	RAW 8228,9202,9224,8282,1292,1082,8082,8010,0804,1282,1282,0292
000143	4080 2880 A210 08FE 0482 0280 90A8 8888 FCA8 10A8 8090	RAW 4080,2880,A210,08FE,0482,0280,90A8,8888,FCA8,10A8,8090
00014E	8220 1008 2888 1028 7CA8 4080 5080 C8A0 0010 1082 0044	RAW 8220,1008,2888,1028,7CA8,4080,5080,C8A0,0010,1082,0044


		GLCDCHARCOL5
000159	37A1	CPI SYSSTRINGA, 113
00015A	F010	BRLO PC + 3
00015B	2400	CLR SYSBYTETEMPX
00015C	9508	RET
00015D	ECE8	LDI SYSREADA, LOW(TABLEGLCDCHARCOL5<<1)
00015E	E0F2	LDI SYSREADA_H, HIGH(TABLEGLCDCHARCOL5<<1)
00015F	0FEA	ADD SYSREADA, SYSSTRINGA
000160	F408	BRCC PC + 2
000161	95F3	INC SYSREADA_H
000162	95C8	LPM
000163	9508	RET
		TABLEGLCDCHARCOL5
000164	7C70 007C EE00 7CEE FEA8 54FE 9454 7C94 007C 009E FE28 AA10	RAW 7C70,007C,EE00,7CEE,FEA8,54FE,9454,7C94,007C,009E,FE28,AA10
000170	4406 7C44 607C C010 9210 A2FE 248A 928A 92E2 6C92 446C	RAW 4406,7C44,607C,C010,9210,A2FE,248A,928A,92E2,6C92,446C
00017B	4428 F2A2 9222 8282 1292 1092 82FE 8028 1018 1282 32A2	RAW 4428,F2A2,9222,8282,1292,1092,82FE,8028,1018,1282,32A2
000186	FE92 8080 1070 92E0 1082 0282 0480 88A8 8888 12A8 08A8	RAW FE92,8080,1070,92E0,1082,0282,0480,88A8,8888,12A8,08A8
000191	88FA FE50 08F0 2888 0828 90A8 8080 2060 A8A0 FE6C 106C	RAW 88FA,FE50,08F0,2888,0828,90A8,8080,2060,A8A0,FE6C,106C
00019C	0042	RAW 0042


		GLCDCHARCOL6
00019D	37A1	CPI SYSSTRINGA, 113
00019E	F010	BRLO PC + 3
00019F	2400	CLR SYSBYTETEMPX
0001A0	9508	RET
0001A1	E5E0	LDI SYSREADA, LOW(TABLEGLCDCHARCOL6<<1)
0001A2	E0F3	LDI SYSREADA_H, HIGH(TABLEGLCDCHARCOL6<<1)
0001A3	0FEA	ADD SYSREADA, SYSSTRINGA
0001A4	F408	BRCC PC + 2
0001A5	95F3	INC SYSREADA_H
0001A6	95C8	LPM
0001A7	9508	RET
		TABLEGLCDCHARCOL6
0001A8	3870 0CFE CC0A 7C66 0420 3840 A210 7088 001C 0E00 54FE 44C8	RAW 3870,0CFE,CC0A,7C66,0420,3840,A210,7088,001C,0E00,54FE,44C8
0001B4	8200 1038 0010 0010 8A08 9280 FE96 928A 9212 0052 8200 2828 8212	RAW 8200,1038,0010,0010,8A08,9280,FE96,928A,9212,0052,8200,2828,8212
0001C1	9224 4482 1292 1092 7E82 8044 2004 1282 5242 0292 4080 2880	RAW 9224,4482,1292,1092,7E82,8044,2004,1282,5242,0292,4080,2880
0001CD	8A10 2082 04FE 0880 88A8 9088 02A8 08A8 7A80 8088 0808 2888	RAW 8A10,2082,04FE,0880,88A8,9088,02A8,08A8,7A80,8088,0808,2888
0001D9	0830 80A8 4040 5080 98A0 0082 2010 0044	RAW 0830,80A8,4040,5080,98A0,0082,2010,0044


		GLCDCHARCOL7
0001E1	37A1	CPI SYSSTRINGA, 113
0001E2	F010	BRLO PC + 3
0001E3	2400	CLR SYSBYTETEMPX
0001E4	9508	RET
0001E5	EDE8	LDI SYSREADA, LOW(TABLEGLCDCHARCOL7<<1)
0001E6	E0F3	LDI SYSREADA_H, HIGH(TABLEGLCDCHARCOL7<<1)
0001E7	0FEA	ADD SYSREADA, SYSSTRINGA
0001E8	F408	BRCC PC + 2
0001E9	95F3	INC SYSREADA_H
0001EA	95C8	LPM
0001EB	9508	RET
		TABLEGLCDCHARCOL7
0001EC	1070 0A00 8806 3822 083E 1020 8010 4080 0004 0000 2428 A0C4 0000 2800	RAW 1070,0A00,8806,3822,083E,1020,8010,4080,0004,0000,2428,A0C4,0000,2800
0001FA	0010 0010 7C04 8C00 2062 6072 6C0E 003C 0000 1028 7C0C 6CF8 3844	RAW 0010,0010,7C04,8C00,2062,6072,6C0E,003C,0000,1028,7C0C,6CF8,3844
000207	0282 FEF4 0200 8082 FEFE 0C7C 8CBC 0264 3E7E C67E 860E 4000	RAW 0282,FEF4,0200,8082,FEFE,0C7C,8CBC,0264,3E7E,C67E,860E,4000
000213	0800 0080 70F0 FE40 0430 F078 0000 0000 F0F0 1070 10F8 4040 38F8	RAW 0800,0080,70F0,FE40,0430,F078,0000,0000,F0F0,1070,10F8,4040,38F8
000220	8878 8878 0000 1000 0078	RAW 8878,8878,0000,1000,0078


		HSERGETSTRING
000225	E050	LDI SYSVALUECOPY,0
000226	9350 0182	STS HSERINDEX,SYSVALUECOPY
		SYSDOLOOP_S4
000228	D035	RCALL HSERRECEIVE595
000229	9150 01A0	LDS SYSVALUECOPY,SERDATA
00022B	9350 0181	STS HSERINBYTE,SYSVALUECOPY
00022D	9160 0181	LDS SYSCALCTEMPA,HSERINBYTE
00022F	306D	CPI SYSCALCTEMPA,13
000230	F409	BRNE ENDIF23
000231	9508	RET
		ENDIF23
000232	9160 0181	LDS SYSBYTETEMPA,HSERINBYTE
000234	E2C0	LDI SYSBYTETEMPB,32
000235	D439	RCALL SYSCOMPLESSTHAN
000236	9400	COM SYSBYTETEMPX
000237	2C60	MOV SYSTEMP1,SYSBYTETEMPX
000238	91C0 0181	LDS SYSBYTETEMPB,HSERINBYTE
00023A	E76E	LDI SYSBYTETEMPA,126
00023B	D433	RCALL SYSCOMPLESSTHAN
00023C	9400	COM SYSBYTETEMPX
00023D	2D20	MOV SYSTEMP3,SYSBYTETEMPX
00023E	2126	AND SYSTEMP3,SYSTEMP1
00023F	2F02	MOV SYSTEMP2,SYSTEMP3
000240	FF00	SBRS SYSTEMP2,0
000241	C01A	RJMP ENDIF24
000242	9060 0182	LDS SYSTEMP1,HSERINDEX
000244	9463	INC SYSTEMP1
000245	9260 0182	STS HSERINDEX,SYSTEMP1
000247	9060 01A7	LDS SYSTEMP1,SYSHSERSTRINGHANDLER
000249	9100 0182	LDS SYSTEMP2,HSERINDEX
00024B	0E60	ADD SYSTEMP1,SYSTEMP2
00024C	2DA6	MOV SYSSTRINGA,SYSTEMP1
00024D	9060 01A8	LDS SYSTEMP1,SYSHSERSTRINGHANDLER_H
00024F	E000	LDI SYSTEMP2,0
000250	1E60	ADC SYSTEMP1,SYSTEMP2
000251	2DB6	MOV SYSSTRINGA_H,SYSTEMP1
000252	9150 0181	LDS SYSVALUECOPY,HSERINBYTE
000254	935C	ST X,SYSVALUECOPY
000255	91A0 01A7	LDS SYSSTRINGA,SYSHSERSTRINGHANDLER
000257	91B0 01A8	LDS SYSSTRINGA_H,SYSHSERSTRINGHANDLER_H
000259	9150 0182	LDS SYSVALUECOPY,HSERINDEX
00025B	935C	ST X,SYSVALUECOPY
		ENDIF24
00025C	CFCB	RJMP SYSDOLOOP_S4
		SYSDOLOOP_E4
00025D	9508	RET


		HSERRECEIVE595
00025E	9160 016D	LDS SYSCALCTEMPA,COMPORT
000260	3061	CPI SYSCALCTEMPA,1
000261	F479	BRNE ENDIF29
000262	EF5F	LDI SYSVALUECOPY,255
000263	9350 01A0	STS SERDATA,SYSVALUECOPY
		SYSWAITLOOP2
000265	9050 00C0	LDS SYSBITTEST,UCSR0A
000267	FE57	SBRS SYSBITTEST,RXC0
000268	CFFC	RJMP SYSWAITLOOP2
000269	9050 00C0	LDS SYSBITTEST,UCSR0A
00026B	FE57	SBRS SYSBITTEST,RXC0
00026C	C004	RJMP ENDIF30
00026D	9150 00C6	LDS SYSVALUECOPY,UDR0
00026F	9350 01A0	STS SERDATA,SYSVALUECOPY
		ENDIF30
		ENDIF29
000271	9508	RET


		INITSYS
000272	E050	LDI SYSVALUECOPY,0
000273	B955	OUT PORTB,SYSVALUECOPY
000274	E050	LDI SYSVALUECOPY,0
000275	B958	OUT PORTC,SYSVALUECOPY
000276	E050	LDI SYSVALUECOPY,0
000277	B95B	OUT PORTD,SYSVALUECOPY
000278	9508	RET


		INITUSART
000279	E051	LDI SYSVALUECOPY,1
00027A	9350 016D	STS COMPORT,SYSVALUECOPY
00027C	9150 00C0	LDS SYSVALUECOPY,UCSR0A
00027E	6052	SBR SYSVALUECOPY,1<<U2X0
00027F	9350 00C0	STS UCSR0A,SYSVALUECOPY
000281	EC5F	LDI SYSVALUECOPY,207
000282	9350 00C4	STS UBRR0L,SYSVALUECOPY
000284	E050	LDI SYSVALUECOPY,0
000285	9350 00C5	STS UBRR0H,SYSVALUECOPY
000287	9150 00C1	LDS SYSVALUECOPY,UCSR0B
000289	6150	SBR SYSVALUECOPY,1<<RXEN0
00028A	9350 00C1	STS UCSR0B,SYSVALUECOPY
00028C	6058	SBR SYSVALUECOPY,1<<TXEN0
00028D	9350 00C1	STS UCSR0B,SYSVALUECOPY
00028F	9508	RET


		FN_LEN
000290	91A0 01AB	LDS SYSSTRINGA,SYSLENTEMPHANDLER
000292	91B0 01AC	LDS SYSSTRINGA_H,SYSLENTEMPHANDLER_H
000294	915C	LD SYSVALUECOPY,X
000295	9350 0184	STS LEN,SYSVALUECOPY
000297	9508	RET


		MAX7219_LEDMATRIX_BRIGHTNESS
000298	E06F	LDI SYSCALCTEMPA,15
000299	91C0 0187	LDS SYSCALCTEMPB,MAX7219_BRIGHTNESS_VALUE
00029B	176C	CP SYSCALCTEMPA,SYSCALCTEMPB
00029C	F418	BRSH ENDIF8
00029D	E05F	LDI SYSVALUECOPY,15
00029E	9350 0187	STS MAX7219_BRIGHTNESS_VALUE,SYSVALUECOPY
		ENDIF8
0002A0	E058	LDI SYSVALUECOPY,8
0002A1	9350 01B1	STS SYSREPEATTEMP3,SYSVALUECOPY
0002A3	9160 01B1	LDS SYSCALCTEMPA,SYSREPEATTEMP3
0002A5	2366	TST SYSCALCTEMPA
0002A6	F409	BRNE PC + 2
0002A7	C00E	RJMP SYSREPEATLOOPEND3
		SYSREPEATLOOP3
0002A8	E05A	LDI SYSVALUECOPY,10
0002A9	9350 01B5	STS _MAX7219_REG,SYSVALUECOPY
0002AB	9150 0187	LDS SYSVALUECOPY,MAX7219_BRIGHTNESS_VALUE
0002AD	9350 01B4	STS _MAX7219_DDATA,SYSVALUECOPY
0002AF	D352	RCALL MAX7219_SENDBYTE
0002B0	9060 01B1	LDS SYSTEMP1,SYSREPEATTEMP3
0002B2	946A	DEC SYSTEMP1
0002B3	9260 01B1	STS SYSREPEATTEMP3,SYSTEMP1
0002B5	F791	BRNE SYSREPEATLOOP3
		SYSREPEATLOOPEND3
0002B6	9508	RET


		MAX7219_LEDMATRIX_CLEARBUFFER
0002B7	E050	LDI SYSVALUECOPY,0
0002B8	9350 0189	STS MAX7219_CURRPIXELX,SYSVALUECOPY
		SYSFORLOOP5
0002BA	9060 0189	LDS SYSTEMP1,MAX7219_CURRPIXELX
0002BC	9463	INC SYSTEMP1
0002BD	9260 0189	STS MAX7219_CURRPIXELX,SYSTEMP1
0002BF	E000	LDI SYSTEMP2,LOW(MAX7219_IMAGE_BUFFER)
0002C0	0E60	ADD SYSTEMP1,SYSTEMP2
0002C1	2DA6	MOV SYSSTRINGA,SYSTEMP1
0002C2	E000	LDI SYSTEMP2,0
0002C3	E021	LDI SYSTEMP3,HIGH(MAX7219_IMAGE_BUFFER)
0002C4	1F02	ADC SYSTEMP2,SYSTEMP3
0002C5	2FB0	MOV SYSSTRINGA_H,SYSTEMP2
0002C6	E050	LDI SYSVALUECOPY,0
0002C7	935C	ST X,SYSVALUECOPY
0002C8	9160 0189	LDS SYSBYTETEMPA,MAX7219_CURRPIXELX
0002CA	E4C0	LDI SYSBYTETEMPB,64
0002CB	D3A3	RCALL SYSCOMPLESSTHAN
0002CC	FC00	SBRC SYSBYTETEMPX,0
0002CD	CFEC	RJMP SYSFORLOOP5
		ENDIF13
		SYSFORLOOPEND5
0002CE	9508	RET


		MAX7219_LEDMATRIX_GLCDCLS
0002CF	E050	LDI SYSVALUECOPY,0
0002D0	9350 017F	STS GLCD_YORDINATE,SYSVALUECOPY
0002D2	9350 0180	STS GLCD_YORDINATE_H,SYSVALUECOPY
0002D4	E051	LDI SYSVALUECOPY,1
0002D5	9350 018A	STS MAX7219_DEVICEADDRESS,SYSVALUECOPY
0002D7	E050	LDI SYSVALUECOPY,0
0002D8	9350 0191	STS MAX7219_PIXELCOUNTER,SYSVALUECOPY
		SYSFORLOOP1
0002DA	9060 0191	LDS SYSTEMP1,MAX7219_PIXELCOUNTER
0002DC	9463	INC SYSTEMP1
0002DD	9260 0191	STS MAX7219_PIXELCOUNTER,SYSTEMP1
0002DF	E000	LDI SYSTEMP2,LOW(MAX7219_IMAGE_BUFFER)
0002E0	0E60	ADD SYSTEMP1,SYSTEMP2
0002E1	2DA6	MOV SYSSTRINGA,SYSTEMP1
0002E2	E000	LDI SYSTEMP2,0
0002E3	E021	LDI SYSTEMP3,HIGH(MAX7219_IMAGE_BUFFER)
0002E4	1F02	ADC SYSTEMP2,SYSTEMP3
0002E5	2FB0	MOV SYSSTRINGA_H,SYSTEMP2
0002E6	E050	LDI SYSVALUECOPY,0
0002E7	935C	ST X,SYSVALUECOPY
0002E8	9160 0191	LDS SYSBYTETEMPA,MAX7219_PIXELCOUNTER
0002EA	E0C8	LDI SYSBYTETEMPB,8
0002EB	D3A0	RCALL SYSDIVSUB
0002EC	9200 0192	STS MAX7219_ROWADDRESS,SYSBYTETEMPX
0002EE	E008	LDI SYSTEMP2,8
0002EF	9060 018A	LDS SYSTEMP1,MAX7219_DEVICEADDRESS
0002F1	1906	SUB SYSTEMP2,SYSTEMP1
0002F2	9300 01B0	STS SYSREPEATTEMP1,SYSTEMP2
0002F4	9160 01B0	LDS SYSCALCTEMPA,SYSREPEATTEMP1
0002F6	2366	TST SYSCALCTEMPA
0002F7	F409	BRNE PC + 2
0002F8	C00D	RJMP SYSREPEATLOOPEND1
		SYSREPEATLOOP1
0002F9	E050	LDI SYSVALUECOPY,0
0002FA	9350 01B5	STS _MAX7219_REG,SYSVALUECOPY
0002FC	E050	LDI SYSVALUECOPY,0
0002FD	9350 01B4	STS _MAX7219_DDATA,SYSVALUECOPY
0002FF	D302	RCALL MAX7219_SENDBYTE
000300	9060 01B0	LDS SYSTEMP1,SYSREPEATTEMP1
000302	946A	DEC SYSTEMP1
000303	9260 01B0	STS SYSREPEATTEMP1,SYSTEMP1
000305	F799	BRNE SYSREPEATLOOP1
		SYSREPEATLOOPEND1
000306	9150 0192	LDS SYSVALUECOPY,MAX7219_ROWADDRESS
000308	9350 01B5	STS _MAX7219_REG,SYSVALUECOPY
00030A	9150 0178	LDS SYSVALUECOPY,GLCDBACKGROUND
00030C	9350 01B4	STS _MAX7219_DDATA,SYSVALUECOPY
00030E	D2F3	RCALL MAX7219_SENDBYTE
00030F	9060 018A	LDS SYSTEMP1,MAX7219_DEVICEADDRESS
000311	946A	DEC SYSTEMP1
000312	9260 01B0	STS SYSREPEATTEMP1,SYSTEMP1
000314	9160 01B0	LDS SYSCALCTEMPA,SYSREPEATTEMP1
000316	2366	TST SYSCALCTEMPA
000317	F409	BRNE PC + 2
000318	C00D	RJMP SYSREPEATLOOPEND2
		SYSREPEATLOOP2
000319	E050	LDI SYSVALUECOPY,0
00031A	9350 01B5	STS _MAX7219_REG,SYSVALUECOPY
00031C	E050	LDI SYSVALUECOPY,0
00031D	9350 01B4	STS _MAX7219_DDATA,SYSVALUECOPY
00031F	D2E2	RCALL MAX7219_SENDBYTE
000320	9060 01B0	LDS SYSTEMP1,SYSREPEATTEMP1
000322	946A	DEC SYSTEMP1
000323	9260 01B0	STS SYSREPEATTEMP1,SYSTEMP1
000325	F799	BRNE SYSREPEATLOOP2
		SYSREPEATLOOPEND2
000326	9160 0192	LDS SYSCALCTEMPA,MAX7219_ROWADDRESS
000328	3068	CPI SYSCALCTEMPA,8
000329	F429	BRNE ENDIF3
00032A	9060 018A	LDS SYSTEMP1,MAX7219_DEVICEADDRESS
00032C	9463	INC SYSTEMP1
00032D	9260 018A	STS MAX7219_DEVICEADDRESS,SYSTEMP1
		ENDIF3
00032F	9160 0191	LDS SYSBYTETEMPA,MAX7219_PIXELCOUNTER
000331	E4C0	LDI SYSBYTETEMPB,64
000332	D33C	RCALL SYSCOMPLESSTHAN
000333	FC00	SBRC SYSBYTETEMPX,0
000334	CFA5	RJMP SYSFORLOOP1
		ENDIF4
		SYSFORLOOPEND1
000335	9508	RET


		MAX7219_LEDMATRIX_GLCDDRAWCHAR
000336	9060 0168	LDS SYSTEMP1,CHARCODE
000338	E00F	LDI SYSTEMP2,15
000339	1A60	SUB SYSTEMP1,SYSTEMP2
00033A	9260 0168	STS CHARCODE,SYSTEMP1
00033C	9160 0185	LDS SYSWORDTEMPA,LINECOLOUR
00033E	9170 0186	LDS SYSWORDTEMPA_H,LINECOLOUR_H
000340	91C0 017B	LDS SYSWORDTEMPB,GLCDFOREGROUND
000342	91D0 017C	LDS SYSWORDTEMPB_H,GLCDFOREGROUND_H
000344	D323	RCALL SYSCOMPEQUAL16
000345	9400	COM SYSBYTETEMPX
000346	FE00	SBRS SYSBYTETEMPX,0
000347	C00B	RJMP ENDIF17
000348	E051	LDI SYSVALUECOPY,1
000349	9350 0178	STS GLCDBACKGROUND,SYSVALUECOPY
00034B	E050	LDI SYSVALUECOPY,0
00034C	9350 0179	STS GLCDBACKGROUND_H,SYSVALUECOPY
00034E	E050	LDI SYSVALUECOPY,0
00034F	9350 017B	STS GLCDFOREGROUND,SYSVALUECOPY
000351	9350 017C	STS GLCDFOREGROUND_H,SYSVALUECOPY
		ENDIF17
000353	E050	LDI SYSVALUECOPY,0
000354	9350 016E	STS CURRCHARCOL,SYSVALUECOPY
		SYSFORLOOP7
000356	9060 016E	LDS SYSTEMP1,CURRCHARCOL
000358	9463	INC SYSTEMP1
000359	9260 016E	STS CURRCHARCOL,SYSTEMP1
		SYSSELECT1CASE1
00035B	9160 016E	LDS SYSCALCTEMPA,CURRCHARCOL
00035D	3061	CPI SYSCALCTEMPA,1
00035E	F431	BRNE SYSSELECT1CASE2
00035F	91A0 0168	LDS SYSSTRINGA,CHARCODE
000361	DD6F	RCALL GLCDCHARCOL3
000362	9200 0170	STS CURRCHARVAL,SYSBYTETEMPX
000364	C027	RJMP SYSSELECTEND1
		SYSSELECT1CASE2
000365	9160 016E	LDS SYSCALCTEMPA,CURRCHARCOL
000367	3062	CPI SYSCALCTEMPA,2
000368	F431	BRNE SYSSELECT1CASE3
000369	91A0 0168	LDS SYSSTRINGA,CHARCODE
00036B	DDA9	RCALL GLCDCHARCOL4
00036C	9200 0170	STS CURRCHARVAL,SYSBYTETEMPX
00036E	C01D	RJMP SYSSELECTEND1
		SYSSELECT1CASE3
00036F	9160 016E	LDS SYSCALCTEMPA,CURRCHARCOL
000371	3063	CPI SYSCALCTEMPA,3
000372	F431	BRNE SYSSELECT1CASE4
000373	91A0 0168	LDS SYSSTRINGA,CHARCODE
000375	DDE3	RCALL GLCDCHARCOL5
000376	9200 0170	STS CURRCHARVAL,SYSBYTETEMPX
000378	C013	RJMP SYSSELECTEND1
		SYSSELECT1CASE4
000379	9160 016E	LDS SYSCALCTEMPA,CURRCHARCOL
00037B	3064	CPI SYSCALCTEMPA,4
00037C	F431	BRNE SYSSELECT1CASE5
00037D	91A0 0168	LDS SYSSTRINGA,CHARCODE
00037F	DE1D	RCALL GLCDCHARCOL6
000380	9200 0170	STS CURRCHARVAL,SYSBYTETEMPX
000382	C009	RJMP SYSSELECTEND1
		SYSSELECT1CASE5
000383	9160 016E	LDS SYSCALCTEMPA,CURRCHARCOL
000385	3065	CPI SYSCALCTEMPA,5
000386	F429	BRNE SYSSELECTEND1
000387	91A0 0168	LDS SYSSTRINGA,CHARCODE
000389	DE57	RCALL GLCDCHARCOL7
00038A	9200 0170	STS CURRCHARVAL,SYSBYTETEMPX
		SYSSELECTEND1
00038C	EF5F	LDI SYSVALUECOPY,255
00038D	9350 016F	STS CURRCHARROW,SYSVALUECOPY
		SYSFORLOOP8
00038F	9060 016F	LDS SYSTEMP1,CURRCHARROW
000391	9463	INC SYSTEMP1
000392	9260 016F	STS CURRCHARROW,SYSTEMP1
000394	9050 0170	LDS SYSBITTEST,CURRCHARVAL
000396	FC50	SBRC SYSBITTEST,0
000397	C02D	RJMP ELSE18_1
000398	9100 0169	LDS SYSTEMP2,CHARLOCX
00039A	9120 016E	LDS SYSTEMP3,CURRCHARCOL
00039C	0F02	ADD SYSTEMP2,SYSTEMP3
00039D	2E60	MOV SYSTEMP1,SYSTEMP2
00039E	9100 016A	LDS SYSTEMP2,CHARLOCX_H
0003A0	E020	LDI SYSTEMP3,0
0003A1	1F02	ADC SYSTEMP2,SYSTEMP3
0003A2	2E70	MOV SYSTEMP1_H,SYSTEMP2
0003A3	E001	LDI SYSTEMP2,1
0003A4	1A60	SUB SYSTEMP1,SYSTEMP2
0003A5	9260 018B	STS MAX7219_LOCX,SYSTEMP1
0003A7	E000	LDI SYSTEMP2,0
0003A8	0A70	SBC SYSTEMP1_H,SYSTEMP2
0003A9	9270 018C	STS MAX7219_LOCX_H,SYSTEMP1_H
0003AB	9060 016B	LDS SYSTEMP1,CHARLOCY
0003AD	9100 016F	LDS SYSTEMP2,CURRCHARROW
0003AF	0E60	ADD SYSTEMP1,SYSTEMP2
0003B0	9260 018D	STS MAX7219_LOCY,SYSTEMP1
0003B2	9060 016C	LDS SYSTEMP1,CHARLOCY_H
0003B4	E000	LDI SYSTEMP2,0
0003B5	1E60	ADC SYSTEMP1,SYSTEMP2
0003B6	9260 018E	STS MAX7219_LOCY_H,SYSTEMP1
0003B8	9150 0178	LDS SYSVALUECOPY,GLCDBACKGROUND
0003BA	9350 019A	STS PIXELCOL,SYSVALUECOPY
0003BC	D0FE	RCALL MAX7219_LEDMATRIX_PSET_0
0003BD	9150 019A	LDS SYSVALUECOPY,PIXELCOL
0003BF	9350 0178	STS GLCDBACKGROUND,SYSVALUECOPY
0003C1	E050	LDI SYSVALUECOPY,0
0003C2	9350 0179	STS GLCDBACKGROUND_H,SYSVALUECOPY
0003C4	C02C	RJMP ENDIF18
		ELSE18_1
0003C5	9100 0169	LDS SYSTEMP2,CHARLOCX
0003C7	9120 016E	LDS SYSTEMP3,CURRCHARCOL
0003C9	0F02	ADD SYSTEMP2,SYSTEMP3
0003CA	2E60	MOV SYSTEMP1,SYSTEMP2
0003CB	9100 016A	LDS SYSTEMP2,CHARLOCX_H
0003CD	E020	LDI SYSTEMP3,0
0003CE	1F02	ADC SYSTEMP2,SYSTEMP3
0003CF	2E70	MOV SYSTEMP1_H,SYSTEMP2
0003D0	E001	LDI SYSTEMP2,1
0003D1	1A60	SUB SYSTEMP1,SYSTEMP2
0003D2	9260 018B	STS MAX7219_LOCX,SYSTEMP1
0003D4	E000	LDI SYSTEMP2,0
0003D5	0A70	SBC SYSTEMP1_H,SYSTEMP2
0003D6	9270 018C	STS MAX7219_LOCX_H,SYSTEMP1_H
0003D8	9060 016B	LDS SYSTEMP1,CHARLOCY
0003DA	9100 016F	LDS SYSTEMP2,CURRCHARROW
0003DC	0E60	ADD SYSTEMP1,SYSTEMP2
0003DD	9260 018D	STS MAX7219_LOCY,SYSTEMP1
0003DF	9060 016C	LDS SYSTEMP1,CHARLOCY_H
0003E1	E000	LDI SYSTEMP2,0
0003E2	1E60	ADC SYSTEMP1,SYSTEMP2
0003E3	9260 018E	STS MAX7219_LOCY_H,SYSTEMP1
0003E5	9150 017B	LDS SYSVALUECOPY,GLCDFOREGROUND
0003E7	9350 019A	STS PIXELCOL,SYSVALUECOPY
0003E9	D0D1	RCALL MAX7219_LEDMATRIX_PSET_0
0003EA	9150 019A	LDS SYSVALUECOPY,PIXELCOL
0003EC	9350 017B	STS GLCDFOREGROUND,SYSVALUECOPY
0003EE	E050	LDI SYSVALUECOPY,0
0003EF	9350 017C	STS GLCDFOREGROUND_H,SYSVALUECOPY
		ENDIF18
0003F1	9150 0170	LDS SYSVALUECOPY,CURRCHARVAL
0003F3	9557	ROR SYSVALUECOPY
0003F4	9350 0170	STS CURRCHARVAL,SYSVALUECOPY
0003F6	9160 016F	LDS SYSCALCTEMPA,CURRCHARROW
0003F8	3067	CPI SYSCALCTEMPA,7
0003F9	F408	BRSH ENDIF19
0003FA	CF94	RJMP SYSFORLOOP8
		ENDIF19
		SYSFORLOOPEND8
0003FB	9160 016E	LDS SYSCALCTEMPA,CURRCHARCOL
0003FD	3065	CPI SYSCALCTEMPA,5
0003FE	F408	BRSH ENDIF20
0003FF	CF56	RJMP SYSFORLOOP7
		ENDIF20
		SYSFORLOOPEND7
000400	E050	LDI SYSVALUECOPY,0
000401	9350 0178	STS GLCDBACKGROUND,SYSVALUECOPY
000403	9350 0179	STS GLCDBACKGROUND_H,SYSVALUECOPY
000405	E051	LDI SYSVALUECOPY,1
000406	9350 017B	STS GLCDFOREGROUND,SYSVALUECOPY
000408	E050	LDI SYSVALUECOPY,0
000409	9350 017C	STS GLCDFOREGROUND_H,SYSVALUECOPY
00040B	9508	RET


		MAX7219_LEDMATRIX_GLCDPRINT16
00040C	91A0 01A9	LDS SYSSTRINGA,SYSLCDPRINTDATAHANDLER
00040E	91B0 01AA	LDS SYSSTRINGA_H,SYSLCDPRINTDATAHANDLER_H
000410	915C	LD SYSVALUECOPY,X
000411	9350 019B	STS PRINTLEN,SYSVALUECOPY
000413	9160 019B	LDS SYSCALCTEMPA,PRINTLEN
000415	2366	TST SYSCALCTEMPA
000416	F409	BRNE ENDIF14
000417	9508	RET
		ENDIF14
000418	9150 019C	LDS SYSVALUECOPY,PRINTLOCX
00041A	9350 017D	STS GLCDPRINTLOC,SYSVALUECOPY
00041C	9150 019D	LDS SYSVALUECOPY,PRINTLOCX_H
00041E	9350 017E	STS GLCDPRINTLOC_H,SYSVALUECOPY
000420	E050	LDI SYSVALUECOPY,0
000421	9350 01AF	STS SYSPRINTTEMP,SYSVALUECOPY
000423	9160 019B	LDS SYSCALCTEMPA,PRINTLEN
000425	3061	CPI SYSCALCTEMPA,1
000426	F408	BRSH ENDIF15
000427	C040	RJMP SYSFORLOOPEND6
		ENDIF15
		SYSFORLOOP6
000428	9060 01AF	LDS SYSTEMP1,SYSPRINTTEMP
00042A	9463	INC SYSTEMP1
00042B	9260 01AF	STS SYSPRINTTEMP,SYSTEMP1
00042D	9150 017D	LDS SYSVALUECOPY,GLCDPRINTLOC
00042F	9350 0169	STS CHARLOCX,SYSVALUECOPY
000431	9150 017E	LDS SYSVALUECOPY,GLCDPRINTLOC_H
000433	9350 016A	STS CHARLOCX_H,SYSVALUECOPY
000435	9150 019E	LDS SYSVALUECOPY,PRINTLOCY
000437	9350 016B	STS CHARLOCY,SYSVALUECOPY
000439	9150 019F	LDS SYSVALUECOPY,PRINTLOCY_H
00043B	9350 016C	STS CHARLOCY_H,SYSVALUECOPY
00043D	9060 01A9	LDS SYSTEMP1,SYSLCDPRINTDATAHANDLER
00043F	9100 01AF	LDS SYSTEMP2,SYSPRINTTEMP
000441	0E60	ADD SYSTEMP1,SYSTEMP2
000442	2DA6	MOV SYSSTRINGA,SYSTEMP1
000443	9060 01AA	LDS SYSTEMP1,SYSLCDPRINTDATAHANDLER_H
000445	E000	LDI SYSTEMP2,0
000446	1E60	ADC SYSTEMP1,SYSTEMP2
000447	2DB6	MOV SYSSTRINGA_H,SYSTEMP1
000448	915C	LD SYSVALUECOPY,X
000449	9350 0168	STS CHARCODE,SYSVALUECOPY
00044B	9150 017B	LDS SYSVALUECOPY,GLCDFOREGROUND
00044D	9350 0185	STS LINECOLOUR,SYSVALUECOPY
00044F	9150 017C	LDS SYSVALUECOPY,GLCDFOREGROUND_H
000451	9350 0186	STS LINECOLOUR_H,SYSVALUECOPY
000453	DEE2	RCALL MAX7219_LEDMATRIX_GLCDDRAWCHAR
000454	9060 017D	LDS SYSTEMP1,GLCDPRINTLOC
000456	9100 017A	LDS SYSTEMP2,GLCDFONTWIDTH
000458	0E60	ADD SYSTEMP1,SYSTEMP2
000459	9260 017D	STS GLCDPRINTLOC,SYSTEMP1
00045B	9060 017E	LDS SYSTEMP1,GLCDPRINTLOC_H
00045D	E000	LDI SYSTEMP2,0
00045E	1E60	ADC SYSTEMP1,SYSTEMP2
00045F	9260 017E	STS GLCDPRINTLOC_H,SYSTEMP1
000461	9160 01AF	LDS SYSCALCTEMPA,SYSPRINTTEMP
000463	91C0 019B	LDS SYSCALCTEMPB,PRINTLEN
000465	176C	CP SYSCALCTEMPA,SYSCALCTEMPB
000466	F408	BRSH ENDIF16
000467	CFC0	RJMP SYSFORLOOP6
		ENDIF16
		SYSFORLOOPEND6
000468	9508	RET


		MAX7219_LEDMATRIX_INIT
000469	E050	LDI SYSVALUECOPY,0
00046A	9350 0178	STS GLCDBACKGROUND,SYSVALUECOPY
00046C	9350 0179	STS GLCDBACKGROUND_H,SYSVALUECOPY
00046E	E051	LDI SYSVALUECOPY,1
00046F	9350 017B	STS GLCDFOREGROUND,SYSVALUECOPY
000471	E050	LDI SYSVALUECOPY,0
000472	9350 017C	STS GLCDFOREGROUND_H,SYSVALUECOPY
000474	9A23	SBI DDRB,3
000475	9A25	SBI DDRB,5
000476	9A22	SBI DDRB,2
000477	E6D4	LDI SYSWAITTEMPMS,100
000478	E0E0	LDI SYSWAITTEMPMS_H,0
000479	DC2D	RCALL DELAY_MS
00047A	E05B	LDI SYSVALUECOPY,11
00047B	9350 01A2	STS SPICURRENTMODE,SYSVALUECOPY
00047D	E050	LDI SYSVALUECOPY,0
00047E	9350 01A1	STS SPICLOCKMODE,SYSVALUECOPY
000480	D198	RCALL SPIMODE554
000481	982B	CBI PORTB,3
000482	E6D4	LDI SYSWAITTEMPMS,100
000483	E0E0	LDI SYSWAITTEMPMS_H,0
000484	DC22	RCALL DELAY_MS
000485	E05B	LDI SYSVALUECOPY,11
000486	9350 01B5	STS _MAX7219_REG,SYSVALUECOPY
000488	E057	LDI SYSVALUECOPY,7
000489	9350 01B4	STS _MAX7219_DDATA,SYSVALUECOPY
00048B	D176	RCALL MAX7219_SENDBYTE
00048C	E059	LDI SYSVALUECOPY,9
00048D	9350 01B5	STS _MAX7219_REG,SYSVALUECOPY
00048F	E050	LDI SYSVALUECOPY,0
000490	9350 01B4	STS _MAX7219_DDATA,SYSVALUECOPY
000492	D16F	RCALL MAX7219_SENDBYTE
000493	E05C	LDI SYSVALUECOPY,12
000494	9350 01B5	STS _MAX7219_REG,SYSVALUECOPY
000496	E051	LDI SYSVALUECOPY,1
000497	9350 01B4	STS _MAX7219_DDATA,SYSVALUECOPY
000499	D168	RCALL MAX7219_SENDBYTE
00049A	E05F	LDI SYSVALUECOPY,15
00049B	9350 01B5	STS _MAX7219_REG,SYSVALUECOPY
00049D	E050	LDI SYSVALUECOPY,0
00049E	9350 01B4	STS _MAX7219_DDATA,SYSVALUECOPY
0004A0	D161	RCALL MAX7219_SENDBYTE
0004A1	E05A	LDI SYSVALUECOPY,10
0004A2	9350 01B5	STS _MAX7219_REG,SYSVALUECOPY
0004A4	E050	LDI SYSVALUECOPY,0
0004A5	9350 01B4	STS _MAX7219_DDATA,SYSVALUECOPY
0004A7	D15A	RCALL MAX7219_SENDBYTE
0004A8	E6D4	LDI SYSWAITTEMPMS,100
0004A9	E0E0	LDI SYSWAITTEMPMS_H,0
0004AA	DBFC	RCALL DELAY_MS
0004AB	9A2A	SBI PORTB,2
0004AC	E6D4	LDI SYSWAITTEMPMS,100
0004AD	E0E0	LDI SYSWAITTEMPMS_H,0
0004AE	DBF8	RCALL DELAY_MS
0004AF	982A	CBI PORTB,2
0004B0	E6D4	LDI SYSWAITTEMPMS,100
0004B1	E0E0	LDI SYSWAITTEMPMS_H,0
0004B2	DBF4	RCALL DELAY_MS
0004B3	9A2A	SBI PORTB,2
0004B4	E6D4	LDI SYSWAITTEMPMS,100
0004B5	E0E0	LDI SYSWAITTEMPMS_H,0
0004B6	DBF0	RCALL DELAY_MS
0004B7	E056	LDI SYSVALUECOPY,6
0004B8	9350 017A	STS GLCDFONTWIDTH,SYSVALUECOPY
0004BA	CE14	RJMP MAX7219_LEDMATRIX_GLCDCLS


		MAX7219_LEDMATRIX_PSET_0
0004BB	91C0 018B	LDS SYSWORDTEMPB,MAX7219_LOCX
0004BD	91D0 018C	LDS SYSWORDTEMPB_H,MAX7219_LOCX_H
0004BF	E36F	LDI SYSWORDTEMPA,63
0004C0	E070	LDI SYSWORDTEMPA_H,0
0004C1	D1B3	RCALL SYSCOMPLESSTHAN16
0004C2	FC00	SBRC SYSBYTETEMPX,0
0004C3	9508	RET
		ENDIF25
0004C4	9160 018D	LDS SYSWORDTEMPA,MAX7219_LOCY
0004C6	9170 018E	LDS SYSWORDTEMPA_H,MAX7219_LOCY_H
0004C8	E0C8	LDI SYSWORDTEMPB,8
0004C9	E0D0	LDI SYSWORDTEMPB_H,0
0004CA	D1D1	RCALL SYSDIVSUB16
0004CB	9360 0173	STS ELEMENTBIT,SYSWORDTEMPA
0004CD	91C0 0173	LDS SYSBYTETEMPB,ELEMENTBIT
0004CF	E060	LDI SYSBYTETEMPA,0
0004D0	D19E	RCALL SYSCOMPLESSTHAN
0004D1	FC00	SBRC SYSBYTETEMPX,0
0004D2	9508	RET
		ENDIF26
0004D3	9160 018B	LDS SYSWORDTEMPA,MAX7219_LOCX
0004D5	9170 018C	LDS SYSWORDTEMPA_H,MAX7219_LOCX_H
0004D7	E0C8	LDI SYSWORDTEMPB,8
0004D8	E0D0	LDI SYSWORDTEMPB_H,0
0004D9	D1C2	RCALL SYSDIVSUB16
0004DA	9200 0173	STS ELEMENTBIT,SYSWORDTEMPX
0004DC	9160 018B	LDS SYSWORDTEMPA,MAX7219_LOCX
0004DE	9170 018C	LDS SYSWORDTEMPA_H,MAX7219_LOCX_H
0004E0	E0C8	LDI SYSWORDTEMPB,8
0004E1	E0D0	LDI SYSWORDTEMPB_H,0
0004E2	D1B9	RCALL SYSDIVSUB16
0004E3	2E66	MOV SYSTEMP1,SYSWORDTEMPA
0004E4	2E77	MOV SYSTEMP1_H,SYSWORDTEMPA_H
0004E5	2D66	MOV SYSWORDTEMPA,SYSTEMP1
0004E6	2D77	MOV SYSWORDTEMPA_H,SYSTEMP1_H
0004E7	E0C8	LDI SYSWORDTEMPB,8
0004E8	E0D0	LDI SYSWORDTEMPB_H,0
0004E9	D1E1	RCALL SYSMULTSUB16
0004EA	2D00	MOV SYSTEMP2,SYSWORDTEMPX
0004EB	2D11	MOV SYSTEMP2_H,SYSWORDTEMPX_H
0004EC	E028	LDI SYSTEMP3,8
0004ED	9040 018D	LDS SYSTEMP4,MAX7219_LOCY
0004EF	1924	SUB SYSTEMP3,SYSTEMP4
0004F0	2E62	MOV SYSTEMP1,SYSTEMP3
0004F1	E020	LDI SYSTEMP3,0
0004F2	9040 018E	LDS SYSTEMP4,MAX7219_LOCY_H
0004F4	0924	SBC SYSTEMP3,SYSTEMP4
0004F5	2E72	MOV SYSTEMP1_H,SYSTEMP3
0004F6	0D06	ADD SYSTEMP2,SYSTEMP1
0004F7	9300 0172	STS ELEMENT,SYSTEMP2
0004F9	91C0 019A	LDS SYSBYTETEMPB,PIXELCOL
0004FB	9150 0173	LDS SYSVALUECOPY,ELEMENTBIT
0004FD	9350 0199	STS NUMBITS,SYSVALUECOPY
0004FF	DBBD	RCALL FN_FNLSL430
000500	9040 0172	LDS SYSTEMP4,ELEMENT
000502	E020	LDI SYSTEMP3,LOW(MAX7219_IMAGE_BUFFER)
000503	0E42	ADD SYSTEMP4,SYSTEMP3
000504	2DA4	MOV SYSSTRINGA,SYSTEMP4
000505	E020	LDI SYSTEMP3,0
000506	E001	LDI SYSTEMP2,HIGH(MAX7219_IMAGE_BUFFER)
000507	1F20	ADC SYSTEMP3,SYSTEMP2
000508	2FB2	MOV SYSSTRINGA_H,SYSTEMP3
000509	915D	LD SYSVALUECOPY,X+
00050A	9350 01A6	STS SYSARRAYTEMP2,SYSVALUECOPY
00050C	9040 01A6	LDS SYSTEMP4,SYSARRAYTEMP2
00050E	9060 0174	LDS SYSTEMP1,SYSFNLSLBYTE
000510	2864	OR SYSTEMP1,SYSTEMP4
000511	9260 01A5	STS SYSARRAYTEMP1,SYSTEMP1
000513	9040 0172	LDS SYSTEMP4,ELEMENT
000515	E020	LDI SYSTEMP3,LOW(MAX7219_IMAGE_BUFFER)
000516	0E42	ADD SYSTEMP4,SYSTEMP3
000517	2DA4	MOV SYSSTRINGA,SYSTEMP4
000518	E020	LDI SYSTEMP3,0
000519	E001	LDI SYSTEMP2,HIGH(MAX7219_IMAGE_BUFFER)
00051A	1F20	ADC SYSTEMP3,SYSTEMP2
00051B	2FB2	MOV SYSSTRINGA_H,SYSTEMP3
00051C	9150 01A5	LDS SYSVALUECOPY,SYSARRAYTEMP1
00051E	935D	ST X+,SYSVALUECOPY
00051F	9508	RET


		MAX7219_LEDMATRIX_SCROLLMESSAGE
000520	91A0 01AD	LDS SYSSTRINGA,SYSOUTMESSAGEHANDLER
000522	91B0 01AE	LDS SYSSTRINGA_H,SYSOUTMESSAGEHANDLER_H
000524	916C	LD SYSWORDTEMPA,X
000525	E070	LDI SYSWORDTEMPA_H,0
000526	91C0 017A	LDS SYSWORDTEMPB,GLCDFONTWIDTH
000528	E0D0	LDI SYSWORDTEMPB_H,0
000529	D1A1	RCALL SYSMULTSUB16
00052A	9200 0193	STS MAX7219_SCROLLLEN,SYSWORDTEMPX
00052C	9210 0194	STS MAX7219_SCROLLLEN_H,SYSWORDTEMPX_H
00052E	E35F	LDI SYSVALUECOPY,63
00052F	9350 0197	STS MAX7219_XSCROLLPOSITION,SYSVALUECOPY
000531	E050	LDI SYSVALUECOPY,0
000532	9350 0198	STS MAX7219_XSCROLLPOSITION_H,SYSVALUECOPY
000534	EF5F	LDI SYSVALUECOPY,255
000535	9350 0195	STS MAX7219_SCROLLPOSITION,SYSVALUECOPY
000537	9350 0196	STS MAX7219_SCROLLPOSITION_H,SYSVALUECOPY
000539	9100 0193	LDS SYSTEMP2,MAX7219_SCROLLLEN
00053B	E021	LDI SYSTEMP3,1
00053C	1B02	SUB SYSTEMP2,SYSTEMP3
00053D	2E60	MOV SYSTEMP1,SYSTEMP2
00053E	9100 0194	LDS SYSTEMP2,MAX7219_SCROLLLEN_H
000540	E020	LDI SYSTEMP3,0
000541	0B02	SBC SYSTEMP2,SYSTEMP3
000542	2E70	MOV SYSTEMP1_H,SYSTEMP2
000543	E0C0	LDI SYSWORDTEMPB,0
000544	E0D0	LDI SYSWORDTEMPB_H,0
000545	2D66	MOV SYSWORDTEMPA,SYSTEMP1
000546	2D77	MOV SYSWORDTEMPA_H,SYSTEMP1_H
000547	D12D	RCALL SYSCOMPLESSTHAN16
000548	FC00	SBRC SYSBYTETEMPX,0
000549	C050	RJMP SYSFORLOOPEND2
		ENDIF5
		SYSFORLOOP2
00054A	9060 0195	LDS SYSTEMP1,MAX7219_SCROLLPOSITION
00054C	9463	INC SYSTEMP1
00054D	9260 0195	STS MAX7219_SCROLLPOSITION,SYSTEMP1
00054F	9060 0196	LDS SYSTEMP1,MAX7219_SCROLLPOSITION_H
000551	F409	BRNE PC + 2
000552	9463	INC SYSTEMP1
000553	9260 0196	STS MAX7219_SCROLLPOSITION_H,SYSTEMP1
000555	DD61	RCALL MAX7219_LEDMATRIX_CLEARBUFFER
000556	9150 0197	LDS SYSVALUECOPY,MAX7219_XSCROLLPOSITION
000558	9350 019C	STS PRINTLOCX,SYSVALUECOPY
00055A	9150 0198	LDS SYSVALUECOPY,MAX7219_XSCROLLPOSITION_H
00055C	9350 019D	STS PRINTLOCX_H,SYSVALUECOPY
00055E	E050	LDI SYSVALUECOPY,0
00055F	9350 019E	STS PRINTLOCY,SYSVALUECOPY
000561	9350 019F	STS PRINTLOCY_H,SYSVALUECOPY
000563	9150 01AD	LDS SYSVALUECOPY,SYSOUTMESSAGEHANDLER
000565	9350 01A9	STS SYSLCDPRINTDATAHANDLER,SYSVALUECOPY
000567	9150 01AE	LDS SYSVALUECOPY,SYSOUTMESSAGEHANDLER_H
000569	9350 01AA	STS SYSLCDPRINTDATAHANDLER_H,SYSVALUECOPY
00056B	DEA0	RCALL MAX7219_LEDMATRIX_GLCDPRINT16
00056C	9060 0197	LDS SYSTEMP1,MAX7219_XSCROLLPOSITION
00056E	E001	LDI SYSTEMP2,1
00056F	1A60	SUB SYSTEMP1,SYSTEMP2
000570	9260 0197	STS MAX7219_XSCROLLPOSITION,SYSTEMP1
000572	9060 0198	LDS SYSTEMP1,MAX7219_XSCROLLPOSITION_H
000574	E000	LDI SYSTEMP2,0
000575	0A60	SBC SYSTEMP1,SYSTEMP2
000576	9260 0198	STS MAX7219_XSCROLLPOSITION_H,SYSTEMP1
000578	D022	RCALL MAX7219_LEDMATRIX_SENDBUFFER
000579	91C0 018F	LDS SYSWORDTEMPB,MAX7219_MESSAGETIME
00057B	91D0 0190	LDS SYSWORDTEMPB_H,MAX7219_MESSAGETIME_H
00057D	E060	LDI SYSWORDTEMPA,0
00057E	E070	LDI SYSWORDTEMPA_H,0
00057F	D0F5	RCALL SYSCOMPLESSTHAN16
000580	FE00	SBRS SYSBYTETEMPX,0
000581	C005	RJMP ENDIF6
000582	91D0 018F	LDS SYSWAITTEMPMS,MAX7219_MESSAGETIME
000584	91E0 0190	LDS SYSWAITTEMPMS_H,MAX7219_MESSAGETIME_H
000586	DB20	RCALL DELAY_MS
		ENDIF6
000587	9100 0193	LDS SYSTEMP2,MAX7219_SCROLLLEN
000589	E021	LDI SYSTEMP3,1
00058A	1B02	SUB SYSTEMP2,SYSTEMP3
00058B	2E60	MOV SYSTEMP1,SYSTEMP2
00058C	9100 0194	LDS SYSTEMP2,MAX7219_SCROLLLEN_H
00058E	E020	LDI SYSTEMP3,0
00058F	0B02	SBC SYSTEMP2,SYSTEMP3
000590	2E70	MOV SYSTEMP1_H,SYSTEMP2
000591	9160 0195	LDS SYSWORDTEMPA,MAX7219_SCROLLPOSITION
000593	9170 0196	LDS SYSWORDTEMPA_H,MAX7219_SCROLLPOSITION_H
000595	2DC6	MOV SYSWORDTEMPB,SYSTEMP1
000596	2DD7	MOV SYSWORDTEMPB_H,SYSTEMP1_H
000597	D0DD	RCALL SYSCOMPLESSTHAN16
000598	FC00	SBRC SYSBYTETEMPX,0
000599	CFB0	RJMP SYSFORLOOP2
		ENDIF7
		SYSFORLOOPEND2
00059A	9508	RET


		MAX7219_LEDMATRIX_SENDBUFFER
00059B	E051	LDI SYSVALUECOPY,1
00059C	9350 0191	STS MAX7219_PIXELCOUNTER,SYSVALUECOPY
00059E	9A2A	SBI PORTB,2
00059F	E050	LDI SYSVALUECOPY,0
0005A0	9350 0188	STS MAX7219_CURRENTMATRIX,SYSVALUECOPY
		SYSFORLOOP3
0005A2	9060 0188	LDS SYSTEMP1,MAX7219_CURRENTMATRIX
0005A4	9463	INC SYSTEMP1
0005A5	9260 0188	STS MAX7219_CURRENTMATRIX,SYSTEMP1
0005A7	E050	LDI SYSVALUECOPY,0
0005A8	9350 0171	STS CURRPIXELY,SYSVALUECOPY
		SYSFORLOOP4
0005AA	9060 0171	LDS SYSTEMP1,CURRPIXELY
0005AC	9463	INC SYSTEMP1
0005AD	9260 0171	STS CURRPIXELY,SYSTEMP1
0005AF	982A	CBI PORTB,2
0005B0	E008	LDI SYSTEMP2,8
0005B1	9060 0188	LDS SYSTEMP1,MAX7219_CURRENTMATRIX
0005B3	1906	SUB SYSTEMP2,SYSTEMP1
0005B4	9300 01B2	STS SYSREPEATTEMP4,SYSTEMP2
0005B6	9160 01B2	LDS SYSCALCTEMPA,SYSREPEATTEMP4
0005B8	2366	TST SYSCALCTEMPA
0005B9	F409	BRNE PC + 2
0005BA	C00D	RJMP SYSREPEATLOOPEND4
		SYSREPEATLOOP4
0005BB	E050	LDI SYSVALUECOPY,0
0005BC	9350 01B5	STS _MAX7219_REG,SYSVALUECOPY
0005BE	E050	LDI SYSVALUECOPY,0
0005BF	9350 01B4	STS _MAX7219_DDATA,SYSVALUECOPY
0005C1	D04D	RCALL MAX7219_SENDBYTESTREAM
0005C2	9060 01B2	LDS SYSTEMP1,SYSREPEATTEMP4
0005C4	946A	DEC SYSTEMP1
0005C5	9260 01B2	STS SYSREPEATTEMP4,SYSTEMP1
0005C7	F799	BRNE SYSREPEATLOOP4
		SYSREPEATLOOPEND4
0005C8	9150 0171	LDS SYSVALUECOPY,CURRPIXELY
0005CA	9350 01B5	STS _MAX7219_REG,SYSVALUECOPY
0005CC	9060 0191	LDS SYSTEMP1,MAX7219_PIXELCOUNTER
0005CE	E000	LDI SYSTEMP2,LOW(MAX7219_IMAGE_BUFFER)
0005CF	0E60	ADD SYSTEMP1,SYSTEMP2
0005D0	2DA6	MOV SYSSTRINGA,SYSTEMP1
0005D1	E000	LDI SYSTEMP2,0
0005D2	E021	LDI SYSTEMP3,HIGH(MAX7219_IMAGE_BUFFER)
0005D3	1F02	ADC SYSTEMP2,SYSTEMP3
0005D4	2FB0	MOV SYSSTRINGA_H,SYSTEMP2
0005D5	915C	LD SYSVALUECOPY,X
0005D6	9350 01B4	STS _MAX7219_DDATA,SYSVALUECOPY
0005D8	D036	RCALL MAX7219_SENDBYTESTREAM
0005D9	9060 0188	LDS SYSTEMP1,MAX7219_CURRENTMATRIX
0005DB	946A	DEC SYSTEMP1
0005DC	9260 01B2	STS SYSREPEATTEMP4,SYSTEMP1
0005DE	9160 01B2	LDS SYSCALCTEMPA,SYSREPEATTEMP4
0005E0	2366	TST SYSCALCTEMPA
0005E1	F409	BRNE PC + 2
0005E2	C00D	RJMP SYSREPEATLOOPEND5
		SYSREPEATLOOP5
0005E3	E050	LDI SYSVALUECOPY,0
0005E4	9350 01B5	STS _MAX7219_REG,SYSVALUECOPY
0005E6	E050	LDI SYSVALUECOPY,0
0005E7	9350 01B4	STS _MAX7219_DDATA,SYSVALUECOPY
0005E9	D025	RCALL MAX7219_SENDBYTESTREAM
0005EA	9060 01B2	LDS SYSTEMP1,SYSREPEATTEMP4
0005EC	946A	DEC SYSTEMP1
0005ED	9260 01B2	STS SYSREPEATTEMP4,SYSTEMP1
0005EF	F799	BRNE SYSREPEATLOOP5
		SYSREPEATLOOPEND5
0005F0	9060 0191	LDS SYSTEMP1,MAX7219_PIXELCOUNTER
0005F2	9463	INC SYSTEMP1
0005F3	9260 0191	STS MAX7219_PIXELCOUNTER,SYSTEMP1
0005F5	9A2A	SBI PORTB,2
0005F6	9160 0171	LDS SYSCALCTEMPA,CURRPIXELY
0005F8	3068	CPI SYSCALCTEMPA,8
0005F9	F408	BRSH ENDIF10
0005FA	CFAF	RJMP SYSFORLOOP4
		ENDIF10
		SYSFORLOOPEND4
0005FB	9160 0188	LDS SYSBYTETEMPA,MAX7219_CURRENTMATRIX
0005FD	E0C8	LDI SYSBYTETEMPB,8
0005FE	D070	RCALL SYSCOMPLESSTHAN
0005FF	FC00	SBRC SYSBYTETEMPX,0
000600	CFA1	RJMP SYSFORLOOP3
		ENDIF11
		SYSFORLOOPEND3
000601	9508	RET


		MAX7219_SENDBYTE
000602	982A	CBI PORTB,2
000603	9150 01B5	LDS SYSVALUECOPY,_MAX7219_REG
000605	9350 01A3	STS SPITXDATA,SYSVALUECOPY
000607	DAAB	RCALL FASTHWSPITRANSFER
000608	9150 01B4	LDS SYSVALUECOPY,_MAX7219_DDATA
00060A	9350 01A3	STS SPITXDATA,SYSVALUECOPY
00060C	DAA6	RCALL FASTHWSPITRANSFER
00060D	9A2A	SBI PORTB,2
00060E	9508	RET


		MAX7219_SENDBYTESTREAM
00060F	9150 01B5	LDS SYSVALUECOPY,_MAX7219_REG
000611	9350 01A3	STS SPITXDATA,SYSVALUECOPY
000613	DA9F	RCALL FASTHWSPITRANSFER
000614	9150 01B4	LDS SYSVALUECOPY,_MAX7219_DDATA
000616	9350 01A3	STS SPITXDATA,SYSVALUECOPY
000618	CA9A	RJMP FASTHWSPITRANSFER


		SPIMODE554
000619	B55C	IN SYSVALUECOPY,SPCR
00061A	7B5F	CBR SYSVALUECOPY,1<<SPE
00061B	BD5C	OUT SPCR,SYSVALUECOPY
00061C	B55C	IN SYSVALUECOPY,SPCR
00061D	7F5B	CBR SYSVALUECOPY,1<<CPHA
00061E	BD5C	OUT SPCR,SYSVALUECOPY
00061F	9050 01A1	LDS SYSBITTEST,SPICLOCKMODE
000621	FE50	SBRS SYSBITTEST,0
000622	C003	RJMP ENDIF21
000623	B55C	IN SYSVALUECOPY,SPCR
000624	6054	SBR SYSVALUECOPY,1<<CPHA
000625	BD5C	OUT SPCR,SYSVALUECOPY
		ENDIF21
000626	B55C	IN SYSVALUECOPY,SPCR
000627	7F57	CBR SYSVALUECOPY,1<<CPOL
000628	BD5C	OUT SPCR,SYSVALUECOPY
000629	9050 01A1	LDS SYSBITTEST,SPICLOCKMODE
00062B	FE51	SBRS SYSBITTEST,1
00062C	C003	RJMP ENDIF22
00062D	B55C	IN SYSVALUECOPY,SPCR
00062E	6058	SBR SYSVALUECOPY,1<<CPOL
00062F	BD5C	OUT SPCR,SYSVALUECOPY
		ENDIF22
000630	B55C	IN SYSVALUECOPY,SPCR
000631	7E5F	CBR SYSVALUECOPY,1<<MSTR
000632	BD5C	OUT SPCR,SYSVALUECOPY
000633	B55D	IN SYSVALUECOPY,SPSR
000634	7F5E	CBR SYSVALUECOPY,1<<SPI2X
000635	BD5D	OUT SPSR,SYSVALUECOPY
000636	B55C	IN SYSVALUECOPY,SPCR
000637	7F5E	CBR SYSVALUECOPY,1<<SPR0
000638	BD5C	OUT SPCR,SYSVALUECOPY
000639	B55C	IN SYSVALUECOPY,SPCR
00063A	7F5D	CBR SYSVALUECOPY,1<<SPR1
00063B	BD5C	OUT SPCR,SYSVALUECOPY
		SYSSELECT2CASE1
00063C	9160 01A2	LDS SYSCALCTEMPA,SPICURRENTMODE
00063E	306E	CPI SYSCALCTEMPA,14
00063F	F439	BRNE SYSSELECT2CASE2
000640	B55C	IN SYSVALUECOPY,SPCR
000641	6150	SBR SYSVALUECOPY,1<<MSTR
000642	BD5C	OUT SPCR,SYSVALUECOPY
000643	B55D	IN SYSVALUECOPY,SPSR
000644	6051	SBR SYSVALUECOPY,1<<SPI2X
000645	BD5D	OUT SPSR,SYSVALUECOPY
000646	C01D	RJMP SYSSELECTEND2
		SYSSELECT2CASE2
000647	9160 01A2	LDS SYSCALCTEMPA,SPICURRENTMODE
000649	306D	CPI SYSCALCTEMPA,13
00064A	F421	BRNE SYSSELECT2CASE3
00064B	B55C	IN SYSVALUECOPY,SPCR
00064C	6150	SBR SYSVALUECOPY,1<<MSTR
00064D	BD5C	OUT SPCR,SYSVALUECOPY
00064E	C015	RJMP SYSSELECTEND2
		SYSSELECT2CASE3
00064F	9160 01A2	LDS SYSCALCTEMPA,SPICURRENTMODE
000651	306C	CPI SYSCALCTEMPA,12
000652	F439	BRNE SYSSELECT2CASE4
000653	B55C	IN SYSVALUECOPY,SPCR
000654	6150	SBR SYSVALUECOPY,1<<MSTR
000655	BD5C	OUT SPCR,SYSVALUECOPY
000656	B55C	IN SYSVALUECOPY,SPCR
000657	6051	SBR SYSVALUECOPY,1<<SPR0
000658	BD5C	OUT SPCR,SYSVALUECOPY
000659	C00A	RJMP SYSSELECTEND2
		SYSSELECT2CASE4
00065A	9160 01A2	LDS SYSCALCTEMPA,SPICURRENTMODE
00065C	306B	CPI SYSCALCTEMPA,11
00065D	F431	BRNE SYSSELECTEND2
00065E	B55C	IN SYSVALUECOPY,SPCR
00065F	6150	SBR SYSVALUECOPY,1<<MSTR
000660	BD5C	OUT SPCR,SYSVALUECOPY
000661	B55C	IN SYSVALUECOPY,SPCR
000662	6052	SBR SYSVALUECOPY,1<<SPR1
000663	BD5C	OUT SPCR,SYSVALUECOPY
		SYSSELECTEND2
000664	B55C	IN SYSVALUECOPY,SPCR
000665	6450	SBR SYSVALUECOPY,1<<SPE
000666	BD5C	OUT SPCR,SYSVALUECOPY
000667	9508	RET


		SYSCOMPEQUAL16
000668	2400	CLR SYSBYTETEMPX
000669	176C	CP SYSWORDTEMPA, SYSWORDTEMPB
00066A	F419	BRNE SCE16FALSE
00066B	177D	CP SYSWORDTEMPA_H, SYSWORDTEMPB_H
00066C	F409	BRNE SCE16FALSE
00066D	9400	COM SYSBYTETEMPX
		SCE16FALSE
00066E	9508	RET


		SYSCOMPLESSTHAN
00066F	2400	CLR SYSBYTETEMPX
000670	176C	CP SYSBYTETEMPA,SYSBYTETEMPB
000671	F008	BRLO SCLTTRUE
000672	9508	RET
		SCLTTRUE
000673	9400	COM SYSBYTETEMPX
000674	9508	RET


		SYSCOMPLESSTHAN16
000675	2400	CLR SYSBYTETEMPX
000676	17D7	CP SYSWORDTEMPB_H,SYSWORDTEMPA_H
000677	F030	BRLO SCLT16FALSE
000678	177D	CP SYSWORDTEMPA_H,SYSWORDTEMPB_H
000679	F018	BRLO SCLT16TRUE
00067A	176C	CP SYSWORDTEMPA,SYSWORDTEMPB
00067B	F008	BRLO SCLT16TRUE
00067C	9508	RET
		SCLT16TRUE
00067D	9400	COM SYSBYTETEMPX
		SCLT16FALSE
00067E	9508	RET


		SYSCOPYSTRING
00067F	916D	LD SYSCALCTEMPA, X+
000680	9369	ST Y+, SYSCALCTEMPA
000681	C002	RJMP SYSCOPYSTRINGCHECK
		SYSCOPYSTRINGPART
000682	916D	LD SYSCALCTEMPA, X+
000683	0F96	ADD SYSSTRINGLENGTH, SYSCALCTEMPA
		SYSCOPYSTRINGCHECK
000684	3060	CPI SYSCALCTEMPA,0
000685	F409	BRNE SYSSTRINGCOPY
000686	9508	RET
		SYSSTRINGCOPY
000687	91ED	LD SYSREADA, X+
000688	93E9	ST Y+, SYSREADA
000689	956A	DEC SYSCALCTEMPA
00068A	F7E1	BRNE SYSSTRINGCOPY
00068B	9508	RET


		SYSDIVSUB
00068C	23CC	TST SYSBYTETEMPB
00068D	F409	BRNE DIV8CONT
00068E	9508	RET
		DIV8CONT
00068F	2400	CLR SYSBYTETEMPX
000690	E058	LDI SYSVALUECOPY,8
000691	2E55	MOV SYSDIVLOOP,SYSVALUECOPY
		SYSDIV8START
000692	0F66	LSL SYSBYTETEMPA
000693	1C00	ROL SYSBYTETEMPX
000694	1A0C	SUB SYSBYTETEMPX,SYSBYTETEMPB
000695	6061	SBR SYSBYTETEMPA,1
000696	F410	BRSH DIV8NOTNEG
000697	7F6E	CBR SYSBYTETEMPA,1
000698	0E0C	ADD SYSBYTETEMPX,SYSBYTETEMPB
		DIV8NOTNEG
000699	945A	DEC SYSDIVLOOP
00069A	F7B9	BRNE SYSDIV8START
00069B	9508	RET


		SYSDIVSUB16
00069C	2F86	MOV SYSDIVMULTA,SYSWORDTEMPA
00069D	2F97	MOV SYSDIVMULTA_H,SYSWORDTEMPA_H
00069E	2FEC	MOV SYSDIVMULTB,SYSWORDTEMPB
00069F	2FFD	MOV SYSDIVMULTB_H,SYSWORDTEMPB_H
0006A0	E050	LDI SYSVALUECOPY,0
0006A1	2E25	MOV SYSDIVMULTX,SYSVALUECOPY
0006A2	E050	LDI SYSVALUECOPY,0
0006A3	2E35	MOV SYSDIVMULTX_H,SYSVALUECOPY
0006A4	2F6E	MOV SYSWORDTEMPA,SYSDIVMULTB
0006A5	2F7F	MOV SYSWORDTEMPA_H,SYSDIVMULTB_H
0006A6	E0C0	LDI SYSWORDTEMPB,0
0006A7	E0D0	LDI SYSWORDTEMPB_H,0
0006A8	DFBF	RCALL SYSCOMPEQUAL16
0006A9	FE00	SBRS SYSBYTETEMPX,0
0006AA	C003	RJMP ENDIF27
0006AB	E060	LDI SYSWORDTEMPA,0
0006AC	E070	LDI SYSWORDTEMPA_H,0
0006AD	9508	RET
		ENDIF27
0006AE	E150	LDI SYSVALUECOPY,16
0006AF	2E55	MOV SYSDIVLOOP,SYSVALUECOPY
		SYSDIV16START
0006B0	9488	CLC
0006B1	1F88	ROL SYSDIVMULTA
0006B2	1F99	ROL SYSDIVMULTA_H
0006B3	1C22	ROL SYSDIVMULTX
0006B4	1C33	ROL SYSDIVMULTX_H
0006B5	2C42	MOV SYSTEMP4,SYSDIVMULTX
0006B6	1A4E	SUB SYSTEMP4,SYSDIVMULTB
0006B7	2C24	MOV SYSDIVMULTX,SYSTEMP4
0006B8	2C43	MOV SYSTEMP4,SYSDIVMULTX_H
0006B9	0A4F	SBC SYSTEMP4,SYSDIVMULTB_H
0006BA	2C34	MOV SYSDIVMULTX_H,SYSTEMP4
0006BB	6081	SBR  SYSDIVMULTA,1<<0
0006BC	F438	BRBC C,ENDIF28
0006BD	7F8E	CBR  SYSDIVMULTA,1<<0
0006BE	2C42	MOV SYSTEMP4,SYSDIVMULTX
0006BF	0E4E	ADD SYSTEMP4,SYSDIVMULTB
0006C0	2C24	MOV SYSDIVMULTX,SYSTEMP4
0006C1	2C43	MOV SYSTEMP4,SYSDIVMULTX_H
0006C2	1E4F	ADC SYSTEMP4,SYSDIVMULTB_H
0006C3	2C34	MOV SYSDIVMULTX_H,SYSTEMP4
		ENDIF28
0006C4	945A	DEC SYSDIVLOOP
0006C5	F751	BRNE SYSDIV16START
0006C6	2F68	MOV SYSWORDTEMPA,SYSDIVMULTA
0006C7	2F79	MOV SYSWORDTEMPA_H,SYSDIVMULTA_H
0006C8	2C02	MOV SYSWORDTEMPX,SYSDIVMULTX
0006C9	2C13	MOV SYSWORDTEMPX_H,SYSDIVMULTX_H
0006CA	9508	RET


		SYSMULTSUB16
0006CB	9F6C	MUL SYSWORDTEMPA, SYSWORDTEMPB
0006CC	2C20	MOV SYSDIVMULTX,SYSWORDTEMPX
0006CD	2C31	MOV SYSDIVMULTX_H,SYSWORDTEMPX_H
0006CE	9F6D	MUL SYSWORDTEMPA, SYSWORDTEMPB_H
0006CF	0C30	ADD SYSDIVMULTX_H, SYSWORDTEMPX
0006D0	9F7C	MUL SYSWORDTEMPA_H, SYSWORDTEMPB
0006D1	0C30	ADD SYSDIVMULTX_H, SYSWORDTEMPX
0006D2	2C02	MOV SYSWORDTEMPX,SYSDIVMULTX
0006D3	2C13	MOV SYSWORDTEMPX_H,SYSDIVMULTX_H
0006D4	9508	RET


		SYSREADSTRING
0006D5	95C8	LPM
0006D6	2D60	MOV SYSCALCTEMPA, SYSCALCTEMPX
0006D7	95E3	INC SYSREADA
0006D8	F409	BRNE PC + 2
0006D9	95F3	INC SYSREADA_H
0006DA	9369	ST Y+, SYSCALCTEMPA
0006DB	C006	RJMP SYSSTRINGREADCHECK
		SYSREADSTRINGPART
0006DC	95C8	LPM
0006DD	2D60	MOV SYSCALCTEMPA, SYSCALCTEMPX
0006DE	95E3	INC SYSREADA
0006DF	F409	BRNE PC + 2
0006E0	95F3	INC SYSREADA_H
0006E1	0F96	ADD SYSSTRINGLENGTH, SYSCALCTEMPA
		SYSSTRINGREADCHECK
0006E2	3060	CPI SYSCALCTEMPA, 0
0006E3	F409	BRNE SYSSTRINGREAD
0006E4	9508	RET
		SYSSTRINGREAD
0006E5	95C8	LPM
0006E6	95E3	INC SYSREADA
0006E7	F409	BRNE PC + 2
0006E8	95F3	INC SYSREADA_H
0006E9	9209	ST Y+, SYSCALCTEMPX
0006EA	956A	DEC SYSCALCTEMPA
0006EB	F7C9	BRNE SYSSTRINGREAD
0006EC	9508	RET


		SYSSTRINGTABLES

		STRINGTABLE1
0006ED	5205 7365 7465	RAW 5205,7365,7465


		STRINGTABLE2
0006F0	0000	RAW 0000


		STRINGTABLE3
0006F1	2007 2020 2020 2020	RAW 2007,2020,2020,2020



